2019-07-28T02:41:01+00:00 CRITICAL Uncaught Error: Call to a member function update_status() on boolean in /www/wwwroot/www.hotshot.nz/wp-content/themes/maxinet/woocommerce-subscription-extended/custom-woo-subscription-status.php:60
Stack trace:
#0 /www/wwwroot/www.hotshot.nz/wp-includes/class-wp-hook.php(286): custom_thankyou_subscription_action(4364)
#1 /www/wwwroot/www.hotshot.nz/wp-includes/class-wp-hook.php(310): WP_Hook->apply_filters(NULL, Array)
#2 /www/wwwroot/www.hotshot.nz/wp-includes/plugin.php(465): WP_Hook->do_action(Array)
#3 /www/wwwroot/www.hotshot.nz/wp-content/plugins/woocommerce/templates/checkout/thankyou.php(78): do_action('woocommerce_tha...', 4364)
#4 /www/wwwroot/www.hotshot.nz/wp-content/plugins/woocommerce/includes/wc-core-functions.php(249): include('/www/wwwroot/ww...')
#5 /www/wwwroot/www.hotshot.nz/wp-content/plugins/woocommerce/includes/shortcodes/class-wc-shortcode-checkout.php(248): wc_get_template('checkout/thanky...', Array)
#6 /www/wwwroot/www.hotshot.nz/wp-content/plugins/woocommerce/includes/shortcodes/cl in /www/wwwroot/www.hotshot.nz/wp-content/themes/maxinet/woocommerce-subscription-extended/custom-woo-subscription-status.php on line 60

2019-07-28T02:41:08+00:00 CRITICAL Uncaught Error: Call to a member function update_status() on boolean in /www/wwwroot/www.hotshot.nz/wp-content/themes/maxinet/woocommerce-subscription-extended/custom-woo-subscription-status.php:60
Stack trace:
#0 /www/wwwroot/www.hotshot.nz/wp-includes/class-wp-hook.php(286): custom_thankyou_subscription_action(4364)
#1 /www/wwwroot/www.hotshot.nz/wp-includes/class-wp-hook.php(310): WP_Hook->apply_filters(NULL, Array)
#2 /www/wwwroot/www.hotshot.nz/wp-includes/plugin.php(465): WP_Hook->do_action(Array)
#3 /www/wwwroot/www.hotshot.nz/wp-content/plugins/woocommerce/templates/checkout/thankyou.php(78): do_action('woocommerce_tha...', 4364)
#4 /www/wwwroot/www.hotshot.nz/wp-content/plugins/woocommerce/includes/wc-core-functions.php(249): include('/www/wwwroot/ww...')
#5 /www/wwwroot/www.hotshot.nz/wp-content/plugins/woocommerce/includes/shortcodes/class-wc-shortcode-checkout.php(248): wc_get_template('checkout/thanky...', Array)
#6 /www/wwwroot/www.hotshot.nz/wp-content/plugins/woocommerce/includes/shortcodes/cl in /www/wwwroot/www.hotshot.nz/wp-content/themes/maxinet/woocommerce-subscription-extended/custom-woo-subscription-status.php on line 60

2019-07-28T02:41:13+00:00 CRITICAL Uncaught Error: Call to a member function update_status() on boolean in /www/wwwroot/www.hotshot.nz/wp-content/themes/maxinet/woocommerce-subscription-extended/custom-woo-subscription-status.php:60
Stack trace:
#0 /www/wwwroot/www.hotshot.nz/wp-includes/class-wp-hook.php(286): custom_thankyou_subscription_action(4364)
#1 /www/wwwroot/www.hotshot.nz/wp-includes/class-wp-hook.php(310): WP_Hook->apply_filters(NULL, Array)
#2 /www/wwwroot/www.hotshot.nz/wp-includes/plugin.php(465): WP_Hook->do_action(Array)
#3 /www/wwwroot/www.hotshot.nz/wp-content/plugins/woocommerce/templates/checkout/thankyou.php(78): do_action('woocommerce_tha...', 4364)
#4 /www/wwwroot/www.hotshot.nz/wp-content/plugins/woocommerce/includes/wc-core-functions.php(249): include('/www/wwwroot/ww...')
#5 /www/wwwroot/www.hotshot.nz/wp-content/plugins/woocommerce/includes/shortcodes/class-wc-shortcode-checkout.php(248): wc_get_template('checkout/thanky...', Array)
#6 /www/wwwroot/www.hotshot.nz/wp-content/plugins/woocommerce/includes/shortcodes/cl in /www/wwwroot/www.hotshot.nz/wp-content/themes/maxinet/woocommerce-subscription-extended/custom-woo-subscription-status.php on line 60

2019-07-28T02:51:14+00:00 CRITICAL Uncaught Error: Call to a member function update_status() on boolean in /www/wwwroot/www.hotshot.nz/wp-content/themes/maxinet/woocommerce-subscription-extended/custom-woo-subscription-status.php:60
Stack trace:
#0 /www/wwwroot/www.hotshot.nz/wp-includes/class-wp-hook.php(286): custom_thankyou_subscription_action(4364)
#1 /www/wwwroot/www.hotshot.nz/wp-includes/class-wp-hook.php(310): WP_Hook->apply_filters(NULL, Array)
#2 /www/wwwroot/www.hotshot.nz/wp-includes/plugin.php(465): WP_Hook->do_action(Array)
#3 /www/wwwroot/www.hotshot.nz/wp-content/plugins/woocommerce/templates/checkout/thankyou.php(78): do_action('woocommerce_tha...', 4364)
#4 /www/wwwroot/www.hotshot.nz/wp-content/plugins/woocommerce/includes/wc-core-functions.php(249): include('/www/wwwroot/ww...')
#5 /www/wwwroot/www.hotshot.nz/wp-content/plugins/woocommerce/includes/shortcodes/class-wc-shortcode-checkout.php(248): wc_get_template('checkout/thanky...', Array)
#6 /www/wwwroot/www.hotshot.nz/wp-content/plugins/woocommerce/includes/shortcodes/cl in /www/wwwroot/www.hotshot.nz/wp-content/themes/maxinet/woocommerce-subscription-extended/custom-woo-subscription-status.php on line 60

2019-07-28T03:01:19+00:00 CRITICAL Uncaught Error: Call to a member function update_status() on boolean in /www/wwwroot/www.hotshot.nz/wp-content/themes/maxinet/woocommerce-subscription-extended/custom-woo-subscription-status.php:60
Stack trace:
#0 /www/wwwroot/www.hotshot.nz/wp-includes/class-wp-hook.php(286): custom_thankyou_subscription_action(4364)
#1 /www/wwwroot/www.hotshot.nz/wp-includes/class-wp-hook.php(310): WP_Hook->apply_filters(NULL, Array)
#2 /www/wwwroot/www.hotshot.nz/wp-includes/plugin.php(465): WP_Hook->do_action(Array)
#3 /www/wwwroot/www.hotshot.nz/wp-content/plugins/woocommerce/templates/checkout/thankyou.php(78): do_action('woocommerce_tha...', 4364)
#4 /www/wwwroot/www.hotshot.nz/wp-content/plugins/woocommerce/includes/wc-core-functions.php(249): include('/www/wwwroot/ww...')
#5 /www/wwwroot/www.hotshot.nz/wp-content/plugins/woocommerce/includes/shortcodes/class-wc-shortcode-checkout.php(248): wc_get_template('checkout/thanky...', Array)
#6 /www/wwwroot/www.hotshot.nz/wp-content/plugins/woocommerce/includes/shortcodes/cl in /www/wwwroot/www.hotshot.nz/wp-content/themes/maxinet/woocommerce-subscription-extended/custom-woo-subscription-status.php on line 60

2019-07-28T03:11:27+00:00 CRITICAL Uncaught Error: Call to a member function update_status() on boolean in /www/wwwroot/www.hotshot.nz/wp-content/themes/maxinet/woocommerce-subscription-extended/custom-woo-subscription-status.php:60
Stack trace:
#0 /www/wwwroot/www.hotshot.nz/wp-includes/class-wp-hook.php(286): custom_thankyou_subscription_action(4364)
#1 /www/wwwroot/www.hotshot.nz/wp-includes/class-wp-hook.php(310): WP_Hook->apply_filters(NULL, Array)
#2 /www/wwwroot/www.hotshot.nz/wp-includes/plugin.php(465): WP_Hook->do_action(Array)
#3 /www/wwwroot/www.hotshot.nz/wp-content/plugins/woocommerce/templates/checkout/thankyou.php(78): do_action('woocommerce_tha...', 4364)
#4 /www/wwwroot/www.hotshot.nz/wp-content/plugins/woocommerce/includes/wc-core-functions.php(249): include('/www/wwwroot/ww...')
#5 /www/wwwroot/www.hotshot.nz/wp-content/plugins/woocommerce/includes/shortcodes/class-wc-shortcode-checkout.php(248): wc_get_template('checkout/thanky...', Array)
#6 /www/wwwroot/www.hotshot.nz/wp-content/plugins/woocommerce/includes/shortcodes/cl in /www/wwwroot/www.hotshot.nz/wp-content/themes/maxinet/woocommerce-subscription-extended/custom-woo-subscription-status.php on line 60

2019-07-28T03:21:33+00:00 CRITICAL Uncaught Error: Call to a member function update_status() on boolean in /www/wwwroot/www.hotshot.nz/wp-content/themes/maxinet/woocommerce-subscription-extended/custom-woo-subscription-status.php:60
Stack trace:
#0 /www/wwwroot/www.hotshot.nz/wp-includes/class-wp-hook.php(286): custom_thankyou_subscription_action(4364)
#1 /www/wwwroot/www.hotshot.nz/wp-includes/class-wp-hook.php(310): WP_Hook->apply_filters(NULL, Array)
#2 /www/wwwroot/www.hotshot.nz/wp-includes/plugin.php(465): WP_Hook->do_action(Array)
#3 /www/wwwroot/www.hotshot.nz/wp-content/plugins/woocommerce/templates/checkout/thankyou.php(78): do_action('woocommerce_tha...', 4364)
#4 /www/wwwroot/www.hotshot.nz/wp-content/plugins/woocommerce/includes/wc-core-functions.php(249): include('/www/wwwroot/ww...')
#5 /www/wwwroot/www.hotshot.nz/wp-content/plugins/woocommerce/includes/shortcodes/class-wc-shortcode-checkout.php(248): wc_get_template('checkout/thanky...', Array)
#6 /www/wwwroot/www.hotshot.nz/wp-content/plugins/woocommerce/includes/shortcodes/cl in /www/wwwroot/www.hotshot.nz/wp-content/themes/maxinet/woocommerce-subscription-extended/custom-woo-subscription-status.php on line 60

2019-07-28T03:31:39+00:00 CRITICAL Uncaught Error: Call to a member function update_status() on boolean in /www/wwwroot/www.hotshot.nz/wp-content/themes/maxinet/woocommerce-subscription-extended/custom-woo-subscription-status.php:60
Stack trace:
#0 /www/wwwroot/www.hotshot.nz/wp-includes/class-wp-hook.php(286): custom_thankyou_subscription_action(4364)
#1 /www/wwwroot/www.hotshot.nz/wp-includes/class-wp-hook.php(310): WP_Hook->apply_filters(NULL, Array)
#2 /www/wwwroot/www.hotshot.nz/wp-includes/plugin.php(465): WP_Hook->do_action(Array)
#3 /www/wwwroot/www.hotshot.nz/wp-content/plugins/woocommerce/templates/checkout/thankyou.php(78): do_action('woocommerce_tha...', 4364)
#4 /www/wwwroot/www.hotshot.nz/wp-content/plugins/woocommerce/includes/wc-core-functions.php(249): include('/www/wwwroot/ww...')
#5 /www/wwwroot/www.hotshot.nz/wp-content/plugins/woocommerce/includes/shortcodes/class-wc-shortcode-checkout.php(248): wc_get_template('checkout/thanky...', Array)
#6 /www/wwwroot/www.hotshot.nz/wp-content/plugins/woocommerce/includes/shortcodes/cl in /www/wwwroot/www.hotshot.nz/wp-content/themes/maxinet/woocommerce-subscription-extended/custom-woo-subscription-status.php on line 60

2019-07-28T04:31:48+00:00 CRITICAL Uncaught Error: Call to a member function update_status() on boolean in /www/wwwroot/www.hotshot.nz/wp-content/themes/maxinet/woocommerce-subscription-extended/custom-woo-subscription-status.php:60
Stack trace:
#0 /www/wwwroot/www.hotshot.nz/wp-includes/class-wp-hook.php(286): custom_thankyou_subscription_action(4364)
#1 /www/wwwroot/www.hotshot.nz/wp-includes/class-wp-hook.php(310): WP_Hook->apply_filters(NULL, Array)
#2 /www/wwwroot/www.hotshot.nz/wp-includes/plugin.php(465): WP_Hook->do_action(Array)
#3 /www/wwwroot/www.hotshot.nz/wp-content/plugins/woocommerce/templates/checkout/thankyou.php(78): do_action('woocommerce_tha...', 4364)
#4 /www/wwwroot/www.hotshot.nz/wp-content/plugins/woocommerce/includes/wc-core-functions.php(249): include('/www/wwwroot/ww...')
#5 /www/wwwroot/www.hotshot.nz/wp-content/plugins/woocommerce/includes/shortcodes/class-wc-shortcode-checkout.php(248): wc_get_template('checkout/thanky...', Array)
#6 /www/wwwroot/www.hotshot.nz/wp-content/plugins/woocommerce/includes/shortcodes/cl in /www/wwwroot/www.hotshot.nz/wp-content/themes/maxinet/woocommerce-subscription-extended/custom-woo-subscription-status.php on line 60

2019-07-28T05:31:54+00:00 CRITICAL Uncaught Error: Call to a member function update_status() on boolean in /www/wwwroot/www.hotshot.nz/wp-content/themes/maxinet/woocommerce-subscription-extended/custom-woo-subscription-status.php:60
Stack trace:
#0 /www/wwwroot/www.hotshot.nz/wp-includes/class-wp-hook.php(286): custom_thankyou_subscription_action(4364)
#1 /www/wwwroot/www.hotshot.nz/wp-includes/class-wp-hook.php(310): WP_Hook->apply_filters(NULL, Array)
#2 /www/wwwroot/www.hotshot.nz/wp-includes/plugin.php(465): WP_Hook->do_action(Array)
#3 /www/wwwroot/www.hotshot.nz/wp-content/plugins/woocommerce/templates/checkout/thankyou.php(78): do_action('woocommerce_tha...', 4364)
#4 /www/wwwroot/www.hotshot.nz/wp-content/plugins/woocommerce/includes/wc-core-functions.php(249): include('/www/wwwroot/ww...')
#5 /www/wwwroot/www.hotshot.nz/wp-content/plugins/woocommerce/includes/shortcodes/class-wc-shortcode-checkout.php(248): wc_get_template('checkout/thanky...', Array)
#6 /www/wwwroot/www.hotshot.nz/wp-content/plugins/woocommerce/includes/shortcodes/cl in /www/wwwroot/www.hotshot.nz/wp-content/themes/maxinet/woocommerce-subscription-extended/custom-woo-subscription-status.php on line 60

2019-07-28T06:32:02+00:00 CRITICAL Uncaught Error: Call to a member function update_status() on boolean in /www/wwwroot/www.hotshot.nz/wp-content/themes/maxinet/woocommerce-subscription-extended/custom-woo-subscription-status.php:60
Stack trace:
#0 /www/wwwroot/www.hotshot.nz/wp-includes/class-wp-hook.php(286): custom_thankyou_subscription_action(4364)
#1 /www/wwwroot/www.hotshot.nz/wp-includes/class-wp-hook.php(310): WP_Hook->apply_filters(NULL, Array)
#2 /www/wwwroot/www.hotshot.nz/wp-includes/plugin.php(465): WP_Hook->do_action(Array)
#3 /www/wwwroot/www.hotshot.nz/wp-content/plugins/woocommerce/templates/checkout/thankyou.php(78): do_action('woocommerce_tha...', 4364)
#4 /www/wwwroot/www.hotshot.nz/wp-content/plugins/woocommerce/includes/wc-core-functions.php(249): include('/www/wwwroot/ww...')
#5 /www/wwwroot/www.hotshot.nz/wp-content/plugins/woocommerce/includes/shortcodes/class-wc-shortcode-checkout.php(248): wc_get_template('checkout/thanky...', Array)
#6 /www/wwwroot/www.hotshot.nz/wp-content/plugins/woocommerce/includes/shortcodes/cl in /www/wwwroot/www.hotshot.nz/wp-content/themes/maxinet/woocommerce-subscription-extended/custom-woo-subscription-status.php on line 60

2019-07-28T07:32:11+00:00 CRITICAL Uncaught Error: Call to a member function update_status() on boolean in /www/wwwroot/www.hotshot.nz/wp-content/themes/maxinet/woocommerce-subscription-extended/custom-woo-subscription-status.php:60
Stack trace:
#0 /www/wwwroot/www.hotshot.nz/wp-includes/class-wp-hook.php(286): custom_thankyou_subscription_action(4364)
#1 /www/wwwroot/www.hotshot.nz/wp-includes/class-wp-hook.php(310): WP_Hook->apply_filters(NULL, Array)
#2 /www/wwwroot/www.hotshot.nz/wp-includes/plugin.php(465): WP_Hook->do_action(Array)
#3 /www/wwwroot/www.hotshot.nz/wp-content/plugins/woocommerce/templates/checkout/thankyou.php(78): do_action('woocommerce_tha...', 4364)
#4 /www/wwwroot/www.hotshot.nz/wp-content/plugins/woocommerce/includes/wc-core-functions.php(249): include('/www/wwwroot/ww...')
#5 /www/wwwroot/www.hotshot.nz/wp-content/plugins/woocommerce/includes/shortcodes/class-wc-shortcode-checkout.php(248): wc_get_template('checkout/thanky...', Array)
#6 /www/wwwroot/www.hotshot.nz/wp-content/plugins/woocommerce/includes/shortcodes/cl in /www/wwwroot/www.hotshot.nz/wp-content/themes/maxinet/woocommerce-subscription-extended/custom-woo-subscription-status.php on line 60

2019-07-28T08:32:31+00:00 CRITICAL Uncaught Error: Call to a member function update_status() on boolean in /www/wwwroot/www.hotshot.nz/wp-content/themes/maxinet/woocommerce-subscription-extended/custom-woo-subscription-status.php:60
Stack trace:
#0 /www/wwwroot/www.hotshot.nz/wp-includes/class-wp-hook.php(286): custom_thankyou_subscription_action(4364)
#1 /www/wwwroot/www.hotshot.nz/wp-includes/class-wp-hook.php(310): WP_Hook->apply_filters(NULL, Array)
#2 /www/wwwroot/www.hotshot.nz/wp-includes/plugin.php(465): WP_Hook->do_action(Array)
#3 /www/wwwroot/www.hotshot.nz/wp-content/plugins/woocommerce/templates/checkout/thankyou.php(78): do_action('woocommerce_tha...', 4364)
#4 /www/wwwroot/www.hotshot.nz/wp-content/plugins/woocommerce/includes/wc-core-functions.php(249): include('/www/wwwroot/ww...')
#5 /www/wwwroot/www.hotshot.nz/wp-content/plugins/woocommerce/includes/shortcodes/class-wc-shortcode-checkout.php(248): wc_get_template('checkout/thanky...', Array)
#6 /www/wwwroot/www.hotshot.nz/wp-content/plugins/woocommerce/includes/shortcodes/cl in /www/wwwroot/www.hotshot.nz/wp-content/themes/maxinet/woocommerce-subscription-extended/custom-woo-subscription-status.php on line 60

2019-07-28T09:32:39+00:00 CRITICAL Uncaught Error: Call to a member function update_status() on boolean in /www/wwwroot/www.hotshot.nz/wp-content/themes/maxinet/woocommerce-subscription-extended/custom-woo-subscription-status.php:60
Stack trace:
#0 /www/wwwroot/www.hotshot.nz/wp-includes/class-wp-hook.php(286): custom_thankyou_subscription_action(4364)
#1 /www/wwwroot/www.hotshot.nz/wp-includes/class-wp-hook.php(310): WP_Hook->apply_filters(NULL, Array)
#2 /www/wwwroot/www.hotshot.nz/wp-includes/plugin.php(465): WP_Hook->do_action(Array)
#3 /www/wwwroot/www.hotshot.nz/wp-content/plugins/woocommerce/templates/checkout/thankyou.php(78): do_action('woocommerce_tha...', 4364)
#4 /www/wwwroot/www.hotshot.nz/wp-content/plugins/woocommerce/includes/wc-core-functions.php(249): include('/www/wwwroot/ww...')
#5 /www/wwwroot/www.hotshot.nz/wp-content/plugins/woocommerce/includes/shortcodes/class-wc-shortcode-checkout.php(248): wc_get_template('checkout/thanky...', Array)
#6 /www/wwwroot/www.hotshot.nz/wp-content/plugins/woocommerce/includes/shortcodes/cl in /www/wwwroot/www.hotshot.nz/wp-content/themes/maxinet/woocommerce-subscription-extended/custom-woo-subscription-status.php on line 60

2019-07-28T10:32:48+00:00 CRITICAL Uncaught Error: Call to a member function update_status() on boolean in /www/wwwroot/www.hotshot.nz/wp-content/themes/maxinet/woocommerce-subscription-extended/custom-woo-subscription-status.php:60
Stack trace:
#0 /www/wwwroot/www.hotshot.nz/wp-includes/class-wp-hook.php(286): custom_thankyou_subscription_action(4364)
#1 /www/wwwroot/www.hotshot.nz/wp-includes/class-wp-hook.php(310): WP_Hook->apply_filters(NULL, Array)
#2 /www/wwwroot/www.hotshot.nz/wp-includes/plugin.php(465): WP_Hook->do_action(Array)
#3 /www/wwwroot/www.hotshot.nz/wp-content/plugins/woocommerce/templates/checkout/thankyou.php(78): do_action('woocommerce_tha...', 4364)
#4 /www/wwwroot/www.hotshot.nz/wp-content/plugins/woocommerce/includes/wc-core-functions.php(249): include('/www/wwwroot/ww...')
#5 /www/wwwroot/www.hotshot.nz/wp-content/plugins/woocommerce/includes/shortcodes/class-wc-shortcode-checkout.php(248): wc_get_template('checkout/thanky...', Array)
#6 /www/wwwroot/www.hotshot.nz/wp-content/plugins/woocommerce/includes/shortcodes/cl in /www/wwwroot/www.hotshot.nz/wp-content/themes/maxinet/woocommerce-subscription-extended/custom-woo-subscription-status.php on line 60

2019-07-28T11:32:55+00:00 CRITICAL Uncaught Error: Call to a member function update_status() on boolean in /www/wwwroot/www.hotshot.nz/wp-content/themes/maxinet/woocommerce-subscription-extended/custom-woo-subscription-status.php:60
Stack trace:
#0 /www/wwwroot/www.hotshot.nz/wp-includes/class-wp-hook.php(286): custom_thankyou_subscription_action(4364)
#1 /www/wwwroot/www.hotshot.nz/wp-includes/class-wp-hook.php(310): WP_Hook->apply_filters(NULL, Array)
#2 /www/wwwroot/www.hotshot.nz/wp-includes/plugin.php(465): WP_Hook->do_action(Array)
#3 /www/wwwroot/www.hotshot.nz/wp-content/plugins/woocommerce/templates/checkout/thankyou.php(78): do_action('woocommerce_tha...', 4364)
#4 /www/wwwroot/www.hotshot.nz/wp-content/plugins/woocommerce/includes/wc-core-functions.php(249): include('/www/wwwroot/ww...')
#5 /www/wwwroot/www.hotshot.nz/wp-content/plugins/woocommerce/includes/shortcodes/class-wc-shortcode-checkout.php(248): wc_get_template('checkout/thanky...', Array)
#6 /www/wwwroot/www.hotshot.nz/wp-content/plugins/woocommerce/includes/shortcodes/cl in /www/wwwroot/www.hotshot.nz/wp-content/themes/maxinet/woocommerce-subscription-extended/custom-woo-subscription-status.php on line 60

2019-07-28T12:33:02+00:00 CRITICAL Uncaught Error: Call to a member function update_status() on boolean in /www/wwwroot/www.hotshot.nz/wp-content/themes/maxinet/woocommerce-subscription-extended/custom-woo-subscription-status.php:60
Stack trace:
#0 /www/wwwroot/www.hotshot.nz/wp-includes/class-wp-hook.php(286): custom_thankyou_subscription_action(4364)
#1 /www/wwwroot/www.hotshot.nz/wp-includes/class-wp-hook.php(310): WP_Hook->apply_filters(NULL, Array)
#2 /www/wwwroot/www.hotshot.nz/wp-includes/plugin.php(465): WP_Hook->do_action(Array)
#3 /www/wwwroot/www.hotshot.nz/wp-content/plugins/woocommerce/templates/checkout/thankyou.php(78): do_action('woocommerce_tha...', 4364)
#4 /www/wwwroot/www.hotshot.nz/wp-content/plugins/woocommerce/includes/wc-core-functions.php(249): include('/www/wwwroot/ww...')
#5 /www/wwwroot/www.hotshot.nz/wp-content/plugins/woocommerce/includes/shortcodes/class-wc-shortcode-checkout.php(248): wc_get_template('checkout/thanky...', Array)
#6 /www/wwwroot/www.hotshot.nz/wp-content/plugins/woocommerce/includes/shortcodes/cl in /www/wwwroot/www.hotshot.nz/wp-content/themes/maxinet/woocommerce-subscription-extended/custom-woo-subscription-status.php on line 60

2019-07-28T13:33:07+00:00 CRITICAL Uncaught Error: Call to a member function update_status() on boolean in /www/wwwroot/www.hotshot.nz/wp-content/themes/maxinet/woocommerce-subscription-extended/custom-woo-subscription-status.php:60
Stack trace:
#0 /www/wwwroot/www.hotshot.nz/wp-includes/class-wp-hook.php(286): custom_thankyou_subscription_action(4364)
#1 /www/wwwroot/www.hotshot.nz/wp-includes/class-wp-hook.php(310): WP_Hook->apply_filters(NULL, Array)
#2 /www/wwwroot/www.hotshot.nz/wp-includes/plugin.php(465): WP_Hook->do_action(Array)
#3 /www/wwwroot/www.hotshot.nz/wp-content/plugins/woocommerce/templates/checkout/thankyou.php(78): do_action('woocommerce_tha...', 4364)
#4 /www/wwwroot/www.hotshot.nz/wp-content/plugins/woocommerce/includes/wc-core-functions.php(249): include('/www/wwwroot/ww...')
#5 /www/wwwroot/www.hotshot.nz/wp-content/plugins/woocommerce/includes/shortcodes/class-wc-shortcode-checkout.php(248): wc_get_template('checkout/thanky...', Array)
#6 /www/wwwroot/www.hotshot.nz/wp-content/plugins/woocommerce/includes/shortcodes/cl in /www/wwwroot/www.hotshot.nz/wp-content/themes/maxinet/woocommerce-subscription-extended/custom-woo-subscription-status.php on line 60

2019-07-28T14:33:12+00:00 CRITICAL Uncaught Error: Call to a member function update_status() on boolean in /www/wwwroot/www.hotshot.nz/wp-content/themes/maxinet/woocommerce-subscription-extended/custom-woo-subscription-status.php:60
Stack trace:
#0 /www/wwwroot/www.hotshot.nz/wp-includes/class-wp-hook.php(286): custom_thankyou_subscription_action(4364)
#1 /www/wwwroot/www.hotshot.nz/wp-includes/class-wp-hook.php(310): WP_Hook->apply_filters(NULL, Array)
#2 /www/wwwroot/www.hotshot.nz/wp-includes/plugin.php(465): WP_Hook->do_action(Array)
#3 /www/wwwroot/www.hotshot.nz/wp-content/plugins/woocommerce/templates/checkout/thankyou.php(78): do_action('woocommerce_tha...', 4364)
#4 /www/wwwroot/www.hotshot.nz/wp-content/plugins/woocommerce/includes/wc-core-functions.php(249): include('/www/wwwroot/ww...')
#5 /www/wwwroot/www.hotshot.nz/wp-content/plugins/woocommerce/includes/shortcodes/class-wc-shortcode-checkout.php(248): wc_get_template('checkout/thanky...', Array)
#6 /www/wwwroot/www.hotshot.nz/wp-content/plugins/woocommerce/includes/shortcodes/cl in /www/wwwroot/www.hotshot.nz/wp-content/themes/maxinet/woocommerce-subscription-extended/custom-woo-subscription-status.php on line 60

2019-07-28T15:33:17+00:00 CRITICAL Uncaught Error: Call to a member function update_status() on boolean in /www/wwwroot/www.hotshot.nz/wp-content/themes/maxinet/woocommerce-subscription-extended/custom-woo-subscription-status.php:60
Stack trace:
#0 /www/wwwroot/www.hotshot.nz/wp-includes/class-wp-hook.php(286): custom_thankyou_subscription_action(4364)
#1 /www/wwwroot/www.hotshot.nz/wp-includes/class-wp-hook.php(310): WP_Hook->apply_filters(NULL, Array)
#2 /www/wwwroot/www.hotshot.nz/wp-includes/plugin.php(465): WP_Hook->do_action(Array)
#3 /www/wwwroot/www.hotshot.nz/wp-content/plugins/woocommerce/templates/checkout/thankyou.php(78): do_action('woocommerce_tha...', 4364)
#4 /www/wwwroot/www.hotshot.nz/wp-content/plugins/woocommerce/includes/wc-core-functions.php(249): include('/www/wwwroot/ww...')
#5 /www/wwwroot/www.hotshot.nz/wp-content/plugins/woocommerce/includes/shortcodes/class-wc-shortcode-checkout.php(248): wc_get_template('checkout/thanky...', Array)
#6 /www/wwwroot/www.hotshot.nz/wp-content/plugins/woocommerce/includes/shortcodes/cl in /www/wwwroot/www.hotshot.nz/wp-content/themes/maxinet/woocommerce-subscription-extended/custom-woo-subscription-status.php on line 60

2019-07-28T16:33:28+00:00 CRITICAL Uncaught Error: Call to a member function update_status() on boolean in /www/wwwroot/www.hotshot.nz/wp-content/themes/maxinet/woocommerce-subscription-extended/custom-woo-subscription-status.php:60
Stack trace:
#0 /www/wwwroot/www.hotshot.nz/wp-includes/class-wp-hook.php(286): custom_thankyou_subscription_action(4364)
#1 /www/wwwroot/www.hotshot.nz/wp-includes/class-wp-hook.php(310): WP_Hook->apply_filters(NULL, Array)
#2 /www/wwwroot/www.hotshot.nz/wp-includes/plugin.php(465): WP_Hook->do_action(Array)
#3 /www/wwwroot/www.hotshot.nz/wp-content/plugins/woocommerce/templates/checkout/thankyou.php(78): do_action('woocommerce_tha...', 4364)
#4 /www/wwwroot/www.hotshot.nz/wp-content/plugins/woocommerce/includes/wc-core-functions.php(249): include('/www/wwwroot/ww...')
#5 /www/wwwroot/www.hotshot.nz/wp-content/plugins/woocommerce/includes/shortcodes/class-wc-shortcode-checkout.php(248): wc_get_template('checkout/thanky...', Array)
#6 /www/wwwroot/www.hotshot.nz/wp-content/plugins/woocommerce/includes/shortcodes/cl in /www/wwwroot/www.hotshot.nz/wp-content/themes/maxinet/woocommerce-subscription-extended/custom-woo-subscription-status.php on line 60

2019-07-28T17:34:31+00:00 CRITICAL Uncaught Error: Call to a member function update_status() on boolean in /www/wwwroot/www.hotshot.nz/wp-content/themes/maxinet/woocommerce-subscription-extended/custom-woo-subscription-status.php:60
Stack trace:
#0 /www/wwwroot/www.hotshot.nz/wp-includes/class-wp-hook.php(286): custom_thankyou_subscription_action(4364)
#1 /www/wwwroot/www.hotshot.nz/wp-includes/class-wp-hook.php(310): WP_Hook->apply_filters(NULL, Array)
#2 /www/wwwroot/www.hotshot.nz/wp-includes/plugin.php(465): WP_Hook->do_action(Array)
#3 /www/wwwroot/www.hotshot.nz/wp-content/plugins/woocommerce/templates/checkout/thankyou.php(78): do_action('woocommerce_tha...', 4364)
#4 /www/wwwroot/www.hotshot.nz/wp-content/plugins/woocommerce/includes/wc-core-functions.php(249): include('/www/wwwroot/ww...')
#5 /www/wwwroot/www.hotshot.nz/wp-content/plugins/woocommerce/includes/shortcodes/class-wc-shortcode-checkout.php(248): wc_get_template('checkout/thanky...', Array)
#6 /www/wwwroot/www.hotshot.nz/wp-content/plugins/woocommerce/includes/shortcodes/cl in /www/wwwroot/www.hotshot.nz/wp-content/themes/maxinet/woocommerce-subscription-extended/custom-woo-subscription-status.php on line 60

2019-07-28T18:34:36+00:00 CRITICAL Uncaught Error: Call to a member function update_status() on boolean in /www/wwwroot/www.hotshot.nz/wp-content/themes/maxinet/woocommerce-subscription-extended/custom-woo-subscription-status.php:60
Stack trace:
#0 /www/wwwroot/www.hotshot.nz/wp-includes/class-wp-hook.php(286): custom_thankyou_subscription_action(4364)
#1 /www/wwwroot/www.hotshot.nz/wp-includes/class-wp-hook.php(310): WP_Hook->apply_filters(NULL, Array)
#2 /www/wwwroot/www.hotshot.nz/wp-includes/plugin.php(465): WP_Hook->do_action(Array)
#3 /www/wwwroot/www.hotshot.nz/wp-content/plugins/woocommerce/templates/checkout/thankyou.php(78): do_action('woocommerce_tha...', 4364)
#4 /www/wwwroot/www.hotshot.nz/wp-content/plugins/woocommerce/includes/wc-core-functions.php(249): include('/www/wwwroot/ww...')
#5 /www/wwwroot/www.hotshot.nz/wp-content/plugins/woocommerce/includes/shortcodes/class-wc-shortcode-checkout.php(248): wc_get_template('checkout/thanky...', Array)
#6 /www/wwwroot/www.hotshot.nz/wp-content/plugins/woocommerce/includes/shortcodes/cl in /www/wwwroot/www.hotshot.nz/wp-content/themes/maxinet/woocommerce-subscription-extended/custom-woo-subscription-status.php on line 60

2019-07-28T22:09:56+00:00 CRITICAL Uncaught Error: Call to a member function update_status() on boolean in /www/wwwroot/www.hotshot.nz/wp-content/themes/maxinet/woocommerce-subscription-extended/custom-woo-subscription-status.php:60
Stack trace:
#0 /www/wwwroot/www.hotshot.nz/wp-includes/class-wp-hook.php(286): custom_thankyou_subscription_action(4417)
#1 /www/wwwroot/www.hotshot.nz/wp-includes/class-wp-hook.php(310): WP_Hook->apply_filters(NULL, Array)
#2 /www/wwwroot/www.hotshot.nz/wp-includes/plugin.php(465): WP_Hook->do_action(Array)
#3 /www/wwwroot/www.hotshot.nz/wp-content/plugins/woocommerce/templates/checkout/thankyou.php(78): do_action('woocommerce_tha...', 4417)
#4 /www/wwwroot/www.hotshot.nz/wp-content/plugins/woocommerce/includes/wc-core-functions.php(249): include('/www/wwwroot/ww...')
#5 /www/wwwroot/www.hotshot.nz/wp-content/plugins/woocommerce/includes/shortcodes/class-wc-shortcode-checkout.php(248): wc_get_template('checkout/thanky...', Array)
#6 /www/wwwroot/www.hotshot.nz/wp-content/plugins/woocommerce/includes/shortcodes/cl in /www/wwwroot/www.hotshot.nz/wp-content/themes/maxinet/woocommerce-subscription-extended/custom-woo-subscription-status.php on line 60

2019-07-28T22:10:13+00:00 CRITICAL Uncaught Error: Call to a member function update_status() on boolean in /www/wwwroot/www.hotshot.nz/wp-content/themes/maxinet/woocommerce-subscription-extended/custom-woo-subscription-status.php:60
Stack trace:
#0 /www/wwwroot/www.hotshot.nz/wp-includes/class-wp-hook.php(286): custom_thankyou_subscription_action(4417)
#1 /www/wwwroot/www.hotshot.nz/wp-includes/class-wp-hook.php(310): WP_Hook->apply_filters(NULL, Array)
#2 /www/wwwroot/www.hotshot.nz/wp-includes/plugin.php(465): WP_Hook->do_action(Array)
#3 /www/wwwroot/www.hotshot.nz/wp-content/plugins/woocommerce/templates/checkout/thankyou.php(78): do_action('woocommerce_tha...', 4417)
#4 /www/wwwroot/www.hotshot.nz/wp-content/plugins/woocommerce/includes/wc-core-functions.php(249): include('/www/wwwroot/ww...')
#5 /www/wwwroot/www.hotshot.nz/wp-content/plugins/woocommerce/includes/shortcodes/class-wc-shortcode-checkout.php(248): wc_get_template('checkout/thanky...', Array)
#6 /www/wwwroot/www.hotshot.nz/wp-content/plugins/woocommerce/includes/shortcodes/cl in /www/wwwroot/www.hotshot.nz/wp-content/themes/maxinet/woocommerce-subscription-extended/custom-woo-subscription-status.php on line 60

2019-07-28T22:20:18+00:00 CRITICAL Uncaught Error: Call to a member function update_status() on boolean in /www/wwwroot/www.hotshot.nz/wp-content/themes/maxinet/woocommerce-subscription-extended/custom-woo-subscription-status.php:60
Stack trace:
#0 /www/wwwroot/www.hotshot.nz/wp-includes/class-wp-hook.php(286): custom_thankyou_subscription_action(4417)
#1 /www/wwwroot/www.hotshot.nz/wp-includes/class-wp-hook.php(310): WP_Hook->apply_filters(NULL, Array)
#2 /www/wwwroot/www.hotshot.nz/wp-includes/plugin.php(465): WP_Hook->do_action(Array)
#3 /www/wwwroot/www.hotshot.nz/wp-content/plugins/woocommerce/templates/checkout/thankyou.php(78): do_action('woocommerce_tha...', 4417)
#4 /www/wwwroot/www.hotshot.nz/wp-content/plugins/woocommerce/includes/wc-core-functions.php(249): include('/www/wwwroot/ww...')
#5 /www/wwwroot/www.hotshot.nz/wp-content/plugins/woocommerce/includes/shortcodes/class-wc-shortcode-checkout.php(248): wc_get_template('checkout/thanky...', Array)
#6 /www/wwwroot/www.hotshot.nz/wp-content/plugins/woocommerce/includes/shortcodes/cl in /www/wwwroot/www.hotshot.nz/wp-content/themes/maxinet/woocommerce-subscription-extended/custom-woo-subscription-status.php on line 60

2019-07-28T22:30:23+00:00 CRITICAL Uncaught Error: Call to a member function update_status() on boolean in /www/wwwroot/www.hotshot.nz/wp-content/themes/maxinet/woocommerce-subscription-extended/custom-woo-subscription-status.php:60
Stack trace:
#0 /www/wwwroot/www.hotshot.nz/wp-includes/class-wp-hook.php(286): custom_thankyou_subscription_action(4417)
#1 /www/wwwroot/www.hotshot.nz/wp-includes/class-wp-hook.php(310): WP_Hook->apply_filters(NULL, Array)
#2 /www/wwwroot/www.hotshot.nz/wp-includes/plugin.php(465): WP_Hook->do_action(Array)
#3 /www/wwwroot/www.hotshot.nz/wp-content/plugins/woocommerce/templates/checkout/thankyou.php(78): do_action('woocommerce_tha...', 4417)
#4 /www/wwwroot/www.hotshot.nz/wp-content/plugins/woocommerce/includes/wc-core-functions.php(249): include('/www/wwwroot/ww...')
#5 /www/wwwroot/www.hotshot.nz/wp-content/plugins/woocommerce/includes/shortcodes/class-wc-shortcode-checkout.php(248): wc_get_template('checkout/thanky...', Array)
#6 /www/wwwroot/www.hotshot.nz/wp-content/plugins/woocommerce/includes/shortcodes/cl in /www/wwwroot/www.hotshot.nz/wp-content/themes/maxinet/woocommerce-subscription-extended/custom-woo-subscription-status.php on line 60

2019-07-28T22:40:27+00:00 CRITICAL Uncaught Error: Call to a member function update_status() on boolean in /www/wwwroot/www.hotshot.nz/wp-content/themes/maxinet/woocommerce-subscription-extended/custom-woo-subscription-status.php:60
Stack trace:
#0 /www/wwwroot/www.hotshot.nz/wp-includes/class-wp-hook.php(286): custom_thankyou_subscription_action(4417)
#1 /www/wwwroot/www.hotshot.nz/wp-includes/class-wp-hook.php(310): WP_Hook->apply_filters(NULL, Array)
#2 /www/wwwroot/www.hotshot.nz/wp-includes/plugin.php(465): WP_Hook->do_action(Array)
#3 /www/wwwroot/www.hotshot.nz/wp-content/plugins/woocommerce/templates/checkout/thankyou.php(78): do_action('woocommerce_tha...', 4417)
#4 /www/wwwroot/www.hotshot.nz/wp-content/plugins/woocommerce/includes/wc-core-functions.php(249): include('/www/wwwroot/ww...')
#5 /www/wwwroot/www.hotshot.nz/wp-content/plugins/woocommerce/includes/shortcodes/class-wc-shortcode-checkout.php(248): wc_get_template('checkout/thanky...', Array)
#6 /www/wwwroot/www.hotshot.nz/wp-content/plugins/woocommerce/includes/shortcodes/cl in /www/wwwroot/www.hotshot.nz/wp-content/themes/maxinet/woocommerce-subscription-extended/custom-woo-subscription-status.php on line 60

2019-07-28T22:50:31+00:00 CRITICAL Uncaught Error: Call to a member function update_status() on boolean in /www/wwwroot/www.hotshot.nz/wp-content/themes/maxinet/woocommerce-subscription-extended/custom-woo-subscription-status.php:60
Stack trace:
#0 /www/wwwroot/www.hotshot.nz/wp-includes/class-wp-hook.php(286): custom_thankyou_subscription_action(4417)
#1 /www/wwwroot/www.hotshot.nz/wp-includes/class-wp-hook.php(310): WP_Hook->apply_filters(NULL, Array)
#2 /www/wwwroot/www.hotshot.nz/wp-includes/plugin.php(465): WP_Hook->do_action(Array)
#3 /www/wwwroot/www.hotshot.nz/wp-content/plugins/woocommerce/templates/checkout/thankyou.php(78): do_action('woocommerce_tha...', 4417)
#4 /www/wwwroot/www.hotshot.nz/wp-content/plugins/woocommerce/includes/wc-core-functions.php(249): include('/www/wwwroot/ww...')
#5 /www/wwwroot/www.hotshot.nz/wp-content/plugins/woocommerce/includes/shortcodes/class-wc-shortcode-checkout.php(248): wc_get_template('checkout/thanky...', Array)
#6 /www/wwwroot/www.hotshot.nz/wp-content/plugins/woocommerce/includes/shortcodes/cl in /www/wwwroot/www.hotshot.nz/wp-content/themes/maxinet/woocommerce-subscription-extended/custom-woo-subscription-status.php on line 60

2019-07-28T23:00:36+00:00 CRITICAL Uncaught Error: Call to a member function update_status() on boolean in /www/wwwroot/www.hotshot.nz/wp-content/themes/maxinet/woocommerce-subscription-extended/custom-woo-subscription-status.php:60
Stack trace:
#0 /www/wwwroot/www.hotshot.nz/wp-includes/class-wp-hook.php(286): custom_thankyou_subscription_action(4417)
#1 /www/wwwroot/www.hotshot.nz/wp-includes/class-wp-hook.php(310): WP_Hook->apply_filters(NULL, Array)
#2 /www/wwwroot/www.hotshot.nz/wp-includes/plugin.php(465): WP_Hook->do_action(Array)
#3 /www/wwwroot/www.hotshot.nz/wp-content/plugins/woocommerce/templates/checkout/thankyou.php(78): do_action('woocommerce_tha...', 4417)
#4 /www/wwwroot/www.hotshot.nz/wp-content/plugins/woocommerce/includes/wc-core-functions.php(249): include('/www/wwwroot/ww...')
#5 /www/wwwroot/www.hotshot.nz/wp-content/plugins/woocommerce/includes/shortcodes/class-wc-shortcode-checkout.php(248): wc_get_template('checkout/thanky...', Array)
#6 /www/wwwroot/www.hotshot.nz/wp-content/plugins/woocommerce/includes/shortcodes/cl in /www/wwwroot/www.hotshot.nz/wp-content/themes/maxinet/woocommerce-subscription-extended/custom-woo-subscription-status.php on line 60

