2020-02-19T22:59:35+00:00 CRITICAL Uncaught WC_Data_Exception: Invalid billing email address in /www/wwwroot/www.hotshot.nz/wp-content/plugins/woocommerce/includes/abstracts/abstract-wc-data.php:794
Stack trace:
#0 /www/wwwroot/www.hotshot.nz/wp-content/plugins/woocommerce/includes/class-wc-order.php(1079): WC_Data->error('order_invalid_b...', 'Invalid billing...')
#1 /www/wwwroot/www.hotshot.nz/wp-content/plugins/woocommerce-subscriptions/includes/wcs-compatibility-functions.php(180): WC_Order->set_billing_email('frasergoodmanso...')
#2 /www/wwwroot/www.hotshot.nz/wp-content/plugins/woocommerce-subscriptions/includes/admin/meta-boxes/class-wcs-meta-box-subscription-data.php(389): wcs_set_objects_property(Object(WC_Subscription), '_billing_email', 'frasergoodmanso...')
#3 /www/wwwroot/www.hotshot.nz/wp-includes/class-wp-hook.php(286): WCS_Meta_Box_Subscription_Data::save(10900, Object(WP_Post))
#4 /www/wwwroot/www.hotshot.nz/wp-includes/class-wp-hook.php(310): WP_Hook->apply_filters(NULL, Array)
#5 /www/wwwroot/www.hotshot.nz/wp-includes/plugi in /www/wwwroot/www.hotshot.nz/wp-content/plugins/woocommerce/includes/abstracts/abstract-wc-data.php on line 794

2020-02-19T22:59:45+00:00 CRITICAL Uncaught WC_Data_Exception: Invalid billing email address in /www/wwwroot/www.hotshot.nz/wp-content/plugins/woocommerce/includes/abstracts/abstract-wc-data.php:794
Stack trace:
#0 /www/wwwroot/www.hotshot.nz/wp-content/plugins/woocommerce/includes/class-wc-order.php(1079): WC_Data->error('order_invalid_b...', 'Invalid billing...')
#1 /www/wwwroot/www.hotshot.nz/wp-content/plugins/woocommerce-subscriptions/includes/wcs-compatibility-functions.php(180): WC_Order->set_billing_email('frasergoodmanso...')
#2 /www/wwwroot/www.hotshot.nz/wp-content/plugins/woocommerce-subscriptions/includes/admin/meta-boxes/class-wcs-meta-box-subscription-data.php(389): wcs_set_objects_property(Object(WC_Subscription), '_billing_email', 'frasergoodmanso...')
#3 /www/wwwroot/www.hotshot.nz/wp-includes/class-wp-hook.php(286): WCS_Meta_Box_Subscription_Data::save(10900, Object(WP_Post))
#4 /www/wwwroot/www.hotshot.nz/wp-includes/class-wp-hook.php(310): WP_Hook->apply_filters(NULL, Array)
#5 /www/wwwroot/www.hotshot.nz/wp-includes/plugi in /www/wwwroot/www.hotshot.nz/wp-content/plugins/woocommerce/includes/abstracts/abstract-wc-data.php on line 794

2020-02-19T22:59:52+00:00 CRITICAL Uncaught WC_Data_Exception: Invalid billing email address in /www/wwwroot/www.hotshot.nz/wp-content/plugins/woocommerce/includes/abstracts/abstract-wc-data.php:794
Stack trace:
#0 /www/wwwroot/www.hotshot.nz/wp-content/plugins/woocommerce/includes/class-wc-order.php(1079): WC_Data->error('order_invalid_b...', 'Invalid billing...')
#1 /www/wwwroot/www.hotshot.nz/wp-content/plugins/woocommerce-subscriptions/includes/wcs-compatibility-functions.php(180): WC_Order->set_billing_email('frasergoodmanso...')
#2 /www/wwwroot/www.hotshot.nz/wp-content/plugins/woocommerce-subscriptions/includes/admin/meta-boxes/class-wcs-meta-box-subscription-data.php(389): wcs_set_objects_property(Object(WC_Subscription), '_billing_email', 'frasergoodmanso...')
#3 /www/wwwroot/www.hotshot.nz/wp-includes/class-wp-hook.php(286): WCS_Meta_Box_Subscription_Data::save(10900, Object(WP_Post))
#4 /www/wwwroot/www.hotshot.nz/wp-includes/class-wp-hook.php(310): WP_Hook->apply_filters(NULL, Array)
#5 /www/wwwroot/www.hotshot.nz/wp-includes/plugi in /www/wwwroot/www.hotshot.nz/wp-content/plugins/woocommerce/includes/abstracts/abstract-wc-data.php on line 794

