2020-07-19T04:14:53+00:00 NOTICE action_scheduler.queue_job :: MailChimp_WooCommerce_Cart_Update queued :: obj_id 19b4fb00f4e9c06a7aedebb8ef675355
2020-07-19T04:14:55+00:00 NOTICE abandoned_cart.success :: email: weediekiwi@gmail.com :: checkout_url: https://www.hotshot.nz/checkout/?mc_cart_id=19b4fb00f4e9c06a7aedebb8ef675355
2020-07-19T04:14:56+00:00 NOTICE cart.member.updated :: Updated weediekiwi@gmail.com language to en
2020-07-19T04:14:58+00:00 NOTICE action_scheduler.queue_job :: MailChimp_WooCommerce_Cart_Update queued :: obj_id 19b4fb00f4e9c06a7aedebb8ef675355
2020-07-19T04:16:02+00:00 NOTICE abandoned_cart.success :: email: weediekiwi@gmail.com :: checkout_url: https://www.hotshot.nz/checkout/?mc_cart_id=19b4fb00f4e9c06a7aedebb8ef675355
2020-07-19T05:04:07+00:00 NOTICE action_scheduler.queue_job :: MailChimp_WooCommerce_Cart_Update queued :: obj_id 19b4fb00f4e9c06a7aedebb8ef675355
2020-07-19T05:04:09+00:00 NOTICE abandoned_cart.success :: email: weediekiwi@gmail.com :: checkout_url: https://www.hotshot.nz/checkout/?mc_cart_id=19b4fb00f4e9c06a7aedebb8ef675355
2020-07-19T05:04:30+00:00 NOTICE action_scheduler.queue_job :: MailChimp_WooCommerce_Single_Order starts in 90 seconds :: obj_id 91530
2020-07-19T05:05:54+00:00 NOTICE debug :: Order ID 91530 was pending and is now processing :: Array
(
    [new_order] => 1
    [tracking] => Array
        (
            [campaign_id] => 
            [landing_site] => https://www.hotshot.nz/?wc-ajax=get_refreshed_fragments
        )

)

2020-07-19T05:10:02+00:00 NOTICE order.member.updated :: Updated weediekiwi@gmail.com language to en
2020-07-19T05:10:02+00:00 NOTICE order_submit.success :: addStoreOrder :: #91530 :: email: weediekiwi@gmail.com :: landing site https://www.hotshot.nz/?wc-ajax=get_refreshed_fragments :: abandoned cart deleted [19b4fb00f4e9c06a7aedebb8ef675355]
2020-07-19T11:08:23+00:00 NOTICE action_scheduler.queue_job :: MailChimp_WooCommerce_Cart_Update queued :: obj_id ef98aab6b5704329f37ed8e365dbf19c
2020-07-19T11:08:26+00:00 NOTICE abandoned_cart.success :: email: nelsonteuruhia04@gmail.com :: checkout_url: https://www.hotshot.nz/checkout/?mc_cart_id=ef98aab6b5704329f37ed8e365dbf19c
2020-07-19T11:08:27+00:00 NOTICE cart.member.updated :: Updated nelsonteuruhia04@gmail.com language to en
2020-07-19T11:08:39+00:00 NOTICE action_scheduler.queue_job :: MailChimp_WooCommerce_User_Submit queued :: obj_id 513
2020-07-19T11:08:42+00:00 NOTICE action_scheduler.queue_job :: MailChimp_WooCommerce_Single_Order starts in 90 seconds :: obj_id 91745
2020-07-19T11:08:42+00:00 NOTICE member.sync :: Updated Member nelsonteuruhia04@gmail.com :: Array
(
    [previous_status] => transactional
    [status] => 1
    [merge_fields] => Array
        (
            [FNAME] => Dakota Raurangi
            [LNAME] => Hona
        )

)

2020-07-19T11:10:23+00:00 NOTICE order_sumbit :: #91745 has a financial status of pending and was skipped.
2020-07-19T20:17:20+00:00 NOTICE action_scheduler.queue_job :: MailChimp_WooCommerce_Single_Order starts in 90 seconds :: obj_id 92038
2020-07-19T20:17:25+00:00 NOTICE debug :: Order ID 92038 was processing and is now completed :: Array
(
    [new_order] => 
    [tracking] => 
)

2020-07-19T20:17:25+00:00 NOTICE debug :: Order ID 92038 was pending and is now processing :: Array
(
    [new_order] => 1
    [tracking] => Array
        (
            [campaign_id] => 
            [landing_site] => 
        )

)

2020-07-19T20:19:03+00:00 NOTICE order.member.updated :: Updated mrbamaxwell@gmail.com language to en
2020-07-19T20:19:03+00:00 NOTICE order_submit.success :: addStoreOrder :: #92038 :: email: mrbamaxwell@gmail.com
2020-07-19T20:39:34+00:00 NOTICE action_scheduler.queue_job :: MailChimp_WooCommerce_Single_Order starts in 90 seconds :: obj_id 92061
2020-07-19T20:39:38+00:00 NOTICE debug :: Order ID 92061 was processing and is now completed :: Array
(
    [new_order] => 
    [tracking] => 
)

2020-07-19T20:39:38+00:00 NOTICE debug :: Order ID 92061 was pending and is now processing :: Array
(
    [new_order] => 1
    [tracking] => Array
        (
            [campaign_id] => 
            [landing_site] => 
        )

)

2020-07-19T20:44:00+00:00 NOTICE order.member.updated :: Updated shivanidahya@hotmail.com language to en
2020-07-19T20:44:00+00:00 NOTICE order_submit.success :: addStoreOrder :: #92061 :: email: shivanidahya@hotmail.com
2020-07-19T22:04:28+00:00 NOTICE action_scheduler.queue_job :: MailChimp_WooCommerce_Single_Order starts in 90 seconds :: obj_id 92136
2020-07-19T22:04:34+00:00 NOTICE debug :: Order ID 92136 was processing and is now completed :: Array
(
    [new_order] => 
    [tracking] => 
)

2020-07-19T22:04:34+00:00 NOTICE debug :: Order ID 92136 was pending and is now processing :: Array
(
    [new_order] => 1
    [tracking] => Array
        (
            [campaign_id] => 
            [landing_site] => 
        )

)

2020-07-19T22:06:18+00:00 NOTICE order.member.updated :: Updated sam.hannah.rayward@gmail.com language to en
2020-07-19T22:06:18+00:00 NOTICE order_submit.success :: addStoreOrder :: #92136 :: email: sam.hannah.rayward@gmail.com
2020-07-19T22:20:26+00:00 NOTICE action_scheduler.queue_job :: MailChimp_WooCommerce_Single_Order starts in 90 seconds :: obj_id 92268
2020-07-19T22:22:02+00:00 NOTICE order_sumbit :: #92268 has a financial status of pending and was skipped.
2020-07-19T22:22:35+00:00 NOTICE action_scheduler.queue_job :: MailChimp_WooCommerce_Single_Order starts in 90 seconds :: obj_id 92268
2020-07-19T22:22:37+00:00 NOTICE debug :: Order ID 92268 was pending and is now processing :: Array
(
    [new_order] => 1
    [tracking] => Array
        (
            [campaign_id] => 
            [landing_site] => https://www.hotshot.nz/
        )

)

2020-07-19T22:26:54+00:00 NOTICE order_submit.success :: addStoreOrder :: #92268 :: email: unnatipitlehra@gmail.com :: landing site https://www.hotshot.nz/
2020-07-19T23:08:55+00:00 NOTICE action_scheduler.queue_job :: MailChimp_WooCommerce_Single_Order starts in 90 seconds :: obj_id 92314
2020-07-19T23:09:00+00:00 NOTICE debug :: Order ID 92314 was processing and is now completed :: Array
(
    [new_order] => 
    [tracking] => 
)

2020-07-19T23:09:00+00:00 NOTICE debug :: Order ID 92314 was pending and is now processing :: Array
(
    [new_order] => 1
    [tracking] => Array
        (
            [campaign_id] => 
            [landing_site] => 
        )

)

2020-07-19T23:13:25+00:00 NOTICE order.member.updated :: Updated ads12939@gmail.com language to en
2020-07-19T23:13:25+00:00 NOTICE order_submit.success :: addStoreOrder :: #92314 :: email: ads12939@gmail.com
2020-07-19T23:38:19+00:00 NOTICE action_scheduler.queue_job :: MailChimp_WooCommerce_User_Submit queued :: obj_id 382
2020-07-19T23:38:24+00:00 NOTICE debug :: Order ID 91530 was processing and is now completed :: Array
(
    [new_order] => 
    [tracking] => 
)

2020-07-19T23:38:25+00:00 NOTICE action_scheduler.queue_job :: MailChimp_WooCommerce_Single_Order starts in 90 seconds :: obj_id 91530
2020-07-19T23:39:10+00:00 NOTICE member.sync :: Updated Member weediekiwi@gmail.com ( merge fields only ) :: Array
(
    [merge_fields] => Array
        (
            [FNAME] => Natalie
            [LNAME] => Haynes
        )

)

2020-07-19T23:40:11+00:00 NOTICE order_submit.success :: updateStoreOrder :: #91530 :: email: weediekiwi@gmail.com
