2020-06-21T00:41:13+00:00 NOTICE action_scheduler.queue_job :: MailChimp_WooCommerce_Cart_Update queued :: obj_id 5edda6978bcc7bb26d6ed1839baed6c7
2020-06-21T00:41:31+00:00 NOTICE abandoned_cart.success :: email: nicolejade1@hotmail.com :: checkout_url: https://www.hotshot.nz/checkout/?mc_cart_id=5edda6978bcc7bb26d6ed1839baed6c7
2020-06-21T00:41:31+00:00 NOTICE cart.member.updated :: Updated nicolejade1@hotmail.com language to en
2020-06-21T03:33:42+00:00 NOTICE action_scheduler.queue_job :: MailChimp_WooCommerce_Single_Order starts in 90 seconds :: obj_id 51402
2020-06-21T03:38:01+00:00 NOTICE order_sumbit :: #51402 has a financial status of pending and was skipped.
2020-06-21T05:40:56+00:00 NOTICE action_scheduler.queue_job :: MailChimp_WooCommerce_User_Submit queued :: obj_id 463
2020-06-21T05:40:59+00:00 NOTICE action_scheduler.queue_job :: MailChimp_WooCommerce_Single_Order starts in 90 seconds :: obj_id 51526
2020-06-21T05:41:35+00:00 NOTICE member.sync :: Subscribed Member sk8girl_nz@hotmail.com :: Array
(
    [status_if_new] => 1
    [merge_fields] => Array
        (
            [FNAME] => Brittney
            [LNAME] => Rodriguez
        )

)

2020-06-21T05:43:10+00:00 NOTICE order_sumbit :: #51526 has a financial status of pending and was skipped.
2020-06-21T09:21:56+00:00 NOTICE action_scheduler.queue_job :: MailChimp_WooCommerce_Cart_Update queued :: obj_id 50bc844aebe1b05b56c13c4a77cfc6c6
2020-06-21T09:22:45+00:00 NOTICE abandoned_cart.success :: email: tyngo13888@gmail.com :: checkout_url: https://www.hotshot.nz/checkout/?mc_cart_id=50bc844aebe1b05b56c13c4a77cfc6c6
2020-06-21T09:22:45+00:00 NOTICE cart.member.updated :: Updated tyngo13888@gmail.com language to en
2020-06-21T12:05:50+00:00 NOTICE action_scheduler.queue_job :: MailChimp_WooCommerce_User_Submit queued :: obj_id 464
2020-06-21T12:05:53+00:00 NOTICE action_scheduler.queue_job :: MailChimp_WooCommerce_Single_Order starts in 90 seconds :: obj_id 51855
2020-06-21T12:06:36+00:00 NOTICE member.sync :: Subscribed Member dariousnathan@gmail.com :: Array
(
    [status_if_new] => 1
    [merge_fields] => Array
        (
            [FNAME] => Michelle
            [LNAME] => Smith
        )

)

2020-06-21T12:07:35+00:00 NOTICE order_sumbit :: #51855 has a financial status of pending and was skipped.
2020-06-21T22:00:06+00:00 NOTICE action_scheduler.queue_job :: MailChimp_WooCommerce_User_Submit queued :: obj_id 458
2020-06-21T22:00:12+00:00 NOTICE debug :: Order ID 49506 was processing and is now completed :: Array
(
    [new_order] => 
    [tracking] => 
)

2020-06-21T22:00:12+00:00 NOTICE action_scheduler.queue_job :: MailChimp_WooCommerce_Single_Order starts in 90 seconds :: obj_id 49506
2020-06-21T22:00:30+00:00 NOTICE member.sync :: Updated Member tyngo13888@gmail.com ( merge fields only ) :: Array
(
    [merge_fields] => Array
        (
            [FNAME] => Ty
            [LNAME] => Ngo
        )

)

2020-06-21T22:02:19+00:00 NOTICE order_submit.success :: updateStoreOrder :: #49506 :: email: tyngo13888@gmail.com :: abandoned cart deleted [50bc844aebe1b05b56c13c4a77cfc6c6]
2020-06-21T23:41:50+00:00 NOTICE action_scheduler.queue_job :: MailChimp_WooCommerce_Cart_Update queued :: obj_id 50bc844aebe1b05b56c13c4a77cfc6c6
2020-06-21T23:42:36+00:00 NOTICE abandoned_cart.success :: email: tyngo13888@gmail.com :: checkout_url: https://www.hotshot.nz/checkout/?mc_cart_id=50bc844aebe1b05b56c13c4a77cfc6c6
2020-06-21T23:42:37+00:00 NOTICE cart.member.updated :: Updated tyngo13888@gmail.com language to en
