2020-10-16T00:12:19+00:00 NOTICE action_scheduler.queue_job :: MailChimp_WooCommerce_Cart_Update queued :: obj_id 64d04acc872f1b506b84e43d5a5b2013
2020-10-16T00:12:44+00:00 NOTICE abandoned_cart.success :: email: itzginaxx@gmail.com :: checkout_url: https://www.hotshot.nz/checkout/?mc_cart_id=64d04acc872f1b506b84e43d5a5b2013
2020-10-16T00:12:45+00:00 NOTICE cart.member.updated :: Updated itzginaxx@gmail.com language to en
2020-10-16T00:12:50+00:00 NOTICE action_scheduler.queue_job :: MailChimp_WooCommerce_Single_Order starts in 90 seconds :: obj_id 265190
2020-10-16T00:13:47+00:00 NOTICE debug :: Order ID 265190 was pending and is now processing :: Array
(
    [new_order] => 1
    [tracking] => Array
        (
            [campaign_id] => 
            [landing_site] => https://www.hotshot.nz/product-category/router/
        )

)

2020-10-16T00:16:20+00:00 NOTICE order.member.updated :: Updated itzginaxx@gmail.com language to en
2020-10-16T00:16:20+00:00 NOTICE order_submit.success :: addStoreOrder :: #265190 :: email: itzginaxx@gmail.com :: landing site https://www.hotshot.nz/product-category/router/ :: abandoned cart deleted [64d04acc872f1b506b84e43d5a5b2013]
2020-10-16T01:11:14+00:00 NOTICE debug :: Order ID 263284 was pending and is now completed :: Array
(
    [new_order] => 1
    [tracking] => Array
        (
            [campaign_id] => 
            [landing_site] => https://www.hotshot.nz/wp-admin/admin-ajax.php
        )

)

2020-10-16T01:11:15+00:00 NOTICE action_scheduler.queue_job :: MailChimp_WooCommerce_Single_Order starts in 90 seconds :: obj_id 263284
2020-10-16T01:12:55+00:00 NOTICE order.member.updated :: Updated heidi_roseanne@msn.com language to en
2020-10-16T01:12:55+00:00 NOTICE order_submit.success :: addStoreOrder :: #263284 :: email: heidi_roseanne@msn.com :: landing site https://www.hotshot.nz/wp-admin/admin-ajax.php
2020-10-16T01:32:06+00:00 NOTICE action_scheduler.queue_job :: MailChimp_WooCommerce_User_Submit queued :: obj_id 622
2020-10-16T01:32:10+00:00 NOTICE debug :: Order ID 240791 was pending and is now completed :: Array
(
    [new_order] => 1
    [tracking] => Array
        (
            [campaign_id] => 
            [landing_site] => https://www.hotshot.nz/?wc-ajax=get_refreshed_fragments
        )

)

2020-10-16T01:32:10+00:00 NOTICE action_scheduler.queue_job :: MailChimp_WooCommerce_Single_Order starts in 90 seconds :: obj_id 240791
2020-10-16T01:32:14+00:00 NOTICE member.sync :: Updated Member tipenelaird@gmail.com ( merge fields only ) :: Array
(
    [merge_fields] => Array
        (
            [FNAME] => Stephen
            [LNAME] => Laird
        )

)

2020-10-16T01:33:19+00:00 NOTICE action_scheduler.queue_job :: MailChimp_WooCommerce_Single_Order starts in 90 seconds :: obj_id 265357
2020-10-16T01:33:23+00:00 NOTICE action_scheduler.queue_job :: MailChimp_WooCommerce_User_Submit queued :: obj_id 452
2020-10-16T01:33:25+00:00 NOTICE debug :: Order ID 265357 was processing and is now completed :: Array
(
    [new_order] => 
    [tracking] => 
)

2020-10-16T01:33:25+00:00 NOTICE debug :: Order ID 265357 was pending and is now processing :: Array
(
    [new_order] => 1
    [tracking] => Array
        (
            [campaign_id] => 
            [landing_site] => https://www.hotshot.nz/?gclid=CjwKCAjw26H3BRB2EiwAy32zhTt_ovy5f-JvfhwCG7uUkMsvw4Qz5VVOOFEJ3nhSczqF1O3Mdry2nxoC07cQAvD_BwE
        )

)

2020-10-16T01:33:31+00:00 NOTICE member.sync :: Updated Member s.e.mackel21@gmail.com ( merge fields only ) :: Array
(
    [merge_fields] => Array
        (
            [FNAME] => Samantha
            [LNAME] => Mackel
        )

)

2020-10-16T01:33:49+00:00 NOTICE order.member.updated :: Updated tipenelaird@gmail.com language to en
2020-10-16T01:33:49+00:00 NOTICE order_submit.success :: addStoreOrder :: #240791 :: email: tipenelaird@gmail.com :: landing site https://www.hotshot.nz/?wc-ajax=get_refreshed_fragments :: abandoned cart deleted [4600de6d32a4c0e8f7054f7f3f507610]
2020-10-16T01:35:42+00:00 NOTICE order.member.updated :: Updated s.e.mackel21@gmail.com language to en
2020-10-16T01:35:42+00:00 NOTICE order_submit.success :: addStoreOrder :: #265357 :: email: s.e.mackel21@gmail.com :: landing site https://www.hotshot.nz/wp-admin/admin-ajax.php
2020-10-16T01:39:26+00:00 NOTICE action_scheduler.queue_job :: MailChimp_WooCommerce_Single_Order starts in 90 seconds :: obj_id 259309
2020-10-16T01:40:12+00:00 NOTICE action_scheduler.queue_job :: MailChimp_WooCommerce_Single_Order starts in 90 seconds :: obj_id 261495
2020-10-16T01:41:02+00:00 NOTICE order_sumbit :: #259309 has a financial status of pending and was skipped.
2020-10-16T01:41:02+00:00 NOTICE action_scheduler.queue_job :: MailChimp_WooCommerce_Single_Order starts in 90 seconds :: obj_id 262605
2020-10-16T01:41:55+00:00 NOTICE order_sumbit :: #261495 has a financial status of pending and was skipped.
2020-10-16T01:42:37+00:00 NOTICE action_scheduler.queue_job :: MailChimp_WooCommerce_User_Submit queued :: obj_id 44
2020-10-16T01:42:42+00:00 NOTICE debug :: Order ID 262636 was processing and is now completed :: Array
(
    [new_order] => 
    [tracking] => 
)

2020-10-16T01:42:42+00:00 NOTICE action_scheduler.queue_job :: MailChimp_WooCommerce_Single_Order starts in 90 seconds :: obj_id 262636
2020-10-16T01:42:42+00:00 NOTICE debug :: Order ID 262636 was pending and is now processing :: Array
(
    [new_order] => 1
    [tracking] => Array
        (
            [campaign_id] => 
            [landing_site] => 
        )

)

2020-10-16T01:43:01+00:00 NOTICE order_sumbit :: #262605 has a financial status of pending and was skipped.
2020-10-16T01:43:02+00:00 NOTICE member.sync :: Updated Member robp@peartree.nz ( merge fields only ) :: Array
(
    [merge_fields] => Array
        (
            [FNAME] => Rob
            [LNAME] => Partridge
        )

)

2020-10-16T01:44:33+00:00 NOTICE order_submit.success :: addStoreOrder :: #262636 :: email: robp@peartree.nz
2020-10-16T01:54:49+00:00 NOTICE action_scheduler.queue_job :: MailChimp_WooCommerce_Cart_Update queued :: obj_id 2271039ebf9541ba00c9c97544d2132d
2020-10-16T01:54:51+00:00 NOTICE abandoned_cart.success :: email: leeanneminhinnick@gmail.com :: checkout_url: https://www.hotshot.nz/checkout/?mc_cart_id=2271039ebf9541ba00c9c97544d2132d
2020-10-16T01:54:52+00:00 NOTICE cart.member.updated :: Updated leeanneminhinnick@gmail.com language to en
2020-10-16T01:55:32+00:00 NOTICE action_scheduler.queue_job :: MailChimp_WooCommerce_User_Submit queued :: obj_id 558
2020-10-16T01:55:33+00:00 NOTICE action_scheduler.queue_job :: MailChimp_WooCommerce_Single_Order starts in 90 seconds :: obj_id 265443
2020-10-16T01:56:05+00:00 NOTICE member.sync :: Updated Member leeanneminhinnick@gmail.com ( merge fields only ) :: Array
(
    [merge_fields] => Array
        (
            [FNAME] => Leeanne
            [LNAME] => Minhinnick
        )

)

2020-10-16T01:58:23+00:00 NOTICE order_sumbit :: #265443 has a financial status of pending and was skipped.
2020-10-16T02:15:27+00:00 NOTICE action_scheduler.queue_job :: MailChimp_WooCommerce_Single_Order starts in 90 seconds :: obj_id 265466
2020-10-16T02:15:33+00:00 NOTICE debug :: Order ID 265466 was processing and is now completed :: Array
(
    [new_order] => 
    [tracking] => 
)

2020-10-16T02:15:33+00:00 NOTICE debug :: Order ID 265466 was pending and is now processing :: Array
(
    [new_order] => 1
    [tracking] => Array
        (
            [campaign_id] => 
            [landing_site] => https://www.hotshot.nz/wp-admin/admin-ajax.php
        )

)

2020-10-16T02:17:08+00:00 NOTICE order.member.updated :: Updated mvanrensburg@gmail.com language to en
2020-10-16T02:17:08+00:00 NOTICE order_submit.success :: addStoreOrder :: #265466 :: email: mvanrensburg@gmail.com :: landing site https://www.hotshot.nz/wp-admin/admin-ajax.php
2020-10-16T03:35:40+00:00 NOTICE action_scheduler.queue_job :: MailChimp_WooCommerce_User_Submit queued :: obj_id 733
2020-10-16T03:35:43+00:00 NOTICE action_scheduler.queue_job :: MailChimp_WooCommerce_Single_Order starts in 90 seconds :: obj_id 265558
2020-10-16T03:36:10+00:00 NOTICE debug :: Order ID 265558 was pending and is now failed :: Array
(
    [new_order] => 
    [tracking] => 
)

2020-10-16T03:36:14+00:00 NOTICE action_scheduler.queue_job :: MailChimp_WooCommerce_User_Submit queued :: obj_id 734
2020-10-16T03:36:16+00:00 NOTICE action_scheduler.queue_job :: MailChimp_WooCommerce_Single_Order starts in 90 seconds :: obj_id 265571
2020-10-16T03:36:24+00:00 NOTICE member.sync :: Subscribed Member pamelamccutcheon@hotmail.com :: Array
(
    [status_if_new] => 1
    [merge_fields] => Array
        (
            [FNAME] => Pamela
            [LNAME] => Mccutcheon
        )

)

2020-10-16T03:36:25+00:00 NOTICE member.sync :: Subscribed Member bevanknighton9@gmail.com :: Array
(
    [status_if_new] => 1
    [merge_fields] => Array
        (
            [FNAME] => Bevan
            [LNAME] => Knighton
        )

)

2020-10-16T03:38:26+00:00 NOTICE system.debug :: order 265558 is in failed status, and is being skipped for now.
2020-10-16T03:38:28+00:00 NOTICE order_sumbit :: #265571 has a financial status of pending and was skipped.
2020-10-16T21:44:52+00:00 NOTICE action_scheduler.queue_job :: MailChimp_WooCommerce_Single_Order starts in 90 seconds :: obj_id 266249
2020-10-16T21:44:59+00:00 NOTICE debug :: Order ID 266249 was processing and is now completed :: Array
(
    [new_order] => 
    [tracking] => 
)

2020-10-16T21:45:00+00:00 NOTICE debug :: Order ID 266249 was pending and is now processing :: Array
(
    [new_order] => 1
    [tracking] => Array
        (
            [campaign_id] => 
            [landing_site] => https://www.hotshot.nz/?wc-ajax=get_refreshed_fragments
        )

)

2020-10-16T21:47:28+00:00 NOTICE order.member.updated :: Updated mdejong@technicorp.com language to en
2020-10-16T21:47:28+00:00 NOTICE order_submit.success :: addStoreOrder :: #266249 :: email: mdejong@technicorp.com
2020-10-16T21:47:29+00:00 NOTICE action_scheduler.queue_job :: MailChimp_WooCommerce_Single_Order starts in 90 seconds :: obj_id 266266
2020-10-16T21:47:32+00:00 NOTICE action_scheduler.queue_job :: MailChimp_WooCommerce_User_Submit queued :: obj_id 568
2020-10-16T21:47:34+00:00 NOTICE debug :: Order ID 266266 was processing and is now completed :: Array
(
    [new_order] => 
    [tracking] => 
)

2020-10-16T21:47:34+00:00 NOTICE debug :: Order ID 266266 was pending and is now processing :: Array
(
    [new_order] => 1
    [tracking] => Array
        (
            [campaign_id] => 
            [landing_site] => https://www.hotshot.nz/wc-api/WC_Gateway_Payment_Express_Hybrid/?result=00001101329725080b90bca5fc3c42d2&userid=HotShotBroadbandPx
        )

)

2020-10-16T21:47:36+00:00 NOTICE member.sync :: Updated Member aylarose03@gmail.com ( merge fields only ) :: Array
(
    [merge_fields] => Array
        (
            [FNAME] => Ayla
            [LNAME] => Walker
        )

)

2020-10-16T21:52:35+00:00 NOTICE order.member.updated :: Updated aylarose03@gmail.com language to en
2020-10-16T21:52:35+00:00 NOTICE order_submit.success :: addStoreOrder :: #266266 :: email: aylarose03@gmail.com
2020-10-16T23:36:29+00:00 NOTICE action_scheduler.queue_job :: MailChimp_WooCommerce_Single_Order starts in 90 seconds :: obj_id 266378
2020-10-16T23:36:35+00:00 NOTICE debug :: Order ID 266378 was processing and is now completed :: Array
(
    [new_order] => 
    [tracking] => 
)

2020-10-16T23:36:35+00:00 NOTICE debug :: Order ID 266378 was pending and is now processing :: Array
(
    [new_order] => 1
    [tracking] => Array
        (
            [campaign_id] => 
            [landing_site] => 
        )

)

2020-10-16T23:39:19+00:00 NOTICE order.member.updated :: Updated benjamin.mallett@gmail.com language to en
2020-10-16T23:39:19+00:00 NOTICE order_submit.success :: addStoreOrder :: #266378 :: email: benjamin.mallett@gmail.com
