2020-09-02T00:00:22+00:00 NOTICE order.member.updated :: Updated lephamthuthao@gmail.com language to en
2020-09-02T00:00:23+00:00 NOTICE order_submit.success :: addStoreOrder :: #192307 :: email: lephamthuthao@gmail.com :: landing site https://www.hotshot.nz/wp-admin/admin-ajax.php
2020-09-02T02:11:16+00:00 NOTICE action_scheduler.queue_job :: MailChimp_WooCommerce_Single_Order starts in 90 seconds :: obj_id 192476
2020-09-02T02:11:23+00:00 NOTICE debug :: Order ID 192476 was processing and is now completed :: Array
(
    [new_order] => 
    [tracking] => 
)

2020-09-02T02:11:23+00:00 NOTICE debug :: Order ID 192476 was pending and is now processing :: Array
(
    [new_order] => 1
    [tracking] => Array
        (
            [campaign_id] => 
            [landing_site] => 
        )

)

2020-09-02T02:11:23+00:00 NOTICE action_scheduler.queue_job :: MailChimp_WooCommerce_Single_Order starts in 90 seconds :: obj_id 192485
2020-09-02T02:11:35+00:00 NOTICE debug :: Order ID 192485 was processing and is now completed :: Array
(
    [new_order] => 
    [tracking] => 
)

2020-09-02T02:11:35+00:00 NOTICE debug :: Order ID 192485 was pending and is now processing :: Array
(
    [new_order] => 1
    [tracking] => Array
        (
            [campaign_id] => 
            [landing_site] => 
        )

)

2020-09-02T02:13:16+00:00 NOTICE order.member.updated :: Updated smith.nicholas.1996@gmail.com language to en
2020-09-02T02:13:16+00:00 NOTICE order_submit.success :: addStoreOrder :: #192476 :: email: smith.nicholas.1996@gmail.com
2020-09-02T02:13:20+00:00 NOTICE order.member.updated :: Updated SKR_UVCE@YAHOO.COM language to en
2020-09-02T02:13:20+00:00 NOTICE order_submit.success :: addStoreOrder :: #192485 :: email: SKR_UVCE@YAHOO.COM
2020-09-02T02:24:13+00:00 NOTICE action_scheduler.queue_job :: MailChimp_WooCommerce_Single_Order starts in 90 seconds :: obj_id 183142
2020-09-02T02:26:04+00:00 NOTICE order_sumbit :: #183142 has a financial status of pending and was skipped.
2020-09-02T02:26:17+00:00 NOTICE action_scheduler.queue_job :: MailChimp_WooCommerce_Single_Order starts in 90 seconds :: obj_id 183142
2020-09-02T02:27:52+00:00 NOTICE order_sumbit :: #183142 has a financial status of pending and was skipped.
2020-09-02T02:29:29+00:00 NOTICE action_scheduler.queue_job :: MailChimp_WooCommerce_Single_Order starts in 90 seconds :: obj_id 183330
2020-09-02T02:31:13+00:00 NOTICE order_sumbit :: #183330 has a financial status of pending and was skipped.
2020-09-02T02:44:37+00:00 NOTICE action_scheduler.queue_job :: MailChimp_WooCommerce_Single_Order starts in 90 seconds :: obj_id 186236
2020-09-02T02:46:20+00:00 NOTICE order_sumbit :: #186236 has a financial status of pending and was skipped.
2020-09-02T03:11:28+00:00 NOTICE debug :: Order ID 127896 was completed and is now on-hold :: Array
(
    [new_order] => 
    [tracking] => 
)

2020-09-02T03:11:28+00:00 NOTICE action_scheduler.queue_job :: MailChimp_WooCommerce_Single_Order starts in 90 seconds :: obj_id 127896
2020-09-02T03:13:18+00:00 NOTICE order_submit.success :: updateStoreOrder :: #127896 :: email: tonimanutuatagaloa@gmail.com :: abandoned cart deleted [a543f663b12dffe39505d6d5495cf1b1]
2020-09-02T08:44:11+00:00 NOTICE action_scheduler.queue_job :: MailChimp_WooCommerce_Cart_Update queued :: obj_id e9b9435bd5ff3b50b308b8d054cc7366
2020-09-02T08:44:13+00:00 NOTICE abandoned_cart.success :: email: amoni.puata@gmail.com :: checkout_url: https://www.hotshot.nz/checkout/?mc_cart_id=e9b9435bd5ff3b50b308b8d054cc7366
2020-09-02T08:44:14+00:00 NOTICE cart.member.updated :: Updated amoni.puata@gmail.com language to en
2020-09-02T08:45:03+00:00 NOTICE action_scheduler.queue_job :: MailChimp_WooCommerce_Cart_Update queued :: obj_id e9b9435bd5ff3b50b308b8d054cc7366
2020-09-02T08:45:06+00:00 NOTICE abandoned_cart.success :: email: amoni.puata@gmail.com :: checkout_url: https://www.hotshot.nz/checkout/?mc_cart_id=e9b9435bd5ff3b50b308b8d054cc7366
2020-09-02T10:15:45+00:00 NOTICE action_scheduler.queue_job :: MailChimp_WooCommerce_User_Submit queued :: obj_id 620
2020-09-02T10:15:48+00:00 NOTICE member.sync :: Subscribed Member martha_ruruhira@hotmail.com :: Array
(
    [status_if_new] => 1
    [merge_fields] => Array
        (
            [FNAME] => Martha
            [LNAME] => Manuel
        )

)

2020-09-02T10:15:50+00:00 NOTICE action_scheduler.queue_job :: MailChimp_WooCommerce_User_Submit queued :: obj_id 620
2020-09-02T10:15:51+00:00 NOTICE action_scheduler.queue_job :: MailChimp_WooCommerce_Single_Order starts in 90 seconds :: obj_id 193092
2020-09-02T10:20:52+00:00 NOTICE order_sumbit :: #193092 has a financial status of pending and was skipped.
2020-09-02T13:40:42+00:00 NOTICE action_scheduler.queue_job :: MailChimp_WooCommerce_User_Submit queued :: obj_id 621
2020-09-02T13:40:44+00:00 NOTICE action_scheduler.queue_job :: MailChimp_WooCommerce_Single_Order starts in 90 seconds :: obj_id 193254
2020-09-02T13:41:21+00:00 NOTICE member.sync :: Subscribed Member susanngamotu4@gmail.com :: Array
(
    [status_if_new] => 1
    [merge_fields] => Array
        (
            [FNAME] => Susan
            [LNAME] => Ngamotu
        )

)

2020-09-02T13:43:02+00:00 NOTICE order_sumbit :: #193254 has a financial status of pending and was skipped.
2020-09-02T20:46:44+00:00 NOTICE action_scheduler.queue_job :: MailChimp_WooCommerce_Single_Order starts in 90 seconds :: obj_id 193536
2020-09-02T20:46:50+00:00 NOTICE debug :: Order ID 193536 was processing and is now completed :: Array
(
    [new_order] => 
    [tracking] => 
)

2020-09-02T20:46:50+00:00 NOTICE debug :: Order ID 193536 was pending and is now processing :: Array
(
    [new_order] => 1
    [tracking] => Array
        (
            [campaign_id] => 
            [landing_site] => 
        )

)

2020-09-02T20:53:16+00:00 NOTICE order.member.updated :: Updated prakash.thangarasu@gmail.com language to en
2020-09-02T20:53:16+00:00 NOTICE order_submit.success :: addStoreOrder :: #193536 :: email: prakash.thangarasu@gmail.com
2020-09-02T21:24:34+00:00 NOTICE action_scheduler.queue_job :: MailChimp_WooCommerce_Single_Order starts in 90 seconds :: obj_id 193589
2020-09-02T21:24:40+00:00 NOTICE debug :: Order ID 193589 was processing and is now completed :: Array
(
    [new_order] => 
    [tracking] => 
)

2020-09-02T21:24:41+00:00 NOTICE debug :: Order ID 193589 was pending and is now processing :: Array
(
    [new_order] => 1
    [tracking] => Array
        (
            [campaign_id] => 
            [landing_site] => 
        )

)

2020-09-02T21:26:39+00:00 NOTICE order.member.updated :: Updated leo.zhou.coder@hotmail.com language to en
2020-09-02T21:26:39+00:00 NOTICE order_submit.success :: addStoreOrder :: #193589 :: email: leo.zhou.coder@hotmail.com
