2020-10-12T00:39:22+00:00 NOTICE action_scheduler.queue_job :: MailChimp_WooCommerce_Single_Order starts in 90 seconds :: obj_id 240791
2020-10-12T00:41:39+00:00 NOTICE order_sumbit :: #240791 has a financial status of pending and was skipped.
2020-10-12T01:03:59+00:00 NOTICE action_scheduler.queue_job :: MailChimp_WooCommerce_User_Submit queued :: obj_id 717
2020-10-12T01:04:02+00:00 NOTICE member.sync :: Subscribed Member cjawad@hotmail.com :: Array
(
    [status_if_new] => 1
    [merge_fields] => Array
        (
            [FNAME] => Jawad
            [LNAME] => Ceyddique
        )

)

2020-10-12T01:04:02+00:00 NOTICE action_scheduler.queue_job :: MailChimp_WooCommerce_User_Submit queued :: obj_id 717
2020-10-12T01:04:04+00:00 NOTICE action_scheduler.queue_job :: MailChimp_WooCommerce_Single_Order starts in 90 seconds :: obj_id 257659
2020-10-12T01:05:40+00:00 NOTICE order_sumbit :: #257659 has a financial status of pending and was skipped.
2020-10-12T01:06:56+00:00 NOTICE action_scheduler.queue_job :: MailChimp_WooCommerce_Single_Order starts in 90 seconds :: obj_id 257668
2020-10-12T01:07:02+00:00 NOTICE debug :: Order ID 257668 was processing and is now completed :: Array
(
    [new_order] => 
    [tracking] => 
)

2020-10-12T01:07:02+00:00 NOTICE debug :: Order ID 257668 was pending and is now processing :: Array
(
    [new_order] => 1
    [tracking] => Array
        (
            [campaign_id] => 
            [landing_site] => 
        )

)

2020-10-12T01:07:32+00:00 NOTICE action_scheduler.queue_job :: MailChimp_WooCommerce_Single_Order starts in 90 seconds :: obj_id 257659
2020-10-12T01:07:35+00:00 NOTICE debug :: Order ID 257659 was pending and is now processing :: Array
(
    [new_order] => 1
    [tracking] => Array
        (
            [campaign_id] => 
            [landing_site] => https://www.hotshot.nz/?gclid=CjwKCAjwlID8BRAFEiwAnUoK1Tnr9bTsl67GpLPioyX2QcPaUaTCRpDSWA9m5ToitrILdXY9n0RnVRoCKfYQAvD_BwE
        )

)

2020-10-12T01:09:00+00:00 NOTICE order.member.updated :: Updated fawaz.rec@gmail.com language to en
2020-10-12T01:09:00+00:00 NOTICE order_submit.success :: addStoreOrder :: #257668 :: email: fawaz.rec@gmail.com
2020-10-12T01:09:44+00:00 NOTICE order_submit.success :: addStoreOrder :: #257659 :: email: cjawad@hotmail.com :: landing site https://www.hotshot.nz/?gclid=CjwKCAjwlID8BRAFEiwAnUoK1Tnr9bTsl67GpLPioyX2QcPaUaTCRpDSWA9m5ToitrILdXY9n0RnVRoCKfYQAvD_BwE
2020-10-12T01:27:11+00:00 NOTICE action_scheduler.queue_job :: MailChimp_WooCommerce_Cart_Update queued :: obj_id 67f6edb80061714b95b17e8e6a0957ac
2020-10-12T01:27:13+00:00 NOTICE abandoned_cart.success :: email: toartema@gmail.com :: checkout_url: https://www.hotshot.nz/checkout/?mc_cart_id=67f6edb80061714b95b17e8e6a0957ac
2020-10-12T01:27:14+00:00 NOTICE cart.member.updated :: Updated toartema@gmail.com language to en
2020-10-12T01:28:44+00:00 NOTICE action_scheduler.queue_job :: MailChimp_WooCommerce_User_Submit queued :: obj_id 667
2020-10-12T01:28:44+00:00 NOTICE action_scheduler.queue_job :: MailChimp_WooCommerce_Single_Order starts in 90 seconds :: obj_id 257725
2020-10-12T01:28:49+00:00 NOTICE debug :: Order ID 257725 was pending and is now completed :: Array
(
    [new_order] => 1
    [tracking] => Array
        (
            [campaign_id] => 
            [landing_site] => https://www.hotshot.nz/wp-admin/admin-ajax.php?action=mailchimp_set_user_by_email&email=toartema@gmail.com&language=en
        )

)

2020-10-12T01:29:00+00:00 NOTICE action_scheduler.queue_job :: MailChimp_WooCommerce_Cart_Update queued :: obj_id 67f6edb80061714b95b17e8e6a0957ac
2020-10-12T01:29:02+00:00 NOTICE member.sync :: Updated Member toartema@gmail.com ( merge fields only ) :: Array
(
    [merge_fields] => Array
        (
            [FNAME] => Artem
            [LNAME] => Anisimov
        )

)

2020-10-12T01:29:04+00:00 NOTICE abandoned_cart.success :: email: toartema@gmail.com :: checkout_url: https://www.hotshot.nz/checkout/?mc_cart_id=67f6edb80061714b95b17e8e6a0957ac
2020-10-12T01:30:01+00:00 NOTICE action_scheduler.queue_job :: MailChimp_WooCommerce_User_Submit queued :: obj_id 413
2020-10-12T01:30:05+00:00 NOTICE member.sync :: Updated Member sellarskarnae@gmail.com ( merge fields only ) :: Array
(
    [merge_fields] => Array
        (
            [FNAME] => Karnae
            [LNAME] => Sellars
        )

)

2020-10-12T01:30:06+00:00 NOTICE debug :: Order ID 244930 was processing and is now completed :: Array
(
    [new_order] => 
    [tracking] => 
)

2020-10-12T01:30:06+00:00 NOTICE action_scheduler.queue_job :: MailChimp_WooCommerce_Single_Order starts in 90 seconds :: obj_id 244930
2020-10-12T01:30:25+00:00 NOTICE order.member.updated :: Updated toartema@gmail.com language to en
2020-10-12T01:30:25+00:00 NOTICE order_submit.success :: addStoreOrder :: #257725 :: email: toartema@gmail.com :: landing site https://www.hotshot.nz/wp-admin/admin-ajax.php?action=mailchimp_set_user_by_email&email=toartema@gmail.com&language=en :: abandoned cart deleted [67f6edb80061714b95b17e8e6a0957ac]
2020-10-12T01:31:42+00:00 NOTICE order_submit.success :: updateStoreOrder :: #244930 :: email: sellarskarnae@gmail.com
2020-10-12T01:49:43+00:00 NOTICE action_scheduler.queue_job :: MailChimp_WooCommerce_User_Submit queued :: obj_id 413
2020-10-12T01:49:49+00:00 NOTICE debug :: Order ID 245256 was processing and is now completed :: Array
(
    [new_order] => 
    [tracking] => 
)

2020-10-12T01:49:49+00:00 NOTICE action_scheduler.queue_job :: MailChimp_WooCommerce_Single_Order starts in 90 seconds :: obj_id 245256
2020-10-12T01:50:00+00:00 NOTICE member.sync :: Updated Member sellarskarnae@gmail.com ( merge fields only ) :: Array
(
    [merge_fields] => Array
        (
            [FNAME] => Karnae
            [LNAME] => Sellars
        )

)

2020-10-12T01:51:22+00:00 NOTICE order_submit.success :: updateStoreOrder :: #245256 :: email: sellarskarnae@gmail.com
2020-10-12T01:52:18+00:00 NOTICE action_scheduler.queue_job :: MailChimp_WooCommerce_User_Submit queued :: obj_id 624
2020-10-12T01:52:20+00:00 NOTICE member.sync :: Updated Member krm1671@gmail.com ( merge fields only ) :: Array
(
    [merge_fields] => Array
        (
            [FNAME] => Kelvin
            [LNAME] => Martin
        )

)

2020-10-12T01:52:22+00:00 NOTICE debug :: Order ID 244909 was processing and is now completed :: Array
(
    [new_order] => 
    [tracking] => 
)

2020-10-12T01:52:22+00:00 NOTICE action_scheduler.queue_job :: MailChimp_WooCommerce_Single_Order starts in 90 seconds :: obj_id 244909
2020-10-12T01:53:59+00:00 NOTICE order_submit.success :: updateStoreOrder :: #244909 :: email: krm1671@gmail.com
2020-10-12T03:33:21+00:00 NOTICE action_scheduler.queue_job :: MailChimp_WooCommerce_Single_Order starts in 90 seconds :: obj_id 240791
2020-10-12T03:35:58+00:00 NOTICE order_sumbit :: #240791 has a financial status of pending and was skipped.
2020-10-12T03:39:34+00:00 NOTICE action_scheduler.queue_job :: MailChimp_WooCommerce_Single_Order starts in 90 seconds :: obj_id 243931
2020-10-12T03:41:06+00:00 NOTICE order_sumbit :: #243931 has a financial status of pending and was skipped.
2020-10-12T03:56:38+00:00 NOTICE action_scheduler.queue_job :: MailChimp_WooCommerce_Cart_Update queued :: obj_id ff72d64acb3d83c57d23813cbe61bae9
2020-10-12T03:57:06+00:00 NOTICE abandoned_cart.success :: email: clarrissayates3@gmail.com :: checkout_url: https://www.hotshot.nz/checkout/?mc_cart_id=ff72d64acb3d83c57d23813cbe61bae9
2020-10-12T03:57:07+00:00 NOTICE cart.member.updated :: Updated clarrissayates3@gmail.com language to en
2020-10-12T03:57:25+00:00 NOTICE action_scheduler.queue_job :: MailChimp_WooCommerce_Cart_Update queued :: obj_id ff72d64acb3d83c57d23813cbe61bae9
2020-10-12T03:57:25+00:00 NOTICE action_scheduler.queue_job :: MailChimp_WooCommerce_Cart_Update queued :: obj_id ff72d64acb3d83c57d23813cbe61bae9
2020-10-12T03:57:28+00:00 NOTICE abandoned_cart.success :: email: clarrissayates3@gmail.com :: checkout_url: https://www.hotshot.nz/checkout/?mc_cart_id=ff72d64acb3d83c57d23813cbe61bae9
2020-10-12T03:57:30+00:00 NOTICE abandoned_cart.success :: email: clarrissayates3@gmail.com :: checkout_url: https://www.hotshot.nz/checkout/?mc_cart_id=ff72d64acb3d83c57d23813cbe61bae9
2020-10-12T03:57:54+00:00 NOTICE action_scheduler.queue_job :: MailChimp_WooCommerce_User_Submit queued :: obj_id 686
2020-10-12T03:57:55+00:00 NOTICE action_scheduler.queue_job :: MailChimp_WooCommerce_Single_Order starts in 90 seconds :: obj_id 257978
2020-10-12T03:58:00+00:00 NOTICE member.sync :: Updated Member clarrissayates3@gmail.com ( merge fields only ) :: Array
(
    [merge_fields] => Array
        (
            [FNAME] => Clarrissa
            [LNAME] => Yates
        )

)

2020-10-12T03:58:16+00:00 NOTICE debug :: Order ID 257978 was pending and is now failed :: Array
(
    [new_order] => 
    [tracking] => 
)

2020-10-12T03:59:56+00:00 NOTICE system.debug :: order 257978 is in failed status, and is being skipped for now.
2020-10-12T04:06:05+00:00 NOTICE action_scheduler.queue_job :: MailChimp_WooCommerce_Single_Order starts in 90 seconds :: obj_id 250028
2020-10-12T04:07:55+00:00 NOTICE order_sumbit :: #250028 has a financial status of pending and was skipped.
2020-10-12T04:07:57+00:00 NOTICE action_scheduler.queue_job :: MailChimp_WooCommerce_Single_Order starts in 90 seconds :: obj_id 254699
2020-10-12T04:10:50+00:00 NOTICE order_sumbit :: #254699 has a financial status of pending and was skipped.
2020-10-12T04:24:18+00:00 NOTICE action_scheduler.queue_job :: MailChimp_WooCommerce_Single_Order starts in 90 seconds :: obj_id 254714
2020-10-12T04:27:06+00:00 NOTICE order_sumbit :: #254714 has a financial status of pending and was skipped.
2020-10-12T04:30:05+00:00 NOTICE action_scheduler.queue_job :: MailChimp_WooCommerce_Single_Order starts in 90 seconds :: obj_id 255814
2020-10-12T04:31:46+00:00 NOTICE order_sumbit :: #255814 has a financial status of pending and was skipped.
2020-10-12T05:14:07+00:00 NOTICE action_scheduler.queue_job :: MailChimp_WooCommerce_User_Submit queued :: obj_id 718
2020-10-12T05:14:09+00:00 NOTICE action_scheduler.queue_job :: MailChimp_WooCommerce_User_Submit queued :: obj_id 718
2020-10-12T05:14:10+00:00 NOTICE action_scheduler.queue_job :: MailChimp_WooCommerce_Single_Order starts in 90 seconds :: obj_id 258143
2020-10-12T05:14:13+00:00 NOTICE member.sync :: Subscribed Member bellawilliamhoepo@gmail.com :: Array
(
    [status_if_new] => 1
    [merge_fields] => Array
        (
            [FNAME] => Shannon
            [LNAME] => Davis
        )

)

2020-10-12T05:15:57+00:00 NOTICE order_sumbit :: #258143 has a financial status of pending and was skipped.
2020-10-12T05:15:57+00:00 NOTICE action_scheduler.queue_job :: MailChimp_WooCommerce_Cart_Update queued :: obj_id 0b94f292e29f57c43f822f5cf8f9e54c
2020-10-12T05:15:59+00:00 NOTICE abandoned_cart.success :: email: bellawilliamhoepo@gmail.com :: checkout_url: https://www.hotshot.nz/checkout/?mc_cart_id=0b94f292e29f57c43f822f5cf8f9e54c
2020-10-12T05:16:00+00:00 NOTICE cart.member.updated :: Updated bellawilliamhoepo@gmail.com language to en
2020-10-12T05:16:17+00:00 NOTICE action_scheduler.queue_job :: MailChimp_WooCommerce_User_Submit queued :: obj_id 718
2020-10-12T05:16:18+00:00 NOTICE action_scheduler.queue_job :: MailChimp_WooCommerce_Single_Order starts in 90 seconds :: obj_id 258156
2020-10-12T05:16:41+00:00 NOTICE member.sync :: Updated Member bellawilliamhoepo@gmail.com ( merge fields only ) :: Array
(
    [merge_fields] => Array
        (
            [FNAME] => Shannon
            [LNAME] => Davis
        )

)

2020-10-12T05:16:49+00:00 NOTICE debug :: Order ID 258156 was pending and is now failed :: Array
(
    [new_order] => 
    [tracking] => 
)

2020-10-12T05:21:11+00:00 NOTICE system.debug :: order 258156 is in failed status, and is being skipped for now.
2020-10-12T08:23:10+00:00 NOTICE action_scheduler.queue_job :: MailChimp_WooCommerce_Cart_Update queued :: obj_id 60e64e83c713b5b97d60d1fd91056d9d
2020-10-12T08:23:12+00:00 NOTICE abandoned_cart.success :: email: 509paraparatoatoa@gmail.com :: checkout_url: https://www.hotshot.nz/checkout/?mc_cart_id=60e64e83c713b5b97d60d1fd91056d9d
2020-10-12T08:23:13+00:00 NOTICE cart.member.updated :: Updated 509paraparatoatoa@gmail.com language to en
2020-10-12T08:24:22+00:00 NOTICE action_scheduler.queue_job :: MailChimp_WooCommerce_Cart_Update queued :: obj_id 60e64e83c713b5b97d60d1fd91056d9d
2020-10-12T08:24:24+00:00 NOTICE abandoned_cart.success :: email: 509paraparatoatoa@gmail.com :: checkout_url: https://www.hotshot.nz/checkout/?mc_cart_id=60e64e83c713b5b97d60d1fd91056d9d
2020-10-12T08:27:17+00:00 NOTICE action_scheduler.queue_job :: MailChimp_WooCommerce_Single_Order starts in 90 seconds :: obj_id 243931
2020-10-12T08:27:24+00:00 NOTICE action_scheduler.queue_job :: MailChimp_WooCommerce_User_Submit queued :: obj_id 379
2020-10-12T08:27:25+00:00 NOTICE debug :: Order ID 243931 was processing and is now completed :: Array
(
    [new_order] => 
    [tracking] => 
)

2020-10-12T08:27:25+00:00 NOTICE debug :: Order ID 243931 was pending and is now processing :: Array
(
    [new_order] => 1
    [tracking] => Array
        (
            [campaign_id] => 
            [landing_site] => 
        )

)

2020-10-12T08:28:36+00:00 NOTICE member.sync :: Updated Member 509paraparatoatoa@gmail.com ( merge fields only ) :: Array
(
    [merge_fields] => Array
        (
            [FNAME] => Joe
            [LNAME] => Reweti
        )

)

2020-10-12T08:29:15+00:00 NOTICE order_submit.success :: addStoreOrder :: #243931 :: email: 509paraparatoatoa@gmail.com :: abandoned cart deleted [60e64e83c713b5b97d60d1fd91056d9d]
2020-10-12T20:09:15+00:00 NOTICE action_scheduler.queue_job :: MailChimp_WooCommerce_Cart_Update queued :: obj_id 60e64e83c713b5b97d60d1fd91056d9d
2020-10-12T20:09:18+00:00 NOTICE abandoned_cart.success :: email: 509paraparatoatoa@gmail.com :: checkout_url: https://www.hotshot.nz/checkout/?mc_cart_id=60e64e83c713b5b97d60d1fd91056d9d
2020-10-12T20:09:19+00:00 NOTICE cart.member.updated :: Updated 509paraparatoatoa@gmail.com language to en
2020-10-12T20:09:19+00:00 NOTICE action_scheduler.queue_job :: MailChimp_WooCommerce_Cart_Update queued :: obj_id 60e64e83c713b5b97d60d1fd91056d9d
2020-10-12T20:09:21+00:00 NOTICE abandoned_cart.success :: email: 509paraparatoatoa@gmail.com :: checkout_url: https://www.hotshot.nz/checkout/?mc_cart_id=60e64e83c713b5b97d60d1fd91056d9d
2020-10-12T20:09:56+00:00 NOTICE action_scheduler.queue_job :: MailChimp_WooCommerce_User_Submit queued :: obj_id 379
2020-10-12T20:09:57+00:00 NOTICE action_scheduler.queue_job :: MailChimp_WooCommerce_Single_Order starts in 90 seconds :: obj_id 258757
2020-10-12T20:10:00+00:00 NOTICE member.sync :: Updated Member 509paraparatoatoa@gmail.com ( merge fields only ) :: Array
(
    [merge_fields] => Array
        (
            [FNAME] => Joe
            [LNAME] => Reweti
        )

)

2020-10-12T20:13:30+00:00 NOTICE order_sumbit :: #258757 has a financial status of pending and was skipped.
2020-10-12T22:02:39+00:00 NOTICE action_scheduler.queue_job :: MailChimp_WooCommerce_Cart_Update queued :: obj_id cf40e7e37636955c2ed9178393663547
2020-10-12T22:02:39+00:00 NOTICE action_scheduler.queue_job :: MailChimp_WooCommerce_Cart_Update queued :: obj_id cf40e7e37636955c2ed9178393663547
2020-10-12T22:02:43+00:00 NOTICE abandoned_cart.success :: email: naiafita11@gmail.com :: checkout_url: https://www.hotshot.nz/checkout/?mc_cart_id=cf40e7e37636955c2ed9178393663547
2020-10-12T22:02:44+00:00 NOTICE cart.member.updated :: Updated naiafita11@gmail.com language to en
2020-10-12T22:02:45+00:00 NOTICE abandoned_cart.success :: email: naiafita11@gmail.com :: checkout_url: https://www.hotshot.nz/checkout/?mc_cart_id=cf40e7e37636955c2ed9178393663547
2020-10-12T22:02:50+00:00 NOTICE action_scheduler.queue_job :: MailChimp_WooCommerce_User_Submit queued :: obj_id 719
2020-10-12T22:02:53+00:00 NOTICE action_scheduler.queue_job :: MailChimp_WooCommerce_Single_Order starts in 90 seconds :: obj_id 258915
2020-10-12T22:02:54+00:00 NOTICE member.sync :: Updated Member naiafita11@gmail.com :: Array
(
    [previous_status] => transactional
    [status] => 1
    [merge_fields] => Array
        (
            [FNAME] => Shania
            [LNAME] => Tongalahi-Fififta
        )

)

2020-10-12T22:07:17+00:00 NOTICE order_sumbit :: #258915 has a financial status of pending and was skipped.
2020-10-12T22:26:13+00:00 NOTICE action_scheduler.queue_job :: MailChimp_WooCommerce_User_Submit queued :: obj_id 686
2020-10-12T22:26:17+00:00 NOTICE debug :: Order ID 236234 was processing and is now completed :: Array
(
    [new_order] => 
    [tracking] => 
)

2020-10-12T22:26:17+00:00 NOTICE action_scheduler.queue_job :: MailChimp_WooCommerce_Single_Order starts in 90 seconds :: obj_id 236234
2020-10-12T22:26:18+00:00 NOTICE member.sync :: Updated Member clarrissayates3@gmail.com ( merge fields only ) :: Array
(
    [merge_fields] => Array
        (
            [FNAME] => Clarrissa
            [LNAME] => Yates
        )

)

2020-10-12T22:28:29+00:00 NOTICE order_submit.success :: updateStoreOrder :: #236234 :: email: clarrissayates3@gmail.com :: abandoned cart deleted [ff72d64acb3d83c57d23813cbe61bae9]
2020-10-12T23:10:38+00:00 NOTICE action_scheduler.queue_job :: MailChimp_WooCommerce_Cart_Update queued :: obj_id 3d39cf2fc1d08a654b057e756c501cab
2020-10-12T23:10:54+00:00 NOTICE action_scheduler.queue_job :: MailChimp_WooCommerce_User_Submit queued :: obj_id 643
2020-10-12T23:10:54+00:00 NOTICE action_scheduler.queue_job :: MailChimp_WooCommerce_Single_Order starts in 90 seconds :: obj_id 259029
2020-10-12T23:11:08+00:00 NOTICE abandoned_cart.success :: email: courtenay.cutforth@gmail.com :: checkout_url: https://www.hotshot.nz/checkout/?mc_cart_id=3d39cf2fc1d08a654b057e756c501cab
2020-10-12T23:11:09+00:00 NOTICE cart.member.updated :: Updated courtenay.cutforth@gmail.com language to en
2020-10-12T23:11:11+00:00 NOTICE member.sync :: Updated Member courtenay.cutforth@gmail.com ( merge fields only ) :: Array
(
    [merge_fields] => Array
        (
            [FNAME] => Courtenay-Jayne
            [LNAME] => Cutforth-Cox
        )

)

2020-10-12T23:11:38+00:00 NOTICE debug :: Order ID 259029 was pending and is now processing :: Array
(
    [new_order] => 1
    [tracking] => Array
        (
            [campaign_id] => 
            [landing_site] => https://www.hotshot.nz/?gclid=CjwKCAjw_Y_8BRBiEiwA5MCBJphfuk3h360dCSlUje8Um2_XpIpTI36BJa9_DCTbQNtMn7aggxyw0hoCwggQAvD_BwE
        )

)

2020-10-12T23:14:23+00:00 NOTICE order.member.updated :: Updated courtenay.cutforth@gmail.com language to en
2020-10-12T23:14:23+00:00 NOTICE order_submit.success :: addStoreOrder :: #259029 :: email: courtenay.cutforth@gmail.com :: landing site https://www.hotshot.nz/?gclid=CjwKCAjw_Y_8BRBiEiwA5MCBJphfuk3h360dCSlUje8Um2_XpIpTI36BJa9_DCTbQNtMn7aggxyw0hoCwggQAvD_BwE :: abandoned cart deleted [3d39cf2fc1d08a654b057e756c501cab]
