2020-10-28T00:22:08+00:00 NOTICE action_scheduler.queue_job :: MailChimp_WooCommerce_Single_Order starts in 90 seconds :: obj_id 286449
2020-10-28T00:22:11+00:00 NOTICE action_scheduler.queue_job :: MailChimp_WooCommerce_User_Submit queued :: obj_id 619
2020-10-28T00:22:13+00:00 NOTICE debug :: Order ID 286449 was processing and is now completed :: Array
(
    [new_order] => 
    [tracking] => 
)

2020-10-28T00:22:13+00:00 NOTICE debug :: Order ID 286449 was pending and is now processing :: Array
(
    [new_order] => 1
    [tracking] => Array
        (
            [campaign_id] => 
            [landing_site] => https://www.hotshot.nz/?wc-ajax=update_order_review
        )

)

2020-10-28T00:22:16+00:00 NOTICE member.sync :: Updated Member amoni.puata@gmail.com ( merge fields only ) :: Array
(
    [merge_fields] => Array
        (
            [FNAME] => Amoni
            [LNAME] => Puata
        )

)

2020-10-28T00:24:19+00:00 NOTICE order.member.updated :: Updated amoni.puata@gmail.com language to en
2020-10-28T00:24:19+00:00 NOTICE order_submit.success :: addStoreOrder :: #286449 :: email: amoni.puata@gmail.com
2020-10-28T00:27:21+00:00 NOTICE action_scheduler.queue_job :: MailChimp_WooCommerce_Single_Order starts in 90 seconds :: obj_id 286467
2020-10-28T00:27:24+00:00 NOTICE action_scheduler.queue_job :: MailChimp_WooCommerce_User_Submit queued :: obj_id 624
2020-10-28T00:27:26+00:00 NOTICE debug :: Order ID 286467 was processing and is now completed :: Array
(
    [new_order] => 
    [tracking] => 
)

2020-10-28T00:27:27+00:00 NOTICE debug :: Order ID 286467 was pending and is now processing :: Array
(
    [new_order] => 1
    [tracking] => Array
        (
            [campaign_id] => 
            [landing_site] => https://www.hotshot.nz/
        )

)

2020-10-28T00:27:29+00:00 NOTICE member.sync :: Updated Member krm1671@gmail.com ( merge fields only ) :: Array
(
    [merge_fields] => Array
        (
            [FNAME] => Kelvin
            [LNAME] => Martin
        )

)

2020-10-28T00:29:29+00:00 NOTICE order.member.updated :: Updated krm1671@gmail.com language to en
2020-10-28T00:29:29+00:00 NOTICE order_submit.success :: addStoreOrder :: #286467 :: email: krm1671@gmail.com :: landing site https://www.hotshot.nz/wp-admin/admin-ajax.php
2020-10-28T00:46:40+00:00 NOTICE action_scheduler.queue_job :: MailChimp_WooCommerce_Single_Order starts in 90 seconds :: obj_id 267297
2020-10-28T00:48:43+00:00 NOTICE order_sumbit :: #267297 has a financial status of pending and was skipped.
2020-10-28T00:51:35+00:00 NOTICE action_scheduler.queue_job :: MailChimp_WooCommerce_User_Submit queued :: obj_id 572
2020-10-28T00:51:38+00:00 NOTICE member.sync :: Updated Member pureromancechanelle@gmail.com ( merge fields only ) :: Array
(
    [merge_fields] => Array
        (
            [FNAME] => Chanelle
            [LNAME] => Mansfield
        )

)

2020-10-28T00:51:39+00:00 NOTICE debug :: Order ID 284504 was processing and is now completed :: Array
(
    [new_order] => 
    [tracking] => 
)

2020-10-28T00:51:39+00:00 NOTICE action_scheduler.queue_job :: MailChimp_WooCommerce_Single_Order starts in 90 seconds :: obj_id 284504
2020-10-28T00:51:39+00:00 NOTICE debug :: Order ID 284504 was pending and is now processing :: Array
(
    [new_order] => 1
    [tracking] => Array
        (
            [campaign_id] => 
            [landing_site] => https://www.hotshot.nz/?gclid=Cj0KCQjwsuP5BRCoARIsAPtX_wEaCvwSZbouZFCqrFvRZDLHtzKH3a6NNqNZwY49sWtSJdMv91XDftoaAurtEALw_wcB
        )

)

2020-10-28T00:53:34+00:00 NOTICE order_submit.success :: addStoreOrder :: #284504 :: email: pureromancechanelle@gmail.com
2020-10-28T01:26:03+00:00 NOTICE action_scheduler.queue_job :: MailChimp_WooCommerce_User_Submit queued :: obj_id 762
2020-10-28T01:26:08+00:00 NOTICE debug :: Order ID 284195 was processing and is now completed :: Array
(
    [new_order] => 
    [tracking] => 
)

2020-10-28T01:26:09+00:00 NOTICE action_scheduler.queue_job :: MailChimp_WooCommerce_Single_Order starts in 90 seconds :: obj_id 284195
2020-10-28T01:26:24+00:00 NOTICE member.sync :: Updated Member amijowalters@gmail.com ( merge fields only ) :: Array
(
    [merge_fields] => Array
        (
            [FNAME] => Amijo
            [LNAME] => Walters
        )

)

2020-10-28T01:28:17+00:00 NOTICE order_submit.success :: updateStoreOrder :: #284195 :: email: amijowalters@gmail.com
2020-10-28T01:35:24+00:00 NOTICE action_scheduler.queue_job :: MailChimp_WooCommerce_Cart_Update queued :: obj_id ba28229dd2d9117c23b143e014e72f78
2020-10-28T01:36:06+00:00 NOTICE abandoned_cart.success :: email: tuituitavi89@gmail.com :: checkout_url: https://www.hotshot.nz/checkout/?mc_cart_id=ba28229dd2d9117c23b143e014e72f78
2020-10-28T01:36:06+00:00 NOTICE cart.member.updated :: Updated tuituitavi89@gmail.com language to en
2020-10-28T01:48:51+00:00 NOTICE action_scheduler.queue_job :: MailChimp_WooCommerce_Single_Order starts in 90 seconds :: obj_id 274842
2020-10-28T01:51:05+00:00 NOTICE order_sumbit :: #274842 has a financial status of pending and was skipped.
2020-10-28T01:51:37+00:00 NOTICE action_scheduler.queue_job :: MailChimp_WooCommerce_Single_Order starts in 90 seconds :: obj_id 282944
2020-10-28T01:52:15+00:00 NOTICE action_scheduler.queue_job :: MailChimp_WooCommerce_Cart_Update queued :: obj_id 355bc52f7aac9b1ff843bcac5c82c3a3
2020-10-28T01:52:17+00:00 NOTICE abandoned_cart.success :: email: fernandesreenag@gmail.com :: checkout_url: https://www.hotshot.nz/checkout/?mc_cart_id=355bc52f7aac9b1ff843bcac5c82c3a3
2020-10-28T01:52:18+00:00 NOTICE cart.member.updated :: Updated fernandesreenag@gmail.com language to en
2020-10-28T01:52:38+00:00 NOTICE ac.cart_swap :: Deleted cart [fernandesreenag@gmail.com] :: ID [355bc52f7aac9b1ff843bcac5c82c3a3]
2020-10-28T01:52:39+00:00 NOTICE action_scheduler.queue_job :: MailChimp_WooCommerce_Cart_Update queued :: obj_id 5c4e4e0f96b68a257188cc7aca024043
2020-10-28T01:53:20+00:00 NOTICE abandoned_cart.success :: email: reena_fernandes@msn.com :: checkout_url: https://www.hotshot.nz/checkout/?mc_cart_id=5c4e4e0f96b68a257188cc7aca024043
2020-10-28T01:53:21+00:00 NOTICE cart.member.updated :: Updated reena_fernandes@msn.com language to en
2020-10-28T01:53:23+00:00 NOTICE order_sumbit :: #282944 has a financial status of pending and was skipped.
2020-10-28T01:55:22+00:00 NOTICE action_scheduler.queue_job :: MailChimp_WooCommerce_User_Submit queued :: obj_id 766
2020-10-28T01:55:25+00:00 NOTICE member.sync :: Updated Member reena_fernandes@msn.com :: Array
(
    [previous_status] => transactional
    [status] => 1
    [merge_fields] => Array
        (
            [FNAME] => Reena
            [LNAME] => Fernandes
        )

)

2020-10-28T01:55:25+00:00 NOTICE action_scheduler.queue_job :: MailChimp_WooCommerce_User_Submit queued :: obj_id 766
2020-10-28T01:55:26+00:00 NOTICE action_scheduler.queue_job :: MailChimp_WooCommerce_Single_Order starts in 90 seconds :: obj_id 286706
2020-10-28T01:56:36+00:00 NOTICE debug :: Order ID 286706 was pending and is now processing :: Array
(
    [new_order] => 1
    [tracking] => Array
        (
            [campaign_id] => 
            [landing_site] => https://www.hotshot.nz/
        )

)

2020-10-28T01:58:28+00:00 NOTICE order.member.updated :: Updated reena_fernandes@msn.com language to en
2020-10-28T01:58:28+00:00 NOTICE order_submit.success :: addStoreOrder :: #286706 :: email: reena_fernandes@msn.com :: landing site https://www.hotshot.nz/ :: abandoned cart deleted [5c4e4e0f96b68a257188cc7aca024043]
2020-10-28T02:11:48+00:00 NOTICE action_scheduler.queue_job :: MailChimp_WooCommerce_Single_Order starts in 90 seconds :: obj_id 286753
2020-10-28T02:11:53+00:00 NOTICE action_scheduler.queue_job :: MailChimp_WooCommerce_User_Submit queued :: obj_id 552
2020-10-28T02:11:55+00:00 NOTICE debug :: Order ID 286753 was processing and is now completed :: Array
(
    [new_order] => 
    [tracking] => 
)

2020-10-28T02:11:56+00:00 NOTICE debug :: Order ID 286753 was pending and is now processing :: Array
(
    [new_order] => 1
    [tracking] => Array
        (
            [campaign_id] => 
            [landing_site] => https://www.hotshot.nz/
        )

)

2020-10-28T02:11:59+00:00 NOTICE member.sync :: Updated Member phyllis-v@outlook.com ( merge fields only ) :: Array
(
    [merge_fields] => Array
        (
            [FNAME] => Phyllis
            [LNAME] => Vaughan
        )

)

2020-10-28T02:13:36+00:00 NOTICE order.member.updated :: Updated phyllis-v@outlook.com language to en
2020-10-28T02:13:36+00:00 NOTICE order_submit.success :: addStoreOrder :: #286753 :: email: phyllis-v@outlook.com :: landing site https://www.hotshot.nz/wp-admin/admin-ajax.php
2020-10-28T02:16:20+00:00 NOTICE action_scheduler.queue_job :: MailChimp_WooCommerce_Single_Order starts in 90 seconds :: obj_id 286777
2020-10-28T02:16:24+00:00 NOTICE action_scheduler.queue_job :: MailChimp_WooCommerce_User_Submit queued :: obj_id 87
2020-10-28T02:16:26+00:00 NOTICE debug :: Order ID 286777 was processing and is now completed :: Array
(
    [new_order] => 
    [tracking] => 
)

2020-10-28T02:16:26+00:00 NOTICE debug :: Order ID 286777 was pending and is now processing :: Array
(
    [new_order] => 1
    [tracking] => Array
        (
            [campaign_id] => 
            [landing_site] => 
        )

)

2020-10-28T02:16:28+00:00 NOTICE member.sync :: Updated Member ccardenasp@gmail.com ( merge fields only ) :: Array
(
    [merge_fields] => Array
        (
            [FNAME] => Cristobal
            [LNAME] => Cardenas Pasten
        )

)

2020-10-28T02:17:59+00:00 NOTICE order.member.updated :: Updated ccardenasp@gmail.com language to en
2020-10-28T02:17:59+00:00 NOTICE order_submit.success :: addStoreOrder :: #286777 :: email: ccardenasp@gmail.com
2020-10-28T02:18:00+00:00 NOTICE action_scheduler.queue_job :: MailChimp_WooCommerce_Single_Order starts in 90 seconds :: obj_id 286797
2020-10-28T02:20:08+00:00 NOTICE order_sumbit :: #286797 has a financial status of pending and was skipped.
2020-10-28T02:20:57+00:00 NOTICE action_scheduler.queue_job :: MailChimp_WooCommerce_Single_Order starts in 90 seconds :: obj_id 16201
2020-10-28T02:22:42+00:00 NOTICE order_submit.success :: updateStoreOrder :: #16201 :: email: lephamthuthao@gmail.com
2020-10-28T03:11:28+00:00 NOTICE action_scheduler.queue_job :: MailChimp_WooCommerce_Single_Order starts in 90 seconds :: obj_id 286890
2020-10-28T03:13:00+00:00 NOTICE order_sumbit :: #286890 has a financial status of pending and was skipped.
2020-10-28T04:28:01+00:00 NOTICE action_scheduler.queue_job :: MailChimp_WooCommerce_User_Submit queued :: obj_id 767
2020-10-28T04:28:05+00:00 NOTICE action_scheduler.queue_job :: MailChimp_WooCommerce_Single_Order starts in 90 seconds :: obj_id 287007
2020-10-28T04:28:24+00:00 NOTICE member.sync :: Subscribed Member missitaylor13@gmail.com :: Array
(
    [status_if_new] => 1
    [merge_fields] => Array
        (
            [FNAME] => Melissa
            [LNAME] => Taylor
        )

)

2020-10-28T04:28:58+00:00 NOTICE debug :: Order ID 287007 was pending and is now failed :: Array
(
    [new_order] => 
    [tracking] => 
)

2020-10-28T04:29:15+00:00 NOTICE action_scheduler.queue_job :: MailChimp_WooCommerce_Cart_Update queued :: obj_id 7f130923635c1c88e87fa139616c2b7e
2020-10-28T04:29:23+00:00 NOTICE abandoned_cart.success :: email: missitaylor13@gmail.com :: checkout_url: https://www.hotshot.nz/checkout/?mc_cart_id=7f130923635c1c88e87fa139616c2b7e
2020-10-28T04:29:24+00:00 NOTICE cart.member.updated :: Updated missitaylor13@gmail.com language to en
2020-10-28T04:29:30+00:00 NOTICE action_scheduler.queue_job :: MailChimp_WooCommerce_User_Submit queued :: obj_id 767
2020-10-28T04:30:22+00:00 NOTICE member.sync :: Updated Member missitaylor13@gmail.com ( merge fields only ) :: Array
(
    [merge_fields] => Array
        (
            [FNAME] => Melissa
            [LNAME] => Taylor
        )

)

2020-10-28T04:30:28+00:00 NOTICE system.debug :: order 287007 is in failed status, and is being skipped for now.
2020-10-28T04:30:54+00:00 NOTICE action_scheduler.queue_job :: MailChimp_WooCommerce_Single_Order starts in 90 seconds :: obj_id 287007
2020-10-28T04:30:56+00:00 NOTICE debug :: Order ID 287007 was failed and is now processing :: Array
(
    [new_order] => 
    [tracking] => 
)

2020-10-28T04:33:05+00:00 NOTICE order_submit.success :: addStoreOrder :: #287007 :: email: missitaylor13@gmail.com :: landing site https://www.hotshot.nz/?wc-ajax=get_refreshed_fragments :: abandoned cart deleted [7f130923635c1c88e87fa139616c2b7e]
2020-10-28T05:52:19+00:00 NOTICE action_scheduler.queue_job :: MailChimp_WooCommerce_Cart_Update queued :: obj_id c669b2887c0f323df8d63ba563ab71a0
2020-10-28T05:52:31+00:00 NOTICE abandoned_cart.success :: email: liamreich7n7@gmail.com :: checkout_url: https://www.hotshot.nz/checkout/?mc_cart_id=c669b2887c0f323df8d63ba563ab71a0
2020-10-28T05:52:32+00:00 NOTICE cart.member.updated :: Updated liamreich7n7@gmail.com language to en
2020-10-28T05:52:40+00:00 NOTICE action_scheduler.queue_job :: MailChimp_WooCommerce_User_Submit queued :: obj_id 186
2020-10-28T05:53:16+00:00 NOTICE action_scheduler.queue_job :: MailChimp_WooCommerce_Single_Order starts in 90 seconds :: obj_id 267297
2020-10-28T05:53:16+00:00 NOTICE debug :: Order ID 267297 was pending and is now failed :: Array
(
    [new_order] => 
    [tracking] => 
)

2020-10-28T05:53:29+00:00 NOTICE member.sync :: Updated Member liamreich7n7@gmail.com ( merge fields only ) :: Array
(
    [merge_fields] => Array
        (
            [FNAME] => Michael
            [LNAME] => Canning
        )

)

2020-10-28T05:58:52+00:00 NOTICE system.debug :: order 267297 is in failed status, and is being skipped for now.
2020-10-28T06:14:24+00:00 NOTICE action_scheduler.queue_job :: MailChimp_WooCommerce_Cart_Update queued :: obj_id c669b2887c0f323df8d63ba563ab71a0
2020-10-28T06:14:45+00:00 NOTICE abandoned_cart.success :: email: liamreich7n7@gmail.com :: checkout_url: https://www.hotshot.nz/checkout/?mc_cart_id=c669b2887c0f323df8d63ba563ab71a0
2020-10-28T06:14:45+00:00 ERROR action_scheduler.process_job.fail :: Job MailChimp_WooCommerce_Cart_Update not found at wp__mailchimp_jobs database table :: obj_id c669b2887c0f323df8d63ba563ab71a0
2020-10-28T06:33:18+00:00 NOTICE action_scheduler.queue_job :: MailChimp_WooCommerce_User_Submit queued :: obj_id 768
2020-10-28T06:33:22+00:00 NOTICE action_scheduler.queue_job :: MailChimp_WooCommerce_Single_Order starts in 90 seconds :: obj_id 287131
2020-10-28T06:33:23+00:00 NOTICE member.sync :: Subscribed Member arhlene.marz@gmail.com :: Array
(
    [status_if_new] => 1
    [merge_fields] => Array
        (
            [FNAME] => Arhlene
            [LNAME] => Marz
        )

)

2020-10-28T06:35:10+00:00 NOTICE debug :: Order ID 287131 was pending and is now processing :: Array
(
    [new_order] => 1
    [tracking] => Array
        (
            [campaign_id] => 
            [landing_site] => https://www.hotshot.nz/
        )

)

2020-10-28T06:38:29+00:00 NOTICE order.member.updated :: Updated arhlene.marz@gmail.com language to en
2020-10-28T06:38:29+00:00 NOTICE order_submit.success :: addStoreOrder :: #287131 :: email: arhlene.marz@gmail.com :: landing site https://www.hotshot.nz/
2020-10-28T08:11:21+00:00 NOTICE action_scheduler.queue_job :: MailChimp_WooCommerce_Cart_Update queued :: obj_id 50bc844aebe1b05b56c13c4a77cfc6c6
2020-10-28T08:11:23+00:00 NOTICE abandoned_cart.success :: email: tyngo13888@gmail.com :: checkout_url: https://www.hotshot.nz/checkout/?mc_cart_id=50bc844aebe1b05b56c13c4a77cfc6c6
2020-10-28T08:11:24+00:00 NOTICE cart.member.updated :: Updated tyngo13888@gmail.com language to en
2020-10-28T12:29:30+00:00 NOTICE action_scheduler.queue_job :: MailChimp_WooCommerce_Cart_Update queued :: obj_id c669b2887c0f323df8d63ba563ab71a0
2020-10-28T12:29:37+00:00 NOTICE abandoned_cart.success :: email: liamreich7n7@gmail.com :: checkout_url: https://www.hotshot.nz/checkout/?mc_cart_id=c669b2887c0f323df8d63ba563ab71a0
2020-10-28T12:29:38+00:00 NOTICE cart.member.updated :: Updated liamreich7n7@gmail.com language to en
2020-10-28T12:29:46+00:00 NOTICE action_scheduler.queue_job :: MailChimp_WooCommerce_Cart_Update queued :: obj_id c669b2887c0f323df8d63ba563ab71a0
2020-10-28T12:29:54+00:00 NOTICE abandoned_cart.success :: email: liamreich7n7@gmail.com :: checkout_url: https://www.hotshot.nz/checkout/?mc_cart_id=c669b2887c0f323df8d63ba563ab71a0
2020-10-28T12:30:36+00:00 NOTICE action_scheduler.queue_job :: MailChimp_WooCommerce_Cart_Update queued :: obj_id c669b2887c0f323df8d63ba563ab71a0
2020-10-28T12:30:38+00:00 NOTICE abandoned_cart.success :: email: liamreich7n7@gmail.com :: checkout_url: https://www.hotshot.nz/checkout/?mc_cart_id=c669b2887c0f323df8d63ba563ab71a0
2020-10-28T12:31:42+00:00 NOTICE action_scheduler.queue_job :: MailChimp_WooCommerce_Cart_Update queued :: obj_id c669b2887c0f323df8d63ba563ab71a0
2020-10-28T12:39:02+00:00 NOTICE abandoned_cart.success :: email: liamreich7n7@gmail.com :: checkout_url: https://www.hotshot.nz/checkout/?mc_cart_id=c669b2887c0f323df8d63ba563ab71a0
2020-10-28T20:33:57+00:00 NOTICE action_scheduler.queue_job :: MailChimp_WooCommerce_Single_Order starts in 90 seconds :: obj_id 287608
2020-10-28T20:34:05+00:00 NOTICE debug :: Order ID 287608 was processing and is now completed :: Array
(
    [new_order] => 
    [tracking] => 
)

2020-10-28T20:34:05+00:00 NOTICE debug :: Order ID 287608 was pending and is now processing :: Array
(
    [new_order] => 1
    [tracking] => Array
        (
            [campaign_id] => 
            [landing_site] => 
        )

)

2020-10-28T20:35:36+00:00 NOTICE order.member.updated :: Updated sajanjkurian@gmail.com language to en
2020-10-28T20:35:36+00:00 NOTICE order_submit.success :: addStoreOrder :: #287608 :: email: sajanjkurian@gmail.com
2020-10-28T21:41:22+00:00 NOTICE action_scheduler.queue_job :: MailChimp_WooCommerce_User_Submit queued :: obj_id 769
2020-10-28T21:41:25+00:00 NOTICE action_scheduler.queue_job :: MailChimp_WooCommerce_Single_Order starts in 90 seconds :: obj_id 287726
2020-10-28T21:41:30+00:00 NOTICE member.sync :: Subscribed Member joanransfield@gmail.com :: Array
(
    [status_if_new] => 1
    [merge_fields] => Array
        (
            [FNAME] => Joan
            [LNAME] => Ransfield
        )

)

2020-10-28T21:42:01+00:00 NOTICE debug :: Order ID 287726 was pending and is now failed :: Array
(
    [new_order] => 
    [tracking] => 
)

2020-10-28T21:43:30+00:00 NOTICE system.debug :: order 287726 is in failed status, and is being skipped for now.
2020-10-28T21:48:51+00:00 NOTICE action_scheduler.queue_job :: MailChimp_WooCommerce_Single_Order starts in 90 seconds :: obj_id 287756
2020-10-28T21:48:55+00:00 NOTICE action_scheduler.queue_job :: MailChimp_WooCommerce_User_Submit queued :: obj_id 694
2020-10-28T21:48:57+00:00 NOTICE debug :: Order ID 287756 was processing and is now completed :: Array
(
    [new_order] => 
    [tracking] => 
)

2020-10-28T21:48:57+00:00 NOTICE debug :: Order ID 287756 was pending and is now processing :: Array
(
    [new_order] => 1
    [tracking] => Array
        (
            [campaign_id] => 
            [landing_site] => https://www.hotshot.nz/wp-admin/admin-ajax.php
        )

)

2020-10-28T21:48:59+00:00 NOTICE member.sync :: Updated Member Daniel.datt2018@Gmail.com ( merge fields only ) :: Array
(
    [merge_fields] => Array
        (
            [FNAME] => Daniel
            [LNAME] => Datt
        )

)

2020-10-28T21:50:56+00:00 NOTICE order.member.updated :: Updated Daniel.datt2018@Gmail.com language to en
2020-10-28T21:50:56+00:00 NOTICE order_submit.success :: addStoreOrder :: #287756 :: email: Daniel.datt2018@Gmail.com
2020-10-28T22:00:17+00:00 NOTICE action_scheduler.queue_job :: MailChimp_WooCommerce_Single_Order starts in 90 seconds :: obj_id 287782
2020-10-28T22:00:26+00:00 NOTICE debug :: Order ID 287782 was processing and is now completed :: Array
(
    [new_order] => 
    [tracking] => 
)

2020-10-28T22:00:26+00:00 NOTICE debug :: Order ID 287782 was pending and is now processing :: Array
(
    [new_order] => 1
    [tracking] => Array
        (
            [campaign_id] => 
            [landing_site] => https://www.hotshot.nz/?wc-ajax=get_refreshed_fragments
        )

)

2020-10-28T22:03:09+00:00 NOTICE order.member.updated :: Updated simonjonesbusiness@gmail.com language to en
2020-10-28T22:03:09+00:00 NOTICE order_submit.success :: addStoreOrder :: #287782 :: email: simonjonesbusiness@gmail.com :: landing site https://www.hotshot.nz/?wc-ajax=get_refreshed_fragments
2020-10-28T22:24:27+00:00 NOTICE action_scheduler.queue_job :: MailChimp_WooCommerce_Single_Order starts in 90 seconds :: obj_id 287822
2020-10-28T22:26:55+00:00 NOTICE order_sumbit :: #287822 has a financial status of pending and was skipped.
2020-10-28T22:31:32+00:00 NOTICE action_scheduler.queue_job :: MailChimp_WooCommerce_Cart_Update queued :: obj_id c669b2887c0f323df8d63ba563ab71a0
2020-10-28T22:33:00+00:00 NOTICE abandoned_cart.success :: email: liamreich7n7@gmail.com :: checkout_url: https://www.hotshot.nz/checkout/?mc_cart_id=c669b2887c0f323df8d63ba563ab71a0
2020-10-28T22:33:01+00:00 NOTICE cart.member.updated :: Updated liamreich7n7@gmail.com language to en
2020-10-28T23:22:38+00:00 NOTICE action_scheduler.queue_job :: MailChimp_WooCommerce_Single_Order starts in 90 seconds :: obj_id 287887
2020-10-28T23:22:43+00:00 NOTICE action_scheduler.queue_job :: MailChimp_WooCommerce_User_Submit queued :: obj_id 468
2020-10-28T23:22:45+00:00 NOTICE debug :: Order ID 287887 was processing and is now completed :: Array
(
    [new_order] => 
    [tracking] => 
)

2020-10-28T23:22:45+00:00 NOTICE debug :: Order ID 287887 was pending and is now processing :: Array
(
    [new_order] => 1
    [tracking] => Array
        (
            [campaign_id] => 
            [landing_site] => https://www.hotshot.nz/?gclid=EAIaIQobChMI9teryPiW6gIVTQ4rCh1N-QaWEAAYAiAAEgIdkfD_BwE
        )

)

2020-10-28T23:22:55+00:00 NOTICE member.sync :: Updated Member blake.sandri@ccamatil.com ( merge fields only ) :: Array
(
    [merge_fields] => Array
        (
            [FNAME] => Blake
            [LNAME] => Sandri
        )

)

2020-10-28T23:25:45+00:00 NOTICE order.member.updated :: Updated blake.sandri@ccamatil.com language to en
2020-10-28T23:25:45+00:00 NOTICE order_submit.success :: addStoreOrder :: #287887 :: email: blake.sandri@ccamatil.com :: landing site https://www.hotshot.nz/wp-admin/admin-ajax.php
2020-10-28T23:52:15+00:00 NOTICE action_scheduler.queue_job :: MailChimp_WooCommerce_Cart_Update queued :: obj_id ba28229dd2d9117c23b143e014e72f78
2020-10-28T23:52:19+00:00 NOTICE abandoned_cart.success :: email: tuituitavi89@gmail.com :: checkout_url: https://www.hotshot.nz/checkout/?mc_cart_id=ba28229dd2d9117c23b143e014e72f78
2020-10-28T23:52:20+00:00 NOTICE cart.member.updated :: Updated tuituitavi89@gmail.com language to en
2020-10-28T23:52:33+00:00 NOTICE action_scheduler.queue_job :: MailChimp_WooCommerce_User_Submit queued :: obj_id 757
2020-10-28T23:52:34+00:00 NOTICE action_scheduler.queue_job :: MailChimp_WooCommerce_Single_Order starts in 90 seconds :: obj_id 287944
2020-10-28T23:53:24+00:00 NOTICE debug :: Order ID 287944 was pending and is now failed :: Array
(
    [new_order] => 
    [tracking] => 
)

2020-10-28T23:53:25+00:00 NOTICE member.sync :: Updated Member tuituitavi89@gmail.com ( merge fields only ) :: Array
(
    [merge_fields] => Array
        (
            [FNAME] => Maria
            [LNAME] => Lam Sam
        )

)

2020-10-28T23:56:17+00:00 NOTICE system.debug :: order 287944 is in failed status, and is being skipped for now.
