2020-10-22T00:00:21+00:00 NOTICE order_sumbit :: #267297 has a financial status of pending and was skipped.
2020-10-22T01:13:42+00:00 NOTICE debug :: Order ID 269689 was processing and is now completed :: Array
(
    [new_order] => 
    [tracking] => 
)

2020-10-22T01:13:43+00:00 NOTICE action_scheduler.queue_job :: MailChimp_WooCommerce_Single_Order starts in 90 seconds :: obj_id 269689
2020-10-22T01:13:43+00:00 NOTICE debug :: Order ID 269689 was pending and is now processing :: Array
(
    [new_order] => 1
    [tracking] => Array
        (
            [campaign_id] => 
            [landing_site] => 
        )

)

2020-10-22T01:15:20+00:00 NOTICE order_submit.success :: addStoreOrder :: #269689 :: email: Jaysonhazel@outlook.co.nz
2020-10-22T01:15:21+00:00 NOTICE action_scheduler.queue_job :: MailChimp_WooCommerce_Single_Order starts in 90 seconds :: obj_id 269977
2020-10-22T01:17:30+00:00 NOTICE order_sumbit :: #269977 has a financial status of pending and was skipped.
2020-10-22T01:18:43+00:00 NOTICE action_scheduler.queue_job :: MailChimp_WooCommerce_Single_Order starts in 90 seconds :: obj_id 270024
2020-10-22T01:20:29+00:00 NOTICE order_sumbit :: #270024 has a financial status of pending and was skipped.
2020-10-22T01:23:29+00:00 NOTICE action_scheduler.queue_job :: MailChimp_WooCommerce_Single_Order starts in 90 seconds :: obj_id 271113
2020-10-22T01:25:28+00:00 NOTICE order_sumbit :: #271113 has a financial status of pending and was skipped.
2020-10-22T03:29:15+00:00 NOTICE action_scheduler.queue_job :: MailChimp_WooCommerce_Cart_Update queued :: obj_id 120bafa5561852164df48f6b9afabafc
2020-10-22T03:29:36+00:00 NOTICE abandoned_cart.success :: email: alben.thomas@gmail.com :: checkout_url: https://www.hotshot.nz/checkout/?mc_cart_id=120bafa5561852164df48f6b9afabafc
2020-10-22T03:29:37+00:00 NOTICE cart.member.updated :: Updated alben.thomas@gmail.com language to en
2020-10-22T03:29:45+00:00 NOTICE action_scheduler.queue_job :: MailChimp_WooCommerce_Cart_Update queued :: obj_id 120bafa5561852164df48f6b9afabafc
2020-10-22T03:30:31+00:00 NOTICE abandoned_cart.success :: email: alben.thomas@gmail.com :: checkout_url: https://www.hotshot.nz/checkout/?mc_cart_id=120bafa5561852164df48f6b9afabafc
2020-10-22T03:31:48+00:00 NOTICE action_scheduler.queue_job :: MailChimp_WooCommerce_Cart_Update queued :: obj_id 120bafa5561852164df48f6b9afabafc
2020-10-22T03:33:18+00:00 NOTICE abandoned_cart.success :: email: alben.thomas@gmail.com :: checkout_url: https://www.hotshot.nz/checkout/?mc_cart_id=120bafa5561852164df48f6b9afabafc
2020-10-22T03:56:59+00:00 NOTICE action_scheduler.queue_job :: MailChimp_WooCommerce_User_Submit queued :: obj_id 750
2020-10-22T03:57:03+00:00 NOTICE action_scheduler.queue_job :: MailChimp_WooCommerce_Single_Order starts in 90 seconds :: obj_id 277630
2020-10-22T03:57:26+00:00 NOTICE debug :: Order ID 277630 was pending and is now failed :: Array
(
    [new_order] => 
    [tracking] => 
)

2020-10-22T03:57:30+00:00 NOTICE member.sync :: Subscribed Member lizcmedwards@gmail.com :: Array
(
    [status_if_new] => 1
    [merge_fields] => Array
        (
            [FNAME] => Eliza
            [LNAME] => Edwards
        )

)

2020-10-22T03:59:37+00:00 NOTICE system.debug :: order 277630 is in failed status, and is being skipped for now.
2020-10-22T04:16:01+00:00 NOTICE action_scheduler.queue_job :: MailChimp_WooCommerce_Single_Order starts in 90 seconds :: obj_id 252046
2020-10-22T04:16:04+00:00 NOTICE debug :: Order ID 252046 was pending and is now cancelled :: Array
(
    [new_order] => 
    [tracking] => 
)

2020-10-22T04:16:04+00:00 NOTICE action_scheduler.queue_job :: MailChimp_WooCommerce_Single_Order starts in 90 seconds :: obj_id 258143
2020-10-22T04:16:05+00:00 NOTICE debug :: Order ID 258143 was pending and is now cancelled :: Array
(
    [new_order] => 
    [tracking] => 
)

2020-10-22T04:16:05+00:00 NOTICE action_scheduler.queue_job :: MailChimp_WooCommerce_Single_Order starts in 90 seconds :: obj_id 258757
2020-10-22T04:16:05+00:00 NOTICE debug :: Order ID 258757 was pending and is now cancelled :: Array
(
    [new_order] => 
    [tracking] => 
)

2020-10-22T04:16:06+00:00 NOTICE action_scheduler.queue_job :: MailChimp_WooCommerce_Single_Order starts in 90 seconds :: obj_id 258915
2020-10-22T04:16:07+00:00 NOTICE debug :: Order ID 258915 was pending and is now cancelled :: Array
(
    [new_order] => 
    [tracking] => 
)

2020-10-22T04:16:07+00:00 NOTICE action_scheduler.queue_job :: MailChimp_WooCommerce_Single_Order starts in 90 seconds :: obj_id 259238
2020-10-22T04:16:08+00:00 NOTICE debug :: Order ID 259238 was pending and is now cancelled :: Array
(
    [new_order] => 
    [tracking] => 
)

2020-10-22T04:16:08+00:00 NOTICE action_scheduler.queue_job :: MailChimp_WooCommerce_Single_Order starts in 90 seconds :: obj_id 260908
2020-10-22T04:16:10+00:00 NOTICE debug :: Order ID 260908 was pending and is now cancelled :: Array
(
    [new_order] => 
    [tracking] => 
)

2020-10-22T04:16:10+00:00 NOTICE action_scheduler.queue_job :: MailChimp_WooCommerce_Single_Order starts in 90 seconds :: obj_id 261385
2020-10-22T04:16:11+00:00 NOTICE debug :: Order ID 261385 was pending and is now cancelled :: Array
(
    [new_order] => 
    [tracking] => 
)

2020-10-22T04:18:42+00:00 NOTICE order_sumbit :: #252046 has a financial status of cancelled and was skipped.
2020-10-22T04:18:44+00:00 NOTICE order_sumbit :: #258143 has a financial status of cancelled and was skipped.
2020-10-22T04:18:46+00:00 NOTICE order_sumbit :: #258757 has a financial status of cancelled and was skipped.
2020-10-22T04:18:48+00:00 NOTICE order_sumbit :: #258915 has a financial status of cancelled and was skipped.
2020-10-22T04:18:51+00:00 NOTICE order_sumbit :: #259238 has a financial status of cancelled and was skipped.
2020-10-22T04:18:52+00:00 NOTICE order_sumbit :: #260908 has a financial status of cancelled and was skipped.
2020-10-22T04:18:54+00:00 NOTICE order_sumbit :: #261385 has a financial status of cancelled and was skipped.
2020-10-22T21:11:28+00:00 NOTICE action_scheduler.queue_job :: MailChimp_WooCommerce_User_Submit queued :: obj_id 588
2020-10-22T21:11:33+00:00 NOTICE member.sync :: Updated Member nikayarexwilliams@gmail.com ( merge fields only ) :: Array
(
    [merge_fields] => Array
        (
            [FNAME] => Nikaya
            [LNAME] => Williams
        )

)

2020-10-22T21:11:34+00:00 NOTICE debug :: Order ID 176200 was processing and is now completed :: Array
(
    [new_order] => 
    [tracking] => 
)

2020-10-22T21:11:34+00:00 NOTICE action_scheduler.queue_job :: MailChimp_WooCommerce_Single_Order starts in 90 seconds :: obj_id 176200
2020-10-22T21:14:04+00:00 NOTICE order_submit.success :: updateStoreOrder :: #176200 :: email: nikayarexwilliams@gmail.com
2020-10-22T21:17:22+00:00 NOTICE debug :: Order ID 271113 was processing and is now completed :: Array
(
    [new_order] => 
    [tracking] => 
)

2020-10-22T21:17:22+00:00 NOTICE action_scheduler.queue_job :: MailChimp_WooCommerce_Single_Order starts in 90 seconds :: obj_id 271113
2020-10-22T21:17:22+00:00 NOTICE debug :: Order ID 271113 was pending and is now processing :: Array
(
    [new_order] => 1
    [tracking] => Array
        (
            [campaign_id] => 
            [landing_site] => 
        )

)

2020-10-22T21:19:55+00:00 NOTICE order_submit.success :: addStoreOrder :: #271113 :: email: carrick.ge@gmail.com
2020-10-22T23:09:18+00:00 NOTICE action_scheduler.queue_job :: MailChimp_WooCommerce_User_Submit queued :: obj_id 751
2020-10-22T23:09:22+00:00 NOTICE action_scheduler.queue_job :: MailChimp_WooCommerce_Single_Order starts in 90 seconds :: obj_id 278582
2020-10-22T23:09:30+00:00 NOTICE member.sync :: Subscribed Member nzmaddison@gmail.com :: Array
(
    [status_if_new] => 1
    [merge_fields] => Array
        (
            [FNAME] => Adrienne
            [LNAME] => Maddison
        )

)

2020-10-22T23:10:53+00:00 NOTICE order_sumbit :: #278582 has a financial status of pending and was skipped.
2020-10-22T23:51:30+00:00 NOTICE action_scheduler.queue_job :: MailChimp_WooCommerce_User_Submit queued :: obj_id 686
2020-10-22T23:51:36+00:00 NOTICE debug :: Order ID 275497 was processing and is now completed :: Array
(
    [new_order] => 
    [tracking] => 
)

2020-10-22T23:51:36+00:00 NOTICE action_scheduler.queue_job :: MailChimp_WooCommerce_Single_Order starts in 90 seconds :: obj_id 275497
2020-10-22T23:51:59+00:00 NOTICE member.sync :: Updated Member clarrissayates3@gmail.com ( merge fields only ) :: Array
(
    [merge_fields] => Array
        (
            [FNAME] => Clarrissa
            [LNAME] => Yates
        )

)

2020-10-22T23:54:18+00:00 NOTICE order_submit.success :: updateStoreOrder :: #275497 :: email: clarrissayates3@gmail.com
