2020-10-08T00:02:34+00:00 NOTICE action_scheduler.queue_job :: MailChimp_WooCommerce_Cart_Update queued :: obj_id deb764058df922faf007666578024b25
2020-10-08T00:02:37+00:00 NOTICE abandoned_cart.success :: email: sellarskarnae@gmail.com :: checkout_url: https://www.hotshot.nz/checkout/?mc_cart_id=deb764058df922faf007666578024b25
2020-10-08T00:02:38+00:00 NOTICE cart.member.updated :: Updated sellarskarnae@gmail.com language to en
2020-10-08T00:02:59+00:00 NOTICE action_scheduler.queue_job :: MailChimp_WooCommerce_Cart_Update queued :: obj_id deb764058df922faf007666578024b25
2020-10-08T00:04:05+00:00 NOTICE abandoned_cart.success :: email: sellarskarnae@gmail.com :: checkout_url: https://www.hotshot.nz/checkout/?mc_cart_id=deb764058df922faf007666578024b25
2020-10-08T02:18:50+00:00 NOTICE action_scheduler.queue_job :: MailChimp_WooCommerce_User_Submit queued :: obj_id 632
2020-10-08T02:18:54+00:00 NOTICE debug :: Order ID 237795 was processing and is now completed :: Array
(
    [new_order] => 
    [tracking] => 
)

2020-10-08T02:18:54+00:00 NOTICE action_scheduler.queue_job :: MailChimp_WooCommerce_Single_Order starts in 90 seconds :: obj_id 237795
2020-10-08T02:18:54+00:00 NOTICE debug :: Order ID 237795 was pending and is now processing :: Array
(
    [new_order] => 1
    [tracking] => Array
        (
            [campaign_id] => 
            [landing_site] => https://www.hotshot.nz/
        )

)

2020-10-08T02:18:54+00:00 NOTICE member.sync :: Updated Member hemanmandali@yahoo.com ( merge fields only ) :: Array
(
    [merge_fields] => Array
        (
            [FNAME] => Heman
            [LNAME] => Mandali
        )

)

2020-10-08T02:20:30+00:00 NOTICE order_submit.success :: addStoreOrder :: #237795 :: email: hemanmandali@yahoo.com
2020-10-08T02:22:18+00:00 NOTICE action_scheduler.queue_job :: MailChimp_WooCommerce_Single_Order starts in 90 seconds :: obj_id 240791
2020-10-08T02:24:13+00:00 NOTICE order_sumbit :: #240791 has a financial status of pending and was skipped.
2020-10-08T02:25:34+00:00 NOTICE action_scheduler.queue_job :: MailChimp_WooCommerce_Single_Order starts in 90 seconds :: obj_id 241012
2020-10-08T02:27:34+00:00 NOTICE order_sumbit :: #241012 has a financial status of pending and was skipped.
2020-10-08T02:30:00+00:00 NOTICE action_scheduler.queue_job :: MailChimp_WooCommerce_User_Submit queued :: obj_id 562
2020-10-08T02:30:04+00:00 NOTICE debug :: Order ID 243809 was processing and is now completed :: Array
(
    [new_order] => 
    [tracking] => 
)

2020-10-08T02:30:05+00:00 NOTICE action_scheduler.queue_job :: MailChimp_WooCommerce_Single_Order starts in 90 seconds :: obj_id 243809
2020-10-08T02:30:05+00:00 NOTICE debug :: Order ID 243809 was pending and is now processing :: Array
(
    [new_order] => 1
    [tracking] => Array
        (
            [campaign_id] => 
            [landing_site] => https://www.hotshot.nz/?gclid=CjwKCAjw4MP5BRBtEiwASfwAL16TmdqqBdqQTrCZja4CmTPF6i_KmyeINyp7J96-JK9ztI2XuREBfRoC0dkQAvD_BwE
        )

)

2020-10-08T02:30:11+00:00 NOTICE member.sync :: Updated Member deebonus09@yahoo.co.nz ( merge fields only ) :: Array
(
    [merge_fields] => Array
        (
            [FNAME] => Diandra
            [LNAME] => Bonus
        )

)

2020-10-08T02:31:41+00:00 NOTICE order_submit.success :: addStoreOrder :: #243809 :: email: deebonus09@yahoo.co.nz
2020-10-08T02:32:18+00:00 NOTICE action_scheduler.queue_job :: MailChimp_WooCommerce_Single_Order starts in 90 seconds :: obj_id 243931
2020-10-08T02:33:51+00:00 NOTICE order_sumbit :: #243931 has a financial status of pending and was skipped.
2020-10-08T02:42:27+00:00 NOTICE debug :: Order ID 227709 was processing and is now refunded :: Array
(
    [new_order] => 
    [tracking] => 
)

2020-10-08T02:42:27+00:00 NOTICE action_scheduler.queue_job :: MailChimp_WooCommerce_Single_Order starts in 90 seconds :: obj_id 227709
2020-10-08T02:44:26+00:00 NOTICE order_submit.success :: updateStoreOrder :: #227709 :: email: sharonxly@yahoo.com :: abandoned cart deleted [5bca5c03f90c56c5b42fca9335fcaa6b]
2020-10-08T02:45:01+00:00 NOTICE action_scheduler.queue_job :: MailChimp_WooCommerce_Cart_Update queued :: obj_id deb764058df922faf007666578024b25
2020-10-08T02:45:06+00:00 NOTICE abandoned_cart.success :: email: sellarskarnae@gmail.com :: checkout_url: https://www.hotshot.nz/checkout/?mc_cart_id=deb764058df922faf007666578024b25
2020-10-08T02:45:07+00:00 NOTICE cart.member.updated :: Updated sellarskarnae@gmail.com language to en
2020-10-08T02:45:12+00:00 NOTICE action_scheduler.queue_job :: MailChimp_WooCommerce_Cart_Update queued :: obj_id deb764058df922faf007666578024b25
2020-10-08T02:45:17+00:00 NOTICE abandoned_cart.success :: email: sellarskarnae@gmail.com :: checkout_url: https://www.hotshot.nz/checkout/?mc_cart_id=deb764058df922faf007666578024b25
2020-10-08T03:05:46+00:00 NOTICE action_scheduler.queue_job :: MailChimp_WooCommerce_Cart_Update queued :: obj_id deb764058df922faf007666578024b25
2020-10-08T03:06:03+00:00 NOTICE abandoned_cart.success :: email: sellarskarnae@gmail.com :: checkout_url: https://www.hotshot.nz/checkout/?mc_cart_id=deb764058df922faf007666578024b25
2020-10-08T03:06:35+00:00 NOTICE action_scheduler.queue_job :: MailChimp_WooCommerce_Cart_Update queued :: obj_id deb764058df922faf007666578024b25
2020-10-08T03:07:02+00:00 NOTICE abandoned_cart.success :: email: sellarskarnae@gmail.com :: checkout_url: https://www.hotshot.nz/checkout/?mc_cart_id=deb764058df922faf007666578024b25
2020-10-08T03:34:35+00:00 NOTICE action_scheduler.queue_job :: MailChimp_WooCommerce_Cart_Update queued :: obj_id e28059a28c1abdbbc95760c907a742a1
2020-10-08T03:34:39+00:00 NOTICE abandoned_cart.success :: email: petrie.joshua@gmail.com :: checkout_url: https://www.hotshot.nz/checkout/?mc_cart_id=e28059a28c1abdbbc95760c907a742a1
2020-10-08T03:34:39+00:00 NOTICE cart.member.updated :: Updated petrie.joshua@gmail.com language to en
2020-10-08T03:35:38+00:00 NOTICE action_scheduler.queue_job :: MailChimp_WooCommerce_User_Submit queued :: obj_id 590
2020-10-08T03:35:41+00:00 NOTICE member.sync :: Updated Member petrie.joshua@gmail.com ( merge fields only ) :: Array
(
    [merge_fields] => Array
        (
            [FNAME] => Josh
            [LNAME] => Petrie
        )

)

2020-10-08T03:36:01+00:00 NOTICE action_scheduler.queue_job :: MailChimp_WooCommerce_Single_Order starts in 90 seconds :: obj_id 241012
2020-10-08T03:36:07+00:00 NOTICE action_scheduler.queue_job :: MailChimp_WooCommerce_User_Submit queued :: obj_id 590
2020-10-08T03:36:09+00:00 NOTICE debug :: Order ID 241012 was processing and is now completed :: Array
(
    [new_order] => 
    [tracking] => 
)

2020-10-08T03:36:09+00:00 NOTICE debug :: Order ID 241012 was pending and is now processing :: Array
(
    [new_order] => 1
    [tracking] => Array
        (
            [campaign_id] => 
            [landing_site] => https://www.hotshot.nz/?gclid=Cj0KCQjwvvj5BRDkARIsAGD9vlJrbuZrslDU8cpLqzWffedovP3VcMuq9avYqI4VOlX_zI0XJHbRDw0aAjRIEALw_wcB
        )

)

2020-10-08T03:38:30+00:00 NOTICE member.sync :: Updated Member petrie.joshua@gmail.com ( merge fields only ) :: Array
(
    [merge_fields] => Array
        (
            [FNAME] => Josh
            [LNAME] => Petrie
        )

)

2020-10-08T03:38:33+00:00 NOTICE order_submit.success :: addStoreOrder :: #241012 :: email: petrie.joshua@gmail.com :: landing site https://www.hotshot.nz/?gclid=Cj0KCQjwvvj5BRDkARIsAGD9vlJrbuZrslDU8cpLqzWffedovP3VcMuq9avYqI4VOlX_zI0XJHbRDw0aAjRIEALw_wcB :: abandoned cart deleted [e28059a28c1abdbbc95760c907a742a1]
2020-10-08T04:14:04+00:00 NOTICE action_scheduler.queue_job :: MailChimp_WooCommerce_User_Submit queued :: obj_id 413
2020-10-08T04:14:08+00:00 NOTICE debug :: Order ID 242723 was processing and is now completed :: Array
(
    [new_order] => 
    [tracking] => 
)

2020-10-08T04:14:08+00:00 NOTICE action_scheduler.queue_job :: MailChimp_WooCommerce_Single_Order starts in 90 seconds :: obj_id 242723
2020-10-08T04:14:08+00:00 NOTICE debug :: Order ID 242723 was failed and is now processing :: Array
(
    [new_order] => 
    [tracking] => 
)

2020-10-08T04:14:13+00:00 NOTICE member.sync :: Updated Member sellarskarnae@gmail.com ( merge fields only ) :: Array
(
    [merge_fields] => Array
        (
            [FNAME] => Karnae
            [LNAME] => Sellars
        )

)

2020-10-08T04:15:03+00:00 NOTICE action_scheduler.queue_job :: MailChimp_WooCommerce_Single_Order starts in 90 seconds :: obj_id 229116
2020-10-08T04:15:04+00:00 NOTICE debug :: Order ID 229116 was pending and is now cancelled :: Array
(
    [new_order] => 
    [tracking] => 
)

2020-10-08T04:15:05+00:00 NOTICE action_scheduler.queue_job :: MailChimp_WooCommerce_Single_Order starts in 90 seconds :: obj_id 230306
2020-10-08T04:15:06+00:00 NOTICE debug :: Order ID 230306 was pending and is now cancelled :: Array
(
    [new_order] => 
    [tracking] => 
)

2020-10-08T04:15:06+00:00 NOTICE action_scheduler.queue_job :: MailChimp_WooCommerce_Single_Order starts in 90 seconds :: obj_id 233159
2020-10-08T04:15:07+00:00 NOTICE debug :: Order ID 233159 was pending and is now cancelled :: Array
(
    [new_order] => 
    [tracking] => 
)

2020-10-08T04:15:07+00:00 NOTICE action_scheduler.queue_job :: MailChimp_WooCommerce_Single_Order starts in 90 seconds :: obj_id 234016
2020-10-08T04:15:08+00:00 NOTICE debug :: Order ID 234016 was pending and is now cancelled :: Array
(
    [new_order] => 
    [tracking] => 
)

2020-10-08T04:15:08+00:00 NOTICE action_scheduler.queue_job :: MailChimp_WooCommerce_Single_Order starts in 90 seconds :: obj_id 234367
2020-10-08T04:15:09+00:00 NOTICE debug :: Order ID 234367 was pending and is now cancelled :: Array
(
    [new_order] => 
    [tracking] => 
)

2020-10-08T04:15:09+00:00 NOTICE action_scheduler.queue_job :: MailChimp_WooCommerce_Single_Order starts in 90 seconds :: obj_id 234729
2020-10-08T04:15:10+00:00 NOTICE debug :: Order ID 234729 was pending and is now cancelled :: Array
(
    [new_order] => 
    [tracking] => 
)

2020-10-08T04:15:11+00:00 NOTICE action_scheduler.queue_job :: MailChimp_WooCommerce_Single_Order starts in 90 seconds :: obj_id 235375
2020-10-08T04:15:11+00:00 NOTICE debug :: Order ID 235375 was pending and is now cancelled :: Array
(
    [new_order] => 
    [tracking] => 
)

2020-10-08T04:15:12+00:00 NOTICE action_scheduler.queue_job :: MailChimp_WooCommerce_Single_Order starts in 90 seconds :: obj_id 239470
2020-10-08T04:15:12+00:00 NOTICE debug :: Order ID 239470 was pending and is now cancelled :: Array
(
    [new_order] => 
    [tracking] => 
)

2020-10-08T04:16:34+00:00 NOTICE order_submit.success :: addStoreOrder :: #242723 :: email: sellarskarnae@gmail.com :: abandoned cart deleted [deb764058df922faf007666578024b25]
2020-10-08T04:16:36+00:00 NOTICE order_sumbit :: #229116 has a financial status of cancelled and was skipped.
2020-10-08T04:16:38+00:00 NOTICE order_sumbit :: #230306 has a financial status of cancelled and was skipped.
2020-10-08T04:16:40+00:00 NOTICE order_sumbit :: #233159 has a financial status of cancelled and was skipped.
2020-10-08T04:16:42+00:00 NOTICE order_sumbit :: #234016 has a financial status of cancelled and was skipped.
2020-10-08T04:16:43+00:00 NOTICE order_sumbit :: #234367 has a financial status of cancelled and was skipped.
2020-10-08T04:16:45+00:00 NOTICE order_sumbit :: #234729 has a financial status of cancelled and was skipped.
2020-10-08T04:16:47+00:00 NOTICE order_sumbit :: #235375 has a financial status of cancelled and was skipped.
2020-10-08T04:16:49+00:00 NOTICE order_sumbit :: #239470 has a financial status of cancelled and was skipped.
2020-10-08T06:19:27+00:00 NOTICE action_scheduler.queue_job :: MailChimp_WooCommerce_User_Submit queued :: obj_id 711
2020-10-08T06:19:29+00:00 NOTICE action_scheduler.queue_job :: MailChimp_WooCommerce_User_Submit queued :: obj_id 711
2020-10-08T06:19:30+00:00 NOTICE action_scheduler.queue_job :: MailChimp_WooCommerce_Single_Order starts in 90 seconds :: obj_id 251008
2020-10-08T06:19:31+00:00 NOTICE member.sync :: Subscribed Member chaasc12@gmail.com :: Array
(
    [status_if_new] => 1
    [merge_fields] => Array
        (
            [FNAME] => Chasaqueva
            [LNAME] => Cooper
        )

)

2020-10-08T06:19:54+00:00 NOTICE debug :: Order ID 251008 was pending and is now failed :: Array
(
    [new_order] => 
    [tracking] => 
)

2020-10-08T06:21:07+00:00 NOTICE system.debug :: order 251008 is in failed status, and is being skipped for now.
2020-10-08T06:30:55+00:00 NOTICE action_scheduler.queue_job :: MailChimp_WooCommerce_Cart_Update queued :: obj_id 83cd910c55c6fc1fad4917ed8995808f
2020-10-08T06:30:55+00:00 NOTICE action_scheduler.queue_job :: MailChimp_WooCommerce_Cart_Update queued :: obj_id 83cd910c55c6fc1fad4917ed8995808f
2020-10-08T06:30:57+00:00 NOTICE abandoned_cart.success :: email: taripobrad@gmail.com :: checkout_url: https://www.hotshot.nz/checkout/?mc_cart_id=83cd910c55c6fc1fad4917ed8995808f
2020-10-08T06:30:58+00:00 NOTICE cart.member.updated :: Updated taripobrad@gmail.com language to en
2020-10-08T06:30:59+00:00 NOTICE abandoned_cart.success :: email: taripobrad@gmail.com :: checkout_url: https://www.hotshot.nz/checkout/?mc_cart_id=83cd910c55c6fc1fad4917ed8995808f
2020-10-08T06:31:18+00:00 NOTICE action_scheduler.queue_job :: MailChimp_WooCommerce_User_Submit queued :: obj_id 712
2020-10-08T06:31:22+00:00 NOTICE action_scheduler.queue_job :: MailChimp_WooCommerce_Single_Order starts in 90 seconds :: obj_id 251070
2020-10-08T06:31:59+00:00 NOTICE debug :: Order ID 251070 was pending and is now failed :: Array
(
    [new_order] => 
    [tracking] => 
)

2020-10-08T06:32:00+00:00 NOTICE member.sync :: Updated Member taripobrad@gmail.com :: Array
(
    [previous_status] => transactional
    [status] => 1
    [merge_fields] => Array
        (
            [FNAME] => Joe
            [LNAME] => Taripo
        )

)

2020-10-08T06:33:58+00:00 NOTICE system.debug :: order 251070 is in failed status, and is being skipped for now.
2020-10-08T08:36:55+00:00 NOTICE action_scheduler.queue_job :: MailChimp_WooCommerce_Single_Order starts in 90 seconds :: obj_id 251211
2020-10-08T08:37:02+00:00 NOTICE debug :: Order ID 251211 was processing and is now completed :: Array
(
    [new_order] => 
    [tracking] => 
)

2020-10-08T08:37:02+00:00 NOTICE debug :: Order ID 251211 was pending and is now processing :: Array
(
    [new_order] => 1
    [tracking] => Array
        (
            [campaign_id] => 
            [landing_site] => 
        )

)

2020-10-08T08:38:36+00:00 NOTICE order.member.updated :: Updated nifisio23@gmail.com language to en
2020-10-08T08:38:36+00:00 NOTICE order_submit.success :: addStoreOrder :: #251211 :: email: nifisio23@gmail.com
2020-10-08T11:33:52+00:00 NOTICE action_scheduler.queue_job :: MailChimp_WooCommerce_User_Submit queued :: obj_id 713
2020-10-08T11:33:53+00:00 NOTICE action_scheduler.queue_job :: MailChimp_WooCommerce_User_Submit queued :: obj_id 713
2020-10-08T11:33:54+00:00 NOTICE action_scheduler.queue_job :: MailChimp_WooCommerce_Single_Order starts in 90 seconds :: obj_id 251388
2020-10-08T11:33:55+00:00 NOTICE member.sync :: Subscribed Member muniekash250@gmail.com :: Array
(
    [status_if_new] => 1
    [merge_fields] => Array
        (
            [FNAME] => Hangfang
            [LNAME] => Deng
        )

)

2020-10-08T11:34:18+00:00 NOTICE debug :: Order ID 251388 was pending and is now failed :: Array
(
    [new_order] => 
    [tracking] => 
)

2020-10-08T11:36:07+00:00 NOTICE system.debug :: order 251388 is in failed status, and is being skipped for now.
2020-10-08T20:30:26+00:00 NOTICE action_scheduler.queue_job :: MailChimp_WooCommerce_Single_Order starts in 90 seconds :: obj_id 251965
2020-10-08T20:30:35+00:00 NOTICE debug :: Order ID 251965 was processing and is now completed :: Array
(
    [new_order] => 
    [tracking] => 
)

2020-10-08T20:30:35+00:00 NOTICE debug :: Order ID 251965 was pending and is now processing :: Array
(
    [new_order] => 1
    [tracking] => Array
        (
            [campaign_id] => 
            [landing_site] => 
        )

)

2020-10-08T20:30:36+00:00 NOTICE action_scheduler.queue_job :: MailChimp_WooCommerce_Single_Order starts in 90 seconds :: obj_id 251973
2020-10-08T20:30:43+00:00 NOTICE debug :: Order ID 251973 was processing and is now completed :: Array
(
    [new_order] => 
    [tracking] => 
)

2020-10-08T20:30:43+00:00 NOTICE debug :: Order ID 251973 was pending and is now processing :: Array
(
    [new_order] => 1
    [tracking] => Array
        (
            [campaign_id] => 
            [landing_site] => 
        )

)

2020-10-08T20:32:41+00:00 NOTICE order.member.updated :: Updated honza.barty@gmail.com language to en
2020-10-08T20:32:41+00:00 NOTICE order_submit.success :: addStoreOrder :: #251965 :: email: honza.barty@gmail.com
2020-10-08T20:33:42+00:00 NOTICE order.member.updated :: Updated adnmcgowan@yahoo.co.nz language to en
2020-10-08T20:33:42+00:00 NOTICE order_submit.success :: addStoreOrder :: #251973 :: email: adnmcgowan@yahoo.co.nz
2020-10-08T20:53:13+00:00 NOTICE action_scheduler.queue_job :: MailChimp_WooCommerce_Single_Order starts in 90 seconds :: obj_id 252013
2020-10-08T20:53:19+00:00 NOTICE debug :: Order ID 252013 was processing and is now completed :: Array
(
    [new_order] => 
    [tracking] => 
)

2020-10-08T20:53:19+00:00 NOTICE debug :: Order ID 252013 was pending and is now processing :: Array
(
    [new_order] => 1
    [tracking] => Array
        (
            [campaign_id] => 
            [landing_site] => 
        )

)

2020-10-08T20:54:58+00:00 NOTICE order.member.updated :: Updated yulia.borodin@gmail.com language to en
2020-10-08T20:54:58+00:00 NOTICE order_submit.success :: addStoreOrder :: #252013 :: email: yulia.borodin@gmail.com
2020-10-08T21:01:36+00:00 NOTICE action_scheduler.queue_job :: MailChimp_WooCommerce_User_Submit queued :: obj_id 714
2020-10-08T21:01:38+00:00 NOTICE action_scheduler.queue_job :: MailChimp_WooCommerce_Single_Order starts in 90 seconds :: obj_id 252046
2020-10-08T21:02:06+00:00 NOTICE member.sync :: Subscribed Member kayzarndavid@gmail.com :: Array
(
    [status_if_new] => 1
    [merge_fields] => Array
        (
            [FNAME] => Patea
            [LNAME] => williams-fisher
        )

)

2020-10-08T21:04:08+00:00 NOTICE order_sumbit :: #252046 has a financial status of pending and was skipped.
2020-10-08T21:09:05+00:00 NOTICE debug :: Order ID 178825 was processing and is now refunded :: Array
(
    [new_order] => 
    [tracking] => 
)

2020-10-08T21:09:05+00:00 NOTICE action_scheduler.queue_job :: MailChimp_WooCommerce_Single_Order starts in 90 seconds :: obj_id 178825
2020-10-08T21:11:42+00:00 NOTICE order_submit.success :: updateStoreOrder :: #178825 :: email: jgheaven@hotmail.com
2020-10-08T21:51:57+00:00 NOTICE action_scheduler.queue_job :: MailChimp_WooCommerce_Single_Order starts in 90 seconds :: obj_id 252144
2020-10-08T21:52:04+00:00 NOTICE debug :: Order ID 252144 was processing and is now completed :: Array
(
    [new_order] => 
    [tracking] => 
)

2020-10-08T21:52:04+00:00 NOTICE debug :: Order ID 252144 was pending and is now processing :: Array
(
    [new_order] => 1
    [tracking] => Array
        (
            [campaign_id] => e52fbfb7eb
            [landing_site] => https://www.hotshot.nz/wp-admin/admin-ajax.php?action=mailchimp_set_user_by_email&email=bradatkinson@outlook.com&language=en
        )

)

2020-10-08T21:53:39+00:00 NOTICE order.member.updated :: Updated bradatkinson@outlook.com language to en
2020-10-08T21:53:39+00:00 NOTICE order_submit.success :: addStoreOrder :: #252144 :: email: bradatkinson@outlook.com
2020-10-08T22:18:25+00:00 NOTICE action_scheduler.queue_job :: MailChimp_WooCommerce_Single_Order starts in 90 seconds :: obj_id 252199
2020-10-08T22:18:28+00:00 NOTICE action_scheduler.queue_job :: MailChimp_WooCommerce_User_Submit queued :: obj_id 652
2020-10-08T22:18:29+00:00 NOTICE debug :: Order ID 252199 was processing and is now completed :: Array
(
    [new_order] => 
    [tracking] => 
)

2020-10-08T22:18:29+00:00 NOTICE debug :: Order ID 252199 was pending and is now processing :: Array
(
    [new_order] => 1
    [tracking] => Array
        (
            [campaign_id] => 
            [landing_site] => https://www.hotshot.nz/
        )

)

2020-10-08T22:18:32+00:00 NOTICE member.sync :: Updated Member shaunhowarth@hotmail.com ( merge fields only ) :: Array
(
    [merge_fields] => Array
        (
            [FNAME] => Shaun
            [LNAME] => Howarth
        )

)

2020-10-08T22:20:11+00:00 NOTICE order.member.updated :: Updated shaunhowarth@hotmail.com language to en
2020-10-08T22:20:11+00:00 NOTICE order_submit.success :: addStoreOrder :: #252199 :: email: shaunhowarth@hotmail.com
