2020-09-14T01:31:27+00:00 NOTICE action_scheduler.queue_job :: MailChimp_WooCommerce_Single_Order starts in 90 seconds :: obj_id 198785
2020-09-14T01:33:29+00:00 NOTICE order_sumbit :: #198785 has a financial status of pending and was skipped.
2020-09-14T01:38:52+00:00 NOTICE action_scheduler.queue_job :: MailChimp_WooCommerce_Single_Order starts in 90 seconds :: obj_id 201903
2020-09-14T01:40:30+00:00 NOTICE order_sumbit :: #201903 has a financial status of pending and was skipped.
2020-09-14T01:41:33+00:00 NOTICE action_scheduler.queue_job :: MailChimp_WooCommerce_Single_Order starts in 90 seconds :: obj_id 201903
2020-09-14T01:43:16+00:00 NOTICE order_sumbit :: #201903 has a financial status of pending and was skipped.
2020-09-14T01:47:39+00:00 NOTICE action_scheduler.queue_job :: MailChimp_WooCommerce_Single_Order starts in 90 seconds :: obj_id 204670
2020-09-14T01:49:29+00:00 NOTICE order_sumbit :: #204670 has a financial status of pending and was skipped.
2020-09-14T02:00:58+00:00 NOTICE action_scheduler.queue_job :: MailChimp_WooCommerce_Single_Order starts in 90 seconds :: obj_id 209332
2020-09-14T02:03:01+00:00 NOTICE order_sumbit :: #209332 has a financial status of pending and was skipped.
2020-09-14T02:09:17+00:00 NOTICE action_scheduler.queue_job :: MailChimp_WooCommerce_Single_Order starts in 90 seconds :: obj_id 212066
2020-09-14T02:11:09+00:00 NOTICE order_sumbit :: #212066 has a financial status of pending and was skipped.
2020-09-14T02:17:26+00:00 NOTICE action_scheduler.queue_job :: MailChimp_WooCommerce_Single_Order starts in 90 seconds :: obj_id 212799
2020-09-14T02:21:02+00:00 NOTICE order_sumbit :: #212799 has a financial status of pending and was skipped.
2020-09-14T02:22:14+00:00 NOTICE action_scheduler.queue_job :: MailChimp_WooCommerce_Single_Order starts in 90 seconds :: obj_id 212866
2020-09-14T02:24:23+00:00 NOTICE order_sumbit :: #212866 has a financial status of pending and was skipped.
2020-09-14T02:27:04+00:00 NOTICE action_scheduler.queue_job :: MailChimp_WooCommerce_Single_Order starts in 90 seconds :: obj_id 212866
2020-09-14T02:28:58+00:00 NOTICE order_sumbit :: #212866 has a financial status of pending and was skipped.
2020-09-14T02:30:18+00:00 NOTICE action_scheduler.queue_job :: MailChimp_WooCommerce_Single_Order starts in 90 seconds :: obj_id 213021
2020-09-14T02:32:28+00:00 NOTICE order_sumbit :: #213021 has a financial status of pending and was skipped.
2020-09-14T02:48:44+00:00 NOTICE debug :: Order ID 207205 was completed and is now refunded :: Array
(
    [new_order] => 
    [tracking] => 
)

2020-09-14T02:48:44+00:00 NOTICE action_scheduler.queue_job :: MailChimp_WooCommerce_Single_Order starts in 90 seconds :: obj_id 207205
2020-09-14T02:50:24+00:00 NOTICE order_submit.success :: updateStoreOrder :: #207205 :: email: amoni.puata@gmail.com
2020-09-14T03:57:11+00:00 NOTICE action_scheduler.queue_job :: MailChimp_WooCommerce_User_Submit queued :: obj_id 350
2020-09-14T03:57:14+00:00 NOTICE debug :: Order ID 201903 was pending and is now completed :: Array
(
    [new_order] => 1
    [tracking] => Array
        (
            [campaign_id] => 
            [landing_site] => 
        )

)

2020-09-14T03:57:14+00:00 NOTICE action_scheduler.queue_job :: MailChimp_WooCommerce_Single_Order starts in 90 seconds :: obj_id 201903
2020-09-14T03:57:15+00:00 NOTICE member.sync :: Updated Member meteka31@gmail.com ( merge fields only ) :: Array
(
    [merge_fields] => Array
        (
            [FNAME] => Mata
            [LNAME] => Aurupa
        )

)

2020-09-14T03:59:02+00:00 NOTICE order.member.updated :: Updated meteka31@gmail.com language to en
2020-09-14T03:59:02+00:00 NOTICE order_submit.success :: addStoreOrder :: #201903 :: email: meteka31@gmail.com
2020-09-14T05:10:50+00:00 NOTICE action_scheduler.queue_job :: MailChimp_WooCommerce_Cart_Update queued :: obj_id 4c61375acbd4598eb3c355194992f01d
2020-09-14T05:10:57+00:00 NOTICE abandoned_cart.success :: email: mason.whelan@gmail.com :: checkout_url: https://www.hotshot.nz/checkout/?mc_cart_id=4c61375acbd4598eb3c355194992f01d
2020-09-14T05:10:58+00:00 NOTICE action_scheduler.queue_job :: MailChimp_WooCommerce_Cart_Update queued :: obj_id 4c61375acbd4598eb3c355194992f01d
2020-09-14T05:10:59+00:00 NOTICE cart.member.updated :: Updated mason.whelan@gmail.com language to en
2020-09-14T05:11:00+00:00 NOTICE abandoned_cart.success :: email: mason.whelan@gmail.com :: checkout_url: https://www.hotshot.nz/checkout/?mc_cart_id=4c61375acbd4598eb3c355194992f01d
2020-09-14T05:11:03+00:00 NOTICE action_scheduler.queue_job :: MailChimp_WooCommerce_Cart_Update queued :: obj_id 4c61375acbd4598eb3c355194992f01d
2020-09-14T05:11:13+00:00 NOTICE action_scheduler.queue_job :: MailChimp_WooCommerce_User_Submit queued :: obj_id 360
2020-09-14T05:11:56+00:00 NOTICE action_scheduler.queue_job :: MailChimp_WooCommerce_Single_Order starts in 90 seconds :: obj_id 209332
2020-09-14T05:11:59+00:00 NOTICE abandoned_cart.success :: email: mason.whelan@gmail.com :: checkout_url: https://www.hotshot.nz/checkout/?mc_cart_id=4c61375acbd4598eb3c355194992f01d
2020-09-14T05:12:00+00:00 ERROR action_scheduler.process_job.fail :: Job MailChimp_WooCommerce_Cart_Update not found at wp__mailchimp_jobs database table :: obj_id 4c61375acbd4598eb3c355194992f01d
2020-09-14T05:12:01+00:00 NOTICE member.sync :: Updated Member mason.whelan@gmail.com ( merge fields only ) :: Array
(
    [merge_fields] => Array
        (
            [FNAME] => mason
            [LNAME] => whelan
        )

)

2020-09-14T05:12:01+00:00 NOTICE debug :: Order ID 209332 was processing and is now completed :: Array
(
    [new_order] => 
    [tracking] => 
)

2020-09-14T05:12:02+00:00 NOTICE debug :: Order ID 209332 was pending and is now processing :: Array
(
    [new_order] => 1
    [tracking] => Array
        (
            [campaign_id] => 
            [landing_site] => 
        )

)

2020-09-14T05:14:24+00:00 NOTICE order_submit.success :: addStoreOrder :: #209332 :: email: mason.whelan@gmail.com :: abandoned cart deleted [4c61375acbd4598eb3c355194992f01d]
2020-09-14T14:01:37+00:00 NOTICE action_scheduler.queue_job :: MailChimp_WooCommerce_Cart_Update queued :: obj_id c9e8bf6d24484dae7aa8b1f7933ea01a
2020-09-14T14:02:11+00:00 NOTICE abandoned_cart.success :: email: fishnchipmad@hotmail.com :: checkout_url: https://www.hotshot.nz/checkout/?mc_cart_id=c9e8bf6d24484dae7aa8b1f7933ea01a
2020-09-14T14:02:12+00:00 NOTICE cart.member.updated :: Updated fishnchipmad@hotmail.com language to en
2020-09-14T18:10:58+00:00 NOTICE action_scheduler.queue_job :: MailChimp_WooCommerce_User_Submit queued :: obj_id 643
2020-09-14T18:11:00+00:00 NOTICE action_scheduler.queue_job :: MailChimp_WooCommerce_User_Submit queued :: obj_id 643
2020-09-14T18:11:01+00:00 NOTICE member.sync :: Subscribed Member courtenay.cutforth@gmail.com :: Array
(
    [status_if_new] => 1
    [merge_fields] => Array
        (
            [FNAME] => Courtenay-Jayne
            [LNAME] => Cutforth-Cox
        )

)

2020-09-14T18:11:02+00:00 NOTICE action_scheduler.queue_job :: MailChimp_WooCommerce_Single_Order starts in 90 seconds :: obj_id 214298
2020-09-14T18:11:24+00:00 NOTICE debug :: Order ID 214298 was pending and is now failed :: Array
(
    [new_order] => 
    [tracking] => 
)

2020-09-14T18:13:41+00:00 NOTICE system.debug :: order 214298 is in failed status, and is being skipped for now.
2020-09-14T18:15:31+00:00 NOTICE action_scheduler.queue_job :: MailChimp_WooCommerce_Cart_Update queued :: obj_id 3d39cf2fc1d08a654b057e756c501cab
2020-09-14T18:15:56+00:00 NOTICE abandoned_cart.success :: email: courtenay.cutforth@gmail.com :: checkout_url: https://www.hotshot.nz/checkout/?mc_cart_id=3d39cf2fc1d08a654b057e756c501cab
2020-09-14T18:15:57+00:00 NOTICE cart.member.updated :: Updated courtenay.cutforth@gmail.com language to en
2020-09-14T18:16:20+00:00 NOTICE action_scheduler.queue_job :: MailChimp_WooCommerce_User_Submit queued :: obj_id 643
2020-09-14T18:16:21+00:00 NOTICE action_scheduler.queue_job :: MailChimp_WooCommerce_Single_Order starts in 90 seconds :: obj_id 214316
2020-09-14T18:16:48+00:00 NOTICE debug :: Order ID 214316 was pending and is now processing :: Array
(
    [new_order] => 1
    [tracking] => Array
        (
            [campaign_id] => 
            [landing_site] => https://www.hotshot.nz/wc-api/WC_Gateway_Payment_Express_Hybrid/?result=000002000466975302cb7a3fbc55fc27&userid=HotShotBroadbandPx
        )

)

2020-09-14T18:17:02+00:00 NOTICE member.sync :: Updated Member courtenay.cutforth@gmail.com ( merge fields only ) :: Array
(
    [merge_fields] => Array
        (
            [FNAME] => Courtenay-Jayne
            [LNAME] => Cutforth-Cox
        )

)

2020-09-14T18:18:14+00:00 NOTICE order.member.updated :: Updated courtenay.cutforth@gmail.com language to en
2020-09-14T18:18:14+00:00 NOTICE order_submit.success :: addStoreOrder :: #214316 :: email: courtenay.cutforth@gmail.com :: landing site https://www.hotshot.nz/checkout/order-received/214298/?key=wc_order_KgDFojhTTVQfC :: abandoned cart deleted [3d39cf2fc1d08a654b057e756c501cab]
2020-09-14T21:39:11+00:00 NOTICE action_scheduler.queue_job :: MailChimp_WooCommerce_Single_Order starts in 90 seconds :: obj_id 214507
2020-09-14T21:39:16+00:00 NOTICE action_scheduler.queue_job :: MailChimp_WooCommerce_User_Submit queued :: obj_id 584
2020-09-14T21:39:18+00:00 NOTICE debug :: Order ID 214507 was processing and is now completed :: Array
(
    [new_order] => 
    [tracking] => 
)

2020-09-14T21:39:18+00:00 NOTICE debug :: Order ID 214507 was pending and is now processing :: Array
(
    [new_order] => 1
    [tracking] => Array
        (
            [campaign_id] => 
            [landing_site] => https://www.hotshot.nz/
        )

)

2020-09-14T21:39:22+00:00 NOTICE member.sync :: Updated Member louise.woodburnnz@gmail.com ( merge fields only ) :: Array
(
    [merge_fields] => Array
        (
            [FNAME] => Louise
            [LNAME] => Woodburn
        )

)

2020-09-14T21:42:14+00:00 NOTICE order.member.updated :: Updated louise.woodburnnz@gmail.com language to en
2020-09-14T21:42:14+00:00 NOTICE order_submit.success :: addStoreOrder :: #214507 :: email: louise.woodburnnz@gmail.com
2020-09-14T21:55:37+00:00 NOTICE action_scheduler.queue_job :: MailChimp_WooCommerce_Single_Order starts in 90 seconds :: obj_id 214535
2020-09-14T21:55:42+00:00 NOTICE debug :: Order ID 214535 was processing and is now completed :: Array
(
    [new_order] => 
    [tracking] => 
)

2020-09-14T21:55:42+00:00 NOTICE debug :: Order ID 214535 was pending and is now processing :: Array
(
    [new_order] => 1
    [tracking] => Array
        (
            [campaign_id] => 
            [landing_site] => 
        )

)

2020-09-14T21:58:23+00:00 NOTICE order.member.updated :: Updated robp@peartree.nz language to en
2020-09-14T21:58:23+00:00 NOTICE order_submit.success :: addStoreOrder :: #214535 :: email: robp@peartree.nz
2020-09-14T22:39:54+00:00 NOTICE action_scheduler.queue_job :: MailChimp_WooCommerce_Single_Order starts in 90 seconds :: obj_id 214620
2020-09-14T22:41:27+00:00 NOTICE order_sumbit :: #214620 has a financial status of pending and was skipped.
2020-09-14T22:42:23+00:00 NOTICE action_scheduler.queue_job :: MailChimp_WooCommerce_Cart_Update queued :: obj_id 47284da2876ea8e92fc93f7141f11bfa
2020-09-14T22:42:25+00:00 NOTICE abandoned_cart.success :: email: prakash.thangarasu@gmail.com :: checkout_url: https://www.hotshot.nz/checkout/?mc_cart_id=47284da2876ea8e92fc93f7141f11bfa
2020-09-14T22:42:26+00:00 NOTICE cart.member.updated :: Updated prakash.thangarasu@gmail.com language to en
