2020-09-06T04:24:37+00:00 NOTICE action_scheduler.queue_job :: MailChimp_WooCommerce_Single_Order starts in 90 seconds :: obj_id 198105
2020-09-06T04:24:43+00:00 NOTICE debug :: Order ID 198105 was processing and is now completed :: Array
(
    [new_order] => 
    [tracking] => 
)

2020-09-06T04:24:43+00:00 NOTICE debug :: Order ID 198105 was pending and is now processing :: Array
(
    [new_order] => 1
    [tracking] => Array
        (
            [campaign_id] => 
            [landing_site] => 
        )

)

2020-09-06T04:26:23+00:00 NOTICE order.member.updated :: Updated baljinder_bains@ymail.com language to en
2020-09-06T04:26:23+00:00 NOTICE order_submit.success :: addStoreOrder :: #198105 :: email: baljinder_bains@ymail.com
2020-09-06T20:54:54+00:00 NOTICE action_scheduler.queue_job :: MailChimp_WooCommerce_Single_Order starts in 90 seconds :: obj_id 198785
2020-09-06T20:57:00+00:00 NOTICE order_sumbit :: #198785 has a financial status of pending and was skipped.
2020-09-06T21:08:57+00:00 NOTICE action_scheduler.queue_job :: MailChimp_WooCommerce_Single_Order starts in 90 seconds :: obj_id 198923
2020-09-06T21:09:05+00:00 NOTICE debug :: Order ID 198923 was processing and is now completed :: Array
(
    [new_order] => 
    [tracking] => 
)

2020-09-06T21:09:05+00:00 NOTICE debug :: Order ID 198923 was pending and is now processing :: Array
(
    [new_order] => 1
    [tracking] => Array
        (
            [campaign_id] => 
            [landing_site] => https://www.hotshot.nz/wp-admin/admin.php?page=stats&noheader&proxy&chart=admin-bar-hours-scale
        )

)

2020-09-06T21:10:37+00:00 NOTICE order.member.updated :: Updated mm.alziady@gmail.com language to en
2020-09-06T21:10:37+00:00 NOTICE order_submit.success :: addStoreOrder :: #198923 :: email: mm.alziady@gmail.com :: landing site https://www.hotshot.nz/wp-admin/admin.php?page=stats&noheader&proxy&chart=admin-bar-hours-scale
2020-09-06T21:30:30+00:00 NOTICE action_scheduler.queue_job :: MailChimp_WooCommerce_Single_Order starts in 90 seconds :: obj_id 199151
2020-09-06T21:30:37+00:00 NOTICE debug :: Order ID 199151 was processing and is now completed :: Array
(
    [new_order] => 
    [tracking] => 
)

2020-09-06T21:30:38+00:00 NOTICE debug :: Order ID 199151 was pending and is now processing :: Array
(
    [new_order] => 1
    [tracking] => Array
        (
            [campaign_id] => 
            [landing_site] => https://www.hotshot.nz/wp-admin/admin.php?page=stats&noheader&proxy&chart=admin-bar-hours-scale
        )

)

2020-09-06T21:32:23+00:00 NOTICE order.member.updated :: Updated yur7tahu@protonmail.com language to en
2020-09-06T21:32:23+00:00 NOTICE order_submit.success :: addStoreOrder :: #199151 :: email: yur7tahu@protonmail.com :: landing site https://www.hotshot.nz/wp-admin/admin.php?page=stats&noheader&proxy&chart=admin-bar-hours-scale
2020-09-06T22:41:50+00:00 NOTICE action_scheduler.queue_job :: MailChimp_WooCommerce_Cart_Update queued :: obj_id da5a89ace3cb6c968087558ba6f15f1f
2020-09-06T22:41:50+00:00 NOTICE action_scheduler.queue_job :: MailChimp_WooCommerce_Cart_Update queued :: obj_id da5a89ace3cb6c968087558ba6f15f1f
2020-09-06T22:41:52+00:00 NOTICE abandoned_cart.success :: email: m_aumua@outlook.com :: checkout_url: https://www.hotshot.nz/checkout/?mc_cart_id=da5a89ace3cb6c968087558ba6f15f1f
2020-09-06T22:41:52+00:00 NOTICE cart.member.updated :: Updated m_aumua@outlook.com language to en
2020-09-06T22:41:54+00:00 NOTICE abandoned_cart.success :: email: m_aumua@outlook.com :: checkout_url: https://www.hotshot.nz/checkout/?mc_cart_id=da5a89ace3cb6c968087558ba6f15f1f
2020-09-06T22:42:28+00:00 NOTICE action_scheduler.queue_job :: MailChimp_WooCommerce_User_Submit queued :: obj_id 626
2020-09-06T22:42:33+00:00 NOTICE action_scheduler.queue_job :: MailChimp_WooCommerce_Single_Order starts in 90 seconds :: obj_id 199829
2020-09-06T22:42:35+00:00 NOTICE member.sync :: Updated Member m_aumua@outlook.com :: Array
(
    [previous_status] => transactional
    [status] => 1
    [merge_fields] => Array
        (
            [FNAME] => Misipati
            [LNAME] => Aumua
        )

)

2020-09-06T22:44:11+00:00 NOTICE order_sumbit :: #199829 has a financial status of pending and was skipped.
2020-09-06T22:45:36+00:00 NOTICE action_scheduler.queue_job :: MailChimp_WooCommerce_Cart_Update queued :: obj_id da5a89ace3cb6c968087558ba6f15f1f
2020-09-06T22:45:38+00:00 NOTICE abandoned_cart.success :: email: m_aumua@outlook.com :: checkout_url: https://www.hotshot.nz/checkout/?mc_cart_id=da5a89ace3cb6c968087558ba6f15f1f
