2020-11-12T02:07:59+00:00 NOTICE action_scheduler.queue_job :: MailChimp_WooCommerce_Single_Order starts in 90 seconds :: obj_id 296035
2020-11-12T02:17:57+00:00 NOTICE order_sumbit :: #296035 has a financial status of pending and was skipped.
2020-11-12T05:42:52+00:00 NOTICE action_scheduler.queue_job :: MailChimp_WooCommerce_Single_Order starts in 90 seconds :: obj_id 288704
2020-11-12T05:42:52+00:00 NOTICE debug :: Order ID 288704 was pending and is now cancelled :: Array
(
    [new_order] => 
    [tracking] => 
)

2020-11-12T05:42:53+00:00 NOTICE action_scheduler.queue_job :: MailChimp_WooCommerce_Single_Order starts in 90 seconds :: obj_id 290344
2020-11-12T05:42:53+00:00 NOTICE debug :: Order ID 290344 was pending and is now cancelled :: Array
(
    [new_order] => 
    [tracking] => 
)

2020-11-12T05:42:53+00:00 NOTICE action_scheduler.queue_job :: MailChimp_WooCommerce_Single_Order starts in 90 seconds :: obj_id 291924
2020-11-12T05:42:53+00:00 NOTICE debug :: Order ID 291924 was pending and is now cancelled :: Array
(
    [new_order] => 
    [tracking] => 
)

2020-11-12T05:42:53+00:00 NOTICE action_scheduler.queue_job :: MailChimp_WooCommerce_Single_Order starts in 90 seconds :: obj_id 292192
2020-11-12T05:42:54+00:00 NOTICE debug :: Order ID 292192 was pending and is now cancelled :: Array
(
    [new_order] => 
    [tracking] => 
)

2020-11-12T05:42:54+00:00 NOTICE action_scheduler.queue_job :: MailChimp_WooCommerce_Single_Order starts in 90 seconds :: obj_id 293952
2020-11-12T05:42:54+00:00 NOTICE debug :: Order ID 293952 was pending and is now cancelled :: Array
(
    [new_order] => 
    [tracking] => 
)

2020-11-12T05:42:54+00:00 NOTICE action_scheduler.queue_job :: MailChimp_WooCommerce_Single_Order starts in 90 seconds :: obj_id 294414
2020-11-12T05:42:54+00:00 NOTICE debug :: Order ID 294414 was pending and is now cancelled :: Array
(
    [new_order] => 
    [tracking] => 
)

2020-11-12T05:45:25+00:00 NOTICE order_sumbit :: #288704 has a financial status of cancelled and was skipped.
2020-11-12T05:45:27+00:00 NOTICE order_sumbit :: #290344 has a financial status of cancelled and was skipped.
2020-11-12T05:45:28+00:00 NOTICE order_sumbit :: #291924 has a financial status of cancelled and was skipped.
2020-11-12T05:45:30+00:00 NOTICE order_sumbit :: #292192 has a financial status of cancelled and was skipped.
2020-11-12T05:45:33+00:00 NOTICE order_submit.success :: updateStoreOrder :: #293952 :: email: gisgood2me298@gmail.com
2020-11-12T05:45:35+00:00 NOTICE order_submit.success :: updateStoreOrder :: #294414 :: email: aleisha.leitchdiamond@gmail.com
