2020-08-13T02:01:00+00:00 NOTICE action_scheduler.queue_job :: MailChimp_WooCommerce_Single_Order starts in 90 seconds :: obj_id 150594
2020-08-13T02:01:08+00:00 NOTICE action_scheduler.queue_job :: MailChimp_WooCommerce_User_Submit queued :: obj_id 429
2020-08-13T02:01:10+00:00 NOTICE debug :: Order ID 150594 was processing and is now completed :: Array
(
    [new_order] => 
    [tracking] => 
)

2020-08-13T02:01:10+00:00 NOTICE debug :: Order ID 150594 was pending and is now processing :: Array
(
    [new_order] => 1
    [tracking] => Array
        (
            [campaign_id] => 
            [landing_site] => https://www.hotshot.nz/wp-admin/admin-ajax.php
        )

)

2020-08-13T02:01:21+00:00 NOTICE action_scheduler.queue_job :: MailChimp_WooCommerce_Single_Order starts in 90 seconds :: obj_id 150609
2020-08-13T02:01:30+00:00 NOTICE debug :: Order ID 150609 was processing and is now completed :: Array
(
    [new_order] => 
    [tracking] => 
)

2020-08-13T02:01:30+00:00 NOTICE debug :: Order ID 150609 was pending and is now processing :: Array
(
    [new_order] => 1
    [tracking] => Array
        (
            [campaign_id] => 
            [landing_site] => https://www.hotshot.nz/wp-admin/admin-ajax.php
        )

)

2020-08-13T02:01:37+00:00 NOTICE member.sync :: Updated Member julescuttriss@gmail.com ( merge fields only ) :: Array
(
    [merge_fields] => Array
        (
            [FNAME] => Juliette
            [LNAME] => Cuttriss
        )

)

2020-08-13T02:02:50+00:00 NOTICE order.member.updated :: Updated julescuttriss@gmail.com language to en
2020-08-13T02:02:50+00:00 NOTICE order_submit.success :: addStoreOrder :: #150594 :: email: julescuttriss@gmail.com :: landing site https://www.hotshot.nz/wp-admin/admin-ajax.php
2020-08-13T02:02:55+00:00 NOTICE order.member.updated :: Updated shaijuuthup1990@gmail.com language to en
2020-08-13T02:02:55+00:00 NOTICE order_submit.success :: addStoreOrder :: #150609 :: email: shaijuuthup1990@gmail.com :: landing site https://www.hotshot.nz/wp-admin/admin-ajax.php
2020-08-13T03:38:11+00:00 NOTICE action_scheduler.queue_job :: MailChimp_WooCommerce_Single_Order starts in 90 seconds :: obj_id 150847
2020-08-13T03:38:22+00:00 NOTICE debug :: Order ID 150847 was processing and is now completed :: Array
(
    [new_order] => 
    [tracking] => 
)

2020-08-13T03:38:22+00:00 NOTICE debug :: Order ID 150847 was pending and is now processing :: Array
(
    [new_order] => 1
    [tracking] => Array
        (
            [campaign_id] => 
            [landing_site] => 
        )

)

2020-08-13T03:40:30+00:00 NOTICE order.member.updated :: Updated hyhenrywu@gmail.com language to en
2020-08-13T03:40:30+00:00 NOTICE order_submit.success :: addStoreOrder :: #150847 :: email: hyhenrywu@gmail.com
2020-08-13T03:44:22+00:00 NOTICE action_scheduler.queue_job :: MailChimp_WooCommerce_Single_Order starts in 90 seconds :: obj_id 129712
2020-08-13T03:46:00+00:00 NOTICE order_sumbit :: #129712 has a financial status of pending and was skipped.
2020-08-13T04:01:07+00:00 NOTICE action_scheduler.queue_job :: MailChimp_WooCommerce_Single_Order starts in 90 seconds :: obj_id 131907
2020-08-13T04:03:12+00:00 NOTICE order_sumbit :: #131907 has a financial status of pending and was skipped.
2020-08-13T04:05:08+00:00 NOTICE debug :: Order ID 135933 was processing and is now completed :: Array
(
    [new_order] => 
    [tracking] => 
)

2020-08-13T04:05:08+00:00 NOTICE action_scheduler.queue_job :: MailChimp_WooCommerce_Single_Order starts in 90 seconds :: obj_id 135933
2020-08-13T04:05:08+00:00 NOTICE debug :: Order ID 135933 was pending and is now processing :: Array
(
    [new_order] => 1
    [tracking] => Array
        (
            [campaign_id] => 
            [landing_site] => 
        )

)

2020-08-13T04:07:22+00:00 NOTICE order_submit.success :: addStoreOrder :: #135933 :: email: shannen.elsa@gmail.com
2020-08-13T04:07:52+00:00 NOTICE action_scheduler.queue_job :: MailChimp_WooCommerce_Single_Order starts in 90 seconds :: obj_id 136427
2020-08-13T04:09:45+00:00 NOTICE debug :: Order ID 137030 was processing and is now completed :: Array
(
    [new_order] => 
    [tracking] => 
)

2020-08-13T04:09:45+00:00 NOTICE action_scheduler.queue_job :: MailChimp_WooCommerce_Single_Order starts in 90 seconds :: obj_id 137030
2020-08-13T04:09:45+00:00 NOTICE debug :: Order ID 137030 was pending and is now processing :: Array
(
    [new_order] => 1
    [tracking] => Array
        (
            [campaign_id] => 
            [landing_site] => 
        )

)

2020-08-13T04:09:46+00:00 NOTICE order_sumbit :: #136427 has a financial status of pending and was skipped.
2020-08-13T04:11:14+00:00 NOTICE action_scheduler.queue_job :: MailChimp_WooCommerce_Single_Order starts in 90 seconds :: obj_id 122613
2020-08-13T04:11:15+00:00 NOTICE debug :: Order ID 122613 was pending and is now cancelled :: Array
(
    [new_order] => 
    [tracking] => 
)

2020-08-13T04:11:15+00:00 NOTICE action_scheduler.queue_job :: MailChimp_WooCommerce_Single_Order starts in 90 seconds :: obj_id 122621
2020-08-13T04:11:16+00:00 NOTICE debug :: Order ID 122621 was pending and is now cancelled :: Array
(
    [new_order] => 
    [tracking] => 
)

2020-08-13T04:11:16+00:00 NOTICE action_scheduler.queue_job :: MailChimp_WooCommerce_Single_Order starts in 90 seconds :: obj_id 123738
2020-08-13T04:11:17+00:00 NOTICE debug :: Order ID 123738 was pending and is now cancelled :: Array
(
    [new_order] => 
    [tracking] => 
)

2020-08-13T04:11:17+00:00 NOTICE action_scheduler.queue_job :: MailChimp_WooCommerce_Single_Order starts in 90 seconds :: obj_id 127063
2020-08-13T04:11:18+00:00 NOTICE debug :: Order ID 127063 was pending and is now cancelled :: Array
(
    [new_order] => 
    [tracking] => 
)

2020-08-13T04:11:18+00:00 NOTICE action_scheduler.queue_job :: MailChimp_WooCommerce_Single_Order starts in 90 seconds :: obj_id 127763
2020-08-13T04:11:19+00:00 NOTICE debug :: Order ID 127763 was pending and is now cancelled :: Array
(
    [new_order] => 
    [tracking] => 
)

2020-08-13T04:11:20+00:00 NOTICE action_scheduler.queue_job :: MailChimp_WooCommerce_Single_Order starts in 90 seconds :: obj_id 127829
2020-08-13T04:11:21+00:00 NOTICE debug :: Order ID 127829 was pending and is now cancelled :: Array
(
    [new_order] => 
    [tracking] => 
)

2020-08-13T04:11:21+00:00 NOTICE action_scheduler.queue_job :: MailChimp_WooCommerce_Single_Order starts in 90 seconds :: obj_id 130500
2020-08-13T04:11:22+00:00 NOTICE order_submit.success :: addStoreOrder :: #137030 :: email: madisyn.organ@outlook.com
2020-08-13T04:11:23+00:00 NOTICE debug :: Order ID 130500 was pending and is now cancelled :: Array
(
    [new_order] => 
    [tracking] => 
)

2020-08-13T04:11:23+00:00 NOTICE action_scheduler.queue_job :: MailChimp_WooCommerce_Single_Order starts in 90 seconds :: obj_id 130503
2020-08-13T04:11:24+00:00 NOTICE debug :: Order ID 130503 was pending and is now cancelled :: Array
(
    [new_order] => 
    [tracking] => 
)

2020-08-13T04:11:24+00:00 NOTICE action_scheduler.queue_job :: MailChimp_WooCommerce_Single_Order starts in 90 seconds :: obj_id 130705
2020-08-13T04:11:25+00:00 NOTICE debug :: Order ID 130705 was pending and is now cancelled :: Array
(
    [new_order] => 
    [tracking] => 
)

2020-08-13T04:12:50+00:00 NOTICE order_sumbit :: #122613 has a financial status of cancelled and was skipped.
2020-08-13T04:12:52+00:00 NOTICE order_sumbit :: #122621 has a financial status of cancelled and was skipped.
2020-08-13T04:12:53+00:00 NOTICE order_sumbit :: #123738 has a financial status of cancelled and was skipped.
2020-08-13T04:12:55+00:00 NOTICE order_sumbit :: #127063 has a financial status of cancelled and was skipped.
2020-08-13T04:12:57+00:00 NOTICE order_sumbit :: #127763 has a financial status of cancelled and was skipped.
2020-08-13T04:12:59+00:00 NOTICE order_sumbit :: #127829 has a financial status of cancelled and was skipped.
2020-08-13T04:13:01+00:00 NOTICE order_sumbit :: #130500 has a financial status of cancelled and was skipped.
2020-08-13T04:13:03+00:00 NOTICE order_sumbit :: #130503 has a financial status of cancelled and was skipped.
2020-08-13T04:13:05+00:00 NOTICE order_sumbit :: #130705 has a financial status of cancelled and was skipped.
2020-08-13T04:16:30+00:00 NOTICE action_scheduler.queue_job :: MailChimp_WooCommerce_Cart_Update queued :: obj_id b45c198464ab7a3cc994ced39877c654
2020-08-13T04:16:34+00:00 NOTICE abandoned_cart.success :: email: meteka31@gmail.com :: checkout_url: https://www.hotshot.nz/checkout/?mc_cart_id=b45c198464ab7a3cc994ced39877c654
2020-08-13T04:16:34+00:00 NOTICE cart.member.updated :: Updated meteka31@gmail.com language to en
2020-08-13T04:22:43+00:00 NOTICE action_scheduler.queue_job :: MailChimp_WooCommerce_Cart_Update queued :: obj_id b45c198464ab7a3cc994ced39877c654
2020-08-13T04:23:06+00:00 NOTICE abandoned_cart.success :: email: meteka31@gmail.com :: checkout_url: https://www.hotshot.nz/checkout/?mc_cart_id=b45c198464ab7a3cc994ced39877c654
2020-08-13T04:23:08+00:00 NOTICE action_scheduler.queue_job :: MailChimp_WooCommerce_Cart_Update queued :: obj_id b45c198464ab7a3cc994ced39877c654
2020-08-13T04:23:10+00:00 NOTICE action_scheduler.queue_job :: MailChimp_WooCommerce_Cart_Update queued :: obj_id b45c198464ab7a3cc994ced39877c654
2020-08-13T04:23:11+00:00 NOTICE abandoned_cart.success :: email: meteka31@gmail.com :: checkout_url: https://www.hotshot.nz/checkout/?mc_cart_id=b45c198464ab7a3cc994ced39877c654
2020-08-13T04:23:13+00:00 NOTICE abandoned_cart.success :: email: meteka31@gmail.com :: checkout_url: https://www.hotshot.nz/checkout/?mc_cart_id=b45c198464ab7a3cc994ced39877c654
2020-08-13T04:23:15+00:00 NOTICE action_scheduler.queue_job :: MailChimp_WooCommerce_Cart_Update queued :: obj_id b45c198464ab7a3cc994ced39877c654
2020-08-13T04:23:23+00:00 NOTICE abandoned_cart.success :: email: meteka31@gmail.com :: checkout_url: https://www.hotshot.nz/checkout/?mc_cart_id=b45c198464ab7a3cc994ced39877c654
2020-08-13T04:23:54+00:00 NOTICE action_scheduler.queue_job :: MailChimp_WooCommerce_Single_Order starts in 90 seconds :: obj_id 131907
2020-08-13T04:23:56+00:00 NOTICE action_scheduler.queue_job :: MailChimp_WooCommerce_User_Submit queued :: obj_id 350
2020-08-13T04:23:57+00:00 NOTICE debug :: Order ID 131907 was processing and is now completed :: Array
(
    [new_order] => 
    [tracking] => 
)

2020-08-13T04:23:58+00:00 NOTICE debug :: Order ID 131907 was pending and is now processing :: Array
(
    [new_order] => 1
    [tracking] => Array
        (
            [campaign_id] => 
            [landing_site] => https://www.hotshot.nz/wp-json/wp/v2/users/me?context=edit&_locale=user
        )

)

2020-08-13T04:24:11+00:00 NOTICE member.sync :: Updated Member meteka31@gmail.com ( merge fields only ) :: Array
(
    [merge_fields] => Array
        (
            [FNAME] => Mata
            [LNAME] => Aurupa
        )

)

2020-08-13T04:25:26+00:00 NOTICE order_submit.success :: addStoreOrder :: #131907 :: email: meteka31@gmail.com :: landing site https://www.hotshot.nz/wp-json/wp/v2/users/me?context=edit&_locale=user :: abandoned cart deleted [b45c198464ab7a3cc994ced39877c654]
2020-08-13T04:27:20+00:00 NOTICE action_scheduler.queue_job :: MailChimp_WooCommerce_User_Submit queued :: obj_id 317
2020-08-13T04:27:22+00:00 NOTICE debug :: Order ID 138058 was processing and is now completed :: Array
(
    [new_order] => 
    [tracking] => 
)

2020-08-13T04:27:22+00:00 NOTICE action_scheduler.queue_job :: MailChimp_WooCommerce_Single_Order starts in 90 seconds :: obj_id 138058
2020-08-13T04:27:22+00:00 NOTICE debug :: Order ID 138058 was pending and is now processing :: Array
(
    [new_order] => 1
    [tracking] => Array
        (
            [campaign_id] => 
            [landing_site] => https://www.hotshot.nz/wp-admin/admin-ajax.php
        )

)

2020-08-13T04:27:27+00:00 NOTICE member.sync :: Updated Member adamapemberton@gmail.com ( merge fields only ) :: Array
(
    [merge_fields] => Array
        (
            [FNAME] => Adam
            [LNAME] => Pemberton
        )

)

2020-08-13T04:29:30+00:00 NOTICE order_submit.success :: addStoreOrder :: #138058 :: email: adamapemberton@gmail.com
2020-08-13T05:11:04+00:00 NOTICE action_scheduler.queue_job :: MailChimp_WooCommerce_Single_Order starts in 90 seconds :: obj_id 142887
2020-08-13T05:12:48+00:00 NOTICE order_sumbit :: #142887 has a financial status of pending and was skipped.
2020-08-13T05:20:05+00:00 NOTICE action_scheduler.queue_job :: MailChimp_WooCommerce_Single_Order starts in 90 seconds :: obj_id 142887
2020-08-13T05:22:18+00:00 NOTICE order_sumbit :: #142887 has a financial status of pending and was skipped.
2020-08-13T07:23:59+00:00 NOTICE action_scheduler.queue_job :: MailChimp_WooCommerce_Cart_Update queued :: obj_id 937aa53ccfebb2f87e0ee27317a9a500
2020-08-13T07:24:22+00:00 NOTICE abandoned_cart.success :: email: stellapoko2@gmail.com :: checkout_url: https://www.hotshot.nz/checkout/?mc_cart_id=937aa53ccfebb2f87e0ee27317a9a500
2020-08-13T07:24:23+00:00 NOTICE cart.member.updated :: Updated stellapoko2@gmail.com language to en
2020-08-13T07:26:20+00:00 NOTICE action_scheduler.queue_job :: MailChimp_WooCommerce_Cart_Update queued :: obj_id 937aa53ccfebb2f87e0ee27317a9a500
2020-08-13T07:26:25+00:00 NOTICE abandoned_cart.success :: email: stellapoko2@gmail.com :: checkout_url: https://www.hotshot.nz/checkout/?mc_cart_id=937aa53ccfebb2f87e0ee27317a9a500
2020-08-13T07:26:40+00:00 NOTICE action_scheduler.queue_job :: MailChimp_WooCommerce_Single_Order starts in 90 seconds :: obj_id 151400
2020-08-13T07:28:39+00:00 NOTICE order_sumbit :: #151400 has a financial status of pending and was skipped.
2020-08-13T07:32:30+00:00 NOTICE action_scheduler.queue_job :: MailChimp_WooCommerce_Single_Order starts in 90 seconds :: obj_id 151400
2020-08-13T07:32:32+00:00 NOTICE debug :: Order ID 151400 was pending and is now processing :: Array
(
    [new_order] => 1
    [tracking] => Array
        (
            [campaign_id] => 
            [landing_site] => https://www.hotshot.nz/?wc-ajax=get_refreshed_fragments
        )

)

2020-08-13T07:35:19+00:00 NOTICE order_submit.success :: addStoreOrder :: #151400 :: email: stellapoko2@gmail.com :: landing site https://www.hotshot.nz/?wc-ajax=get_refreshed_fragments :: abandoned cart deleted [937aa53ccfebb2f87e0ee27317a9a500]
2020-08-13T11:08:37+00:00 NOTICE action_scheduler.queue_job :: MailChimp_WooCommerce_User_Submit queued :: obj_id 566
2020-08-13T11:08:38+00:00 NOTICE action_scheduler.queue_job :: MailChimp_WooCommerce_User_Submit queued :: obj_id 566
2020-08-13T11:08:39+00:00 NOTICE action_scheduler.queue_job :: MailChimp_WooCommerce_Single_Order starts in 90 seconds :: obj_id 151592
2020-08-13T11:08:40+00:00 NOTICE member.sync :: Subscribed Member equatorwhetu@gmail.com :: Array
(
    [status_if_new] => 1
    [merge_fields] => Array
        (
            [FNAME] => Equator
            [LNAME] => Whetu
        )

)

2020-08-13T11:09:06+00:00 NOTICE debug :: Order ID 151592 was pending and is now failed :: Array
(
    [new_order] => 
    [tracking] => 
)

2020-08-13T11:13:51+00:00 NOTICE system.debug :: order 151592 is in failed status, and is being skipped for now.
2020-08-13T20:39:56+00:00 NOTICE action_scheduler.queue_job :: MailChimp_WooCommerce_User_Submit queued :: obj_id 562
2020-08-13T20:40:00+00:00 NOTICE debug :: Order ID 139123 was processing and is now completed :: Array
(
    [new_order] => 
    [tracking] => 
)

2020-08-13T20:40:00+00:00 NOTICE action_scheduler.queue_job :: MailChimp_WooCommerce_Single_Order starts in 90 seconds :: obj_id 139123
2020-08-13T20:40:01+00:00 NOTICE member.sync :: Updated Member deebonus09@yahoo.co.nz ( merge fields only ) :: Array
(
    [merge_fields] => Array
        (
            [FNAME] => Diandra
            [LNAME] => Bonus
        )

)

2020-08-13T20:42:08+00:00 NOTICE order_submit.success :: updateStoreOrder :: #139123 :: email: deebonus09@yahoo.co.nz
2020-08-13T21:13:28+00:00 NOTICE action_scheduler.queue_job :: MailChimp_WooCommerce_Single_Order starts in 90 seconds :: obj_id 151960
2020-08-13T21:13:31+00:00 NOTICE action_scheduler.queue_job :: MailChimp_WooCommerce_User_Submit queued :: obj_id 509
2020-08-13T21:13:32+00:00 NOTICE debug :: Order ID 151960 was processing and is now completed :: Array
(
    [new_order] => 
    [tracking] => 
)

2020-08-13T21:13:32+00:00 NOTICE debug :: Order ID 151960 was pending and is now processing :: Array
(
    [new_order] => 1
    [tracking] => Array
        (
            [campaign_id] => 
            [landing_site] => https://www.hotshot.nz/?wc-ajax=update_order_review
        )

)

2020-08-13T21:13:33+00:00 NOTICE action_scheduler.queue_job :: MailChimp_WooCommerce_Single_Order starts in 90 seconds :: obj_id 151968
2020-08-13T21:13:38+00:00 NOTICE debug :: Order ID 151968 was processing and is now completed :: Array
(
    [new_order] => 
    [tracking] => 
)

2020-08-13T21:13:38+00:00 NOTICE debug :: Order ID 151968 was pending and is now processing :: Array
(
    [new_order] => 1
    [tracking] => Array
        (
            [campaign_id] => 
            [landing_site] => https://www.hotshot.nz/
        )

)

2020-08-13T21:14:28+00:00 NOTICE member.sync :: Updated Member sarahjanerees@yahoo.com.au ( merge fields only ) :: Array
(
    [merge_fields] => Array
        (
            [FNAME] => Sarah
            [LNAME] => Rees
        )

)

2020-08-13T21:18:27+00:00 NOTICE order.member.updated :: Updated sarahjanerees@yahoo.com.au language to en
2020-08-13T21:18:27+00:00 NOTICE order_submit.success :: addStoreOrder :: #151960 :: email: sarahjanerees@yahoo.com.au
2020-08-13T21:18:31+00:00 NOTICE order.member.updated :: Updated renurazmeen@gmail.com language to en
2020-08-13T21:18:31+00:00 NOTICE order_submit.success :: addStoreOrder :: #151968 :: email: renurazmeen@gmail.com
2020-08-13T22:55:58+00:00 NOTICE action_scheduler.queue_job :: MailChimp_WooCommerce_Single_Order starts in 90 seconds :: obj_id 152069
2020-08-13T22:56:02+00:00 NOTICE action_scheduler.queue_job :: MailChimp_WooCommerce_User_Submit queued :: obj_id 236
2020-08-13T22:56:04+00:00 NOTICE debug :: Order ID 152069 was processing and is now completed :: Array
(
    [new_order] => 
    [tracking] => 
)

2020-08-13T22:56:04+00:00 NOTICE debug :: Order ID 152069 was pending and is now processing :: Array
(
    [new_order] => 1
    [tracking] => Array
        (
            [campaign_id] => 
            [landing_site] => 
        )

)

2020-08-13T22:56:06+00:00 NOTICE member.sync :: Updated Member amizzle34@gmail.com ( merge fields only ) :: Array
(
    [merge_fields] => Array
        (
            [FNAME] => Amy
            [LNAME] => Fuller
        )

)

2020-08-13T22:59:36+00:00 NOTICE order.member.updated :: Updated amizzle34@gmail.com language to en
2020-08-13T22:59:36+00:00 NOTICE order_submit.success :: addStoreOrder :: #152069 :: email: amizzle34@gmail.com
2020-08-13T23:34:48+00:00 NOTICE action_scheduler.queue_job :: MailChimp_WooCommerce_Single_Order starts in 90 seconds :: obj_id 152109
2020-08-13T23:34:52+00:00 NOTICE debug :: Order ID 152109 was processing and is now completed :: Array
(
    [new_order] => 
    [tracking] => 
)

2020-08-13T23:34:52+00:00 NOTICE debug :: Order ID 152109 was pending and is now processing :: Array
(
    [new_order] => 1
    [tracking] => Array
        (
            [campaign_id] => 
            [landing_site] => https://www.hotshot.nz/
        )

)

2020-08-13T23:38:14+00:00 NOTICE order.member.updated :: Updated mkatvargas22@gmail.com language to en
2020-08-13T23:38:14+00:00 NOTICE order_submit.success :: addStoreOrder :: #152109 :: email: mkatvargas22@gmail.com
2020-08-13T23:54:07+00:00 NOTICE action_scheduler.queue_job :: MailChimp_WooCommerce_Cart_Update queued :: obj_id 90f9070f293980df7d7b1d8c320f1abc
2020-08-13T23:54:30+00:00 NOTICE action_scheduler.queue_job :: MailChimp_WooCommerce_User_Submit queued :: obj_id 566
2020-08-13T23:54:31+00:00 NOTICE action_scheduler.queue_job :: MailChimp_WooCommerce_Single_Order starts in 90 seconds :: obj_id 152147
2020-08-13T23:54:34+00:00 NOTICE abandoned_cart.success :: email: equatorwhetu@gmail.com :: checkout_url: https://www.hotshot.nz/checkout/?mc_cart_id=90f9070f293980df7d7b1d8c320f1abc
2020-08-13T23:54:34+00:00 NOTICE cart.member.updated :: Updated equatorwhetu@gmail.com language to en
2020-08-13T23:54:35+00:00 NOTICE member.sync :: Updated Member equatorwhetu@gmail.com ( merge fields only ) :: Array
(
    [merge_fields] => Array
        (
            [FNAME] => Equator
            [LNAME] => Whetu
        )

)

2020-08-13T23:55:03+00:00 NOTICE debug :: Order ID 152147 was pending and is now processing :: Array
(
    [new_order] => 1
    [tracking] => Array
        (
            [campaign_id] => 
            [landing_site] => https://www.hotshot.nz/my-account/
        )

)

2020-08-13T23:56:43+00:00 NOTICE order.member.updated :: Updated equatorwhetu@gmail.com language to en
2020-08-13T23:56:43+00:00 NOTICE order_submit.success :: addStoreOrder :: #152147 :: email: equatorwhetu@gmail.com :: landing site https://www.hotshot.nz/my-account/ :: abandoned cart deleted [90f9070f293980df7d7b1d8c320f1abc]
