2020-07-18T08:20:37+00:00 NOTICE action_scheduler.queue_job :: MailChimp_WooCommerce_Single_Order starts in 90 seconds :: obj_id 90915
2020-07-18T08:20:43+00:00 NOTICE debug :: Order ID 90915 was processing and is now completed :: Array
(
    [new_order] => 
    [tracking] => 
)

2020-07-18T08:20:43+00:00 NOTICE debug :: Order ID 90915 was pending and is now processing :: Array
(
    [new_order] => 1
    [tracking] => Array
        (
            [campaign_id] => 
            [landing_site] => 
        )

)

2020-07-18T08:28:46+00:00 NOTICE order.member.updated :: Updated Jaysonhazel@outlook.co.nz language to en
2020-07-18T08:28:46+00:00 NOTICE order_submit.success :: addStoreOrder :: #90915 :: email: Jaysonhazel@outlook.co.nz
2020-07-18T20:42:04+00:00 NOTICE action_scheduler.queue_job :: MailChimp_WooCommerce_Single_Order starts in 90 seconds :: obj_id 91247
2020-07-18T20:42:10+00:00 NOTICE debug :: Order ID 91247 was processing and is now completed :: Array
(
    [new_order] => 
    [tracking] => 
)

2020-07-18T20:42:10+00:00 NOTICE debug :: Order ID 91247 was pending and is now processing :: Array
(
    [new_order] => 1
    [tracking] => Array
        (
            [campaign_id] => 
            [landing_site] => 
        )

)

2020-07-18T20:44:05+00:00 NOTICE order.member.updated :: Updated bradatkinson@outlook.com language to en
2020-07-18T20:44:05+00:00 NOTICE order_submit.success :: addStoreOrder :: #91247 :: email: bradatkinson@outlook.com
2020-07-18T22:50:24+00:00 NOTICE action_scheduler.queue_job :: MailChimp_WooCommerce_Single_Order starts in 90 seconds :: obj_id 91330
2020-07-18T22:50:29+00:00 NOTICE debug :: Order ID 91330 was processing and is now completed :: Array
(
    [new_order] => 
    [tracking] => 
)

2020-07-18T22:50:29+00:00 NOTICE debug :: Order ID 91330 was pending and is now processing :: Array
(
    [new_order] => 1
    [tracking] => Array
        (
            [campaign_id] => 
            [landing_site] => 
        )

)

2020-07-18T22:53:59+00:00 NOTICE order.member.updated :: Updated carrick.ge@gmail.com language to en
2020-07-18T22:53:59+00:00 NOTICE order_submit.success :: addStoreOrder :: #91330 :: email: carrick.ge@gmail.com
