2020-09-10T00:32:09+00:00 NOTICE action_scheduler.queue_job :: MailChimp_WooCommerce_Single_Order starts in 90 seconds :: obj_id 207337
2020-09-10T00:32:23+00:00 NOTICE debug :: Order ID 207337 was processing and is now completed :: Array
(
    [new_order] => 
    [tracking] => 
)

2020-09-10T00:32:23+00:00 NOTICE debug :: Order ID 207337 was pending and is now processing :: Array
(
    [new_order] => 1
    [tracking] => Array
        (
            [campaign_id] => 
            [landing_site] => 
        )

)

2020-09-10T00:35:44+00:00 NOTICE order.member.updated :: Updated daniellerosed@gmail.com language to en
2020-09-10T00:35:44+00:00 NOTICE order_submit.success :: addStoreOrder :: #207337 :: email: daniellerosed@gmail.com
2020-09-10T01:21:23+00:00 NOTICE debug :: Order ID 189987 was processing and is now completed :: Array
(
    [new_order] => 
    [tracking] => 
)

2020-09-10T01:21:23+00:00 NOTICE action_scheduler.queue_job :: MailChimp_WooCommerce_Single_Order starts in 90 seconds :: obj_id 189987
2020-09-10T01:24:15+00:00 NOTICE order_submit.success :: updateStoreOrder :: #189987 :: email: west.sophec@gmail.com
2020-09-10T02:22:04+00:00 NOTICE action_scheduler.queue_job :: MailChimp_WooCommerce_Single_Order starts in 90 seconds :: obj_id 207479
2020-09-10T02:22:10+00:00 NOTICE debug :: Order ID 207479 was processing and is now completed :: Array
(
    [new_order] => 
    [tracking] => 
)

2020-09-10T02:22:10+00:00 NOTICE debug :: Order ID 207479 was pending and is now processing :: Array
(
    [new_order] => 1
    [tracking] => Array
        (
            [campaign_id] => 
            [landing_site] => 
        )

)

2020-09-10T02:24:29+00:00 NOTICE order.member.updated :: Updated geethc2010@gmail.com language to en
2020-09-10T02:24:29+00:00 NOTICE order_submit.success :: addStoreOrder :: #207479 :: email: geethc2010@gmail.com
2020-09-10T04:10:16+00:00 NOTICE action_scheduler.queue_job :: MailChimp_WooCommerce_Single_Order starts in 90 seconds :: obj_id 207675
2020-09-10T04:10:22+00:00 NOTICE debug :: Order ID 207675 was processing and is now completed :: Array
(
    [new_order] => 
    [tracking] => 
)

2020-09-10T04:10:23+00:00 NOTICE debug :: Order ID 207675 was pending and is now processing :: Array
(
    [new_order] => 1
    [tracking] => Array
        (
            [campaign_id] => 
            [landing_site] => 
        )

)

2020-09-10T04:12:20+00:00 NOTICE order.member.updated :: Updated madisyn.organ@outlook.com language to en
2020-09-10T04:12:20+00:00 NOTICE order_submit.success :: addStoreOrder :: #207675 :: email: madisyn.organ@outlook.com
2020-09-10T04:13:26+00:00 NOTICE action_scheduler.queue_job :: MailChimp_WooCommerce_Single_Order starts in 90 seconds :: obj_id 183399
2020-09-10T04:13:27+00:00 NOTICE debug :: Order ID 183399 was pending and is now cancelled :: Array
(
    [new_order] => 
    [tracking] => 
)

2020-09-10T04:13:28+00:00 NOTICE action_scheduler.queue_job :: MailChimp_WooCommerce_Single_Order starts in 90 seconds :: obj_id 184278
2020-09-10T04:13:29+00:00 NOTICE debug :: Order ID 184278 was pending and is now cancelled :: Array
(
    [new_order] => 
    [tracking] => 
)

2020-09-10T04:13:29+00:00 NOTICE action_scheduler.queue_job :: MailChimp_WooCommerce_Single_Order starts in 90 seconds :: obj_id 185548
2020-09-10T04:13:30+00:00 NOTICE debug :: Order ID 185548 was pending and is now cancelled :: Array
(
    [new_order] => 
    [tracking] => 
)

2020-09-10T04:13:30+00:00 NOTICE action_scheduler.queue_job :: MailChimp_WooCommerce_Single_Order starts in 90 seconds :: obj_id 185885
2020-09-10T04:13:31+00:00 NOTICE debug :: Order ID 185885 was pending and is now cancelled :: Array
(
    [new_order] => 
    [tracking] => 
)

2020-09-10T04:13:31+00:00 NOTICE action_scheduler.queue_job :: MailChimp_WooCommerce_Single_Order starts in 90 seconds :: obj_id 187162
2020-09-10T04:13:33+00:00 NOTICE debug :: Order ID 187162 was pending and is now cancelled :: Array
(
    [new_order] => 
    [tracking] => 
)

2020-09-10T04:13:33+00:00 NOTICE action_scheduler.queue_job :: MailChimp_WooCommerce_Single_Order starts in 90 seconds :: obj_id 188426
2020-09-10T04:13:34+00:00 NOTICE debug :: Order ID 188426 was pending and is now cancelled :: Array
(
    [new_order] => 
    [tracking] => 
)

2020-09-10T04:13:34+00:00 NOTICE action_scheduler.queue_job :: MailChimp_WooCommerce_Single_Order starts in 90 seconds :: obj_id 188759
2020-09-10T04:13:36+00:00 NOTICE debug :: Order ID 188759 was pending and is now cancelled :: Array
(
    [new_order] => 
    [tracking] => 
)

2020-09-10T04:13:36+00:00 NOTICE action_scheduler.queue_job :: MailChimp_WooCommerce_Single_Order starts in 90 seconds :: obj_id 191095
2020-09-10T04:13:37+00:00 NOTICE debug :: Order ID 191095 was pending and is now cancelled :: Array
(
    [new_order] => 
    [tracking] => 
)

2020-09-10T04:13:37+00:00 NOTICE action_scheduler.queue_job :: MailChimp_WooCommerce_Single_Order starts in 90 seconds :: obj_id 193092
2020-09-10T04:13:38+00:00 NOTICE debug :: Order ID 193092 was pending and is now cancelled :: Array
(
    [new_order] => 
    [tracking] => 
)

2020-09-10T04:13:38+00:00 NOTICE action_scheduler.queue_job :: MailChimp_WooCommerce_Single_Order starts in 90 seconds :: obj_id 193254
2020-09-10T04:13:39+00:00 NOTICE debug :: Order ID 193254 was pending and is now cancelled :: Array
(
    [new_order] => 
    [tracking] => 
)

2020-09-10T04:15:17+00:00 NOTICE order_sumbit :: #183399 has a financial status of cancelled and was skipped.
2020-09-10T04:15:19+00:00 NOTICE order_sumbit :: #184278 has a financial status of cancelled and was skipped.
2020-09-10T04:15:21+00:00 NOTICE order_sumbit :: #185548 has a financial status of cancelled and was skipped.
2020-09-10T04:15:23+00:00 NOTICE order_sumbit :: #185885 has a financial status of cancelled and was skipped.
2020-09-10T04:15:24+00:00 NOTICE order_sumbit :: #187162 has a financial status of cancelled and was skipped.
2020-09-10T04:15:26+00:00 NOTICE order_sumbit :: #188426 has a financial status of cancelled and was skipped.
2020-09-10T04:15:28+00:00 NOTICE order_sumbit :: #188759 has a financial status of cancelled and was skipped.
2020-09-10T04:15:29+00:00 NOTICE order_sumbit :: #191095 has a financial status of cancelled and was skipped.
2020-09-10T04:15:31+00:00 NOTICE order_sumbit :: #193092 has a financial status of cancelled and was skipped.
2020-09-10T04:15:32+00:00 NOTICE order_sumbit :: #193254 has a financial status of cancelled and was skipped.
2020-09-10T04:17:54+00:00 NOTICE action_scheduler.queue_job :: MailChimp_WooCommerce_Single_Order starts in 90 seconds :: obj_id 198785
2020-09-10T04:20:02+00:00 NOTICE order_sumbit :: #198785 has a financial status of pending and was skipped.
2020-09-10T04:29:37+00:00 NOTICE action_scheduler.queue_job :: MailChimp_WooCommerce_Single_Order starts in 90 seconds :: obj_id 201903
2020-09-10T04:30:47+00:00 NOTICE action_scheduler.queue_job :: MailChimp_WooCommerce_User_Submit queued :: obj_id 326
2020-09-10T04:30:51+00:00 NOTICE debug :: Order ID 203937 was processing and is now completed :: Array
(
    [new_order] => 
    [tracking] => 
)

2020-09-10T04:30:51+00:00 NOTICE action_scheduler.queue_job :: MailChimp_WooCommerce_Single_Order starts in 90 seconds :: obj_id 203937
2020-09-10T04:30:52+00:00 NOTICE debug :: Order ID 203937 was pending and is now processing :: Array
(
    [new_order] => 1
    [tracking] => Array
        (
            [campaign_id] => 
            [landing_site] => https://www.hotshot.nz/?wc-ajax=get_refreshed_fragments
        )

)

2020-09-10T04:30:55+00:00 NOTICE member.sync :: Updated Member stellapoko2@gmail.com ( merge fields only ) :: Array
(
    [merge_fields] => Array
        (
            [FNAME] => Stella
            [LNAME] => Poko
        )

)

2020-09-10T04:31:14+00:00 NOTICE order_sumbit :: #201903 has a financial status of pending and was skipped.
2020-09-10T04:32:28+00:00 NOTICE order_submit.success :: addStoreOrder :: #203937 :: email: stellapoko2@gmail.com
2020-09-10T20:53:29+00:00 NOTICE action_scheduler.queue_job :: MailChimp_WooCommerce_Single_Order starts in 90 seconds :: obj_id 208882
2020-09-10T20:53:36+00:00 NOTICE debug :: Order ID 208882 was processing and is now completed :: Array
(
    [new_order] => 
    [tracking] => 
)

2020-09-10T20:53:36+00:00 NOTICE debug :: Order ID 208882 was pending and is now processing :: Array
(
    [new_order] => 1
    [tracking] => Array
        (
            [campaign_id] => 
            [landing_site] => 
        )

)

2020-09-10T20:55:54+00:00 NOTICE order.member.updated :: Updated davidflemons@hotmail.co.uk language to en
2020-09-10T20:55:54+00:00 NOTICE order_submit.success :: addStoreOrder :: #208882 :: email: davidflemons@hotmail.co.uk
2020-09-10T22:09:31+00:00 NOTICE action_scheduler.queue_job :: MailChimp_WooCommerce_User_Submit queued :: obj_id 622
2020-09-10T22:09:37+00:00 NOTICE debug :: Order ID 204712 was processing and is now completed :: Array
(
    [new_order] => 
    [tracking] => 
)

2020-09-10T22:09:37+00:00 NOTICE action_scheduler.queue_job :: MailChimp_WooCommerce_Single_Order starts in 90 seconds :: obj_id 204712
2020-09-10T22:11:17+00:00 NOTICE member.sync :: Updated Member tipenelaird@gmail.com ( merge fields only ) :: Array
(
    [merge_fields] => Array
        (
            [FNAME] => Stephen
            [LNAME] => Laird
        )

)

2020-09-10T22:11:19+00:00 NOTICE order_submit.success :: updateStoreOrder :: #204712 :: email: tipenelaird@gmail.com
