2020-09-12T01:05:43+00:00 NOTICE action_scheduler.queue_job :: MailChimp_WooCommerce_Single_Order starts in 90 seconds :: obj_id 210281
2020-09-12T01:05:50+00:00 NOTICE debug :: Order ID 210281 was processing and is now completed :: Array
(
    [new_order] => 
    [tracking] => 
)

2020-09-12T01:05:50+00:00 NOTICE debug :: Order ID 210281 was pending and is now processing :: Array
(
    [new_order] => 1
    [tracking] => Array
        (
            [campaign_id] => 
            [landing_site] => 
        )

)

2020-09-12T01:08:47+00:00 NOTICE order.member.updated :: Updated fawaz.rec@gmail.com language to en
2020-09-12T01:08:47+00:00 NOTICE order_submit.success :: addStoreOrder :: #210281 :: email: fawaz.rec@gmail.com
2020-09-12T13:31:09+00:00 NOTICE action_scheduler.queue_job :: MailChimp_WooCommerce_User_Submit queued :: obj_id 639
2020-09-12T13:31:12+00:00 NOTICE action_scheduler.queue_job :: MailChimp_WooCommerce_Single_Order starts in 90 seconds :: obj_id 211069
2020-09-12T13:32:01+00:00 NOTICE member.sync :: Subscribed Member lucindapairama0@gmail.com :: Array
(
    [status_if_new] => 1
    [merge_fields] => Array
        (
            [FNAME] => Lucy
            [LNAME] => Pairama
        )

)

2020-09-12T13:33:46+00:00 NOTICE order_sumbit :: #211069 has a financial status of pending and was skipped.
2020-09-12T16:55:58+00:00 NOTICE action_scheduler.queue_job :: MailChimp_WooCommerce_User_Submit queued :: obj_id 640
2020-09-12T16:56:04+00:00 NOTICE action_scheduler.queue_job :: MailChimp_WooCommerce_Single_Order starts in 90 seconds :: obj_id 211255
2020-09-12T16:56:31+00:00 NOTICE debug :: Order ID 211255 was pending and is now failed :: Array
(
    [new_order] => 
    [tracking] => 
)

2020-09-12T16:56:53+00:00 NOTICE member.sync :: Subscribed Member christina.documents104@gmail.com :: Array
(
    [status_if_new] => 1
    [merge_fields] => Array
        (
            [FNAME] => Christina
            [LNAME] => Gregoriadis
        )

)

2020-09-12T16:57:38+00:00 NOTICE system.debug :: order 211255 is in failed status, and is being skipped for now.
