2020-09-22T01:36:23+00:00 NOTICE action_scheduler.queue_job :: MailChimp_WooCommerce_User_Submit queued :: obj_id 579
2020-09-22T01:36:28+00:00 NOTICE debug :: Order ID 212866 was processing and is now completed :: Array
(
    [new_order] => 
    [tracking] => 
)

2020-09-22T01:36:28+00:00 NOTICE action_scheduler.queue_job :: MailChimp_WooCommerce_Single_Order starts in 90 seconds :: obj_id 212866
2020-09-22T01:36:29+00:00 NOTICE debug :: Order ID 212866 was pending and is now processing :: Array
(
    [new_order] => 1
    [tracking] => Array
        (
            [campaign_id] => 
            [landing_site] => https://www.hotshot.nz/?gclid=CjwKCAjwm_P5BRAhEiwAwRzSO6BrKzqXB1JkmlMgIrFbbJOobUH9r4NMjtpdDKo8m5cGDohwK9WNQhoC4okQAvD_BwE
        )

)

2020-09-22T01:36:30+00:00 NOTICE member.sync :: Updated Member meltupouila@gmail.com ( merge fields only ) :: Array
(
    [merge_fields] => Array
        (
            [FNAME] => Mele
            [LNAME] => Tupouila
        )

)

2020-09-22T01:39:16+00:00 NOTICE order_submit.success :: addStoreOrder :: #212866 :: email: meltupouila@gmail.com
2020-09-22T01:45:53+00:00 NOTICE action_scheduler.queue_job :: MailChimp_WooCommerce_Cart_Update queued :: obj_id 47284da2876ea8e92fc93f7141f11bfa
2020-09-22T01:45:55+00:00 NOTICE abandoned_cart.success :: email: prakash.thangarasu@gmail.com :: checkout_url: https://www.hotshot.nz/checkout/?mc_cart_id=47284da2876ea8e92fc93f7141f11bfa
2020-09-22T01:45:55+00:00 NOTICE cart.member.updated :: Updated prakash.thangarasu@gmail.com language to en
2020-09-22T01:47:15+00:00 NOTICE action_scheduler.queue_job :: MailChimp_WooCommerce_Single_Order starts in 90 seconds :: obj_id 225637
2020-09-22T01:48:27+00:00 NOTICE debug :: Order ID 225637 was pending and is now processing :: Array
(
    [new_order] => 1
    [tracking] => Array
        (
            [campaign_id] => 
            [landing_site] => https://www.hotshot.nz/wp-admin/admin-ajax.php?action=mailchimp_set_user_by_email&email=prakash.thangarasu@gmail.com&language=en
        )

)

2020-09-22T01:50:30+00:00 NOTICE order.member.updated :: Updated prakash.thangarasu@gmail.com language to en
2020-09-22T01:50:30+00:00 NOTICE order_submit.success :: addStoreOrder :: #225637 :: email: prakash.thangarasu@gmail.com :: landing site https://www.hotshot.nz/wp-admin/admin-ajax.php?action=mailchimp_set_user_by_email&email=prakash.thangarasu@gmail.com&language=en :: abandoned cart deleted [47284da2876ea8e92fc93f7141f11bfa]
2020-09-22T01:52:46+00:00 NOTICE action_scheduler.queue_job :: MailChimp_WooCommerce_User_Submit queued :: obj_id 657
2020-09-22T01:52:51+00:00 NOTICE debug :: Order ID 220472 was processing and is now completed :: Array
(
    [new_order] => 
    [tracking] => 
)

2020-09-22T01:52:51+00:00 NOTICE action_scheduler.queue_job :: MailChimp_WooCommerce_Single_Order starts in 90 seconds :: obj_id 220472
2020-09-22T01:52:54+00:00 NOTICE member.sync :: Updated Member angeltaylor22nz@gmail.com ( merge fields only ) :: Array
(
    [merge_fields] => Array
        (
            [FNAME] => Angel
            [LNAME] => Taylor
        )

)

2020-09-22T01:54:29+00:00 NOTICE order_submit.success :: updateStoreOrder :: #220472 :: email: angeltaylor22nz@gmail.com
2020-09-22T02:03:08+00:00 NOTICE action_scheduler.queue_job :: MailChimp_WooCommerce_Single_Order starts in 90 seconds :: obj_id 215922
2020-09-22T02:04:45+00:00 NOTICE order_sumbit :: #215922 has a financial status of pending and was skipped.
2020-09-22T02:09:12+00:00 NOTICE action_scheduler.queue_job :: MailChimp_WooCommerce_User_Submit queued :: obj_id 650
2020-09-22T02:09:13+00:00 NOTICE member.sync :: Updated Member dnd814@gmail.com ( merge fields only ) :: Array
(
    [merge_fields] => Array
        (
            [FNAME] => Seonhwa
            [LNAME] => Kim
        )

)

2020-09-22T02:09:18+00:00 NOTICE debug :: Order ID 216901 was processing and is now completed :: Array
(
    [new_order] => 
    [tracking] => 
)

2020-09-22T02:09:18+00:00 NOTICE action_scheduler.queue_job :: MailChimp_WooCommerce_Single_Order starts in 90 seconds :: obj_id 216901
2020-09-22T02:10:21+00:00 NOTICE action_scheduler.queue_job :: MailChimp_WooCommerce_Single_Order starts in 90 seconds :: obj_id 217823
2020-09-22T02:11:32+00:00 NOTICE order_submit.success :: updateStoreOrder :: #216901 :: email: dnd814@gmail.com
2020-09-22T02:12:06+00:00 NOTICE order_sumbit :: #217823 has a financial status of pending and was skipped.
2020-09-22T02:13:27+00:00 NOTICE action_scheduler.queue_job :: MailChimp_WooCommerce_Single_Order starts in 90 seconds :: obj_id 220551
2020-09-22T02:15:09+00:00 NOTICE order_sumbit :: #220551 has a financial status of pending and was skipped.
2020-09-22T02:16:53+00:00 NOTICE action_scheduler.queue_job :: MailChimp_WooCommerce_Single_Order starts in 90 seconds :: obj_id 221794
2020-09-22T02:19:05+00:00 NOTICE order_sumbit :: #221794 has a financial status of pending and was skipped.
2020-09-22T02:39:14+00:00 NOTICE action_scheduler.queue_job :: MailChimp_WooCommerce_Cart_Update queued :: obj_id 0a3e640d0ce4c3950a2754a3571425a1
2020-09-22T02:39:17+00:00 NOTICE abandoned_cart.success :: email: naitikpatel0@gmail.com :: checkout_url: https://www.hotshot.nz/checkout/?mc_cart_id=0a3e640d0ce4c3950a2754a3571425a1
2020-09-22T02:39:17+00:00 NOTICE cart.member.updated :: Updated naitikpatel0@gmail.com language to en
2020-09-22T02:40:48+00:00 NOTICE action_scheduler.queue_job :: MailChimp_WooCommerce_Single_Order starts in 90 seconds :: obj_id 225825
2020-09-22T02:41:09+00:00 NOTICE debug :: Order ID 225825 was pending and is now failed :: Array
(
    [new_order] => 
    [tracking] => 
)

2020-09-22T02:41:37+00:00 NOTICE action_scheduler.queue_job :: MailChimp_WooCommerce_Cart_Update queued :: obj_id 0a3e640d0ce4c3950a2754a3571425a1
2020-09-22T02:41:55+00:00 NOTICE abandoned_cart.success :: email: naitikpatel0@gmail.com :: checkout_url: https://www.hotshot.nz/checkout/?mc_cart_id=0a3e640d0ce4c3950a2754a3571425a1
2020-09-22T02:42:43+00:00 NOTICE system.debug :: order 225825 is in failed status, and is being skipped for now.
2020-09-22T03:19:59+00:00 NOTICE action_scheduler.queue_job :: MailChimp_WooCommerce_User_Submit queued :: obj_id 582
2020-09-22T03:20:03+00:00 NOTICE debug :: Order ID 215922 was processing and is now completed :: Array
(
    [new_order] => 
    [tracking] => 
)

2020-09-22T03:20:03+00:00 NOTICE action_scheduler.queue_job :: MailChimp_WooCommerce_Single_Order starts in 90 seconds :: obj_id 215922
2020-09-22T03:20:04+00:00 NOTICE debug :: Order ID 215922 was pending and is now processing :: Array
(
    [new_order] => 1
    [tracking] => Array
        (
            [campaign_id] => 
            [landing_site] => https://www.hotshot.nz/?gclid=CjwKCAjwyo36BRAXEiwA24CwGdh4ID0dZPjxM3Fr34FqoOeoKztCkcmS2AYmVu-6RLv8CsIUCNFLyhoCJjwQAvD_BwE
        )

)

2020-09-22T03:20:06+00:00 NOTICE member.sync :: Updated Member naitikpatel0@gmail.com :: Array
(
    [previous_status] => transactional
    [status] => 1
    [merge_fields] => Array
        (
            [FNAME] => NAITIK
            [LNAME] => PATEL
        )

)

2020-09-22T03:21:37+00:00 NOTICE order_submit.success :: addStoreOrder :: #215922 :: email: naitikpatel0@gmail.com :: abandoned cart deleted [0a3e640d0ce4c3950a2754a3571425a1]
2020-09-22T19:56:45+00:00 NOTICE action_scheduler.queue_job :: MailChimp_WooCommerce_User_Submit queued :: obj_id 669
2020-09-22T19:56:49+00:00 NOTICE action_scheduler.queue_job :: MailChimp_WooCommerce_Single_Order starts in 90 seconds :: obj_id 226649
2020-09-22T19:56:58+00:00 NOTICE member.sync :: Subscribed Member g.morgantahapehi@gmail.com :: Array
(
    [status_if_new] => 1
    [merge_fields] => Array
        (
            [FNAME] => Ginnaye
            [LNAME] => Morgan
        )

)

2020-09-22T19:57:17+00:00 NOTICE debug :: Order ID 226649 was pending and is now failed :: Array
(
    [new_order] => 
    [tracking] => 
)

2020-09-22T19:57:53+00:00 NOTICE action_scheduler.queue_job :: MailChimp_WooCommerce_Cart_Update queued :: obj_id ad7f984bd2524caa25c3a5fc66d9bc4f
2020-09-22T19:57:56+00:00 NOTICE abandoned_cart.success :: email: g.morgantahapehi@gmail.com :: checkout_url: https://www.hotshot.nz/checkout/?mc_cart_id=ad7f984bd2524caa25c3a5fc66d9bc4f
2020-09-22T19:57:57+00:00 NOTICE cart.member.updated :: Updated g.morgantahapehi@gmail.com language to en
2020-09-22T19:58:47+00:00 NOTICE action_scheduler.queue_job :: MailChimp_WooCommerce_User_Submit queued :: obj_id 669
2020-09-22T19:58:59+00:00 NOTICE system.debug :: order 226649 is in failed status, and is being skipped for now.
2020-09-22T19:59:00+00:00 NOTICE member.sync :: Updated Member g.morgantahapehi@gmail.com ( merge fields only ) :: Array
(
    [merge_fields] => Array
        (
            [FNAME] => Ginnaye
            [LNAME] => Morgan
        )

)

2020-09-22T21:34:16+00:00 NOTICE action_scheduler.queue_job :: MailChimp_WooCommerce_User_Submit queued :: obj_id 667
2020-09-22T21:34:21+00:00 NOTICE member.sync :: Updated Member toartema@gmail.com ( merge fields only ) :: Array
(
    [merge_fields] => Array
        (
            [FNAME] => Artem
            [LNAME] => Anisimov
        )

)

2020-09-22T21:34:22+00:00 NOTICE debug :: Order ID 223948 was processing and is now completed :: Array
(
    [new_order] => 
    [tracking] => 
)

2020-09-22T21:34:22+00:00 NOTICE action_scheduler.queue_job :: MailChimp_WooCommerce_Single_Order starts in 90 seconds :: obj_id 223948
2020-09-22T21:34:53+00:00 NOTICE action_scheduler.queue_job :: MailChimp_WooCommerce_User_Submit queued :: obj_id 667
2020-09-22T21:34:55+00:00 NOTICE debug :: Order ID 224035 was processing and is now completed :: Array
(
    [new_order] => 
    [tracking] => 
)

2020-09-22T21:34:55+00:00 NOTICE action_scheduler.queue_job :: MailChimp_WooCommerce_Single_Order starts in 90 seconds :: obj_id 224035
2020-09-22T21:34:58+00:00 NOTICE member.sync :: Updated Member toartema@gmail.com ( merge fields only ) :: Array
(
    [merge_fields] => Array
        (
            [FNAME] => Artem
            [LNAME] => Anisimov
        )

)

2020-09-22T21:36:59+00:00 NOTICE order_submit.success :: updateStoreOrder :: #223948 :: email: toartema@gmail.com
2020-09-22T21:37:01+00:00 NOTICE order_submit.success :: updateStoreOrder :: #224035 :: email: toartema@gmail.com
2020-09-22T21:45:36+00:00 NOTICE action_scheduler.queue_job :: MailChimp_WooCommerce_User_Submit queued :: obj_id 643
2020-09-22T21:45:40+00:00 NOTICE debug :: Order ID 214316 was processing and is now completed :: Array
(
    [new_order] => 
    [tracking] => 
)

2020-09-22T21:45:40+00:00 NOTICE action_scheduler.queue_job :: MailChimp_WooCommerce_Single_Order starts in 90 seconds :: obj_id 214316
2020-09-22T21:45:57+00:00 NOTICE member.sync :: Updated Member courtenay.cutforth@gmail.com ( merge fields only ) :: Array
(
    [merge_fields] => Array
        (
            [FNAME] => Courtenay-Jayne
            [LNAME] => Cutforth-Cox
        )

)

2020-09-22T21:48:23+00:00 NOTICE order_submit.success :: updateStoreOrder :: #214316 :: email: courtenay.cutforth@gmail.com
2020-09-22T22:02:15+00:00 NOTICE action_scheduler.queue_job :: MailChimp_WooCommerce_User_Submit queued :: obj_id 670
2020-09-22T22:02:19+00:00 NOTICE action_scheduler.queue_job :: MailChimp_WooCommerce_Single_Order starts in 90 seconds :: obj_id 226871
2020-09-22T22:02:55+00:00 NOTICE member.sync :: Subscribed Member Tizneezy@gmail.com :: Array
(
    [status_if_new] => 1
    [merge_fields] => Array
        (
            [FNAME] => Turirangi
            [LNAME] => Nepia
        )

)

2020-09-22T22:03:47+00:00 NOTICE debug :: Order ID 226871 was pending and is now processing :: Array
(
    [new_order] => 1
    [tracking] => Array
        (
            [campaign_id] => 
            [landing_site] => https://www.hotshot.nz/?gclid=CjwKCAjwwab7BRBAEiwAapqpTJ3mL-Syz5IlMyEW-cj0Q1wkxk_JV6yD0KmdH_WOTMNkquJzfswLuRoCAZoQAvD_BwE
        )

)

2020-09-22T22:06:18+00:00 NOTICE order.member.updated :: Updated Tizneezy@gmail.com language to en
2020-09-22T22:06:18+00:00 NOTICE order_submit.success :: addStoreOrder :: #226871 :: email: Tizneezy@gmail.com :: landing site https://www.hotshot.nz/?gclid=CjwKCAjwwab7BRBAEiwAapqpTJ3mL-Syz5IlMyEW-cj0Q1wkxk_JV6yD0KmdH_WOTMNkquJzfswLuRoCAZoQAvD_BwE
