2020-07-30T01:38:17+00:00 NOTICE action_scheduler.queue_job :: MailChimp_WooCommerce_Cart_Update queued :: obj_id e3d056887161f4902073257a1d8b1688
2020-07-30T01:38:21+00:00 NOTICE abandoned_cart.success :: email: toyahimiona433@gmail.com :: checkout_url: https://www.hotshot.nz/checkout/?mc_cart_id=e3d056887161f4902073257a1d8b1688
2020-07-30T01:38:22+00:00 NOTICE cart.member.updated :: Updated toyahimiona433@gmail.com language to en
2020-07-30T01:39:05+00:00 NOTICE action_scheduler.queue_job :: MailChimp_WooCommerce_User_Submit queued :: obj_id 534
2020-07-30T01:39:07+00:00 NOTICE action_scheduler.queue_job :: MailChimp_WooCommerce_Single_Order starts in 90 seconds :: obj_id 117654
2020-07-30T01:39:57+00:00 NOTICE member.sync :: Updated Member toyahimiona433@gmail.com :: Array
(
    [previous_status] => transactional
    [status] => 1
    [merge_fields] => Array
        (
            [FNAME] => Toya
            [LNAME] => Himiona
        )

)

2020-07-30T01:40:01+00:00 NOTICE debug :: Order ID 117654 was pending and is now failed :: Array
(
    [new_order] => 
    [tracking] => 
)

2020-07-30T01:42:55+00:00 NOTICE system.debug :: order 117654 is in failed status, and is being skipped for now.
2020-07-30T01:42:56+00:00 NOTICE action_scheduler.queue_job :: MailChimp_WooCommerce_Single_Order starts in 90 seconds :: obj_id 117669
2020-07-30T01:43:00+00:00 NOTICE debug :: Order ID 117669 was processing and is now completed :: Array
(
    [new_order] => 
    [tracking] => 
)

2020-07-30T01:43:00+00:00 NOTICE debug :: Order ID 117669 was pending and is now processing :: Array
(
    [new_order] => 1
    [tracking] => Array
        (
            [campaign_id] => 
            [landing_site] => 
        )

)

2020-07-30T01:44:58+00:00 NOTICE order.member.updated :: Updated taurora1231@gmail.com language to en
2020-07-30T01:44:58+00:00 NOTICE order_submit.success :: addStoreOrder :: #117669 :: email: taurora1231@gmail.com
2020-07-30T03:17:59+00:00 NOTICE debug :: Order ID 92268 was processing and is now completed :: Array
(
    [new_order] => 
    [tracking] => 
)

2020-07-30T03:17:59+00:00 NOTICE action_scheduler.queue_job :: MailChimp_WooCommerce_Single_Order starts in 90 seconds :: obj_id 92268
2020-07-30T03:20:22+00:00 NOTICE order_submit.success :: updateStoreOrder :: #92268 :: email: unnatipitlehra@gmail.com
2020-07-30T04:08:32+00:00 NOTICE action_scheduler.queue_job :: MailChimp_WooCommerce_Single_Order starts in 90 seconds :: obj_id 88744
2020-07-30T04:08:33+00:00 NOTICE debug :: Order ID 88744 was pending and is now cancelled :: Array
(
    [new_order] => 
    [tracking] => 
)

2020-07-30T04:08:33+00:00 NOTICE action_scheduler.queue_job :: MailChimp_WooCommerce_Single_Order starts in 90 seconds :: obj_id 89244
2020-07-30T04:08:34+00:00 NOTICE debug :: Order ID 89244 was pending and is now cancelled :: Array
(
    [new_order] => 
    [tracking] => 
)

2020-07-30T04:08:34+00:00 NOTICE action_scheduler.queue_job :: MailChimp_WooCommerce_Single_Order starts in 90 seconds :: obj_id 89718
2020-07-30T04:08:35+00:00 NOTICE debug :: Order ID 89718 was pending and is now cancelled :: Array
(
    [new_order] => 
    [tracking] => 
)

2020-07-30T04:08:35+00:00 NOTICE action_scheduler.queue_job :: MailChimp_WooCommerce_Single_Order starts in 90 seconds :: obj_id 91745
2020-07-30T04:08:36+00:00 NOTICE debug :: Order ID 91745 was pending and is now cancelled :: Array
(
    [new_order] => 
    [tracking] => 
)

2020-07-30T04:08:37+00:00 NOTICE action_scheduler.queue_job :: MailChimp_WooCommerce_Single_Order starts in 90 seconds :: obj_id 97453
2020-07-30T04:08:37+00:00 NOTICE debug :: Order ID 97453 was pending and is now cancelled :: Array
(
    [new_order] => 
    [tracking] => 
)

2020-07-30T04:08:38+00:00 NOTICE action_scheduler.queue_job :: MailChimp_WooCommerce_Single_Order starts in 90 seconds :: obj_id 97952
2020-07-30T04:08:38+00:00 NOTICE debug :: Order ID 97952 was pending and is now cancelled :: Array
(
    [new_order] => 
    [tracking] => 
)

2020-07-30T04:10:36+00:00 NOTICE order_sumbit :: #88744 has a financial status of cancelled and was skipped.
2020-07-30T04:10:38+00:00 NOTICE order_sumbit :: #89244 has a financial status of cancelled and was skipped.
2020-07-30T04:10:40+00:00 NOTICE order_sumbit :: #89718 has a financial status of cancelled and was skipped.
2020-07-30T04:10:42+00:00 NOTICE order_sumbit :: #91745 has a financial status of cancelled and was skipped.
2020-07-30T04:10:43+00:00 NOTICE order_sumbit :: #97453 has a financial status of cancelled and was skipped.
2020-07-30T04:10:45+00:00 NOTICE order_sumbit :: #97952 has a financial status of cancelled and was skipped.
2020-07-30T21:04:04+00:00 NOTICE action_scheduler.queue_job :: MailChimp_WooCommerce_User_Submit queued :: obj_id 479
2020-07-30T21:04:09+00:00 NOTICE debug :: Order ID 67428 was processing and is now completed :: Array
(
    [new_order] => 
    [tracking] => 
)

2020-07-30T21:04:09+00:00 NOTICE action_scheduler.queue_job :: MailChimp_WooCommerce_Single_Order starts in 90 seconds :: obj_id 67428
2020-07-30T21:04:12+00:00 NOTICE member.sync :: Updated Member nz_andrewmorris@hotmail.com ( merge fields only ) :: Array
(
    [merge_fields] => Array
        (
            [FNAME] => Andrew
            [LNAME] => Morris
        )

)

2020-07-30T21:06:01+00:00 NOTICE order_submit.success :: updateStoreOrder :: #67428 :: email: nz_andrewmorris@hotmail.com
