2020-10-14T00:34:35+00:00 NOTICE action_scheduler.queue_job :: MailChimp_WooCommerce_Single_Order starts in 90 seconds :: obj_id 240791
2020-10-14T00:36:15+00:00 NOTICE order_sumbit :: #240791 has a financial status of pending and was skipped.
2020-10-14T00:39:58+00:00 NOTICE action_scheduler.queue_job :: MailChimp_WooCommerce_Cart_Update queued :: obj_id 3f5c740ef91c511087268cf06a199ca4
2020-10-14T00:40:06+00:00 NOTICE abandoned_cart.success :: email: adamapemberton@gmail.com :: checkout_url: https://www.hotshot.nz/checkout/?mc_cart_id=3f5c740ef91c511087268cf06a199ca4
2020-10-14T00:41:00+00:00 NOTICE action_scheduler.queue_job :: MailChimp_WooCommerce_Cart_Update queued :: obj_id 3f5c740ef91c511087268cf06a199ca4
2020-10-14T00:41:08+00:00 NOTICE abandoned_cart.success :: email: adamapemberton@gmail.com :: checkout_url: https://www.hotshot.nz/checkout/?mc_cart_id=3f5c740ef91c511087268cf06a199ca4
2020-10-14T01:04:59+00:00 NOTICE action_scheduler.queue_job :: MailChimp_WooCommerce_Single_Order starts in 90 seconds :: obj_id 240791
2020-10-14T01:07:41+00:00 NOTICE order_sumbit :: #240791 has a financial status of pending and was skipped.
2020-10-14T01:22:02+00:00 NOTICE action_scheduler.queue_job :: MailChimp_WooCommerce_Single_Order starts in 90 seconds :: obj_id 254699
2020-10-14T01:24:26+00:00 NOTICE order_sumbit :: #254699 has a financial status of pending and was skipped.
2020-10-14T01:34:41+00:00 NOTICE action_scheduler.queue_job :: MailChimp_WooCommerce_Single_Order starts in 90 seconds :: obj_id 254714
2020-10-14T01:37:22+00:00 NOTICE order_sumbit :: #254714 has a financial status of pending and was skipped.
2020-10-14T01:40:37+00:00 NOTICE action_scheduler.queue_job :: MailChimp_WooCommerce_Cart_Update queued :: obj_id 3b23849d86e29de24973282daee82b3f
2020-10-14T01:40:49+00:00 NOTICE abandoned_cart.success :: email: madisyn.organ@outlook.com :: checkout_url: https://www.hotshot.nz/checkout/?mc_cart_id=3b23849d86e29de24973282daee82b3f
2020-10-14T01:40:50+00:00 NOTICE cart.member.updated :: Updated madisyn.organ@outlook.com language to en
2020-10-14T02:12:14+00:00 NOTICE action_scheduler.queue_job :: MailChimp_WooCommerce_User_Submit queued :: obj_id 724
2020-10-14T02:12:17+00:00 NOTICE action_scheduler.queue_job :: MailChimp_WooCommerce_Single_Order starts in 90 seconds :: obj_id 261385
2020-10-14T02:12:27+00:00 NOTICE member.sync :: Subscribed Member phateebhumz@gmail.com :: Array
(
    [status_if_new] => 1
    [merge_fields] => Array
        (
            [FNAME] => marama
            [LNAME] => maaka
        )

)

2020-10-14T02:15:37+00:00 NOTICE order_sumbit :: #261385 has a financial status of pending and was skipped.
2020-10-14T04:03:10+00:00 NOTICE action_scheduler.queue_job :: MailChimp_WooCommerce_Single_Order starts in 90 seconds :: obj_id 261495
2020-10-14T04:04:55+00:00 NOTICE order_sumbit :: #261495 has a financial status of pending and was skipped.
2020-10-14T09:00:31+00:00 NOTICE action_scheduler.queue_job :: MailChimp_WooCommerce_Cart_Update queued :: obj_id ff72d64acb3d83c57d23813cbe61bae9
2020-10-14T09:02:12+00:00 NOTICE abandoned_cart.success :: email: clarrissayates3@gmail.com :: checkout_url: https://www.hotshot.nz/checkout/?mc_cart_id=ff72d64acb3d83c57d23813cbe61bae9
2020-10-14T09:02:13+00:00 NOTICE cart.member.updated :: Updated clarrissayates3@gmail.com language to en
2020-10-14T09:19:30+00:00 NOTICE action_scheduler.queue_job :: MailChimp_WooCommerce_User_Submit queued :: obj_id 725
2020-10-14T09:19:31+00:00 NOTICE action_scheduler.queue_job :: MailChimp_WooCommerce_User_Submit queued :: obj_id 725
2020-10-14T09:19:32+00:00 NOTICE action_scheduler.queue_job :: MailChimp_WooCommerce_Single_Order starts in 90 seconds :: obj_id 261747
2020-10-14T09:19:33+00:00 NOTICE member.sync :: Subscribed Member bubby.allen@gmail.com :: Array
(
    [status_if_new] => 1
    [merge_fields] => Array
        (
            [FNAME] => Donna
            [LNAME] => Allen
        )

)

2020-10-14T09:20:31+00:00 NOTICE debug :: Order ID 261747 was pending and is now processing :: Array
(
    [new_order] => 1
    [tracking] => Array
        (
            [campaign_id] => 
            [landing_site] => https://www.hotshot.nz/packages/?gclid=CjwKCAjwq_D7BRADEiwAVMDdHnSBcCcJcV4mjW9IxOGdt0UUoC3MJLzckr_L7mEEAQxc9p1-FHvHrhoCCxoQAvD_BwE
        )

)

2020-10-14T09:22:32+00:00 NOTICE order.member.updated :: Updated bubby.allen@gmail.com language to en
2020-10-14T09:22:32+00:00 NOTICE order_submit.success :: addStoreOrder :: #261747 :: email: bubby.allen@gmail.com :: landing site https://www.hotshot.nz/packages/?gclid=CjwKCAjwq_D7BRADEiwAVMDdHnSBcCcJcV4mjW9IxOGdt0UUoC3MJLzckr_L7mEEAQxc9p1-FHvHrhoCCxoQAvD_BwE
2020-10-14T09:42:37+00:00 NOTICE action_scheduler.queue_job :: MailChimp_WooCommerce_User_Submit queued :: obj_id 726
2020-10-14T09:42:39+00:00 NOTICE action_scheduler.queue_job :: MailChimp_WooCommerce_Single_Order starts in 90 seconds :: obj_id 261786
2020-10-14T09:42:41+00:00 NOTICE member.sync :: Subscribed Member Sarahlfruean@gmail.com :: Array
(
    [status_if_new] => 1
    [merge_fields] => Array
        (
            [FNAME] => Sarah
            [LNAME] => Fruean
        )

)

2020-10-14T09:43:14+00:00 NOTICE debug :: Order ID 261786 was pending and is now failed :: Array
(
    [new_order] => 
    [tracking] => 
)

2020-10-14T09:43:53+00:00 NOTICE action_scheduler.queue_job :: MailChimp_WooCommerce_Cart_Update queued :: obj_id c84ef044acbe7fb9fb5b07d9661cc7f9
2020-10-14T09:44:12+00:00 NOTICE action_scheduler.queue_job :: MailChimp_WooCommerce_User_Submit queued :: obj_id 726
2020-10-14T09:44:27+00:00 NOTICE abandoned_cart.success :: email: sarahlfruean@gmail.com :: checkout_url: https://www.hotshot.nz/checkout/?mc_cart_id=c84ef044acbe7fb9fb5b07d9661cc7f9
2020-10-14T09:44:28+00:00 NOTICE cart.member.updated :: Updated sarahlfruean@gmail.com language to en
2020-10-14T09:44:30+00:00 NOTICE member.sync :: Updated Member Sarahlfruean@gmail.com ( merge fields only ) :: Array
(
    [merge_fields] => Array
        (
            [FNAME] => Sarah
            [LNAME] => Fruean
        )

)

2020-10-14T09:45:19+00:00 NOTICE debug :: Order ID 261786 was failed and is now processing :: Array
(
    [new_order] => 
    [tracking] => 
)

2020-10-14T09:47:23+00:00 NOTICE order.member.updated :: Updated Sarahlfruean@gmail.com language to en
2020-10-14T09:47:24+00:00 NOTICE order_submit.success :: addStoreOrder :: #261786 :: email: Sarahlfruean@gmail.com :: landing site https://www.hotshot.nz/?gclid=Cj0KCQjwoJX8BRCZARIsAEWBFMLs32GmHg9MRNXuKwGNb5LdkK5YX22AdQPAFcv-5IbunmSjPbnplW0aAmWQEALw_wcB :: abandoned cart deleted [c84ef044acbe7fb9fb5b07d9661cc7f9]
2020-10-14T16:55:35+00:00 NOTICE action_scheduler.queue_job :: MailChimp_WooCommerce_Cart_Update queued :: obj_id ff72d64acb3d83c57d23813cbe61bae9
2020-10-14T16:55:37+00:00 NOTICE abandoned_cart.success :: email: clarrissayates3@gmail.com :: checkout_url: https://www.hotshot.nz/checkout/?mc_cart_id=ff72d64acb3d83c57d23813cbe61bae9
2020-10-14T16:55:38+00:00 NOTICE cart.member.updated :: Updated clarrissayates3@gmail.com language to en
2020-10-14T16:55:57+00:00 NOTICE action_scheduler.queue_job :: MailChimp_WooCommerce_Cart_Update queued :: obj_id ff72d64acb3d83c57d23813cbe61bae9
2020-10-14T16:56:57+00:00 NOTICE abandoned_cart.success :: email: clarrissayates3@gmail.com :: checkout_url: https://www.hotshot.nz/checkout/?mc_cart_id=ff72d64acb3d83c57d23813cbe61bae9
2020-10-14T16:57:24+00:00 NOTICE action_scheduler.queue_job :: MailChimp_WooCommerce_Cart_Update queued :: obj_id ff72d64acb3d83c57d23813cbe61bae9
2020-10-14T16:57:26+00:00 NOTICE abandoned_cart.success :: email: clarrissayates3@gmail.com :: checkout_url: https://www.hotshot.nz/checkout/?mc_cart_id=ff72d64acb3d83c57d23813cbe61bae9
2020-10-14T16:58:12+00:00 NOTICE action_scheduler.queue_job :: MailChimp_WooCommerce_Cart_Update queued :: obj_id ff72d64acb3d83c57d23813cbe61bae9
2020-10-14T16:58:26+00:00 NOTICE abandoned_cart.success :: email: clarrissayates3@gmail.com :: checkout_url: https://www.hotshot.nz/checkout/?mc_cart_id=ff72d64acb3d83c57d23813cbe61bae9
2020-10-14T16:59:30+00:00 NOTICE action_scheduler.queue_job :: MailChimp_WooCommerce_Cart_Update queued :: obj_id ff72d64acb3d83c57d23813cbe61bae9
2020-10-14T16:59:30+00:00 NOTICE action_scheduler.queue_job :: MailChimp_WooCommerce_Cart_Update queued :: obj_id ff72d64acb3d83c57d23813cbe61bae9
2020-10-14T16:59:33+00:00 NOTICE abandoned_cart.success :: email: clarrissayates3@gmail.com :: checkout_url: https://www.hotshot.nz/checkout/?mc_cart_id=ff72d64acb3d83c57d23813cbe61bae9
2020-10-14T16:59:35+00:00 NOTICE abandoned_cart.success :: email: clarrissayates3@gmail.com :: checkout_url: https://www.hotshot.nz/checkout/?mc_cart_id=ff72d64acb3d83c57d23813cbe61bae9
2020-10-14T17:00:27+00:00 NOTICE action_scheduler.queue_job :: MailChimp_WooCommerce_User_Submit queued :: obj_id 686
2020-10-14T17:00:30+00:00 NOTICE member.sync :: Updated Member clarrissayates3@gmail.com ( merge fields only ) :: Array
(
    [merge_fields] => Array
        (
            [FNAME] => Clarrissa
            [LNAME] => Yates
        )

)

2020-10-14T17:01:24+00:00 NOTICE action_scheduler.queue_job :: MailChimp_WooCommerce_Single_Order starts in 90 seconds :: obj_id 260115
2020-10-14T17:01:27+00:00 NOTICE debug :: Order ID 260115 was pending and is now failed :: Array
(
    [new_order] => 
    [tracking] => 
)

2020-10-14T17:06:37+00:00 NOTICE system.debug :: order 260115 is in failed status, and is being skipped for now.
2020-10-14T20:19:48+00:00 NOTICE action_scheduler.queue_job :: MailChimp_WooCommerce_Cart_Update queued :: obj_id 48a3376baf5cde9ca0592bb3440cf060
2020-10-14T20:19:52+00:00 NOTICE abandoned_cart.success :: email: jimmicrooks@gmail.com :: checkout_url: https://www.hotshot.nz/checkout/?mc_cart_id=48a3376baf5cde9ca0592bb3440cf060
2020-10-14T20:19:53+00:00 NOTICE cart.member.updated :: Updated jimmicrooks@gmail.com language to en
2020-10-14T20:20:06+00:00 NOTICE action_scheduler.queue_job :: MailChimp_WooCommerce_User_Submit queued :: obj_id 727
2020-10-14T20:20:10+00:00 NOTICE action_scheduler.queue_job :: MailChimp_WooCommerce_Single_Order starts in 90 seconds :: obj_id 262412
2020-10-14T20:20:24+00:00 NOTICE member.sync :: Updated Member jimmicrooks@gmail.com :: Array
(
    [previous_status] => transactional
    [status] => 1
    [merge_fields] => Array
        (
            [FNAME] => jimi
            [LNAME] => crooks
        )

)

2020-10-14T20:21:26+00:00 NOTICE debug :: Order ID 262412 was pending and is now processing :: Array
(
    [new_order] => 1
    [tracking] => Array
        (
            [campaign_id] => 
            [landing_site] => https://www.hotshot.nz/
        )

)

2020-10-14T20:27:23+00:00 NOTICE order.member.updated :: Updated jimmicrooks@gmail.com language to en
2020-10-14T20:27:23+00:00 NOTICE order_submit.success :: addStoreOrder :: #262412 :: email: jimmicrooks@gmail.com :: landing site https://www.hotshot.nz/ :: abandoned cart deleted [48a3376baf5cde9ca0592bb3440cf060]
2020-10-14T21:18:36+00:00 NOTICE action_scheduler.queue_job :: MailChimp_WooCommerce_User_Submit queued :: obj_id 643
2020-10-14T21:18:42+00:00 NOTICE debug :: Order ID 259029 was processing and is now completed :: Array
(
    [new_order] => 
    [tracking] => 
)

2020-10-14T21:18:42+00:00 NOTICE action_scheduler.queue_job :: MailChimp_WooCommerce_Single_Order starts in 90 seconds :: obj_id 259029
2020-10-14T21:19:04+00:00 NOTICE member.sync :: Updated Member courtenay.cutforth@gmail.com ( merge fields only ) :: Array
(
    [merge_fields] => Array
        (
            [FNAME] => Courtenay-Jayne
            [LNAME] => Cutforth-Cox
        )

)

2020-10-14T21:20:17+00:00 NOTICE order_submit.success :: updateStoreOrder :: #259029 :: email: courtenay.cutforth@gmail.com
2020-10-14T21:36:32+00:00 NOTICE action_scheduler.queue_job :: MailChimp_WooCommerce_Single_Order starts in 90 seconds :: obj_id 262556
2020-10-14T21:36:36+00:00 NOTICE action_scheduler.queue_job :: MailChimp_WooCommerce_User_Submit queued :: obj_id 667
2020-10-14T21:36:37+00:00 NOTICE debug :: Order ID 262556 was processing and is now completed :: Array
(
    [new_order] => 
    [tracking] => 
)

2020-10-14T21:36:37+00:00 NOTICE debug :: Order ID 262556 was pending and is now processing :: Array
(
    [new_order] => 1
    [tracking] => Array
        (
            [campaign_id] => 
            [landing_site] => https://www.hotshot.nz/wc-api/WC_Gateway_Payment_Express_Hybrid/?result=000002000603415502f27573ce19fe13&userid=HotShotBroadbandPx
        )

)

2020-10-14T21:36:39+00:00 NOTICE member.sync :: Updated Member toartema@gmail.com ( merge fields only ) :: Array
(
    [merge_fields] => Array
        (
            [FNAME] => Artem
            [LNAME] => Anisimov
        )

)

2020-10-14T21:38:08+00:00 NOTICE action_scheduler.queue_job :: MailChimp_WooCommerce_User_Submit queued :: obj_id 722
2020-10-14T21:38:11+00:00 NOTICE order.member.updated :: Updated toartema@gmail.com language to en
2020-10-14T21:38:11+00:00 NOTICE order_submit.success :: addStoreOrder :: #262556 :: email: toartema@gmail.com
2020-10-14T21:38:12+00:00 NOTICE debug :: Order ID 260051 was processing and is now completed :: Array
(
    [new_order] => 
    [tracking] => 
)

2020-10-14T21:38:12+00:00 NOTICE action_scheduler.queue_job :: MailChimp_WooCommerce_Single_Order starts in 90 seconds :: obj_id 260051
2020-10-14T21:38:13+00:00 NOTICE member.sync :: Updated Member danielgosling8@gmail.com ( merge fields only ) :: Array
(
    [merge_fields] => Array
        (
            [FNAME] => Daniel
            [LNAME] => Gosling
        )

)

2020-10-14T21:40:32+00:00 NOTICE action_scheduler.queue_job :: MailChimp_WooCommerce_Single_Order starts in 90 seconds :: obj_id 262597
2020-10-14T21:40:36+00:00 NOTICE action_scheduler.queue_job :: MailChimp_WooCommerce_User_Submit queued :: obj_id 670
2020-10-14T21:40:38+00:00 NOTICE debug :: Order ID 262597 was processing and is now completed :: Array
(
    [new_order] => 
    [tracking] => 
)

2020-10-14T21:40:38+00:00 NOTICE debug :: Order ID 262597 was pending and is now processing :: Array
(
    [new_order] => 1
    [tracking] => Array
        (
            [campaign_id] => 
            [landing_site] => https://www.hotshot.nz/?gclid=CjwKCAjwwab7BRBAEiwAapqpTJ3mL-Syz5IlMyEW-cj0Q1wkxk_JV6yD0KmdH_WOTMNkquJzfswLuRoCAZoQAvD_BwE
        )

)

2020-10-14T21:40:39+00:00 NOTICE action_scheduler.queue_job :: MailChimp_WooCommerce_Single_Order starts in 90 seconds :: obj_id 262605
2020-10-14T21:40:42+00:00 NOTICE order_submit.success :: updateStoreOrder :: #260051 :: email: danielgosling8@gmail.com
2020-10-14T21:40:43+00:00 NOTICE member.sync :: Updated Member Tizneezy@gmail.com ( merge fields only ) :: Array
(
    [merge_fields] => Array
        (
            [FNAME] => Turirangi
            [LNAME] => Nepia
        )

)

2020-10-14T21:42:30+00:00 NOTICE order.member.updated :: Updated Tizneezy@gmail.com language to en
2020-10-14T21:42:30+00:00 NOTICE order_submit.success :: addStoreOrder :: #262597 :: email: Tizneezy@gmail.com
2020-10-14T21:42:30+00:00 NOTICE order_sumbit :: #262605 has a financial status of pending and was skipped.
2020-10-14T21:56:04+00:00 NOTICE action_scheduler.queue_job :: MailChimp_WooCommerce_Single_Order starts in 90 seconds :: obj_id 262636
2020-10-14T21:58:32+00:00 NOTICE order_sumbit :: #262636 has a financial status of pending and was skipped.
2020-10-14T21:59:32+00:00 NOTICE action_scheduler.queue_job :: MailChimp_WooCommerce_Cart_Update queued :: obj_id 3f5c740ef91c511087268cf06a199ca4
2020-10-14T22:00:37+00:00 NOTICE abandoned_cart.success :: email: adamapemberton@gmail.com :: checkout_url: https://www.hotshot.nz/checkout/?mc_cart_id=3f5c740ef91c511087268cf06a199ca4
2020-10-14T22:00:38+00:00 NOTICE cart.member.updated :: Updated adamapemberton@gmail.com language to en
2020-10-14T22:20:22+00:00 NOTICE action_scheduler.queue_job :: MailChimp_WooCommerce_Cart_Update queued :: obj_id 3f5c740ef91c511087268cf06a199ca4
2020-10-14T22:20:24+00:00 NOTICE abandoned_cart.success :: email: adamapemberton@gmail.com :: checkout_url: https://www.hotshot.nz/checkout/?mc_cart_id=3f5c740ef91c511087268cf06a199ca4
2020-10-14T22:26:44+00:00 NOTICE action_scheduler.queue_job :: MailChimp_WooCommerce_Cart_Update queued :: obj_id 3f5c740ef91c511087268cf06a199ca4
2020-10-14T22:27:28+00:00 NOTICE abandoned_cart.success :: email: adamapemberton@gmail.com :: checkout_url: https://www.hotshot.nz/checkout/?mc_cart_id=3f5c740ef91c511087268cf06a199ca4
2020-10-14T22:29:22+00:00 NOTICE action_scheduler.queue_job :: MailChimp_WooCommerce_User_Submit queued :: obj_id 317
2020-10-14T22:29:24+00:00 NOTICE member.sync :: Updated Member adamapemberton@gmail.com ( merge fields only ) :: Array
(
    [merge_fields] => Array
        (
            [FNAME] => Adam
            [LNAME] => Pemberton
        )

)

2020-10-14T22:32:50+00:00 NOTICE action_scheduler.queue_job :: MailChimp_WooCommerce_Single_Order starts in 90 seconds :: obj_id 254714
2020-10-14T22:32:51+00:00 NOTICE debug :: Order ID 254714 was pending and is now failed :: Array
(
    [new_order] => 
    [tracking] => 
)

2020-10-14T22:33:41+00:00 NOTICE action_scheduler.queue_job :: MailChimp_WooCommerce_Cart_Update queued :: obj_id 3f5c740ef91c511087268cf06a199ca4
2020-10-14T22:33:43+00:00 NOTICE abandoned_cart.success :: email: adamapemberton@gmail.com :: checkout_url: https://www.hotshot.nz/checkout/?mc_cart_id=3f5c740ef91c511087268cf06a199ca4
2020-10-14T22:33:44+00:00 NOTICE action_scheduler.queue_job :: MailChimp_WooCommerce_Cart_Update queued :: obj_id 3f5c740ef91c511087268cf06a199ca4
2020-10-14T22:34:03+00:00 NOTICE abandoned_cart.success :: email: adamapemberton@gmail.com :: checkout_url: https://www.hotshot.nz/checkout/?mc_cart_id=3f5c740ef91c511087268cf06a199ca4
2020-10-14T22:34:28+00:00 NOTICE system.debug :: order 254714 is in failed status, and is being skipped for now.
2020-10-14T22:34:52+00:00 NOTICE action_scheduler.queue_job :: MailChimp_WooCommerce_Cart_Update queued :: obj_id 3f5c740ef91c511087268cf06a199ca4
2020-10-14T22:35:32+00:00 NOTICE abandoned_cart.success :: email: adamapemberton@gmail.com :: checkout_url: https://www.hotshot.nz/checkout/?mc_cart_id=3f5c740ef91c511087268cf06a199ca4
2020-10-14T22:36:06+00:00 NOTICE action_scheduler.queue_job :: MailChimp_WooCommerce_Cart_Update queued :: obj_id 3f5c740ef91c511087268cf06a199ca4
2020-10-14T22:36:31+00:00 NOTICE abandoned_cart.success :: email: adamapemberton@gmail.com :: checkout_url: https://www.hotshot.nz/checkout/?mc_cart_id=3f5c740ef91c511087268cf06a199ca4
2020-10-14T22:38:19+00:00 NOTICE action_scheduler.queue_job :: MailChimp_WooCommerce_Cart_Update queued :: obj_id 3f5c740ef91c511087268cf06a199ca4
2020-10-14T22:38:21+00:00 NOTICE abandoned_cart.success :: email: adamapemberton@gmail.com :: checkout_url: https://www.hotshot.nz/checkout/?mc_cart_id=3f5c740ef91c511087268cf06a199ca4
2020-10-14T22:40:56+00:00 NOTICE action_scheduler.queue_job :: MailChimp_WooCommerce_Cart_Update queued :: obj_id 3f5c740ef91c511087268cf06a199ca4
2020-10-14T22:41:03+00:00 NOTICE abandoned_cart.success :: email: adamapemberton@gmail.com :: checkout_url: https://www.hotshot.nz/checkout/?mc_cart_id=3f5c740ef91c511087268cf06a199ca4
2020-10-14T22:41:26+00:00 NOTICE action_scheduler.queue_job :: MailChimp_WooCommerce_Cart_Update queued :: obj_id 3f5c740ef91c511087268cf06a199ca4
2020-10-14T22:41:49+00:00 NOTICE abandoned_cart.success :: email: adamapemberton@gmail.com :: checkout_url: https://www.hotshot.nz/checkout/?mc_cart_id=3f5c740ef91c511087268cf06a199ca4
2020-10-14T22:41:49+00:00 ERROR action_scheduler.process_job.fail :: Job MailChimp_WooCommerce_Cart_Update not found at wp__mailchimp_jobs database table :: obj_id 3f5c740ef91c511087268cf06a199ca4
2020-10-14T22:47:14+00:00 NOTICE action_scheduler.queue_job :: MailChimp_WooCommerce_Cart_Update queued :: obj_id 3f5c740ef91c511087268cf06a199ca4
2020-10-14T22:47:17+00:00 NOTICE abandoned_cart.success :: email: adamapemberton@gmail.com :: checkout_url: https://www.hotshot.nz/checkout/?mc_cart_id=3f5c740ef91c511087268cf06a199ca4
2020-10-14T22:47:50+00:00 NOTICE action_scheduler.queue_job :: MailChimp_WooCommerce_Cart_Update queued :: obj_id 3f5c740ef91c511087268cf06a199ca4
2020-10-14T22:48:59+00:00 NOTICE abandoned_cart.success :: email: adamapemberton@gmail.com :: checkout_url: https://www.hotshot.nz/checkout/?mc_cart_id=3f5c740ef91c511087268cf06a199ca4
2020-10-14T22:49:13+00:00 NOTICE action_scheduler.queue_job :: MailChimp_WooCommerce_Cart_Update queued :: obj_id 3f5c740ef91c511087268cf06a199ca4
2020-10-14T22:49:15+00:00 NOTICE abandoned_cart.success :: email: adamapemberton@gmail.com :: checkout_url: https://www.hotshot.nz/checkout/?mc_cart_id=3f5c740ef91c511087268cf06a199ca4
2020-10-14T22:49:28+00:00 NOTICE action_scheduler.queue_job :: MailChimp_WooCommerce_Cart_Update queued :: obj_id 3f5c740ef91c511087268cf06a199ca4
2020-10-14T22:49:31+00:00 NOTICE abandoned_cart.success :: email: adamapemberton@gmail.com :: checkout_url: https://www.hotshot.nz/checkout/?mc_cart_id=3f5c740ef91c511087268cf06a199ca4
2020-10-14T22:49:39+00:00 NOTICE action_scheduler.queue_job :: MailChimp_WooCommerce_Cart_Update queued :: obj_id 3f5c740ef91c511087268cf06a199ca4
2020-10-14T22:49:39+00:00 NOTICE action_scheduler.queue_job :: MailChimp_WooCommerce_Cart_Update queued :: obj_id 3f5c740ef91c511087268cf06a199ca4
2020-10-14T22:51:00+00:00 NOTICE abandoned_cart.success :: email: adamapemberton@gmail.com :: checkout_url: https://www.hotshot.nz/checkout/?mc_cart_id=3f5c740ef91c511087268cf06a199ca4
2020-10-14T22:51:01+00:00 NOTICE abandoned_cart.success :: email: adamapemberton@gmail.com :: checkout_url: https://www.hotshot.nz/checkout/?mc_cart_id=3f5c740ef91c511087268cf06a199ca4
2020-10-14T22:54:21+00:00 NOTICE action_scheduler.queue_job :: MailChimp_WooCommerce_Cart_Update queued :: obj_id 3f5c740ef91c511087268cf06a199ca4
2020-10-14T22:54:24+00:00 NOTICE abandoned_cart.success :: email: adamapemberton@gmail.com :: checkout_url: https://www.hotshot.nz/checkout/?mc_cart_id=3f5c740ef91c511087268cf06a199ca4
2020-10-14T22:57:27+00:00 NOTICE action_scheduler.queue_job :: MailChimp_WooCommerce_Cart_Update queued :: obj_id 3f5c740ef91c511087268cf06a199ca4
2020-10-14T22:58:42+00:00 NOTICE abandoned_cart.success :: email: adamapemberton@gmail.com :: checkout_url: https://www.hotshot.nz/checkout/?mc_cart_id=3f5c740ef91c511087268cf06a199ca4
2020-10-14T22:58:42+00:00 ERROR action_scheduler.process_job.fail :: Job MailChimp_WooCommerce_Cart_Update not found at wp__mailchimp_jobs database table :: obj_id 3f5c740ef91c511087268cf06a199ca4
