2020-06-28T08:48:30+00:00 NOTICE action_scheduler.queue_job :: MailChimp_WooCommerce_User_Submit queued :: obj_id 471
2020-06-28T08:48:32+00:00 NOTICE action_scheduler.queue_job :: MailChimp_WooCommerce_User_Submit queued :: obj_id 471
2020-06-28T08:48:33+00:00 NOTICE action_scheduler.queue_job :: MailChimp_WooCommerce_Single_Order starts in 90 seconds :: obj_id 62918
2020-06-28T08:48:33+00:00 NOTICE member.sync :: Subscribed Member ashby0274@gmail.com :: Array
(
    [status_if_new] => 1
    [merge_fields] => Array
        (
            [FNAME] => TeAwhina
            [LNAME] => Ashby
        )

)

2020-06-28T08:51:13+00:00 NOTICE order_sumbit :: #62918 has a financial status of pending and was skipped.
2020-06-28T19:43:47+00:00 NOTICE action_scheduler.queue_job :: MailChimp_WooCommerce_Single_Order starts in 90 seconds :: obj_id 63407
2020-06-28T19:45:46+00:00 NOTICE order_sumbit :: #63407 has a financial status of pending and was skipped.
2020-06-28T20:31:09+00:00 NOTICE action_scheduler.queue_job :: MailChimp_WooCommerce_Single_Order starts in 90 seconds :: obj_id 63456
2020-06-28T20:31:15+00:00 NOTICE debug :: Order ID 63456 was processing and is now completed :: Array
(
    [new_order] => 
    [tracking] => 
)

2020-06-28T20:31:15+00:00 NOTICE debug :: Order ID 63456 was pending and is now processing :: Array
(
    [new_order] => 1
    [tracking] => Array
        (
            [campaign_id] => 
            [landing_site] => 
        )

)

2020-06-28T20:34:46+00:00 NOTICE order.member.updated :: Updated sajanjkurian@gmail.com language to en
2020-06-28T20:34:46+00:00 NOTICE order_submit.success :: addStoreOrder :: #63456 :: email: sajanjkurian@gmail.com
2020-06-28T21:16:14+00:00 NOTICE action_scheduler.queue_job :: MailChimp_WooCommerce_User_Submit queued :: obj_id 472
2020-06-28T21:16:16+00:00 NOTICE action_scheduler.queue_job :: MailChimp_WooCommerce_Single_Order starts in 90 seconds :: obj_id 63510
2020-06-28T21:16:30+00:00 NOTICE member.sync :: Subscribed Member speblong@gmail.com :: Array
(
    [status_if_new] => 1
    [merge_fields] => Array
        (
            [FNAME] => Susielle
            [LNAME] => Blong
        )

)

2020-06-28T21:18:02+00:00 NOTICE order_sumbit :: #63510 has a financial status of pending and was skipped.
2020-06-28T21:55:13+00:00 NOTICE action_scheduler.queue_job :: MailChimp_WooCommerce_Single_Order starts in 90 seconds :: obj_id 63549
2020-06-28T21:55:17+00:00 NOTICE debug :: Order ID 63549 was processing and is now completed :: Array
(
    [new_order] => 
    [tracking] => 
)

2020-06-28T21:55:18+00:00 NOTICE debug :: Order ID 63549 was pending and is now processing :: Array
(
    [new_order] => 1
    [tracking] => Array
        (
            [campaign_id] => 
            [landing_site] => 
        )

)

2020-06-28T21:58:05+00:00 NOTICE order.member.updated :: Updated simonjonesbusiness@gmail.com language to en
2020-06-28T21:58:05+00:00 NOTICE order_submit.success :: addStoreOrder :: #63549 :: email: simonjonesbusiness@gmail.com
2020-06-28T22:24:52+00:00 NOTICE action_scheduler.queue_job :: MailChimp_WooCommerce_Single_Order starts in 90 seconds :: obj_id 63585
2020-06-28T22:26:39+00:00 NOTICE order_sumbit :: #63585 has a financial status of pending and was skipped.
