2020-08-31T00:28:44+00:00 NOTICE action_scheduler.queue_job :: MailChimp_WooCommerce_User_Submit queued :: obj_id 614
2020-08-31T00:28:48+00:00 NOTICE action_scheduler.queue_job :: MailChimp_WooCommerce_Single_Order starts in 90 seconds :: obj_id 188389
2020-08-31T00:29:40+00:00 NOTICE debug :: Order ID 188389 was pending and is now failed :: Array
(
    [new_order] => 
    [tracking] => 
)

2020-08-31T00:30:30+00:00 NOTICE member.sync :: Subscribed Member leepakuvaomu2020@gmail.com :: Array
(
    [status_if_new] => 1
    [merge_fields] => Array
        (
            [FNAME] => Leighshaye
            [LNAME] => Thomas
        )

)

2020-08-31T00:31:12+00:00 NOTICE system.debug :: order 188389 is in failed status, and is being skipped for now.
2020-08-31T00:32:54+00:00 NOTICE action_scheduler.queue_job :: MailChimp_WooCommerce_User_Submit queued :: obj_id 615
2020-08-31T00:32:57+00:00 NOTICE action_scheduler.queue_job :: MailChimp_WooCommerce_Single_Order starts in 90 seconds :: obj_id 188426
2020-08-31T00:32:58+00:00 NOTICE member.sync :: Subscribed Member ofakay@qantas.com.au :: Array
(
    [status_if_new] => 1
    [merge_fields] => Array
        (
            [FNAME] => Ofa
            [LNAME] => Kay
        )

)

2020-08-31T00:35:49+00:00 NOTICE order_sumbit :: #188426 has a financial status of pending and was skipped.
2020-08-31T02:01:36+00:00 NOTICE action_scheduler.queue_job :: MailChimp_WooCommerce_Cart_Update queued :: obj_id 9c773d03fd58af981bb70ed6cb73895e
2020-08-31T02:01:38+00:00 NOTICE abandoned_cart.success :: email: sjb50deep@gmail.com :: checkout_url: https://www.hotshot.nz/checkout/?mc_cart_id=9c773d03fd58af981bb70ed6cb73895e
2020-08-31T02:01:39+00:00 NOTICE cart.member.updated :: Updated sjb50deep@gmail.com language to en
2020-08-31T02:02:48+00:00 NOTICE action_scheduler.queue_job :: MailChimp_WooCommerce_Cart_Update queued :: obj_id 9c773d03fd58af981bb70ed6cb73895e
2020-08-31T02:03:06+00:00 NOTICE abandoned_cart.success :: email: sjb50deep@gmail.com :: checkout_url: https://www.hotshot.nz/checkout/?mc_cart_id=9c773d03fd58af981bb70ed6cb73895e
2020-08-31T02:03:31+00:00 NOTICE action_scheduler.queue_job :: MailChimp_WooCommerce_Cart_Update queued :: obj_id 9c773d03fd58af981bb70ed6cb73895e
2020-08-31T02:03:41+00:00 NOTICE abandoned_cart.success :: email: sjb50deep@gmail.com :: checkout_url: https://www.hotshot.nz/checkout/?mc_cart_id=9c773d03fd58af981bb70ed6cb73895e
2020-08-31T02:03:51+00:00 NOTICE action_scheduler.queue_job :: MailChimp_WooCommerce_User_Submit queued :: obj_id 542
2020-08-31T02:03:52+00:00 NOTICE action_scheduler.queue_job :: MailChimp_WooCommerce_Single_Order starts in 90 seconds :: obj_id 188567
2020-08-31T02:04:11+00:00 NOTICE member.sync :: Updated Member sjb50deep@gmail.com ( merge fields only ) :: Array
(
    [merge_fields] => Array
        (
            [FNAME] => Sidney
            [LNAME] => Britten
        )

)

2020-08-31T02:04:59+00:00 NOTICE action_scheduler.queue_job :: MailChimp_WooCommerce_Single_Order starts in 90 seconds :: obj_id 155373
2020-08-31T02:05:49+00:00 NOTICE debug :: Order ID 188567 was pending and is now processing :: Array
(
    [new_order] => 1
    [tracking] => Array
        (
            [campaign_id] => 
            [landing_site] => https://www.hotshot.nz/wp-admin/admin-ajax.php?action=mailchimp_set_user_by_email&email=sjb50deep@gmail.com&language=en
        )

)

2020-08-31T02:06:34+00:00 NOTICE order_sumbit :: #155373 has a financial status of pending and was skipped.
2020-08-31T02:07:36+00:00 NOTICE order.member.updated :: Updated sjb50deep@gmail.com language to en
2020-08-31T02:07:36+00:00 NOTICE order_submit.success :: addStoreOrder :: #188567 :: email: sjb50deep@gmail.com :: landing site https://www.hotshot.nz/wp-admin/admin-ajax.php?action=mailchimp_set_user_by_email&email=sjb50deep@gmail.com&language=en :: abandoned cart deleted [9c773d03fd58af981bb70ed6cb73895e]
2020-08-31T02:09:05+00:00 NOTICE action_scheduler.queue_job :: MailChimp_WooCommerce_Single_Order starts in 90 seconds :: obj_id 175375
2020-08-31T02:11:39+00:00 NOTICE order_sumbit :: #175375 has a financial status of pending and was skipped.
2020-08-31T02:12:29+00:00 NOTICE action_scheduler.queue_job :: MailChimp_WooCommerce_User_Submit queued :: obj_id 542
2020-08-31T02:12:32+00:00 NOTICE debug :: Order ID 188567 was processing and is now completed :: Array
(
    [new_order] => 
    [tracking] => 
)

2020-08-31T02:12:32+00:00 NOTICE action_scheduler.queue_job :: MailChimp_WooCommerce_Single_Order starts in 90 seconds :: obj_id 188567
2020-08-31T02:12:41+00:00 NOTICE member.sync :: Updated Member sjb50deep@gmail.com ( merge fields only ) :: Array
(
    [merge_fields] => Array
        (
            [FNAME] => Sidney
            [LNAME] => Britten
        )

)

2020-08-31T02:14:24+00:00 NOTICE order_submit.success :: updateStoreOrder :: #188567 :: email: sjb50deep@gmail.com
2020-08-31T02:26:51+00:00 NOTICE action_scheduler.queue_job :: MailChimp_WooCommerce_Single_Order starts in 90 seconds :: obj_id 186236
2020-08-31T02:28:25+00:00 NOTICE order_sumbit :: #186236 has a financial status of pending and was skipped.
2020-08-31T02:32:29+00:00 NOTICE action_scheduler.queue_job :: MailChimp_WooCommerce_Single_Order starts in 90 seconds :: obj_id 183330
2020-08-31T02:34:11+00:00 NOTICE order_sumbit :: #183330 has a financial status of pending and was skipped.
2020-08-31T02:44:37+00:00 NOTICE debug :: Order ID 185987 was pending and is now completed :: Array
(
    [new_order] => 1
    [tracking] => Array
        (
            [campaign_id] => 
            [landing_site] => 
        )

)

2020-08-31T02:44:37+00:00 NOTICE action_scheduler.queue_job :: MailChimp_WooCommerce_Single_Order starts in 90 seconds :: obj_id 185987
2020-08-31T02:46:13+00:00 NOTICE order.member.updated :: Updated allen@horntech.co.nz language to en
2020-08-31T02:46:13+00:00 NOTICE order_submit.success :: addStoreOrder :: #185987 :: email: allen@horntech.co.nz
2020-08-31T02:55:10+00:00 NOTICE action_scheduler.queue_job :: MailChimp_WooCommerce_User_Submit queued :: obj_id 616
2020-08-31T02:55:13+00:00 NOTICE action_scheduler.queue_job :: MailChimp_WooCommerce_Single_Order starts in 90 seconds :: obj_id 188759
2020-08-31T02:56:01+00:00 NOTICE member.sync :: Subscribed Member johnny.cooke369@gmail.com :: Array
(
    [status_if_new] => 1
    [merge_fields] => Array
        (
            [FNAME] => jonathon
            [LNAME] => cooke
        )

)

2020-08-31T02:57:27+00:00 NOTICE order_sumbit :: #188759 has a financial status of pending and was skipped.
2020-08-31T03:50:37+00:00 NOTICE action_scheduler.queue_job :: MailChimp_WooCommerce_User_Submit queued :: obj_id 596
2020-08-31T03:50:38+00:00 NOTICE action_scheduler.queue_job :: MailChimp_WooCommerce_Single_Order starts in 90 seconds :: obj_id 188875
2020-08-31T03:50:42+00:00 NOTICE member.sync :: Updated Member cindy.mihiroa@icloud.com ( merge fields only ) :: Array
(
    [merge_fields] => Array
        (
            [FNAME] => cindy lee
            [LNAME] => thompson-tarau
        )

)

2020-08-31T03:52:57+00:00 NOTICE order_sumbit :: #188875 has a financial status of pending and was skipped.
2020-08-31T03:56:33+00:00 NOTICE action_scheduler.queue_job :: MailChimp_WooCommerce_Single_Order starts in 90 seconds :: obj_id 188875
2020-08-31T03:56:34+00:00 NOTICE debug :: Order ID 188875 was pending and is now failed :: Array
(
    [new_order] => 
    [tracking] => 
)

2020-08-31T03:58:26+00:00 NOTICE system.debug :: order 188875 is in failed status, and is being skipped for now.
2020-08-31T03:58:42+00:00 NOTICE action_scheduler.queue_job :: MailChimp_WooCommerce_Cart_Update queued :: obj_id 175fdaa5036cbe144ce79263c91c3840
2020-08-31T03:59:09+00:00 NOTICE abandoned_cart.success :: email: cindy.mihiroa@icloud.com :: checkout_url: https://www.hotshot.nz/checkout/?mc_cart_id=175fdaa5036cbe144ce79263c91c3840
2020-08-31T03:59:09+00:00 NOTICE cart.member.updated :: Updated cindy.mihiroa@icloud.com language to en
2020-08-31T03:59:48+00:00 NOTICE action_scheduler.queue_job :: MailChimp_WooCommerce_User_Submit queued :: obj_id 596
2020-08-31T03:59:49+00:00 NOTICE member.sync :: Updated Member cindy.mihiroa@icloud.com ( merge fields only ) :: Array
(
    [merge_fields] => Array
        (
            [FNAME] => cindy lee
            [LNAME] => thompson-tarau
        )

)

2020-08-31T04:44:33+00:00 NOTICE action_scheduler.queue_job :: MailChimp_WooCommerce_Cart_Update queued :: obj_id 95f8554d01b8808f334ceb94670ac4bd
2020-08-31T04:44:57+00:00 NOTICE action_scheduler.queue_job :: MailChimp_WooCommerce_Single_Order starts in 90 seconds :: obj_id 188954
2020-08-31T04:45:12+00:00 NOTICE abandoned_cart.success :: email: redpianotom@gmail.com :: checkout_url: https://www.hotshot.nz/checkout/?mc_cart_id=95f8554d01b8808f334ceb94670ac4bd
2020-08-31T04:45:12+00:00 NOTICE cart.member.updated :: Updated redpianotom@gmail.com language to en
2020-08-31T04:45:26+00:00 NOTICE debug :: Order ID 188954 was pending and is now failed :: Array
(
    [new_order] => 
    [tracking] => 
)

2020-08-31T04:46:04+00:00 NOTICE action_scheduler.queue_job :: MailChimp_WooCommerce_Cart_Update queued :: obj_id 95f8554d01b8808f334ceb94670ac4bd
2020-08-31T04:46:14+00:00 NOTICE action_scheduler.queue_job :: MailChimp_WooCommerce_User_Submit queued :: obj_id 102
2020-08-31T04:46:15+00:00 NOTICE action_scheduler.queue_job :: MailChimp_WooCommerce_Single_Order starts in 90 seconds :: obj_id 188964
2020-08-31T04:46:20+00:00 NOTICE abandoned_cart.success :: email: redpianotom@gmail.com :: checkout_url: https://www.hotshot.nz/checkout/?mc_cart_id=95f8554d01b8808f334ceb94670ac4bd
2020-08-31T04:46:21+00:00 NOTICE member.sync :: Updated Member redpianotom@gmail.com ( merge fields only ) :: Array
(
    [merge_fields] => Array
        (
            [FNAME] => tom
            [LNAME] => harris
        )

)

2020-08-31T04:46:30+00:00 NOTICE system.debug :: order 188954 is in failed status, and is being skipped for now.
2020-08-31T04:46:39+00:00 NOTICE debug :: Order ID 188964 was pending and is now processing :: Array
(
    [new_order] => 1
    [tracking] => Array
        (
            [campaign_id] => 
            [landing_site] => https://www.hotshot.nz/checkout/order-pay/188954/?key=wc_order_fqX3yZ3U1v8Ie
        )

)

2020-08-31T04:48:14+00:00 NOTICE order.member.updated :: Updated redpianotom@gmail.com language to en
2020-08-31T04:48:14+00:00 NOTICE order_submit.success :: addStoreOrder :: #188964 :: email: redpianotom@gmail.com :: landing site https://www.hotshot.nz/checkout/order-pay/188954/?key=wc_order_fqX3yZ3U1v8Ie :: abandoned cart deleted [95f8554d01b8808f334ceb94670ac4bd]
2020-08-31T13:47:44+00:00 NOTICE action_scheduler.queue_job :: MailChimp_WooCommerce_User_Submit queued :: obj_id 596
2020-08-31T13:48:46+00:00 NOTICE member.sync :: Updated Member cindy.mihiroa@icloud.com ( merge fields only ) :: Array
(
    [merge_fields] => Array
        (
            [FNAME] => cindy lee
            [LNAME] => thompson-tarau
        )

)

2020-08-31T13:52:25+00:00 NOTICE action_scheduler.queue_job :: MailChimp_WooCommerce_Single_Order starts in 90 seconds :: obj_id 188875
2020-08-31T13:52:27+00:00 NOTICE debug :: Order ID 188875 was failed and is now processing :: Array
(
    [new_order] => 
    [tracking] => 
)

2020-08-31T13:56:28+00:00 NOTICE order_submit.success :: addStoreOrder :: #188875 :: email: cindy.mihiroa@icloud.com :: campaign id e52fbfb7eb :: landing site https://www.hotshot.nz/ :: abandoned cart deleted [175fdaa5036cbe144ce79263c91c3840]
2020-08-31T16:07:08+00:00 NOTICE action_scheduler.queue_job :: MailChimp_WooCommerce_Cart_Update queued :: obj_id 4d0dba95e60c6377fa418bb9a0962377
2020-08-31T16:08:06+00:00 NOTICE abandoned_cart.success :: email: sharnikelly55@gmail.com :: checkout_url: https://www.hotshot.nz/checkout/?mc_cart_id=4d0dba95e60c6377fa418bb9a0962377
2020-08-31T16:08:07+00:00 NOTICE cart.member.updated :: Updated sharnikelly55@gmail.com language to en
2020-08-31T21:44:51+00:00 NOTICE action_scheduler.queue_job :: MailChimp_WooCommerce_Cart_Update queued :: obj_id 4d0dba95e60c6377fa418bb9a0962377
2020-08-31T21:45:15+00:00 NOTICE abandoned_cart.success :: email: sharnikelly55@gmail.com :: checkout_url: https://www.hotshot.nz/checkout/?mc_cart_id=4d0dba95e60c6377fa418bb9a0962377
2020-08-31T21:45:16+00:00 NOTICE cart.member.updated :: Updated sharnikelly55@gmail.com language to en
2020-08-31T21:49:23+00:00 NOTICE action_scheduler.queue_job :: MailChimp_WooCommerce_User_Submit queued :: obj_id 603
2020-08-31T21:49:28+00:00 NOTICE debug :: Order ID 183413 was processing and is now completed :: Array
(
    [new_order] => 
    [tracking] => 
)

2020-08-31T21:49:29+00:00 NOTICE action_scheduler.queue_job :: MailChimp_WooCommerce_Single_Order starts in 90 seconds :: obj_id 183413
2020-08-31T21:50:07+00:00 NOTICE member.sync :: Updated Member west.sophec@gmail.com ( merge fields only ) :: Array
(
    [merge_fields] => Array
        (
            [FNAME] => Sophie
            [LNAME] => West
        )

)

2020-08-31T21:52:09+00:00 NOTICE order_submit.success :: updateStoreOrder :: #183413 :: email: west.sophec@gmail.com
2020-08-31T22:17:12+00:00 NOTICE action_scheduler.queue_job :: MailChimp_WooCommerce_User_Submit queued :: obj_id 102
2020-08-31T22:17:14+00:00 NOTICE member.sync :: Updated Member redpianotom@gmail.com ( merge fields only ) :: Array
(
    [merge_fields] => Array
        (
            [FNAME] => tom
            [LNAME] => harris
        )

)

2020-08-31T22:17:15+00:00 NOTICE debug :: Order ID 188964 was processing and is now completed :: Array
(
    [new_order] => 
    [tracking] => 
)

2020-08-31T22:17:16+00:00 NOTICE action_scheduler.queue_job :: MailChimp_WooCommerce_Single_Order starts in 90 seconds :: obj_id 188964
2020-08-31T22:19:59+00:00 NOTICE order_submit.success :: updateStoreOrder :: #188964 :: email: redpianotom@gmail.com
2020-08-31T23:02:24+00:00 NOTICE action_scheduler.queue_job :: MailChimp_WooCommerce_Cart_Update queued :: obj_id 4d0dba95e60c6377fa418bb9a0962377
2020-08-31T23:03:04+00:00 NOTICE abandoned_cart.success :: email: sharnikelly55@gmail.com :: checkout_url: https://www.hotshot.nz/checkout/?mc_cart_id=4d0dba95e60c6377fa418bb9a0962377
2020-08-31T23:03:05+00:00 NOTICE cart.member.updated :: Updated sharnikelly55@gmail.com language to en
