2020-08-17T01:51:40+00:00 NOTICE action_scheduler.queue_job :: MailChimp_WooCommerce_Single_Order starts in 90 seconds :: obj_id 129712
2020-08-17T01:53:16+00:00 NOTICE order_sumbit :: #129712 has a financial status of pending and was skipped.
2020-08-17T02:00:44+00:00 NOTICE action_scheduler.queue_job :: MailChimp_WooCommerce_Single_Order starts in 90 seconds :: obj_id 136427
2020-08-17T02:02:30+00:00 NOTICE order_sumbit :: #136427 has a financial status of pending and was skipped.
2020-08-17T02:22:58+00:00 NOTICE action_scheduler.queue_job :: MailChimp_WooCommerce_Single_Order starts in 90 seconds :: obj_id 142887
2020-08-17T02:24:41+00:00 NOTICE order_sumbit :: #142887 has a financial status of pending and was skipped.
2020-08-17T02:35:28+00:00 NOTICE action_scheduler.queue_job :: MailChimp_WooCommerce_Single_Order starts in 90 seconds :: obj_id 153407
2020-08-17T02:37:22+00:00 NOTICE order_sumbit :: #153407 has a financial status of pending and was skipped.
2020-08-17T03:10:04+00:00 NOTICE action_scheduler.queue_job :: MailChimp_WooCommerce_Single_Order starts in 90 seconds :: obj_id 154324
2020-08-17T03:12:07+00:00 NOTICE action_scheduler.queue_job :: MailChimp_WooCommerce_Single_Order starts in 90 seconds :: obj_id 154327
2020-08-17T03:12:17+00:00 NOTICE order_sumbit :: #154324 has a financial status of pending and was skipped.
2020-08-17T03:13:42+00:00 NOTICE order_sumbit :: #154327 has a financial status of pending and was skipped.
2020-08-17T03:19:38+00:00 NOTICE debug :: Order ID 27758 was processing and is now refunded :: Array
(
    [new_order] => 
    [tracking] => 
)

2020-08-17T03:19:38+00:00 NOTICE action_scheduler.queue_job :: MailChimp_WooCommerce_Single_Order starts in 90 seconds :: obj_id 27758
2020-08-17T03:21:35+00:00 NOTICE order_submit.success :: addStoreOrder :: #27758 :: email: taelarobertson97@gmail.com
2020-08-17T04:25:44+00:00 NOTICE action_scheduler.queue_job :: MailChimp_WooCommerce_Single_Order starts in 90 seconds :: obj_id 156164
2020-08-17T04:25:49+00:00 NOTICE debug :: Order ID 156164 was processing and is now completed :: Array
(
    [new_order] => 
    [tracking] => 
)

2020-08-17T04:25:50+00:00 NOTICE debug :: Order ID 156164 was pending and is now processing :: Array
(
    [new_order] => 1
    [tracking] => Array
        (
            [campaign_id] => 
            [landing_site] => https://www.hotshot.nz/wp-admin/admin-ajax.php
        )

)

2020-08-17T04:27:36+00:00 NOTICE order.member.updated :: Updated dianadouglas77@yahoo.com language to en
2020-08-17T04:27:36+00:00 NOTICE order_submit.success :: addStoreOrder :: #156164 :: email: dianadouglas77@yahoo.com :: landing site https://www.hotshot.nz/wp-admin/admin-ajax.php
2020-08-17T04:33:01+00:00 NOTICE action_scheduler.queue_job :: MailChimp_WooCommerce_User_Submit queued :: obj_id 572
2020-08-17T04:33:04+00:00 NOTICE action_scheduler.queue_job :: MailChimp_WooCommerce_Single_Order starts in 90 seconds :: obj_id 156197
2020-08-17T04:33:21+00:00 NOTICE member.sync :: Subscribed Member pureromancechanelle@gmail.com :: Array
(
    [status_if_new] => 1
    [merge_fields] => Array
        (
            [FNAME] => Chanelle
            [LNAME] => Mansfield
        )

)

2020-08-17T04:35:51+00:00 NOTICE order_sumbit :: #156197 has a financial status of pending and was skipped.
2020-08-17T19:44:06+00:00 NOTICE action_scheduler.queue_job :: MailChimp_WooCommerce_Single_Order starts in 90 seconds :: obj_id 156789
2020-08-17T19:44:11+00:00 NOTICE debug :: Order ID 156789 was processing and is now completed :: Array
(
    [new_order] => 
    [tracking] => 
)

2020-08-17T19:44:11+00:00 NOTICE debug :: Order ID 156789 was pending and is now processing :: Array
(
    [new_order] => 1
    [tracking] => Array
        (
            [campaign_id] => 
            [landing_site] => 
        )

)

2020-08-17T19:47:29+00:00 NOTICE order.member.updated :: Updated kiwicat14@hotmail.com language to en
2020-08-17T19:47:29+00:00 NOTICE order_submit.success :: addStoreOrder :: #156789 :: email: kiwicat14@hotmail.com
2020-08-17T20:58:14+00:00 NOTICE debug :: Order ID 153811 was processing and is now completed :: Array
(
    [new_order] => 
    [tracking] => 
)

2020-08-17T20:58:14+00:00 NOTICE action_scheduler.queue_job :: MailChimp_WooCommerce_Single_Order starts in 90 seconds :: obj_id 153811
2020-08-17T21:00:30+00:00 NOTICE order_submit.success :: updateStoreOrder :: #153811 :: email: ashikmanjiyani@gmail.com
2020-08-17T21:17:25+00:00 NOTICE action_scheduler.queue_job :: MailChimp_WooCommerce_User_Submit queued :: obj_id 326
2020-08-17T21:17:29+00:00 NOTICE debug :: Order ID 151400 was processing and is now completed :: Array
(
    [new_order] => 
    [tracking] => 
)

2020-08-17T21:17:29+00:00 NOTICE action_scheduler.queue_job :: MailChimp_WooCommerce_Single_Order starts in 90 seconds :: obj_id 151400
2020-08-17T21:17:40+00:00 NOTICE member.sync :: Updated Member stellapoko2@gmail.com ( merge fields only ) :: Array
(
    [merge_fields] => Array
        (
            [FNAME] => Stella
            [LNAME] => Poko
        )

)

2020-08-17T21:19:07+00:00 NOTICE order_submit.success :: updateStoreOrder :: #151400 :: email: stellapoko2@gmail.com
2020-08-17T22:17:23+00:00 NOTICE action_scheduler.queue_job :: MailChimp_WooCommerce_Single_Order starts in 90 seconds :: obj_id 156979
2020-08-17T22:17:31+00:00 NOTICE debug :: Order ID 156979 was processing and is now completed :: Array
(
    [new_order] => 
    [tracking] => 
)

2020-08-17T22:17:31+00:00 NOTICE debug :: Order ID 156979 was pending and is now processing :: Array
(
    [new_order] => 1
    [tracking] => Array
        (
            [campaign_id] => 
            [landing_site] => https://www.hotshot.nz/wp-login.php?interim-login=1&wp_lang=en_NZ
        )

)

2020-08-17T22:19:15+00:00 NOTICE order.member.updated :: Updated annamsutton@yahoo.co.uk language to en
2020-08-17T22:19:15+00:00 NOTICE order_submit.success :: addStoreOrder :: #156979 :: email: annamsutton@yahoo.co.uk :: landing site https://www.hotshot.nz/wp-login.php?interim-login=1&wp_lang=en_NZ
2020-08-17T23:12:26+00:00 NOTICE action_scheduler.queue_job :: MailChimp_WooCommerce_Single_Order starts in 90 seconds :: obj_id 157086
2020-08-17T23:12:31+00:00 NOTICE debug :: Order ID 157086 was processing and is now completed :: Array
(
    [new_order] => 
    [tracking] => 
)

2020-08-17T23:12:31+00:00 NOTICE debug :: Order ID 157086 was pending and is now processing :: Array
(
    [new_order] => 1
    [tracking] => Array
        (
            [campaign_id] => 
            [landing_site] => 
        )

)

2020-08-17T23:14:59+00:00 NOTICE order.member.updated :: Updated antonvnieuwenhuizen71@gmail.com language to en
2020-08-17T23:14:59+00:00 NOTICE order_submit.success :: addStoreOrder :: #157086 :: email: antonvnieuwenhuizen71@gmail.com
2020-08-17T23:24:22+00:00 NOTICE action_scheduler.queue_job :: MailChimp_WooCommerce_User_Submit queued :: obj_id 573
2020-08-17T23:24:24+00:00 NOTICE action_scheduler.queue_job :: MailChimp_WooCommerce_User_Submit queued :: obj_id 573
2020-08-17T23:24:25+00:00 NOTICE action_scheduler.queue_job :: MailChimp_WooCommerce_Single_Order starts in 90 seconds :: obj_id 157127
2020-08-17T23:24:26+00:00 NOTICE member.sync :: Subscribed Member pollyannasalausa@gmail.com :: Array
(
    [status_if_new] => 1
    [merge_fields] => Array
        (
            [FNAME] => Paese
            [LNAME] => Taia
        )

)

2020-08-17T23:26:03+00:00 NOTICE order_sumbit :: #157127 has a financial status of pending and was skipped.
