2020-06-17T01:20:41+00:00 NOTICE action_scheduler.queue_job :: MailChimp_WooCommerce_Cart_Update queued :: obj_id f3eac84d5856b02521bd1d37602dd8a3
2020-06-17T01:21:08+00:00 NOTICE action_scheduler.queue_job :: MailChimp_WooCommerce_Single_Order starts in 90 seconds :: obj_id 45581
2020-06-17T01:21:40+00:00 NOTICE abandoned_cart.success :: email: erinlester02@gmail.com :: checkout_url: https://www.hotshot.nz/checkout/?mc_cart_id=f3eac84d5856b02521bd1d37602dd8a3
2020-06-17T01:21:41+00:00 NOTICE cart.member.updated :: Updated erinlester02@gmail.com language to en
2020-06-17T01:22:17+00:00 NOTICE debug :: Order ID 45581 was pending and is now processing :: Array
(
    [new_order] => 1
    [tracking] => Array
        (
            [campaign_id] => 
            [landing_site] => https://www.hotshot.nz/
        )

)

2020-06-17T01:23:38+00:00 NOTICE action_scheduler.queue_job :: MailChimp_WooCommerce_Cart_Update queued :: obj_id f3eac84d5856b02521bd1d37602dd8a3
2020-06-17T01:23:44+00:00 NOTICE abandoned_cart.success :: email: erinlester02@gmail.com :: checkout_url: https://www.hotshot.nz/checkout/?mc_cart_id=f3eac84d5856b02521bd1d37602dd8a3
2020-06-17T01:23:54+00:00 NOTICE order.member.updated :: Updated erinlester02@gmail.com language to en
2020-06-17T01:23:54+00:00 NOTICE order_submit.success :: addStoreOrder :: #45581 :: email: erinlester02@gmail.com :: landing site https://www.hotshot.nz/ :: abandoned cart deleted [f3eac84d5856b02521bd1d37602dd8a3]
2020-06-17T01:24:08+00:00 NOTICE action_scheduler.queue_job :: MailChimp_WooCommerce_User_Submit queued :: obj_id 202
2020-06-17T01:24:08+00:00 NOTICE action_scheduler.queue_job :: MailChimp_WooCommerce_Single_Order starts in 90 seconds :: obj_id 45601
2020-06-17T01:24:14+00:00 NOTICE member.sync :: Updated Member erinlester02@gmail.com ( merge fields only ) :: Array
(
    [merge_fields] => Array
        (
            [FNAME] => Erin
            [LNAME] => Lester
        )

)

2020-06-17T01:25:08+00:00 NOTICE action_scheduler.queue_job :: MailChimp_WooCommerce_User_Submit queued :: obj_id 202
2020-06-17T01:25:08+00:00 NOTICE action_scheduler.queue_job :: MailChimp_WooCommerce_Single_Order starts in 90 seconds :: obj_id 45615
2020-06-17T01:25:29+00:00 NOTICE member.sync :: Updated Member erinlester02@gmail.com ( merge fields only ) :: Array
(
    [merge_fields] => Array
        (
            [FNAME] => Erin
            [LNAME] => Lester
        )

)

2020-06-17T01:26:07+00:00 NOTICE debug :: Order ID 45615 was pending and is now processing :: Array
(
    [new_order] => 1
    [tracking] => Array
        (
            [campaign_id] => 
            [landing_site] => https://www.hotshot.nz/?wc-ajax=update_order_review
        )

)

2020-06-17T01:26:36+00:00 NOTICE order_sumbit :: #45601 has a financial status of pending and was skipped.
2020-06-17T01:28:30+00:00 NOTICE order_submit.success :: addStoreOrder :: #45615 :: email: erinlester02@gmail.com :: landing site https://www.hotshot.nz/?wc-ajax=update_order_review
2020-06-17T01:30:46+00:00 NOTICE action_scheduler.queue_job :: MailChimp_WooCommerce_User_Submit queued :: obj_id 452
2020-06-17T01:30:47+00:00 NOTICE action_scheduler.queue_job :: MailChimp_WooCommerce_Single_Order starts in 90 seconds :: obj_id 45647
2020-06-17T01:31:30+00:00 NOTICE member.sync :: Subscribed Member s.e.mackel21@gmail.com :: Array
(
    [status_if_new] => 1
    [merge_fields] => Array
        (
            [FNAME] => Samantha
            [LNAME] => Mackel
        )

)

2020-06-17T01:31:33+00:00 NOTICE debug :: Order ID 45647 was pending and is now processing :: Array
(
    [new_order] => 1
    [tracking] => Array
        (
            [campaign_id] => 
            [landing_site] => https://www.hotshot.nz/?gclid=CjwKCAjw26H3BRB2EiwAy32zhTt_ovy5f-JvfhwCG7uUkMsvw4Qz5VVOOFEJ3nhSczqF1O3Mdry2nxoC07cQAvD_BwE
        )

)

2020-06-17T01:33:36+00:00 NOTICE order.member.updated :: Updated s.e.mackel21@gmail.com language to en
2020-06-17T01:33:36+00:00 NOTICE order_submit.success :: addStoreOrder :: #45647 :: email: s.e.mackel21@gmail.com :: landing site https://www.hotshot.nz/?gclid=CjwKCAjw26H3BRB2EiwAy32zhTt_ovy5f-JvfhwCG7uUkMsvw4Qz5VVOOFEJ3nhSczqF1O3Mdry2nxoC07cQAvD_BwE
2020-06-17T03:42:36+00:00 NOTICE action_scheduler.queue_job :: MailChimp_WooCommerce_Single_Order starts in 90 seconds :: obj_id 34199
2020-06-17T03:44:30+00:00 NOTICE order_sumbit :: #34199 has a financial status of pending and was skipped.
2020-06-17T03:57:57+00:00 NOTICE action_scheduler.queue_job :: MailChimp_WooCommerce_User_Submit queued :: obj_id 202
2020-06-17T03:58:01+00:00 NOTICE member.sync :: Updated Member erinlester02@gmail.com ( merge fields only ) :: Array
(
    [merge_fields] => Array
        (
            [FNAME] => Erin
            [LNAME] => Lester
        )

)

2020-06-17T03:58:02+00:00 NOTICE debug :: Order ID 45615 was processing and is now completed :: Array
(
    [new_order] => 
    [tracking] => 
)

2020-06-17T03:58:02+00:00 NOTICE action_scheduler.queue_job :: MailChimp_WooCommerce_Single_Order starts in 90 seconds :: obj_id 45615
2020-06-17T03:58:34+00:00 NOTICE action_scheduler.queue_job :: MailChimp_WooCommerce_User_Submit queued :: obj_id 202
2020-06-17T03:58:36+00:00 NOTICE debug :: Order ID 45581 was processing and is now completed :: Array
(
    [new_order] => 
    [tracking] => 
)

2020-06-17T03:58:36+00:00 NOTICE action_scheduler.queue_job :: MailChimp_WooCommerce_Single_Order starts in 90 seconds :: obj_id 45581
2020-06-17T03:58:40+00:00 NOTICE member.sync :: Updated Member erinlester02@gmail.com ( merge fields only ) :: Array
(
    [merge_fields] => Array
        (
            [FNAME] => Erin
            [LNAME] => Lester
        )

)

2020-06-17T03:59:39+00:00 NOTICE order_submit.success :: updateStoreOrder :: #45615 :: email: erinlester02@gmail.com
2020-06-17T04:00:14+00:00 NOTICE order_submit.success :: updateStoreOrder :: #45581 :: email: erinlester02@gmail.com
2020-06-17T04:24:14+00:00 NOTICE action_scheduler.queue_job :: MailChimp_WooCommerce_Single_Order starts in 90 seconds :: obj_id 46211
2020-06-17T04:24:19+00:00 NOTICE debug :: Order ID 46211 was processing and is now completed :: Array
(
    [new_order] => 
    [tracking] => 
)

2020-06-17T04:24:19+00:00 NOTICE debug :: Order ID 46211 was pending and is now processing :: Array
(
    [new_order] => 1
    [tracking] => Array
        (
            [campaign_id] => 
            [landing_site] => https://www.hotshot.nz/wp-admin/admin-ajax.php
        )

)

2020-06-17T04:26:05+00:00 NOTICE order.member.updated :: Updated dianadouglas77@yahoo.com language to en
2020-06-17T04:26:05+00:00 NOTICE order_submit.success :: addStoreOrder :: #46211 :: email: dianadouglas77@yahoo.com :: landing site https://www.hotshot.nz/wp-admin/admin-ajax.php
2020-06-17T11:34:47+00:00 NOTICE action_scheduler.queue_job :: MailChimp_WooCommerce_Cart_Update queued :: obj_id a778217344e87393bcbceceada4a7d4e
2020-06-17T11:39:24+00:00 NOTICE abandoned_cart.success :: email: olivernoles@xtra.co.nz :: checkout_url: https://www.hotshot.nz/checkout/?mc_cart_id=a778217344e87393bcbceceada4a7d4e
2020-06-17T11:39:25+00:00 NOTICE cart.member.updated :: Updated olivernoles@xtra.co.nz language to en
2020-06-17T17:16:55+00:00 NOTICE action_scheduler.queue_job :: MailChimp_WooCommerce_User_Submit queued :: obj_id 453
2020-06-17T17:16:56+00:00 NOTICE action_scheduler.queue_job :: MailChimp_WooCommerce_User_Submit queued :: obj_id 453
2020-06-17T17:16:56+00:00 NOTICE action_scheduler.queue_job :: MailChimp_WooCommerce_Single_Order starts in 90 seconds :: obj_id 46901
2020-06-17T17:16:57+00:00 NOTICE member.sync :: Subscribed Member maunpolly26@gmail.com :: Array
(
    [status_if_new] => 1
    [merge_fields] => Array
        (
            [FNAME] => Melissa
            [LNAME] => Smith
        )

)

2020-06-17T17:17:56+00:00 NOTICE debug :: Order ID 46901 was pending and is now failed :: Array
(
    [new_order] => 
    [tracking] => 
)

2020-06-17T17:19:53+00:00 NOTICE system.debug :: order 46901 is in failed status, and is being skipped for now.
2020-06-17T18:10:57+00:00 NOTICE action_scheduler.queue_job :: MailChimp_WooCommerce_User_Submit queued :: obj_id 454
2020-06-17T18:10:58+00:00 NOTICE action_scheduler.queue_job :: MailChimp_WooCommerce_Single_Order starts in 90 seconds :: obj_id 46953
2020-06-17T18:11:00+00:00 NOTICE member.sync :: Subscribed Member kirstaleejudd@gmail.com :: Array
(
    [status_if_new] => 1
    [merge_fields] => Array
        (
            [FNAME] => Kirstalee
            [LNAME] => Judd
        )

)

2020-06-17T18:12:42+00:00 NOTICE order_sumbit :: #46953 has a financial status of pending and was skipped.
2020-06-17T19:40:50+00:00 NOTICE action_scheduler.queue_job :: MailChimp_WooCommerce_Single_Order starts in 90 seconds :: obj_id 47000
2020-06-17T19:40:55+00:00 NOTICE debug :: Order ID 47000 was processing and is now completed :: Array
(
    [new_order] => 
    [tracking] => 
)

2020-06-17T19:40:55+00:00 NOTICE debug :: Order ID 47000 was pending and is now processing :: Array
(
    [new_order] => 1
    [tracking] => Array
        (
            [campaign_id] => 
            [landing_site] => 
        )

)

2020-06-17T19:43:40+00:00 NOTICE order.member.updated :: Updated kiwicat14@hotmail.com language to en
2020-06-17T19:43:40+00:00 NOTICE order_submit.success :: addStoreOrder :: #47000 :: email: kiwicat14@hotmail.com
2020-06-17T21:27:22+00:00 NOTICE action_scheduler.queue_job :: MailChimp_WooCommerce_User_Submit queued :: obj_id 455
2020-06-17T21:27:23+00:00 NOTICE action_scheduler.queue_job :: MailChimp_WooCommerce_Single_Order starts in 90 seconds :: obj_id 47116
2020-06-17T21:27:33+00:00 NOTICE member.sync :: Subscribed Member aimeesummer9315@gmail.com :: Array
(
    [status_if_new] => 1
    [merge_fields] => Array
        (
            [FNAME] => Joshua
            [LNAME] => Chappell
        )

)

2020-06-17T21:29:45+00:00 NOTICE order_sumbit :: #47116 has a financial status of pending and was skipped.
2020-06-17T21:44:14+00:00 NOTICE action_scheduler.queue_job :: MailChimp_WooCommerce_Single_Order starts in 90 seconds :: obj_id 47133
2020-06-17T21:46:04+00:00 NOTICE order_sumbit :: #47133 has a financial status of pending and was skipped.
2020-06-17T22:14:02+00:00 NOTICE action_scheduler.queue_job :: MailChimp_WooCommerce_Single_Order starts in 90 seconds :: obj_id 47173
2020-06-17T22:14:07+00:00 NOTICE debug :: Order ID 47173 was processing and is now completed :: Array
(
    [new_order] => 
    [tracking] => 
)

2020-06-17T22:14:07+00:00 NOTICE debug :: Order ID 47173 was pending and is now processing :: Array
(
    [new_order] => 1
    [tracking] => Array
        (
            [campaign_id] => 
            [landing_site] => https://www.hotshot.nz/wp-admin/admin-ajax.php
        )

)

2020-06-17T22:15:44+00:00 NOTICE order.member.updated :: Updated annamsutton@yahoo.co.uk language to en
2020-06-17T22:15:44+00:00 NOTICE order_submit.success :: addStoreOrder :: #47173 :: email: annamsutton@yahoo.co.uk :: landing site https://www.hotshot.nz/wp-admin/admin-ajax.php
2020-06-17T22:20:00+00:00 NOTICE action_scheduler.queue_job :: MailChimp_WooCommerce_Single_Order starts in 90 seconds :: obj_id 30462
2020-06-17T22:21:45+00:00 NOTICE order_sumbit :: #30462 has a financial status of pending and was skipped.
2020-06-17T23:07:29+00:00 NOTICE action_scheduler.queue_job :: MailChimp_WooCommerce_Single_Order starts in 90 seconds :: obj_id 47248
2020-06-17T23:07:33+00:00 NOTICE debug :: Order ID 47248 was processing and is now completed :: Array
(
    [new_order] => 
    [tracking] => 
)

2020-06-17T23:07:33+00:00 NOTICE debug :: Order ID 47248 was pending and is now processing :: Array
(
    [new_order] => 1
    [tracking] => Array
        (
            [campaign_id] => 
            [landing_site] => 
        )

)

2020-06-17T23:11:57+00:00 NOTICE order.member.updated :: Updated antonvnieuwenhuizen71@gmail.com language to en
2020-06-17T23:11:57+00:00 NOTICE order_submit.success :: addStoreOrder :: #47248 :: email: antonvnieuwenhuizen71@gmail.com
