2020-08-18T00:45:34+00:00 NOTICE action_scheduler.queue_job :: MailChimp_WooCommerce_User_Submit queued :: obj_id 559
2020-08-18T00:45:38+00:00 NOTICE member.sync :: Updated Member ryanhaans@gmail.com ( merge fields only ) :: Array
(
    [merge_fields] => Array
        (
            [FNAME] => Ryan
            [LNAME] => Haans
        )

)

2020-08-18T00:45:39+00:00 NOTICE debug :: Order ID 137739 was processing and is now completed :: Array
(
    [new_order] => 
    [tracking] => 
)

2020-08-18T00:45:39+00:00 NOTICE action_scheduler.queue_job :: MailChimp_WooCommerce_Single_Order starts in 90 seconds :: obj_id 137739
2020-08-18T00:47:12+00:00 NOTICE order_submit.success :: updateStoreOrder :: #137739 :: email: ryanhaans@gmail.com
2020-08-18T01:16:22+00:00 NOTICE action_scheduler.queue_job :: MailChimp_WooCommerce_Single_Order starts in 90 seconds :: obj_id 157862
2020-08-18T01:17:55+00:00 NOTICE order_sumbit :: #157862 has a financial status of pending and was skipped.
2020-08-18T01:36:31+00:00 NOTICE action_scheduler.queue_job :: MailChimp_WooCommerce_Single_Order starts in 90 seconds :: obj_id 129712
2020-08-18T01:38:05+00:00 NOTICE order_sumbit :: #129712 has a financial status of pending and was skipped.
2020-08-18T02:10:39+00:00 NOTICE debug :: Order ID 153407 was pending and is now completed :: Array
(
    [new_order] => 1
    [tracking] => Array
        (
            [campaign_id] => 
            [landing_site] => 
        )

)

2020-08-18T02:10:40+00:00 NOTICE action_scheduler.queue_job :: MailChimp_WooCommerce_Single_Order starts in 90 seconds :: obj_id 153407
2020-08-18T02:12:16+00:00 NOTICE order.member.updated :: Updated heidi_roseanne@msn.com language to en
2020-08-18T02:12:16+00:00 NOTICE order_submit.success :: addStoreOrder :: #153407 :: email: heidi_roseanne@msn.com
2020-08-18T02:40:02+00:00 NOTICE action_scheduler.queue_job :: MailChimp_WooCommerce_Single_Order starts in 90 seconds :: obj_id 142887
2020-08-18T02:41:40+00:00 NOTICE order_sumbit :: #142887 has a financial status of pending and was skipped.
2020-08-18T02:42:41+00:00 NOTICE action_scheduler.queue_job :: MailChimp_WooCommerce_Single_Order starts in 90 seconds :: obj_id 159453
2020-08-18T02:42:45+00:00 NOTICE action_scheduler.queue_job :: MailChimp_WooCommerce_User_Submit queued :: obj_id 104
2020-08-18T02:42:46+00:00 NOTICE debug :: Order ID 159453 was processing and is now completed :: Array
(
    [new_order] => 
    [tracking] => 
)

2020-08-18T02:42:47+00:00 NOTICE debug :: Order ID 159453 was pending and is now processing :: Array
(
    [new_order] => 1
    [tracking] => Array
        (
            [campaign_id] => 
            [landing_site] => https://www.hotshot.nz/wp-admin/admin-ajax.php
        )

)

2020-08-18T02:42:49+00:00 NOTICE member.sync :: Updated Member williamhaarhoff@gmail.com ( merge fields only ) :: Array
(
    [merge_fields] => Array
        (
            [FNAME] => William
            [LNAME] => Haarhoff
        )

)

2020-08-18T02:44:20+00:00 NOTICE order.member.updated :: Updated williamhaarhoff@gmail.com language to en
2020-08-18T02:44:20+00:00 NOTICE order_submit.success :: addStoreOrder :: #159453 :: email: williamhaarhoff@gmail.com :: landing site https://www.hotshot.nz/wp-admin/admin-ajax.php
2020-08-18T02:44:50+00:00 NOTICE action_scheduler.queue_job :: MailChimp_WooCommerce_Single_Order starts in 90 seconds :: obj_id 136427
2020-08-18T02:46:21+00:00 NOTICE order_sumbit :: #136427 has a financial status of pending and was skipped.
2020-08-18T02:48:46+00:00 NOTICE action_scheduler.queue_job :: MailChimp_WooCommerce_Single_Order starts in 90 seconds :: obj_id 154324
2020-08-18T02:50:06+00:00 NOTICE action_scheduler.queue_job :: MailChimp_WooCommerce_Single_Order starts in 90 seconds :: obj_id 154327
2020-08-18T02:50:23+00:00 NOTICE order_sumbit :: #154324 has a financial status of pending and was skipped.
2020-08-18T02:51:40+00:00 NOTICE order_sumbit :: #154327 has a financial status of pending and was skipped.
2020-08-18T02:52:05+00:00 NOTICE action_scheduler.queue_job :: MailChimp_WooCommerce_Single_Order starts in 90 seconds :: obj_id 155373
2020-08-18T02:53:41+00:00 NOTICE order_sumbit :: #155373 has a financial status of pending and was skipped.
2020-08-18T04:09:46+00:00 NOTICE action_scheduler.queue_job :: MailChimp_WooCommerce_User_Submit queued :: obj_id 574
2020-08-18T04:09:49+00:00 NOTICE action_scheduler.queue_job :: MailChimp_WooCommerce_Single_Order starts in 90 seconds :: obj_id 160463
2020-08-18T04:09:53+00:00 NOTICE member.sync :: Subscribed Member scoobydoo101@hotmail.co.nz :: Array
(
    [status_if_new] => 1
    [merge_fields] => Array
        (
            [FNAME] => David
            [LNAME] => Rauba
        )

)

2020-08-18T04:11:21+00:00 NOTICE order_sumbit :: #160463 has a financial status of pending and was skipped.
2020-08-18T06:15:52+00:00 NOTICE action_scheduler.queue_job :: MailChimp_WooCommerce_Single_Order starts in 90 seconds :: obj_id 161389
2020-08-18T06:17:47+00:00 NOTICE order_sumbit :: #161389 has a financial status of pending and was skipped.
2020-08-18T06:25:19+00:00 NOTICE action_scheduler.queue_job :: MailChimp_WooCommerce_Cart_Update queued :: obj_id 1d752febac7df275e2a149e29c4e8620
2020-08-18T06:25:32+00:00 NOTICE abandoned_cart.success :: email: pureromancechanelle@gmail.com :: checkout_url: https://www.hotshot.nz/checkout/?mc_cart_id=1d752febac7df275e2a149e29c4e8620
2020-08-18T06:25:33+00:00 NOTICE cart.member.updated :: Updated pureromancechanelle@gmail.com language to en
2020-08-18T06:25:34+00:00 NOTICE action_scheduler.queue_job :: MailChimp_WooCommerce_User_Submit queued :: obj_id 572
2020-08-18T06:26:25+00:00 NOTICE member.sync :: Updated Member pureromancechanelle@gmail.com ( merge fields only ) :: Array
(
    [merge_fields] => Array
        (
            [FNAME] => Chanelle
            [LNAME] => Mansfield
        )

)

2020-08-18T06:27:42+00:00 NOTICE action_scheduler.queue_job :: MailChimp_WooCommerce_Single_Order starts in 90 seconds :: obj_id 156197
2020-08-18T06:27:44+00:00 NOTICE debug :: Order ID 156197 was pending and is now processing :: Array
(
    [new_order] => 1
    [tracking] => Array
        (
            [campaign_id] => 
            [landing_site] => https://www.hotshot.nz/?gclid=Cj0KCQjwsuP5BRCoARIsAPtX_wEaCvwSZbouZFCqrFvRZDLHtzKH3a6NNqNZwY49sWtSJdMv91XDftoaAurtEALw_wcB
        )

)

2020-08-18T06:29:30+00:00 NOTICE action_scheduler.queue_job :: MailChimp_WooCommerce_Cart_Update queued :: obj_id 1d752febac7df275e2a149e29c4e8620
2020-08-18T06:29:34+00:00 NOTICE order_submit.success :: addStoreOrder :: #156197 :: email: pureromancechanelle@gmail.com :: landing site https://www.hotshot.nz/?gclid=Cj0KCQjwsuP5BRCoARIsAPtX_wEaCvwSZbouZFCqrFvRZDLHtzKH3a6NNqNZwY49sWtSJdMv91XDftoaAurtEALw_wcB
2020-08-18T06:29:35+00:00 NOTICE abandoned_cart.success :: email: pureromancechanelle@gmail.com :: checkout_url: https://www.hotshot.nz/checkout/?mc_cart_id=1d752febac7df275e2a149e29c4e8620
2020-08-18T08:21:55+00:00 NOTICE action_scheduler.queue_job :: MailChimp_WooCommerce_Single_Order starts in 90 seconds :: obj_id 161534
2020-08-18T08:24:32+00:00 NOTICE order_sumbit :: #161534 has a financial status of pending and was skipped.
2020-08-18T14:52:53+00:00 NOTICE action_scheduler.queue_job :: MailChimp_WooCommerce_User_Submit queued :: obj_id 575
2020-08-18T14:52:56+00:00 NOTICE action_scheduler.queue_job :: MailChimp_WooCommerce_Single_Order starts in 90 seconds :: obj_id 161825
2020-08-18T14:52:58+00:00 NOTICE member.sync :: Subscribed Member nzdairyforlife@hotmail.com :: Array
(
    [status_if_new] => 1
    [merge_fields] => Array
        (
            [FNAME] => Brent
            [LNAME] => Nesh
        )

)

2020-08-18T14:53:37+00:00 NOTICE debug :: Order ID 161825 was pending and is now failed :: Array
(
    [new_order] => 
    [tracking] => 
)

2020-08-18T14:55:55+00:00 NOTICE system.debug :: order 161825 is in failed status, and is being skipped for now.
2020-08-18T22:51:10+00:00 NOTICE action_scheduler.queue_job :: MailChimp_WooCommerce_Single_Order starts in 90 seconds :: obj_id 162311
2020-08-18T22:51:16+00:00 NOTICE debug :: Order ID 162311 was processing and is now completed :: Array
(
    [new_order] => 
    [tracking] => 
)

2020-08-18T22:51:16+00:00 NOTICE debug :: Order ID 162311 was pending and is now processing :: Array
(
    [new_order] => 1
    [tracking] => Array
        (
            [campaign_id] => 
            [landing_site] => 
        )

)

2020-08-18T22:53:06+00:00 NOTICE order.member.updated :: Updated carrick.ge@gmail.com language to en
2020-08-18T22:53:06+00:00 NOTICE order_submit.success :: addStoreOrder :: #162311 :: email: carrick.ge@gmail.com
2020-08-18T23:07:45+00:00 NOTICE action_scheduler.queue_job :: MailChimp_WooCommerce_Single_Order starts in 90 seconds :: obj_id 162339
2020-08-18T23:07:47+00:00 NOTICE action_scheduler.queue_job :: MailChimp_WooCommerce_Single_Order starts in 90 seconds :: obj_id 162342
2020-08-18T23:07:51+00:00 NOTICE action_scheduler.queue_job :: MailChimp_WooCommerce_User_Submit queued :: obj_id 502
2020-08-18T23:07:52+00:00 NOTICE debug :: Order ID 162342 was processing and is now completed :: Array
(
    [new_order] => 
    [tracking] => 
)

2020-08-18T23:07:52+00:00 NOTICE debug :: Order ID 162342 was pending and is now processing :: Array
(
    [new_order] => 1
    [tracking] => Array
        (
            [campaign_id] => 
            [landing_site] => https://www.hotshot.nz/?gclid=CjwKCAjwjLD4BRAiEiwAg5NBFmkdnm9bakTFh0RvHlVNA0kRBivI6JWh0YgFY0aFhFOyH-wmQAaEdxoCKtkQAvD_BwE
        )

)

2020-08-18T23:07:55+00:00 NOTICE member.sync :: Updated Member singhkarora@gmail.com ( merge fields only ) :: Array
(
    [merge_fields] => Array
        (
            [FNAME] => Karora
            [LNAME] => Singh
        )

)

2020-08-18T23:09:48+00:00 NOTICE order_sumbit :: #162339 has a financial status of pending and was skipped.
2020-08-18T23:09:51+00:00 NOTICE order.member.updated :: Updated singhkarora@gmail.com language to en
2020-08-18T23:09:51+00:00 NOTICE order_submit.success :: addStoreOrder :: #162342 :: email: singhkarora@gmail.com
