2020-10-20T03:13:56+00:00 NOTICE action_scheduler.queue_job :: MailChimp_WooCommerce_Single_Order starts in 90 seconds :: obj_id 273042
2020-10-20T03:15:08+00:00 NOTICE debug :: Order ID 273042 was pending and is now processing :: Array
(
    [new_order] => 1
    [tracking] => Array
        (
            [campaign_id] => 
            [landing_site] => https://www.hotshot.nz/
        )

)

2020-10-20T03:17:08+00:00 NOTICE order.member.updated :: Updated dennis@lightforge.co.nz language to en
2020-10-20T03:17:08+00:00 NOTICE order_submit.success :: addStoreOrder :: #273042 :: email: dennis@lightforge.co.nz :: landing site https://www.hotshot.nz/
2020-10-20T03:21:05+00:00 NOTICE action_scheduler.queue_job :: MailChimp_WooCommerce_Single_Order starts in 90 seconds :: obj_id 273063
2020-10-20T03:21:13+00:00 NOTICE debug :: Order ID 273063 was processing and is now completed :: Array
(
    [new_order] => 
    [tracking] => 
)

2020-10-20T03:21:14+00:00 NOTICE debug :: Order ID 273063 was pending and is now processing :: Array
(
    [new_order] => 1
    [tracking] => Array
        (
            [campaign_id] => 
            [landing_site] => https://www.hotshot.nz/
        )

)

2020-10-20T03:24:59+00:00 NOTICE order.member.updated :: Updated unnatipitlehra@gmail.com language to en
2020-10-20T03:24:59+00:00 NOTICE order_submit.success :: addStoreOrder :: #273063 :: email: unnatipitlehra@gmail.com
2020-10-20T04:23:21+00:00 NOTICE action_scheduler.queue_job :: MailChimp_WooCommerce_Single_Order starts in 90 seconds :: obj_id 273169
2020-10-20T04:24:56+00:00 NOTICE order_sumbit :: #273169 has a financial status of pending and was skipped.
2020-10-20T04:27:00+00:00 NOTICE action_scheduler.queue_job :: MailChimp_WooCommerce_Single_Order starts in 90 seconds :: obj_id 273169
2020-10-20T04:27:03+00:00 NOTICE debug :: Order ID 273169 was pending and is now processing :: Array
(
    [new_order] => 1
    [tracking] => Array
        (
            [campaign_id] => 
            [landing_site] => https://www.hotshot.nz/
        )

)

2020-10-20T04:28:49+00:00 NOTICE order_submit.success :: addStoreOrder :: #273169 :: email: amy@wonacott.com :: landing site https://www.hotshot.nz/
2020-10-20T06:11:24+00:00 NOTICE action_scheduler.queue_job :: MailChimp_WooCommerce_Cart_Update queued :: obj_id 309c646a110c1e0258b1ea132459e555
2020-10-20T06:12:15+00:00 NOTICE action_scheduler.queue_job :: MailChimp_WooCommerce_User_Submit queued :: obj_id 738
2020-10-20T06:12:15+00:00 NOTICE action_scheduler.queue_job :: MailChimp_WooCommerce_Single_Order starts in 90 seconds :: obj_id 273334
2020-10-20T06:12:29+00:00 NOTICE abandoned_cart.success :: email: taneranateocyrus@gmail.com :: checkout_url: https://www.hotshot.nz/checkout/?mc_cart_id=309c646a110c1e0258b1ea132459e555
2020-10-20T06:12:31+00:00 NOTICE cart.member.updated :: Updated taneranateocyrus@gmail.com language to en
2020-10-20T06:12:33+00:00 NOTICE member.sync :: Updated Member taneranateocyrus@gmail.com ( merge fields only ) :: Array
(
    [merge_fields] => Array
        (
            [FNAME] => Tui
            [LNAME] => Nathan
        )

)

2020-10-20T06:13:41+00:00 NOTICE debug :: Order ID 273334 was pending and is now failed :: Array
(
    [new_order] => 
    [tracking] => 
)

2020-10-20T06:15:22+00:00 NOTICE system.debug :: order 273334 is in failed status, and is being skipped for now.
2020-10-20T07:12:01+00:00 NOTICE action_scheduler.queue_job :: MailChimp_WooCommerce_User_Submit queued :: obj_id 743
2020-10-20T07:12:06+00:00 NOTICE action_scheduler.queue_job :: MailChimp_WooCommerce_Single_Order starts in 90 seconds :: obj_id 273429
2020-10-20T07:12:23+00:00 NOTICE member.sync :: Subscribed Member dterocks78@gmail.com :: Array
(
    [status_if_new] => 1
    [merge_fields] => Array
        (
            [FNAME] => Darren
            [LNAME] => Diamond
        )

)

2020-10-20T07:13:30+00:00 NOTICE debug :: Order ID 273429 was pending and is now failed :: Array
(
    [new_order] => 
    [tracking] => 
)

2020-10-20T07:15:59+00:00 NOTICE system.debug :: order 273429 is in failed status, and is being skipped for now.
2020-10-20T07:58:22+00:00 NOTICE action_scheduler.queue_job :: MailChimp_WooCommerce_Cart_Update queued :: obj_id 8302b6a1e6bdafadeebf478c485e37b0
2020-10-20T07:58:24+00:00 NOTICE abandoned_cart.success :: email: qwhenham77@gmail.com :: checkout_url: https://www.hotshot.nz/checkout/?mc_cart_id=8302b6a1e6bdafadeebf478c485e37b0
2020-10-20T07:58:25+00:00 NOTICE cart.member.updated :: Updated qwhenham77@gmail.com language to en
2020-10-20T09:00:33+00:00 NOTICE action_scheduler.queue_job :: MailChimp_WooCommerce_User_Submit queued :: obj_id 744
2020-10-20T09:00:37+00:00 NOTICE member.sync :: Subscribed Member anthonyandersen2016@outlook.co.nz :: Array
(
    [status_if_new] => 1
    [merge_fields] => Array
        (
            [FNAME] => Anthony
            [LNAME] => Andersen
        )

)

2020-10-20T09:00:39+00:00 NOTICE action_scheduler.queue_job :: MailChimp_WooCommerce_User_Submit queued :: obj_id 744
2020-10-20T09:00:40+00:00 NOTICE action_scheduler.queue_job :: MailChimp_WooCommerce_Single_Order starts in 90 seconds :: obj_id 273598
2020-10-20T09:02:42+00:00 NOTICE order_sumbit :: #273598 has a financial status of pending and was skipped.
2020-10-20T09:32:17+00:00 NOTICE action_scheduler.queue_job :: MailChimp_WooCommerce_Cart_Update queued :: obj_id ffa9a0adbf86d136af305bee1d02b35b
2020-10-20T09:32:23+00:00 NOTICE abandoned_cart.success :: email: hazimhamid@outlook.com :: checkout_url: https://www.hotshot.nz/checkout/?mc_cart_id=ffa9a0adbf86d136af305bee1d02b35b
2020-10-20T09:32:25+00:00 NOTICE cart.member.updated :: Updated hazimhamid@outlook.com language to en
2020-10-20T12:39:17+00:00 NOTICE action_scheduler.queue_job :: MailChimp_WooCommerce_Cart_Update queued :: obj_id 60ae7e0c80142f5aaca7c22499acc629
2020-10-20T12:39:21+00:00 NOTICE abandoned_cart.success :: email: adam.brcl21@gmail.com :: checkout_url: https://www.hotshot.nz/checkout/?mc_cart_id=60ae7e0c80142f5aaca7c22499acc629
2020-10-20T12:39:22+00:00 NOTICE cart.member.updated :: Updated adam.brcl21@gmail.com language to en
2020-10-20T12:40:46+00:00 NOTICE action_scheduler.queue_job :: MailChimp_WooCommerce_User_Submit queued :: obj_id 745
2020-10-20T12:40:49+00:00 NOTICE action_scheduler.queue_job :: MailChimp_WooCommerce_User_Submit queued :: obj_id 745
2020-10-20T12:40:49+00:00 NOTICE member.sync :: Updated Member adam.brcl21@gmail.com :: Array
(
    [previous_status] => transactional
    [status] => 1
    [merge_fields] => Array
        (
            [FNAME] => Adam
            [LNAME] => Barclay
        )

)

2020-10-20T12:40:50+00:00 NOTICE action_scheduler.queue_job :: MailChimp_WooCommerce_Single_Order starts in 90 seconds :: obj_id 273894
2020-10-20T12:43:06+00:00 NOTICE order_sumbit :: #273894 has a financial status of pending and was skipped.
2020-10-20T19:17:01+00:00 NOTICE action_scheduler.queue_job :: MailChimp_WooCommerce_User_Submit queued :: obj_id 746
2020-10-20T19:17:04+00:00 NOTICE action_scheduler.queue_job :: MailChimp_WooCommerce_Single_Order starts in 90 seconds :: obj_id 274382
2020-10-20T19:17:14+00:00 NOTICE member.sync :: Subscribed Member ggils1094@gmail.com :: Array
(
    [status_if_new] => 1
    [merge_fields] => Array
        (
            [FNAME] => Georgia
            [LNAME] => Giles
        )

)

2020-10-20T19:19:09+00:00 NOTICE order_sumbit :: #274382 has a financial status of pending and was skipped.
2020-10-20T20:29:08+00:00 NOTICE action_scheduler.queue_job :: MailChimp_WooCommerce_Cart_Update queued :: obj_id c84ef044acbe7fb9fb5b07d9661cc7f9
2020-10-20T20:29:29+00:00 NOTICE abandoned_cart.success :: email: sarahlfruean@gmail.com :: checkout_url: https://www.hotshot.nz/checkout/?mc_cart_id=c84ef044acbe7fb9fb5b07d9661cc7f9
2020-10-20T20:29:30+00:00 NOTICE cart.member.updated :: Updated sarahlfruean@gmail.com language to en
2020-10-20T20:29:35+00:00 NOTICE action_scheduler.queue_job :: MailChimp_WooCommerce_User_Submit queued :: obj_id 726
2020-10-20T20:29:36+00:00 NOTICE action_scheduler.queue_job :: MailChimp_WooCommerce_Single_Order starts in 90 seconds :: obj_id 274491
2020-10-20T20:29:43+00:00 NOTICE member.sync :: Updated Member Sarahlfruean@gmail.com ( merge fields only ) :: Array
(
    [merge_fields] => Array
        (
            [FNAME] => Sarah
            [LNAME] => Fruean
        )

)

2020-10-20T20:30:08+00:00 NOTICE debug :: Order ID 274491 was pending and is now processing :: Array
(
    [new_order] => 1
    [tracking] => Array
        (
            [campaign_id] => 
            [landing_site] => https://www.hotshot.nz/
        )

)

2020-10-20T20:30:52+00:00 NOTICE action_scheduler.queue_job :: MailChimp_WooCommerce_User_Submit queued :: obj_id 726
2020-10-20T20:30:53+00:00 NOTICE member.sync :: Updated Member Sarahlfruean@gmail.com ( merge fields only ) :: Array
(
    [merge_fields] => Array
        (
            [FNAME] => Sarah
            [LNAME] => Fruean
        )

)

2020-10-20T20:30:56+00:00 NOTICE debug :: Order ID 274491 was processing and is now completed :: Array
(
    [new_order] => 
    [tracking] => 
)

2020-10-20T20:32:35+00:00 NOTICE order.member.updated :: Updated Sarahlfruean@gmail.com language to en
2020-10-20T20:32:35+00:00 NOTICE order_submit.success :: addStoreOrder :: #274491 :: email: Sarahlfruean@gmail.com :: landing site https://www.hotshot.nz/ :: abandoned cart deleted [c84ef044acbe7fb9fb5b07d9661cc7f9]
2020-10-20T20:45:08+00:00 NOTICE action_scheduler.queue_job :: MailChimp_WooCommerce_Single_Order starts in 90 seconds :: obj_id 274539
2020-10-20T20:45:14+00:00 NOTICE debug :: Order ID 274539 was processing and is now completed :: Array
(
    [new_order] => 
    [tracking] => 
)

2020-10-20T20:45:15+00:00 NOTICE debug :: Order ID 274539 was pending and is now processing :: Array
(
    [new_order] => 1
    [tracking] => Array
        (
            [campaign_id] => 
            [landing_site] => https://www.hotshot.nz/wp-admin/admin-ajax.php
        )

)

2020-10-20T20:46:46+00:00 NOTICE order.member.updated :: Updated bnvickery@gmail.com language to en
2020-10-20T20:46:46+00:00 NOTICE order_submit.success :: addStoreOrder :: #274539 :: email: bnvickery@gmail.com :: landing site https://www.hotshot.nz/wp-admin/admin-ajax.php
2020-10-20T21:38:55+00:00 NOTICE action_scheduler.queue_job :: MailChimp_WooCommerce_Single_Order starts in 90 seconds :: obj_id 274628
2020-10-20T21:39:00+00:00 NOTICE action_scheduler.queue_job :: MailChimp_WooCommerce_User_Submit queued :: obj_id 187
2020-10-20T21:39:02+00:00 NOTICE debug :: Order ID 274628 was processing and is now completed :: Array
(
    [new_order] => 
    [tracking] => 
)

2020-10-20T21:39:02+00:00 NOTICE debug :: Order ID 274628 was pending and is now processing :: Array
(
    [new_order] => 1
    [tracking] => Array
        (
            [campaign_id] => 
            [landing_site] => 
        )

)

2020-10-20T21:39:07+00:00 NOTICE member.sync :: Updated Member dan.abalo22@gmail.com ( merge fields only ) :: Array
(
    [merge_fields] => Array
        (
            [FNAME] => Danilo
            [LNAME] => Abalo
        )

)

2020-10-20T21:41:07+00:00 NOTICE order.member.updated :: Updated dan.abalo22@gmail.com language to en
2020-10-20T21:41:07+00:00 NOTICE order_submit.success :: addStoreOrder :: #274628 :: email: dan.abalo22@gmail.com
2020-10-20T22:00:29+00:00 NOTICE action_scheduler.queue_job :: MailChimp_WooCommerce_Single_Order starts in 90 seconds :: obj_id 274660
2020-10-20T22:00:33+00:00 NOTICE action_scheduler.queue_job :: MailChimp_WooCommerce_User_Submit queued :: obj_id 635
2020-10-20T22:00:35+00:00 NOTICE debug :: Order ID 274660 was processing and is now completed :: Array
(
    [new_order] => 
    [tracking] => 
)

2020-10-20T22:00:35+00:00 NOTICE debug :: Order ID 274660 was pending and is now processing :: Array
(
    [new_order] => 1
    [tracking] => Array
        (
            [campaign_id] => 
            [landing_site] => https://www.hotshot.nz/packages/
        )

)

2020-10-20T22:00:39+00:00 NOTICE member.sync :: Updated Member hadleyb@gmail.com ( merge fields only ) :: Array
(
    [merge_fields] => Array
        (
            [FNAME] => Hadley
            [LNAME] => Bellam
        )

)

2020-10-20T22:02:13+00:00 NOTICE order.member.updated :: Updated hadleyb@gmail.com language to en
2020-10-20T22:02:13+00:00 NOTICE order_submit.success :: addStoreOrder :: #274660 :: email: hadleyb@gmail.com
2020-10-20T22:17:04+00:00 NOTICE action_scheduler.queue_job :: MailChimp_WooCommerce_Single_Order starts in 90 seconds :: obj_id 274682
2020-10-20T22:17:10+00:00 NOTICE debug :: Order ID 274682 was processing and is now completed :: Array
(
    [new_order] => 
    [tracking] => 
)

2020-10-20T22:17:11+00:00 NOTICE debug :: Order ID 274682 was pending and is now processing :: Array
(
    [new_order] => 1
    [tracking] => Array
        (
            [campaign_id] => 
            [landing_site] => https://www.hotshot.nz/
        )

)

2020-10-20T22:19:30+00:00 NOTICE order.member.updated :: Updated rorymcpherson45@gmail.com language to en
2020-10-20T22:19:30+00:00 NOTICE order_submit.success :: addStoreOrder :: #274682 :: email: rorymcpherson45@gmail.com
2020-10-20T22:33:18+00:00 NOTICE action_scheduler.queue_job :: MailChimp_WooCommerce_Cart_Update queued :: obj_id 4901b7972479c9db685b04c0b3ab55b3
2020-10-20T22:35:18+00:00 NOTICE abandoned_cart.success :: email: kosoropati@outlook.com :: checkout_url: https://www.hotshot.nz/checkout/?mc_cart_id=4901b7972479c9db685b04c0b3ab55b3
2020-10-20T22:35:19+00:00 NOTICE cart.member.updated :: Updated kosoropati@outlook.com language to en
2020-10-20T23:09:46+00:00 NOTICE action_scheduler.queue_job :: MailChimp_WooCommerce_User_Submit queued :: obj_id 747
2020-10-20T23:09:49+00:00 NOTICE action_scheduler.queue_job :: MailChimp_WooCommerce_Single_Order starts in 90 seconds :: obj_id 274758
2020-10-20T23:09:51+00:00 NOTICE member.sync :: Updated Member kosoropati@outlook.com :: Array
(
    [previous_status] => transactional
    [status] => 1
    [merge_fields] => Array
        (
            [FNAME] => Pene
            [LNAME] => Tualaulelei
        )

)

2020-10-20T23:13:03+00:00 NOTICE order_sumbit :: #274758 has a financial status of pending and was skipped.
