2020-07-22T04:32:42+00:00 NOTICE action_scheduler.queue_job :: MailChimp_WooCommerce_Cart_Update queued :: obj_id 5edda6978bcc7bb26d6ed1839baed6c7
2020-07-22T04:32:54+00:00 NOTICE abandoned_cart.success :: email: nicolejade1@hotmail.com :: checkout_url: https://www.hotshot.nz/checkout/?mc_cart_id=5edda6978bcc7bb26d6ed1839baed6c7
2020-07-22T04:32:55+00:00 NOTICE cart.member.updated :: Updated nicolejade1@hotmail.com language to en
2020-07-22T04:33:06+00:00 NOTICE action_scheduler.queue_job :: MailChimp_WooCommerce_Single_Order starts in 90 seconds :: obj_id 96660
2020-07-22T04:34:01+00:00 NOTICE action_scheduler.queue_job :: MailChimp_WooCommerce_Single_Order starts in 90 seconds :: obj_id 81896
2020-07-22T04:34:04+00:00 NOTICE action_scheduler.queue_job :: MailChimp_WooCommerce_User_Submit queued :: obj_id 398
2020-07-22T04:34:05+00:00 NOTICE debug :: Order ID 81896 was processing and is now completed :: Array
(
    [new_order] => 
    [tracking] => 
)

2020-07-22T04:34:05+00:00 NOTICE debug :: Order ID 81896 was pending and is now processing :: Array
(
    [new_order] => 1
    [tracking] => Array
        (
            [campaign_id] => 
            [landing_site] => 
        )

)

2020-07-22T04:34:32+00:00 NOTICE debug :: Order ID 96660 was pending and is now processing :: Array
(
    [new_order] => 1
    [tracking] => Array
        (
            [campaign_id] => 
            [landing_site] => https://www.hotshot.nz/
        )

)

2020-07-22T04:34:48+00:00 NOTICE member.sync :: Updated Member Nicolejade1@hotmail.com ( merge fields only ) :: Array
(
    [merge_fields] => Array
        (
            [FNAME] => Jordan
            [LNAME] => Fenerty
        )

)

2020-07-22T04:36:12+00:00 NOTICE order_submit.success :: addStoreOrder :: #81896 :: email: Nicolejade1@hotmail.com :: abandoned cart deleted [5edda6978bcc7bb26d6ed1839baed6c7]
2020-07-22T04:36:16+00:00 NOTICE order.member.updated :: Updated renurazmeen@gmail.com language to en
2020-07-22T04:36:16+00:00 NOTICE order_submit.success :: addStoreOrder :: #96660 :: email: renurazmeen@gmail.com :: landing site https://www.hotshot.nz/
2020-07-22T05:19:26+00:00 NOTICE action_scheduler.queue_job :: MailChimp_WooCommerce_Cart_Update queued :: obj_id 3f5c740ef91c511087268cf06a199ca4
2020-07-22T05:19:52+00:00 NOTICE abandoned_cart.success :: email: adamapemberton@gmail.com :: checkout_url: https://www.hotshot.nz/checkout/?mc_cart_id=3f5c740ef91c511087268cf06a199ca4
2020-07-22T05:19:53+00:00 NOTICE cart.member.updated :: Updated adamapemberton@gmail.com language to en
2020-07-22T05:20:17+00:00 NOTICE action_scheduler.queue_job :: MailChimp_WooCommerce_Single_Order starts in 90 seconds :: obj_id 66898
2020-07-22T05:20:19+00:00 NOTICE action_scheduler.queue_job :: MailChimp_WooCommerce_User_Submit queued :: obj_id 317
2020-07-22T05:20:20+00:00 NOTICE debug :: Order ID 66898 was processing and is now completed :: Array
(
    [new_order] => 
    [tracking] => 
)

2020-07-22T05:20:20+00:00 NOTICE debug :: Order ID 66898 was pending and is now processing :: Array
(
    [new_order] => 1
    [tracking] => Array
        (
            [campaign_id] => 
            [landing_site] => 
        )

)

2020-07-22T05:21:15+00:00 NOTICE member.sync :: Updated Member adamapemberton@gmail.com :: Array
(
    [previous_status] => transactional
    [status] => 1
    [merge_fields] => Array
        (
            [FNAME] => Adam
            [LNAME] => Pemberton
        )

)

2020-07-22T05:22:47+00:00 NOTICE action_scheduler.queue_job :: MailChimp_WooCommerce_Cart_Update queued :: obj_id 3f5c740ef91c511087268cf06a199ca4
2020-07-22T05:22:55+00:00 NOTICE order_submit.success :: addStoreOrder :: #66898 :: email: adamapemberton@gmail.com
2020-07-22T05:22:56+00:00 NOTICE abandoned_cart.success :: email: adamapemberton@gmail.com :: checkout_url: https://www.hotshot.nz/checkout/?mc_cart_id=3f5c740ef91c511087268cf06a199ca4
2020-07-22T20:55:44+00:00 NOTICE action_scheduler.queue_job :: MailChimp_WooCommerce_User_Submit queued :: obj_id 516
2020-07-22T20:55:46+00:00 NOTICE action_scheduler.queue_job :: MailChimp_WooCommerce_User_Submit queued :: obj_id 516
2020-07-22T20:55:47+00:00 NOTICE action_scheduler.queue_job :: MailChimp_WooCommerce_Single_Order starts in 90 seconds :: obj_id 97453
2020-07-22T20:55:48+00:00 NOTICE member.sync :: Subscribed Member fagancampbell13@gmail.com :: Array
(
    [status_if_new] => 1
    [merge_fields] => Array
        (
            [FNAME] => Fagan
            [LNAME] => Campbell
        )

)

2020-07-22T20:58:12+00:00 NOTICE order_sumbit :: #97453 has a financial status of pending and was skipped.
2020-07-22T21:08:51+00:00 NOTICE action_scheduler.queue_job :: MailChimp_WooCommerce_Single_Order starts in 90 seconds :: obj_id 97475
2020-07-22T21:08:55+00:00 NOTICE debug :: Order ID 97475 was processing and is now completed :: Array
(
    [new_order] => 
    [tracking] => 
)

2020-07-22T21:08:55+00:00 NOTICE debug :: Order ID 97475 was pending and is now processing :: Array
(
    [new_order] => 1
    [tracking] => Array
        (
            [campaign_id] => 
            [landing_site] => 
        )

)

2020-07-22T21:15:25+00:00 NOTICE order.member.updated :: Updated redpianotom@gmail.com language to en
2020-07-22T21:15:25+00:00 NOTICE order_submit.success :: addStoreOrder :: #97475 :: email: redpianotom@gmail.com
