2020-07-12T01:05:02+00:00 NOTICE action_scheduler.queue_job :: MailChimp_WooCommerce_Single_Order starts in 90 seconds :: obj_id 82072
2020-07-12T01:05:07+00:00 NOTICE debug :: Order ID 82072 was processing and is now completed :: Array
(
    [new_order] => 
    [tracking] => 
)

2020-07-12T01:05:08+00:00 NOTICE debug :: Order ID 82072 was pending and is now processing :: Array
(
    [new_order] => 1
    [tracking] => Array
        (
            [campaign_id] => 
            [landing_site] => 
        )

)

2020-07-12T01:07:25+00:00 NOTICE order.member.updated :: Updated fawaz.rec@gmail.com language to en
2020-07-12T01:07:25+00:00 NOTICE order_submit.success :: addStoreOrder :: #82072 :: email: fawaz.rec@gmail.com
2020-07-12T20:39:29+00:00 NOTICE action_scheduler.queue_job :: MailChimp_WooCommerce_User_Submit queued :: obj_id 496
2020-07-12T20:39:32+00:00 NOTICE action_scheduler.queue_job :: MailChimp_WooCommerce_Single_Order starts in 90 seconds :: obj_id 82831
2020-07-12T20:39:50+00:00 NOTICE member.sync :: Subscribed Member aronwatts305@gmail.com :: Array
(
    [status_if_new] => 1
    [merge_fields] => Array
        (
            [FNAME] => Aron
            [LNAME] => Watts
        )

)

2020-07-12T20:39:57+00:00 NOTICE debug :: Order ID 82831 was pending and is now failed :: Array
(
    [new_order] => 
    [tracking] => 
)

2020-07-12T20:41:34+00:00 NOTICE system.debug :: order 82831 is in failed status, and is being skipped for now.
2020-07-12T21:15:32+00:00 NOTICE action_scheduler.queue_job :: MailChimp_WooCommerce_Single_Order starts in 90 seconds :: obj_id 82996
2020-07-12T21:15:37+00:00 NOTICE debug :: Order ID 82996 was processing and is now completed :: Array
(
    [new_order] => 
    [tracking] => 
)

2020-07-12T21:15:37+00:00 NOTICE debug :: Order ID 82996 was pending and is now processing :: Array
(
    [new_order] => 1
    [tracking] => Array
        (
            [campaign_id] => 
            [landing_site] => https://www.hotshot.nz/wp-json/wp/v2/users/me?context=edit&_locale=user
        )

)

2020-07-12T21:17:11+00:00 NOTICE order.member.updated :: Updated darrylswallis@gmail.com language to en
2020-07-12T21:17:11+00:00 NOTICE order_submit.success :: addStoreOrder :: #82996 :: email: darrylswallis@gmail.com :: landing site https://www.hotshot.nz/wp-json/wp/v2/users/me?context=edit&_locale=user
2020-07-12T22:38:54+00:00 NOTICE action_scheduler.queue_job :: MailChimp_WooCommerce_Single_Order starts in 90 seconds :: obj_id 83363
2020-07-12T22:39:00+00:00 NOTICE debug :: Order ID 83363 was processing and is now completed :: Array
(
    [new_order] => 
    [tracking] => 
)

2020-07-12T22:39:00+00:00 NOTICE debug :: Order ID 83363 was pending and is now processing :: Array
(
    [new_order] => 1
    [tracking] => Array
        (
            [campaign_id] => 
            [landing_site] => 
        )

)

2020-07-12T22:40:30+00:00 NOTICE order.member.updated :: Updated seangrinding@gmail.com language to en
2020-07-12T22:40:30+00:00 NOTICE order_submit.success :: addStoreOrder :: #83363 :: email: seangrinding@gmail.com
2020-07-12T22:56:07+00:00 NOTICE action_scheduler.queue_job :: MailChimp_WooCommerce_User_Submit queued :: obj_id 497
2020-07-12T22:56:10+00:00 NOTICE action_scheduler.queue_job :: MailChimp_WooCommerce_Single_Order starts in 90 seconds :: obj_id 83452
2020-07-12T22:56:57+00:00 NOTICE member.sync :: Subscribed Member samuel95mcdonald@gmail.com :: Array
(
    [status_if_new] => 1
    [merge_fields] => Array
        (
            [FNAME] => Samuel
            [LNAME] => McDonald
        )

)

2020-07-12T23:01:36+00:00 NOTICE order_sumbit :: #83452 has a financial status of pending and was skipped.
