2020-08-04T01:56:30+00:00 NOTICE action_scheduler.queue_job :: MailChimp_WooCommerce_User_Submit queued :: obj_id 543
2020-08-04T01:56:33+00:00 NOTICE action_scheduler.queue_job :: MailChimp_WooCommerce_Single_Order starts in 90 seconds :: obj_id 126918
2020-08-04T01:56:55+00:00 NOTICE debug :: Order ID 126918 was pending and is now failed :: Array
(
    [new_order] => 
    [tracking] => 
)

2020-08-04T01:58:43+00:00 NOTICE member.sync :: Subscribed Member kelly_lily09@hotmail.com :: Array
(
    [status_if_new] => 1
    [merge_fields] => Array
        (
            [FNAME] => Kelly
            [LNAME] => Donald
        )

)

2020-08-04T01:58:43+00:00 NOTICE system.debug :: order 126918 is in failed status, and is being skipped for now.
2020-08-04T03:09:36+00:00 NOTICE action_scheduler.queue_job :: MailChimp_WooCommerce_Single_Order starts in 90 seconds :: obj_id 127063
2020-08-04T03:11:13+00:00 NOTICE order_sumbit :: #127063 has a financial status of pending and was skipped.
2020-08-04T03:13:35+00:00 NOTICE action_scheduler.queue_job :: MailChimp_WooCommerce_User_Submit queued :: obj_id 369
2020-08-04T03:13:38+00:00 NOTICE debug :: Order ID 123270 was processing and is now completed :: Array
(
    [new_order] => 
    [tracking] => 
)

2020-08-04T03:13:38+00:00 NOTICE action_scheduler.queue_job :: MailChimp_WooCommerce_Single_Order starts in 90 seconds :: obj_id 123270
2020-08-04T03:13:38+00:00 NOTICE debug :: Order ID 123270 was pending and is now processing :: Array
(
    [new_order] => 1
    [tracking] => Array
        (
            [campaign_id] => 
            [landing_site] => 
        )

)

2020-08-04T03:14:17+00:00 NOTICE member.sync :: Updated Member porky351@gmail.com ( merge fields only ) :: Array
(
    [merge_fields] => Array
        (
            [FNAME] => sueann
            [LNAME] => bartley
        )

)

2020-08-04T03:15:19+00:00 NOTICE order_submit.success :: addStoreOrder :: #123270 :: email: porky351@gmail.com
2020-08-04T03:21:45+00:00 NOTICE action_scheduler.queue_job :: MailChimp_WooCommerce_Single_Order starts in 90 seconds :: obj_id 102370
2020-08-04T03:23:44+00:00 NOTICE order_sumbit :: #102370 has a financial status of pending and was skipped.
2020-08-04T07:22:52+00:00 NOTICE action_scheduler.queue_job :: MailChimp_WooCommerce_Cart_Update queued :: obj_id 19b4fb00f4e9c06a7aedebb8ef675355
2020-08-04T07:22:53+00:00 NOTICE abandoned_cart.success :: email: weediekiwi@gmail.com :: checkout_url: https://www.hotshot.nz/checkout/?mc_cart_id=19b4fb00f4e9c06a7aedebb8ef675355
2020-08-04T07:22:54+00:00 NOTICE cart.member.updated :: Updated weediekiwi@gmail.com language to en
2020-08-04T07:26:23+00:00 NOTICE action_scheduler.queue_job :: MailChimp_WooCommerce_Cart_Update queued :: obj_id 19b4fb00f4e9c06a7aedebb8ef675355
2020-08-04T07:26:25+00:00 NOTICE abandoned_cart.success :: email: weediekiwi@gmail.com :: checkout_url: https://www.hotshot.nz/checkout/?mc_cart_id=19b4fb00f4e9c06a7aedebb8ef675355
2020-08-04T07:27:02+00:00 NOTICE action_scheduler.queue_job :: MailChimp_WooCommerce_Cart_Update queued :: obj_id 19b4fb00f4e9c06a7aedebb8ef675355
2020-08-04T07:27:19+00:00 NOTICE abandoned_cart.success :: email: weediekiwi@gmail.com :: checkout_url: https://www.hotshot.nz/checkout/?mc_cart_id=19b4fb00f4e9c06a7aedebb8ef675355
2020-08-04T07:27:32+00:00 NOTICE action_scheduler.queue_job :: MailChimp_WooCommerce_User_Submit queued :: obj_id 382
2020-08-04T07:27:32+00:00 NOTICE action_scheduler.queue_job :: MailChimp_WooCommerce_Single_Order starts in 90 seconds :: obj_id 127418
2020-08-04T07:28:14+00:00 NOTICE member.sync :: Updated Member weediekiwi@gmail.com ( merge fields only ) :: Array
(
    [merge_fields] => Array
        (
            [FNAME] => Natalie
            [LNAME] => Haynes
        )

)

2020-08-04T07:30:17+00:00 NOTICE debug :: Order ID 127418 was pending and is now failed :: Array
(
    [new_order] => 
    [tracking] => 
)

2020-08-04T07:31:49+00:00 NOTICE system.debug :: order 127418 is in failed status, and is being skipped for now.
2020-08-04T14:09:29+00:00 NOTICE action_scheduler.queue_job :: MailChimp_WooCommerce_User_Submit queued :: obj_id 546
2020-08-04T14:09:31+00:00 NOTICE action_scheduler.queue_job :: MailChimp_WooCommerce_User_Submit queued :: obj_id 546
2020-08-04T14:09:32+00:00 NOTICE action_scheduler.queue_job :: MailChimp_WooCommerce_Single_Order starts in 90 seconds :: obj_id 127763
2020-08-04T14:09:32+00:00 NOTICE member.sync :: Subscribed Member makeretekira1@gmail.com :: Array
(
    [status_if_new] => 1
    [merge_fields] => Array
        (
            [FNAME] => Makere
            [LNAME] => Te Kira
        )

)

2020-08-04T14:11:10+00:00 NOTICE order_sumbit :: #127763 has a financial status of pending and was skipped.
2020-08-04T15:40:34+00:00 NOTICE action_scheduler.queue_job :: MailChimp_WooCommerce_User_Submit queued :: obj_id 547
2020-08-04T15:40:36+00:00 NOTICE action_scheduler.queue_job :: MailChimp_WooCommerce_User_Submit queued :: obj_id 547
2020-08-04T15:40:37+00:00 NOTICE action_scheduler.queue_job :: MailChimp_WooCommerce_Single_Order starts in 90 seconds :: obj_id 127829
2020-08-04T15:40:38+00:00 NOTICE member.sync :: Subscribed Member luanalakin.ioane@gmail.com :: Array
(
    [status_if_new] => 1
    [merge_fields] => Array
        (
            [FNAME] => Laykin
            [LNAME] => Ioane
        )

)

2020-08-04T15:43:12+00:00 NOTICE order_sumbit :: #127829 has a financial status of pending and was skipped.
2020-08-04T17:09:23+00:00 NOTICE action_scheduler.queue_job :: MailChimp_WooCommerce_User_Submit queued :: obj_id 548
2020-08-04T17:09:25+00:00 NOTICE action_scheduler.queue_job :: MailChimp_WooCommerce_User_Submit queued :: obj_id 548
2020-08-04T17:09:26+00:00 NOTICE action_scheduler.queue_job :: MailChimp_WooCommerce_Single_Order starts in 90 seconds :: obj_id 127896
2020-08-04T17:09:27+00:00 NOTICE member.sync :: Subscribed Member tonimanutuatagaloa@gmail.com :: Array
(
    [status_if_new] => 1
    [merge_fields] => Array
        (
            [FNAME] => Tonimanu Lui
            [LNAME] => Tuatagaloa
        )

)

2020-08-04T17:10:35+00:00 NOTICE debug :: Order ID 127896 was pending and is now failed :: Array
(
    [new_order] => 
    [tracking] => 
)

2020-08-04T17:13:27+00:00 NOTICE system.debug :: order 127896 is in failed status, and is being skipped for now.
2020-08-04T21:56:23+00:00 NOTICE action_scheduler.queue_job :: MailChimp_WooCommerce_Single_Order starts in 90 seconds :: obj_id 128527
2020-08-04T21:56:30+00:00 NOTICE debug :: Order ID 128527 was processing and is now completed :: Array
(
    [new_order] => 
    [tracking] => 
)

2020-08-04T21:56:30+00:00 NOTICE debug :: Order ID 128527 was pending and is now processing :: Array
(
    [new_order] => 1
    [tracking] => Array
        (
            [campaign_id] => 
            [landing_site] => https://www.hotshot.nz/wp-json/wc/v4/reports/orders?page=1&per_page=0&status_is[0]=processing&status_is[1]=on-hold&_locale=user
        )

)

2020-08-04T21:56:31+00:00 NOTICE action_scheduler.queue_job :: MailChimp_WooCommerce_Single_Order starts in 90 seconds :: obj_id 128536
2020-08-04T21:56:38+00:00 NOTICE debug :: Order ID 128536 was processing and is now completed :: Array
(
    [new_order] => 
    [tracking] => 
)

2020-08-04T21:56:38+00:00 NOTICE debug :: Order ID 128536 was pending and is now processing :: Array
(
    [new_order] => 1
    [tracking] => Array
        (
            [campaign_id] => 
            [landing_site] => https://www.hotshot.nz/wp-json/wc/v4/reports/orders?page=1&per_page=0&status_is[0]=processing&status_is[1]=on-hold&_locale=user
        )

)

2020-08-04T21:58:19+00:00 NOTICE order.member.updated :: Updated andrew.morgan77@protonmail.com language to en
2020-08-04T21:58:19+00:00 NOTICE order_submit.success :: addStoreOrder :: #128527 :: email: andrew.morgan77@protonmail.com :: landing site https://www.hotshot.nz/wp-json/wc/v4/reports/orders?page=1&per_page=0&status_is[0]=processing&status_is[1]=on-hold&_locale=user
2020-08-04T21:58:23+00:00 NOTICE order.member.updated :: Updated harveymorison@gmail.com language to en
2020-08-04T21:58:23+00:00 NOTICE order_submit.success :: addStoreOrder :: #128536 :: email: harveymorison@gmail.com :: landing site https://www.hotshot.nz/wp-json/wc/v4/reports/orders?page=1&per_page=0&status_is[0]=processing&status_is[1]=on-hold&_locale=user
2020-08-04T22:14:00+00:00 NOTICE action_scheduler.queue_job :: MailChimp_WooCommerce_User_Submit queued :: obj_id 524
2020-08-04T22:14:05+00:00 NOTICE debug :: Order ID 102921 was processing and is now completed :: Array
(
    [new_order] => 
    [tracking] => 
)

2020-08-04T22:14:05+00:00 NOTICE action_scheduler.queue_job :: MailChimp_WooCommerce_Single_Order starts in 90 seconds :: obj_id 102921
2020-08-04T22:14:21+00:00 NOTICE member.sync :: Updated Member ebattarbee@gmail.com ( merge fields only ) :: Array
(
    [merge_fields] => Array
        (
            [FNAME] => Emma
            [LNAME] => Battarbee
        )

)

2020-08-04T22:16:27+00:00 NOTICE order_submit.success :: updateStoreOrder :: #102921 :: email: ebattarbee@gmail.com :: abandoned cart deleted [6ec4861827b52db88bae7485a28da78b]
2020-08-04T22:19:49+00:00 NOTICE action_scheduler.queue_job :: MailChimp_WooCommerce_User_Submit queued :: obj_id 520
2020-08-04T22:19:52+00:00 NOTICE debug :: Order ID 99306 was processing and is now completed :: Array
(
    [new_order] => 
    [tracking] => 
)

2020-08-04T22:19:52+00:00 NOTICE action_scheduler.queue_job :: MailChimp_WooCommerce_Single_Order starts in 90 seconds :: obj_id 99306
2020-08-04T22:22:03+00:00 NOTICE member.sync :: Updated Member mikaelatahau@gmail.com ( merge fields only ) :: Array
(
    [merge_fields] => Array
        (
            [FNAME] => Mikaela
            [LNAME] => Tahau
        )

)

2020-08-04T22:22:06+00:00 NOTICE order_submit.success :: updateStoreOrder :: #99306 :: email: mikaelatahau@gmail.com
