2020-09-23T00:59:17+00:00 NOTICE action_scheduler.queue_job :: MailChimp_WooCommerce_Cart_Update queued :: obj_id 5f7009884e6453b956aded6b0d05ca62
2020-09-23T00:59:21+00:00 NOTICE abandoned_cart.success :: email: raynapaul53@gmail.com :: checkout_url: https://www.hotshot.nz/checkout/?mc_cart_id=5f7009884e6453b956aded6b0d05ca62
2020-09-23T00:59:22+00:00 NOTICE cart.member.updated :: Updated raynapaul53@gmail.com language to en
2020-09-23T00:59:40+00:00 NOTICE action_scheduler.queue_job :: MailChimp_WooCommerce_User_Submit queued :: obj_id 671
2020-09-23T00:59:43+00:00 NOTICE action_scheduler.queue_job :: MailChimp_WooCommerce_Single_Order starts in 90 seconds :: obj_id 227073
2020-09-23T00:59:44+00:00 NOTICE member.sync :: Updated Member raynapaul53@gmail.com :: Array
(
    [previous_status] => transactional
    [status] => 1
    [merge_fields] => Array
        (
            [FNAME] => Rayna
            [LNAME] => Paul
        )

)

2020-09-23T01:01:21+00:00 NOTICE order_sumbit :: #227073 has a financial status of pending and was skipped.
2020-09-23T01:34:41+00:00 NOTICE action_scheduler.queue_job :: MailChimp_WooCommerce_Single_Order starts in 90 seconds :: obj_id 217823
2020-09-23T01:37:06+00:00 NOTICE order_sumbit :: #217823 has a financial status of pending and was skipped.
2020-09-23T03:25:06+00:00 NOTICE action_scheduler.queue_job :: MailChimp_WooCommerce_Cart_Update queued :: obj_id 67f6edb80061714b95b17e8e6a0957ac
2020-09-23T03:26:54+00:00 NOTICE abandoned_cart.success :: email: toartema@gmail.com :: checkout_url: https://www.hotshot.nz/checkout/?mc_cart_id=67f6edb80061714b95b17e8e6a0957ac
2020-09-23T03:26:55+00:00 NOTICE cart.member.updated :: Updated toartema@gmail.com language to en
2020-09-23T06:51:44+00:00 NOTICE action_scheduler.queue_job :: MailChimp_WooCommerce_Cart_Update queued :: obj_id c669b2887c0f323df8d63ba563ab71a0
2020-09-23T06:51:46+00:00 NOTICE abandoned_cart.success :: email: liamreich7n7@gmail.com :: checkout_url: https://www.hotshot.nz/checkout/?mc_cart_id=c669b2887c0f323df8d63ba563ab71a0
2020-09-23T06:51:46+00:00 NOTICE cart.member.updated :: Updated liamreich7n7@gmail.com language to en
2020-09-23T06:52:19+00:00 NOTICE action_scheduler.queue_job :: MailChimp_WooCommerce_User_Submit queued :: obj_id 186
2020-09-23T06:54:04+00:00 NOTICE action_scheduler.queue_job :: MailChimp_WooCommerce_Single_Order starts in 90 seconds :: obj_id 217823
2020-09-23T06:54:09+00:00 NOTICE debug :: Order ID 217823 was processing and is now completed :: Array
(
    [new_order] => 
    [tracking] => 
)

2020-09-23T06:54:09+00:00 NOTICE debug :: Order ID 217823 was pending and is now processing :: Array
(
    [new_order] => 1
    [tracking] => Array
        (
            [campaign_id] => e52fbfb7eb
            [landing_site] => https://www.hotshot.nz/checkout/order-received/154327/?key=wc_order_OcYnt1JqIk27a
        )

)

2020-09-23T06:54:11+00:00 NOTICE member.sync :: Updated Member liamreich7n7@gmail.com ( merge fields only ) :: Array
(
    [merge_fields] => Array
        (
            [FNAME] => Michael
            [LNAME] => Canning
        )

)

2020-09-23T06:58:13+00:00 NOTICE order_submit.success :: addStoreOrder :: #217823 :: email: liamreich7n7@gmail.com :: campaign id e52fbfb7eb :: landing site https://www.hotshot.nz/checkout/order-received/154327/?key=wc_order_OcYnt1JqIk27a :: abandoned cart deleted [c669b2887c0f323df8d63ba563ab71a0]
2020-09-23T07:55:30+00:00 NOTICE action_scheduler.queue_job :: MailChimp_WooCommerce_Cart_Update queued :: obj_id 67f6edb80061714b95b17e8e6a0957ac
2020-09-23T07:57:16+00:00 NOTICE abandoned_cart.success :: email: toartema@gmail.com :: checkout_url: https://www.hotshot.nz/checkout/?mc_cart_id=67f6edb80061714b95b17e8e6a0957ac
2020-09-23T07:57:17+00:00 NOTICE cart.member.updated :: Updated toartema@gmail.com language to en
2020-09-23T10:51:02+00:00 NOTICE action_scheduler.queue_job :: MailChimp_WooCommerce_Single_Order starts in 90 seconds :: obj_id 227709
2020-09-23T10:53:43+00:00 NOTICE debug :: Order ID 227709 was pending and is now processing :: Array
(
    [new_order] => 1
    [tracking] => Array
        (
            [campaign_id] => 
            [landing_site] => https://www.hotshot.nz/
        )

)

2020-09-23T10:55:30+00:00 NOTICE order.member.updated :: Updated sharonxly@yahoo.com language to en
2020-09-23T10:55:30+00:00 NOTICE order_submit.success :: addStoreOrder :: #227709 :: email: sharonxly@yahoo.com :: landing site https://www.hotshot.nz/
2020-09-23T11:25:12+00:00 NOTICE action_scheduler.queue_job :: MailChimp_WooCommerce_Cart_Update queued :: obj_id 5bca5c03f90c56c5b42fca9335fcaa6b
2020-09-23T11:25:48+00:00 NOTICE action_scheduler.queue_job :: MailChimp_WooCommerce_Single_Order starts in 90 seconds :: obj_id 227757
2020-09-23T11:25:57+00:00 NOTICE debug :: Order ID 227757 was pending and is now failed :: Array
(
    [new_order] => 
    [tracking] => 
)

2020-09-23T11:26:30+00:00 NOTICE abandoned_cart.success :: email: sharonxly@yahoo.com :: checkout_url: https://www.hotshot.nz/checkout/?mc_cart_id=5bca5c03f90c56c5b42fca9335fcaa6b
2020-09-23T11:26:31+00:00 NOTICE cart.member.updated :: Updated sharonxly@yahoo.com language to en
2020-09-23T11:27:42+00:00 NOTICE system.debug :: order 227757 is in failed status, and is being skipped for now.
2020-09-23T21:39:03+00:00 NOTICE action_scheduler.queue_job :: MailChimp_WooCommerce_User_Submit queued :: obj_id 670
2020-09-23T21:39:09+00:00 NOTICE debug :: Order ID 226871 was processing and is now completed :: Array
(
    [new_order] => 
    [tracking] => 
)

2020-09-23T21:39:10+00:00 NOTICE action_scheduler.queue_job :: MailChimp_WooCommerce_Single_Order starts in 90 seconds :: obj_id 226871
2020-09-23T21:39:10+00:00 NOTICE member.sync :: Updated Member Tizneezy@gmail.com ( merge fields only ) :: Array
(
    [merge_fields] => Array
        (
            [FNAME] => Turirangi
            [LNAME] => Nepia
        )

)

2020-09-23T21:41:15+00:00 NOTICE order_submit.success :: updateStoreOrder :: #226871 :: email: Tizneezy@gmail.com
2020-09-23T22:41:40+00:00 NOTICE action_scheduler.queue_job :: MailChimp_WooCommerce_Single_Order starts in 90 seconds :: obj_id 228238
2020-09-23T22:41:48+00:00 NOTICE debug :: Order ID 228238 was processing and is now completed :: Array
(
    [new_order] => 
    [tracking] => 
)

2020-09-23T22:41:48+00:00 NOTICE debug :: Order ID 228238 was pending and is now processing :: Array
(
    [new_order] => 1
    [tracking] => Array
        (
            [campaign_id] => 
            [landing_site] => 
        )

)

2020-09-23T22:43:24+00:00 NOTICE order.member.updated :: Updated visserj@mailforce.net language to en
2020-09-23T22:43:24+00:00 NOTICE order_submit.success :: addStoreOrder :: #228238 :: email: visserj@mailforce.net
2020-09-23T23:39:31+00:00 NOTICE action_scheduler.queue_job :: MailChimp_WooCommerce_Single_Order starts in 90 seconds :: obj_id 228335
2020-09-23T23:39:38+00:00 NOTICE debug :: Order ID 228335 was processing and is now completed :: Array
(
    [new_order] => 
    [tracking] => 
)

2020-09-23T23:39:38+00:00 NOTICE debug :: Order ID 228335 was pending and is now processing :: Array
(
    [new_order] => 1
    [tracking] => Array
        (
            [campaign_id] => 
            [landing_site] => 
        )

)

2020-09-23T23:41:32+00:00 NOTICE order.member.updated :: Updated odonneluke@gmail.com language to en
2020-09-23T23:41:32+00:00 NOTICE order_submit.success :: addStoreOrder :: #228335 :: email: odonneluke@gmail.com
