2020-07-29T01:25:01+00:00 NOTICE action_scheduler.queue_job :: MailChimp_WooCommerce_Cart_Update queued :: obj_id e474d1a8edc92f19ed9ea4ec517efbd9
2020-07-29T01:25:06+00:00 NOTICE abandoned_cart.success :: email: t.heihei99@gmail.com :: checkout_url: https://www.hotshot.nz/checkout/?mc_cart_id=e474d1a8edc92f19ed9ea4ec517efbd9
2020-07-29T01:25:06+00:00 NOTICE cart.member.updated :: Updated t.heihei99@gmail.com language to en
2020-07-29T01:25:16+00:00 NOTICE action_scheduler.queue_job :: MailChimp_WooCommerce_User_Submit queued :: obj_id 527
2020-07-29T01:25:16+00:00 NOTICE action_scheduler.queue_job :: MailChimp_WooCommerce_Single_Order starts in 90 seconds :: obj_id 116092
2020-07-29T01:25:53+00:00 NOTICE member.sync :: Updated Member T.heihei99@gmail.com ( merge fields only ) :: Array
(
    [merge_fields] => Array
        (
            [FNAME] => Tyson
            [LNAME] => Heihei
        )

)

2020-07-29T01:27:04+00:00 NOTICE order_sumbit :: #116092 has a financial status of pending and was skipped.
2020-07-29T02:14:49+00:00 NOTICE action_scheduler.queue_job :: MailChimp_WooCommerce_User_Submit queued :: obj_id 530
2020-07-29T02:14:51+00:00 NOTICE action_scheduler.queue_job :: MailChimp_WooCommerce_Single_Order starts in 90 seconds :: obj_id 116166
2020-07-29T02:14:52+00:00 NOTICE member.sync :: Subscribed Member s_temperley90@outlook.com :: Array
(
    [status_if_new] => 1
    [merge_fields] => Array
        (
            [FNAME] => sheridan
            [LNAME] => temperley
        )

)

2020-07-29T02:16:39+00:00 NOTICE action_scheduler.queue_job :: MailChimp_WooCommerce_User_Submit queued :: obj_id 530
2020-07-29T02:16:53+00:00 NOTICE order_sumbit :: #116166 has a financial status of pending and was skipped.
2020-07-29T02:16:54+00:00 NOTICE member.sync :: Updated Member s_temperley90@outlook.com ( merge fields only ) :: Array
(
    [merge_fields] => Array
        (
            [FNAME] => sheridan
            [LNAME] => temperley
        )

)

2020-07-29T03:35:27+00:00 NOTICE debug :: Order ID 100344 was completed and is now refunded :: Array
(
    [new_order] => 
    [tracking] => 
)

2020-07-29T03:35:27+00:00 NOTICE action_scheduler.queue_job :: MailChimp_WooCommerce_Single_Order starts in 90 seconds :: obj_id 100344
2020-07-29T03:37:02+00:00 NOTICE order_submit.success :: updateStoreOrder :: #100344 :: email: rawatsunil44@gmail.com
2020-07-29T03:37:43+00:00 NOTICE action_scheduler.queue_job :: MailChimp_WooCommerce_Single_Order starts in 90 seconds :: obj_id 68285
2020-07-29T03:40:03+00:00 NOTICE order_sumbit :: #68285 has a financial status of pending and was skipped.
2020-07-29T03:51:21+00:00 NOTICE action_scheduler.queue_job :: MailChimp_WooCommerce_Single_Order starts in 90 seconds :: obj_id 71708
2020-07-29T03:53:37+00:00 NOTICE order_sumbit :: #71708 has a financial status of pending and was skipped.
2020-07-29T03:58:24+00:00 NOTICE action_scheduler.queue_job :: MailChimp_WooCommerce_User_Submit queued :: obj_id 531
2020-07-29T03:58:27+00:00 NOTICE member.sync :: Subscribed Member srhancy@gmail.com :: Array
(
    [status_if_new] => 1
    [merge_fields] => Array
        (
            [FNAME] => Micheal
            [LNAME] => Hancy
        )

)

2020-07-29T03:58:27+00:00 NOTICE action_scheduler.queue_job :: MailChimp_WooCommerce_Single_Order starts in 90 seconds :: obj_id 116375
2020-07-29T03:58:28+00:00 ERROR action_scheduler.process_job.fail :: Job MailChimp_WooCommerce_User_Submit not found at wp__mailchimp_jobs database table :: obj_id 531
2020-07-29T04:00:15+00:00 NOTICE order_sumbit :: #116375 has a financial status of pending and was skipped.
2020-07-29T04:35:42+00:00 NOTICE action_scheduler.queue_job :: MailChimp_WooCommerce_Single_Order starts in 90 seconds :: obj_id 85983
2020-07-29T04:38:06+00:00 NOTICE order_sumbit :: #85983 has a financial status of pending and was skipped.
2020-07-29T04:40:05+00:00 NOTICE action_scheduler.queue_job :: MailChimp_WooCommerce_Single_Order starts in 90 seconds :: obj_id 90610
2020-07-29T04:41:36+00:00 NOTICE order_sumbit :: #90610 has a financial status of pending and was skipped.
2020-07-29T04:48:49+00:00 NOTICE action_scheduler.queue_job :: MailChimp_WooCommerce_Single_Order starts in 90 seconds :: obj_id 102370
2020-07-29T04:50:22+00:00 NOTICE order_sumbit :: #102370 has a financial status of pending and was skipped.
2020-07-29T04:50:48+00:00 NOTICE debug :: Order ID 93405 was pending and is now completed :: Array
(
    [new_order] => 1
    [tracking] => Array
        (
            [campaign_id] => 
            [landing_site] => 
        )

)

2020-07-29T04:50:48+00:00 NOTICE action_scheduler.queue_job :: MailChimp_WooCommerce_Single_Order starts in 90 seconds :: obj_id 93405
2020-07-29T04:52:55+00:00 NOTICE order.member.updated :: Updated adam.baranyai@gmail.com language to en
2020-07-29T04:52:55+00:00 NOTICE order_submit.success :: addStoreOrder :: #93405 :: email: adam.baranyai@gmail.com
2020-07-29T15:06:16+00:00 NOTICE action_scheduler.queue_job :: MailChimp_WooCommerce_Single_Order starts in 90 seconds :: obj_id 117044
2020-07-29T15:06:40+00:00 NOTICE debug :: Order ID 117044 was pending and is now failed :: Array
(
    [new_order] => 
    [tracking] => 
)

2020-07-29T15:09:29+00:00 NOTICE system.debug :: order 117044 is in failed status, and is being skipped for now.
2020-07-29T20:32:36+00:00 NOTICE action_scheduler.queue_job :: MailChimp_WooCommerce_Cart_Update queued :: obj_id 300b31423dd2899bef4799fb3f9e7912
2020-07-29T20:34:51+00:00 NOTICE abandoned_cart.success :: email: williamhaarhoff@gmail.com :: checkout_url: https://www.hotshot.nz/checkout/?mc_cart_id=300b31423dd2899bef4799fb3f9e7912
2020-07-29T20:34:52+00:00 NOTICE cart.member.updated :: Updated williamhaarhoff@gmail.com language to en
2020-07-29T21:39:38+00:00 NOTICE action_scheduler.queue_job :: MailChimp_WooCommerce_User_Submit queued :: obj_id 533
2020-07-29T21:39:41+00:00 NOTICE action_scheduler.queue_job :: MailChimp_WooCommerce_Single_Order starts in 90 seconds :: obj_id 117340
2020-07-29T21:40:45+00:00 NOTICE debug :: Order ID 117340 was pending and is now failed :: Array
(
    [new_order] => 
    [tracking] => 
)

2020-07-29T21:40:48+00:00 NOTICE member.sync :: Subscribed Member laurakaal2928@gmail.com :: Array
(
    [status_if_new] => 1
    [merge_fields] => Array
        (
            [FNAME] => Laura
            [LNAME] => Kaal
        )

)

2020-07-29T21:42:26+00:00 NOTICE system.debug :: order 117340 is in failed status, and is being skipped for now.
2020-07-29T23:45:00+00:00 NOTICE debug :: Order ID 85983 was pending and is now completed :: Array
(
    [new_order] => 1
    [tracking] => Array
        (
            [campaign_id] => 
            [landing_site] => 
        )

)

2020-07-29T23:45:00+00:00 NOTICE action_scheduler.queue_job :: MailChimp_WooCommerce_Single_Order starts in 90 seconds :: obj_id 85983
2020-07-29T23:47:17+00:00 NOTICE order.member.updated :: Updated heidi_roseanne@msn.com language to en
2020-07-29T23:47:17+00:00 NOTICE order_submit.success :: addStoreOrder :: #85983 :: email: heidi_roseanne@msn.com
