2020-08-19T00:27:23+00:00 NOTICE action_scheduler.queue_job :: MailChimp_WooCommerce_User_Submit queued :: obj_id 576
2020-08-19T00:27:27+00:00 NOTICE action_scheduler.queue_job :: MailChimp_WooCommerce_Single_Order starts in 90 seconds :: obj_id 162477
2020-08-19T00:27:36+00:00 NOTICE member.sync :: Subscribed Member florenceogilvie@yahoo.co.nz :: Array
(
    [status_if_new] => 1
    [merge_fields] => Array
        (
            [FNAME] => Florence
            [LNAME] => Ogilvie
        )

)

2020-08-19T00:29:36+00:00 NOTICE order_sumbit :: #162477 has a financial status of pending and was skipped.
2020-08-19T01:28:57+00:00 NOTICE action_scheduler.queue_job :: MailChimp_WooCommerce_Single_Order starts in 90 seconds :: obj_id 155373
2020-08-19T01:30:46+00:00 NOTICE order_sumbit :: #155373 has a financial status of pending and was skipped.
2020-08-19T01:32:36+00:00 NOTICE action_scheduler.queue_job :: MailChimp_WooCommerce_User_Submit queued :: obj_id 452
2020-08-19T01:32:39+00:00 NOTICE debug :: Order ID 154324 was processing and is now completed :: Array
(
    [new_order] => 
    [tracking] => 
)

2020-08-19T01:32:40+00:00 NOTICE action_scheduler.queue_job :: MailChimp_WooCommerce_Single_Order starts in 90 seconds :: obj_id 154324
2020-08-19T01:32:40+00:00 NOTICE debug :: Order ID 154324 was pending and is now processing :: Array
(
    [new_order] => 1
    [tracking] => Array
        (
            [campaign_id] => 
            [landing_site] => https://www.hotshot.nz/?gclid=CjwKCAjw26H3BRB2EiwAy32zhTt_ovy5f-JvfhwCG7uUkMsvw4Qz5VVOOFEJ3nhSczqF1O3Mdry2nxoC07cQAvD_BwE
        )

)

2020-08-19T01:32:56+00:00 NOTICE member.sync :: Updated Member s.e.mackel21@gmail.com ( merge fields only ) :: Array
(
    [merge_fields] => Array
        (
            [FNAME] => Samantha
            [LNAME] => Mackel
        )

)

2020-08-19T01:34:51+00:00 NOTICE order_submit.success :: addStoreOrder :: #154324 :: email: s.e.mackel21@gmail.com
2020-08-19T01:39:16+00:00 NOTICE action_scheduler.queue_job :: MailChimp_WooCommerce_Single_Order starts in 90 seconds :: obj_id 154327
2020-08-19T01:40:53+00:00 NOTICE order_sumbit :: #154327 has a financial status of pending and was skipped.
2020-08-19T01:44:17+00:00 NOTICE action_scheduler.queue_job :: MailChimp_WooCommerce_Single_Order starts in 90 seconds :: obj_id 157862
2020-08-19T01:45:51+00:00 NOTICE order_sumbit :: #157862 has a financial status of pending and was skipped.
2020-08-19T01:46:30+00:00 NOTICE action_scheduler.queue_job :: MailChimp_WooCommerce_Single_Order starts in 90 seconds :: obj_id 161534
2020-08-19T01:48:13+00:00 NOTICE order_sumbit :: #161534 has a financial status of pending and was skipped.
2020-08-19T06:33:04+00:00 NOTICE action_scheduler.queue_job :: MailChimp_WooCommerce_Single_Order starts in 90 seconds :: obj_id 163671
2020-08-19T06:35:23+00:00 NOTICE order_sumbit :: #163671 has a financial status of pending and was skipped.
2020-08-19T09:05:28+00:00 NOTICE action_scheduler.queue_job :: MailChimp_WooCommerce_Cart_Update queued :: obj_id e39af1991bd15bed8cd54b20072a6f83
2020-08-19T09:05:32+00:00 NOTICE abandoned_cart.success :: email: josephtakairangi3@gmail.com :: checkout_url: https://www.hotshot.nz/checkout/?mc_cart_id=e39af1991bd15bed8cd54b20072a6f83
2020-08-19T09:05:33+00:00 NOTICE cart.member.updated :: Updated josephtakairangi3@gmail.com language to en
2020-08-19T09:07:48+00:00 NOTICE action_scheduler.queue_job :: MailChimp_WooCommerce_Single_Order starts in 90 seconds :: obj_id 163792
2020-08-19T09:08:33+00:00 NOTICE debug :: Order ID 163792 was pending and is now failed :: Array
(
    [new_order] => 
    [tracking] => 
)

2020-08-19T09:10:24+00:00 NOTICE system.debug :: order 163792 is in failed status, and is being skipped for now.
2020-08-19T11:46:35+00:00 NOTICE action_scheduler.queue_job :: MailChimp_WooCommerce_Cart_Update queued :: obj_id 228c8f5c1d291015d29952243d901a30
2020-08-19T11:46:39+00:00 NOTICE abandoned_cart.success :: email: 236onthewest@gmail.com :: checkout_url: https://www.hotshot.nz/checkout/?mc_cart_id=228c8f5c1d291015d29952243d901a30
2020-08-19T11:46:40+00:00 NOTICE cart.member.updated :: Updated 236onthewest@gmail.com language to en
2020-08-19T11:46:43+00:00 NOTICE action_scheduler.queue_job :: MailChimp_WooCommerce_User_Submit queued :: obj_id 578
2020-08-19T11:46:46+00:00 NOTICE action_scheduler.queue_job :: MailChimp_WooCommerce_Single_Order starts in 90 seconds :: obj_id 163898
2020-08-19T11:46:48+00:00 NOTICE member.sync :: Updated Member 236onthewest@gmail.com :: Array
(
    [previous_status] => transactional
    [status] => 1
    [merge_fields] => Array
        (
            [FNAME] => Krishla
            [LNAME] => Isaac
        )

)

2020-08-19T11:47:27+00:00 NOTICE debug :: Order ID 163898 was pending and is now failed :: Array
(
    [new_order] => 
    [tracking] => 
)

2020-08-19T11:49:35+00:00 NOTICE system.debug :: order 163898 is in failed status, and is being skipped for now.
2020-08-19T20:19:33+00:00 NOTICE action_scheduler.queue_job :: MailChimp_WooCommerce_Single_Order starts in 90 seconds :: obj_id 164150
2020-08-19T20:19:38+00:00 NOTICE debug :: Order ID 164150 was processing and is now completed :: Array
(
    [new_order] => 
    [tracking] => 
)

2020-08-19T20:19:38+00:00 NOTICE debug :: Order ID 164150 was pending and is now processing :: Array
(
    [new_order] => 1
    [tracking] => Array
        (
            [campaign_id] => 
            [landing_site] => 
        )

)

2020-08-19T20:24:11+00:00 NOTICE order.member.updated :: Updated mrbamaxwell@gmail.com language to en
2020-08-19T20:24:11+00:00 NOTICE order_submit.success :: addStoreOrder :: #164150 :: email: mrbamaxwell@gmail.com
2020-08-19T20:40:07+00:00 NOTICE action_scheduler.queue_job :: MailChimp_WooCommerce_Single_Order starts in 90 seconds :: obj_id 164177
2020-08-19T20:40:12+00:00 NOTICE debug :: Order ID 164177 was processing and is now completed :: Array
(
    [new_order] => 
    [tracking] => 
)

2020-08-19T20:40:12+00:00 NOTICE debug :: Order ID 164177 was pending and is now processing :: Array
(
    [new_order] => 1
    [tracking] => Array
        (
            [campaign_id] => 
            [landing_site] => 
        )

)

2020-08-19T20:41:43+00:00 NOTICE order.member.updated :: Updated shivanidahya@hotmail.com language to en
2020-08-19T20:41:43+00:00 NOTICE order_submit.success :: addStoreOrder :: #164177 :: email: shivanidahya@hotmail.com
2020-08-19T22:05:29+00:00 NOTICE action_scheduler.queue_job :: MailChimp_WooCommerce_Single_Order starts in 90 seconds :: obj_id 164291
2020-08-19T22:05:34+00:00 NOTICE debug :: Order ID 164291 was processing and is now completed :: Array
(
    [new_order] => 
    [tracking] => 
)

2020-08-19T22:05:34+00:00 NOTICE debug :: Order ID 164291 was pending and is now processing :: Array
(
    [new_order] => 1
    [tracking] => Array
        (
            [campaign_id] => 
            [landing_site] => 
        )

)

2020-08-19T22:08:17+00:00 NOTICE order.member.updated :: Updated sam.hannah.rayward@gmail.com language to en
2020-08-19T22:08:17+00:00 NOTICE order_submit.success :: addStoreOrder :: #164291 :: email: sam.hannah.rayward@gmail.com
2020-08-19T22:25:31+00:00 NOTICE action_scheduler.queue_job :: MailChimp_WooCommerce_Cart_Update queued :: obj_id 6994e9f9a74f02eed00dcb555d379b0c
2020-08-19T22:25:31+00:00 NOTICE action_scheduler.queue_job :: MailChimp_WooCommerce_Cart_Update queued :: obj_id 6994e9f9a74f02eed00dcb555d379b0c
2020-08-19T22:25:35+00:00 NOTICE abandoned_cart.success :: email: meltupouila@gmail.com :: checkout_url: https://www.hotshot.nz/checkout/?mc_cart_id=6994e9f9a74f02eed00dcb555d379b0c
2020-08-19T22:25:35+00:00 NOTICE cart.member.updated :: Updated meltupouila@gmail.com language to en
2020-08-19T22:25:37+00:00 NOTICE abandoned_cart.success :: email: meltupouila@gmail.com :: checkout_url: https://www.hotshot.nz/checkout/?mc_cart_id=6994e9f9a74f02eed00dcb555d379b0c
2020-08-19T22:25:45+00:00 NOTICE action_scheduler.queue_job :: MailChimp_WooCommerce_User_Submit queued :: obj_id 579
2020-08-19T22:25:48+00:00 NOTICE action_scheduler.queue_job :: MailChimp_WooCommerce_Single_Order starts in 90 seconds :: obj_id 164349
2020-08-19T22:25:49+00:00 NOTICE member.sync :: Updated Member meltupouila@gmail.com :: Array
(
    [previous_status] => transactional
    [status] => 1
    [merge_fields] => Array
        (
            [FNAME] => Mele
            [LNAME] => Tupouila
        )

)

2020-08-19T22:26:39+00:00 NOTICE debug :: Order ID 164349 was pending and is now processing :: Array
(
    [new_order] => 1
    [tracking] => Array
        (
            [campaign_id] => 
            [landing_site] => https://www.hotshot.nz/?gclid=CjwKCAjwm_P5BRAhEiwAwRzSO6BrKzqXB1JkmlMgIrFbbJOobUH9r4NMjtpdDKo8m5cGDohwK9WNQhoC4okQAvD_BwE
        )

)

2020-08-19T22:28:14+00:00 NOTICE order.member.updated :: Updated meltupouila@gmail.com language to en
2020-08-19T22:28:14+00:00 NOTICE order_submit.success :: addStoreOrder :: #164349 :: email: meltupouila@gmail.com :: landing site https://www.hotshot.nz/?gclid=CjwKCAjwm_P5BRAhEiwAwRzSO6BrKzqXB1JkmlMgIrFbbJOobUH9r4NMjtpdDKo8m5cGDohwK9WNQhoC4okQAvD_BwE :: abandoned cart deleted [6994e9f9a74f02eed00dcb555d379b0c]
2020-08-19T23:09:50+00:00 NOTICE action_scheduler.queue_job :: MailChimp_WooCommerce_Single_Order starts in 90 seconds :: obj_id 164831
2020-08-19T23:09:55+00:00 NOTICE debug :: Order ID 164831 was processing and is now completed :: Array
(
    [new_order] => 
    [tracking] => 
)

2020-08-19T23:09:56+00:00 NOTICE debug :: Order ID 164831 was pending and is now processing :: Array
(
    [new_order] => 1
    [tracking] => Array
        (
            [campaign_id] => 
            [landing_site] => 
        )

)

2020-08-19T23:11:24+00:00 NOTICE order.member.updated :: Updated ads12939@gmail.com language to en
2020-08-19T23:11:24+00:00 NOTICE order_submit.success :: addStoreOrder :: #164831 :: email: ads12939@gmail.com
