2020-08-30T01:44:32+00:00 NOTICE action_scheduler.queue_job :: MailChimp_WooCommerce_Single_Order starts in 90 seconds :: obj_id 186997
2020-08-30T01:44:37+00:00 NOTICE debug :: Order ID 186997 was processing and is now completed :: Array
(
    [new_order] => 
    [tracking] => 
)

2020-08-30T01:44:38+00:00 NOTICE debug :: Order ID 186997 was pending and is now processing :: Array
(
    [new_order] => 1
    [tracking] => Array
        (
            [campaign_id] => 
            [landing_site] => 
        )

)

2020-08-30T01:46:55+00:00 NOTICE order.member.updated :: Updated taurora1231@gmail.com language to en
2020-08-30T01:46:55+00:00 NOTICE order_submit.success :: addStoreOrder :: #186997 :: email: taurora1231@gmail.com
2020-08-30T02:20:55+00:00 NOTICE action_scheduler.queue_job :: MailChimp_WooCommerce_User_Submit queued :: obj_id 612
2020-08-30T02:20:58+00:00 NOTICE action_scheduler.queue_job :: MailChimp_WooCommerce_Single_Order starts in 90 seconds :: obj_id 187045
2020-08-30T02:21:24+00:00 NOTICE debug :: Order ID 187045 was pending and is now processing :: Array
(
    [new_order] => 1
    [tracking] => Array
        (
            [campaign_id] => 
            [landing_site] => https://www.hotshot.nz/?gclid=Cj0KCQjw-af6BRC5ARIsAALPIlVTnS-vQNP-TANFZc9GW2QNl3yEfVXFdClNecyoUlO2HD3RMZX3wZ4aAq6aEALw_wcB
        )

)

2020-08-30T02:21:37+00:00 NOTICE member.sync :: Subscribed Member rjl.roofing@gmail.com :: Array
(
    [status_if_new] => 1
    [merge_fields] => Array
        (
            [FNAME] => Jean-marie
            [LNAME] => Manuels
        )

)

2020-08-30T02:22:56+00:00 NOTICE order.member.updated :: Updated rjl.roofing@gmail.com language to en
2020-08-30T02:22:56+00:00 NOTICE order_submit.success :: addStoreOrder :: #187045 :: email: rjl.roofing@gmail.com :: landing site https://www.hotshot.nz/?gclid=Cj0KCQjw-af6BRC5ARIsAALPIlVTnS-vQNP-TANFZc9GW2QNl3yEfVXFdClNecyoUlO2HD3RMZX3wZ4aAq6aEALw_wcB
2020-08-30T04:44:38+00:00 NOTICE action_scheduler.queue_job :: MailChimp_WooCommerce_Cart_Update queued :: obj_id 91530d5b0ef7478b72fd3d0b6467d879
2020-08-30T04:45:07+00:00 NOTICE action_scheduler.queue_job :: MailChimp_WooCommerce_User_Submit queued :: obj_id 613
2020-08-30T04:45:10+00:00 NOTICE action_scheduler.queue_job :: MailChimp_WooCommerce_Single_Order starts in 90 seconds :: obj_id 187162
2020-08-30T04:45:12+00:00 NOTICE abandoned_cart.success :: email: jarrodnuku@gmail.com :: checkout_url: https://www.hotshot.nz/checkout/?mc_cart_id=91530d5b0ef7478b72fd3d0b6467d879
2020-08-30T04:45:13+00:00 NOTICE cart.member.updated :: Updated jarrodnuku@gmail.com language to en
2020-08-30T04:45:16+00:00 NOTICE member.sync :: Updated Member jarrodnuku@gmail.com :: Array
(
    [previous_status] => transactional
    [status] => 1
    [merge_fields] => Array
        (
            [FNAME] => Jarrod
            [LNAME] => Nuku
        )

)

2020-08-30T04:47:25+00:00 NOTICE order_sumbit :: #187162 has a financial status of pending and was skipped.
2020-08-30T21:36:46+00:00 NOTICE action_scheduler.queue_job :: MailChimp_WooCommerce_Single_Order starts in 90 seconds :: obj_id 188077
2020-08-30T21:36:52+00:00 NOTICE action_scheduler.queue_job :: MailChimp_WooCommerce_User_Submit queued :: obj_id 550
2020-08-30T21:36:53+00:00 NOTICE debug :: Order ID 188077 was processing and is now completed :: Array
(
    [new_order] => 
    [tracking] => 
)

2020-08-30T21:36:53+00:00 NOTICE debug :: Order ID 188077 was pending and is now processing :: Array
(
    [new_order] => 1
    [tracking] => Array
        (
            [campaign_id] => 
            [landing_site] => https://www.hotshot.nz/
        )

)

2020-08-30T21:36:57+00:00 NOTICE member.sync :: Updated Member hapemanaena@yahoo.com.au ( merge fields only ) :: Array
(
    [merge_fields] => Array
        (
            [FNAME] => Hape
            [LNAME] => Manaena
        )

)

2020-08-30T21:38:56+00:00 NOTICE order.member.updated :: Updated hapemanaena@yahoo.com.au language to en
2020-08-30T21:38:56+00:00 NOTICE order_submit.success :: addStoreOrder :: #188077 :: email: hapemanaena@yahoo.com.au
2020-08-30T21:51:38+00:00 NOTICE action_scheduler.queue_job :: MailChimp_WooCommerce_Single_Order starts in 90 seconds :: obj_id 188100
2020-08-30T21:51:42+00:00 NOTICE debug :: Order ID 188100 was processing and is now completed :: Array
(
    [new_order] => 
    [tracking] => 
)

2020-08-30T21:51:42+00:00 NOTICE debug :: Order ID 188100 was pending and is now processing :: Array
(
    [new_order] => 1
    [tracking] => Array
        (
            [campaign_id] => e52fbfb7eb
            [landing_site] => https://www.hotshot.nz/wp-admin/admin-ajax.php?action=mailchimp_set_user_by_email&email=bradatkinson@outlook.com&language=en
        )

)

2020-08-30T21:53:25+00:00 NOTICE order.member.updated :: Updated bradatkinson@outlook.com language to en
2020-08-30T21:53:25+00:00 NOTICE order_submit.success :: addStoreOrder :: #188100 :: email: bradatkinson@outlook.com
2020-08-30T21:55:36+00:00 NOTICE action_scheduler.queue_job :: MailChimp_WooCommerce_Single_Order starts in 90 seconds :: obj_id 188123
2020-08-30T21:55:42+00:00 NOTICE debug :: Order ID 188123 was processing and is now completed :: Array
(
    [new_order] => 
    [tracking] => 
)

2020-08-30T21:55:42+00:00 NOTICE debug :: Order ID 188123 was pending and is now processing :: Array
(
    [new_order] => 1
    [tracking] => Array
        (
            [campaign_id] => 
            [landing_site] => https://www.hotshot.nz/broadband-application/
        )

)

2020-08-30T21:57:12+00:00 NOTICE order.member.updated :: Updated HELLO@105KOTUKU.CO.NZ language to en
2020-08-30T21:57:12+00:00 NOTICE order_submit.success :: addStoreOrder :: #188123 :: email: HELLO@105KOTUKU.CO.NZ :: landing site https://www.hotshot.nz/wp-admin/admin-ajax.php
2020-08-30T23:28:10+00:00 NOTICE action_scheduler.queue_job :: MailChimp_WooCommerce_Cart_Update queued :: obj_id ba81c749391d10073a366e5a6f47b3e5
2020-08-30T23:28:12+00:00 NOTICE abandoned_cart.success :: email: krohita@gmail.com :: checkout_url: https://www.hotshot.nz/checkout/?mc_cart_id=ba81c749391d10073a366e5a6f47b3e5
2020-08-30T23:28:13+00:00 NOTICE cart.member.updated :: Updated krohita@gmail.com language to en
