2020-06-15T21:23:35+00:00 NOTICE action_scheduler.queue_job :: MailChimp_WooCommerce_Single_Order starts in 90 seconds :: obj_id 30462
2020-06-15T21:25:13+00:00 NOTICE action_scheduler.queue_job :: MailChimp_WooCommerce_User_Submit queued :: obj_id 449
2020-06-15T21:25:15+00:00 NOTICE action_scheduler.queue_job :: MailChimp_WooCommerce_Single_Order starts in 90 seconds :: obj_id 43769
2020-06-15T21:25:29+00:00 NOTICE order_sumbit :: #30462 has a financial status of pending and was skipped.
2020-06-15T21:25:30+00:00 NOTICE member.sync :: Subscribed Member pointoncourtney2195@gmail.com :: Array
(
    [status_if_new] => 1
    [merge_fields] => Array
        (
            [FNAME] => Courtney
            [LNAME] => Pointon
        )

)

2020-06-15T21:26:47+00:00 NOTICE order_sumbit :: #43769 has a financial status of pending and was skipped.
2020-06-15T21:29:47+00:00 NOTICE debug :: Order ID 32346 was processing and is now completed :: Array
(
    [new_order] => 
    [tracking] => 
)

2020-06-15T21:29:47+00:00 NOTICE action_scheduler.queue_job :: MailChimp_WooCommerce_Single_Order starts in 90 seconds :: obj_id 32346
2020-06-15T21:33:01+00:00 NOTICE order_submit.success :: updateStoreOrder :: #32346 :: email: yur7tahu@protonmail.com
2020-06-15T21:34:38+00:00 NOTICE action_scheduler.queue_job :: MailChimp_WooCommerce_Single_Order starts in 90 seconds :: obj_id 43797
2020-06-15T21:34:41+00:00 NOTICE debug :: Order ID 43797 was processing and is now completed :: Array
(
    [new_order] => 
    [tracking] => 
)

2020-06-15T21:34:41+00:00 NOTICE debug :: Order ID 43797 was pending and is now processing :: Array
(
    [new_order] => 1
    [tracking] => Array
        (
            [campaign_id] => 
            [landing_site] => 
        )

)

2020-06-15T21:36:14+00:00 NOTICE order.member.updated :: Updated nicolablockley94@gmail.com language to en
2020-06-15T21:36:14+00:00 NOTICE order_submit.success :: addStoreOrder :: #43797 :: email: nicolablockley94@gmail.com
