2020-07-17T00:09:53+00:00 NOTICE action_scheduler.queue_job :: MailChimp_WooCommerce_User_Submit queued :: obj_id 429
2020-07-17T00:09:56+00:00 NOTICE member.sync :: Updated Member julescuttriss@gmail.com ( merge fields only ) :: Array
(
    [merge_fields] => Array
        (
            [FNAME] => Juliette
            [LNAME] => Cuttriss
        )

)

2020-07-17T00:09:59+00:00 NOTICE debug :: Order ID 88373 was processing and is now completed :: Array
(
    [new_order] => 
    [tracking] => 
)

2020-07-17T00:09:59+00:00 NOTICE action_scheduler.queue_job :: MailChimp_WooCommerce_Single_Order starts in 90 seconds :: obj_id 88373
2020-07-17T00:11:35+00:00 NOTICE order_submit.success :: updateStoreOrder :: #88373 :: email: julescuttriss@gmail.com
2020-07-17T00:13:41+00:00 NOTICE action_scheduler.queue_job :: MailChimp_WooCommerce_User_Submit queued :: obj_id 511
2020-07-17T00:13:45+00:00 NOTICE action_scheduler.queue_job :: MailChimp_WooCommerce_Single_Order starts in 90 seconds :: obj_id 89535
2020-07-17T00:13:53+00:00 NOTICE member.sync :: Subscribed Member jkutz@hawaii.edu :: Array
(
    [status_if_new] => 1
    [merge_fields] => Array
        (
            [FNAME] => Jeffery
            [LNAME] => Kutz
        )

)

2020-07-17T00:15:07+00:00 NOTICE debug :: Order ID 89535 was pending and is now processing :: Array
(
    [new_order] => 1
    [tracking] => Array
        (
            [campaign_id] => 
            [landing_site] => https://www.hotshot.nz/
        )

)

2020-07-17T00:16:38+00:00 NOTICE order.member.updated :: Updated jkutz@hawaii.edu language to en
2020-07-17T00:16:38+00:00 NOTICE order_submit.success :: addStoreOrder :: #89535 :: email: jkutz@hawaii.edu :: landing site https://www.hotshot.nz/
2020-07-17T03:16:30+00:00 NOTICE action_scheduler.queue_job :: MailChimp_WooCommerce_User_Submit queued :: obj_id 512
2020-07-17T03:16:38+00:00 NOTICE action_scheduler.queue_job :: MailChimp_WooCommerce_Single_Order starts in 90 seconds :: obj_id 89718
2020-07-17T03:16:50+00:00 NOTICE member.sync :: Subscribed Member bay.bgurl@hotmail.com :: Array
(
    [status_if_new] => 1
    [merge_fields] => Array
        (
            [FNAME] => Regina
            [LNAME] => Tutahi
        )

)

2020-07-17T03:20:49+00:00 NOTICE order_sumbit :: #89718 has a financial status of pending and was skipped.
2020-07-17T04:25:28+00:00 NOTICE action_scheduler.queue_job :: MailChimp_WooCommerce_Single_Order starts in 90 seconds :: obj_id 89785
2020-07-17T04:25:34+00:00 NOTICE debug :: Order ID 89785 was processing and is now completed :: Array
(
    [new_order] => 
    [tracking] => 
)

2020-07-17T04:25:34+00:00 NOTICE debug :: Order ID 89785 was pending and is now processing :: Array
(
    [new_order] => 1
    [tracking] => Array
        (
            [campaign_id] => 
            [landing_site] => https://www.hotshot.nz/wp-admin/admin-ajax.php
        )

)

2020-07-17T04:27:03+00:00 NOTICE order.member.updated :: Updated dianadouglas77@yahoo.com language to en
2020-07-17T04:27:03+00:00 NOTICE order_submit.success :: addStoreOrder :: #89785 :: email: dianadouglas77@yahoo.com :: landing site https://www.hotshot.nz/wp-admin/admin-ajax.php
2020-07-17T19:42:46+00:00 NOTICE action_scheduler.queue_job :: MailChimp_WooCommerce_Single_Order starts in 90 seconds :: obj_id 90533
2020-07-17T19:42:51+00:00 NOTICE debug :: Order ID 90533 was processing and is now completed :: Array
(
    [new_order] => 
    [tracking] => 
)

2020-07-17T19:42:51+00:00 NOTICE debug :: Order ID 90533 was pending and is now processing :: Array
(
    [new_order] => 1
    [tracking] => Array
        (
            [campaign_id] => 
            [landing_site] => 
        )

)

2020-07-17T19:45:13+00:00 NOTICE order.member.updated :: Updated kiwicat14@hotmail.com language to en
2020-07-17T19:45:13+00:00 NOTICE order_submit.success :: addStoreOrder :: #90533 :: email: kiwicat14@hotmail.com
2020-07-17T22:02:07+00:00 NOTICE action_scheduler.queue_job :: MailChimp_WooCommerce_Single_Order starts in 90 seconds :: obj_id 90610
2020-07-17T22:09:26+00:00 NOTICE order_sumbit :: #90610 has a financial status of pending and was skipped.
2020-07-17T22:16:09+00:00 NOTICE action_scheduler.queue_job :: MailChimp_WooCommerce_Single_Order starts in 90 seconds :: obj_id 90622
2020-07-17T22:16:14+00:00 NOTICE debug :: Order ID 90622 was processing and is now completed :: Array
(
    [new_order] => 
    [tracking] => 
)

2020-07-17T22:16:14+00:00 NOTICE debug :: Order ID 90622 was pending and is now processing :: Array
(
    [new_order] => 1
    [tracking] => Array
        (
            [campaign_id] => 
            [landing_site] => 
        )

)

2020-07-17T22:25:12+00:00 NOTICE order.member.updated :: Updated annamsutton@yahoo.co.uk language to en
2020-07-17T22:25:12+00:00 NOTICE order_submit.success :: addStoreOrder :: #90622 :: email: annamsutton@yahoo.co.uk
2020-07-17T23:12:13+00:00 NOTICE action_scheduler.queue_job :: MailChimp_WooCommerce_Single_Order starts in 90 seconds :: obj_id 90658
2020-07-17T23:12:18+00:00 NOTICE debug :: Order ID 90658 was processing and is now completed :: Array
(
    [new_order] => 
    [tracking] => 
)

2020-07-17T23:12:18+00:00 NOTICE debug :: Order ID 90658 was pending and is now processing :: Array
(
    [new_order] => 1
    [tracking] => Array
        (
            [campaign_id] => 
            [landing_site] => 
        )

)

2020-07-17T23:19:45+00:00 NOTICE order.member.updated :: Updated antonvnieuwenhuizen71@gmail.com language to en
2020-07-17T23:19:45+00:00 NOTICE order_submit.success :: addStoreOrder :: #90658 :: email: antonvnieuwenhuizen71@gmail.com
