2020-07-14T01:51:01+00:00 NOTICE action_scheduler.queue_job :: MailChimp_WooCommerce_User_Submit queued :: obj_id 500
2020-07-14T01:51:04+00:00 NOTICE action_scheduler.queue_job :: MailChimp_WooCommerce_Single_Order starts in 90 seconds :: obj_id 84776
2020-07-14T01:51:22+00:00 NOTICE member.sync :: Subscribed Member cushla.tohu@gmail.com :: Array
(
    [status_if_new] => 1
    [merge_fields] => Array
        (
            [FNAME] => Cushla
            [LNAME] => Tohu
        )

)

2020-07-14T01:52:35+00:00 NOTICE order_sumbit :: #84776 has a financial status of pending and was skipped.
2020-07-14T02:45:48+00:00 NOTICE action_scheduler.queue_job :: MailChimp_WooCommerce_Cart_Update queued :: obj_id 46e2fc0eccfb0c3d8497661eecbd5c4f
2020-07-14T02:45:50+00:00 NOTICE abandoned_cart.success :: email: cushla.tohu@gmail.com :: checkout_url: https://www.hotshot.nz/checkout/?mc_cart_id=46e2fc0eccfb0c3d8497661eecbd5c4f
2020-07-14T02:45:50+00:00 NOTICE cart.member.updated :: Updated cushla.tohu@gmail.com language to en
2020-07-14T02:46:53+00:00 NOTICE action_scheduler.queue_job :: MailChimp_WooCommerce_User_Submit queued :: obj_id 500
2020-07-14T02:46:53+00:00 NOTICE action_scheduler.queue_job :: MailChimp_WooCommerce_Single_Order starts in 90 seconds :: obj_id 84829
2020-07-14T02:46:56+00:00 NOTICE member.sync :: Updated Member cushla.tohu@gmail.com ( merge fields only ) :: Array
(
    [merge_fields] => Array
        (
            [FNAME] => Cushla
            [LNAME] => Tohu
        )

)

2020-07-14T02:49:18+00:00 NOTICE debug :: Order ID 84829 was pending and is now failed :: Array
(
    [new_order] => 
    [tracking] => 
)

2020-07-14T02:50:30+00:00 NOTICE action_scheduler.queue_job :: MailChimp_WooCommerce_Cart_Update queued :: obj_id 46e2fc0eccfb0c3d8497661eecbd5c4f
2020-07-14T02:50:48+00:00 NOTICE abandoned_cart.success :: email: cushla.tohu@gmail.com :: checkout_url: https://www.hotshot.nz/checkout/?mc_cart_id=46e2fc0eccfb0c3d8497661eecbd5c4f
2020-07-14T02:50:49+00:00 NOTICE system.debug :: order 84829 is in failed status, and is being skipped for now.
2020-07-14T02:50:49+00:00 NOTICE action_scheduler.queue_job :: MailChimp_WooCommerce_User_Submit queued :: obj_id 500
2020-07-14T02:51:26+00:00 NOTICE action_scheduler.queue_job :: MailChimp_WooCommerce_Single_Order starts in 90 seconds :: obj_id 84829
2020-07-14T02:51:27+00:00 NOTICE debug :: Order ID 84829 was failed and is now processing :: Array
(
    [new_order] => 
    [tracking] => 
)

2020-07-14T02:51:51+00:00 NOTICE member.sync :: Updated Member cushla.tohu@gmail.com ( merge fields only ) :: Array
(
    [merge_fields] => Array
        (
            [FNAME] => Cushla
            [LNAME] => Tohu
        )

)

2020-07-14T02:53:02+00:00 NOTICE order_submit.success :: addStoreOrder :: #84829 :: email: cushla.tohu@gmail.com :: landing site https://www.hotshot.nz/?gclid=Cj0KCQjwo6D4BRDgARIsAA6uN1-_zWwMkhZZWQfpwbjEMvRPUZ4nL_yl4sxisL5fRX-Nly-EEKCkJ18aApEyEALw_wcB :: abandoned cart deleted [46e2fc0eccfb0c3d8497661eecbd5c4f]
2020-07-14T03:00:46+00:00 NOTICE action_scheduler.queue_job :: MailChimp_WooCommerce_User_Submit queued :: obj_id 498
2020-07-14T03:00:58+00:00 NOTICE debug :: Order ID 84450 was processing and is now completed :: Array
(
    [new_order] => 
    [tracking] => 
)

2020-07-14T03:01:05+00:00 NOTICE action_scheduler.queue_job :: MailChimp_WooCommerce_Single_Order starts in 90 seconds :: obj_id 84450
2020-07-14T03:01:29+00:00 NOTICE member.sync :: Updated Member chadwickashley006@gmail.com ( merge fields only ) :: Array
(
    [merge_fields] => Array
        (
            [FNAME] => Ashley
            [LNAME] => Chadwick
        )

)

2020-07-14T03:07:30+00:00 NOTICE order_submit.success :: updateStoreOrder :: #84450 :: email: chadwickashley006@gmail.com
2020-07-14T03:49:40+00:00 NOTICE action_scheduler.queue_job :: MailChimp_WooCommerce_User_Submit queued :: obj_id 501
2020-07-14T03:49:43+00:00 NOTICE member.sync :: Subscribed Member ttuaine78@gmail.com :: Array
(
    [status_if_new] => 1
    [merge_fields] => Array
        (
            [FNAME] => Teokotai
            [LNAME] => Tuaine
        )

)

2020-07-14T03:49:51+00:00 NOTICE action_scheduler.queue_job :: MailChimp_WooCommerce_User_Submit queued :: obj_id 501
2020-07-14T03:49:52+00:00 NOTICE action_scheduler.queue_job :: MailChimp_WooCommerce_Single_Order starts in 90 seconds :: obj_id 84945
2020-07-14T03:50:11+00:00 NOTICE action_scheduler.queue_job :: MailChimp_WooCommerce_User_Submit queued :: obj_id 501
2020-07-14T03:50:48+00:00 NOTICE member.sync :: Updated Member ttuaine78@gmail.com ( merge fields only ) :: Array
(
    [merge_fields] => Array
        (
            [FNAME] => Teokotai
            [LNAME] => Tuaine
        )

)

2020-07-14T03:56:06+00:00 NOTICE order_sumbit :: #84945 has a financial status of pending and was skipped.
2020-07-14T06:24:56+00:00 NOTICE action_scheduler.queue_job :: MailChimp_WooCommerce_Cart_Update queued :: obj_id df0fbccdd9127edd09eae2ef1c99a5e8
2020-07-14T06:24:56+00:00 NOTICE action_scheduler.queue_job :: MailChimp_WooCommerce_Cart_Update queued :: obj_id df0fbccdd9127edd09eae2ef1c99a5e8
2020-07-14T06:25:00+00:00 NOTICE abandoned_cart.success :: email: singhkarora@gmail.com :: checkout_url: https://www.hotshot.nz/checkout/?mc_cart_id=df0fbccdd9127edd09eae2ef1c99a5e8
2020-07-14T06:25:00+00:00 NOTICE cart.member.updated :: Updated singhkarora@gmail.com language to en
2020-07-14T06:25:02+00:00 NOTICE abandoned_cart.success :: email: singhkarora@gmail.com :: checkout_url: https://www.hotshot.nz/checkout/?mc_cart_id=df0fbccdd9127edd09eae2ef1c99a5e8
2020-07-14T06:25:28+00:00 NOTICE action_scheduler.queue_job :: MailChimp_WooCommerce_User_Submit queued :: obj_id 502
2020-07-14T06:25:30+00:00 NOTICE action_scheduler.queue_job :: MailChimp_WooCommerce_Single_Order starts in 90 seconds :: obj_id 85101
2020-07-14T06:27:22+00:00 NOTICE member.sync :: Updated Member singhkarora@gmail.com :: Array
(
    [previous_status] => transactional
    [status] => 1
    [merge_fields] => Array
        (
            [FNAME] => Karora
            [LNAME] => Singh
        )

)

2020-07-14T06:27:27+00:00 NOTICE debug :: Order ID 85101 was pending and is now processing :: Array
(
    [new_order] => 1
    [tracking] => Array
        (
            [campaign_id] => 
            [landing_site] => https://www.hotshot.nz/?gclid=CjwKCAjwjLD4BRAiEiwAg5NBFmkdnm9bakTFh0RvHlVNA0kRBivI6JWh0YgFY0aFhFOyH-wmQAaEdxoCKtkQAvD_BwE
        )

)

2020-07-14T06:28:54+00:00 NOTICE order.member.updated :: Updated singhkarora@gmail.com language to en
2020-07-14T06:28:54+00:00 NOTICE order_submit.success :: addStoreOrder :: #85101 :: email: singhkarora@gmail.com :: landing site https://www.hotshot.nz/?gclid=CjwKCAjwjLD4BRAiEiwAg5NBFmkdnm9bakTFh0RvHlVNA0kRBivI6JWh0YgFY0aFhFOyH-wmQAaEdxoCKtkQAvD_BwE :: abandoned cart deleted [df0fbccdd9127edd09eae2ef1c99a5e8]
2020-07-14T20:51:55+00:00 NOTICE action_scheduler.queue_job :: MailChimp_WooCommerce_Single_Order starts in 90 seconds :: obj_id 85760
2020-07-14T20:52:01+00:00 NOTICE debug :: Order ID 85760 was processing and is now completed :: Array
(
    [new_order] => 
    [tracking] => 
)

2020-07-14T20:52:01+00:00 NOTICE debug :: Order ID 85760 was pending and is now processing :: Array
(
    [new_order] => 1
    [tracking] => Array
        (
            [campaign_id] => 
            [landing_site] => 
        )

)

2020-07-14T20:53:51+00:00 NOTICE order.member.updated :: Updated krohita@gmail.com language to en
2020-07-14T20:53:51+00:00 NOTICE order_submit.success :: addStoreOrder :: #85760 :: email: krohita@gmail.com
2020-07-14T21:09:00+00:00 NOTICE action_scheduler.queue_job :: MailChimp_WooCommerce_Single_Order starts in 90 seconds :: obj_id 63585
2020-07-14T21:10:43+00:00 NOTICE order_sumbit :: #63585 has a financial status of pending and was skipped.
2020-07-14T21:11:03+00:00 NOTICE action_scheduler.queue_job :: MailChimp_WooCommerce_Single_Order starts in 90 seconds :: obj_id 66898
2020-07-14T21:13:04+00:00 NOTICE order_sumbit :: #66898 has a financial status of pending and was skipped.
2020-07-14T21:14:04+00:00 NOTICE action_scheduler.queue_job :: MailChimp_WooCommerce_Single_Order starts in 90 seconds :: obj_id 68285
2020-07-14T21:15:39+00:00 NOTICE order_sumbit :: #68285 has a financial status of pending and was skipped.
2020-07-14T21:17:06+00:00 NOTICE action_scheduler.queue_job :: MailChimp_WooCommerce_Single_Order starts in 90 seconds :: obj_id 71708
2020-07-14T21:18:49+00:00 NOTICE order_sumbit :: #71708 has a financial status of pending and was skipped.
2020-07-14T21:19:33+00:00 NOTICE action_scheduler.queue_job :: MailChimp_WooCommerce_Single_Order starts in 90 seconds :: obj_id 78111
2020-07-14T21:22:11+00:00 NOTICE order_sumbit :: #78111 has a financial status of pending and was skipped.
2020-07-14T21:22:17+00:00 NOTICE action_scheduler.queue_job :: MailChimp_WooCommerce_User_Submit queued :: obj_id 503
2020-07-14T21:22:19+00:00 NOTICE action_scheduler.queue_job :: MailChimp_WooCommerce_Single_Order starts in 90 seconds :: obj_id 85874
2020-07-14T21:22:42+00:00 NOTICE member.sync :: Subscribed Member serasavelio82@gmail.com :: Array
(
    [status_if_new] => 1
    [merge_fields] => Array
        (
            [FNAME] => Sera
            [LNAME] => Savelio
        )

)

2020-07-14T21:23:37+00:00 NOTICE action_scheduler.queue_job :: MailChimp_WooCommerce_Single_Order starts in 90 seconds :: obj_id 81896
2020-07-14T21:23:53+00:00 NOTICE order_sumbit :: #85874 has a financial status of pending and was skipped.
2020-07-14T21:25:13+00:00 NOTICE order_sumbit :: #81896 has a financial status of pending and was skipped.
2020-07-14T21:54:23+00:00 NOTICE action_scheduler.queue_job :: MailChimp_WooCommerce_Single_Order starts in 90 seconds :: obj_id 85960
2020-07-14T21:54:28+00:00 NOTICE debug :: Order ID 85960 was processing and is now completed :: Array
(
    [new_order] => 
    [tracking] => 
)

2020-07-14T21:54:28+00:00 NOTICE debug :: Order ID 85960 was pending and is now processing :: Array
(
    [new_order] => 1
    [tracking] => Array
        (
            [campaign_id] => 
            [landing_site] => 
        )

)

2020-07-14T21:56:02+00:00 NOTICE order.member.updated :: Updated robp@peartree.nz language to en
2020-07-14T21:56:02+00:00 NOTICE order_submit.success :: addStoreOrder :: #85960 :: email: robp@peartree.nz
2020-07-14T21:58:49+00:00 NOTICE action_scheduler.queue_job :: MailChimp_WooCommerce_Single_Order starts in 90 seconds :: obj_id 85983
2020-07-14T22:00:34+00:00 NOTICE order_sumbit :: #85983 has a financial status of pending and was skipped.
2020-07-14T22:43:07+00:00 NOTICE action_scheduler.queue_job :: MailChimp_WooCommerce_Cart_Update queued :: obj_id 11bf43d6603a5a3b61028f26eba40194
2020-07-14T22:43:12+00:00 NOTICE abandoned_cart.success :: email: aronwatts305@gmail.com :: checkout_url: https://www.hotshot.nz/checkout/?mc_cart_id=11bf43d6603a5a3b61028f26eba40194
2020-07-14T22:43:13+00:00 NOTICE cart.member.updated :: Updated aronwatts305@gmail.com language to en
2020-07-14T22:43:32+00:00 NOTICE action_scheduler.queue_job :: MailChimp_WooCommerce_User_Submit queued :: obj_id 496
2020-07-14T22:43:32+00:00 NOTICE action_scheduler.queue_job :: MailChimp_WooCommerce_Single_Order starts in 90 seconds :: obj_id 86068
2020-07-14T22:44:37+00:00 NOTICE member.sync :: Updated Member aronwatts305@gmail.com ( merge fields only ) :: Array
(
    [merge_fields] => Array
        (
            [FNAME] => Aron
            [LNAME] => Watts
        )

)

2020-07-14T22:45:15+00:00 NOTICE order_sumbit :: #86068 has a financial status of pending and was skipped.
