2020-07-13T02:00:52+00:00 NOTICE action_scheduler.queue_job :: MailChimp_WooCommerce_Single_Order starts in 90 seconds :: obj_id 83612
2020-07-13T02:00:57+00:00 NOTICE debug :: Order ID 83612 was processing and is now completed :: Array
(
    [new_order] => 
    [tracking] => 
)

2020-07-13T02:00:57+00:00 NOTICE debug :: Order ID 83612 was pending and is now processing :: Array
(
    [new_order] => 1
    [tracking] => Array
        (
            [campaign_id] => 
            [landing_site] => 
        )

)

2020-07-13T02:00:58+00:00 NOTICE action_scheduler.queue_job :: MailChimp_WooCommerce_Single_Order starts in 90 seconds :: obj_id 83619
2020-07-13T02:01:04+00:00 NOTICE debug :: Order ID 83619 was processing and is now completed :: Array
(
    [new_order] => 
    [tracking] => 
)

2020-07-13T02:01:04+00:00 NOTICE debug :: Order ID 83619 was pending and is now processing :: Array
(
    [new_order] => 1
    [tracking] => Array
        (
            [campaign_id] => 
            [landing_site] => 
        )

)

2020-07-13T02:02:55+00:00 NOTICE order.member.updated :: Updated julescuttriss@gmail.com language to en
2020-07-13T02:02:55+00:00 NOTICE order_submit.success :: addStoreOrder :: #83612 :: email: julescuttriss@gmail.com
2020-07-13T02:02:59+00:00 NOTICE order.member.updated :: Updated shaijuuthup1990@gmail.com language to en
2020-07-13T02:02:59+00:00 NOTICE order_submit.success :: addStoreOrder :: #83619 :: email: shaijuuthup1990@gmail.com
2020-07-13T03:36:41+00:00 NOTICE action_scheduler.queue_job :: MailChimp_WooCommerce_Single_Order starts in 90 seconds :: obj_id 83739
2020-07-13T03:36:47+00:00 NOTICE debug :: Order ID 83739 was processing and is now completed :: Array
(
    [new_order] => 
    [tracking] => 
)

2020-07-13T03:36:47+00:00 NOTICE debug :: Order ID 83739 was pending and is now processing :: Array
(
    [new_order] => 1
    [tracking] => Array
        (
            [campaign_id] => 
            [landing_site] => 
        )

)

2020-07-13T03:38:22+00:00 NOTICE order.member.updated :: Updated hyhenrywu@gmail.com language to en
2020-07-13T03:38:22+00:00 NOTICE order_submit.success :: addStoreOrder :: #83739 :: email: hyhenrywu@gmail.com
2020-07-13T18:38:26+00:00 NOTICE action_scheduler.queue_job :: MailChimp_WooCommerce_User_Submit queued :: obj_id 498
2020-07-13T18:38:29+00:00 NOTICE action_scheduler.queue_job :: MailChimp_WooCommerce_User_Submit queued :: obj_id 498
2020-07-13T18:38:30+00:00 NOTICE action_scheduler.queue_job :: MailChimp_WooCommerce_Single_Order starts in 90 seconds :: obj_id 84354
2020-07-13T18:38:30+00:00 NOTICE member.sync :: Subscribed Member chadwickashley006@gmail.com :: Array
(
    [status_if_new] => 1
    [merge_fields] => Array
        (
            [FNAME] => Ashley
            [LNAME] => Chadwick
        )

)

2020-07-13T18:39:20+00:00 NOTICE debug :: Order ID 84354 was pending and is now failed :: Array
(
    [new_order] => 
    [tracking] => 
)

2020-07-13T18:41:14+00:00 NOTICE system.debug :: order 84354 is in failed status, and is being skipped for now.
2020-07-13T20:35:59+00:00 NOTICE action_scheduler.queue_job :: MailChimp_WooCommerce_Cart_Update queued :: obj_id 45daa5cd38864cb6fe4be85263cd4f6a
2020-07-13T20:36:04+00:00 NOTICE action_scheduler.queue_job :: MailChimp_WooCommerce_Cart_Update queued :: obj_id 45daa5cd38864cb6fe4be85263cd4f6a
2020-07-13T20:36:05+00:00 NOTICE abandoned_cart.success :: email: chadwickashley006@gmail.com :: checkout_url: https://www.hotshot.nz/checkout/?mc_cart_id=45daa5cd38864cb6fe4be85263cd4f6a
2020-07-13T20:36:05+00:00 NOTICE cart.member.updated :: Updated chadwickashley006@gmail.com language to en
2020-07-13T20:36:08+00:00 NOTICE abandoned_cart.success :: email: chadwickashley006@gmail.com :: checkout_url: https://www.hotshot.nz/checkout/?mc_cart_id=45daa5cd38864cb6fe4be85263cd4f6a
2020-07-13T20:36:24+00:00 NOTICE action_scheduler.queue_job :: MailChimp_WooCommerce_User_Submit queued :: obj_id 498
2020-07-13T20:36:25+00:00 NOTICE action_scheduler.queue_job :: MailChimp_WooCommerce_Single_Order starts in 90 seconds :: obj_id 84450
2020-07-13T20:36:55+00:00 NOTICE member.sync :: Updated Member chadwickashley006@gmail.com ( merge fields only ) :: Array
(
    [merge_fields] => Array
        (
            [FNAME] => Ashley
            [LNAME] => Chadwick
        )

)

2020-07-13T20:36:55+00:00 NOTICE debug :: Order ID 84450 was pending and is now processing :: Array
(
    [new_order] => 1
    [tracking] => Array
        (
            [campaign_id] => 
            [landing_site] => https://www.hotshot.nz/wc-api/WC_Gateway_Payment_Express_Hybrid/?result=00001101272615160b5a49d3536988af&userid=HotShotBroadbandPx
        )

)

2020-07-13T20:39:14+00:00 NOTICE order.member.updated :: Updated chadwickashley006@gmail.com language to en
2020-07-13T20:39:14+00:00 NOTICE order_submit.success :: addStoreOrder :: #84450 :: email: chadwickashley006@gmail.com :: landing site https://www.hotshot.nz/wc-api/WC_Gateway_Payment_Express_Hybrid/?result=00001101272615160b5a49d3536988af&userid=HotShotBroadbandPx :: abandoned cart deleted [45daa5cd38864cb6fe4be85263cd4f6a]
2020-07-13T21:22:05+00:00 NOTICE action_scheduler.queue_job :: MailChimp_WooCommerce_Single_Order starts in 90 seconds :: obj_id 63585
2020-07-13T21:24:15+00:00 NOTICE order_sumbit :: #63585 has a financial status of pending and was skipped.
2020-07-13T22:54:41+00:00 NOTICE action_scheduler.queue_job :: MailChimp_WooCommerce_Single_Order starts in 90 seconds :: obj_id 84623
2020-07-13T22:54:45+00:00 NOTICE action_scheduler.queue_job :: MailChimp_WooCommerce_User_Submit queued :: obj_id 236
2020-07-13T22:54:47+00:00 NOTICE debug :: Order ID 84623 was processing and is now completed :: Array
(
    [new_order] => 
    [tracking] => 
)

2020-07-13T22:54:47+00:00 NOTICE debug :: Order ID 84623 was pending and is now processing :: Array
(
    [new_order] => 1
    [tracking] => Array
        (
            [campaign_id] => 
            [landing_site] => 
        )

)

2020-07-13T22:54:49+00:00 NOTICE member.sync :: Updated Member amizzle34@gmail.com ( merge fields only ) :: Array
(
    [merge_fields] => Array
        (
            [FNAME] => Amy
            [LNAME] => Fuller
        )

)

2020-07-13T22:56:51+00:00 NOTICE order.member.updated :: Updated amizzle34@gmail.com language to en
2020-07-13T22:56:51+00:00 NOTICE order_submit.success :: addStoreOrder :: #84623 :: email: amizzle34@gmail.com
2020-07-13T23:01:09+00:00 NOTICE action_scheduler.queue_job :: MailChimp_WooCommerce_User_Submit queued :: obj_id 499
2020-07-13T23:01:11+00:00 NOTICE action_scheduler.queue_job :: MailChimp_WooCommerce_Single_Order starts in 90 seconds :: obj_id 84650
2020-07-13T23:01:39+00:00 NOTICE debug :: Order ID 84650 was pending and is now failed :: Array
(
    [new_order] => 
    [tracking] => 
)

2020-07-13T23:01:52+00:00 NOTICE member.sync :: Subscribed Member noblearoha2@gmail.com :: Array
(
    [status_if_new] => 1
    [merge_fields] => Array
        (
            [FNAME] => Jade
            [LNAME] => Evans
        )

)

2020-07-13T23:04:00+00:00 NOTICE system.debug :: order 84650 is in failed status, and is being skipped for now.
