2020-11-04T01:06:08+00:00 NOTICE action_scheduler.queue_job :: MailChimp_WooCommerce_Cart_Update queued :: obj_id 15aa783f98510a3cbbf8547c2560e5b2
2020-11-04T01:06:10+00:00 NOTICE abandoned_cart.success :: email: wudahenry@gmail.com :: checkout_url: https://developer2021.hotshot.nz/checkout/?mc_cart_id=15aa783f98510a3cbbf8547c2560e5b2
2020-11-04T01:06:11+00:00 NOTICE cart.member.updated :: Updated wudahenry@gmail.com language to en
2020-11-04T01:06:20+00:00 NOTICE action_scheduler.queue_job :: MailChimp_WooCommerce_User_Submit queued :: obj_id 12
2020-11-04T01:06:21+00:00 NOTICE action_scheduler.queue_job :: MailChimp_WooCommerce_Single_Order starts in 90 seconds :: obj_id 295357
2020-11-04T01:06:46+00:00 NOTICE member.sync :: Updated Member wudahenry@gmail.com ( merge fields only ) :: Array
(
    [merge_fields] => Array
        (
            [FNAME] => Harris
            [LNAME] => Test
        )

)

2020-11-04T01:08:29+00:00 NOTICE order_sumbit :: #295357 has a financial status of pending and was skipped.
2020-11-04T01:11:35+00:00 NOTICE action_scheduler.queue_job :: MailChimp_WooCommerce_User_Submit queued :: obj_id 12
2020-11-04T01:11:38+00:00 NOTICE member.sync :: Updated Member wudahenry@gmail.com ( merge fields only ) :: Array
(
    [merge_fields] => Array
        (
            [FNAME] => Harris
            [LNAME] => Test
        )

)

2020-11-04T01:11:38+00:00 NOTICE debug :: Order ID 295357 was pending and is now completed :: Array
(
    [new_order] => 1
    [tracking] => Array
        (
            [campaign_id] => 
            [landing_site] => https://developer2021.hotshot.nz/checkout/order-received/295291/?key=wc_order_XG0CkjDbc9TPW
        )

)

2020-11-04T01:11:38+00:00 NOTICE action_scheduler.queue_job :: MailChimp_WooCommerce_Single_Order starts in 90 seconds :: obj_id 295357
2020-11-04T01:13:13+00:00 NOTICE order.member.updated :: Updated wudahenry@gmail.com language to en
2020-11-04T01:13:13+00:00 NOTICE order_submit.success :: addStoreOrder :: #295357 :: email: wudahenry@gmail.com :: landing site https://developer2021.hotshot.nz/checkout/order-received/295291/?key=wc_order_XG0CkjDbc9TPW :: abandoned cart deleted [15aa783f98510a3cbbf8547c2560e5b2]
2020-11-04T03:49:11+00:00 NOTICE action_scheduler.queue_job :: MailChimp_WooCommerce_Single_Order starts in 90 seconds :: obj_id 295441
2020-11-04T03:52:40+00:00 NOTICE order_sumbit :: #295441 has a financial status of pending and was skipped.
2020-11-04T22:25:52+00:00 NOTICE action_scheduler.queue_job :: MailChimp_WooCommerce_Single_Order starts in 90 seconds :: obj_id 295495
2020-11-04T22:25:53+00:00 NOTICE action_scheduler.queue_job :: MailChimp_WooCommerce_Single_Order starts in 90 seconds :: obj_id 295500
2020-11-04T22:25:54+00:00 NOTICE action_scheduler.queue_job :: MailChimp_WooCommerce_Single_Order starts in 90 seconds :: obj_id 295503
2020-11-04T22:25:55+00:00 NOTICE action_scheduler.queue_job :: MailChimp_WooCommerce_Single_Order starts in 90 seconds :: obj_id 295506
2020-11-04T22:25:56+00:00 NOTICE action_scheduler.queue_job :: MailChimp_WooCommerce_Single_Order starts in 90 seconds :: obj_id 295509
