2020-09-11T00:01:19+00:00 NOTICE action_scheduler.queue_job :: MailChimp_WooCommerce_Single_Order starts in 90 seconds :: obj_id 209102
2020-09-11T00:01:25+00:00 NOTICE debug :: Order ID 209102 was processing and is now completed :: Array
(
    [new_order] => 
    [tracking] => 
)

2020-09-11T00:01:26+00:00 NOTICE debug :: Order ID 209102 was pending and is now processing :: Array
(
    [new_order] => 1
    [tracking] => Array
        (
            [campaign_id] => 
            [landing_site] => 
        )

)

2020-09-11T00:04:21+00:00 NOTICE order.member.updated :: Updated benamey@gmail.com language to en
2020-09-11T00:04:21+00:00 NOTICE order_submit.success :: addStoreOrder :: #209102 :: email: benamey@gmail.com
2020-09-11T00:14:59+00:00 NOTICE action_scheduler.queue_job :: MailChimp_WooCommerce_User_Submit queued :: obj_id 590
2020-09-11T00:15:04+00:00 NOTICE debug :: Order ID 177059 was processing and is now completed :: Array
(
    [new_order] => 
    [tracking] => 
)

2020-09-11T00:15:04+00:00 NOTICE action_scheduler.queue_job :: MailChimp_WooCommerce_Single_Order starts in 90 seconds :: obj_id 177059
2020-09-11T00:15:06+00:00 NOTICE member.sync :: Updated Member petrie.joshua@gmail.com ( merge fields only ) :: Array
(
    [merge_fields] => Array
        (
            [FNAME] => Josh
            [LNAME] => Petrie
        )

)

2020-09-11T00:16:52+00:00 NOTICE order_submit.success :: updateStoreOrder :: #177059 :: email: petrie.joshua@gmail.com
2020-09-11T01:59:40+00:00 NOTICE action_scheduler.queue_job :: MailChimp_WooCommerce_Single_Order starts in 90 seconds :: obj_id 209265
2020-09-11T01:59:44+00:00 NOTICE action_scheduler.queue_job :: MailChimp_WooCommerce_User_Submit queued :: obj_id 98
2020-09-11T01:59:46+00:00 NOTICE debug :: Order ID 209265 was processing and is now completed :: Array
(
    [new_order] => 
    [tracking] => 
)

2020-09-11T01:59:46+00:00 NOTICE debug :: Order ID 209265 was pending and is now processing :: Array
(
    [new_order] => 1
    [tracking] => Array
        (
            [campaign_id] => 
            [landing_site] => https://www.hotshot.nz/wp-login.php?interim-login=1&wp_lang=en_NZ
        )

)

2020-09-11T01:59:56+00:00 NOTICE member.sync :: Updated Member gravy_au@hotmail.co.nz ( merge fields only ) :: Array
(
    [merge_fields] => Array
        (
            [FNAME] => Suchira
            [LNAME] => Chaiwat
        )

)

2020-09-11T02:01:17+00:00 NOTICE order.member.updated :: Updated gravy_au@hotmail.co.nz language to en
2020-09-11T02:01:17+00:00 NOTICE order_submit.success :: addStoreOrder :: #209265 :: email: gravy_au@hotmail.co.nz :: landing site https://www.hotshot.nz/wp-login.php?interim-login=1&wp_lang=en_NZ
2020-09-11T02:50:15+00:00 NOTICE action_scheduler.queue_job :: MailChimp_WooCommerce_Single_Order starts in 90 seconds :: obj_id 209332
2020-09-11T02:52:18+00:00 NOTICE order_sumbit :: #209332 has a financial status of pending and was skipped.
2020-09-11T04:12:16+00:00 NOTICE action_scheduler.queue_job :: MailChimp_WooCommerce_User_Submit queued :: obj_id 636
2020-09-11T04:12:18+00:00 NOTICE action_scheduler.queue_job :: MailChimp_WooCommerce_User_Submit queued :: obj_id 636
2020-09-11T04:12:19+00:00 NOTICE member.sync :: Subscribed Member gretadunn59@gmail.com :: Array
(
    [status_if_new] => 1
    [merge_fields] => Array
        (
            [FNAME] => Greta
            [LNAME] => Dunn
        )

)

2020-09-11T04:12:20+00:00 NOTICE action_scheduler.queue_job :: MailChimp_WooCommerce_Single_Order starts in 90 seconds :: obj_id 209466
2020-09-11T04:14:50+00:00 NOTICE order_sumbit :: #209466 has a financial status of pending and was skipped.
2020-09-11T04:48:54+00:00 NOTICE action_scheduler.queue_job :: MailChimp_WooCommerce_User_Submit queued :: obj_id 637
2020-09-11T04:48:57+00:00 NOTICE action_scheduler.queue_job :: MailChimp_WooCommerce_Single_Order starts in 90 seconds :: obj_id 209508
2020-09-11T04:49:34+00:00 NOTICE action_scheduler.queue_job :: MailChimp_WooCommerce_Cart_Update queued :: obj_id fe7229030c18c430e67fee03756a90f8
2020-09-11T04:49:37+00:00 NOTICE member.sync :: Subscribed Member john@lellman.com :: Array
(
    [status_if_new] => 1
    [merge_fields] => Array
        (
            [FNAME] => John
            [LNAME] => Lellman
        )

)

2020-09-11T04:49:39+00:00 NOTICE abandoned_cart.success :: email: gretadunn59@gmail.com :: checkout_url: https://www.hotshot.nz/checkout/?mc_cart_id=fe7229030c18c430e67fee03756a90f8
2020-09-11T04:49:39+00:00 NOTICE cart.member.updated :: Updated gretadunn59@gmail.com language to en
2020-09-11T04:51:39+00:00 NOTICE action_scheduler.queue_job :: MailChimp_WooCommerce_Single_Order starts in 90 seconds :: obj_id 209508
2020-09-11T04:51:40+00:00 NOTICE order_sumbit :: #209508 has a financial status of pending and was skipped.
2020-09-11T04:51:41+00:00 NOTICE debug :: Order ID 209508 was pending and is now processing :: Array
(
    [new_order] => 1
    [tracking] => Array
        (
            [campaign_id] => 
            [landing_site] => https://www.hotshot.nz/
        )

)

2020-09-11T04:53:23+00:00 NOTICE order_submit.success :: addStoreOrder :: #209508 :: email: john@lellman.com :: landing site https://www.hotshot.nz/
2020-09-11T18:34:47+00:00 NOTICE action_scheduler.queue_job :: MailChimp_WooCommerce_Cart_Update queued :: obj_id 8bbcd7c8a48b148cc29b2feb7eb7217a
2020-09-11T18:34:47+00:00 NOTICE action_scheduler.queue_job :: MailChimp_WooCommerce_Cart_Update queued :: obj_id 8bbcd7c8a48b148cc29b2feb7eb7217a
2020-09-11T18:34:51+00:00 NOTICE abandoned_cart.success :: email: hardakeralexis@gmail.com :: checkout_url: https://www.hotshot.nz/checkout/?mc_cart_id=8bbcd7c8a48b148cc29b2feb7eb7217a
2020-09-11T18:34:52+00:00 NOTICE cart.member.updated :: Updated hardakeralexis@gmail.com language to en
2020-09-11T18:34:53+00:00 NOTICE abandoned_cart.success :: email: hardakeralexis@gmail.com :: checkout_url: https://www.hotshot.nz/checkout/?mc_cart_id=8bbcd7c8a48b148cc29b2feb7eb7217a
2020-09-11T18:36:37+00:00 NOTICE action_scheduler.queue_job :: MailChimp_WooCommerce_User_Submit queued :: obj_id 638
2020-09-11T18:36:40+00:00 NOTICE action_scheduler.queue_job :: MailChimp_WooCommerce_Single_Order starts in 90 seconds :: obj_id 210010
2020-09-11T18:37:27+00:00 NOTICE member.sync :: Updated Member hardakeralexis@gmail.com :: Array
(
    [previous_status] => transactional
    [status] => 1
    [merge_fields] => Array
        (
            [FNAME] => Kahlia
            [LNAME] => Hardaker
        )

)

2020-09-11T18:38:05+00:00 NOTICE debug :: Order ID 210010 was pending and is now failed :: Array
(
    [new_order] => 
    [tracking] => 
)

2020-09-11T18:41:02+00:00 NOTICE system.debug :: order 210010 is in failed status, and is being skipped for now.
