2020-08-07T02:10:38+00:00 NOTICE action_scheduler.queue_job :: MailChimp_WooCommerce_User_Submit queued :: obj_id 552
2020-08-07T02:10:44+00:00 NOTICE debug :: Order ID 131221 was processing and is now completed :: Array
(
    [new_order] => 
    [tracking] => 
)

2020-08-07T02:10:44+00:00 NOTICE action_scheduler.queue_job :: MailChimp_WooCommerce_Single_Order starts in 90 seconds :: obj_id 131221
2020-08-07T02:10:49+00:00 NOTICE member.sync :: Updated Member phyllis-v@outlook.com ( merge fields only ) :: Array
(
    [merge_fields] => Array
        (
            [FNAME] => Phyllis
            [LNAME] => Vaughan
        )

)

2020-08-07T02:12:17+00:00 NOTICE order_submit.success :: updateStoreOrder :: #131221 :: email: phyllis-v@outlook.com
2020-08-07T03:42:43+00:00 NOTICE action_scheduler.queue_job :: MailChimp_WooCommerce_User_Submit queued :: obj_id 554
2020-08-07T03:42:46+00:00 NOTICE action_scheduler.queue_job :: MailChimp_WooCommerce_User_Submit queued :: obj_id 554
2020-08-07T03:42:46+00:00 NOTICE action_scheduler.queue_job :: MailChimp_WooCommerce_Single_Order starts in 90 seconds :: obj_id 134246
2020-08-07T03:42:48+00:00 NOTICE member.sync :: Subscribed Member kimkaukau3@gmail.com :: Array
(
    [status_if_new] => 1
    [merge_fields] => Array
        (
            [FNAME] => KIm
            [LNAME] => Kaukau
        )

)

2020-08-07T03:44:07+00:00 NOTICE debug :: Order ID 134246 was pending and is now processing :: Array
(
    [new_order] => 1
    [tracking] => Array
        (
            [campaign_id] => 
            [landing_site] => https://www.hotshot.nz/?gclid=CjwKCAjw1K75BRAEEiwAd41h1CcSg5ej8FmfMRqOtojONAklDEFo5KLE7-SBGh1blNjthJXINmqByBoC-2gQAvD_BwE
        )

)

2020-08-07T03:46:27+00:00 NOTICE order.member.updated :: Updated kimkaukau3@gmail.com language to en
2020-08-07T03:46:27+00:00 NOTICE order_submit.success :: addStoreOrder :: #134246 :: email: kimkaukau3@gmail.com :: landing site https://www.hotshot.nz/?gclid=CjwKCAjw1K75BRAEEiwAd41h1CcSg5ej8FmfMRqOtojONAklDEFo5KLE7-SBGh1blNjthJXINmqByBoC-2gQAvD_BwE
2020-08-07T04:26:09+00:00 NOTICE action_scheduler.queue_job :: MailChimp_WooCommerce_Cart_Update queued :: obj_id 6157fed2895c2833cb5ebe143e65862f
2020-08-07T04:26:17+00:00 NOTICE abandoned_cart.success :: email: misspuohotaua2@gmail.com :: checkout_url: https://www.hotshot.nz/checkout/?mc_cart_id=6157fed2895c2833cb5ebe143e65862f
2020-08-07T04:26:17+00:00 NOTICE cart.member.updated :: Updated misspuohotaua2@gmail.com language to en
2020-08-07T04:26:37+00:00 NOTICE action_scheduler.queue_job :: MailChimp_WooCommerce_User_Submit queued :: obj_id 538
2020-08-07T04:26:38+00:00 NOTICE action_scheduler.queue_job :: MailChimp_WooCommerce_Single_Order starts in 90 seconds :: obj_id 134336
2020-08-07T04:27:40+00:00 NOTICE member.sync :: Updated Member misspuohotaua2@gmail.com ( merge fields only ) :: Array
(
    [merge_fields] => Array
        (
            [FNAME] => Melissa
            [LNAME] => Katene
        )

)

2020-08-07T04:28:41+00:00 NOTICE debug :: Order ID 134336 was pending and is now processing :: Array
(
    [new_order] => 1
    [tracking] => Array
        (
            [campaign_id] => 
            [landing_site] => https://www.hotshot.nz/?wc-ajax=get_refreshed_fragments
        )

)

2020-08-07T04:29:41+00:00 NOTICE action_scheduler.queue_job :: MailChimp_WooCommerce_Cart_Update queued :: obj_id 6157fed2895c2833cb5ebe143e65862f
2020-08-07T04:29:48+00:00 NOTICE abandoned_cart.success :: email: misspuohotaua2@gmail.com :: checkout_url: https://www.hotshot.nz/checkout/?mc_cart_id=6157fed2895c2833cb5ebe143e65862f
2020-08-07T04:30:53+00:00 NOTICE order.member.updated :: Updated misspuohotaua2@gmail.com language to en
2020-08-07T04:30:53+00:00 NOTICE order_submit.success :: addStoreOrder :: #134336 :: email: misspuohotaua2@gmail.com :: landing site https://www.hotshot.nz/?wc-ajax=get_refreshed_fragments :: abandoned cart deleted [6157fed2895c2833cb5ebe143e65862f]
2020-08-07T08:40:15+00:00 NOTICE action_scheduler.queue_job :: MailChimp_WooCommerce_Cart_Update queued :: obj_id aab7a3d2fe42398cfc0ee3ff809bc796
2020-08-07T08:42:36+00:00 NOTICE abandoned_cart.success :: email: mikejenks1992@outlook.com :: checkout_url: https://www.hotshot.nz/checkout/?mc_cart_id=aab7a3d2fe42398cfc0ee3ff809bc796
2020-08-07T08:42:37+00:00 NOTICE cart.member.updated :: Updated mikejenks1992@outlook.com language to en
2020-08-07T08:47:18+00:00 NOTICE action_scheduler.queue_job :: MailChimp_WooCommerce_Cart_Update queued :: obj_id aab7a3d2fe42398cfc0ee3ff809bc796
2020-08-07T08:47:22+00:00 NOTICE abandoned_cart.success :: email: mikejenks1992@outlook.com :: checkout_url: https://www.hotshot.nz/checkout/?mc_cart_id=aab7a3d2fe42398cfc0ee3ff809bc796
2020-08-07T20:21:37+00:00 NOTICE action_scheduler.queue_job :: MailChimp_WooCommerce_User_Submit queued :: obj_id 555
2020-08-07T20:21:39+00:00 NOTICE action_scheduler.queue_job :: MailChimp_WooCommerce_User_Submit queued :: obj_id 555
2020-08-07T20:21:40+00:00 NOTICE action_scheduler.queue_job :: MailChimp_WooCommerce_Single_Order starts in 90 seconds :: obj_id 134934
2020-08-07T20:21:41+00:00 NOTICE member.sync :: Subscribed Member pakanaemarae@gmail.com :: Array
(
    [status_if_new] => 1
    [merge_fields] => Array
        (
            [FNAME] => Peter
            [LNAME] => Moetara
        )

)

2020-08-07T20:24:51+00:00 NOTICE order_sumbit :: #134934 has a financial status of pending and was skipped.
