2020-09-08T01:35:57+00:00 NOTICE action_scheduler.queue_job :: MailChimp_WooCommerce_User_Submit queued :: obj_id 628
2020-09-08T01:36:01+00:00 NOTICE action_scheduler.queue_job :: MailChimp_WooCommerce_Single_Order starts in 90 seconds :: obj_id 204379
2020-09-08T01:36:17+00:00 NOTICE member.sync :: Subscribed Member laycehunniepaul@gmail.com :: Array
(
    [status_if_new] => 1
    [merge_fields] => Array
        (
            [FNAME] => Khan tamati
            [LNAME] => Paul
        )

)

2020-09-08T01:37:36+00:00 NOTICE order_sumbit :: #204379 has a financial status of pending and was skipped.
2020-09-08T01:39:51+00:00 NOTICE action_scheduler.queue_job :: MailChimp_WooCommerce_User_Submit queued :: obj_id 612
2020-09-08T01:39:57+00:00 NOTICE debug :: Order ID 187045 was processing and is now completed :: Array
(
    [new_order] => 
    [tracking] => 
)

2020-09-08T01:39:57+00:00 NOTICE action_scheduler.queue_job :: MailChimp_WooCommerce_Single_Order starts in 90 seconds :: obj_id 187045
2020-09-08T01:40:14+00:00 NOTICE member.sync :: Updated Member rjl.roofing@gmail.com ( merge fields only ) :: Array
(
    [merge_fields] => Array
        (
            [FNAME] => Jean-marie
            [LNAME] => Manuels
        )

)

2020-09-08T01:42:49+00:00 NOTICE order_submit.success :: updateStoreOrder :: #187045 :: email: rjl.roofing@gmail.com
2020-09-08T01:57:19+00:00 NOTICE action_scheduler.queue_job :: MailChimp_WooCommerce_Single_Order starts in 90 seconds :: obj_id 192122
2020-09-08T01:59:31+00:00 NOTICE order_sumbit :: #192122 has a financial status of pending and was skipped.
2020-09-08T02:21:12+00:00 NOTICE action_scheduler.queue_job :: MailChimp_WooCommerce_Cart_Update queued :: obj_id 4d0dba95e60c6377fa418bb9a0962377
2020-09-08T02:21:19+00:00 NOTICE abandoned_cart.success :: email: sharnikelly55@gmail.com :: checkout_url: https://www.hotshot.nz/checkout/?mc_cart_id=4d0dba95e60c6377fa418bb9a0962377
2020-09-08T02:21:19+00:00 NOTICE cart.member.updated :: Updated sharnikelly55@gmail.com language to en
2020-09-08T02:21:40+00:00 NOTICE action_scheduler.queue_job :: MailChimp_WooCommerce_User_Submit queued :: obj_id 525
2020-09-08T02:21:40+00:00 NOTICE action_scheduler.queue_job :: MailChimp_WooCommerce_Single_Order starts in 90 seconds :: obj_id 204471
2020-09-08T02:23:06+00:00 NOTICE debug :: Order ID 204471 was pending and is now processing :: Array
(
    [new_order] => 1
    [tracking] => Array
        (
            [campaign_id] => e52fbfb7eb
            [landing_site] => https://www.hotshot.nz/?wc-ajax=get_refreshed_fragments
        )

)

2020-09-08T02:23:07+00:00 NOTICE member.sync :: Updated Member sharnikelly55@gmail.com ( merge fields only ) :: Array
(
    [merge_fields] => Array
        (
            [FNAME] => Sharni
            [LNAME] => Kelly
        )

)

2020-09-08T02:23:40+00:00 NOTICE action_scheduler.queue_job :: MailChimp_WooCommerce_Cart_Update queued :: obj_id 4d0dba95e60c6377fa418bb9a0962377
2020-09-08T02:24:38+00:00 NOTICE abandoned_cart.success :: email: sharnikelly55@gmail.com :: checkout_url: https://www.hotshot.nz/checkout/?mc_cart_id=4d0dba95e60c6377fa418bb9a0962377
2020-09-08T02:24:43+00:00 NOTICE order.member.updated :: Updated sharnikelly55@gmail.com language to en
2020-09-08T02:24:43+00:00 NOTICE order_submit.success :: addStoreOrder :: #204471 :: email: sharnikelly55@gmail.com :: campaign id e52fbfb7eb :: landing site https://www.hotshot.nz/?wc-ajax=get_refreshed_fragments :: abandoned cart deleted [4d0dba95e60c6377fa418bb9a0962377]
2020-09-08T02:25:06+00:00 NOTICE action_scheduler.queue_job :: MailChimp_WooCommerce_User_Submit queued :: obj_id 525
2020-09-08T02:25:08+00:00 NOTICE member.sync :: Updated Member sharnikelly55@gmail.com ( merge fields only ) :: Array
(
    [merge_fields] => Array
        (
            [FNAME] => Sharni
            [LNAME] => Kelly
        )

)

2020-09-08T02:25:11+00:00 NOTICE debug :: Order ID 204471 was processing and is now completed :: Array
(
    [new_order] => 
    [tracking] => 
)

2020-09-08T02:25:11+00:00 NOTICE action_scheduler.queue_job :: MailChimp_WooCommerce_Single_Order starts in 90 seconds :: obj_id 204471
2020-09-08T02:27:06+00:00 NOTICE order_submit.success :: updateStoreOrder :: #204471 :: email: sharnikelly55@gmail.com
2020-09-08T03:10:38+00:00 NOTICE action_scheduler.queue_job :: MailChimp_WooCommerce_Single_Order starts in 90 seconds :: obj_id 192122
2020-09-08T03:12:21+00:00 NOTICE order_sumbit :: #192122 has a financial status of pending and was skipped.
2020-09-08T03:16:22+00:00 NOTICE action_scheduler.queue_job :: MailChimp_WooCommerce_Single_Order starts in 90 seconds :: obj_id 196364
2020-09-08T03:17:32+00:00 NOTICE action_scheduler.queue_job :: MailChimp_WooCommerce_Single_Order starts in 90 seconds :: obj_id 198785
2020-09-08T03:18:07+00:00 NOTICE order_sumbit :: #196364 has a financial status of pending and was skipped.
2020-09-08T03:18:25+00:00 NOTICE action_scheduler.queue_job :: MailChimp_WooCommerce_Single_Order starts in 90 seconds :: obj_id 201903
2020-09-08T03:21:07+00:00 NOTICE order_sumbit :: #198785 has a financial status of pending and was skipped.
2020-09-08T03:21:08+00:00 NOTICE order_sumbit :: #201903 has a financial status of pending and was skipped.
2020-09-08T04:03:21+00:00 NOTICE action_scheduler.queue_job :: MailChimp_WooCommerce_Single_Order starts in 90 seconds :: obj_id 204670
2020-09-08T04:09:44+00:00 NOTICE order_sumbit :: #204670 has a financial status of pending and was skipped.
2020-09-08T04:43:07+00:00 NOTICE action_scheduler.queue_job :: MailChimp_WooCommerce_Cart_Update queued :: obj_id 4600de6d32a4c0e8f7054f7f3f507610
2020-09-08T04:43:17+00:00 NOTICE abandoned_cart.success :: email: tipenelaird@gmail.com :: checkout_url: https://www.hotshot.nz/checkout/?mc_cart_id=4600de6d32a4c0e8f7054f7f3f507610
2020-09-08T04:43:17+00:00 NOTICE cart.member.updated :: Updated tipenelaird@gmail.com language to en
2020-09-08T04:43:52+00:00 NOTICE action_scheduler.queue_job :: MailChimp_WooCommerce_User_Submit queued :: obj_id 622
2020-09-08T04:43:53+00:00 NOTICE action_scheduler.queue_job :: MailChimp_WooCommerce_Single_Order starts in 90 seconds :: obj_id 204712
2020-09-08T04:44:57+00:00 NOTICE member.sync :: Updated Member tipenelaird@gmail.com ( merge fields only ) :: Array
(
    [merge_fields] => Array
        (
            [FNAME] => Stephen
            [LNAME] => Laird
        )

)

2020-09-08T04:45:12+00:00 NOTICE debug :: Order ID 204712 was pending and is now failed :: Array
(
    [new_order] => 
    [tracking] => 
)

2020-09-08T04:45:31+00:00 NOTICE action_scheduler.queue_job :: MailChimp_WooCommerce_Cart_Update queued :: obj_id 4600de6d32a4c0e8f7054f7f3f507610
2020-09-08T04:46:15+00:00 NOTICE abandoned_cart.success :: email: tipenelaird@gmail.com :: checkout_url: https://www.hotshot.nz/checkout/?mc_cart_id=4600de6d32a4c0e8f7054f7f3f507610
2020-09-08T04:47:26+00:00 NOTICE system.debug :: order 204712 is in failed status, and is being skipped for now.
2020-09-08T05:24:27+00:00 NOTICE action_scheduler.queue_job :: MailChimp_WooCommerce_User_Submit queued :: obj_id 630
2020-09-08T05:27:52+00:00 NOTICE member.sync :: Subscribed Member jgheaven@hotmail.co.nz :: Array
(
    [status_if_new] => 1
    [merge_fields] => Array
        (
        )

)

2020-09-08T07:38:45+00:00 NOTICE action_scheduler.queue_job :: MailChimp_WooCommerce_User_Submit queued :: obj_id 631
2020-09-08T07:38:48+00:00 NOTICE action_scheduler.queue_job :: MailChimp_WooCommerce_Single_Order starts in 90 seconds :: obj_id 204867
2020-09-08T07:39:15+00:00 NOTICE debug :: Order ID 204867 was pending and is now failed :: Array
(
    [new_order] => 
    [tracking] => 
)

2020-09-08T07:39:19+00:00 NOTICE member.sync :: Subscribed Member talaelisara78@gmail.com :: Array
(
    [status_if_new] => 1
    [merge_fields] => Array
        (
            [FNAME] => Talaitau
            [LNAME] => Elisara
        )

)

2020-09-08T07:41:10+00:00 NOTICE system.debug :: order 204867 is in failed status, and is being skipped for now.
2020-09-08T07:50:39+00:00 NOTICE action_scheduler.queue_job :: MailChimp_WooCommerce_Cart_Update queued :: obj_id 4600de6d32a4c0e8f7054f7f3f507610
2020-09-08T07:50:41+00:00 NOTICE abandoned_cart.success :: email: tipenelaird@gmail.com :: checkout_url: https://www.hotshot.nz/checkout/?mc_cart_id=4600de6d32a4c0e8f7054f7f3f507610
2020-09-08T07:50:41+00:00 NOTICE action_scheduler.queue_job :: MailChimp_WooCommerce_Cart_Update queued :: obj_id 4600de6d32a4c0e8f7054f7f3f507610
2020-09-08T07:50:42+00:00 NOTICE cart.member.updated :: Updated tipenelaird@gmail.com language to en
2020-09-08T07:50:44+00:00 NOTICE abandoned_cart.success :: email: tipenelaird@gmail.com :: checkout_url: https://www.hotshot.nz/checkout/?mc_cart_id=4600de6d32a4c0e8f7054f7f3f507610
2020-09-08T07:51:14+00:00 NOTICE action_scheduler.queue_job :: MailChimp_WooCommerce_User_Submit queued :: obj_id 622
2020-09-08T07:51:18+00:00 NOTICE member.sync :: Updated Member tipenelaird@gmail.com ( merge fields only ) :: Array
(
    [merge_fields] => Array
        (
            [FNAME] => Stephen
            [LNAME] => Laird
        )

)

2020-09-08T07:52:36+00:00 NOTICE action_scheduler.queue_job :: MailChimp_WooCommerce_Single_Order starts in 90 seconds :: obj_id 204712
2020-09-08T07:52:38+00:00 NOTICE debug :: Order ID 204712 was failed and is now processing :: Array
(
    [new_order] => 
    [tracking] => 
)

2020-09-08T07:54:20+00:00 NOTICE order_submit.success :: addStoreOrder :: #204712 :: email: tipenelaird@gmail.com :: landing site https://www.hotshot.nz/?wc-ajax=get_refreshed_fragments :: abandoned cart deleted [4600de6d32a4c0e8f7054f7f3f507610]
2020-09-08T08:35:26+00:00 NOTICE action_scheduler.queue_job :: MailChimp_WooCommerce_Single_Order starts in 90 seconds :: obj_id 204936
2020-09-08T08:35:32+00:00 NOTICE debug :: Order ID 204936 was processing and is now completed :: Array
(
    [new_order] => 
    [tracking] => 
)

2020-09-08T08:35:32+00:00 NOTICE debug :: Order ID 204936 was pending and is now processing :: Array
(
    [new_order] => 1
    [tracking] => Array
        (
            [campaign_id] => 
            [landing_site] => 
        )

)

2020-09-08T08:37:40+00:00 NOTICE order.member.updated :: Updated nifisio23@gmail.com language to en
2020-09-08T08:37:40+00:00 NOTICE order_submit.success :: addStoreOrder :: #204936 :: email: nifisio23@gmail.com
2020-09-08T11:38:14+00:00 NOTICE action_scheduler.queue_job :: MailChimp_WooCommerce_Cart_Update queued :: obj_id 5587d3ad47f325b4e30b10cf3164c62b
2020-09-08T11:38:15+00:00 NOTICE abandoned_cart.success :: email: jgheaven@hotmail.co.nz :: checkout_url: https://www.hotshot.nz/checkout/?mc_cart_id=5587d3ad47f325b4e30b10cf3164c62b
2020-09-08T11:38:16+00:00 NOTICE cart.member.updated :: Updated jgheaven@hotmail.co.nz language to en
2020-09-08T20:29:58+00:00 NOTICE action_scheduler.queue_job :: MailChimp_WooCommerce_Single_Order starts in 90 seconds :: obj_id 205324
2020-09-08T20:30:04+00:00 NOTICE debug :: Order ID 205324 was processing and is now completed :: Array
(
    [new_order] => 
    [tracking] => 
)

2020-09-08T20:30:04+00:00 NOTICE debug :: Order ID 205324 was pending and is now processing :: Array
(
    [new_order] => 1
    [tracking] => Array
        (
            [campaign_id] => 
            [landing_site] => 
        )

)

2020-09-08T20:30:05+00:00 NOTICE action_scheduler.queue_job :: MailChimp_WooCommerce_Single_Order starts in 90 seconds :: obj_id 205332
2020-09-08T20:30:11+00:00 NOTICE debug :: Order ID 205332 was processing and is now completed :: Array
(
    [new_order] => 
    [tracking] => 
)

2020-09-08T20:30:12+00:00 NOTICE debug :: Order ID 205332 was pending and is now processing :: Array
(
    [new_order] => 1
    [tracking] => Array
        (
            [campaign_id] => 
            [landing_site] => 
        )

)

2020-09-08T20:31:34+00:00 NOTICE order.member.updated :: Updated honza.barty@gmail.com language to en
2020-09-08T20:31:34+00:00 NOTICE order_submit.success :: addStoreOrder :: #205324 :: email: honza.barty@gmail.com
2020-09-08T20:31:45+00:00 NOTICE order.member.updated :: Updated adnmcgowan@yahoo.co.nz language to en
2020-09-08T20:31:45+00:00 NOTICE order_submit.success :: addStoreOrder :: #205332 :: email: adnmcgowan@yahoo.co.nz
2020-09-08T20:53:06+00:00 NOTICE action_scheduler.queue_job :: MailChimp_WooCommerce_Single_Order starts in 90 seconds :: obj_id 205358
2020-09-08T20:53:11+00:00 NOTICE debug :: Order ID 205358 was processing and is now completed :: Array
(
    [new_order] => 
    [tracking] => 
)

2020-09-08T20:53:11+00:00 NOTICE debug :: Order ID 205358 was pending and is now processing :: Array
(
    [new_order] => 1
    [tracking] => Array
        (
            [campaign_id] => 
            [landing_site] => 
        )

)

2020-09-08T20:56:46+00:00 NOTICE order.member.updated :: Updated yulia.borodin@gmail.com language to en
2020-09-08T20:56:46+00:00 NOTICE order_submit.success :: addStoreOrder :: #205358 :: email: yulia.borodin@gmail.com
2020-09-08T22:41:09+00:00 NOTICE action_scheduler.queue_job :: MailChimp_WooCommerce_User_Submit queued :: obj_id 632
2020-09-08T22:41:12+00:00 NOTICE action_scheduler.queue_job :: MailChimp_WooCommerce_Single_Order starts in 90 seconds :: obj_id 205492
2020-09-08T22:41:20+00:00 NOTICE member.sync :: Subscribed Member hemanmandali@yahoo.com :: Array
(
    [status_if_new] => 1
    [merge_fields] => Array
        (
            [FNAME] => Heman
            [LNAME] => Mandali
        )

)

2020-09-08T22:42:53+00:00 NOTICE debug :: Order ID 205492 was pending and is now processing :: Array
(
    [new_order] => 1
    [tracking] => Array
        (
            [campaign_id] => 
            [landing_site] => https://www.hotshot.nz/
        )

)

2020-09-08T22:44:43+00:00 NOTICE order.member.updated :: Updated hemanmandali@yahoo.com language to en
2020-09-08T22:44:43+00:00 NOTICE order_submit.success :: addStoreOrder :: #205492 :: email: hemanmandali@yahoo.com :: landing site https://www.hotshot.nz/
2020-09-08T23:10:00+00:00 NOTICE action_scheduler.queue_job :: MailChimp_WooCommerce_User_Submit queued :: obj_id 633
2020-09-08T23:10:04+00:00 NOTICE action_scheduler.queue_job :: MailChimp_WooCommerce_Single_Order starts in 90 seconds :: obj_id 205574
2020-09-08T23:10:20+00:00 NOTICE member.sync :: Subscribed Member lenzsawrg@live.com :: Array
(
    [status_if_new] => 1
    [merge_fields] => Array
        (
            [FNAME] => Eddie
            [LNAME] => Tupaea
        )

)

2020-09-08T23:11:37+00:00 NOTICE order_sumbit :: #205574 has a financial status of pending and was skipped.
2020-09-08T23:12:52+00:00 NOTICE action_scheduler.queue_job :: MailChimp_WooCommerce_User_Submit queued :: obj_id 634
2020-09-08T23:12:55+00:00 NOTICE action_scheduler.queue_job :: MailChimp_WooCommerce_Single_Order starts in 90 seconds :: obj_id 205589
2020-09-08T23:13:16+00:00 NOTICE member.sync :: Subscribed Member melfatafehi@yahoo.com :: Array
(
    [status_if_new] => 1
    [merge_fields] => Array
        (
            [FNAME] => Melenaite
            [LNAME] => Fatafehi
        )

)

2020-09-08T23:14:11+00:00 NOTICE debug :: Order ID 205589 was pending and is now failed :: Array
(
    [new_order] => 
    [tracking] => 
)

2020-09-08T23:16:44+00:00 NOTICE system.debug :: order 205589 is in failed status, and is being skipped for now.
2020-09-08T23:28:52+00:00 NOTICE action_scheduler.queue_job :: MailChimp_WooCommerce_Cart_Update queued :: obj_id 898abdfcddcdf78babe5ccb5f0d4b28b
2020-09-08T23:30:13+00:00 NOTICE abandoned_cart.success :: email: 154468331@qq.com :: checkout_url: https://www.hotshot.nz/checkout/?mc_cart_id=898abdfcddcdf78babe5ccb5f0d4b28b
2020-09-08T23:30:14+00:00 NOTICE cart.member.updated :: Updated 154468331@qq.com language to en
2020-09-08T23:30:58+00:00 NOTICE action_scheduler.queue_job :: MailChimp_WooCommerce_Cart_Update queued :: obj_id 898abdfcddcdf78babe5ccb5f0d4b28b
2020-09-08T23:31:20+00:00 NOTICE abandoned_cart.success :: email: 154468331@qq.com :: checkout_url: https://www.hotshot.nz/checkout/?mc_cart_id=898abdfcddcdf78babe5ccb5f0d4b28b
