2020-07-23T02:23:50+00:00 NOTICE action_scheduler.queue_job :: MailChimp_WooCommerce_Single_Order starts in 90 seconds :: obj_id 97828
2020-07-23T02:23:54+00:00 NOTICE debug :: Order ID 97828 was processing and is now completed :: Array
(
    [new_order] => 
    [tracking] => 
)

2020-07-23T02:23:54+00:00 NOTICE debug :: Order ID 97828 was pending and is now processing :: Array
(
    [new_order] => 1
    [tracking] => Array
        (
            [campaign_id] => 
            [landing_site] => 
        )

)

2020-07-23T02:25:55+00:00 NOTICE order.member.updated :: Updated rorymcpherson45@gmail.com language to en
2020-07-23T02:25:55+00:00 NOTICE order_submit.success :: addStoreOrder :: #97828 :: email: rorymcpherson45@gmail.com
2020-07-23T03:34:32+00:00 NOTICE action_scheduler.queue_job :: MailChimp_WooCommerce_User_Submit queued :: obj_id 517
2020-07-23T03:34:34+00:00 NOTICE action_scheduler.queue_job :: MailChimp_WooCommerce_Single_Order starts in 90 seconds :: obj_id 97952
2020-07-23T03:36:04+00:00 NOTICE member.sync :: Subscribed Member tylergrowden06@gmail.com :: Array
(
    [status_if_new] => 1
    [merge_fields] => Array
        (
            [FNAME] => Wayne
            [LNAME] => Anderson
        )

)

2020-07-23T03:36:05+00:00 NOTICE order_sumbit :: #97952 has a financial status of pending and was skipped.
2020-07-23T04:07:55+00:00 NOTICE action_scheduler.queue_job :: MailChimp_WooCommerce_Single_Order starts in 90 seconds :: obj_id 81673
2020-07-23T04:07:56+00:00 NOTICE debug :: Order ID 81673 was pending and is now cancelled :: Array
(
    [new_order] => 
    [tracking] => 
)

2020-07-23T04:07:56+00:00 NOTICE action_scheduler.queue_job :: MailChimp_WooCommerce_Single_Order starts in 90 seconds :: obj_id 83452
2020-07-23T04:07:57+00:00 NOTICE debug :: Order ID 83452 was pending and is now cancelled :: Array
(
    [new_order] => 
    [tracking] => 
)

2020-07-23T04:07:57+00:00 NOTICE action_scheduler.queue_job :: MailChimp_WooCommerce_Single_Order starts in 90 seconds :: obj_id 84776
2020-07-23T04:07:58+00:00 NOTICE debug :: Order ID 84776 was pending and is now cancelled :: Array
(
    [new_order] => 
    [tracking] => 
)

2020-07-23T04:07:58+00:00 NOTICE action_scheduler.queue_job :: MailChimp_WooCommerce_Single_Order starts in 90 seconds :: obj_id 84945
2020-07-23T04:07:58+00:00 NOTICE debug :: Order ID 84945 was pending and is now cancelled :: Array
(
    [new_order] => 
    [tracking] => 
)

2020-07-23T04:07:59+00:00 NOTICE action_scheduler.queue_job :: MailChimp_WooCommerce_Single_Order starts in 90 seconds :: obj_id 85874
2020-07-23T04:07:59+00:00 NOTICE debug :: Order ID 85874 was pending and is now cancelled :: Array
(
    [new_order] => 
    [tracking] => 
)

2020-07-23T04:08:00+00:00 NOTICE action_scheduler.queue_job :: MailChimp_WooCommerce_Single_Order starts in 90 seconds :: obj_id 86068
2020-07-23T04:08:00+00:00 NOTICE debug :: Order ID 86068 was pending and is now cancelled :: Array
(
    [new_order] => 
    [tracking] => 
)

2020-07-23T04:08:01+00:00 NOTICE action_scheduler.queue_job :: MailChimp_WooCommerce_Single_Order starts in 90 seconds :: obj_id 86889
2020-07-23T04:08:02+00:00 NOTICE debug :: Order ID 86889 was pending and is now cancelled :: Array
(
    [new_order] => 
    [tracking] => 
)

2020-07-23T04:08:02+00:00 NOTICE action_scheduler.queue_job :: MailChimp_WooCommerce_Single_Order starts in 90 seconds :: obj_id 88272
2020-07-23T04:08:02+00:00 NOTICE debug :: Order ID 88272 was pending and is now cancelled :: Array
(
    [new_order] => 
    [tracking] => 
)

2020-07-23T04:08:03+00:00 NOTICE action_scheduler.queue_job :: MailChimp_WooCommerce_Single_Order starts in 90 seconds :: obj_id 88323
2020-07-23T04:08:03+00:00 NOTICE debug :: Order ID 88323 was pending and is now cancelled :: Array
(
    [new_order] => 
    [tracking] => 
)

2020-07-23T04:10:36+00:00 NOTICE order_sumbit :: #81673 has a financial status of cancelled and was skipped.
2020-07-23T04:10:37+00:00 NOTICE order_sumbit :: #83452 has a financial status of cancelled and was skipped.
2020-07-23T04:10:39+00:00 NOTICE order_sumbit :: #84776 has a financial status of cancelled and was skipped.
2020-07-23T04:10:40+00:00 NOTICE order_sumbit :: #84945 has a financial status of cancelled and was skipped.
2020-07-23T04:10:42+00:00 NOTICE order_sumbit :: #85874 has a financial status of cancelled and was skipped.
2020-07-23T04:10:44+00:00 NOTICE order_sumbit :: #86068 has a financial status of cancelled and was skipped.
2020-07-23T04:10:45+00:00 NOTICE order_sumbit :: #86889 has a financial status of cancelled and was skipped.
2020-07-23T04:10:47+00:00 NOTICE order_sumbit :: #88272 has a financial status of cancelled and was skipped.
2020-07-23T04:10:48+00:00 NOTICE order_sumbit :: #88323 has a financial status of cancelled and was skipped.
2020-07-23T06:23:46+00:00 NOTICE action_scheduler.queue_job :: MailChimp_WooCommerce_Cart_Update queued :: obj_id 120bafa5561852164df48f6b9afabafc
2020-07-23T06:23:50+00:00 NOTICE abandoned_cart.success :: email: alben.thomas@gmail.com :: checkout_url: https://www.hotshot.nz/checkout/?mc_cart_id=120bafa5561852164df48f6b9afabafc
2020-07-23T06:23:50+00:00 NOTICE cart.member.updated :: Updated alben.thomas@gmail.com language to en
2020-07-23T06:24:25+00:00 NOTICE action_scheduler.queue_job :: MailChimp_WooCommerce_Cart_Update queued :: obj_id 120bafa5561852164df48f6b9afabafc
2020-07-23T06:25:28+00:00 NOTICE abandoned_cart.success :: email: alben.thomas@gmail.com :: checkout_url: https://www.hotshot.nz/checkout/?mc_cart_id=120bafa5561852164df48f6b9afabafc
2020-07-23T06:30:47+00:00 NOTICE action_scheduler.queue_job :: MailChimp_WooCommerce_Cart_Update queued :: obj_id 120bafa5561852164df48f6b9afabafc
2020-07-23T06:30:49+00:00 NOTICE abandoned_cart.success :: email: alben.thomas@gmail.com :: checkout_url: https://www.hotshot.nz/checkout/?mc_cart_id=120bafa5561852164df48f6b9afabafc
2020-07-23T06:32:44+00:00 NOTICE action_scheduler.queue_job :: MailChimp_WooCommerce_Single_Order starts in 90 seconds :: obj_id 88118
2020-07-23T06:32:46+00:00 NOTICE action_scheduler.queue_job :: MailChimp_WooCommerce_User_Submit queued :: obj_id 457
2020-07-23T06:32:47+00:00 NOTICE debug :: Order ID 88118 was processing and is now completed :: Array
(
    [new_order] => 
    [tracking] => 
)

2020-07-23T06:32:47+00:00 NOTICE debug :: Order ID 88118 was pending and is now processing :: Array
(
    [new_order] => 1
    [tracking] => Array
        (
            [campaign_id] => 
            [landing_site] => https://www.hotshot.nz/
        )

)

2020-07-23T06:32:49+00:00 NOTICE member.sync :: Updated Member alben.thomas@gmail.com :: Array
(
    [previous_status] => transactional
    [status] => 1
    [merge_fields] => Array
        (
            [FNAME] => Albie
            [LNAME] => Thomas
        )

)

2020-07-23T06:35:42+00:00 NOTICE order_submit.success :: addStoreOrder :: #88118 :: email: alben.thomas@gmail.com :: landing site https://www.hotshot.nz/ :: abandoned cart deleted [120bafa5561852164df48f6b9afabafc]
2020-07-23T08:24:19+00:00 NOTICE action_scheduler.queue_job :: MailChimp_WooCommerce_Single_Order starts in 90 seconds :: obj_id 98257
2020-07-23T08:25:29+00:00 NOTICE debug :: Order ID 98257 was pending and is now processing :: Array
(
    [new_order] => 1
    [tracking] => Array
        (
            [campaign_id] => 
            [landing_site] => https://www.hotshot.nz/?wc-ajax=get_refreshed_fragments
        )

)

2020-07-23T08:28:49+00:00 NOTICE order.member.updated :: Updated mdejong@technicorp.com language to en
2020-07-23T08:28:49+00:00 NOTICE order_submit.success :: addStoreOrder :: #98257 :: email: mdejong@technicorp.com :: landing site https://www.hotshot.nz/?wc-ajax=get_refreshed_fragments
2020-07-23T17:24:26+00:00 NOTICE action_scheduler.queue_job :: MailChimp_WooCommerce_User_Submit queued :: obj_id 519
2020-07-23T17:24:29+00:00 NOTICE action_scheduler.queue_job :: MailChimp_WooCommerce_Single_Order starts in 90 seconds :: obj_id 98632
2020-07-23T17:24:59+00:00 NOTICE member.sync :: Subscribed Member Sammiiwhite8869@gmail.com :: Array
(
    [status_if_new] => 1
    [merge_fields] => Array
        (
            [FNAME] => Gerard
            [LNAME] => Kovaleski
        )

)

2020-07-23T17:25:57+00:00 NOTICE debug :: Order ID 98632 was pending and is now failed :: Array
(
    [new_order] => 
    [tracking] => 
)

2020-07-23T17:30:06+00:00 NOTICE system.debug :: order 98632 is in failed status, and is being skipped for now.
2020-07-23T21:08:32+00:00 NOTICE action_scheduler.queue_job :: MailChimp_WooCommerce_User_Submit queued :: obj_id 509
2020-07-23T21:08:37+00:00 NOTICE debug :: Order ID 89262 was processing and is now completed :: Array
(
    [new_order] => 
    [tracking] => 
)

2020-07-23T21:08:37+00:00 NOTICE action_scheduler.queue_job :: MailChimp_WooCommerce_Single_Order starts in 90 seconds :: obj_id 89262
2020-07-23T21:08:52+00:00 NOTICE member.sync :: Updated Member sarahjanerees@yahoo.com.au ( merge fields only ) :: Array
(
    [merge_fields] => Array
        (
            [FNAME] => Sarah
            [LNAME] => Rees
        )

)

2020-07-23T21:09:38+00:00 NOTICE debug :: Order ID 96660 was processing and is now completed :: Array
(
    [new_order] => 
    [tracking] => 
)

2020-07-23T21:09:38+00:00 NOTICE action_scheduler.queue_job :: MailChimp_WooCommerce_Single_Order starts in 90 seconds :: obj_id 96660
2020-07-23T21:10:15+00:00 NOTICE order_submit.success :: updateStoreOrder :: #89262 :: email: sarahjanerees@yahoo.com.au
2020-07-23T21:12:01+00:00 NOTICE order_submit.success :: updateStoreOrder :: #96660 :: email: renurazmeen@gmail.com
2020-07-23T22:39:57+00:00 NOTICE action_scheduler.queue_job :: MailChimp_WooCommerce_Single_Order starts in 90 seconds :: obj_id 98941
2020-07-23T22:40:01+00:00 NOTICE debug :: Order ID 98941 was processing and is now completed :: Array
(
    [new_order] => 
    [tracking] => 
)

2020-07-23T22:40:01+00:00 NOTICE debug :: Order ID 98941 was pending and is now processing :: Array
(
    [new_order] => 1
    [tracking] => Array
        (
            [campaign_id] => 
            [landing_site] => 
        )

)

2020-07-23T22:41:33+00:00 NOTICE order.member.updated :: Updated visserj@mailforce.net language to en
2020-07-23T22:41:33+00:00 NOTICE order_submit.success :: addStoreOrder :: #98941 :: email: visserj@mailforce.net
2020-07-23T22:42:55+00:00 NOTICE debug :: Order ID 93533 was processing and is now completed :: Array
(
    [new_order] => 
    [tracking] => 
)

2020-07-23T22:42:55+00:00 NOTICE action_scheduler.queue_job :: MailChimp_WooCommerce_Single_Order starts in 90 seconds :: obj_id 93533
2020-07-23T22:45:25+00:00 NOTICE order_submit.success :: updateStoreOrder :: #93533 :: email: mkatvargas22@gmail.com
2020-07-23T23:32:10+00:00 NOTICE debug :: Order ID 75253 was processing and is now completed :: Array
(
    [new_order] => 
    [tracking] => 
)

2020-07-23T23:32:10+00:00 NOTICE action_scheduler.queue_job :: MailChimp_WooCommerce_Single_Order starts in 90 seconds :: obj_id 75253
2020-07-23T23:33:47+00:00 NOTICE action_scheduler.queue_job :: MailChimp_WooCommerce_Single_Order starts in 90 seconds :: obj_id 99069
2020-07-23T23:33:51+00:00 NOTICE debug :: Order ID 99069 was processing and is now completed :: Array
(
    [new_order] => 
    [tracking] => 
)

2020-07-23T23:33:51+00:00 NOTICE debug :: Order ID 99069 was pending and is now processing :: Array
(
    [new_order] => 1
    [tracking] => Array
        (
            [campaign_id] => 
            [landing_site] => https://www.hotshot.nz/wp-admin/admin-ajax.php
        )

)

2020-07-23T23:33:55+00:00 NOTICE order_submit.success :: updateStoreOrder :: #75253 :: email: mkatvargas22@gmail.com
2020-07-23T23:36:06+00:00 NOTICE order.member.updated :: Updated odonneluke@gmail.com language to en
2020-07-23T23:36:06+00:00 NOTICE order_submit.success :: addStoreOrder :: #99069 :: email: odonneluke@gmail.com :: landing site https://www.hotshot.nz/wp-admin/admin-ajax.php
