2020-09-30T00:00:34+00:00 NOTICE action_scheduler.queue_job :: MailChimp_WooCommerce_User_Submit queued :: obj_id 558
2020-09-30T00:00:37+00:00 NOTICE member.sync :: Updated Member leeanneminhinnick@gmail.com ( merge fields only ) :: Array
(
    [merge_fields] => Array
        (
            [FNAME] => Leeanne
            [LNAME] => Minhinnick
        )

)

2020-09-30T00:00:37+00:00 NOTICE debug :: Order ID 194324 was processing and is now completed :: Array
(
    [new_order] => 
    [tracking] => 
)

2020-09-30T00:00:37+00:00 NOTICE action_scheduler.queue_job :: MailChimp_WooCommerce_Single_Order starts in 90 seconds :: obj_id 194324
2020-09-30T00:03:00+00:00 NOTICE order_submit.success :: updateStoreOrder :: #194324 :: email: leeanneminhinnick@gmail.com
2020-09-30T01:39:20+00:00 NOTICE action_scheduler.queue_job :: MailChimp_WooCommerce_Single_Order starts in 90 seconds :: obj_id 220551
2020-09-30T01:42:47+00:00 NOTICE order_sumbit :: #220551 has a financial status of pending and was skipped.
2020-09-30T01:44:57+00:00 NOTICE action_scheduler.queue_job :: MailChimp_WooCommerce_Single_Order starts in 90 seconds :: obj_id 237749
2020-09-30T01:45:02+00:00 NOTICE debug :: Order ID 237749 was processing and is now completed :: Array
(
    [new_order] => 
    [tracking] => 
)

2020-09-30T01:45:02+00:00 NOTICE debug :: Order ID 237749 was pending and is now processing :: Array
(
    [new_order] => 1
    [tracking] => Array
        (
            [campaign_id] => 
            [landing_site] => 
        )

)

2020-09-30T01:46:35+00:00 NOTICE order.member.updated :: Updated taurora1231@gmail.com language to en
2020-09-30T01:46:35+00:00 NOTICE order_submit.success :: addStoreOrder :: #237749 :: email: taurora1231@gmail.com
2020-09-30T02:09:05+00:00 NOTICE action_scheduler.queue_job :: MailChimp_WooCommerce_Single_Order starts in 90 seconds :: obj_id 237795
2020-09-30T02:10:40+00:00 NOTICE order_sumbit :: #237795 has a financial status of pending and was skipped.
2020-09-30T06:28:42+00:00 NOTICE action_scheduler.queue_job :: MailChimp_WooCommerce_Cart_Update queued :: obj_id df0fbccdd9127edd09eae2ef1c99a5e8
2020-09-30T06:28:54+00:00 NOTICE abandoned_cart.success :: email: singhkarora@gmail.com :: checkout_url: https://www.hotshot.nz/checkout/?mc_cart_id=df0fbccdd9127edd09eae2ef1c99a5e8
2020-09-30T06:28:54+00:00 NOTICE cart.member.updated :: Updated singhkarora@gmail.com language to en
2020-09-30T06:29:31+00:00 NOTICE action_scheduler.queue_job :: MailChimp_WooCommerce_User_Submit queued :: obj_id 502
2020-09-30T06:29:32+00:00 NOTICE action_scheduler.queue_job :: MailChimp_WooCommerce_Single_Order starts in 90 seconds :: obj_id 238104
2020-09-30T06:30:25+00:00 NOTICE debug :: Order ID 238104 was pending and is now processing :: Array
(
    [new_order] => 1
    [tracking] => Array
        (
            [campaign_id] => 
            [landing_site] => https://www.hotshot.nz/?wc-ajax=get_refreshed_fragments
        )

)

2020-09-30T06:30:26+00:00 NOTICE member.sync :: Updated Member singhkarora@gmail.com ( merge fields only ) :: Array
(
    [merge_fields] => Array
        (
            [FNAME] => Karora
            [LNAME] => Singh
        )

)

2020-09-30T06:32:14+00:00 NOTICE order.member.updated :: Updated singhkarora@gmail.com language to en
2020-09-30T06:32:14+00:00 NOTICE order_submit.success :: addStoreOrder :: #238104 :: email: singhkarora@gmail.com :: landing site https://www.hotshot.nz/?wc-ajax=get_refreshed_fragments :: abandoned cart deleted [df0fbccdd9127edd09eae2ef1c99a5e8]
2020-09-30T06:59:11+00:00 NOTICE action_scheduler.queue_job :: MailChimp_WooCommerce_Cart_Update queued :: obj_id df0fbccdd9127edd09eae2ef1c99a5e8
2020-09-30T06:59:33+00:00 NOTICE action_scheduler.queue_job :: MailChimp_WooCommerce_User_Submit queued :: obj_id 502
2020-09-30T07:00:49+00:00 NOTICE action_scheduler.queue_job :: MailChimp_WooCommerce_Single_Order starts in 90 seconds :: obj_id 220551
2020-09-30T07:00:52+00:00 NOTICE abandoned_cart.success :: email: singhkarora@gmail.com :: checkout_url: https://www.hotshot.nz/checkout/?mc_cart_id=df0fbccdd9127edd09eae2ef1c99a5e8
2020-09-30T07:00:52+00:00 NOTICE debug :: Order ID 220551 was processing and is now completed :: Array
(
    [new_order] => 
    [tracking] => 
)

2020-09-30T07:00:52+00:00 NOTICE debug :: Order ID 220551 was pending and is now processing :: Array
(
    [new_order] => 1
    [tracking] => Array
        (
            [campaign_id] => 
            [landing_site] => https://www.hotshot.nz/?gclid=CjwKCAjwjLD4BRAiEiwAg5NBFmkdnm9bakTFh0RvHlVNA0kRBivI6JWh0YgFY0aFhFOyH-wmQAaEdxoCKtkQAvD_BwE
        )

)

2020-09-30T07:00:54+00:00 NOTICE member.sync :: Updated Member singhkarora@gmail.com ( merge fields only ) :: Array
(
    [merge_fields] => Array
        (
            [FNAME] => Karora
            [LNAME] => Singh
        )

)

2020-09-30T07:04:10+00:00 NOTICE order_submit.success :: addStoreOrder :: #220551 :: email: singhkarora@gmail.com :: landing site https://www.hotshot.nz/?gclid=CjwKCAjwjLD4BRAiEiwAg5NBFmkdnm9bakTFh0RvHlVNA0kRBivI6JWh0YgFY0aFhFOyH-wmQAaEdxoCKtkQAvD_BwE :: abandoned cart deleted [df0fbccdd9127edd09eae2ef1c99a5e8]
2020-09-30T20:15:46+00:00 NOTICE action_scheduler.queue_job :: MailChimp_WooCommerce_User_Submit queued :: obj_id 502
2020-09-30T20:15:50+00:00 NOTICE debug :: Order ID 238104 was processing and is now completed :: Array
(
    [new_order] => 
    [tracking] => 
)

2020-09-30T20:15:50+00:00 NOTICE action_scheduler.queue_job :: MailChimp_WooCommerce_Single_Order starts in 90 seconds :: obj_id 238104
2020-09-30T20:15:53+00:00 NOTICE member.sync :: Updated Member singhkarora@gmail.com ( merge fields only ) :: Array
(
    [merge_fields] => Array
        (
            [FNAME] => Karora
            [LNAME] => Singh
        )

)

2020-09-30T20:17:57+00:00 NOTICE order_submit.success :: updateStoreOrder :: #238104 :: email: singhkarora@gmail.com
2020-09-30T21:00:46+00:00 NOTICE action_scheduler.queue_job :: MailChimp_WooCommerce_SingleCoupon queued :: obj_id 238802
2020-09-30T21:00:50+00:00 ERROR promo_code_submit.error :: error updating promo rule #238802 :: max4less :: Error Code 400 :: <p>: Required fields were not provided: type, target</p> on 1817 in /www/wwwroot/www.hotshot.nz/wp-content/plugins/mailchimp-for-woocommerce/includes/api/class-mailchimp-api.php
2020-09-30T21:03:58+00:00 NOTICE action_scheduler.queue_job :: MailChimp_WooCommerce_SingleCoupon queued :: obj_id 238802
2020-09-30T21:03:59+00:00 ERROR promo_code_submit.error :: error updating promo rule #238802 :: max4less :: Error Code 400 :: <p>: Required fields were not provided: type, target</p> on 1817 in /www/wwwroot/www.hotshot.nz/wp-content/plugins/mailchimp-for-woocommerce/includes/api/class-mailchimp-api.php
2020-09-30T21:09:30+00:00 NOTICE debug :: Order ID 235478 was processing and is now completed :: Array
(
    [new_order] => 
    [tracking] => 
)

2020-09-30T21:09:30+00:00 NOTICE action_scheduler.queue_job :: MailChimp_WooCommerce_Single_Order starts in 90 seconds :: obj_id 235478
2020-09-30T21:09:45+00:00 NOTICE action_scheduler.queue_job :: MailChimp_WooCommerce_SingleCoupon queued :: obj_id 238802
2020-09-30T21:09:54+00:00 ERROR promo_code_submit.error :: error updating promo rule #238802 :: max4less :: Error Code 400 :: <p>: Required fields were not provided: type, target</p> on 1817 in /www/wwwroot/www.hotshot.nz/wp-content/plugins/mailchimp-for-woocommerce/includes/api/class-mailchimp-api.php
2020-09-30T21:11:09+00:00 NOTICE order_submit.success :: updateStoreOrder :: #235478 :: email: hazimhamid@outlook.com :: abandoned cart deleted [ffa9a0adbf86d136af305bee1d02b35b]
2020-09-30T21:36:52+00:00 NOTICE action_scheduler.queue_job :: MailChimp_WooCommerce_Single_Order starts in 90 seconds :: obj_id 238919
2020-09-30T21:36:56+00:00 NOTICE action_scheduler.queue_job :: MailChimp_WooCommerce_User_Submit queued :: obj_id 550
2020-09-30T21:36:58+00:00 NOTICE debug :: Order ID 238919 was processing and is now completed :: Array
(
    [new_order] => 
    [tracking] => 
)

2020-09-30T21:36:58+00:00 NOTICE debug :: Order ID 238919 was pending and is now processing :: Array
(
    [new_order] => 1
    [tracking] => Array
        (
            [campaign_id] => 
            [landing_site] => https://www.hotshot.nz/
        )

)

2020-09-30T21:37:01+00:00 NOTICE member.sync :: Updated Member hapemanaena@yahoo.com.au ( merge fields only ) :: Array
(
    [merge_fields] => Array
        (
            [FNAME] => Hape
            [LNAME] => Manaena
        )

)

2020-09-30T21:39:16+00:00 NOTICE order.member.updated :: Updated hapemanaena@yahoo.com.au language to en
2020-09-30T21:39:16+00:00 NOTICE order_submit.success :: addStoreOrder :: #238919 :: email: hapemanaena@yahoo.com.au :: landing site https://www.hotshot.nz/wp-admin/admin-ajax.php
2020-09-30T21:56:25+00:00 NOTICE action_scheduler.queue_job :: MailChimp_WooCommerce_Single_Order starts in 90 seconds :: obj_id 238974
2020-09-30T21:56:30+00:00 NOTICE debug :: Order ID 238974 was processing and is now completed :: Array
(
    [new_order] => 
    [tracking] => 
)

2020-09-30T21:56:31+00:00 NOTICE debug :: Order ID 238974 was pending and is now processing :: Array
(
    [new_order] => 1
    [tracking] => Array
        (
            [campaign_id] => 
            [landing_site] => https://www.hotshot.nz/broadband-application/
        )

)

2020-09-30T21:58:58+00:00 NOTICE order.member.updated :: Updated HELLO@105KOTUKU.CO.NZ language to en
2020-09-30T21:58:58+00:00 NOTICE order_submit.success :: addStoreOrder :: #238974 :: email: HELLO@105KOTUKU.CO.NZ
2020-09-30T22:08:28+00:00 NOTICE action_scheduler.queue_job :: MailChimp_WooCommerce_User_Submit queued :: obj_id 689
2020-09-30T22:08:31+00:00 NOTICE action_scheduler.queue_job :: MailChimp_WooCommerce_Single_Order starts in 90 seconds :: obj_id 239002
2020-09-30T22:08:48+00:00 NOTICE debug :: Order ID 239002 was pending and is now failed :: Array
(
    [new_order] => 
    [tracking] => 
)

2020-09-30T22:08:55+00:00 NOTICE member.sync :: Subscribed Member mercboss@yahoo.com :: Array
(
    [status_if_new] => 1
    [merge_fields] => Array
        (
            [FNAME] => amber
            [LNAME] => monaghan
        )

)

2020-09-30T22:12:40+00:00 NOTICE system.debug :: order 239002 is in failed status, and is being skipped for now.
