2020-09-25T00:12:59+00:00 NOTICE action_scheduler.queue_job :: MailChimp_WooCommerce_Cart_Update queued :: obj_id e35bf2f53652a5d662519caa2620baea
2020-09-25T00:14:34+00:00 NOTICE abandoned_cart.success :: email: tyngo1388@gmail.com :: checkout_url: https://www.hotshot.nz/checkout/?mc_cart_id=e35bf2f53652a5d662519caa2620baea
2020-09-25T00:14:34+00:00 NOTICE cart.member.updated :: Updated tyngo1388@gmail.com language to en
2020-09-25T00:15:24+00:00 NOTICE action_scheduler.queue_job :: MailChimp_WooCommerce_User_Submit queued :: obj_id 675
2020-09-25T00:15:26+00:00 NOTICE member.sync :: Updated Member tyngo1388@gmail.com :: Array
(
    [previous_status] => transactional
    [status] => 1
    [merge_fields] => Array
        (
            [FNAME] => TY
            [LNAME] => Ngo
        )

)

2020-09-25T00:15:27+00:00 NOTICE action_scheduler.queue_job :: MailChimp_WooCommerce_User_Submit queued :: obj_id 675
2020-09-25T00:15:28+00:00 NOTICE action_scheduler.queue_job :: MailChimp_WooCommerce_Single_Order starts in 90 seconds :: obj_id 229712
2020-09-25T00:17:00+00:00 NOTICE debug :: Order ID 229712 was pending and is now processing :: Array
(
    [new_order] => 1
    [tracking] => Array
        (
            [campaign_id] => 
            [landing_site] => https://www.hotshot.nz/
        )

)

2020-09-25T00:18:56+00:00 NOTICE order.member.updated :: Updated tyngo1388@gmail.com language to en
2020-09-25T00:18:56+00:00 NOTICE order_submit.success :: addStoreOrder :: #229712 :: email: tyngo1388@gmail.com :: landing site https://www.hotshot.nz/ :: abandoned cart deleted [e35bf2f53652a5d662519caa2620baea]
2020-09-25T01:53:19+00:00 NOTICE action_scheduler.queue_job :: MailChimp_WooCommerce_Single_Order starts in 90 seconds :: obj_id 220551
2020-09-25T01:54:49+00:00 NOTICE debug :: Order ID 221794 was processing and is now completed :: Array
(
    [new_order] => 
    [tracking] => 
)

2020-09-25T01:54:50+00:00 NOTICE action_scheduler.queue_job :: MailChimp_WooCommerce_Single_Order starts in 90 seconds :: obj_id 221794
2020-09-25T01:54:50+00:00 NOTICE debug :: Order ID 221794 was pending and is now processing :: Array
(
    [new_order] => 1
    [tracking] => Array
        (
            [campaign_id] => 
            [landing_site] => 
        )

)

2020-09-25T01:54:55+00:00 NOTICE order_sumbit :: #220551 has a financial status of pending and was skipped.
2020-09-25T01:56:23+00:00 NOTICE order_submit.success :: addStoreOrder :: #221794 :: email: jacksgully@gmail.com
2020-09-25T02:32:44+00:00 NOTICE action_scheduler.queue_job :: MailChimp_WooCommerce_Single_Order starts in 90 seconds :: obj_id 229912
2020-09-25T02:32:50+00:00 NOTICE action_scheduler.queue_job :: MailChimp_WooCommerce_User_Submit queued :: obj_id 618
2020-09-25T02:32:52+00:00 NOTICE debug :: Order ID 229912 was processing and is now completed :: Array
(
    [new_order] => 
    [tracking] => 
)

2020-09-25T02:32:52+00:00 NOTICE debug :: Order ID 229912 was pending and is now processing :: Array
(
    [new_order] => 1
    [tracking] => Array
        (
            [campaign_id] => 
            [landing_site] => https://www.hotshot.nz/
        )

)

2020-09-25T02:33:02+00:00 NOTICE member.sync :: Updated Member theo@thebiglawncompany.co.nz ( merge fields only ) :: Array
(
    [merge_fields] => Array
        (
            [FNAME] => Theo
            [LNAME] => Chapple
        )

)

2020-09-25T02:34:36+00:00 NOTICE order.member.updated :: Updated theo@thebiglawncompany.co.nz language to en
2020-09-25T02:34:36+00:00 NOTICE order_submit.success :: addStoreOrder :: #229912 :: email: theo@thebiglawncompany.co.nz
2020-09-25T02:48:09+00:00 NOTICE action_scheduler.queue_job :: MailChimp_WooCommerce_Single_Order starts in 90 seconds :: obj_id 229971
2020-09-25T02:48:15+00:00 NOTICE action_scheduler.queue_job :: MailChimp_WooCommerce_User_Submit queued :: obj_id 102
2020-09-25T02:48:16+00:00 NOTICE debug :: Order ID 229971 was processing and is now completed :: Array
(
    [new_order] => 
    [tracking] => 
)

2020-09-25T02:48:17+00:00 NOTICE debug :: Order ID 229971 was pending and is now processing :: Array
(
    [new_order] => 1
    [tracking] => Array
        (
            [campaign_id] => 
            [landing_site] => 
        )

)

2020-09-25T02:48:20+00:00 NOTICE member.sync :: Updated Member redpianotom@gmail.com ( merge fields only ) :: Array
(
    [merge_fields] => Array
        (
            [FNAME] => tom
            [LNAME] => harris
        )

)

2020-09-25T02:50:15+00:00 NOTICE order.member.updated :: Updated redpianotom@gmail.com language to en
2020-09-25T02:50:15+00:00 NOTICE order_submit.success :: addStoreOrder :: #229971 :: email: redpianotom@gmail.com
2020-09-25T03:01:50+00:00 NOTICE action_scheduler.queue_job :: MailChimp_WooCommerce_Single_Order starts in 90 seconds :: obj_id 223629
2020-09-25T03:03:31+00:00 NOTICE order_sumbit :: #223629 has a financial status of pending and was skipped.
2020-09-25T03:16:21+00:00 NOTICE action_scheduler.queue_job :: MailChimp_WooCommerce_Single_Order starts in 90 seconds :: obj_id 230044
2020-09-25T03:18:22+00:00 NOTICE order_sumbit :: #230044 has a financial status of pending and was skipped.
2020-09-25T04:16:59+00:00 NOTICE action_scheduler.queue_job :: MailChimp_WooCommerce_User_Submit queued :: obj_id 676
2020-09-25T04:17:03+00:00 NOTICE action_scheduler.queue_job :: MailChimp_WooCommerce_User_Submit queued :: obj_id 676
2020-09-25T04:17:04+00:00 NOTICE action_scheduler.queue_job :: MailChimp_WooCommerce_Single_Order starts in 90 seconds :: obj_id 230145
2020-09-25T04:17:06+00:00 NOTICE member.sync :: Subscribed Member Sarahbates2001@outlook.com :: Array
(
    [status_if_new] => 1
    [merge_fields] => Array
        (
            [FNAME] => Sarah
            [LNAME] => Hamilton
        )

)

2020-09-25T04:17:36+00:00 NOTICE debug :: Order ID 230145 was pending and is now failed :: Array
(
    [new_order] => 
    [tracking] => 
)

2020-09-25T04:20:04+00:00 NOTICE system.debug :: order 230145 is in failed status, and is being skipped for now.
2020-09-25T04:31:58+00:00 NOTICE action_scheduler.queue_job :: MailChimp_WooCommerce_Cart_Update queued :: obj_id e35bf2f53652a5d662519caa2620baea
2020-09-25T04:32:00+00:00 NOTICE abandoned_cart.success :: email: tyngo1388@gmail.com :: checkout_url: https://www.hotshot.nz/checkout/?mc_cart_id=e35bf2f53652a5d662519caa2620baea
2020-09-25T04:32:01+00:00 NOTICE cart.member.updated :: Updated tyngo1388@gmail.com language to en
2020-09-25T04:32:03+00:00 ERROR action_scheduler.process_job.fail :: Job MailChimp_WooCommerce_Cart_Update not found at wp__mailchimp_jobs database table :: obj_id e35bf2f53652a5d662519caa2620baea
2020-09-25T04:32:03+00:00 ERROR action_scheduler.process_job.fail :: Job MailChimp_WooCommerce_Cart_Update not found at wp__mailchimp_jobs database table :: obj_id e35bf2f53652a5d662519caa2620baea
2020-09-25T04:32:04+00:00 NOTICE action_scheduler.queue_job :: MailChimp_WooCommerce_Cart_Update queued :: obj_id e35bf2f53652a5d662519caa2620baea
2020-09-25T04:32:39+00:00 NOTICE abandoned_cart.success :: email: tyngo1388@gmail.com :: checkout_url: https://www.hotshot.nz/checkout/?mc_cart_id=e35bf2f53652a5d662519caa2620baea
2020-09-25T05:20:07+00:00 NOTICE action_scheduler.queue_job :: MailChimp_WooCommerce_Single_Order starts in 90 seconds :: obj_id 220551
2020-09-25T05:22:11+00:00 NOTICE order_sumbit :: #220551 has a financial status of pending and was skipped.
2020-09-25T05:29:24+00:00 NOTICE action_scheduler.queue_job :: MailChimp_WooCommerce_User_Submit queued :: obj_id 677
2020-09-25T05:29:27+00:00 NOTICE action_scheduler.queue_job :: MailChimp_WooCommerce_Single_Order starts in 90 seconds :: obj_id 230306
2020-09-25T05:29:38+00:00 NOTICE member.sync :: Subscribed Member dancheck06@gmail.com :: Array
(
    [status_if_new] => 1
    [merge_fields] => Array
        (
            [FNAME] => Dan
            [LNAME] => Check
        )

)

2020-09-25T05:31:07+00:00 NOTICE order_sumbit :: #230306 has a financial status of pending and was skipped.
2020-09-25T19:59:25+00:00 NOTICE action_scheduler.queue_job :: MailChimp_WooCommerce_Single_Order starts in 90 seconds :: obj_id 230792
2020-09-25T19:59:31+00:00 NOTICE debug :: Order ID 230792 was processing and is now completed :: Array
(
    [new_order] => 
    [tracking] => 
)

2020-09-25T19:59:31+00:00 NOTICE debug :: Order ID 230792 was pending and is now processing :: Array
(
    [new_order] => 1
    [tracking] => Array
        (
            [campaign_id] => 
            [landing_site] => 
        )

)

2020-09-25T20:01:34+00:00 NOTICE order.member.updated :: Updated gb_bailey@hotmail.com language to en
2020-09-25T20:01:34+00:00 NOTICE order_submit.success :: addStoreOrder :: #230792 :: email: gb_bailey@hotmail.com
2020-09-25T21:01:47+00:00 NOTICE action_scheduler.queue_job :: MailChimp_WooCommerce_User_Submit queued :: obj_id 675
2020-09-25T21:01:53+00:00 NOTICE debug :: Order ID 229712 was processing and is now completed :: Array
(
    [new_order] => 
    [tracking] => 
)

2020-09-25T21:01:53+00:00 NOTICE action_scheduler.queue_job :: MailChimp_WooCommerce_Single_Order starts in 90 seconds :: obj_id 229712
2020-09-25T21:02:06+00:00 ERROR member.sync :: tyngo1388@gmail.com :: Error Code 400 :: tyngo1388@gmail.com is in a compliance state due to unsubscribe, bounce, or compliance review and cannot be subscribed. on 1825 in /www/wwwroot/www.hotshot.nz/wp-content/plugins/mailchimp-for-woocommerce/includes/api/class-mailchimp-api.php
2020-09-25T21:05:40+00:00 NOTICE order_submit.success :: updateStoreOrder :: #229712 :: email: tyngo1388@gmail.com :: abandoned cart deleted [e35bf2f53652a5d662519caa2620baea]
2020-09-25T22:14:58+00:00 NOTICE action_scheduler.queue_job :: MailChimp_WooCommerce_Single_Order starts in 90 seconds :: obj_id 230911
2020-09-25T22:15:03+00:00 NOTICE action_scheduler.queue_job :: MailChimp_WooCommerce_User_Submit queued :: obj_id 524
2020-09-25T22:15:05+00:00 NOTICE debug :: Order ID 230911 was processing and is now completed :: Array
(
    [new_order] => 
    [tracking] => 
)

2020-09-25T22:15:05+00:00 NOTICE debug :: Order ID 230911 was pending and is now processing :: Array
(
    [new_order] => 1
    [tracking] => Array
        (
            [campaign_id] => 
            [landing_site] => https://www.hotshot.nz/
        )

)

2020-09-25T22:15:08+00:00 NOTICE member.sync :: Updated Member ebattarbee@gmail.com ( merge fields only ) :: Array
(
    [merge_fields] => Array
        (
            [FNAME] => Emma
            [LNAME] => Battarbee
        )

)

2020-09-25T22:16:48+00:00 NOTICE order.member.updated :: Updated ebattarbee@gmail.com language to en
2020-09-25T22:16:48+00:00 NOTICE order_submit.success :: addStoreOrder :: #230911 :: email: ebattarbee@gmail.com
2020-09-25T22:21:40+00:00 NOTICE action_scheduler.queue_job :: MailChimp_WooCommerce_Single_Order starts in 90 seconds :: obj_id 230931
2020-09-25T22:23:27+00:00 NOTICE order_sumbit :: #230931 has a financial status of pending and was skipped.
2020-09-25T22:57:50+00:00 NOTICE action_scheduler.queue_job :: MailChimp_WooCommerce_Single_Order starts in 90 seconds :: obj_id 230978
2020-09-25T22:57:56+00:00 NOTICE debug :: Order ID 230978 was processing and is now completed :: Array
(
    [new_order] => 
    [tracking] => 
)

2020-09-25T22:57:56+00:00 NOTICE debug :: Order ID 230978 was pending and is now processing :: Array
(
    [new_order] => 1
    [tracking] => Array
        (
            [campaign_id] => 
            [landing_site] => 
        )

)

2020-09-25T22:59:52+00:00 NOTICE order.member.updated :: Updated glennbell@gmail.com language to en
2020-09-25T22:59:52+00:00 NOTICE order_submit.success :: addStoreOrder :: #230978 :: email: glennbell@gmail.com
2020-09-25T23:16:18+00:00 NOTICE action_scheduler.queue_job :: MailChimp_WooCommerce_Single_Order starts in 90 seconds :: obj_id 231010
2020-09-25T23:16:23+00:00 NOTICE debug :: Order ID 231010 was processing and is now completed :: Array
(
    [new_order] => 
    [tracking] => 
)

2020-09-25T23:16:23+00:00 NOTICE debug :: Order ID 231010 was pending and is now processing :: Array
(
    [new_order] => 1
    [tracking] => Array
        (
            [campaign_id] => 
            [landing_site] => 
        )

)

2020-09-25T23:17:56+00:00 NOTICE order.member.updated :: Updated christiaan.erasmus@gmail.com language to en
2020-09-25T23:17:56+00:00 NOTICE order_submit.success :: addStoreOrder :: #231010 :: email: christiaan.erasmus@gmail.com
