2020-07-11T00:01:57+00:00 NOTICE order.member.updated :: Updated benamey@gmail.com language to en
2020-07-11T00:01:57+00:00 NOTICE order_submit.success :: addStoreOrder :: #81056 :: email: benamey@gmail.com
2020-07-11T01:58:09+00:00 NOTICE action_scheduler.queue_job :: MailChimp_WooCommerce_Single_Order starts in 90 seconds :: obj_id 81151
2020-07-11T01:58:13+00:00 NOTICE action_scheduler.queue_job :: MailChimp_WooCommerce_User_Submit queued :: obj_id 98
2020-07-11T01:58:14+00:00 NOTICE debug :: Order ID 81151 was processing and is now completed :: Array
(
    [new_order] => 
    [tracking] => 
)

2020-07-11T01:58:15+00:00 NOTICE debug :: Order ID 81151 was pending and is now processing :: Array
(
    [new_order] => 1
    [tracking] => Array
        (
            [campaign_id] => 
            [landing_site] => 
        )

)

2020-07-11T01:58:17+00:00 NOTICE member.sync :: Updated Member gravy_au@hotmail.co.nz ( merge fields only ) :: Array
(
    [merge_fields] => Array
        (
            [FNAME] => Suchira
            [LNAME] => Chaiwat
        )

)

2020-07-11T02:00:10+00:00 NOTICE order.member.updated :: Updated gravy_au@hotmail.co.nz language to en
2020-07-11T02:00:10+00:00 NOTICE order_submit.success :: addStoreOrder :: #81151 :: email: gravy_au@hotmail.co.nz
2020-07-11T02:06:49+00:00 NOTICE action_scheduler.queue_job :: MailChimp_WooCommerce_User_Submit queued :: obj_id 494
2020-07-11T02:06:51+00:00 NOTICE action_scheduler.queue_job :: MailChimp_WooCommerce_Single_Order starts in 90 seconds :: obj_id 81183
2020-07-11T02:06:51+00:00 NOTICE member.sync :: Subscribed Member caezark14@gmail.com :: Array
(
    [status_if_new] => 1
    [merge_fields] => Array
        (
            [FNAME] => Caezar
            [LNAME] => Kite
        )

)

2020-07-11T02:07:15+00:00 NOTICE debug :: Order ID 81183 was pending and is now failed :: Array
(
    [new_order] => 
    [tracking] => 
)

2020-07-11T02:10:26+00:00 NOTICE system.debug :: order 81183 is in failed status, and is being skipped for now.
2020-07-11T14:44:34+00:00 NOTICE action_scheduler.queue_job :: MailChimp_WooCommerce_User_Submit queued :: obj_id 495
2020-07-11T14:44:37+00:00 NOTICE action_scheduler.queue_job :: MailChimp_WooCommerce_Single_Order starts in 90 seconds :: obj_id 81673
2020-07-11T14:44:52+00:00 NOTICE member.sync :: Subscribed Member ivyrayufux69@gmail.com :: Array
(
    [status_if_new] => 1
    [merge_fields] => Array
        (
            [FNAME] => Ivan
            [LNAME] => Smith
        )

)

2020-07-11T14:46:47+00:00 NOTICE order_sumbit :: #81673 has a financial status of pending and was skipped.
2020-07-11T21:56:18+00:00 NOTICE action_scheduler.queue_job :: MailChimp_WooCommerce_Single_Order starts in 90 seconds :: obj_id 81896
2020-07-11T22:01:33+00:00 NOTICE order_sumbit :: #81896 has a financial status of pending and was skipped.
