2020-07-25T00:31:51+00:00 NOTICE action_scheduler.queue_job :: MailChimp_WooCommerce_Single_Order starts in 90 seconds :: obj_id 100344
2020-07-25T00:31:55+00:00 NOTICE debug :: Order ID 100344 was processing and is now completed :: Array
(
    [new_order] => 
    [tracking] => 
)

2020-07-25T00:31:56+00:00 NOTICE debug :: Order ID 100344 was pending and is now processing :: Array
(
    [new_order] => 1
    [tracking] => Array
        (
            [campaign_id] => 
            [landing_site] => 
        )

)

2020-07-25T00:34:24+00:00 NOTICE order.member.updated :: Updated rawatsunil44@gmail.com language to en
2020-07-25T00:34:24+00:00 NOTICE order_submit.success :: addStoreOrder :: #100344 :: email: rawatsunil44@gmail.com
2020-07-25T02:44:44+00:00 NOTICE action_scheduler.queue_job :: MailChimp_WooCommerce_User_Submit queued :: obj_id 521
2020-07-25T02:44:47+00:00 NOTICE action_scheduler.queue_job :: MailChimp_WooCommerce_Single_Order starts in 90 seconds :: obj_id 100455
2020-07-25T02:44:48+00:00 NOTICE member.sync :: Subscribed Member jl.brassett@gmail.com :: Array
(
    [status_if_new] => 1
    [merge_fields] => Array
        (
            [FNAME] => June
            [LNAME] => Brassett
        )

)

2020-07-25T02:45:26+00:00 NOTICE debug :: Order ID 100455 was pending and is now failed :: Array
(
    [new_order] => 
    [tracking] => 
)

2020-07-25T02:47:17+00:00 NOTICE system.debug :: order 100455 is in failed status, and is being skipped for now.
2020-07-25T05:14:37+00:00 NOTICE action_scheduler.queue_job :: MailChimp_WooCommerce_Single_Order starts in 90 seconds :: obj_id 100588
2020-07-25T05:14:41+00:00 NOTICE debug :: Order ID 100588 was processing and is now completed :: Array
(
    [new_order] => 
    [tracking] => 
)

2020-07-25T05:14:42+00:00 NOTICE debug :: Order ID 100588 was pending and is now processing :: Array
(
    [new_order] => 1
    [tracking] => Array
        (
            [campaign_id] => 
            [landing_site] => 
        )

)

2020-07-25T05:20:26+00:00 NOTICE order.member.updated :: Updated ccardenasp@gmail.com language to en
2020-07-25T05:20:26+00:00 NOTICE order_submit.success :: addStoreOrder :: #100588 :: email: ccardenasp@gmail.com
2020-07-25T19:58:32+00:00 NOTICE action_scheduler.queue_job :: MailChimp_WooCommerce_Single_Order starts in 90 seconds :: obj_id 101209
2020-07-25T19:58:37+00:00 NOTICE debug :: Order ID 101209 was processing and is now completed :: Array
(
    [new_order] => 
    [tracking] => 
)

2020-07-25T19:58:37+00:00 NOTICE debug :: Order ID 101209 was pending and is now processing :: Array
(
    [new_order] => 1
    [tracking] => Array
        (
            [campaign_id] => 
            [landing_site] => 
        )

)

2020-07-25T20:00:42+00:00 NOTICE order.member.updated :: Updated gb_bailey@hotmail.com language to en
2020-07-25T20:00:42+00:00 NOTICE order_submit.success :: addStoreOrder :: #101209 :: email: gb_bailey@hotmail.com
2020-07-25T22:56:28+00:00 NOTICE action_scheduler.queue_job :: MailChimp_WooCommerce_Single_Order starts in 90 seconds :: obj_id 101327
2020-07-25T22:56:32+00:00 NOTICE debug :: Order ID 101327 was processing and is now completed :: Array
(
    [new_order] => 
    [tracking] => 
)

2020-07-25T22:56:32+00:00 NOTICE debug :: Order ID 101327 was pending and is now processing :: Array
(
    [new_order] => 1
    [tracking] => Array
        (
            [campaign_id] => 
            [landing_site] => 
        )

)

2020-07-25T22:58:41+00:00 NOTICE order.member.updated :: Updated glennbell@gmail.com language to en
2020-07-25T22:58:41+00:00 NOTICE order_submit.success :: addStoreOrder :: #101327 :: email: glennbell@gmail.com
2020-07-25T23:14:26+00:00 NOTICE action_scheduler.queue_job :: MailChimp_WooCommerce_Single_Order starts in 90 seconds :: obj_id 101350
2020-07-25T23:14:30+00:00 NOTICE debug :: Order ID 101350 was processing and is now completed :: Array
(
    [new_order] => 
    [tracking] => 
)

2020-07-25T23:14:30+00:00 NOTICE debug :: Order ID 101350 was pending and is now processing :: Array
(
    [new_order] => 1
    [tracking] => Array
        (
            [campaign_id] => 
            [landing_site] => 
        )

)

2020-07-25T23:16:00+00:00 NOTICE order.member.updated :: Updated christiaan.erasmus@gmail.com language to en
2020-07-25T23:16:00+00:00 NOTICE order_submit.success :: addStoreOrder :: #101350 :: email: christiaan.erasmus@gmail.com
