2020-09-29T00:36:06+00:00 NOTICE action_scheduler.queue_job :: MailChimp_WooCommerce_Cart_Update queued :: obj_id 1b1500618277271b82a10b4aa79981b8
2020-09-29T00:36:08+00:00 NOTICE abandoned_cart.success :: email: xxblayznninjaxx@gmail.com :: checkout_url: https://www.hotshot.nz/checkout/?mc_cart_id=1b1500618277271b82a10b4aa79981b8
2020-09-29T00:36:09+00:00 NOTICE cart.member.updated :: Updated xxblayznninjaxx@gmail.com language to en
2020-09-29T00:36:31+00:00 NOTICE action_scheduler.queue_job :: MailChimp_WooCommerce_User_Submit queued :: obj_id 362
2020-09-29T00:36:32+00:00 NOTICE member.sync :: Updated Member xxblayznninjaxx@gmail.com ( merge fields only ) :: Array
(
    [merge_fields] => Array
        (
            [FNAME] => Alex
            [LNAME] => Barraclough
        )

)

2020-09-29T00:37:44+00:00 NOTICE action_scheduler.queue_job :: MailChimp_WooCommerce_Single_Order starts in 90 seconds :: obj_id 136427
2020-09-29T00:37:47+00:00 NOTICE action_scheduler.queue_job :: MailChimp_WooCommerce_User_Submit queued :: obj_id 362
2020-09-29T00:37:49+00:00 NOTICE debug :: Order ID 136427 was processing and is now completed :: Array
(
    [new_order] => 
    [tracking] => 
)

2020-09-29T00:37:49+00:00 NOTICE debug :: Order ID 136427 was pending and is now processing :: Array
(
    [new_order] => 1
    [tracking] => Array
        (
            [campaign_id] => 
            [landing_site] => 
        )

)

2020-09-29T00:37:54+00:00 NOTICE member.sync :: Updated Member xxblayznninjaxx@gmail.com ( merge fields only ) :: Array
(
    [merge_fields] => Array
        (
            [FNAME] => Alex
            [LNAME] => Barraclough
        )

)

2020-09-29T00:39:20+00:00 NOTICE order_submit.success :: addStoreOrder :: #136427 :: email: xxblayznninjaxx@gmail.com :: abandoned cart deleted [1b1500618277271b82a10b4aa79981b8]
2020-09-29T01:41:57+00:00 NOTICE action_scheduler.queue_job :: MailChimp_WooCommerce_Single_Order starts in 90 seconds :: obj_id 236137
2020-09-29T01:42:01+00:00 NOTICE action_scheduler.queue_job :: MailChimp_WooCommerce_User_Submit queued :: obj_id 612
2020-09-29T01:42:02+00:00 NOTICE debug :: Order ID 236137 was processing and is now completed :: Array
(
    [new_order] => 
    [tracking] => 
)

2020-09-29T01:42:03+00:00 NOTICE debug :: Order ID 236137 was pending and is now processing :: Array
(
    [new_order] => 1
    [tracking] => Array
        (
            [campaign_id] => 
            [landing_site] => https://www.hotshot.nz/?gclid=Cj0KCQjw-af6BRC5ARIsAALPIlVTnS-vQNP-TANFZc9GW2QNl3yEfVXFdClNecyoUlO2HD3RMZX3wZ4aAq6aEALw_wcB
        )

)

2020-09-29T01:42:04+00:00 NOTICE member.sync :: Updated Member rjl.roofing@gmail.com ( merge fields only ) :: Array
(
    [merge_fields] => Array
        (
            [FNAME] => Jean-marie
            [LNAME] => Manuels
        )

)

2020-09-29T01:49:02+00:00 NOTICE order.member.updated :: Updated rjl.roofing@gmail.com language to en
2020-09-29T01:49:02+00:00 NOTICE order_submit.success :: addStoreOrder :: #236137 :: email: rjl.roofing@gmail.com
2020-09-29T03:21:39+00:00 NOTICE action_scheduler.queue_job :: MailChimp_WooCommerce_Cart_Update queued :: obj_id ff72d64acb3d83c57d23813cbe61bae9
2020-09-29T03:22:02+00:00 NOTICE action_scheduler.queue_job :: MailChimp_WooCommerce_User_Submit queued :: obj_id 686
2020-09-29T03:22:05+00:00 NOTICE abandoned_cart.success :: email: clarrissayates3@gmail.com :: checkout_url: https://www.hotshot.nz/checkout/?mc_cart_id=ff72d64acb3d83c57d23813cbe61bae9
2020-09-29T03:22:06+00:00 NOTICE cart.member.updated :: Updated clarrissayates3@gmail.com language to en
2020-09-29T03:22:06+00:00 NOTICE action_scheduler.queue_job :: MailChimp_WooCommerce_Single_Order starts in 90 seconds :: obj_id 236234
2020-09-29T03:22:07+00:00 NOTICE member.sync :: Updated Member clarrissayates3@gmail.com :: Array
(
    [previous_status] => transactional
    [status] => 1
    [merge_fields] => Array
        (
            [FNAME] => Clarrissa
            [LNAME] => Yates
        )

)

2020-09-29T03:23:04+00:00 NOTICE debug :: Order ID 236234 was pending and is now processing :: Array
(
    [new_order] => 1
    [tracking] => Array
        (
            [campaign_id] => 
            [landing_site] => https://www.hotshot.nz/?gclid=Cj0KCQjwk8b7BRCaARIsAARRTL7LA9idk0PpjNfdy0Lst5h73FweszODjo-PZ5OFU75xiyxFoFF-mp0aAqCOEALw_wcB
        )

)

2020-09-29T03:28:41+00:00 NOTICE order.member.updated :: Updated clarrissayates3@gmail.com language to en
2020-09-29T03:28:41+00:00 NOTICE order_submit.success :: addStoreOrder :: #236234 :: email: clarrissayates3@gmail.com :: landing site https://www.hotshot.nz/?gclid=Cj0KCQjwk8b7BRCaARIsAARRTL7LA9idk0PpjNfdy0Lst5h73FweszODjo-PZ5OFU75xiyxFoFF-mp0aAqCOEALw_wcB :: abandoned cart deleted [ff72d64acb3d83c57d23813cbe61bae9]
2020-09-29T05:27:23+00:00 NOTICE action_scheduler.queue_job :: MailChimp_WooCommerce_Cart_Update queued :: obj_id 2bbf601b0086cbd43ce0c5cc86bb8ee0
2020-09-29T05:27:29+00:00 NOTICE abandoned_cart.success :: email: rorymcpherson45@gmail.com :: checkout_url: https://www.hotshot.nz/checkout/?mc_cart_id=2bbf601b0086cbd43ce0c5cc86bb8ee0
2020-09-29T05:27:29+00:00 NOTICE cart.member.updated :: Updated rorymcpherson45@gmail.com language to en
2020-09-29T05:28:07+00:00 NOTICE action_scheduler.queue_job :: MailChimp_WooCommerce_Single_Order starts in 90 seconds :: obj_id 236381
2020-09-29T05:29:16+00:00 NOTICE debug :: Order ID 236381 was pending and is now processing :: Array
(
    [new_order] => 1
    [tracking] => Array
        (
            [campaign_id] => 
            [landing_site] => https://www.hotshot.nz/
        )

)

2020-09-29T05:31:41+00:00 NOTICE order.member.updated :: Updated rorymcpherson45@gmail.com language to en
2020-09-29T05:31:41+00:00 NOTICE order_submit.success :: addStoreOrder :: #236381 :: email: rorymcpherson45@gmail.com :: landing site https://www.hotshot.nz/ :: abandoned cart deleted [2bbf601b0086cbd43ce0c5cc86bb8ee0]
2020-09-29T08:04:01+00:00 NOTICE action_scheduler.queue_job :: MailChimp_WooCommerce_User_Submit queued :: obj_id 687
2020-09-29T08:04:03+00:00 NOTICE action_scheduler.queue_job :: MailChimp_WooCommerce_User_Submit queued :: obj_id 687
2020-09-29T08:04:04+00:00 NOTICE action_scheduler.queue_job :: MailChimp_WooCommerce_Single_Order starts in 90 seconds :: obj_id 236531
2020-09-29T08:04:04+00:00 NOTICE member.sync :: Subscribed Member cam.lafferty@gmail.com :: Array
(
    [status_if_new] => 1
    [merge_fields] => Array
        (
            [FNAME] => Cameron
            [LNAME] => Lafferty
        )

)

2020-09-29T08:06:22+00:00 NOTICE order_sumbit :: #236531 has a financial status of pending and was skipped.
2020-09-29T08:12:19+00:00 NOTICE action_scheduler.queue_job :: MailChimp_WooCommerce_Single_Order starts in 90 seconds :: obj_id 236531
2020-09-29T08:12:20+00:00 NOTICE debug :: Order ID 236531 was pending and is now processing :: Array
(
    [new_order] => 1
    [tracking] => Array
        (
            [campaign_id] => 
            [landing_site] => https://www.hotshot.nz/
        )

)

2020-09-29T08:14:05+00:00 NOTICE order_submit.success :: addStoreOrder :: #236531 :: email: cam.lafferty@gmail.com :: landing site https://www.hotshot.nz/
2020-09-29T14:39:14+00:00 NOTICE action_scheduler.queue_job :: MailChimp_WooCommerce_Single_Order starts in 90 seconds :: obj_id 236838
2020-09-29T14:41:14+00:00 NOTICE debug :: Order ID 236838 was pending and is now failed :: Array
(
    [new_order] => 
    [tracking] => 
)

2020-09-29T14:41:51+00:00 NOTICE action_scheduler.queue_job :: MailChimp_WooCommerce_Cart_Update queued :: obj_id 8f184b9065461421fba8ed7107c83907
2020-09-29T14:41:55+00:00 NOTICE abandoned_cart.success :: email: majenkins1992@outlook.com :: checkout_url: https://www.hotshot.nz/checkout/?mc_cart_id=8f184b9065461421fba8ed7107c83907
2020-09-29T14:41:56+00:00 NOTICE cart.member.updated :: Updated majenkins1992@outlook.com language to en
2020-09-29T14:44:34+00:00 NOTICE system.debug :: order 236838 is in failed status, and is being skipped for now.
2020-09-29T21:58:58+00:00 NOTICE action_scheduler.queue_job :: MailChimp_WooCommerce_User_Submit queued :: obj_id 635
2020-09-29T21:59:02+00:00 NOTICE debug :: Order ID 206529 was processing and is now completed :: Array
(
    [new_order] => 
    [tracking] => 
)

2020-09-29T21:59:03+00:00 NOTICE action_scheduler.queue_job :: MailChimp_WooCommerce_Single_Order starts in 90 seconds :: obj_id 206529
2020-09-29T21:59:15+00:00 NOTICE member.sync :: Updated Member hadleyb@gmail.com ( merge fields only ) :: Array
(
    [merge_fields] => Array
        (
            [FNAME] => Hadley
            [LNAME] => Bellam
        )

)

2020-09-29T22:01:26+00:00 NOTICE order_submit.success :: updateStoreOrder :: #206529 :: email: hadleyb@gmail.com
2020-09-29T22:12:38+00:00 NOTICE debug :: Order ID 236381 was processing and is now completed :: Array
(
    [new_order] => 
    [tracking] => 
)

2020-09-29T22:12:38+00:00 NOTICE action_scheduler.queue_job :: MailChimp_WooCommerce_Single_Order starts in 90 seconds :: obj_id 236381
2020-09-29T22:15:02+00:00 NOTICE order_submit.success :: updateStoreOrder :: #236381 :: email: rorymcpherson45@gmail.com
