2020-08-27T00:34:59+00:00 NOTICE action_scheduler.queue_job :: MailChimp_WooCommerce_User_Submit queued :: obj_id 601
2020-08-27T00:35:04+00:00 NOTICE action_scheduler.queue_job :: MailChimp_WooCommerce_Single_Order starts in 90 seconds :: obj_id 182850
2020-08-27T00:35:18+00:00 NOTICE member.sync :: Subscribed Member jizahbella.titus@gmail.com :: Array
(
    [status_if_new] => 1
    [merge_fields] => Array
        (
            [FNAME] => Rachel
            [LNAME] => Tito
        )

)

2020-08-27T00:35:33+00:00 NOTICE debug :: Order ID 182850 was pending and is now failed :: Array
(
    [new_order] => 
    [tracking] => 
)

2020-08-27T00:37:46+00:00 NOTICE system.debug :: order 182850 is in failed status, and is being skipped for now.
2020-08-27T01:16:28+00:00 NOTICE action_scheduler.queue_job :: MailChimp_WooCommerce_Single_Order starts in 90 seconds :: obj_id 182890
2020-08-27T01:16:34+00:00 NOTICE debug :: Order ID 182890 was processing and is now completed :: Array
(
    [new_order] => 
    [tracking] => 
)

2020-08-27T01:16:34+00:00 NOTICE debug :: Order ID 182890 was pending and is now processing :: Array
(
    [new_order] => 1
    [tracking] => Array
        (
            [campaign_id] => 
            [landing_site] => 
        )

)

2020-08-27T01:18:32+00:00 NOTICE order.member.updated :: Updated fosterdub@gmail.com language to en
2020-08-27T01:18:32+00:00 NOTICE order_submit.success :: addStoreOrder :: #182890 :: email: fosterdub@gmail.com :: abandoned cart deleted [67c9cd5a77362b913f5e0e27f9ed465a]
2020-08-27T02:41:58+00:00 NOTICE action_scheduler.queue_job :: MailChimp_WooCommerce_Single_Order starts in 90 seconds :: obj_id 155373
2020-08-27T02:43:49+00:00 NOTICE action_scheduler.queue_job :: MailChimp_WooCommerce_Single_Order starts in 90 seconds :: obj_id 175375
2020-08-27T02:43:55+00:00 NOTICE order_sumbit :: #155373 has a financial status of pending and was skipped.
2020-08-27T02:45:22+00:00 NOTICE order_sumbit :: #175375 has a financial status of pending and was skipped.
2020-08-27T03:02:42+00:00 NOTICE action_scheduler.queue_job :: MailChimp_WooCommerce_Single_Order starts in 90 seconds :: obj_id 183078
2020-08-27T03:02:48+00:00 NOTICE debug :: Order ID 183078 was processing and is now completed :: Array
(
    [new_order] => 
    [tracking] => 
)

2020-08-27T03:02:48+00:00 NOTICE debug :: Order ID 183078 was pending and is now processing :: Array
(
    [new_order] => 1
    [tracking] => Array
        (
            [campaign_id] => 
            [landing_site] => 
        )

)

2020-08-27T03:04:17+00:00 NOTICE order.member.updated :: Updated janina.sharma@gmail.com language to en
2020-08-27T03:04:17+00:00 NOTICE order_submit.success :: addStoreOrder :: #183078 :: email: janina.sharma@gmail.com
2020-08-27T03:16:36+00:00 NOTICE action_scheduler.queue_job :: MailChimp_WooCommerce_User_Submit queued :: obj_id 602
2020-08-27T03:16:40+00:00 NOTICE action_scheduler.queue_job :: MailChimp_WooCommerce_Single_Order starts in 90 seconds :: obj_id 183115
2020-08-27T03:16:44+00:00 NOTICE member.sync :: Subscribed Member joelcgundry@hotmail.com :: Array
(
    [status_if_new] => 1
    [merge_fields] => Array
        (
            [FNAME] => Joel
            [LNAME] => Gundry
        )

)

2020-08-27T03:16:58+00:00 NOTICE debug :: Order ID 183115 was pending and is now failed :: Array
(
    [new_order] => 
    [tracking] => 
)

2020-08-27T03:16:58+00:00 NOTICE debug :: Order ID 183115 was pending and is now failed :: Array
(
    [new_order] => 
    [tracking] => 
)

2020-08-27T03:18:31+00:00 NOTICE system.debug :: order 183115 is in failed status, and is being skipped for now.
2020-08-27T03:20:37+00:00 NOTICE action_scheduler.queue_job :: MailChimp_WooCommerce_Single_Order starts in 90 seconds :: obj_id 183142
2020-08-27T03:22:12+00:00 NOTICE order_sumbit :: #183142 has a financial status of pending and was skipped.
2020-08-27T04:12:32+00:00 NOTICE action_scheduler.queue_job :: MailChimp_WooCommerce_Single_Order starts in 90 seconds :: obj_id 154506
2020-08-27T04:12:35+00:00 NOTICE debug :: Order ID 154506 was pending and is now cancelled :: Array
(
    [new_order] => 
    [tracking] => 
)

2020-08-27T04:12:35+00:00 NOTICE action_scheduler.queue_job :: MailChimp_WooCommerce_Single_Order starts in 90 seconds :: obj_id 154516
2020-08-27T04:12:36+00:00 NOTICE debug :: Order ID 154516 was pending and is now cancelled :: Array
(
    [new_order] => 
    [tracking] => 
)

2020-08-27T04:12:36+00:00 NOTICE action_scheduler.queue_job :: MailChimp_WooCommerce_Single_Order starts in 90 seconds :: obj_id 157127
2020-08-27T04:12:37+00:00 NOTICE debug :: Order ID 157127 was pending and is now cancelled :: Array
(
    [new_order] => 
    [tracking] => 
)

2020-08-27T04:12:38+00:00 NOTICE action_scheduler.queue_job :: MailChimp_WooCommerce_Single_Order starts in 90 seconds :: obj_id 160463
2020-08-27T04:12:42+00:00 NOTICE debug :: Order ID 160463 was pending and is now cancelled :: Array
(
    [new_order] => 
    [tracking] => 
)

2020-08-27T04:12:42+00:00 NOTICE action_scheduler.queue_job :: MailChimp_WooCommerce_Single_Order starts in 90 seconds :: obj_id 161389
2020-08-27T04:12:42+00:00 NOTICE debug :: Order ID 161389 was pending and is now cancelled :: Array
(
    [new_order] => 
    [tracking] => 
)

2020-08-27T04:12:42+00:00 NOTICE action_scheduler.queue_job :: MailChimp_WooCommerce_Single_Order starts in 90 seconds :: obj_id 162477
2020-08-27T04:12:44+00:00 NOTICE debug :: Order ID 162477 was pending and is now cancelled :: Array
(
    [new_order] => 
    [tracking] => 
)

2020-08-27T04:12:44+00:00 NOTICE action_scheduler.queue_job :: MailChimp_WooCommerce_Single_Order starts in 90 seconds :: obj_id 166277
2020-08-27T04:12:45+00:00 NOTICE debug :: Order ID 166277 was pending and is now cancelled :: Array
(
    [new_order] => 
    [tracking] => 
)

2020-08-27T04:14:15+00:00 NOTICE order_sumbit :: #154506 has a financial status of cancelled and was skipped.
2020-08-27T04:14:18+00:00 NOTICE order_sumbit :: #154516 has a financial status of cancelled and was skipped.
2020-08-27T04:14:19+00:00 NOTICE order_sumbit :: #157127 has a financial status of cancelled and was skipped.
2020-08-27T04:14:22+00:00 NOTICE order_sumbit :: #160463 has a financial status of cancelled and was skipped.
2020-08-27T04:14:24+00:00 NOTICE order_sumbit :: #161389 has a financial status of cancelled and was skipped.
2020-08-27T04:14:26+00:00 NOTICE order_sumbit :: #162477 has a financial status of cancelled and was skipped.
2020-08-27T04:14:29+00:00 NOTICE order_sumbit :: #166277 has a financial status of cancelled and was skipped.
2020-08-27T05:12:40+00:00 NOTICE action_scheduler.queue_job :: MailChimp_WooCommerce_Cart_Update queued :: obj_id 175fdaa5036cbe144ce79263c91c3840
2020-08-27T05:13:59+00:00 NOTICE abandoned_cart.success :: email: cindy.mihiroa@icloud.com :: checkout_url: https://www.hotshot.nz/checkout/?mc_cart_id=175fdaa5036cbe144ce79263c91c3840
2020-08-27T05:14:00+00:00 NOTICE cart.member.updated :: Updated cindy.mihiroa@icloud.com language to en
2020-08-27T05:14:46+00:00 NOTICE action_scheduler.queue_job :: MailChimp_WooCommerce_Single_Order starts in 90 seconds :: obj_id 183330
2020-08-27T05:16:37+00:00 NOTICE order_sumbit :: #183330 has a financial status of pending and was skipped.
2020-08-27T05:41:22+00:00 NOTICE action_scheduler.queue_job :: MailChimp_WooCommerce_Single_Order starts in 90 seconds :: obj_id 183373
2020-08-27T05:41:28+00:00 NOTICE debug :: Order ID 183373 was processing and is now completed :: Array
(
    [new_order] => 
    [tracking] => 
)

2020-08-27T05:41:29+00:00 NOTICE debug :: Order ID 183373 was pending and is now processing :: Array
(
    [new_order] => 1
    [tracking] => Array
        (
            [campaign_id] => 
            [landing_site] => 
        )

)

2020-08-27T05:43:19+00:00 NOTICE order.member.updated :: Updated sdfoster96@gmail.com language to en
2020-08-27T05:43:19+00:00 NOTICE order_submit.success :: addStoreOrder :: #183373 :: email: sdfoster96@gmail.com
2020-08-27T05:45:28+00:00 NOTICE action_scheduler.queue_job :: MailChimp_WooCommerce_User_Submit queued :: obj_id 603
2020-08-27T05:45:31+00:00 NOTICE action_scheduler.queue_job :: MailChimp_WooCommerce_Single_Order starts in 90 seconds :: obj_id 183399
2020-08-27T05:45:33+00:00 NOTICE member.sync :: Subscribed Member west.sophec@gmail.com :: Array
(
    [status_if_new] => 1
    [merge_fields] => Array
        (
            [FNAME] => Sophie
            [LNAME] => West
        )

)

2020-08-27T05:47:33+00:00 NOTICE order_sumbit :: #183399 has a financial status of pending and was skipped.
2020-08-27T05:48:38+00:00 NOTICE action_scheduler.queue_job :: MailChimp_WooCommerce_Cart_Update queued :: obj_id e202582ce1559daf81025907ce399a5a
2020-08-27T05:48:44+00:00 NOTICE abandoned_cart.success :: email: west.sophec@gmail.com :: checkout_url: https://www.hotshot.nz/checkout/?mc_cart_id=e202582ce1559daf81025907ce399a5a
2020-08-27T05:48:45+00:00 NOTICE cart.member.updated :: Updated west.sophec@gmail.com language to en
2020-08-27T05:48:48+00:00 NOTICE action_scheduler.queue_job :: MailChimp_WooCommerce_User_Submit queued :: obj_id 603
2020-08-27T05:48:49+00:00 NOTICE action_scheduler.queue_job :: MailChimp_WooCommerce_Single_Order starts in 90 seconds :: obj_id 183413
2020-08-27T05:48:55+00:00 NOTICE member.sync :: Updated Member west.sophec@gmail.com ( merge fields only ) :: Array
(
    [merge_fields] => Array
        (
            [FNAME] => Sophie
            [LNAME] => West
        )

)

2020-08-27T05:49:54+00:00 NOTICE debug :: Order ID 183413 was pending and is now processing :: Array
(
    [new_order] => 1
    [tracking] => Array
        (
            [campaign_id] => 
            [landing_site] => https://www.hotshot.nz/?wc-ajax=update_order_review
        )

)

2020-08-27T05:51:05+00:00 NOTICE action_scheduler.queue_job :: MailChimp_WooCommerce_Cart_Update queued :: obj_id e202582ce1559daf81025907ce399a5a
2020-08-27T05:51:55+00:00 NOTICE abandoned_cart.success :: email: west.sophec@gmail.com :: checkout_url: https://www.hotshot.nz/checkout/?mc_cart_id=e202582ce1559daf81025907ce399a5a
2020-08-27T05:52:00+00:00 NOTICE order.member.updated :: Updated west.sophec@gmail.com language to en
2020-08-27T05:52:00+00:00 NOTICE order_submit.success :: addStoreOrder :: #183413 :: email: west.sophec@gmail.com :: landing site https://www.hotshot.nz/?wc-ajax=update_order_review :: abandoned cart deleted [e202582ce1559daf81025907ce399a5a]
2020-08-27T06:43:18+00:00 NOTICE action_scheduler.queue_job :: MailChimp_WooCommerce_Cart_Update queued :: obj_id 736b017cd64abf0b6b394ad24f6e73c7
2020-08-27T06:43:23+00:00 NOTICE abandoned_cart.success :: email: raumearanginui@gmail.com :: checkout_url: https://www.hotshot.nz/checkout/?mc_cart_id=736b017cd64abf0b6b394ad24f6e73c7
2020-08-27T06:43:24+00:00 NOTICE cart.member.updated :: Updated raumearanginui@gmail.com language to en
2020-08-27T06:43:41+00:00 NOTICE action_scheduler.queue_job :: MailChimp_WooCommerce_Single_Order starts in 90 seconds :: obj_id 183481
2020-08-27T06:44:23+00:00 NOTICE debug :: Order ID 183481 was pending and is now processing :: Array
(
    [new_order] => 1
    [tracking] => Array
        (
            [campaign_id] => 
            [landing_site] => https://www.hotshot.nz/?gclid=Cj0KCQjwvvj5BRDkARIsAGD9vlILrHKtmMVClpVhS-YuXylTOPoR3f8ngpeJ6skXrGHCXzVb71jEJukaAr4gEALw_wcB
        )

)

2020-08-27T06:50:41+00:00 NOTICE order.member.updated :: Updated raumearanginui@gmail.com language to en
2020-08-27T06:50:41+00:00 NOTICE order_submit.success :: addStoreOrder :: #183481 :: email: raumearanginui@gmail.com :: landing site https://www.hotshot.nz/?gclid=Cj0KCQjwvvj5BRDkARIsAGD9vlILrHKtmMVClpVhS-YuXylTOPoR3f8ngpeJ6skXrGHCXzVb71jEJukaAr4gEALw_wcB :: abandoned cart deleted [736b017cd64abf0b6b394ad24f6e73c7]
2020-08-27T09:03:53+00:00 NOTICE action_scheduler.queue_job :: MailChimp_WooCommerce_User_Submit queued :: obj_id 604
2020-08-27T09:03:55+00:00 NOTICE action_scheduler.queue_job :: MailChimp_WooCommerce_Single_Order starts in 90 seconds :: obj_id 183586
2020-08-27T09:04:05+00:00 NOTICE member.sync :: Subscribed Member sophiasisikefu87@gmail.com :: Array
(
    [status_if_new] => 1
    [merge_fields] => Array
        (
            [FNAME] => Sofia
            [LNAME] => Sisikefu
        )

)

2020-08-27T09:04:13+00:00 NOTICE debug :: Order ID 183586 was pending and is now failed :: Array
(
    [new_order] => 
    [tracking] => 
)

2020-08-27T09:09:45+00:00 NOTICE system.debug :: order 183586 is in failed status, and is being skipped for now.
2020-08-27T10:40:34+00:00 NOTICE action_scheduler.queue_job :: MailChimp_WooCommerce_User_Submit queued :: obj_id 605
2020-08-27T10:40:37+00:00 NOTICE action_scheduler.queue_job :: MailChimp_WooCommerce_Single_Order starts in 90 seconds :: obj_id 183661
2020-08-27T10:41:11+00:00 NOTICE debug :: Order ID 183661 was pending and is now failed :: Array
(
    [new_order] => 
    [tracking] => 
)

2020-08-27T10:41:14+00:00 NOTICE member.sync :: Subscribed Member amandacabbabetti@gmail.com :: Array
(
    [status_if_new] => 1
    [merge_fields] => Array
        (
            [FNAME] => Amanda
            [LNAME] => Hansen
        )

)

2020-08-27T10:43:44+00:00 NOTICE system.debug :: order 183661 is in failed status, and is being skipped for now.
2020-08-27T11:15:08+00:00 NOTICE action_scheduler.queue_job :: MailChimp_WooCommerce_Cart_Update queued :: obj_id 7f6a194ce1cd27d95eec1c5f66455495
2020-08-27T11:15:13+00:00 NOTICE abandoned_cart.success :: email: macurant@gmail.com :: checkout_url: https://www.hotshot.nz/checkout/?mc_cart_id=7f6a194ce1cd27d95eec1c5f66455495
2020-08-27T11:15:13+00:00 NOTICE cart.member.updated :: Updated macurant@gmail.com language to en
2020-08-27T21:00:02+00:00 NOTICE action_scheduler.queue_job :: MailChimp_WooCommerce_Single_Order starts in 90 seconds :: obj_id 184033
2020-08-27T21:00:09+00:00 NOTICE debug :: Order ID 184033 was processing and is now completed :: Array
(
    [new_order] => 
    [tracking] => 
)

2020-08-27T21:00:09+00:00 NOTICE debug :: Order ID 184033 was pending and is now processing :: Array
(
    [new_order] => 1
    [tracking] => Array
        (
            [campaign_id] => 
            [landing_site] => https://www.hotshot.nz/wp-admin/admin-ajax.php
        )

)

2020-08-27T21:01:44+00:00 NOTICE order.member.updated :: Updated bopcbarnett@gmail.com language to en
2020-08-27T21:01:44+00:00 NOTICE order_submit.success :: addStoreOrder :: #184033 :: email: bopcbarnett@gmail.com :: landing site https://www.hotshot.nz/wp-admin/admin-ajax.php
2020-08-27T21:14:50+00:00 NOTICE debug :: Order ID 179235 was processing and is now completed :: Array
(
    [new_order] => 
    [tracking] => 
)

2020-08-27T21:14:50+00:00 NOTICE action_scheduler.queue_job :: MailChimp_WooCommerce_Single_Order starts in 90 seconds :: obj_id 179235
2020-08-27T21:17:16+00:00 NOTICE order_submit.success :: updateStoreOrder :: #179235 :: email: lugz07@gmail.com
2020-08-27T21:37:56+00:00 NOTICE action_scheduler.queue_job :: MailChimp_WooCommerce_Cart_Update queued :: obj_id 7cfe364e090be07c3cc1ecaafbba551b
2020-08-27T21:37:56+00:00 NOTICE action_scheduler.queue_job :: MailChimp_WooCommerce_Cart_Update queued :: obj_id 7cfe364e090be07c3cc1ecaafbba551b
2020-08-27T21:38:00+00:00 NOTICE abandoned_cart.success :: email: kathleennoble025@gmail.com :: checkout_url: https://www.hotshot.nz/checkout/?mc_cart_id=7cfe364e090be07c3cc1ecaafbba551b
2020-08-27T21:38:01+00:00 NOTICE cart.member.updated :: Updated kathleennoble025@gmail.com language to en
2020-08-27T21:38:03+00:00 NOTICE abandoned_cart.success :: email: kathleennoble025@gmail.com :: checkout_url: https://www.hotshot.nz/checkout/?mc_cart_id=7cfe364e090be07c3cc1ecaafbba551b
2020-08-27T21:38:45+00:00 NOTICE action_scheduler.queue_job :: MailChimp_WooCommerce_User_Submit queued :: obj_id 606
2020-08-27T21:38:51+00:00 NOTICE action_scheduler.queue_job :: MailChimp_WooCommerce_Single_Order starts in 90 seconds :: obj_id 184132
2020-08-27T21:39:09+00:00 NOTICE member.sync :: Updated Member kathleennoble025@gmail.com :: Array
(
    [previous_status] => transactional
    [status] => 1
    [merge_fields] => Array
        (
            [FNAME] => Kathleen
            [LNAME] => Noble
        )

)

2020-08-27T21:41:25+00:00 NOTICE debug :: Order ID 184132 was pending and is now failed :: Array
(
    [new_order] => 
    [tracking] => 
)

2020-08-27T21:41:27+00:00 NOTICE action_scheduler.queue_job :: MailChimp_WooCommerce_Single_Order starts in 90 seconds :: obj_id 184146
2020-08-27T21:41:31+00:00 NOTICE action_scheduler.queue_job :: MailChimp_WooCommerce_User_Submit queued :: obj_id 551
2020-08-27T21:41:33+00:00 NOTICE debug :: Order ID 184146 was processing and is now completed :: Array
(
    [new_order] => 
    [tracking] => 
)

2020-08-27T21:41:33+00:00 NOTICE debug :: Order ID 184146 was pending and is now processing :: Array
(
    [new_order] => 1
    [tracking] => Array
        (
            [campaign_id] => 
            [landing_site] => https://www.hotshot.nz/wp-admin/admin-ajax.php
        )

)

2020-08-27T21:41:36+00:00 NOTICE member.sync :: Updated Member connorhmolloy@gmail.com ( merge fields only ) :: Array
(
    [merge_fields] => Array
        (
            [FNAME] => Connor
            [LNAME] => Molloy
        )

)

2020-08-27T21:43:34+00:00 NOTICE system.debug :: order 184132 is in failed status, and is being skipped for now.
2020-08-27T21:43:37+00:00 NOTICE order.member.updated :: Updated connorhmolloy@gmail.com language to en
2020-08-27T21:43:37+00:00 NOTICE order_submit.success :: addStoreOrder :: #184146 :: email: connorhmolloy@gmail.com
2020-08-27T23:10:14+00:00 NOTICE action_scheduler.queue_job :: MailChimp_WooCommerce_Single_Order starts in 90 seconds :: obj_id 184228
2020-08-27T23:10:41+00:00 NOTICE debug :: Order ID 184228 was processing and is now completed :: Array
(
    [new_order] => 
    [tracking] => 
)

2020-08-27T23:10:41+00:00 NOTICE debug :: Order ID 184228 was pending and is now processing :: Array
(
    [new_order] => 1
    [tracking] => Array
        (
            [campaign_id] => 
            [landing_site] => 
        )

)

2020-08-27T23:14:46+00:00 NOTICE order.member.updated :: Updated florian_treier@hotmail.com language to en
2020-08-27T23:14:46+00:00 NOTICE order_submit.success :: addStoreOrder :: #184228 :: email: florian_treier@hotmail.com
2020-08-27T23:23:25+00:00 NOTICE action_scheduler.queue_job :: MailChimp_WooCommerce_Single_Order starts in 90 seconds :: obj_id 184250
2020-08-27T23:23:28+00:00 NOTICE debug :: Order ID 184250 was processing and is now completed :: Array
(
    [new_order] => 
    [tracking] => 
)

2020-08-27T23:23:29+00:00 NOTICE debug :: Order ID 184250 was pending and is now processing :: Array
(
    [new_order] => 1
    [tracking] => Array
        (
            [campaign_id] => 
            [landing_site] => 
        )

)

2020-08-27T23:26:58+00:00 NOTICE order.member.updated :: Updated rsun148@gmail.com language to en
2020-08-27T23:26:58+00:00 NOTICE order_submit.success :: addStoreOrder :: #184250 :: email: rsun148@gmail.com
2020-08-27T23:31:25+00:00 NOTICE action_scheduler.queue_job :: MailChimp_WooCommerce_Cart_Update queued :: obj_id 47cf76514c22b322a54ebbb1c58b911f
2020-08-27T23:31:54+00:00 NOTICE action_scheduler.queue_job :: MailChimp_WooCommerce_User_Submit queued :: obj_id 607
2020-08-27T23:31:56+00:00 NOTICE action_scheduler.queue_job :: MailChimp_WooCommerce_Single_Order starts in 90 seconds :: obj_id 184278
2020-08-27T23:32:05+00:00 NOTICE abandoned_cart.success :: email: wowtrentsarah@gmail.com :: checkout_url: https://www.hotshot.nz/checkout/?mc_cart_id=47cf76514c22b322a54ebbb1c58b911f
2020-08-27T23:32:06+00:00 NOTICE cart.member.updated :: Updated wowtrentsarah@gmail.com language to en
2020-08-27T23:32:07+00:00 NOTICE member.sync :: Updated Member wowtrentsarah@gmail.com :: Array
(
    [previous_status] => transactional
    [status] => 1
    [merge_fields] => Array
        (
            [FNAME] => Trent
            [LNAME] => O'Connor
        )

)

2020-08-27T23:34:16+00:00 NOTICE order_sumbit :: #184278 has a financial status of pending and was skipped.
