2020-10-13T00:18:14+00:00 NOTICE action_scheduler.queue_job :: MailChimp_WooCommerce_User_Submit queued :: obj_id 720
2020-10-13T00:18:16+00:00 NOTICE action_scheduler.queue_job :: MailChimp_WooCommerce_User_Submit queued :: obj_id 720
2020-10-13T00:18:17+00:00 NOTICE action_scheduler.queue_job :: MailChimp_WooCommerce_Single_Order starts in 90 seconds :: obj_id 259129
2020-10-13T00:18:18+00:00 NOTICE member.sync :: Subscribed Member samwairepo2@gmail.com :: Array
(
    [status_if_new] => 1
    [merge_fields] => Array
        (
            [FNAME] => Samantha
            [LNAME] => Geluk-Rowe
        )

)

2020-10-13T00:19:06+00:00 NOTICE debug :: Order ID 259129 was pending and is now failed :: Array
(
    [new_order] => 
    [tracking] => 
)

2020-10-13T00:20:45+00:00 NOTICE system.debug :: order 259129 is in failed status, and is being skipped for now.
2020-10-13T01:30:24+00:00 NOTICE action_scheduler.queue_job :: MailChimp_WooCommerce_User_Submit queued :: obj_id 721
2020-10-13T01:30:26+00:00 NOTICE action_scheduler.queue_job :: MailChimp_WooCommerce_Single_Order starts in 90 seconds :: obj_id 259238
2020-10-13T01:30:28+00:00 NOTICE member.sync :: Subscribed Member karanhundal75@gmail.com :: Array
(
    [status_if_new] => 1
    [merge_fields] => Array
        (
            [FNAME] => Jaskaran
            [LNAME] => Singh
        )

)

2020-10-13T01:31:42+00:00 NOTICE action_scheduler.queue_job :: MailChimp_WooCommerce_Cart_Update queued :: obj_id 8ce41e735fe815caf7c353dd49ffbbf3
2020-10-13T01:32:03+00:00 NOTICE abandoned_cart.success :: email: karanhundal75@gmail.com :: checkout_url: https://www.hotshot.nz/checkout/?mc_cart_id=8ce41e735fe815caf7c353dd49ffbbf3
2020-10-13T01:32:04+00:00 NOTICE cart.member.updated :: Updated karanhundal75@gmail.com language to en
2020-10-13T01:32:06+00:00 NOTICE order_sumbit :: #259238 has a financial status of pending and was skipped.
2020-10-13T01:40:02+00:00 NOTICE action_scheduler.queue_job :: MailChimp_WooCommerce_SingleCoupon queued :: obj_id 4363
2020-10-13T01:40:11+00:00 ERROR promo_code_submit.error :: error updating promo rule #4363 :: breakfree :: Error Code 400 :: <p>: Required fields were not provided: type, target</p> on 1817 in /www/wwwroot/www.hotshot.nz/wp-content/plugins/mailchimp-for-woocommerce/includes/api/class-mailchimp-api.php
2020-10-13T01:53:11+00:00 NOTICE action_scheduler.queue_job :: MailChimp_WooCommerce_Single_Order starts in 90 seconds :: obj_id 259309
2020-10-13T01:55:02+00:00 NOTICE order_sumbit :: #259309 has a financial status of pending and was skipped.
2020-10-13T02:04:36+00:00 NOTICE action_scheduler.queue_job :: MailChimp_WooCommerce_Single_Order starts in 90 seconds :: obj_id 259341
2020-10-13T02:04:40+00:00 NOTICE action_scheduler.queue_job :: MailChimp_WooCommerce_User_Submit queued :: obj_id 429
2020-10-13T02:04:42+00:00 NOTICE debug :: Order ID 259341 was processing and is now completed :: Array
(
    [new_order] => 
    [tracking] => 
)

2020-10-13T02:04:42+00:00 NOTICE debug :: Order ID 259341 was pending and is now processing :: Array
(
    [new_order] => 1
    [tracking] => Array
        (
            [campaign_id] => 
            [landing_site] => 
        )

)

2020-10-13T02:06:27+00:00 NOTICE member.sync :: Updated Member julescuttriss@gmail.com ( merge fields only ) :: Array
(
    [merge_fields] => Array
        (
            [FNAME] => Juliette
            [LNAME] => Cuttriss
        )

)

2020-10-13T02:06:28+00:00 NOTICE action_scheduler.queue_job :: MailChimp_WooCommerce_Single_Order starts in 90 seconds :: obj_id 259355
2020-10-13T02:06:32+00:00 NOTICE debug :: Order ID 259355 was processing and is now completed :: Array
(
    [new_order] => 
    [tracking] => 
)

2020-10-13T02:06:32+00:00 NOTICE debug :: Order ID 259355 was pending and is now processing :: Array
(
    [new_order] => 1
    [tracking] => Array
        (
            [campaign_id] => 
            [landing_site] => 
        )

)

2020-10-13T02:06:39+00:00 NOTICE order.member.updated :: Updated julescuttriss@gmail.com language to en
2020-10-13T02:06:39+00:00 NOTICE order_submit.success :: addStoreOrder :: #259341 :: email: julescuttriss@gmail.com
2020-10-13T02:08:35+00:00 NOTICE order.member.updated :: Updated shaijuuthup1990@gmail.com language to en
2020-10-13T02:08:35+00:00 NOTICE order_submit.success :: addStoreOrder :: #259355 :: email: shaijuuthup1990@gmail.com
2020-10-13T02:09:45+00:00 NOTICE action_scheduler.queue_job :: MailChimp_WooCommerce_Single_Order starts in 90 seconds :: obj_id 259371
2020-10-13T02:09:50+00:00 NOTICE action_scheduler.queue_job :: MailChimp_WooCommerce_User_Submit queued :: obj_id 650
2020-10-13T02:09:51+00:00 NOTICE debug :: Order ID 259371 was processing and is now completed :: Array
(
    [new_order] => 
    [tracking] => 
)

2020-10-13T02:09:51+00:00 NOTICE debug :: Order ID 259371 was pending and is now processing :: Array
(
    [new_order] => 1
    [tracking] => Array
        (
            [campaign_id] => 
            [landing_site] => https://www.hotshot.nz/
        )

)

2020-10-13T02:09:53+00:00 NOTICE member.sync :: Updated Member dnd814@gmail.com ( merge fields only ) :: Array
(
    [merge_fields] => Array
        (
            [FNAME] => Seonhwa
            [LNAME] => Kim
        )

)

2020-10-13T02:11:53+00:00 NOTICE order.member.updated :: Updated dnd814@gmail.com language to en
2020-10-13T02:11:53+00:00 NOTICE order_submit.success :: addStoreOrder :: #259371 :: email: dnd814@gmail.com :: landing site https://www.hotshot.nz/wp-admin/admin-ajax.php
2020-10-13T02:51:50+00:00 NOTICE action_scheduler.queue_job :: MailChimp_WooCommerce_Single_Order starts in 90 seconds :: obj_id 240791
2020-10-13T02:54:48+00:00 NOTICE order_sumbit :: #240791 has a financial status of pending and was skipped.
2020-10-13T03:01:21+00:00 NOTICE action_scheduler.queue_job :: MailChimp_WooCommerce_User_Submit queued :: obj_id 600
2020-10-13T03:01:26+00:00 NOTICE debug :: Order ID 250028 was processing and is now completed :: Array
(
    [new_order] => 
    [tracking] => 
)

2020-10-13T03:01:27+00:00 NOTICE action_scheduler.queue_job :: MailChimp_WooCommerce_Single_Order starts in 90 seconds :: obj_id 250028
2020-10-13T03:01:27+00:00 NOTICE debug :: Order ID 250028 was pending and is now processing :: Array
(
    [new_order] => 1
    [tracking] => Array
        (
            [campaign_id] => 
            [landing_site] => https://www.hotshot.nz/broadband-application/
        )

)

2020-10-13T03:01:36+00:00 NOTICE member.sync :: Updated Member itzginaxx@gmail.com ( merge fields only ) :: Array
(
    [merge_fields] => Array
        (
            [FNAME] => Regina
            [LNAME] => Tutahi
        )

)

2020-10-13T03:03:09+00:00 NOTICE order_submit.success :: addStoreOrder :: #250028 :: email: itzginaxx@gmail.com
2020-10-13T03:10:31+00:00 NOTICE action_scheduler.queue_job :: MailChimp_WooCommerce_Single_Order starts in 90 seconds :: obj_id 254699
2020-10-13T03:11:56+00:00 NOTICE action_scheduler.queue_job :: MailChimp_WooCommerce_Single_Order starts in 90 seconds :: obj_id 254714
2020-10-13T03:12:02+00:00 NOTICE order_sumbit :: #254699 has a financial status of pending and was skipped.
2020-10-13T03:13:18+00:00 NOTICE action_scheduler.queue_job :: MailChimp_WooCommerce_User_Submit queued :: obj_id 566
2020-10-13T03:13:21+00:00 NOTICE debug :: Order ID 255814 was processing and is now completed :: Array
(
    [new_order] => 
    [tracking] => 
)

2020-10-13T03:13:21+00:00 NOTICE action_scheduler.queue_job :: MailChimp_WooCommerce_Single_Order starts in 90 seconds :: obj_id 255814
2020-10-13T03:13:21+00:00 NOTICE debug :: Order ID 255814 was pending and is now processing :: Array
(
    [new_order] => 1
    [tracking] => Array
        (
            [campaign_id] => 
            [landing_site] => https://www.hotshot.nz/my-account/
        )

)

2020-10-13T03:13:25+00:00 NOTICE member.sync :: Updated Member equatorwhetu@gmail.com ( merge fields only ) :: Array
(
    [merge_fields] => Array
        (
            [FNAME] => Equator
            [LNAME] => Whetu
        )

)

2020-10-13T03:14:10+00:00 NOTICE order_sumbit :: #254714 has a financial status of pending and was skipped.
2020-10-13T03:15:01+00:00 NOTICE order_submit.success :: addStoreOrder :: #255814 :: email: equatorwhetu@gmail.com
2020-10-13T03:41:26+00:00 NOTICE action_scheduler.queue_job :: MailChimp_WooCommerce_Single_Order starts in 90 seconds :: obj_id 259609
2020-10-13T03:41:33+00:00 NOTICE debug :: Order ID 259609 was processing and is now completed :: Array
(
    [new_order] => 
    [tracking] => 
)

2020-10-13T03:41:34+00:00 NOTICE debug :: Order ID 259609 was pending and is now processing :: Array
(
    [new_order] => 1
    [tracking] => Array
        (
            [campaign_id] => 
            [landing_site] => https://www.hotshot.nz/wp-admin/admin-ajax.php
        )

)

2020-10-13T03:43:31+00:00 NOTICE order.member.updated :: Updated hyhenrywu@gmail.com language to en
2020-10-13T03:43:31+00:00 NOTICE order_submit.success :: addStoreOrder :: #259609 :: email: hyhenrywu@gmail.com :: landing site https://www.hotshot.nz/wp-admin/admin-ajax.php
2020-10-13T04:54:19+00:00 NOTICE action_scheduler.queue_job :: MailChimp_WooCommerce_User_Submit queued :: obj_id 722
2020-10-13T04:54:21+00:00 NOTICE action_scheduler.queue_job :: MailChimp_WooCommerce_User_Submit queued :: obj_id 722
2020-10-13T04:54:22+00:00 NOTICE action_scheduler.queue_job :: MailChimp_WooCommerce_Single_Order starts in 90 seconds :: obj_id 260051
2020-10-13T04:54:23+00:00 NOTICE member.sync :: Subscribed Member danielgosling8@gmail.com :: Array
(
    [status_if_new] => 1
    [merge_fields] => Array
        (
            [FNAME] => Daniel
            [LNAME] => Gosling
        )

)

2020-10-13T04:57:08+00:00 NOTICE order_sumbit :: #260051 has a financial status of pending and was skipped.
2020-10-13T04:59:15+00:00 NOTICE action_scheduler.queue_job :: MailChimp_WooCommerce_Single_Order starts in 90 seconds :: obj_id 260051
2020-10-13T04:59:17+00:00 NOTICE debug :: Order ID 260051 was pending and is now processing :: Array
(
    [new_order] => 1
    [tracking] => Array
        (
            [campaign_id] => 
            [landing_site] => https://www.hotshot.nz/product-category/router/
        )

)

2020-10-13T05:02:53+00:00 NOTICE order_submit.success :: addStoreOrder :: #260051 :: email: danielgosling8@gmail.com :: landing site https://www.hotshot.nz/product-category/router/
2020-10-13T05:55:11+00:00 NOTICE action_scheduler.queue_job :: MailChimp_WooCommerce_Cart_Update queued :: obj_id ff72d64acb3d83c57d23813cbe61bae9
2020-10-13T05:55:44+00:00 NOTICE abandoned_cart.success :: email: clarrissayates3@gmail.com :: checkout_url: https://www.hotshot.nz/checkout/?mc_cart_id=ff72d64acb3d83c57d23813cbe61bae9
2020-10-13T05:55:44+00:00 NOTICE cart.member.updated :: Updated clarrissayates3@gmail.com language to en
2020-10-13T05:55:58+00:00 NOTICE action_scheduler.queue_job :: MailChimp_WooCommerce_Cart_Update queued :: obj_id ff72d64acb3d83c57d23813cbe61bae9
2020-10-13T05:55:59+00:00 NOTICE abandoned_cart.success :: email: clarrissayates3@gmail.com :: checkout_url: https://www.hotshot.nz/checkout/?mc_cart_id=ff72d64acb3d83c57d23813cbe61bae9
2020-10-13T05:56:11+00:00 NOTICE action_scheduler.queue_job :: MailChimp_WooCommerce_Single_Order starts in 90 seconds :: obj_id 260115
2020-10-13T05:57:55+00:00 NOTICE order_sumbit :: #260115 has a financial status of pending and was skipped.
2020-10-13T18:27:41+00:00 NOTICE action_scheduler.queue_job :: MailChimp_WooCommerce_Cart_Update queued :: obj_id 4600de6d32a4c0e8f7054f7f3f507610
2020-10-13T18:29:07+00:00 NOTICE action_scheduler.queue_job :: MailChimp_WooCommerce_User_Submit queued :: obj_id 622
2020-10-13T18:29:10+00:00 NOTICE abandoned_cart.success :: email: tipenelaird@gmail.com :: checkout_url: https://www.hotshot.nz/checkout/?mc_cart_id=4600de6d32a4c0e8f7054f7f3f507610
2020-10-13T18:29:11+00:00 NOTICE cart.member.updated :: Updated tipenelaird@gmail.com language to en
2020-10-13T18:29:12+00:00 NOTICE member.sync :: Updated Member tipenelaird@gmail.com ( merge fields only ) :: Array
(
    [merge_fields] => Array
        (
            [FNAME] => Stephen
            [LNAME] => Laird
        )

)

2020-10-13T21:17:02+00:00 NOTICE action_scheduler.queue_job :: MailChimp_WooCommerce_Single_Order starts in 90 seconds :: obj_id 260877
2020-10-13T21:17:09+00:00 NOTICE action_scheduler.queue_job :: MailChimp_WooCommerce_User_Submit queued :: obj_id 509
2020-10-13T21:17:10+00:00 NOTICE debug :: Order ID 260877 was processing and is now completed :: Array
(
    [new_order] => 
    [tracking] => 
)

2020-10-13T21:17:11+00:00 NOTICE debug :: Order ID 260877 was pending and is now processing :: Array
(
    [new_order] => 1
    [tracking] => Array
        (
            [campaign_id] => 
            [landing_site] => https://www.hotshot.nz/?wc-ajax=update_order_review
        )

)

2020-10-13T21:17:23+00:00 NOTICE member.sync :: Updated Member sarahjanerees@yahoo.com.au ( merge fields only ) :: Array
(
    [merge_fields] => Array
        (
            [FNAME] => Sarah
            [LNAME] => Rees
        )

)

2020-10-13T21:21:11+00:00 NOTICE order.member.updated :: Updated sarahjanerees@yahoo.com.au language to en
2020-10-13T21:21:11+00:00 NOTICE order_submit.success :: addStoreOrder :: #260877 :: email: sarahjanerees@yahoo.com.au
2020-10-13T21:29:26+00:00 NOTICE action_scheduler.queue_job :: MailChimp_WooCommerce_User_Submit queued :: obj_id 723
2020-10-13T21:29:28+00:00 NOTICE action_scheduler.queue_job :: MailChimp_WooCommerce_User_Submit queued :: obj_id 723
2020-10-13T21:29:29+00:00 NOTICE action_scheduler.queue_job :: MailChimp_WooCommerce_Single_Order starts in 90 seconds :: obj_id 260908
2020-10-13T21:29:31+00:00 NOTICE member.sync :: Subscribed Member qwhenham77@gmail.com :: Array
(
    [status_if_new] => 1
    [merge_fields] => Array
        (
            [FNAME] => Quintin
            [LNAME] => Henham
        )

)

2020-10-13T21:31:18+00:00 NOTICE order_sumbit :: #260908 has a financial status of pending and was skipped.
2020-10-13T22:38:56+00:00 NOTICE action_scheduler.queue_job :: MailChimp_WooCommerce_Single_Order starts in 90 seconds :: obj_id 10143
2020-10-13T22:42:18+00:00 NOTICE order_submit.success :: updateStoreOrder :: #10143 :: email: mvanrensburg@gmail.com
2020-10-13T23:36:06+00:00 NOTICE action_scheduler.queue_job :: MailChimp_WooCommerce_Single_Order starts in 90 seconds :: obj_id 261080
2020-10-13T23:38:05+00:00 NOTICE order_sumbit :: #261080 has a financial status of pending and was skipped.
2020-10-13T23:45:58+00:00 NOTICE action_scheduler.queue_job :: MailChimp_WooCommerce_Cart_Update queued :: obj_id 3f5c740ef91c511087268cf06a199ca4
2020-10-13T23:46:06+00:00 NOTICE abandoned_cart.success :: email: adamapemberton@gmail.com :: checkout_url: https://www.hotshot.nz/checkout/?mc_cart_id=3f5c740ef91c511087268cf06a199ca4
2020-10-13T23:46:07+00:00 NOTICE cart.member.updated :: Updated adamapemberton@gmail.com language to en
2020-10-13T23:47:08+00:00 NOTICE action_scheduler.queue_job :: MailChimp_WooCommerce_Cart_Update queued :: obj_id 3f5c740ef91c511087268cf06a199ca4
2020-10-13T23:48:09+00:00 NOTICE abandoned_cart.success :: email: adamapemberton@gmail.com :: checkout_url: https://www.hotshot.nz/checkout/?mc_cart_id=3f5c740ef91c511087268cf06a199ca4
