2020-06-24T00:11:27+00:00 NOTICE debug :: Order ID 50296 was processing and is now completed :: Array
(
    [new_order] => 
    [tracking] => 
)

2020-06-24T00:11:27+00:00 NOTICE action_scheduler.queue_job :: MailChimp_WooCommerce_Single_Order starts in 90 seconds :: obj_id 50296
2020-06-24T00:11:27+00:00 NOTICE debug :: Order ID 50296 was pending and is now processing :: Array
(
    [new_order] => 1
    [tracking] => Array
        (
            [campaign_id] => 
            [landing_site] => 
        )

)

2020-06-24T00:13:12+00:00 NOTICE order_submit.success :: addStoreOrder :: #50296 :: email: stellapoko2@gmail.com
2020-06-24T00:13:27+00:00 NOTICE action_scheduler.queue_job :: MailChimp_WooCommerce_Single_Order starts in 90 seconds :: obj_id 51138
2020-06-24T00:15:25+00:00 NOTICE order_sumbit :: #51138 has a financial status of pending and was skipped.
2020-06-24T00:19:44+00:00 NOTICE debug :: Order ID 51402 was pending and is now completed :: Array
(
    [new_order] => 1
    [tracking] => Array
        (
            [campaign_id] => 
            [landing_site] => 
        )

)

2020-06-24T00:19:44+00:00 NOTICE action_scheduler.queue_job :: MailChimp_WooCommerce_Single_Order starts in 90 seconds :: obj_id 51402
2020-06-24T00:22:26+00:00 NOTICE order.member.updated :: Updated adam.baranyai@gmail.com language to en
2020-06-24T00:22:26+00:00 NOTICE order_submit.success :: addStoreOrder :: #51402 :: email: adam.baranyai@gmail.com
2020-06-24T00:25:28+00:00 NOTICE action_scheduler.queue_job :: MailChimp_WooCommerce_Single_Order starts in 90 seconds :: obj_id 54357
2020-06-24T00:27:03+00:00 NOTICE order_sumbit :: #54357 has a financial status of pending and was skipped.
2020-06-24T00:27:10+00:00 NOTICE action_scheduler.queue_job :: MailChimp_WooCommerce_Single_Order starts in 90 seconds :: obj_id 54374
2020-06-24T00:29:38+00:00 NOTICE order_sumbit :: #54374 has a financial status of pending and was skipped.
2020-06-24T00:34:02+00:00 NOTICE action_scheduler.queue_job :: MailChimp_WooCommerce_Single_Product starts in 5 seconds :: obj_id 13770
2020-06-24T00:34:29+00:00 NOTICE product_submit.success :: updateStoreProduct :: #13770
2020-06-24T01:43:10+00:00 NOTICE action_scheduler.queue_job :: MailChimp_WooCommerce_Cart_Update queued :: obj_id 3651f9cbc5b8dea3e24d74a9fa347b95
2020-06-24T01:43:14+00:00 NOTICE abandoned_cart.success :: email: dariousnathan@gmail.com :: checkout_url: https://www.hotshot.nz/checkout/?mc_cart_id=3651f9cbc5b8dea3e24d74a9fa347b95
2020-06-24T01:43:14+00:00 NOTICE action_scheduler.queue_job :: MailChimp_WooCommerce_Cart_Update queued :: obj_id 3651f9cbc5b8dea3e24d74a9fa347b95
2020-06-24T01:43:15+00:00 NOTICE cart.member.updated :: Updated dariousnathan@gmail.com language to en
2020-06-24T01:43:16+00:00 NOTICE abandoned_cart.success :: email: dariousnathan@gmail.com :: checkout_url: https://www.hotshot.nz/checkout/?mc_cart_id=3651f9cbc5b8dea3e24d74a9fa347b95
2020-06-24T02:57:19+00:00 NOTICE action_scheduler.queue_job :: MailChimp_WooCommerce_User_Submit queued :: obj_id 464
2020-06-24T02:57:20+00:00 NOTICE action_scheduler.queue_job :: MailChimp_WooCommerce_Single_Order starts in 90 seconds :: obj_id 56303
2020-06-24T02:57:33+00:00 NOTICE member.sync :: Updated Member dariousnathan@gmail.com ( merge fields only ) :: Array
(
    [merge_fields] => Array
        (
            [FNAME] => Michelle
            [LNAME] => Smith
        )

)

2020-06-24T03:00:19+00:00 NOTICE order_sumbit :: #56303 has a financial status of pending and was skipped.
2020-06-24T19:13:28+00:00 NOTICE action_scheduler.queue_job :: MailChimp_WooCommerce_Cart_Update queued :: obj_id c308ee18db007364ef0ba087bcac087a
2020-06-24T19:13:31+00:00 NOTICE abandoned_cart.success :: email: kyrenbrown0@gmail.com :: checkout_url: https://www.hotshot.nz/checkout/?mc_cart_id=c308ee18db007364ef0ba087bcac087a
2020-06-24T19:13:32+00:00 NOTICE cart.member.updated :: Updated kyrenbrown0@gmail.com language to en
2020-06-24T19:13:52+00:00 NOTICE action_scheduler.queue_job :: MailChimp_WooCommerce_User_Submit queued :: obj_id 469
2020-06-24T19:13:55+00:00 NOTICE action_scheduler.queue_job :: MailChimp_WooCommerce_Single_Order starts in 90 seconds :: obj_id 57013
2020-06-24T19:14:13+00:00 NOTICE debug :: Order ID 57013 was pending and is now failed :: Array
(
    [new_order] => 
    [tracking] => 
)

2020-06-24T19:14:42+00:00 NOTICE member.sync :: Updated Member kyrenbrown0@gmail.com :: Array
(
    [previous_status] => transactional
    [status] => 1
    [merge_fields] => Array
        (
            [FNAME] => Kyren
            [LNAME] => Brown
        )

)

2020-06-24T19:16:33+00:00 NOTICE system.debug :: order 57013 is in failed status, and is being skipped for now.
2020-06-24T19:17:15+00:00 NOTICE action_scheduler.queue_job :: MailChimp_WooCommerce_Cart_Update queued :: obj_id c308ee18db007364ef0ba087bcac087a
2020-06-24T19:17:19+00:00 NOTICE abandoned_cart.success :: email: kyrenbrown0@gmail.com :: checkout_url: https://www.hotshot.nz/checkout/?mc_cart_id=c308ee18db007364ef0ba087bcac087a
2020-06-24T19:19:45+00:00 NOTICE action_scheduler.queue_job :: MailChimp_WooCommerce_Cart_Update queued :: obj_id c308ee18db007364ef0ba087bcac087a
2020-06-24T19:19:47+00:00 NOTICE abandoned_cart.success :: email: kyrenbrown0@gmail.com :: checkout_url: https://www.hotshot.nz/checkout/?mc_cart_id=c308ee18db007364ef0ba087bcac087a
2020-06-24T19:20:17+00:00 NOTICE action_scheduler.queue_job :: MailChimp_WooCommerce_User_Submit queued :: obj_id 469
2020-06-24T19:20:17+00:00 NOTICE action_scheduler.queue_job :: MailChimp_WooCommerce_Single_Order starts in 90 seconds :: obj_id 57034
2020-06-24T19:20:31+00:00 NOTICE member.sync :: Updated Member kyrenbrown0@gmail.com ( merge fields only ) :: Array
(
    [merge_fields] => Array
        (
            [FNAME] => Kyren
            [LNAME] => Brown
        )

)

2020-06-24T19:21:30+00:00 NOTICE debug :: Order ID 57034 was pending and is now failed :: Array
(
    [new_order] => 
    [tracking] => 
)

2020-06-24T19:23:50+00:00 NOTICE system.debug :: order 57034 is in failed status, and is being skipped for now.
2020-06-24T19:56:20+00:00 NOTICE action_scheduler.queue_job :: MailChimp_WooCommerce_User_Submit queued :: obj_id 470
2020-06-24T19:56:23+00:00 NOTICE action_scheduler.queue_job :: MailChimp_WooCommerce_Single_Order starts in 90 seconds :: obj_id 57083
2020-06-24T19:56:35+00:00 NOTICE member.sync :: Subscribed Member ambzparsons@gmail.com :: Array
(
    [status_if_new] => 1
    [merge_fields] => Array
        (
            [FNAME] => Amber
            [LNAME] => Bowler moncur
        )

)

2020-06-24T19:57:55+00:00 NOTICE order_sumbit :: #57083 has a financial status of pending and was skipped.
2020-06-24T20:04:35+00:00 NOTICE action_scheduler.queue_job :: MailChimp_WooCommerce_Cart_Update queued :: obj_id b341689e8e95d1b9799b6013644138fe
2020-06-24T20:04:35+00:00 NOTICE action_scheduler.queue_job :: MailChimp_WooCommerce_Cart_Update queued :: obj_id 1677541dfd19eacbfee2984232e7a2de
2020-06-24T20:06:09+00:00 NOTICE abandoned_cart.success :: email: nz_andrewmorris@hotmail.com :: checkout_url: https://www.hotshot.nz/checkout/?mc_cart_id=1677541dfd19eacbfee2984232e7a2de
2020-06-24T20:06:10+00:00 NOTICE cart.member.updated :: Updated nz_andrewmorris@hotmail.com language to en
2020-06-24T20:06:12+00:00 NOTICE abandoned_cart.success :: email: louise.stubbing@gmail.com :: checkout_url: https://www.hotshot.nz/checkout/?mc_cart_id=b341689e8e95d1b9799b6013644138fe
2020-06-24T20:06:12+00:00 NOTICE cart.member.updated :: Updated louise.stubbing@gmail.com language to en
2020-06-24T21:51:38+00:00 NOTICE debug :: Order ID 37330 was processing and is now completed :: Array
(
    [new_order] => 
    [tracking] => 
)

2020-06-24T21:51:38+00:00 NOTICE action_scheduler.queue_job :: MailChimp_WooCommerce_Single_Order starts in 90 seconds :: obj_id 37330
2020-06-24T21:51:38+00:00 NOTICE debug :: Order ID 37330 was pending and is now processing :: Array
(
    [new_order] => 1
    [tracking] => Array
        (
            [campaign_id] => 
            [landing_site] => https://www.hotshot.nz/wp-admin/admin-ajax.php
        )

)

2020-06-24T21:53:16+00:00 NOTICE order_submit.success :: addStoreOrder :: #37330 :: email: Nicolejade1@hotmail.com :: abandoned cart deleted [5edda6978bcc7bb26d6ed1839baed6c7]
2020-06-24T21:55:08+00:00 NOTICE action_scheduler.queue_job :: MailChimp_WooCommerce_Single_Order starts in 90 seconds :: obj_id 51138
2020-06-24T21:56:09+00:00 NOTICE action_scheduler.queue_job :: MailChimp_WooCommerce_Single_Order starts in 90 seconds :: obj_id 54357
2020-06-24T21:56:59+00:00 NOTICE action_scheduler.queue_job :: MailChimp_WooCommerce_Single_Order starts in 90 seconds :: obj_id 54374
2020-06-24T21:57:16+00:00 NOTICE order_sumbit :: #51138 has a financial status of pending and was skipped.
2020-06-24T21:58:17+00:00 NOTICE order_sumbit :: #54357 has a financial status of pending and was skipped.
2020-06-24T21:58:31+00:00 NOTICE order_sumbit :: #54374 has a financial status of pending and was skipped.
2020-06-24T22:02:46+00:00 NOTICE action_scheduler.queue_job :: MailChimp_WooCommerce_Single_Order starts in 90 seconds :: obj_id 57311
2020-06-24T22:05:04+00:00 NOTICE order_sumbit :: #57311 has a financial status of pending and was skipped.
2020-06-24T22:21:19+00:00 NOTICE action_scheduler.queue_job :: MailChimp_WooCommerce_Single_Order starts in 90 seconds :: obj_id 57347
2020-06-24T22:21:23+00:00 NOTICE debug :: Order ID 57347 was processing and is now completed :: Array
(
    [new_order] => 
    [tracking] => 
)

2020-06-24T22:21:24+00:00 NOTICE debug :: Order ID 57347 was pending and is now processing :: Array
(
    [new_order] => 1
    [tracking] => Array
        (
            [campaign_id] => 
            [landing_site] => 
        )

)

2020-06-24T22:21:56+00:00 NOTICE action_scheduler.queue_job :: MailChimp_WooCommerce_User_Submit queued :: obj_id 452
2020-06-24T22:21:59+00:00 NOTICE debug :: Order ID 55337 was processing and is now completed :: Array
(
    [new_order] => 
    [tracking] => 
)

2020-06-24T22:21:59+00:00 NOTICE action_scheduler.queue_job :: MailChimp_WooCommerce_Single_Order starts in 90 seconds :: obj_id 55337
2020-06-24T22:22:23+00:00 NOTICE member.sync :: Updated Member s.e.mackel21@gmail.com ( merge fields only ) :: Array
(
    [merge_fields] => Array
        (
            [FNAME] => Samantha
            [LNAME] => Mackel
        )

)

2020-06-24T22:22:34+00:00 NOTICE action_scheduler.queue_job :: MailChimp_WooCommerce_User_Submit queued :: obj_id 452
2020-06-24T22:22:36+00:00 NOTICE member.sync :: Updated Member s.e.mackel21@gmail.com ( merge fields only ) :: Array
(
    [merge_fields] => Array
        (
            [FNAME] => Samantha
            [LNAME] => Mackel
        )

)

2020-06-24T22:22:37+00:00 NOTICE debug :: Order ID 45647 was processing and is now completed :: Array
(
    [new_order] => 
    [tracking] => 
)

2020-06-24T22:22:37+00:00 NOTICE action_scheduler.queue_job :: MailChimp_WooCommerce_Single_Order starts in 90 seconds :: obj_id 45647
2020-06-24T22:22:58+00:00 NOTICE order.member.updated :: Updated weediekiwi@gmail.com language to en
2020-06-24T22:22:58+00:00 NOTICE order_submit.success :: addStoreOrder :: #57347 :: email: weediekiwi@gmail.com
2020-06-24T22:24:23+00:00 NOTICE order_submit.success :: updateStoreOrder :: #55337 :: email: s.e.mackel21@gmail.com
2020-06-24T22:24:25+00:00 NOTICE order_submit.success :: updateStoreOrder :: #45647 :: email: s.e.mackel21@gmail.com
2020-06-24T23:41:26+00:00 NOTICE action_scheduler.queue_job :: MailChimp_WooCommerce_Single_Order starts in 90 seconds :: obj_id 57481
2020-06-24T23:41:31+00:00 NOTICE debug :: Order ID 57481 was processing and is now completed :: Array
(
    [new_order] => 
    [tracking] => 
)

2020-06-24T23:41:31+00:00 NOTICE debug :: Order ID 57481 was pending and is now processing :: Array
(
    [new_order] => 1
    [tracking] => Array
        (
            [campaign_id] => 
            [landing_site] => https://www.hotshot.nz/wp-admin/admin-ajax.php
        )

)

2020-06-24T23:43:00+00:00 NOTICE order.member.updated :: Updated kiwidave65@hotmail.com language to en
2020-06-24T23:43:00+00:00 NOTICE order_submit.success :: addStoreOrder :: #57481 :: email: kiwidave65@hotmail.com :: landing site https://www.hotshot.nz/wp-admin/admin-ajax.php
2020-06-24T23:43:42+00:00 NOTICE debug :: Order ID 48858 was processing and is now completed :: Array
(
    [new_order] => 
    [tracking] => 
)

2020-06-24T23:43:42+00:00 NOTICE action_scheduler.queue_job :: MailChimp_WooCommerce_Single_Order starts in 90 seconds :: obj_id 48858
2020-06-24T23:45:29+00:00 NOTICE order_submit.success :: updateStoreOrder :: #48858 :: email: alben.thomas@gmail.com
