2020-09-19T02:21:03+00:00 NOTICE action_scheduler.queue_job :: MailChimp_WooCommerce_Cart_Update queued :: obj_id d1a862da542854ee740753082c674e26
2020-09-19T02:21:37+00:00 NOTICE action_scheduler.queue_job :: MailChimp_WooCommerce_User_Submit queued :: obj_id 657
2020-09-19T02:21:38+00:00 NOTICE action_scheduler.queue_job :: MailChimp_WooCommerce_Single_Order starts in 90 seconds :: obj_id 220699
2020-09-19T02:21:46+00:00 ERROR abandoned_cart.error :: email: angeltaylor22nz@gmail.com :: attempting product update :: <p>lines.item:0: Required fields were not provided: price</p>
2020-09-19T02:21:47+00:00 ERROR abandoned_cart.error :: Error Code 400 :: <p>lines.item:0: Required fields were not provided: price</p> on 1817 in /www/wwwroot/www.hotshot.nz/wp-content/plugins/mailchimp-for-woocommerce/includes/api/class-mailchimp-api.php
2020-09-19T02:21:48+00:00 NOTICE member.sync :: Updated Member angeltaylor22nz@gmail.com ( merge fields only ) :: Array
(
    [merge_fields] => Array
        (
            [FNAME] => Angel
            [LNAME] => Taylor
        )

)

2020-09-19T02:21:57+00:00 NOTICE debug :: Order ID 220699 was pending and is now failed :: Array
(
    [new_order] => 
    [tracking] => 
)

2020-09-19T02:23:48+00:00 NOTICE system.debug :: order 220699 is in failed status, and is being skipped for now.
2020-09-19T02:38:54+00:00 NOTICE action_scheduler.queue_job :: MailChimp_WooCommerce_User_Submit queued :: obj_id 658
2020-09-19T02:38:57+00:00 NOTICE action_scheduler.queue_job :: MailChimp_WooCommerce_Single_Order starts in 90 seconds :: obj_id 220723
2020-09-19T02:39:01+00:00 NOTICE member.sync :: Subscribed Member chantelleoconnell82@gmail.com :: Array
(
    [status_if_new] => 1
    [merge_fields] => Array
        (
            [FNAME] => chantelle
            [LNAME] => O'Connell
        )

)

2020-09-19T02:40:49+00:00 NOTICE order_sumbit :: #220723 has a financial status of pending and was skipped.
2020-09-19T02:47:30+00:00 NOTICE action_scheduler.queue_job :: MailChimp_WooCommerce_User_Submit queued :: obj_id 659
2020-09-19T02:47:33+00:00 NOTICE action_scheduler.queue_job :: MailChimp_WooCommerce_Single_Order starts in 90 seconds :: obj_id 220742
2020-09-19T02:48:30+00:00 NOTICE member.sync :: Subscribed Member mikaylau270216@hotmail.com :: Array
(
    [status_if_new] => 1
    [merge_fields] => Array
        (
            [FNAME] => Mikayla
            [LNAME] => Udy
        )

)

2020-09-19T02:53:56+00:00 NOTICE order_sumbit :: #220742 has a financial status of pending and was skipped.
2020-09-19T04:47:34+00:00 NOTICE action_scheduler.queue_job :: MailChimp_WooCommerce_User_Submit queued :: obj_id 625
2020-09-19T04:48:06+00:00 ERROR member.sync :: heylosophie05@gmail.com :: Error Code 400 :: heylosophie05@gmail.com is in a compliance state due to unsubscribe, bounce, or compliance review and cannot be subscribed. on 1825 in /www/wwwroot/www.hotshot.nz/wp-content/plugins/mailchimp-for-woocommerce/includes/api/class-mailchimp-api.php
2020-09-19T20:21:01+00:00 NOTICE action_scheduler.queue_job :: MailChimp_WooCommerce_Single_Order starts in 90 seconds :: obj_id 221403
2020-09-19T20:21:08+00:00 NOTICE debug :: Order ID 221403 was processing and is now completed :: Array
(
    [new_order] => 
    [tracking] => 
)

2020-09-19T20:21:08+00:00 NOTICE debug :: Order ID 221403 was pending and is now processing :: Array
(
    [new_order] => 1
    [tracking] => Array
        (
            [campaign_id] => 
            [landing_site] => 
        )

)

2020-09-19T20:23:14+00:00 NOTICE order.member.updated :: Updated mrbamaxwell@gmail.com language to en
2020-09-19T20:23:14+00:00 NOTICE order_submit.success :: addStoreOrder :: #221403 :: email: mrbamaxwell@gmail.com
2020-09-19T20:40:59+00:00 NOTICE action_scheduler.queue_job :: MailChimp_WooCommerce_Single_Order starts in 90 seconds :: obj_id 221433
2020-09-19T20:41:06+00:00 NOTICE debug :: Order ID 221433 was processing and is now completed :: Array
(
    [new_order] => 
    [tracking] => 
)

2020-09-19T20:41:06+00:00 NOTICE debug :: Order ID 221433 was pending and is now processing :: Array
(
    [new_order] => 1
    [tracking] => Array
        (
            [campaign_id] => 
            [landing_site] => 
        )

)

2020-09-19T20:43:16+00:00 NOTICE order.member.updated :: Updated shivanidahya@hotmail.com language to en
2020-09-19T20:43:16+00:00 NOTICE order_submit.success :: addStoreOrder :: #221433 :: email: shivanidahya@hotmail.com
2020-09-19T22:07:55+00:00 NOTICE action_scheduler.queue_job :: MailChimp_WooCommerce_Single_Order starts in 90 seconds :: obj_id 221504
2020-09-19T22:08:00+00:00 NOTICE debug :: Order ID 221504 was processing and is now completed :: Array
(
    [new_order] => 
    [tracking] => 
)

2020-09-19T22:08:00+00:00 NOTICE debug :: Order ID 221504 was pending and is now processing :: Array
(
    [new_order] => 1
    [tracking] => Array
        (
            [campaign_id] => 
            [landing_site] => 
        )

)

2020-09-19T22:15:09+00:00 NOTICE order.member.updated :: Updated sam.hannah.rayward@gmail.com language to en
2020-09-19T22:15:09+00:00 NOTICE order_submit.success :: addStoreOrder :: #221504 :: email: sam.hannah.rayward@gmail.com
2020-09-19T23:10:02+00:00 NOTICE action_scheduler.queue_job :: MailChimp_WooCommerce_Single_Order starts in 90 seconds :: obj_id 221588
2020-09-19T23:10:09+00:00 NOTICE debug :: Order ID 221588 was processing and is now completed :: Array
(
    [new_order] => 
    [tracking] => 
)

2020-09-19T23:10:09+00:00 NOTICE debug :: Order ID 221588 was pending and is now processing :: Array
(
    [new_order] => 1
    [tracking] => Array
        (
            [campaign_id] => 
            [landing_site] => 
        )

)

2020-09-19T23:15:48+00:00 NOTICE order.member.updated :: Updated ads12939@gmail.com language to en
2020-09-19T23:15:48+00:00 NOTICE order_submit.success :: addStoreOrder :: #221588 :: email: ads12939@gmail.com
