2020-08-03T00:30:18+00:00 NOTICE action_scheduler.queue_job :: MailChimp_WooCommerce_Single_Order starts in 90 seconds :: obj_id 124781
2020-08-03T00:30:24+00:00 NOTICE debug :: Order ID 124781 was processing and is now completed :: Array
(
    [new_order] => 
    [tracking] => 
)

2020-08-03T00:30:25+00:00 NOTICE debug :: Order ID 124781 was pending and is now processing :: Array
(
    [new_order] => 1
    [tracking] => Array
        (
            [campaign_id] => 
            [landing_site] => 
        )

)

2020-08-03T00:32:18+00:00 NOTICE order.member.updated :: Updated davemorris.dm4@gmail.com language to en
2020-08-03T00:32:18+00:00 NOTICE order_submit.success :: addStoreOrder :: #124781 :: email: davemorris.dm4@gmail.com
2020-08-03T01:33:51+00:00 NOTICE action_scheduler.queue_job :: MailChimp_WooCommerce_Cart_Update queued :: obj_id deb764058df922faf007666578024b25
2020-08-03T01:34:07+00:00 NOTICE action_scheduler.queue_job :: MailChimp_WooCommerce_User_Submit queued :: obj_id 413
2020-08-03T01:34:16+00:00 NOTICE abandoned_cart.success :: email: sellarskarnae@gmail.com :: checkout_url: https://www.hotshot.nz/checkout/?mc_cart_id=deb764058df922faf007666578024b25
2020-08-03T01:34:17+00:00 NOTICE cart.member.updated :: Updated sellarskarnae@gmail.com language to en
2020-08-03T01:34:18+00:00 NOTICE member.sync :: Updated Member sellarskarnae@gmail.com ( merge fields only ) :: Array
(
    [merge_fields] => Array
        (
            [FNAME] => Karnae
            [LNAME] => Sellars
        )

)

2020-08-03T01:34:42+00:00 NOTICE action_scheduler.queue_job :: MailChimp_WooCommerce_Single_Order starts in 90 seconds :: obj_id 122737
2020-08-03T01:34:44+00:00 NOTICE action_scheduler.queue_job :: MailChimp_WooCommerce_User_Submit queued :: obj_id 413
2020-08-03T01:34:45+00:00 NOTICE debug :: Order ID 122737 was processing and is now completed :: Array
(
    [new_order] => 
    [tracking] => 
)

2020-08-03T01:34:45+00:00 NOTICE debug :: Order ID 122737 was pending and is now processing :: Array
(
    [new_order] => 1
    [tracking] => Array
        (
            [campaign_id] => 
            [landing_site] => 
        )

)

2020-08-03T01:35:23+00:00 NOTICE member.sync :: Updated Member sellarskarnae@gmail.com ( merge fields only ) :: Array
(
    [merge_fields] => Array
        (
            [FNAME] => Karnae
            [LNAME] => Sellars
        )

)

2020-08-03T01:36:55+00:00 NOTICE order_submit.success :: addStoreOrder :: #122737 :: email: sellarskarnae@gmail.com :: abandoned cart deleted [deb764058df922faf007666578024b25]
2020-08-03T02:04:47+00:00 NOTICE action_scheduler.queue_job :: MailChimp_WooCommerce_User_Submit queued :: obj_id 540
2020-08-03T02:04:49+00:00 NOTICE action_scheduler.queue_job :: MailChimp_WooCommerce_Single_Order starts in 90 seconds :: obj_id 124967
2020-08-03T02:05:29+00:00 NOTICE debug :: Order ID 124967 was pending and is now failed :: Array
(
    [new_order] => 
    [tracking] => 
)

2020-08-03T02:05:30+00:00 NOTICE member.sync :: Subscribed Member sonyashayla@outlook.com :: Array
(
    [status_if_new] => 1
    [merge_fields] => Array
        (
            [FNAME] => sonya
            [LNAME] => stevens
        )

)

2020-08-03T02:07:35+00:00 NOTICE system.debug :: order 124967 is in failed status, and is being skipped for now.
2020-08-03T04:04:00+00:00 NOTICE action_scheduler.queue_job :: MailChimp_WooCommerce_Single_Order starts in 90 seconds :: obj_id 102370
2020-08-03T04:06:10+00:00 NOTICE order_sumbit :: #102370 has a financial status of pending and was skipped.
2020-08-03T04:11:50+00:00 NOTICE action_scheduler.queue_job :: MailChimp_WooCommerce_Single_Order starts in 90 seconds :: obj_id 123270
2020-08-03T04:13:25+00:00 NOTICE order_sumbit :: #123270 has a financial status of pending and was skipped.
2020-08-03T06:32:14+00:00 NOTICE action_scheduler.queue_job :: MailChimp_WooCommerce_Cart_Update queued :: obj_id 19b4fb00f4e9c06a7aedebb8ef675355
2020-08-03T06:32:15+00:00 NOTICE abandoned_cart.success :: email: weediekiwi@gmail.com :: checkout_url: https://www.hotshot.nz/checkout/?mc_cart_id=19b4fb00f4e9c06a7aedebb8ef675355
2020-08-03T06:32:16+00:00 NOTICE cart.member.updated :: Updated weediekiwi@gmail.com language to en
2020-08-03T08:21:28+00:00 NOTICE action_scheduler.queue_job :: MailChimp_WooCommerce_Cart_Update queued :: obj_id 209502bc98a83ca175feb264e63a7eb3
2020-08-03T08:22:15+00:00 NOTICE action_scheduler.queue_job :: MailChimp_WooCommerce_Single_Order starts in 90 seconds :: obj_id 125423
2020-08-03T08:22:18+00:00 NOTICE abandoned_cart.success :: email: bradatkinson@outlook.com :: checkout_url: https://www.hotshot.nz/checkout/?mc_cart_id=209502bc98a83ca175feb264e63a7eb3
2020-08-03T08:22:19+00:00 NOTICE cart.member.updated :: Updated bradatkinson@outlook.com language to en
2020-08-03T08:22:44+00:00 NOTICE debug :: Order ID 125423 was pending and is now processing :: Array
(
    [new_order] => 1
    [tracking] => Array
        (
            [campaign_id] => e52fbfb7eb
            [landing_site] => https://www.hotshot.nz/wp-admin/admin-ajax.php?action=mailchimp_set_user_by_email&email=bradatkinson@outlook.com&language=en
        )

)

2020-08-03T08:25:43+00:00 NOTICE order.member.updated :: Updated bradatkinson@outlook.com language to en
2020-08-03T08:25:43+00:00 NOTICE order_submit.success :: addStoreOrder :: #125423 :: email: bradatkinson@outlook.com :: campaign id e52fbfb7eb :: landing site https://www.hotshot.nz/wp-admin/admin-ajax.php?action=mailchimp_set_user_by_email&email=bradatkinson@outlook.com&language=en :: abandoned cart deleted [209502bc98a83ca175feb264e63a7eb3]
2020-08-03T08:30:45+00:00 NOTICE action_scheduler.queue_job :: MailChimp_WooCommerce_User_Submit queued :: obj_id 541
2020-08-03T08:31:04+00:00 NOTICE action_scheduler.queue_job :: MailChimp_WooCommerce_Cart_Update queued :: obj_id 7fc5e0b0215e92de6970c8d0fe822017
2020-08-03T08:31:15+00:00 NOTICE member.sync :: Subscribed Member marinerfaith16@gmail.com :: Array
(
    [status_if_new] => 1
    [merge_fields] => Array
        (
        )

)

2020-08-03T08:31:16+00:00 NOTICE abandoned_cart.success :: email: marinerfaith16@gmail.com :: checkout_url: https://www.hotshot.nz/checkout/?mc_cart_id=7fc5e0b0215e92de6970c8d0fe822017
2020-08-03T08:31:17+00:00 NOTICE cart.member.updated :: Updated marinerfaith16@gmail.com language to en
2020-08-03T12:52:57+00:00 NOTICE action_scheduler.queue_job :: MailChimp_WooCommerce_User_Submit queued :: obj_id 542
2020-08-03T12:53:00+00:00 NOTICE action_scheduler.queue_job :: MailChimp_WooCommerce_Single_Order starts in 90 seconds :: obj_id 125661
2020-08-03T12:53:15+00:00 NOTICE member.sync :: Subscribed Member sjb50deep@gmail.com :: Array
(
    [status_if_new] => 1
    [merge_fields] => Array
        (
            [FNAME] => Sidney
            [LNAME] => Britten
        )

)

2020-08-03T12:54:06+00:00 NOTICE debug :: Order ID 125661 was pending and is now processing :: Array
(
    [new_order] => 1
    [tracking] => Array
        (
            [campaign_id] => 
            [landing_site] => https://www.hotshot.nz/?gclid=Cj0KCQjw6575BRCQARIsAMp-ksPkckr3hDHPcdGiXlwpzzvRcfiTqZxnyGWyWQ8Nkjr8yvXaCLaBMscaAqVOEALw_wcB
        )

)

2020-08-03T12:55:47+00:00 NOTICE action_scheduler.queue_job :: MailChimp_WooCommerce_Cart_Update queued :: obj_id 9c773d03fd58af981bb70ed6cb73895e
2020-08-03T12:55:51+00:00 NOTICE order.member.updated :: Updated sjb50deep@gmail.com language to en
2020-08-03T12:55:51+00:00 NOTICE order_submit.success :: addStoreOrder :: #125661 :: email: sjb50deep@gmail.com :: landing site https://www.hotshot.nz/?gclid=Cj0KCQjw6575BRCQARIsAMp-ksPkckr3hDHPcdGiXlwpzzvRcfiTqZxnyGWyWQ8Nkjr8yvXaCLaBMscaAqVOEALw_wcB
2020-08-03T12:55:52+00:00 NOTICE abandoned_cart.success :: email: sjb50deep@gmail.com :: checkout_url: https://www.hotshot.nz/checkout/?mc_cart_id=9c773d03fd58af981bb70ed6cb73895e
2020-08-03T12:55:53+00:00 NOTICE cart.member.updated :: Updated sjb50deep@gmail.com language to en
2020-08-03T21:07:07+00:00 NOTICE action_scheduler.queue_job :: MailChimp_WooCommerce_Single_Order starts in 90 seconds :: obj_id 125990
2020-08-03T21:07:13+00:00 NOTICE debug :: Order ID 125990 was processing and is now completed :: Array
(
    [new_order] => 
    [tracking] => 
)

2020-08-03T21:07:13+00:00 NOTICE debug :: Order ID 125990 was pending and is now processing :: Array
(
    [new_order] => 1
    [tracking] => Array
        (
            [campaign_id] => 
            [landing_site] => 
        )

)

2020-08-03T21:08:46+00:00 NOTICE order.member.updated :: Updated p9u9rjane@gmail.com language to en
2020-08-03T21:08:46+00:00 NOTICE order_submit.success :: addStoreOrder :: #125990 :: email: p9u9rjane@gmail.com
2020-08-03T21:09:11+00:00 NOTICE action_scheduler.queue_job :: MailChimp_WooCommerce_User_Submit queued :: obj_id 539
2020-08-03T21:09:14+00:00 NOTICE debug :: Order ID 123887 was processing and is now completed :: Array
(
    [new_order] => 
    [tracking] => 
)

2020-08-03T21:09:14+00:00 NOTICE action_scheduler.queue_job :: MailChimp_WooCommerce_Single_Order starts in 90 seconds :: obj_id 123887
2020-08-03T21:09:15+00:00 NOTICE member.sync :: Updated Member hadleyhenderson@gmail.com ( merge fields only ) :: Array
(
    [merge_fields] => Array
        (
            [FNAME] => Hadley
            [LNAME] => Henderson
        )

)

2020-08-03T21:11:33+00:00 NOTICE order_submit.success :: updateStoreOrder :: #123887 :: email: hadleyhenderson@gmail.com
2020-08-03T21:16:34+00:00 NOTICE action_scheduler.queue_job :: MailChimp_WooCommerce_User_Submit queued :: obj_id 535
2020-08-03T21:16:36+00:00 NOTICE member.sync :: Updated Member kaitlynfrear@gmail.com ( merge fields only ) :: Array
(
    [merge_fields] => Array
        (
            [FNAME] => Kaitlyn
            [LNAME] => Frear
        )

)

2020-08-03T21:16:37+00:00 NOTICE debug :: Order ID 122840 was processing and is now completed :: Array
(
    [new_order] => 
    [tracking] => 
)

2020-08-03T21:16:38+00:00 NOTICE action_scheduler.queue_job :: MailChimp_WooCommerce_Single_Order starts in 90 seconds :: obj_id 122840
2020-08-03T21:19:02+00:00 NOTICE order_submit.success :: updateStoreOrder :: #122840 :: email: kaitlynfrear@gmail.com
2020-08-03T22:36:01+00:00 NOTICE action_scheduler.queue_job :: MailChimp_WooCommerce_Single_Order starts in 90 seconds :: obj_id 126129
2020-08-03T22:36:08+00:00 NOTICE debug :: Order ID 126129 was processing and is now completed :: Array
(
    [new_order] => 
    [tracking] => 
)

2020-08-03T22:36:08+00:00 NOTICE debug :: Order ID 126129 was pending and is now processing :: Array
(
    [new_order] => 1
    [tracking] => Array
        (
            [campaign_id] => 
            [landing_site] => 
        )

)

2020-08-03T22:38:18+00:00 NOTICE order.member.updated :: Updated 509paraparatoatoa@gmail.com language to en
2020-08-03T22:38:18+00:00 NOTICE order_submit.success :: addStoreOrder :: #126129 :: email: 509paraparatoatoa@gmail.com
