2020-07-01T00:42:27+00:00 NOTICE action_scheduler.queue_job :: MailChimp_WooCommerce_User_Submit queued :: obj_id 466
2020-07-01T00:42:29+00:00 NOTICE member.sync :: Updated Member goughwhanau@gmail.com ( merge fields only ) :: Array
(
    [merge_fields] => Array
        (
            [FNAME] => Francie
            [LNAME] => Gough
        )

)

2020-07-01T00:42:32+00:00 NOTICE debug :: Order ID 53481 was processing and is now completed :: Array
(
    [new_order] => 
    [tracking] => 
)

2020-07-01T00:42:33+00:00 NOTICE action_scheduler.queue_job :: MailChimp_WooCommerce_Single_Order starts in 90 seconds :: obj_id 53481
2020-07-01T00:44:11+00:00 NOTICE order_submit.success :: updateStoreOrder :: #53481 :: email: goughwhanau@gmail.com
2020-07-01T02:53:27+00:00 NOTICE action_scheduler.queue_job :: MailChimp_WooCommerce_Single_Order starts in 90 seconds :: obj_id 66898
2020-07-01T02:55:29+00:00 NOTICE order_sumbit :: #66898 has a financial status of pending and was skipped.
2020-07-01T06:24:20+00:00 NOTICE action_scheduler.queue_job :: MailChimp_WooCommerce_Cart_Update queued :: obj_id deb764058df922faf007666578024b25
2020-07-01T06:24:30+00:00 NOTICE abandoned_cart.success :: email: sellarskarnae@gmail.com :: checkout_url: https://www.hotshot.nz/checkout/?mc_cart_id=deb764058df922faf007666578024b25
2020-07-01T06:24:31+00:00 NOTICE cart.member.updated :: Updated sellarskarnae@gmail.com language to en
2020-07-01T06:25:21+00:00 NOTICE action_scheduler.queue_job :: MailChimp_WooCommerce_Single_Order starts in 90 seconds :: obj_id 54374
2020-07-01T06:25:24+00:00 NOTICE action_scheduler.queue_job :: MailChimp_WooCommerce_User_Submit queued :: obj_id 413
2020-07-01T06:25:25+00:00 NOTICE debug :: Order ID 54374 was processing and is now completed :: Array
(
    [new_order] => 
    [tracking] => 
)

2020-07-01T06:25:25+00:00 NOTICE debug :: Order ID 54374 was pending and is now processing :: Array
(
    [new_order] => 1
    [tracking] => Array
        (
            [campaign_id] => 
            [landing_site] => 
        )

)

2020-07-01T06:25:36+00:00 NOTICE member.sync :: Updated Member sellarskarnae@gmail.com ( merge fields only ) :: Array
(
    [merge_fields] => Array
        (
            [FNAME] => Karnae
            [LNAME] => Sellars
        )

)

2020-07-01T06:27:49+00:00 NOTICE order_submit.success :: addStoreOrder :: #54374 :: email: sellarskarnae@gmail.com
2020-07-01T06:32:03+00:00 NOTICE action_scheduler.queue_job :: MailChimp_WooCommerce_User_Submit queued :: obj_id 478
2020-07-01T06:32:04+00:00 NOTICE action_scheduler.queue_job :: MailChimp_WooCommerce_Single_Order starts in 90 seconds :: obj_id 67284
2020-07-01T06:35:11+00:00 NOTICE member.sync :: Subscribed Member dememakea25@gmail.com :: Array
(
    [status_if_new] => 1
    [merge_fields] => Array
        (
            [FNAME] => Kaya
            [LNAME] => Wirihana
        )

)

2020-07-01T06:35:12+00:00 NOTICE order_sumbit :: #67284 has a financial status of pending and was skipped.
2020-07-01T06:37:45+00:00 NOTICE action_scheduler.queue_job :: MailChimp_WooCommerce_Cart_Update queued :: obj_id 9ab5d990b514a431d19246d3f89f924e
2020-07-01T06:38:13+00:00 NOTICE action_scheduler.queue_job :: MailChimp_WooCommerce_User_Submit queued :: obj_id 478
2020-07-01T06:39:27+00:00 NOTICE abandoned_cart.success :: email: dememakea25@gmail.com :: checkout_url: https://www.hotshot.nz/checkout/?mc_cart_id=9ab5d990b514a431d19246d3f89f924e
2020-07-01T06:39:28+00:00 NOTICE cart.member.updated :: Updated dememakea25@gmail.com language to en
2020-07-01T06:39:29+00:00 NOTICE member.sync :: Updated Member dememakea25@gmail.com ( merge fields only ) :: Array
(
    [merge_fields] => Array
        (
            [FNAME] => Kaya
            [LNAME] => Wirihana
        )

)

2020-07-01T09:35:31+00:00 NOTICE action_scheduler.queue_job :: MailChimp_WooCommerce_User_Submit queued :: obj_id 479
2020-07-01T09:35:33+00:00 NOTICE action_scheduler.queue_job :: MailChimp_WooCommerce_Single_Order starts in 90 seconds :: obj_id 67428
2020-07-01T09:35:34+00:00 NOTICE member.sync :: Updated Member nz_andrewmorris@hotmail.com :: Array
(
    [previous_status] => transactional
    [status] => 1
    [merge_fields] => Array
        (
            [FNAME] => Andrew
            [LNAME] => Morris
        )

)

2020-07-01T09:36:37+00:00 NOTICE debug :: Order ID 67428 was pending and is now processing :: Array
(
    [new_order] => 1
    [tracking] => Array
        (
            [campaign_id] => 
            [landing_site] => https://www.hotshot.nz/
        )

)

2020-07-01T09:38:12+00:00 NOTICE order.member.updated :: Updated nz_andrewmorris@hotmail.com language to en
2020-07-01T09:38:12+00:00 NOTICE order_submit.success :: addStoreOrder :: #67428 :: email: nz_andrewmorris@hotmail.com :: landing site https://www.hotshot.nz/ :: abandoned cart deleted [1677541dfd19eacbfee2984232e7a2de]
2020-07-01T09:48:00+00:00 NOTICE action_scheduler.queue_job :: MailChimp_WooCommerce_User_Submit queued :: obj_id 478
2020-07-01T09:49:28+00:00 NOTICE member.sync :: Updated Member dememakea25@gmail.com ( merge fields only ) :: Array
(
    [merge_fields] => Array
        (
            [FNAME] => Kaya
            [LNAME] => Wirihana
        )

)

2020-07-01T11:51:54+00:00 NOTICE action_scheduler.queue_job :: MailChimp_WooCommerce_User_Submit queued :: obj_id 480
2020-07-01T11:51:58+00:00 NOTICE action_scheduler.queue_job :: MailChimp_WooCommerce_Single_Order starts in 90 seconds :: obj_id 67566
2020-07-01T11:52:59+00:00 NOTICE debug :: Order ID 67566 was pending and is now failed :: Array
(
    [new_order] => 
    [tracking] => 
)

2020-07-01T11:53:01+00:00 NOTICE member.sync :: Subscribed Member nicole_riches@yahoo.co.nz :: Array
(
    [status_if_new] => 1
    [merge_fields] => Array
        (
            [FNAME] => Nicole
            [LNAME] => Riches
        )

)

2020-07-01T11:54:38+00:00 NOTICE system.debug :: order 67566 is in failed status, and is being skipped for now.
2020-07-01T12:10:37+00:00 NOTICE action_scheduler.queue_job :: MailChimp_WooCommerce_Cart_Update queued :: obj_id 6ba519055efcf2a266f56ad12d99ab74
2020-07-01T12:10:42+00:00 NOTICE abandoned_cart.success :: email: nicole_riches@yahoo.co.nz :: checkout_url: https://www.hotshot.nz/checkout/?mc_cart_id=6ba519055efcf2a266f56ad12d99ab74
2020-07-01T12:10:43+00:00 NOTICE cart.member.updated :: Updated nicole_riches@yahoo.co.nz language to en
2020-07-01T12:11:04+00:00 NOTICE action_scheduler.queue_job :: MailChimp_WooCommerce_User_Submit queued :: obj_id 480
2020-07-01T12:11:04+00:00 NOTICE action_scheduler.queue_job :: MailChimp_WooCommerce_Single_Order starts in 90 seconds :: obj_id 67601
2020-07-01T12:11:28+00:00 NOTICE debug :: Order ID 67601 was pending and is now failed :: Array
(
    [new_order] => 
    [tracking] => 
)

2020-07-01T12:11:29+00:00 NOTICE member.sync :: Updated Member nicole_riches@yahoo.co.nz ( merge fields only ) :: Array
(
    [merge_fields] => Array
        (
            [FNAME] => Nicole
            [LNAME] => Riches
        )

)

2020-07-01T12:18:31+00:00 NOTICE system.debug :: order 67601 is in failed status, and is being skipped for now.
2020-07-01T18:40:04+00:00 NOTICE action_scheduler.queue_job :: MailChimp_WooCommerce_Cart_Update queued :: obj_id a733e2ecd417d38e5d25f3bdcbb7b1e1
2020-07-01T18:40:40+00:00 NOTICE abandoned_cart.success :: email: porky351@gmail.com :: checkout_url: https://www.hotshot.nz/checkout/?mc_cart_id=a733e2ecd417d38e5d25f3bdcbb7b1e1
2020-07-01T18:40:41+00:00 NOTICE cart.member.updated :: Updated porky351@gmail.com language to en
2020-07-01T18:40:44+00:00 NOTICE action_scheduler.queue_job :: MailChimp_WooCommerce_Cart_Update queued :: obj_id a733e2ecd417d38e5d25f3bdcbb7b1e1
2020-07-01T18:41:05+00:00 NOTICE action_scheduler.queue_job :: MailChimp_WooCommerce_User_Submit queued :: obj_id 369
2020-07-01T18:41:27+00:00 NOTICE action_scheduler.queue_job :: MailChimp_WooCommerce_Single_Order starts in 90 seconds :: obj_id 63407
2020-07-01T18:41:29+00:00 NOTICE abandoned_cart.success :: email: porky351@gmail.com :: checkout_url: https://www.hotshot.nz/checkout/?mc_cart_id=a733e2ecd417d38e5d25f3bdcbb7b1e1
2020-07-01T18:41:30+00:00 NOTICE member.sync :: Updated Member porky351@gmail.com ( merge fields only ) :: Array
(
    [merge_fields] => Array
        (
            [FNAME] => sueann
            [LNAME] => bartley
        )

)

2020-07-01T18:41:45+00:00 NOTICE action_scheduler.queue_job :: MailChimp_WooCommerce_User_Submit queued :: obj_id 369
2020-07-01T18:41:46+00:00 NOTICE debug :: Order ID 63407 was processing and is now completed :: Array
(
    [new_order] => 
    [tracking] => 
)

2020-07-01T18:41:46+00:00 NOTICE debug :: Order ID 63407 was pending and is now processing :: Array
(
    [new_order] => 1
    [tracking] => Array
        (
            [campaign_id] => 
            [landing_site] => 
        )

)

2020-07-01T18:42:31+00:00 NOTICE member.sync :: Updated Member porky351@gmail.com ( merge fields only ) :: Array
(
    [merge_fields] => Array
        (
            [FNAME] => sueann
            [LNAME] => bartley
        )

)

2020-07-01T18:45:31+00:00 NOTICE order_submit.success :: addStoreOrder :: #63407 :: email: porky351@gmail.com :: abandoned cart deleted [a733e2ecd417d38e5d25f3bdcbb7b1e1]
2020-07-01T20:18:07+00:00 NOTICE action_scheduler.queue_job :: MailChimp_WooCommerce_Single_Order starts in 90 seconds :: obj_id 67968
2020-07-01T20:18:12+00:00 NOTICE debug :: Order ID 67968 was processing and is now completed :: Array
(
    [new_order] => 
    [tracking] => 
)

2020-07-01T20:18:12+00:00 NOTICE debug :: Order ID 67968 was pending and is now processing :: Array
(
    [new_order] => 1
    [tracking] => Array
        (
            [campaign_id] => 
            [landing_site] => 
        )

)

2020-07-01T20:20:31+00:00 NOTICE order.member.updated :: Updated hayden.best@gmail.com language to en
2020-07-01T20:20:31+00:00 NOTICE order_submit.success :: addStoreOrder :: #67968 :: email: hayden.best@gmail.com
2020-07-01T21:16:19+00:00 NOTICE action_scheduler.queue_job :: MailChimp_WooCommerce_User_Submit queued :: obj_id 458
2020-07-01T21:16:24+00:00 NOTICE member.sync :: Updated Member tyngo13888@gmail.com ( merge fields only ) :: Array
(
    [merge_fields] => Array
        (
            [FNAME] => Ty
            [LNAME] => Ngo
        )

)

2020-07-01T21:16:28+00:00 NOTICE debug :: Order ID 66470 was processing and is now completed :: Array
(
    [new_order] => 
    [tracking] => 
)

2020-07-01T21:16:28+00:00 NOTICE action_scheduler.queue_job :: MailChimp_WooCommerce_Single_Order starts in 90 seconds :: obj_id 66470
2020-07-01T21:18:37+00:00 NOTICE order_submit.success :: updateStoreOrder :: #66470 :: email: tyngo13888@gmail.com
2020-07-01T21:25:33+00:00 NOTICE debug :: Order ID 49506 was completed and is now cancelled :: Array
(
    [new_order] => 
    [tracking] => 
)

2020-07-01T21:25:34+00:00 NOTICE action_scheduler.queue_job :: MailChimp_WooCommerce_Single_Order starts in 90 seconds :: obj_id 49506
2020-07-01T21:27:28+00:00 NOTICE order_submit.success :: updateStoreOrder :: #49506 :: email: tyngo13888@gmail.com
2020-07-01T22:36:39+00:00 NOTICE action_scheduler.queue_job :: MailChimp_WooCommerce_Single_Order starts in 90 seconds :: obj_id 68184
2020-07-01T22:36:43+00:00 NOTICE debug :: Order ID 68184 was processing and is now completed :: Array
(
    [new_order] => 
    [tracking] => 
)

2020-07-01T22:36:43+00:00 NOTICE debug :: Order ID 68184 was pending and is now processing :: Array
(
    [new_order] => 1
    [tracking] => Array
        (
            [campaign_id] => 
            [landing_site] => 
        )

)

2020-07-01T22:38:56+00:00 NOTICE order.member.updated :: Updated lukeingme@yahoo.com.au language to en
2020-07-01T22:38:56+00:00 NOTICE order_submit.success :: addStoreOrder :: #68184 :: email: lukeingme@yahoo.com.au
2020-07-01T23:55:49+00:00 NOTICE action_scheduler.queue_job :: MailChimp_WooCommerce_Single_Order starts in 90 seconds :: obj_id 68264
2020-07-01T23:55:54+00:00 NOTICE debug :: Order ID 68264 was processing and is now completed :: Array
(
    [new_order] => 
    [tracking] => 
)

2020-07-01T23:55:55+00:00 NOTICE debug :: Order ID 68264 was pending and is now processing :: Array
(
    [new_order] => 1
    [tracking] => Array
        (
            [campaign_id] => 
            [landing_site] => 
        )

)

2020-07-01T23:58:42+00:00 NOTICE order.member.updated :: Updated lephamthuthao@gmail.com language to en
2020-07-01T23:58:42+00:00 NOTICE order_submit.success :: addStoreOrder :: #68264 :: email: lephamthuthao@gmail.com
