2020-06-26T01:35:15+00:00 NOTICE action_scheduler.queue_job :: MailChimp_WooCommerce_Cart_Update queued :: obj_id 69da5ba7b832571c7f24981adf551592
2020-06-26T01:35:37+00:00 NOTICE abandoned_cart.success :: email: dan.abalo22@gmail.com :: checkout_url: https://www.hotshot.nz/checkout/?mc_cart_id=69da5ba7b832571c7f24981adf551592
2020-06-26T01:35:38+00:00 NOTICE cart.member.updated :: Updated dan.abalo22@gmail.com language to en
2020-06-26T01:35:46+00:00 NOTICE action_scheduler.queue_job :: MailChimp_WooCommerce_User_Submit queued :: obj_id 187
2020-06-26T01:35:46+00:00 NOTICE action_scheduler.queue_job :: MailChimp_WooCommerce_Single_Order starts in 90 seconds :: obj_id 59182
2020-06-26T01:36:40+00:00 NOTICE member.sync :: Updated Member dan.abalo22@gmail.com ( merge fields only ) :: Array
(
    [merge_fields] => Array
        (
            [FNAME] => Danilo
            [LNAME] => Abalo
        )

)

2020-06-26T01:36:40+00:00 NOTICE debug :: Order ID 59182 was pending and is now processing :: Array
(
    [new_order] => 1
    [tracking] => Array
        (
            [campaign_id] => 
            [landing_site] => https://www.hotshot.nz/checkout/order-pay/53108/?key=wc_order_289jfM3Bm6RmS
        )

)

2020-06-26T01:39:37+00:00 NOTICE order.member.updated :: Updated dan.abalo22@gmail.com language to en
2020-06-26T01:39:37+00:00 NOTICE order_submit.success :: addStoreOrder :: #59182 :: email: dan.abalo22@gmail.com :: landing site https://www.hotshot.nz/checkout/order-pay/53108/?key=wc_order_289jfM3Bm6RmS :: abandoned cart deleted [69da5ba7b832571c7f24981adf551592]
2020-06-26T01:39:37+00:00 NOTICE action_scheduler.queue_job :: MailChimp_WooCommerce_Single_Order starts in 90 seconds :: obj_id 59193
2020-06-26T01:39:41+00:00 NOTICE debug :: Order ID 59193 was processing and is now completed :: Array
(
    [new_order] => 
    [tracking] => 
)

2020-06-26T01:39:41+00:00 NOTICE debug :: Order ID 59193 was pending and is now processing :: Array
(
    [new_order] => 1
    [tracking] => Array
        (
            [campaign_id] => 
            [landing_site] => 
        )

)

2020-06-26T01:39:42+00:00 NOTICE action_scheduler.queue_job :: MailChimp_WooCommerce_Single_Order starts in 90 seconds :: obj_id 59200
2020-06-26T01:39:48+00:00 NOTICE debug :: Order ID 59200 was processing and is now completed :: Array
(
    [new_order] => 
    [tracking] => 
)

2020-06-26T01:39:48+00:00 NOTICE debug :: Order ID 59200 was pending and is now processing :: Array
(
    [new_order] => 1
    [tracking] => Array
        (
            [campaign_id] => 
            [landing_site] => 
        )

)

2020-06-26T01:42:29+00:00 NOTICE order.member.updated :: Updated jbeautrais@gmail.com language to en
2020-06-26T01:42:29+00:00 NOTICE order_submit.success :: addStoreOrder :: #59193 :: email: jbeautrais@gmail.com
2020-06-26T01:42:32+00:00 NOTICE order.member.updated :: Updated gibli660@student.otago.ac.nz language to en
2020-06-26T01:42:32+00:00 NOTICE order_submit.success :: addStoreOrder :: #59200 :: email: gibli660@student.otago.ac.nz
2020-06-26T01:47:56+00:00 NOTICE action_scheduler.queue_job :: MailChimp_WooCommerce_Single_Order starts in 90 seconds :: obj_id 59223
2020-06-26T01:48:00+00:00 NOTICE debug :: Order ID 59223 was processing and is now completed :: Array
(
    [new_order] => 
    [tracking] => 
)

2020-06-26T01:48:00+00:00 NOTICE debug :: Order ID 59223 was pending and is now processing :: Array
(
    [new_order] => 1
    [tracking] => Array
        (
            [campaign_id] => 
            [landing_site] => 
        )

)

2020-06-26T01:51:28+00:00 NOTICE order.member.updated :: Updated gerardnz@live.com language to en
2020-06-26T01:51:28+00:00 NOTICE order_submit.success :: addStoreOrder :: #59223 :: email: gerardnz@live.com
2020-06-26T02:34:10+00:00 NOTICE action_scheduler.queue_job :: MailChimp_WooCommerce_User_Submit queued :: obj_id 187
2020-06-26T02:34:13+00:00 NOTICE debug :: Order ID 59182 was processing and is now completed :: Array
(
    [new_order] => 
    [tracking] => 
)

2020-06-26T02:34:13+00:00 NOTICE action_scheduler.queue_job :: MailChimp_WooCommerce_Single_Order starts in 90 seconds :: obj_id 59182
2020-06-26T02:34:32+00:00 NOTICE member.sync :: Updated Member dan.abalo22@gmail.com ( merge fields only ) :: Array
(
    [merge_fields] => Array
        (
            [FNAME] => Danilo
            [LNAME] => Abalo
        )

)

2020-06-26T02:35:58+00:00 NOTICE order_submit.success :: updateStoreOrder :: #59182 :: email: dan.abalo22@gmail.com
