2020-07-15T02:41:07+00:00 NOTICE action_scheduler.queue_job :: MailChimp_WooCommerce_Single_Order starts in 90 seconds :: obj_id 66898
2020-07-15T02:42:52+00:00 NOTICE order_sumbit :: #66898 has a financial status of pending and was skipped.
2020-07-15T08:00:44+00:00 NOTICE action_scheduler.queue_job :: MailChimp_WooCommerce_Cart_Update queued :: obj_id dd24524e7c2b94c3fe502ec9162b5a7b
2020-07-15T08:00:53+00:00 NOTICE abandoned_cart.success :: email: braygyde010114@gmail.com :: checkout_url: https://www.hotshot.nz/checkout/?mc_cart_id=dd24524e7c2b94c3fe502ec9162b5a7b
2020-07-15T08:00:53+00:00 NOTICE cart.member.updated :: Updated braygyde010114@gmail.com language to en
2020-07-15T08:58:10+00:00 NOTICE action_scheduler.queue_job :: MailChimp_WooCommerce_Cart_Update queued :: obj_id c845e3d7b80339922a88815d15002103
2020-07-15T08:58:10+00:00 NOTICE action_scheduler.queue_job :: MailChimp_WooCommerce_Cart_Update queued :: obj_id c845e3d7b80339922a88815d15002103
2020-07-15T08:58:13+00:00 NOTICE abandoned_cart.success :: email: henzandkids@gmail.com :: checkout_url: https://www.hotshot.nz/checkout/?mc_cart_id=c845e3d7b80339922a88815d15002103
2020-07-15T08:58:14+00:00 NOTICE cart.member.updated :: Updated henzandkids@gmail.com language to en
2020-07-15T08:58:15+00:00 NOTICE abandoned_cart.success :: email: henzandkids@gmail.com :: checkout_url: https://www.hotshot.nz/checkout/?mc_cart_id=c845e3d7b80339922a88815d15002103
2020-07-15T08:58:40+00:00 NOTICE action_scheduler.queue_job :: MailChimp_WooCommerce_User_Submit queued :: obj_id 504
2020-07-15T08:58:42+00:00 NOTICE action_scheduler.queue_job :: MailChimp_WooCommerce_Single_Order starts in 90 seconds :: obj_id 86889
2020-07-15T08:59:03+00:00 NOTICE member.sync :: Updated Member henzandkids@gmail.com :: Array
(
    [previous_status] => transactional
    [status] => 1
    [merge_fields] => Array
        (
            [FNAME] => HeniJane
            [LNAME] => Puna
        )

)

2020-07-15T09:01:03+00:00 NOTICE order_sumbit :: #86889 has a financial status of pending and was skipped.
2020-07-15T10:42:29+00:00 NOTICE action_scheduler.queue_job :: MailChimp_WooCommerce_Cart_Update queued :: obj_id c669b2887c0f323df8d63ba563ab71a0
2020-07-15T10:43:13+00:00 NOTICE abandoned_cart.success :: email: liamreich7n7@gmail.com :: checkout_url: https://www.hotshot.nz/checkout/?mc_cart_id=c669b2887c0f323df8d63ba563ab71a0
2020-07-15T10:43:14+00:00 NOTICE cart.member.updated :: Updated liamreich7n7@gmail.com language to en
2020-07-15T21:35:18+00:00 NOTICE action_scheduler.queue_job :: MailChimp_WooCommerce_Single_Order starts in 90 seconds :: obj_id 87796
2020-07-15T21:35:23+00:00 NOTICE debug :: Order ID 87796 was processing and is now completed :: Array
(
    [new_order] => 
    [tracking] => 
)

2020-07-15T21:35:23+00:00 NOTICE debug :: Order ID 87796 was pending and is now processing :: Array
(
    [new_order] => 1
    [tracking] => Array
        (
            [campaign_id] => 
            [landing_site] => 
        )

)

2020-07-15T21:38:05+00:00 NOTICE order.member.updated :: Updated nicolablockley94@gmail.com language to en
2020-07-15T21:38:05+00:00 NOTICE order_submit.success :: addStoreOrder :: #87796 :: email: nicolablockley94@gmail.com
2020-07-15T21:56:35+00:00 NOTICE action_scheduler.queue_job :: MailChimp_WooCommerce_User_Submit queued :: obj_id 505
2020-07-15T21:56:39+00:00 NOTICE action_scheduler.queue_job :: MailChimp_WooCommerce_Single_Order starts in 90 seconds :: obj_id 87852
2020-07-15T21:57:03+00:00 NOTICE debug :: Order ID 87852 was pending and is now failed :: Array
(
    [new_order] => 
    [tracking] => 
)

2020-07-15T21:57:05+00:00 NOTICE member.sync :: Subscribed Member info@casapablos.page :: Array
(
    [status_if_new] => 1
    [merge_fields] => Array
        (
            [FNAME] => James
            [LNAME] => Jenkins
        )

)

2020-07-15T21:58:11+00:00 NOTICE system.debug :: order 87852 is in failed status, and is being skipped for now.
2020-07-15T22:22:46+00:00 NOTICE action_scheduler.queue_job :: MailChimp_WooCommerce_Single_Order starts in 90 seconds :: obj_id 87924
2020-07-15T22:22:51+00:00 NOTICE action_scheduler.queue_job :: MailChimp_WooCommerce_User_Submit queued :: obj_id 452
2020-07-15T22:22:53+00:00 NOTICE debug :: Order ID 87924 was processing and is now completed :: Array
(
    [new_order] => 
    [tracking] => 
)

2020-07-15T22:22:53+00:00 NOTICE debug :: Order ID 87924 was pending and is now processing :: Array
(
    [new_order] => 1
    [tracking] => Array
        (
            [campaign_id] => 
            [landing_site] => https://www.hotshot.nz/?gclid=CjwKCAjw26H3BRB2EiwAy32zhTt_ovy5f-JvfhwCG7uUkMsvw4Qz5VVOOFEJ3nhSczqF1O3Mdry2nxoC07cQAvD_BwE
        )

)

2020-07-15T22:23:03+00:00 NOTICE member.sync :: Updated Member s.e.mackel21@gmail.com ( merge fields only ) :: Array
(
    [merge_fields] => Array
        (
            [FNAME] => Samantha
            [LNAME] => Mackel
        )

)

2020-07-15T22:23:57+00:00 NOTICE action_scheduler.queue_job :: MailChimp_WooCommerce_Cart_Update queued :: obj_id c669b2887c0f323df8d63ba563ab71a0
2020-07-15T22:24:36+00:00 NOTICE abandoned_cart.success :: email: liamreich7n7@gmail.com :: checkout_url: https://www.hotshot.nz/checkout/?mc_cart_id=c669b2887c0f323df8d63ba563ab71a0
2020-07-15T22:24:37+00:00 NOTICE cart.member.updated :: Updated liamreich7n7@gmail.com language to en
2020-07-15T22:24:40+00:00 NOTICE order.member.updated :: Updated s.e.mackel21@gmail.com language to en
2020-07-15T22:24:40+00:00 NOTICE order_submit.success :: addStoreOrder :: #87924 :: email: s.e.mackel21@gmail.com
2020-07-15T22:25:15+00:00 NOTICE action_scheduler.queue_job :: MailChimp_WooCommerce_Cart_Update queued :: obj_id c669b2887c0f323df8d63ba563ab71a0
2020-07-15T22:25:40+00:00 NOTICE abandoned_cart.success :: email: liamreich7n7@gmail.com :: checkout_url: https://www.hotshot.nz/checkout/?mc_cart_id=c669b2887c0f323df8d63ba563ab71a0
2020-07-15T22:27:54+00:00 NOTICE action_scheduler.queue_job :: MailChimp_WooCommerce_Single_Order starts in 90 seconds :: obj_id 63585
2020-07-15T22:27:56+00:00 NOTICE action_scheduler.queue_job :: MailChimp_WooCommerce_User_Submit queued :: obj_id 186
2020-07-15T22:27:57+00:00 NOTICE debug :: Order ID 63585 was processing and is now completed :: Array
(
    [new_order] => 
    [tracking] => 
)

2020-07-15T22:27:58+00:00 NOTICE debug :: Order ID 63585 was pending and is now processing :: Array
(
    [new_order] => 1
    [tracking] => Array
        (
            [campaign_id] => 
            [landing_site] => 
        )

)

2020-07-15T22:27:59+00:00 NOTICE member.sync :: Updated Member liamreich7n7@gmail.com ( merge fields only ) :: Array
(
    [merge_fields] => Array
        (
            [FNAME] => Michael
            [LNAME] => Canning
        )

)

2020-07-15T22:30:10+00:00 NOTICE order_submit.success :: addStoreOrder :: #63585 :: email: liamreich7n7@gmail.com :: abandoned cart deleted [c669b2887c0f323df8d63ba563ab71a0]
2020-07-15T22:32:55+00:00 NOTICE action_scheduler.queue_job :: MailChimp_WooCommerce_Cart_Update queued :: obj_id c669b2887c0f323df8d63ba563ab71a0
2020-07-15T22:32:57+00:00 NOTICE abandoned_cart.success :: email: liamreich7n7@gmail.com :: checkout_url: https://www.hotshot.nz/checkout/?mc_cart_id=c669b2887c0f323df8d63ba563ab71a0
2020-07-15T23:43:49+00:00 NOTICE action_scheduler.queue_job :: MailChimp_WooCommerce_Single_Order starts in 90 seconds :: obj_id 88118
2020-07-15T23:45:46+00:00 NOTICE order_sumbit :: #88118 has a financial status of pending and was skipped.
