2020-11-03T01:27:35+00:00 NOTICE action_scheduler.queue_job :: MailChimp_WooCommerce_Single_Order starts in 90 seconds :: obj_id 294892
2020-11-03T02:12:22+00:00 NOTICE order_sumbit :: #294892 has a financial status of pending and was skipped.
2020-11-03T09:48:22+00:00 NOTICE action_scheduler.queue_job :: MailChimp_WooCommerce_Single_Product starts in 5 seconds :: obj_id 294948
2020-11-03T09:48:32+00:00 NOTICE product_submit.success :: addStoreProduct :: #294948
2020-11-03T09:50:30+00:00 NOTICE action_scheduler.queue_job :: MailChimp_WooCommerce_Single_Order starts in 90 seconds :: obj_id 294974
2020-11-03T09:50:35+00:00 NOTICE debug :: Order ID 294974 was pending and is now processing :: Array
(
    [new_order] => 1
    [tracking] => Array
        (
            [campaign_id] => 
            [landing_site] => https://www.hotshot.nz/wp-admin/admin-ajax.php
        )

)

2020-11-03T09:52:47+00:00 NOTICE order.member.updated :: Updated daniel.han@telnetnz.co.nz language to en
2020-11-03T09:52:47+00:00 NOTICE order_submit.success :: addStoreOrder :: #294974 :: email: daniel.han@telnetnz.co.nz :: landing site https://www.hotshot.nz/wp-admin/admin-ajax.php
2020-11-03T09:53:36+00:00 NOTICE debug :: Order ID 294974 was processing and is now completed :: Array
(
    [new_order] => 
    [tracking] => 
)

2020-11-03T09:53:37+00:00 NOTICE action_scheduler.queue_job :: MailChimp_WooCommerce_Single_Order starts in 90 seconds :: obj_id 294974
2020-11-03T09:56:21+00:00 NOTICE order_submit.success :: updateStoreOrder :: #294974 :: email: daniel.han@telnetnz.co.nz
2020-11-03T11:41:30+00:00 NOTICE action_scheduler.queue_job :: MailChimp_WooCommerce_User_Submit queued :: obj_id 686
2020-11-03T11:41:33+00:00 NOTICE debug :: Order ID 294881 was pending and is now completed :: Array
(
    [new_order] => 1
    [tracking] => Array
        (
            [campaign_id] => 
            [landing_site] => https://www.hotshot.nz/?gclid=Cj0KCQjwk8b7BRCaARIsAARRTL7LA9idk0PpjNfdy0Lst5h73FweszODjo-PZ5OFU75xiyxFoFF-mp0aAqCOEALw_wcB
        )

)

2020-11-03T11:41:33+00:00 NOTICE action_scheduler.queue_job :: MailChimp_WooCommerce_Single_Order starts in 90 seconds :: obj_id 294881
2020-11-03T11:41:37+00:00 NOTICE member.sync :: Updated Member clarrissayates3@gmail.com ( merge fields only ) :: Array
(
    [merge_fields] => Array
        (
            [FNAME] => Clarrissa
            [LNAME] => Yates
        )

)

2020-11-03T11:43:08+00:00 NOTICE order.member.updated :: Updated clarrissayates3@gmail.com language to en
2020-11-03T11:43:08+00:00 NOTICE order_submit.success :: addStoreOrder :: #294881 :: email: clarrissayates3@gmail.com :: landing site https://www.hotshot.nz/?gclid=Cj0KCQjwk8b7BRCaARIsAARRTL7LA9idk0PpjNfdy0Lst5h73FweszODjo-PZ5OFU75xiyxFoFF-mp0aAqCOEALw_wcB
2020-11-03T11:52:13+00:00 NOTICE action_scheduler.queue_job :: MailChimp_WooCommerce_Single_Order starts in 90 seconds :: obj_id 295173
2020-11-03T11:52:15+00:00 NOTICE debug :: Order ID 295173 was pending and is now processing :: Array
(
    [new_order] => 1
    [tracking] => Array
        (
            [campaign_id] => 
            [landing_site] => https://developer2021.hotshot.nz/?wc-ajax=get_refreshed_fragments
        )

)

2020-11-03T11:53:46+00:00 NOTICE order.member.updated :: Updated daniel.han@telnetnz.co.nz language to en
2020-11-03T11:53:46+00:00 NOTICE order_submit.success :: addStoreOrder :: #295173 :: email: daniel.han@telnetnz.co.nz :: landing site https://developer2021.hotshot.nz/?wc-ajax=get_refreshed_fragments
2020-11-03T11:53:46+00:00 NOTICE action_scheduler.queue_job :: MailChimp_WooCommerce_User_Submit queued :: obj_id 4
2020-11-03T11:53:49+00:00 NOTICE debug :: Order ID 295173 was processing and is now completed :: Array
(
    [new_order] => 
    [tracking] => 
)

2020-11-03T11:53:49+00:00 NOTICE action_scheduler.queue_job :: MailChimp_WooCommerce_Single_Order starts in 90 seconds :: obj_id 295173
2020-11-03T11:54:08+00:00 NOTICE member.sync :: Updated Member daniel.han@telnetnz.co.nz ( merge fields only ) :: Array
(
    [merge_fields] => Array
        (
            [FNAME] => Daniel
            [LNAME] => Han
        )

)

2020-11-03T11:56:13+00:00 NOTICE order_submit.success :: updateStoreOrder :: #295173 :: email: daniel.han@telnetnz.co.nz
2020-11-03T22:47:43+00:00 NOTICE action_scheduler.queue_job :: MailChimp_WooCommerce_Single_Order starts in 90 seconds :: obj_id 295233
2020-11-03T22:51:08+00:00 NOTICE order_sumbit :: #295233 has a financial status of pending and was skipped.
2020-11-03T22:52:43+00:00 NOTICE action_scheduler.queue_job :: MailChimp_WooCommerce_Cart_Update queued :: obj_id 15aa783f98510a3cbbf8547c2560e5b2
2020-11-03T22:52:46+00:00 NOTICE abandoned_cart.success :: email: wudahenry@gmail.com :: checkout_url: https://developer2021.hotshot.nz/checkout/?mc_cart_id=15aa783f98510a3cbbf8547c2560e5b2
2020-11-03T22:52:47+00:00 NOTICE cart.member.updated :: Updated wudahenry@gmail.com language to en
2020-11-03T22:53:43+00:00 NOTICE action_scheduler.queue_job :: MailChimp_WooCommerce_Single_Order starts in 90 seconds :: obj_id 295256
2020-11-03T22:55:34+00:00 NOTICE order_sumbit :: #295256 has a financial status of pending and was skipped.
2020-11-03T22:57:34+00:00 NOTICE action_scheduler.queue_job :: MailChimp_WooCommerce_User_Submit queued :: obj_id 12
2020-11-03T22:57:38+00:00 NOTICE debug :: Order ID 295256 was pending and is now completed :: Array
(
    [new_order] => 1
    [tracking] => Array
        (
            [campaign_id] => 
            [landing_site] => http://developer2021.hotshot.nz/wp-login.php?action=logout&redirect_to=https%3A%2F%2Fdeveloper2021.hotshot.nz%2F&_wpnonce=f22e23c893
        )

)

2020-11-03T22:57:38+00:00 NOTICE action_scheduler.queue_job :: MailChimp_WooCommerce_Single_Order starts in 90 seconds :: obj_id 295256
2020-11-03T22:57:39+00:00 NOTICE member.sync :: Updated Member wudahenry@gmail.com :: Array
(
    [previous_status] => transactional
    [status] => 1
    [merge_fields] => Array
        (
            [FNAME] => Harris
            [LNAME] => Test
        )

)

2020-11-03T22:59:14+00:00 NOTICE order.member.updated :: Updated wudahenry@gmail.com language to en
2020-11-03T22:59:14+00:00 NOTICE order_submit.success :: addStoreOrder :: #295256 :: email: wudahenry@gmail.com :: landing site http://developer2021.hotshot.nz/wp-login.php?action=logout&redirect_to=https%3A%2F%2Fdeveloper2021.hotshot.nz%2F&_wpnonce=f22e23c893 :: abandoned cart deleted [15aa783f98510a3cbbf8547c2560e5b2]
2020-11-03T23:00:55+00:00 NOTICE action_scheduler.queue_job :: MailChimp_WooCommerce_Cart_Update queued :: obj_id 15aa783f98510a3cbbf8547c2560e5b2
2020-11-03T23:01:00+00:00 NOTICE abandoned_cart.success :: email: wudahenry@gmail.com :: checkout_url: https://developer2021.hotshot.nz/checkout/?mc_cart_id=15aa783f98510a3cbbf8547c2560e5b2
2020-11-03T23:01:02+00:00 NOTICE action_scheduler.queue_job :: MailChimp_WooCommerce_User_Submit queued :: obj_id 12
2020-11-03T23:01:03+00:00 NOTICE action_scheduler.queue_job :: MailChimp_WooCommerce_Single_Order starts in 90 seconds :: obj_id 295291
2020-11-03T23:01:12+00:00 NOTICE debug :: Order ID 295291 was pending and is now failed :: Array
(
    [new_order] => 
    [tracking] => 
)

2020-11-03T23:01:40+00:00 NOTICE member.sync :: Updated Member wudahenry@gmail.com ( merge fields only ) :: Array
(
    [merge_fields] => Array
        (
            [FNAME] => Harris
            [LNAME] => Test
        )

)

2020-11-03T23:01:56+00:00 NOTICE action_scheduler.queue_job :: MailChimp_WooCommerce_Cart_Update queued :: obj_id 15aa783f98510a3cbbf8547c2560e5b2
2020-11-03T23:02:04+00:00 NOTICE abandoned_cart.success :: email: wudahenry@gmail.com :: checkout_url: https://developer2021.hotshot.nz/checkout/?mc_cart_id=15aa783f98510a3cbbf8547c2560e5b2
2020-11-03T23:03:02+00:00 NOTICE system.debug :: order 295291 is in failed status, and is being skipped for now.
2020-11-03T23:36:10+00:00 NOTICE action_scheduler.queue_job :: MailChimp_WooCommerce_Cart_Update queued :: obj_id 15aa783f98510a3cbbf8547c2560e5b2
2020-11-03T23:36:36+00:00 NOTICE abandoned_cart.success :: email: wudahenry@gmail.com :: checkout_url: https://developer2021.hotshot.nz/checkout/?mc_cart_id=15aa783f98510a3cbbf8547c2560e5b2
2020-11-03T23:37:06+00:00 NOTICE action_scheduler.queue_job :: MailChimp_WooCommerce_Cart_Update queued :: obj_id 15aa783f98510a3cbbf8547c2560e5b2
2020-11-03T23:37:39+00:00 NOTICE abandoned_cart.success :: email: wudahenry@gmail.com :: checkout_url: https://developer2021.hotshot.nz/checkout/?mc_cart_id=15aa783f98510a3cbbf8547c2560e5b2
2020-11-03T23:40:46+00:00 NOTICE action_scheduler.queue_job :: MailChimp_WooCommerce_Cart_Update queued :: obj_id 15aa783f98510a3cbbf8547c2560e5b2
2020-11-03T23:40:49+00:00 NOTICE abandoned_cart.success :: email: wudahenry@gmail.com :: checkout_url: https://developer2021.hotshot.nz/checkout/?mc_cart_id=15aa783f98510a3cbbf8547c2560e5b2
2020-11-03T23:41:53+00:00 NOTICE action_scheduler.queue_job :: MailChimp_WooCommerce_Cart_Update queued :: obj_id 15aa783f98510a3cbbf8547c2560e5b2
2020-11-03T23:41:55+00:00 NOTICE abandoned_cart.success :: email: wudahenry@gmail.com :: checkout_url: https://developer2021.hotshot.nz/checkout/?mc_cart_id=15aa783f98510a3cbbf8547c2560e5b2
