07-26-2019 @ 23:26:56 - Array
(
    [dps billing id: ] => Array
        (
        )

)

07-26-2019 @ 23:34:36 - Array
(
    [dps billing id: ] => Array
        (
        )

)

07-26-2019 @ 23:35:51 - Array
(
    [dps billing id: ] => Array
        (
        )

)

07-26-2019 @ 23:42:19 - Array
(
    [dps billing id: ] => Array
        (
        )

)

07-26-2019 @ 23:49:07 - Array
(
    [dps billing id: ] => Array
        (
        )

)

07-26-2019 @ 23:49:40 - Array
(
    [dps billing id: ] => Array
        (
        )

)

07-26-2019 @ 23:51:11 - Array
(
    [dps billing id: ] => Array
        (
        )

)

07-26-2019 @ 23:54:49 - Array
(
    [dps billing id: ] => Array
        (
        )

)

07-27-2019 @ 00:06:37 - Array
(
    [dps billing id: ] => Array
        (
            [0] => 0000110271822662
        )

)

07-27-2019 @ 00:18:58 - Array
(
    [dps billing id: ] => Array
        (
            [0] => 0000110271822662
        )

)

07-27-2019 @ 00:29:46 - Array
(
    [dps billing id: ] => Array
        (
            [0] => 0000110271822662
        )

)

