03-31-2020 @ 17:51:09 - Array
(
    [return url] => https://www.hotshot.nz/wc-api/WC_Gateway_Payment_Express_Hybrid/
)

03-31-2020 @ 17:51:09 - ========= initiating transaction request
03-31-2020 @ 17:51:09 - test or live account, invoice ref: hotshot.co.nz - Order # 23132, transaction: ID5e82cc3d0ea63-23132, amount: 99.40, billingID: 001585630269-335
03-31-2020 @ 17:51:09 - success URL: https://www.hotshot.nz/wc-api/WC_Gateway_Payment_Express_Hybrid/
03-31-2020 @ 17:51:09 - failure URL: https://www.hotshot.nz/wc-api/WC_Gateway_Payment_Express_Hybrid/
03-31-2020 @ 17:51:09 - Array
(
    [access_userid] => HotShotBroadbandPx
    [access_key] => d6c058c87cc26ea56a481537c248cdea9a9ce41293c144dd666c18abd6ab2917
    [access_url] => https://sec.windcave.com/pxaccess/pxpay.aspx
)

03-31-2020 @ 17:51:09 - https://sec.windcave.com/pxmi3/EF4054F622D6C4C1BE8994D93F8FDAD9442191F5322EEE192A3C52A9EE4D8D355977CEFF3B9429076
03-31-2020 @ 17:51:09 - Array
(
    [dps url] => https://sec.windcave.com/pxmi3/EF4054F622D6C4C1BE8994D93F8FDAD9442191F5322EEE192A3C52A9EE4D8D355977CEFF3B9429076
    [ajax img_loader] => https://www.hotshot.nz/wp-content/plugins/woocommerce-gateway-payment-express-hybrid/images/ajax-loader.gif
)

04-01-2020 @ 10:25:53 - Array
(
    [return url] => https://www.hotshot.nz/wc-api/WC_Gateway_Payment_Express_Hybrid/
)

04-01-2020 @ 10:25:53 - ========= initiating transaction request
04-01-2020 @ 10:25:53 - test or live account, invoice ref: hotshot.co.nz - Order # 23174, transaction: ID5e83b561dea2d-23174, amount: 99.40, billingID: 001585689953-336
04-01-2020 @ 10:25:53 - success URL: https://www.hotshot.nz/wc-api/WC_Gateway_Payment_Express_Hybrid/
04-01-2020 @ 10:25:53 - failure URL: https://www.hotshot.nz/wc-api/WC_Gateway_Payment_Express_Hybrid/
04-01-2020 @ 10:25:53 - Array
(
    [access_userid] => HotShotBroadbandPx
    [access_key] => d6c058c87cc26ea56a481537c248cdea9a9ce41293c144dd666c18abd6ab2917
    [access_url] => https://sec.windcave.com/pxaccess/pxpay.aspx
)

04-01-2020 @ 10:25:54 - https://sec.windcave.com/pxmi3/EF4054F622D6C4C1B019093B1F6B3345C1C47ECFC3493FA1252BE426A566EC8F8809D569EA8E6FB59
04-01-2020 @ 10:25:54 - Array
(
    [dps url] => https://sec.windcave.com/pxmi3/EF4054F622D6C4C1B019093B1F6B3345C1C47ECFC3493FA1252BE426A566EC8F8809D569EA8E6FB59
    [ajax img_loader] => https://www.hotshot.nz/wp-content/plugins/woocommerce-gateway-payment-express-hybrid/images/ajax-loader.gif
)

