09-02-2020 @ 22:15:54 - Array
(
    [return url] => https://www.hotshot.nz/wc-api/WC_Gateway_Payment_Express_Hybrid/
)

09-02-2020 @ 22:15:54 - ========= initiating transaction request
09-02-2020 @ 22:15:54 - test or live account, invoice ref: hotshot.co.nz - Order # 193092, transaction: ID5f4f70da3c0b8-193092, amount: 208.40, billingID: 001599041754-620
09-02-2020 @ 22:15:54 - success URL: https://www.hotshot.nz/wc-api/WC_Gateway_Payment_Express_Hybrid/
09-02-2020 @ 22:15:54 - failure URL: https://www.hotshot.nz/wc-api/WC_Gateway_Payment_Express_Hybrid/
09-02-2020 @ 22:15:54 - Array
(
    [access_userid] => HotShotBroadbandPx
    [access_key] => d6c058c87cc26ea56a481537c248cdea9a9ce41293c144dd666c18abd6ab2917
    [access_url] => https://sec.windcave.com/pxaccess/pxpay.aspx
)

09-02-2020 @ 22:15:54 - https://sec.windcave.com/pxmi3/EF4054F622D6C4C1B3C35C7C41F69995C7F98866557CB6AB1AEB981461019A88647C97E90D8468D0D
09-02-2020 @ 22:15:54 - Array
(
    [dps url] => https://sec.windcave.com/pxmi3/EF4054F622D6C4C1B3C35C7C41F69995C7F98866557CB6AB1AEB981461019A88647C97E90D8468D0D
    [ajax img_loader] => https://www.hotshot.nz/wp-content/plugins/woocommerce-gateway-payment-express-hybrid/images/ajax-loader.gif
)

09-03-2020 @ 01:40:46 - Array
(
    [return url] => https://www.hotshot.nz/wc-api/WC_Gateway_Payment_Express_Hybrid/
)

09-03-2020 @ 01:40:47 - ========= initiating transaction request
09-03-2020 @ 01:40:47 - test or live account, invoice ref: hotshot.co.nz - Order # 193254, transaction: ID5f4fa0df0191c-193254, amount: 208.40, billingID: 001599054047-621
09-03-2020 @ 01:40:47 - success URL: https://www.hotshot.nz/wc-api/WC_Gateway_Payment_Express_Hybrid/
09-03-2020 @ 01:40:47 - failure URL: https://www.hotshot.nz/wc-api/WC_Gateway_Payment_Express_Hybrid/
09-03-2020 @ 01:40:47 - Array
(
    [access_userid] => HotShotBroadbandPx
    [access_key] => d6c058c87cc26ea56a481537c248cdea9a9ce41293c144dd666c18abd6ab2917
    [access_url] => https://sec.windcave.com/pxaccess/pxpay.aspx
)

09-03-2020 @ 01:40:47 - https://sec.windcave.com/pxmi3/EF4054F622D6C4C1B3C35C7C41F69995C70EA7D799B982C86E363074E63193A5BE1A54CA79789DC7E
09-03-2020 @ 01:40:47 - Array
(
    [dps url] => https://sec.windcave.com/pxmi3/EF4054F622D6C4C1B3C35C7C41F69995C70EA7D799B982C86E363074E63193A5BE1A54CA79789DC7E
    [ajax img_loader] => https://www.hotshot.nz/wp-content/plugins/woocommerce-gateway-payment-express-hybrid/images/ajax-loader.gif
)

