03-24-2020 @ 21:26:41 - Array
(
    [return url] => https://www.hotshot.nz/wc-api/WC_Gateway_Payment_Express_Hybrid/
)

03-24-2020 @ 21:26:41 - ========= initiating transaction request
03-24-2020 @ 21:26:41 - test or live account, invoice ref: hotshot.co.nz - Order # 22305, transaction: ID5e79c441272ec-22305, amount: 99.40, billingID: 001585038401-325
03-24-2020 @ 21:26:41 - success URL: https://www.hotshot.nz/wc-api/WC_Gateway_Payment_Express_Hybrid/
03-24-2020 @ 21:26:41 - failure URL: https://www.hotshot.nz/wc-api/WC_Gateway_Payment_Express_Hybrid/
03-24-2020 @ 21:26:41 - Array
(
    [access_userid] => HotShotBroadbandPx
    [access_key] => d6c058c87cc26ea56a481537c248cdea9a9ce41293c144dd666c18abd6ab2917
    [access_url] => https://sec.windcave.com/pxaccess/pxpay.aspx
)

03-24-2020 @ 21:26:41 - https://sec.windcave.com/pxmi3/EF4054F622D6C4C1B1434A8BCB06EBC9F68827C2B1CB52A4AF80CE50AE37C36325B224D768F37191F
03-24-2020 @ 21:26:41 - Array
(
    [dps url] => https://sec.windcave.com/pxmi3/EF4054F622D6C4C1B1434A8BCB06EBC9F68827C2B1CB52A4AF80CE50AE37C36325B224D768F37191F
    [ajax img_loader] => https://www.hotshot.nz/wp-content/plugins/woocommerce-gateway-payment-express-hybrid/images/ajax-loader.gif
)

