10-19-2020 @ 15:48:30 - Array
(
    [return url] => https://www.hotshot.nz/wc-api/WC_Gateway_Payment_Express_Hybrid/
)

10-19-2020 @ 15:48:30 - ========= initiating transaction request
10-19-2020 @ 15:48:30 - test or live account, invoice ref: hotshot.co.nz - Order # 271648, transaction: ID5f8cfe7ec0ad5-271648, amount: 99.40, billingID: 001603075710-737
10-19-2020 @ 15:48:30 - success URL: https://www.hotshot.nz/wc-api/WC_Gateway_Payment_Express_Hybrid/
10-19-2020 @ 15:48:30 - failure URL: https://www.hotshot.nz/wc-api/WC_Gateway_Payment_Express_Hybrid/
10-19-2020 @ 15:48:30 - Array
(
    [access_userid] => HotShotBroadbandPx
    [access_key] => d6c058c87cc26ea56a481537c248cdea9a9ce41293c144dd666c18abd6ab2917
    [access_url] => https://sec.windcave.com/pxaccess/pxpay.aspx
)

10-19-2020 @ 15:48:31 - https://sec.windcave.com/pxmi3/FA8E2468E3484833059F0B263A7CF1DDA9C7EB7F4ECF1264B0E597AB2E1B4E48A1776F825D384AC0BCBE5B191B8FBD813
10-19-2020 @ 15:48:31 - Array
(
    [dps url] => https://sec.windcave.com/pxmi3/FA8E2468E3484833059F0B263A7CF1DDA9C7EB7F4ECF1264B0E597AB2E1B4E48A1776F825D384AC0BCBE5B191B8FBD813
    [ajax img_loader] => https://www.hotshot.nz/wp-content/plugins/woocommerce-gateway-payment-express-hybrid/images/ajax-loader.gif
)

10-19-2020 @ 16:14:51 - Array
(
    [return url] => https://www.hotshot.nz/wc-api/WC_Gateway_Payment_Express_Hybrid/
)

10-19-2020 @ 16:14:51 - ========= initiating transaction request
10-19-2020 @ 16:14:51 - test or live account, invoice ref: hotshot.co.nz - Order # 271698, transaction: ID5f8d04ab4e532-271698, amount: 95.00, billingID: 001603077291-690
10-19-2020 @ 16:14:51 - success URL: https://www.hotshot.nz/wc-api/WC_Gateway_Payment_Express_Hybrid/
10-19-2020 @ 16:14:51 - failure URL: https://www.hotshot.nz/wc-api/WC_Gateway_Payment_Express_Hybrid/
10-19-2020 @ 16:14:51 - Array
(
    [access_userid] => HotShotBroadbandPx
    [access_key] => d6c058c87cc26ea56a481537c248cdea9a9ce41293c144dd666c18abd6ab2917
    [access_url] => https://sec.windcave.com/pxaccess/pxpay.aspx
)

10-19-2020 @ 16:14:51 - https://sec.windcave.com/pxmi3/F1E4AE0F1682AC3706C384C727B54FE1332A1493D63DFCC6966B930EA1D9E2DE315D7765FEA72F7DFA6A28F7F7896BFFD
10-19-2020 @ 16:14:51 - Array
(
    [dps url] => https://sec.windcave.com/pxmi3/F1E4AE0F1682AC3706C384C727B54FE1332A1493D63DFCC6966B930EA1D9E2DE315D7765FEA72F7DFA6A28F7F7896BFFD
    [ajax img_loader] => https://www.hotshot.nz/wp-content/plugins/woocommerce-gateway-payment-express-hybrid/images/ajax-loader.gif
)

10-20-2020 @ 06:39:15 - Array
(
    [return url] => https://www.hotshot.nz/wc-api/WC_Gateway_Payment_Express_Hybrid/
)

10-20-2020 @ 06:39:15 - ========= initiating transaction request
10-20-2020 @ 06:39:15 - test or live account, invoice ref: hotshot.co.nz - Order # 272306, transaction: ID5f8dcf43b2b2a-272306, amount: 69.90, billingID: 001603129155-738
10-20-2020 @ 06:39:15 - success URL: https://www.hotshot.nz/wc-api/WC_Gateway_Payment_Express_Hybrid/
10-20-2020 @ 06:39:15 - failure URL: https://www.hotshot.nz/wc-api/WC_Gateway_Payment_Express_Hybrid/
10-20-2020 @ 06:39:15 - Array
(
    [access_userid] => HotShotBroadbandPx
    [access_key] => d6c058c87cc26ea56a481537c248cdea9a9ce41293c144dd666c18abd6ab2917
    [access_url] => https://sec.windcave.com/pxaccess/pxpay.aspx
)

10-20-2020 @ 06:39:16 - https://sec.windcave.com/pxmi3/FC7B38CD6CA8F84114DD166AB5F1F82DE312D7453195C43A20D888F00EA5B6002937B7A678F7994A698D64463030874EC
10-20-2020 @ 06:39:16 - Array
(
    [dps url] => https://sec.windcave.com/pxmi3/FC7B38CD6CA8F84114DD166AB5F1F82DE312D7453195C43A20D888F00EA5B6002937B7A678F7994A698D64463030874EC
    [ajax img_loader] => https://www.hotshot.nz/wp-content/plugins/woocommerce-gateway-payment-express-hybrid/images/ajax-loader.gif
)

10-20-2020 @ 10:11:57 - Array
(
    [return url] => https://www.hotshot.nz/wc-api/WC_Gateway_Payment_Express_Hybrid/
)

10-20-2020 @ 10:11:57 - ========= initiating transaction request
10-20-2020 @ 10:11:57 - test or live account, invoice ref: hotshot.co.nz - Order # 272539, transaction: ID5f8e011d71bf5-272539, amount: 127.30, billingID: 001603141917-739
10-20-2020 @ 10:11:57 - success URL: https://www.hotshot.nz/wc-api/WC_Gateway_Payment_Express_Hybrid/
10-20-2020 @ 10:11:57 - failure URL: https://www.hotshot.nz/wc-api/WC_Gateway_Payment_Express_Hybrid/
10-20-2020 @ 10:11:57 - Array
(
    [access_userid] => HotShotBroadbandPx
    [access_key] => d6c058c87cc26ea56a481537c248cdea9a9ce41293c144dd666c18abd6ab2917
    [access_url] => https://sec.windcave.com/pxaccess/pxpay.aspx
)

10-20-2020 @ 10:11:58 - https://sec.windcave.com/pxmi3/FF44C3201DA77FEFA7BD3AAE2A405847565DB3E744C1742EC922326A8294AED8693AE0635E3D59E8167A39A83C839AB28
10-20-2020 @ 10:11:58 - Array
(
    [dps url] => https://sec.windcave.com/pxmi3/FF44C3201DA77FEFA7BD3AAE2A405847565DB3E744C1742EC922326A8294AED8693AE0635E3D59E8167A39A83C839AB28
    [ajax img_loader] => https://www.hotshot.nz/wp-content/plugins/woocommerce-gateway-payment-express-hybrid/images/ajax-loader.gif
)

10-20-2020 @ 10:12:18 - ====== callback function has been accessed
10-20-2020 @ 10:12:18 - Array
(
    [enc_hex] => 0000020006171054029f2f909f48850e
)

10-20-2020 @ 10:12:18 - Array
(
    [resultReq->result] => 0000020006171054029f2f909f48850e
    [enc_hex] => 0000020006171054029f2f909f48850e
)

10-20-2020 @ 10:12:18 - ========= requesting transaction result
10-20-2020 @ 10:12:18 - Array
(
    [response] => DpsPxPayResultResponse Object
        (
            [isValid] => 1
            [success] => 
            [amount] => 127.3
            [authCode] => 
            [cardHoldersName] => M LITTIN
            [cardName] => Visa
            [cardNumber] => 483741......1308
            [cardExpiryMonth] => 08
            [cardExpiryYear] => 22
            [txnRef] => 00000002038e3a1e
            [statusText] => DECLINED
            [recurringID] => 0000020009366363
            [currencySettlement] => NZD
            [currencyInput] => NZD
            [option1] => Order number : 272539
            [option2] => Mihi Littin
            [option3] => littin.m1h1@gmail.com
            [txnType] => Purchase
            [invoiceReference] => hotshot.co.nz - Order # 272539
            [clientIP] => 49.224.223.194
            [transactionNumber] => ID5f8e011d71bf5-
            [emailAddress] => littin.m1h1@gmail.com
            [billingID] => 001603141917-739
            [txnMac] => F12265D8
            [cardNumber2] => 
            [cvc2ResultCode] => M
        )

    [orderId] => Array
        (
            [0] => Order number 
            [1] =>  272539
        )

    [order] => WC_Order Object
        (
            [status_transition:protected] => 
            [data:protected] => Array
                (
                    [parent_id] => 0
                    [status] => pending
                    [currency] => NZD
                    [version] => 3.6.4
                    [prices_include_tax] => 
                    [date_created] => WC_DateTime Object
                        (
                            [utc_offset:protected] => 0
                            [date] => 2020-10-20 10:11:43.000000
                            [timezone_type] => 3
                            [timezone] => Pacific/Auckland
                        )

                    [date_modified] => WC_DateTime Object
                        (
                            [utc_offset:protected] => 0
                            [date] => 2020-10-20 10:11:43.000000
                            [timezone_type] => 3
                            [timezone] => Pacific/Auckland
                        )

                    [discount_total] => 0
                    [discount_tax] => 0
                    [shipping_total] => 0.00
                    [shipping_tax] => 0
                    [cart_tax] => 0
                    [total] => 127.30
                    [total_tax] => 0
                    [customer_id] => 739
                    [order_key] => wc_order_NFEKHnHvJfNVk
                    [billing] => Array
                        (
                            [first_name] => Mihi
                            [last_name] => Littin
                            [company] => 
                            [address_1] => 18B Binsted Road
                            [address_2] => New Lynn
                            [city] => Auckland
                            [state] => 
                            [postcode] => 0600
                            [country] => NZ
                            [email] => littin.m1h1@gmail.com
                            [phone] => 0211332928
                        )

                    [shipping] => Array
                        (
                            [first_name] => Mihi
                            [last_name] => Littin
                            [company] => 
                            [address_1] => 18B Binsted Road
                            [address_2] => New Lynn
                            [city] => Auckland
                            [state] => 
                            [postcode] => 0600
                            [country] => NZ
                        )

                    [payment_method] => payment_express_hybrid
                    [payment_method_title] => Payment Express
                    [transaction_id] => 
                    [customer_ip_address] => 49.224.223.194
                    [customer_user_agent] => Mozilla/5.0 (Linux; Android 7.1.2; VS996) AppleWebKit/537.36 (KHTML, like Gecko) Chrome/86.0.4240.99 Mobile Safari/537.36
                    [created_via] => checkout
                    [customer_note] => 
                    [date_completed] => 
                    [date_paid] => 
                    [cart_hash] => 6d85fa9b360e492f1e0633c37bfe6271
                )

            [items:protected] => Array
                (
                )

            [items_to_delete:protected] => Array
                (
                )

            [cache_group:protected] => orders
            [data_store_name:protected] => order
            [object_type:protected] => order
            [id:protected] => 272539
            [changes:protected] => Array
                (
                )

            [object_read:protected] => 1
            [extra_data:protected] => Array
                (
                )

            [default_data:protected] => Array
                (
                    [parent_id] => 0
                    [status] => 
                    [currency] => 
                    [version] => 
                    [prices_include_tax] => 
                    [date_created] => 
                    [date_modified] => 
                    [discount_total] => 0
                    [discount_tax] => 0
                    [shipping_total] => 0
                    [shipping_tax] => 0
                    [cart_tax] => 0
                    [total] => 0
                    [total_tax] => 0
                    [customer_id] => 0
                    [order_key] => 
                    [billing] => Array
                        (
                            [first_name] => 
                            [last_name] => 
                            [company] => 
                            [address_1] => 
                            [address_2] => 
                            [city] => 
                            [state] => 
                            [postcode] => 
                            [country] => 
                            [email] => 
                            [phone] => 
                        )

                    [shipping] => Array
                        (
                            [first_name] => 
                            [last_name] => 
                            [company] => 
                            [address_1] => 
                            [address_2] => 
                            [city] => 
                            [state] => 
                            [postcode] => 
                            [country] => 
                        )

                    [payment_method] => 
                    [payment_method_title] => 
                    [transaction_id] => 
                    [customer_ip_address] => 
                    [customer_user_agent] => 
                    [created_via] => 
                    [customer_note] => 
                    [date_completed] => 
                    [date_paid] => 
                    [cart_hash] => 
                )

            [data_store:protected] => WC_Data_Store Object
                (
                    [instance:WC_Data_Store:private] => WC_Order_Data_Store_CPT Object
                        (
                            [internal_meta_keys:protected] => Array
                                (
                                    [0] => _parent_id
                                    [1] => _status
                                    [2] => _currency
                                    [3] => _version
                                    [4] => _prices_include_tax
                                    [5] => _date_created
                                    [6] => _date_modified
                                    [7] => _discount_total
                                    [8] => _discount_tax
                                    [9] => _shipping_total
                                    [10] => _shipping_tax
                                    [11] => _cart_tax
                                    [12] => _total
                                    [13] => _total_tax
                                    [14] => _customer_id
                                    [15] => _order_key
                                    [16] => _billing
                                    [17] => _shipping
                                    [18] => _payment_method
                                    [19] => _payment_method_title
                                    [20] => _transaction_id
                                    [21] => _customer_ip_address
                                    [22] => _customer_user_agent
                                    [23] => _created_via
                                    [24] => _customer_note
                                    [25] => _date_completed
                                    [26] => _date_paid
                                    [27] => _cart_hash
                                    [28] => _customer_user
                                    [29] => _order_key
                                    [30] => _order_currency
                                    [31] => _billing_first_name
                                    [32] => _billing_last_name
                                    [33] => _billing_company
                                    [34] => _billing_address_1
                                    [35] => _billing_address_2
                                    [36] => _billing_city
                                    [37] => _billing_state
                                    [38] => _billing_postcode
                                    [39] => _billing_country
                                    [40] => _billing_email
                                    [41] => _billing_phone
                                    [42] => _shipping_first_name
                                    [43] => _shipping_last_name
                                    [44] => _shipping_company
                                    [45] => _shipping_address_1
                                    [46] => _shipping_address_2
                                    [47] => _shipping_city
                                    [48] => _shipping_state
                                    [49] => _shipping_postcode
                                    [50] => _shipping_country
                                    [51] => _completed_date
                                    [52] => _paid_date
                                    [53] => _edit_lock
                                    [54] => _edit_last
                                    [55] => _cart_discount
                                    [56] => _cart_discount_tax
                                    [57] => _order_shipping
                                    [58] => _order_shipping_tax
                                    [59] => _order_tax
                                    [60] => _order_total
                                    [61] => _payment_method
                                    [62] => _payment_method_title
                                    [63] => _transaction_id
                                    [64] => _customer_ip_address
                                    [65] => _customer_user_agent
                                    [66] => _created_via
                                    [67] => _order_version
                                    [68] => _prices_include_tax
                                    [69] => _date_completed
                                    [70] => _date_paid
                                    [71] => _payment_tokens
                                    [72] => _billing_address_index
                                    [73] => _shipping_address_index
                                    [74] => _recorded_sales
                                    [75] => _recorded_coupon_usage_counts
                                    [76] => _download_permissions_granted
                                    [77] => _order_stock_reduced
                                )

                            [meta_type:protected] => post
                            [object_id_field_for_meta:protected] => 
                            [must_exist_meta_keys:protected] => Array
                                (
                                )

                        )

                    [stores:WC_Data_Store:private] => Array
                        (
                            [coupon] => WC_Coupon_Data_Store_CPT
                            [customer] => WC_Customer_Data_Store
                            [customer-download] => WC_Customer_Download_Data_Store
                            [customer-download-log] => WC_Customer_Download_Log_Data_Store
                            [customer-session] => WC_Customer_Data_Store_Session
                            [order] => WC_Order_Data_Store_CPT
                            [order-refund] => WC_Order_Refund_Data_Store_CPT
                            [order-item] => WC_Order_Item_Data_Store
                            [order-item-coupon] => WC_Order_Item_Coupon_Data_Store
                            [order-item-fee] => WC_Order_Item_Fee_Data_Store
                            [order-item-product] => WC_Order_Item_Product_Data_Store
                            [order-item-shipping] => WC_Order_Item_Shipping_Data_Store
                            [order-item-tax] => WC_Order_Item_Tax_Data_Store
                            [payment-token] => WC_Payment_Token_Data_Store
                            [product] => WC_Product_Data_Store_CPT
                            [product-grouped] => WC_Product_Grouped_Data_Store_CPT
                            [product-variable] => WC_Product_Variable_Data_Store_CPT
                            [product-variation] => WC_Product_Variation_Data_Store_CPT
                            [shipping-zone] => WC_Shipping_Zone_Data_Store
                            [webhook] => WC_Webhook_Data_Store
                            [subscription] => WCS_Subscription_Data_Store_CPT
                            [product-variable-subscription] => WCS_Product_Variable_Data_Store_CPT
                            [product-subscription_variation] => WC_Product_Variation_Data_Store_CPT
                            [order-item-line_item_pending_switch] => WC_Order_Item_Product_Data_Store
                            [report-revenue-stats] => WC_Admin_Reports_Orders_Stats_Data_Store
                            [report-orders] => WC_Admin_Reports_Orders_Data_Store
                            [report-orders-stats] => WC_Admin_Reports_Orders_Stats_Data_Store
                            [report-products] => WC_Admin_Reports_Products_Data_Store
                            [report-variations] => WC_Admin_Reports_Variations_Data_Store
                            [report-products-stats] => WC_Admin_Reports_Products_Stats_Data_Store
                            [report-categories] => WC_Admin_Reports_Categories_Data_Store
                            [report-taxes] => WC_Admin_Reports_Taxes_Data_Store
                            [report-taxes-stats] => WC_Admin_Reports_Taxes_Stats_Data_Store
                            [report-coupons] => WC_Admin_Reports_Coupons_Data_Store
                            [report-coupons-stats] => WC_Admin_Reports_Coupons_Stats_Data_Store
                            [report-downloads] => WC_Admin_Reports_Downloads_Data_Store
                            [report-downloads-stats] => WC_Admin_Reports_Downloads_Stats_Data_Store
                            [admin-note] => WC_Admin_Notes_Data_Store
                            [report-customers] => WC_Admin_Reports_Customers_Data_Store
                            [report-customers-stats] => WC_Admin_Reports_Customers_Stats_Data_Store
                            [report-stock-stats] => WC_Admin_Reports_Stock_Stats_Data_Store
                        )

                    [current_class_name:WC_Data_Store:private] => WC_Order_Data_Store_CPT
                    [object_type:WC_Data_Store:private] => order
                )

            [meta_data:protected] => Array
                (
                    [0] => WC_Meta_Data Object
                        (
                            [current_data:protected] => Array
                                (
                                    [id] => 675481
                                    [key] => mailchimp_woocommerce_campaign_id
                                    [value] => 
                                )

                            [data:protected] => Array
                                (
                                    [id] => 675481
                                    [key] => mailchimp_woocommerce_campaign_id
                                    [value] => 
                                )

                        )

                    [1] => WC_Meta_Data Object
                        (
                            [current_data:protected] => Array
                                (
                                    [id] => 675482
                                    [key] => mailchimp_woocommerce_landing_site
                                    [value] => https://www.hotshot.nz/?gclid=Cj0KCQjw8rT8BRCbARIsALWiOvTT44ACBZdq3SK1sz7Qtveh44rh3MgVX5TUdMCBpHPC2MAPQnOhIKYaAuOsEALw_wcB
                                )

                            [data:protected] => Array
                                (
                                    [id] => 675482
                                    [key] => mailchimp_woocommerce_landing_site
                                    [value] => https://www.hotshot.nz/?gclid=Cj0KCQjw8rT8BRCbARIsALWiOvTT44ACBZdq3SK1sz7Qtveh44rh3MgVX5TUdMCBpHPC2MAPQnOhIKYaAuOsEALw_wcB
                                )

                        )

                    [2] => WC_Meta_Data Object
                        (
                            [current_data:protected] => Array
                                (
                                    [id] => 675520
                                    [key] => is_vat_exempt
                                    [value] => no
                                )

                            [data:protected] => Array
                                (
                                    [id] => 675520
                                    [key] => is_vat_exempt
                                    [value] => no
                                )

                        )

                    [3] => WC_Meta_Data Object
                        (
                            [current_data:protected] => Array
                                (
                                    [id] => 675521
                                    [key] => mailchimp_woocommerce_is_subscribed
                                    [value] => 1
                                )

                            [data:protected] => Array
                                (
                                    [id] => 675521
                                    [key] => mailchimp_woocommerce_is_subscribed
                                    [value] => 1
                                )

                        )

                    [4] => WC_Meta_Data Object
                        (
                            [current_data:protected] => Array
                                (
                                    [id] => 675522
                                    [key] => _subscription_switch_data
                                    [value] => Array
                                        (
                                        )

                                )

                            [data:protected] => Array
                                (
                                    [id] => 675522
                                    [key] => _subscription_switch_data
                                    [value] => Array
                                        (
                                        )

                                )

                        )

                )

        )

)

10-20-2020 @ 10:12:18 - failed; DECLINED
10-20-2020 @ 10:12:21 - ====== callback function has been accessed
10-20-2020 @ 10:12:21 - Array
(
    [enc_hex] => 0000020006171054029f2f909f48850e
)

10-20-2020 @ 10:12:21 - Array
(
    [resultReq->result] => 0000020006171054029f2f909f48850e
    [enc_hex] => 0000020006171054029f2f909f48850e
)

10-20-2020 @ 10:12:21 - ========= requesting transaction result
10-20-2020 @ 10:12:21 - Array
(
    [response] => DpsPxPayResultResponse Object
        (
            [isValid] => 1
            [success] => 
            [amount] => 127.3
            [authCode] => 
            [cardHoldersName] => M LITTIN
            [cardName] => Visa
            [cardNumber] => 483741......1308
            [cardExpiryMonth] => 08
            [cardExpiryYear] => 22
            [txnRef] => 00000002038e3a1e
            [statusText] => DECLINED
            [recurringID] => 0000020009366363
            [currencySettlement] => NZD
            [currencyInput] => NZD
            [option1] => Order number : 272539
            [option2] => Mihi Littin
            [option3] => littin.m1h1@gmail.com
            [txnType] => Purchase
            [invoiceReference] => hotshot.co.nz - Order # 272539
            [clientIP] => 49.224.223.194
            [transactionNumber] => ID5f8e011d71bf5-
            [emailAddress] => littin.m1h1@gmail.com
            [billingID] => 001603141917-739
            [txnMac] => F12265D8
            [cardNumber2] => 
            [cvc2ResultCode] => M
        )

    [orderId] => Array
        (
            [0] => Order number 
            [1] =>  272539
        )

    [order] => WC_Order Object
        (
            [status_transition:protected] => 
            [data:protected] => Array
                (
                    [parent_id] => 0
                    [status] => failed
                    [currency] => NZD
                    [version] => 3.6.4
                    [prices_include_tax] => 
                    [date_created] => WC_DateTime Object
                        (
                            [utc_offset:protected] => 0
                            [date] => 2020-10-20 10:11:43.000000
                            [timezone_type] => 3
                            [timezone] => Pacific/Auckland
                        )

                    [date_modified] => WC_DateTime Object
                        (
                            [utc_offset:protected] => 0
                            [date] => 2020-10-20 10:12:18.000000
                            [timezone_type] => 3
                            [timezone] => Pacific/Auckland
                        )

                    [discount_total] => 0
                    [discount_tax] => 0
                    [shipping_total] => 0.00
                    [shipping_tax] => 0
                    [cart_tax] => 0
                    [total] => 127.30
                    [total_tax] => 0
                    [customer_id] => 739
                    [order_key] => wc_order_NFEKHnHvJfNVk
                    [billing] => Array
                        (
                            [first_name] => Mihi
                            [last_name] => Littin
                            [company] => 
                            [address_1] => 18B Binsted Road
                            [address_2] => New Lynn
                            [city] => Auckland
                            [state] => 
                            [postcode] => 0600
                            [country] => NZ
                            [email] => littin.m1h1@gmail.com
                            [phone] => 0211332928
                        )

                    [shipping] => Array
                        (
                            [first_name] => Mihi
                            [last_name] => Littin
                            [company] => 
                            [address_1] => 18B Binsted Road
                            [address_2] => New Lynn
                            [city] => Auckland
                            [state] => 
                            [postcode] => 0600
                            [country] => NZ
                        )

                    [payment_method] => payment_express_hybrid
                    [payment_method_title] => Payment Express
                    [transaction_id] => 
                    [customer_ip_address] => 49.224.223.194
                    [customer_user_agent] => Mozilla/5.0 (Linux; Android 7.1.2; VS996) AppleWebKit/537.36 (KHTML, like Gecko) Chrome/86.0.4240.99 Mobile Safari/537.36
                    [created_via] => checkout
                    [customer_note] => 
                    [date_completed] => 
                    [date_paid] => 
                    [cart_hash] => 6d85fa9b360e492f1e0633c37bfe6271
                )

            [items:protected] => Array
                (
                )

            [items_to_delete:protected] => Array
                (
                )

            [cache_group:protected] => orders
            [data_store_name:protected] => order
            [object_type:protected] => order
            [id:protected] => 272539
            [changes:protected] => Array
                (
                )

            [object_read:protected] => 1
            [extra_data:protected] => Array
                (
                )

            [default_data:protected] => Array
                (
                    [parent_id] => 0
                    [status] => 
                    [currency] => 
                    [version] => 
                    [prices_include_tax] => 
                    [date_created] => 
                    [date_modified] => 
                    [discount_total] => 0
                    [discount_tax] => 0
                    [shipping_total] => 0
                    [shipping_tax] => 0
                    [cart_tax] => 0
                    [total] => 0
                    [total_tax] => 0
                    [customer_id] => 0
                    [order_key] => 
                    [billing] => Array
                        (
                            [first_name] => 
                            [last_name] => 
                            [company] => 
                            [address_1] => 
                            [address_2] => 
                            [city] => 
                            [state] => 
                            [postcode] => 
                            [country] => 
                            [email] => 
                            [phone] => 
                        )

                    [shipping] => Array
                        (
                            [first_name] => 
                            [last_name] => 
                            [company] => 
                            [address_1] => 
                            [address_2] => 
                            [city] => 
                            [state] => 
                            [postcode] => 
                            [country] => 
                        )

                    [payment_method] => 
                    [payment_method_title] => 
                    [transaction_id] => 
                    [customer_ip_address] => 
                    [customer_user_agent] => 
                    [created_via] => 
                    [customer_note] => 
                    [date_completed] => 
                    [date_paid] => 
                    [cart_hash] => 
                )

            [data_store:protected] => WC_Data_Store Object
                (
                    [instance:WC_Data_Store:private] => WC_Order_Data_Store_CPT Object
                        (
                            [internal_meta_keys:protected] => Array
                                (
                                    [0] => _customer_user
                                    [1] => _order_key
                                    [2] => _order_currency
                                    [3] => _billing_first_name
                                    [4] => _billing_last_name
                                    [5] => _billing_company
                                    [6] => _billing_address_1
                                    [7] => _billing_address_2
                                    [8] => _billing_city
                                    [9] => _billing_state
                                    [10] => _billing_postcode
                                    [11] => _billing_country
                                    [12] => _billing_email
                                    [13] => _billing_phone
                                    [14] => _shipping_first_name
                                    [15] => _shipping_last_name
                                    [16] => _shipping_company
                                    [17] => _shipping_address_1
                                    [18] => _shipping_address_2
                                    [19] => _shipping_city
                                    [20] => _shipping_state
                                    [21] => _shipping_postcode
                                    [22] => _shipping_country
                                    [23] => _completed_date
                                    [24] => _paid_date
                                    [25] => _edit_lock
                                    [26] => _edit_last
                                    [27] => _cart_discount
                                    [28] => _cart_discount_tax
                                    [29] => _order_shipping
                                    [30] => _order_shipping_tax
                                    [31] => _order_tax
                                    [32] => _order_total
                                    [33] => _payment_method
                                    [34] => _payment_method_title
                                    [35] => _transaction_id
                                    [36] => _customer_ip_address
                                    [37] => _customer_user_agent
                                    [38] => _created_via
                                    [39] => _order_version
                                    [40] => _prices_include_tax
                                    [41] => _date_completed
                                    [42] => _date_paid
                                    [43] => _payment_tokens
                                    [44] => _billing_address_index
                                    [45] => _shipping_address_index
                                    [46] => _recorded_sales
                                    [47] => _recorded_coupon_usage_counts
                                    [48] => _download_permissions_granted
                                    [49] => _order_stock_reduced
                                )

                            [meta_type:protected] => post
                            [object_id_field_for_meta:protected] => 
                            [must_exist_meta_keys:protected] => Array
                                (
                                )

                        )

                    [stores:WC_Data_Store:private] => Array
                        (
                            [coupon] => WC_Coupon_Data_Store_CPT
                            [customer] => WC_Customer_Data_Store
                            [customer-download] => WC_Customer_Download_Data_Store
                            [customer-download-log] => WC_Customer_Download_Log_Data_Store
                            [customer-session] => WC_Customer_Data_Store_Session
                            [order] => WC_Order_Data_Store_CPT
                            [order-refund] => WC_Order_Refund_Data_Store_CPT
                            [order-item] => WC_Order_Item_Data_Store
                            [order-item-coupon] => WC_Order_Item_Coupon_Data_Store
                            [order-item-fee] => WC_Order_Item_Fee_Data_Store
                            [order-item-product] => WC_Order_Item_Product_Data_Store
                            [order-item-shipping] => WC_Order_Item_Shipping_Data_Store
                            [order-item-tax] => WC_Order_Item_Tax_Data_Store
                            [payment-token] => WC_Payment_Token_Data_Store
                            [product] => WC_Product_Data_Store_CPT
                            [product-grouped] => WC_Product_Grouped_Data_Store_CPT
                            [product-variable] => WC_Product_Variable_Data_Store_CPT
                            [product-variation] => WC_Product_Variation_Data_Store_CPT
                            [shipping-zone] => WC_Shipping_Zone_Data_Store
                            [webhook] => WC_Webhook_Data_Store
                            [subscription] => WCS_Subscription_Data_Store_CPT
                            [product-variable-subscription] => WCS_Product_Variable_Data_Store_CPT
                            [product-subscription_variation] => WC_Product_Variation_Data_Store_CPT
                            [order-item-line_item_pending_switch] => WC_Order_Item_Product_Data_Store
                            [report-revenue-stats] => WC_Admin_Reports_Orders_Stats_Data_Store
                            [report-orders] => WC_Admin_Reports_Orders_Data_Store
                            [report-orders-stats] => WC_Admin_Reports_Orders_Stats_Data_Store
                            [report-products] => WC_Admin_Reports_Products_Data_Store
                            [report-variations] => WC_Admin_Reports_Variations_Data_Store
                            [report-products-stats] => WC_Admin_Reports_Products_Stats_Data_Store
                            [report-categories] => WC_Admin_Reports_Categories_Data_Store
                            [report-taxes] => WC_Admin_Reports_Taxes_Data_Store
                            [report-taxes-stats] => WC_Admin_Reports_Taxes_Stats_Data_Store
                            [report-coupons] => WC_Admin_Reports_Coupons_Data_Store
                            [report-coupons-stats] => WC_Admin_Reports_Coupons_Stats_Data_Store
                            [report-downloads] => WC_Admin_Reports_Downloads_Data_Store
                            [report-downloads-stats] => WC_Admin_Reports_Downloads_Stats_Data_Store
                            [admin-note] => WC_Admin_Notes_Data_Store
                            [report-customers] => WC_Admin_Reports_Customers_Data_Store
                            [report-customers-stats] => WC_Admin_Reports_Customers_Stats_Data_Store
                            [report-stock-stats] => WC_Admin_Reports_Stock_Stats_Data_Store
                        )

                    [current_class_name:WC_Data_Store:private] => WC_Order_Data_Store_CPT
                    [object_type:WC_Data_Store:private] => order
                )

            [meta_data:protected] => Array
                (
                    [0] => WC_Meta_Data Object
                        (
                            [current_data:protected] => Array
                                (
                                    [id] => 675481
                                    [key] => mailchimp_woocommerce_campaign_id
                                    [value] => 
                                )

                            [data:protected] => Array
                                (
                                    [id] => 675481
                                    [key] => mailchimp_woocommerce_campaign_id
                                    [value] => 
                                )

                        )

                    [1] => WC_Meta_Data Object
                        (
                            [current_data:protected] => Array
                                (
                                    [id] => 675482
                                    [key] => mailchimp_woocommerce_landing_site
                                    [value] => https://www.hotshot.nz/?gclid=Cj0KCQjw8rT8BRCbARIsALWiOvTT44ACBZdq3SK1sz7Qtveh44rh3MgVX5TUdMCBpHPC2MAPQnOhIKYaAuOsEALw_wcB
                                )

                            [data:protected] => Array
                                (
                                    [id] => 675482
                                    [key] => mailchimp_woocommerce_landing_site
                                    [value] => https://www.hotshot.nz/?gclid=Cj0KCQjw8rT8BRCbARIsALWiOvTT44ACBZdq3SK1sz7Qtveh44rh3MgVX5TUdMCBpHPC2MAPQnOhIKYaAuOsEALw_wcB
                                )

                        )

                    [2] => WC_Meta_Data Object
                        (
                            [current_data:protected] => Array
                                (
                                    [id] => 675520
                                    [key] => is_vat_exempt
                                    [value] => no
                                )

                            [data:protected] => Array
                                (
                                    [id] => 675520
                                    [key] => is_vat_exempt
                                    [value] => no
                                )

                        )

                    [3] => WC_Meta_Data Object
                        (
                            [current_data:protected] => Array
                                (
                                    [id] => 675521
                                    [key] => mailchimp_woocommerce_is_subscribed
                                    [value] => 1
                                )

                            [data:protected] => Array
                                (
                                    [id] => 675521
                                    [key] => mailchimp_woocommerce_is_subscribed
                                    [value] => 1
                                )

                        )

                    [4] => WC_Meta_Data Object
                        (
                            [current_data:protected] => Array
                                (
                                    [id] => 675522
                                    [key] => _subscription_switch_data
                                    [value] => Array
                                        (
                                        )

                                )

                            [data:protected] => Array
                                (
                                    [id] => 675522
                                    [key] => _subscription_switch_data
                                    [value] => Array
                                        (
                                        )

                                )

                        )

                )

        )

)

10-20-2020 @ 10:12:21 - failed; DECLINED
10-20-2020 @ 10:41:09 - Array
(
    [return url] => https://www.hotshot.nz/wc-api/WC_Gateway_Payment_Express_Hybrid/
)

10-20-2020 @ 10:41:09 - ========= initiating transaction request
10-20-2020 @ 10:41:09 - test or live account, invoice ref: hotshot.co.nz - Order # 272583, transaction: ID5f8e07f5c5587-272583, amount: 236.30, billingID: 001603143669-740
10-20-2020 @ 10:41:09 - success URL: https://www.hotshot.nz/wc-api/WC_Gateway_Payment_Express_Hybrid/
10-20-2020 @ 10:41:09 - failure URL: https://www.hotshot.nz/wc-api/WC_Gateway_Payment_Express_Hybrid/
10-20-2020 @ 10:41:09 - Array
(
    [access_userid] => HotShotBroadbandPx
    [access_key] => d6c058c87cc26ea56a481537c248cdea9a9ce41293c144dd666c18abd6ab2917
    [access_url] => https://sec.windcave.com/pxaccess/pxpay.aspx
)

10-20-2020 @ 10:41:10 - https://sec.windcave.com/pxmi3/FC12D25FD30412F51B91CAE9CFCED74C82D9C0903BB550943CDFD025CA67F4313DCFCDC68C6BA89A2A178D23563AD4D24
10-20-2020 @ 10:41:10 - Array
(
    [dps url] => https://sec.windcave.com/pxmi3/FC12D25FD30412F51B91CAE9CFCED74C82D9C0903BB550943CDFD025CA67F4313DCFCDC68C6BA89A2A178D23563AD4D24
    [ajax img_loader] => https://www.hotshot.nz/wp-content/plugins/woocommerce-gateway-payment-express-hybrid/images/ajax-loader.gif
)

10-20-2020 @ 10:41:27 - ====== callback function has been accessed
10-20-2020 @ 10:41:27 - Array
(
    [enc_hex] => 0000020006178025025de2a0250733b2
)

10-20-2020 @ 10:41:27 - Array
(
    [resultReq->result] => 0000020006178025025de2a0250733b2
    [enc_hex] => 0000020006178025025de2a0250733b2
)

10-20-2020 @ 10:41:27 - ========= requesting transaction result
10-20-2020 @ 10:41:27 - ====== callback function has been accessed
10-20-2020 @ 10:41:27 - Array
(
    [enc_hex] => 0000020006178025025de2a0250733b2
)

10-20-2020 @ 10:41:27 - Array
(
    [resultReq->result] => 0000020006178025025de2a0250733b2
    [enc_hex] => 0000020006178025025de2a0250733b2
)

10-20-2020 @ 10:41:27 - ========= requesting transaction result
10-20-2020 @ 10:41:27 - Array
(
    [response] => DpsPxPayResultResponse Object
        (
            [isValid] => 1
            [success] => 
            [amount] => 236.3
            [authCode] => 
            [cardHoldersName] => User Cancelled
            [cardName] => 
            [cardNumber] => 000000......0000
            [cardExpiryMonth] => 10
            [cardExpiryYear] => 20
            [txnRef] => 00000002038f6898
            [statusText] => DECLINED
            [recurringID] => 
            [currencySettlement] => NZD
            [currencyInput] => NZD
            [option1] => Order number : 272583
            [option2] => Sue Saua
            [option3] => suesaua1995@gmail.com
            [txnType] => Purchase
            [invoiceReference] => hotshot.co.nz - Order # 272583
            [clientIP] => 203.211.99.88
            [transactionNumber] => ID5f8e07f5c5587-
            [emailAddress] => suesaua1995@gmail.com
            [billingID] => 001603143669-740
            [txnMac] => 
            [cardNumber2] => 
            [cvc2ResultCode] => NotUsed
        )

    [orderId] => Array
        (
            [0] => Order number 
            [1] =>  272583
        )

    [order] => WC_Order Object
        (
            [status_transition:protected] => 
            [data:protected] => Array
                (
                    [parent_id] => 0
                    [status] => pending
                    [currency] => NZD
                    [version] => 3.6.4
                    [prices_include_tax] => 
                    [date_created] => WC_DateTime Object
                        (
                            [utc_offset:protected] => 0
                            [date] => 2020-10-20 10:41:07.000000
                            [timezone_type] => 3
                            [timezone] => Pacific/Auckland
                        )

                    [date_modified] => WC_DateTime Object
                        (
                            [utc_offset:protected] => 0
                            [date] => 2020-10-20 10:41:07.000000
                            [timezone_type] => 3
                            [timezone] => Pacific/Auckland
                        )

                    [discount_total] => 0
                    [discount_tax] => 0
                    [shipping_total] => 10.00
                    [shipping_tax] => 0
                    [cart_tax] => 0
                    [total] => 236.30
                    [total_tax] => 0
                    [customer_id] => 740
                    [order_key] => wc_order_7n5c4ONENUVyg
                    [billing] => Array
                        (
                            [first_name] => Sue
                            [last_name] => Saua
                            [company] => 
                            [address_1] => 234 Bairds Road
                            [address_2] => Otara
                            [city] => Auckland
                            [state] => 
                            [postcode] => 2023
                            [country] => NZ
                            [email] => suesaua1995@gmail.com
                            [phone] => 02102453049
                        )

                    [shipping] => Array
                        (
                            [first_name] => Sue
                            [last_name] => Saua
                            [company] => 
                            [address_1] => 234 Bairds Road
                            [address_2] => Otara
                            [city] => Auckland
                            [state] => 
                            [postcode] => 2023
                            [country] => NZ
                        )

                    [payment_method] => payment_express_hybrid
                    [payment_method_title] => Payment Express
                    [transaction_id] => 
                    [customer_ip_address] => 203.211.99.88
                    [customer_user_agent] => Mozilla/5.0 (iPhone; CPU iPhone OS 12_4_8 like Mac OS X) AppleWebKit/605.1.15 (KHTML, like Gecko) Version/12.1.2 Mobile/15E148 Safari/604.1
                    [created_via] => checkout
                    [customer_note] => 
                    [date_completed] => 
                    [date_paid] => 
                    [cart_hash] => 4da36f234247a04e925109caabfcf264
                )

            [items:protected] => Array
                (
                )

            [items_to_delete:protected] => Array
                (
                )

            [cache_group:protected] => orders
            [data_store_name:protected] => order
            [object_type:protected] => order
            [id:protected] => 272583
            [changes:protected] => Array
                (
                )

            [object_read:protected] => 1
            [extra_data:protected] => Array
                (
                )

            [default_data:protected] => Array
                (
                    [parent_id] => 0
                    [status] => 
                    [currency] => 
                    [version] => 
                    [prices_include_tax] => 
                    [date_created] => 
                    [date_modified] => 
                    [discount_total] => 0
                    [discount_tax] => 0
                    [shipping_total] => 0
                    [shipping_tax] => 0
                    [cart_tax] => 0
                    [total] => 0
                    [total_tax] => 0
                    [customer_id] => 0
                    [order_key] => 
                    [billing] => Array
                        (
                            [first_name] => 
                            [last_name] => 
                            [company] => 
                            [address_1] => 
                            [address_2] => 
                            [city] => 
                            [state] => 
                            [postcode] => 
                            [country] => 
                            [email] => 
                            [phone] => 
                        )

                    [shipping] => Array
                        (
                            [first_name] => 
                            [last_name] => 
                            [company] => 
                            [address_1] => 
                            [address_2] => 
                            [city] => 
                            [state] => 
                            [postcode] => 
                            [country] => 
                        )

                    [payment_method] => 
                    [payment_method_title] => 
                    [transaction_id] => 
                    [customer_ip_address] => 
                    [customer_user_agent] => 
                    [created_via] => 
                    [customer_note] => 
                    [date_completed] => 
                    [date_paid] => 
                    [cart_hash] => 
                )

            [data_store:protected] => WC_Data_Store Object
                (
                    [instance:WC_Data_Store:private] => WC_Order_Data_Store_CPT Object
                        (
                            [internal_meta_keys:protected] => Array
                                (
                                    [0] => _customer_user
                                    [1] => _order_key
                                    [2] => _order_currency
                                    [3] => _billing_first_name
                                    [4] => _billing_last_name
                                    [5] => _billing_company
                                    [6] => _billing_address_1
                                    [7] => _billing_address_2
                                    [8] => _billing_city
                                    [9] => _billing_state
                                    [10] => _billing_postcode
                                    [11] => _billing_country
                                    [12] => _billing_email
                                    [13] => _billing_phone
                                    [14] => _shipping_first_name
                                    [15] => _shipping_last_name
                                    [16] => _shipping_company
                                    [17] => _shipping_address_1
                                    [18] => _shipping_address_2
                                    [19] => _shipping_city
                                    [20] => _shipping_state
                                    [21] => _shipping_postcode
                                    [22] => _shipping_country
                                    [23] => _completed_date
                                    [24] => _paid_date
                                    [25] => _edit_lock
                                    [26] => _edit_last
                                    [27] => _cart_discount
                                    [28] => _cart_discount_tax
                                    [29] => _order_shipping
                                    [30] => _order_shipping_tax
                                    [31] => _order_tax
                                    [32] => _order_total
                                    [33] => _payment_method
                                    [34] => _payment_method_title
                                    [35] => _transaction_id
                                    [36] => _customer_ip_address
                                    [37] => _customer_user_agent
                                    [38] => _created_via
                                    [39] => _order_version
                                    [40] => _prices_include_tax
                                    [41] => _date_completed
                                    [42] => _date_paid
                                    [43] => _payment_tokens
                                    [44] => _billing_address_index
                                    [45] => _shipping_address_index
                                    [46] => _recorded_sales
                                    [47] => _recorded_coupon_usage_counts
                                    [48] => _download_permissions_granted
                                    [49] => _order_stock_reduced
                                )

                            [meta_type:protected] => post
                            [object_id_field_for_meta:protected] => 
                            [must_exist_meta_keys:protected] => Array
                                (
                                )

                        )

                    [stores:WC_Data_Store:private] => Array
                        (
                            [coupon] => WC_Coupon_Data_Store_CPT
                            [customer] => WC_Customer_Data_Store
                            [customer-download] => WC_Customer_Download_Data_Store
                            [customer-download-log] => WC_Customer_Download_Log_Data_Store
                            [customer-session] => WC_Customer_Data_Store_Session
                            [order] => WC_Order_Data_Store_CPT
                            [order-refund] => WC_Order_Refund_Data_Store_CPT
                            [order-item] => WC_Order_Item_Data_Store
                            [order-item-coupon] => WC_Order_Item_Coupon_Data_Store
                            [order-item-fee] => WC_Order_Item_Fee_Data_Store
                            [order-item-product] => WC_Order_Item_Product_Data_Store
                            [order-item-shipping] => WC_Order_Item_Shipping_Data_Store
                            [order-item-tax] => WC_Order_Item_Tax_Data_Store
                            [payment-token] => WC_Payment_Token_Data_Store
                            [product] => WC_Product_Data_Store_CPT
                            [product-grouped] => WC_Product_Grouped_Data_Store_CPT
                            [product-variable] => WC_Product_Variable_Data_Store_CPT
                            [product-variation] => WC_Product_Variation_Data_Store_CPT
                            [shipping-zone] => WC_Shipping_Zone_Data_Store
                            [webhook] => WC_Webhook_Data_Store
                            [subscription] => WCS_Subscription_Data_Store_CPT
                            [product-variable-subscription] => WCS_Product_Variable_Data_Store_CPT
                            [product-subscription_variation] => WC_Product_Variation_Data_Store_CPT
                            [order-item-line_item_pending_switch] => WC_Order_Item_Product_Data_Store
                            [report-revenue-stats] => WC_Admin_Reports_Orders_Stats_Data_Store
                            [report-orders] => WC_Admin_Reports_Orders_Data_Store
                            [report-orders-stats] => WC_Admin_Reports_Orders_Stats_Data_Store
                            [report-products] => WC_Admin_Reports_Products_Data_Store
                            [report-variations] => WC_Admin_Reports_Variations_Data_Store
                            [report-products-stats] => WC_Admin_Reports_Products_Stats_Data_Store
                            [report-categories] => WC_Admin_Reports_Categories_Data_Store
                            [report-taxes] => WC_Admin_Reports_Taxes_Data_Store
                            [report-taxes-stats] => WC_Admin_Reports_Taxes_Stats_Data_Store
                            [report-coupons] => WC_Admin_Reports_Coupons_Data_Store
                            [report-coupons-stats] => WC_Admin_Reports_Coupons_Stats_Data_Store
                            [report-downloads] => WC_Admin_Reports_Downloads_Data_Store
                            [report-downloads-stats] => WC_Admin_Reports_Downloads_Stats_Data_Store
                            [admin-note] => WC_Admin_Notes_Data_Store
                            [report-customers] => WC_Admin_Reports_Customers_Data_Store
                            [report-customers-stats] => WC_Admin_Reports_Customers_Stats_Data_Store
                            [report-stock-stats] => WC_Admin_Reports_Stock_Stats_Data_Store
                        )

                    [current_class_name:WC_Data_Store:private] => WC_Order_Data_Store_CPT
                    [object_type:WC_Data_Store:private] => order
                )

            [meta_data:protected] => Array
                (
                    [0] => WC_Meta_Data Object
                        (
                            [current_data:protected] => Array
                                (
                                    [id] => 675670
                                    [key] => mailchimp_woocommerce_campaign_id
                                    [value] => 
                                )

                            [data:protected] => Array
                                (
                                    [id] => 675670
                                    [key] => mailchimp_woocommerce_campaign_id
                                    [value] => 
                                )

                        )

                    [1] => WC_Meta_Data Object
                        (
                            [current_data:protected] => Array
                                (
                                    [id] => 675671
                                    [key] => mailchimp_woocommerce_landing_site
                                    [value] => https://www.hotshot.nz/?gclid=Cj0KCQjw8rT8BRCbARIsALWiOvS_E-aJvuic2Tzt3skM85E6QVf9nv7k7LODd3CyL8vmoEU-WqEawuUaAg2GEALw_wcB
                                )

                            [data:protected] => Array
                                (
                                    [id] => 675671
                                    [key] => mailchimp_woocommerce_landing_site
                                    [value] => https://www.hotshot.nz/?gclid=Cj0KCQjw8rT8BRCbARIsALWiOvS_E-aJvuic2Tzt3skM85E6QVf9nv7k7LODd3CyL8vmoEU-WqEawuUaAg2GEALw_wcB
                                )

                        )

                    [2] => WC_Meta_Data Object
                        (
                            [current_data:protected] => Array
                                (
                                    [id] => 675709
                                    [key] => is_vat_exempt
                                    [value] => no
                                )

                            [data:protected] => Array
                                (
                                    [id] => 675709
                                    [key] => is_vat_exempt
                                    [value] => no
                                )

                        )

                    [3] => WC_Meta_Data Object
                        (
                            [current_data:protected] => Array
                                (
                                    [id] => 675710
                                    [key] => mailchimp_woocommerce_is_subscribed
                                    [value] => 1
                                )

                            [data:protected] => Array
                                (
                                    [id] => 675710
                                    [key] => mailchimp_woocommerce_is_subscribed
                                    [value] => 1
                                )

                        )

                    [4] => WC_Meta_Data Object
                        (
                            [current_data:protected] => Array
                                (
                                    [id] => 675711
                                    [key] => _subscription_switch_data
                                    [value] => Array
                                        (
                                        )

                                )

                            [data:protected] => Array
                                (
                                    [id] => 675711
                                    [key] => _subscription_switch_data
                                    [value] => Array
                                        (
                                        )

                                )

                        )

                )

        )

)

10-20-2020 @ 10:41:27 - failed; DECLINED
10-20-2020 @ 10:41:27 - Array
(
    [response] => DpsPxPayResultResponse Object
        (
            [isValid] => 1
            [success] => 
            [amount] => 236.3
            [authCode] => 
            [cardHoldersName] => User Cancelled
            [cardName] => 
            [cardNumber] => 000000......0000
            [cardExpiryMonth] => 10
            [cardExpiryYear] => 20
            [txnRef] => 00000002038f6898
            [statusText] => DECLINED
            [recurringID] => 
            [currencySettlement] => NZD
            [currencyInput] => NZD
            [option1] => Order number : 272583
            [option2] => Sue Saua
            [option3] => suesaua1995@gmail.com
            [txnType] => Purchase
            [invoiceReference] => hotshot.co.nz - Order # 272583
            [clientIP] => 203.211.99.88
            [transactionNumber] => ID5f8e07f5c5587-
            [emailAddress] => suesaua1995@gmail.com
            [billingID] => 001603143669-740
            [txnMac] => 
            [cardNumber2] => 
            [cvc2ResultCode] => NotUsed
        )

    [orderId] => Array
        (
            [0] => Order number 
            [1] =>  272583
        )

    [order] => WC_Order Object
        (
            [status_transition:protected] => 
            [data:protected] => Array
                (
                    [parent_id] => 0
                    [status] => failed
                    [currency] => NZD
                    [version] => 3.6.4
                    [prices_include_tax] => 
                    [date_created] => WC_DateTime Object
                        (
                            [utc_offset:protected] => 0
                            [date] => 2020-10-20 10:41:07.000000
                            [timezone_type] => 3
                            [timezone] => Pacific/Auckland
                        )

                    [date_modified] => WC_DateTime Object
                        (
                            [utc_offset:protected] => 0
                            [date] => 2020-10-20 10:41:27.000000
                            [timezone_type] => 3
                            [timezone] => Pacific/Auckland
                        )

                    [discount_total] => 0
                    [discount_tax] => 0
                    [shipping_total] => 10.00
                    [shipping_tax] => 0
                    [cart_tax] => 0
                    [total] => 236.30
                    [total_tax] => 0
                    [customer_id] => 740
                    [order_key] => wc_order_7n5c4ONENUVyg
                    [billing] => Array
                        (
                            [first_name] => Sue
                            [last_name] => Saua
                            [company] => 
                            [address_1] => 234 Bairds Road
                            [address_2] => Otara
                            [city] => Auckland
                            [state] => 
                            [postcode] => 2023
                            [country] => NZ
                            [email] => suesaua1995@gmail.com
                            [phone] => 02102453049
                        )

                    [shipping] => Array
                        (
                            [first_name] => Sue
                            [last_name] => Saua
                            [company] => 
                            [address_1] => 234 Bairds Road
                            [address_2] => Otara
                            [city] => Auckland
                            [state] => 
                            [postcode] => 2023
                            [country] => NZ
                        )

                    [payment_method] => payment_express_hybrid
                    [payment_method_title] => Payment Express
                    [transaction_id] => 
                    [customer_ip_address] => 203.211.99.88
                    [customer_user_agent] => Mozilla/5.0 (iPhone; CPU iPhone OS 12_4_8 like Mac OS X) AppleWebKit/605.1.15 (KHTML, like Gecko) Version/12.1.2 Mobile/15E148 Safari/604.1
                    [created_via] => checkout
                    [customer_note] => 
                    [date_completed] => 
                    [date_paid] => 
                    [cart_hash] => 4da36f234247a04e925109caabfcf264
                )

            [items:protected] => Array
                (
                )

            [items_to_delete:protected] => Array
                (
                )

            [cache_group:protected] => orders
            [data_store_name:protected] => order
            [object_type:protected] => order
            [id:protected] => 272583
            [changes:protected] => Array
                (
                )

            [object_read:protected] => 1
            [extra_data:protected] => Array
                (
                )

            [default_data:protected] => Array
                (
                    [parent_id] => 0
                    [status] => 
                    [currency] => 
                    [version] => 
                    [prices_include_tax] => 
                    [date_created] => 
                    [date_modified] => 
                    [discount_total] => 0
                    [discount_tax] => 0
                    [shipping_total] => 0
                    [shipping_tax] => 0
                    [cart_tax] => 0
                    [total] => 0
                    [total_tax] => 0
                    [customer_id] => 0
                    [order_key] => 
                    [billing] => Array
                        (
                            [first_name] => 
                            [last_name] => 
                            [company] => 
                            [address_1] => 
                            [address_2] => 
                            [city] => 
                            [state] => 
                            [postcode] => 
                            [country] => 
                            [email] => 
                            [phone] => 
                        )

                    [shipping] => Array
                        (
                            [first_name] => 
                            [last_name] => 
                            [company] => 
                            [address_1] => 
                            [address_2] => 
                            [city] => 
                            [state] => 
                            [postcode] => 
                            [country] => 
                        )

                    [payment_method] => 
                    [payment_method_title] => 
                    [transaction_id] => 
                    [customer_ip_address] => 
                    [customer_user_agent] => 
                    [created_via] => 
                    [customer_note] => 
                    [date_completed] => 
                    [date_paid] => 
                    [cart_hash] => 
                )

            [data_store:protected] => WC_Data_Store Object
                (
                    [instance:WC_Data_Store:private] => WC_Order_Data_Store_CPT Object
                        (
                            [internal_meta_keys:protected] => Array
                                (
                                    [0] => _parent_id
                                    [1] => _status
                                    [2] => _currency
                                    [3] => _version
                                    [4] => _prices_include_tax
                                    [5] => _date_created
                                    [6] => _date_modified
                                    [7] => _discount_total
                                    [8] => _discount_tax
                                    [9] => _shipping_total
                                    [10] => _shipping_tax
                                    [11] => _cart_tax
                                    [12] => _total
                                    [13] => _total_tax
                                    [14] => _customer_id
                                    [15] => _order_key
                                    [16] => _billing
                                    [17] => _shipping
                                    [18] => _payment_method
                                    [19] => _payment_method_title
                                    [20] => _transaction_id
                                    [21] => _customer_ip_address
                                    [22] => _customer_user_agent
                                    [23] => _created_via
                                    [24] => _customer_note
                                    [25] => _date_completed
                                    [26] => _date_paid
                                    [27] => _cart_hash
                                    [28] => _customer_user
                                    [29] => _order_key
                                    [30] => _order_currency
                                    [31] => _billing_first_name
                                    [32] => _billing_last_name
                                    [33] => _billing_company
                                    [34] => _billing_address_1
                                    [35] => _billing_address_2
                                    [36] => _billing_city
                                    [37] => _billing_state
                                    [38] => _billing_postcode
                                    [39] => _billing_country
                                    [40] => _billing_email
                                    [41] => _billing_phone
                                    [42] => _shipping_first_name
                                    [43] => _shipping_last_name
                                    [44] => _shipping_company
                                    [45] => _shipping_address_1
                                    [46] => _shipping_address_2
                                    [47] => _shipping_city
                                    [48] => _shipping_state
                                    [49] => _shipping_postcode
                                    [50] => _shipping_country
                                    [51] => _completed_date
                                    [52] => _paid_date
                                    [53] => _edit_lock
                                    [54] => _edit_last
                                    [55] => _cart_discount
                                    [56] => _cart_discount_tax
                                    [57] => _order_shipping
                                    [58] => _order_shipping_tax
                                    [59] => _order_tax
                                    [60] => _order_total
                                    [61] => _payment_method
                                    [62] => _payment_method_title
                                    [63] => _transaction_id
                                    [64] => _customer_ip_address
                                    [65] => _customer_user_agent
                                    [66] => _created_via
                                    [67] => _order_version
                                    [68] => _prices_include_tax
                                    [69] => _date_completed
                                    [70] => _date_paid
                                    [71] => _payment_tokens
                                    [72] => _billing_address_index
                                    [73] => _shipping_address_index
                                    [74] => _recorded_sales
                                    [75] => _recorded_coupon_usage_counts
                                    [76] => _download_permissions_granted
                                    [77] => _order_stock_reduced
                                )

                            [meta_type:protected] => post
                            [object_id_field_for_meta:protected] => 
                            [must_exist_meta_keys:protected] => Array
                                (
                                )

                        )

                    [stores:WC_Data_Store:private] => Array
                        (
                            [coupon] => WC_Coupon_Data_Store_CPT
                            [customer] => WC_Customer_Data_Store
                            [customer-download] => WC_Customer_Download_Data_Store
                            [customer-download-log] => WC_Customer_Download_Log_Data_Store
                            [customer-session] => WC_Customer_Data_Store_Session
                            [order] => WC_Order_Data_Store_CPT
                            [order-refund] => WC_Order_Refund_Data_Store_CPT
                            [order-item] => WC_Order_Item_Data_Store
                            [order-item-coupon] => WC_Order_Item_Coupon_Data_Store
                            [order-item-fee] => WC_Order_Item_Fee_Data_Store
                            [order-item-product] => WC_Order_Item_Product_Data_Store
                            [order-item-shipping] => WC_Order_Item_Shipping_Data_Store
                            [order-item-tax] => WC_Order_Item_Tax_Data_Store
                            [payment-token] => WC_Payment_Token_Data_Store
                            [product] => WC_Product_Data_Store_CPT
                            [product-grouped] => WC_Product_Grouped_Data_Store_CPT
                            [product-variable] => WC_Product_Variable_Data_Store_CPT
                            [product-variation] => WC_Product_Variation_Data_Store_CPT
                            [shipping-zone] => WC_Shipping_Zone_Data_Store
                            [webhook] => WC_Webhook_Data_Store
                            [subscription] => WCS_Subscription_Data_Store_CPT
                            [product-variable-subscription] => WCS_Product_Variable_Data_Store_CPT
                            [product-subscription_variation] => WC_Product_Variation_Data_Store_CPT
                            [order-item-line_item_pending_switch] => WC_Order_Item_Product_Data_Store
                            [report-revenue-stats] => WC_Admin_Reports_Orders_Stats_Data_Store
                            [report-orders] => WC_Admin_Reports_Orders_Data_Store
                            [report-orders-stats] => WC_Admin_Reports_Orders_Stats_Data_Store
                            [report-products] => WC_Admin_Reports_Products_Data_Store
                            [report-variations] => WC_Admin_Reports_Variations_Data_Store
                            [report-products-stats] => WC_Admin_Reports_Products_Stats_Data_Store
                            [report-categories] => WC_Admin_Reports_Categories_Data_Store
                            [report-taxes] => WC_Admin_Reports_Taxes_Data_Store
                            [report-taxes-stats] => WC_Admin_Reports_Taxes_Stats_Data_Store
                            [report-coupons] => WC_Admin_Reports_Coupons_Data_Store
                            [report-coupons-stats] => WC_Admin_Reports_Coupons_Stats_Data_Store
                            [report-downloads] => WC_Admin_Reports_Downloads_Data_Store
                            [report-downloads-stats] => WC_Admin_Reports_Downloads_Stats_Data_Store
                            [admin-note] => WC_Admin_Notes_Data_Store
                            [report-customers] => WC_Admin_Reports_Customers_Data_Store
                            [report-customers-stats] => WC_Admin_Reports_Customers_Stats_Data_Store
                            [report-stock-stats] => WC_Admin_Reports_Stock_Stats_Data_Store
                        )

                    [current_class_name:WC_Data_Store:private] => WC_Order_Data_Store_CPT
                    [object_type:WC_Data_Store:private] => order
                )

            [meta_data:protected] => Array
                (
                    [0] => WC_Meta_Data Object
                        (
                            [current_data:protected] => Array
                                (
                                    [id] => 675670
                                    [key] => mailchimp_woocommerce_campaign_id
                                    [value] => 
                                )

                            [data:protected] => Array
                                (
                                    [id] => 675670
                                    [key] => mailchimp_woocommerce_campaign_id
                                    [value] => 
                                )

                        )

                    [1] => WC_Meta_Data Object
                        (
                            [current_data:protected] => Array
                                (
                                    [id] => 675671
                                    [key] => mailchimp_woocommerce_landing_site
                                    [value] => https://www.hotshot.nz/wc-api/WC_Gateway_Payment_Express_Hybrid/?result=0000020006178025025de2a0250733b2&userid=HotShotBroadbandPx
                                )

                            [data:protected] => Array
                                (
                                    [id] => 675671
                                    [key] => mailchimp_woocommerce_landing_site
                                    [value] => https://www.hotshot.nz/wc-api/WC_Gateway_Payment_Express_Hybrid/?result=0000020006178025025de2a0250733b2&userid=HotShotBroadbandPx
                                )

                        )

                    [2] => WC_Meta_Data Object
                        (
                            [current_data:protected] => Array
                                (
                                    [id] => 675709
                                    [key] => is_vat_exempt
                                    [value] => no
                                )

                            [data:protected] => Array
                                (
                                    [id] => 675709
                                    [key] => is_vat_exempt
                                    [value] => no
                                )

                        )

                    [3] => WC_Meta_Data Object
                        (
                            [current_data:protected] => Array
                                (
                                    [id] => 675710
                                    [key] => mailchimp_woocommerce_is_subscribed
                                    [value] => 1
                                )

                            [data:protected] => Array
                                (
                                    [id] => 675710
                                    [key] => mailchimp_woocommerce_is_subscribed
                                    [value] => 1
                                )

                        )

                    [4] => WC_Meta_Data Object
                        (
                            [current_data:protected] => Array
                                (
                                    [id] => 675711
                                    [key] => _subscription_switch_data
                                    [value] => Array
                                        (
                                        )

                                )

                            [data:protected] => Array
                                (
                                    [id] => 675711
                                    [key] => _subscription_switch_data
                                    [value] => Array
                                        (
                                        )

                                )

                        )

                )

        )

)

10-20-2020 @ 10:41:27 - failed; DECLINED
