12-31-2019 @ 00:24:45 - Array
(
    [return url] => https://www.hotshot.nz/wc-api/WC_Gateway_Payment_Express_Hybrid/
)

12-31-2019 @ 00:24:45 - ========= initiating transaction request
12-31-2019 @ 00:24:45 - test or live account, invoice ref: hotshot.co.nz - Order # 13209, transaction: ID5e09de7dd5546-13209, amount: 99.40, billingID: 001577705085-140
12-31-2019 @ 00:24:45 - success URL: https://www.hotshot.nz/wc-api/WC_Gateway_Payment_Express_Hybrid/
12-31-2019 @ 00:24:45 - failure URL: https://www.hotshot.nz/wc-api/WC_Gateway_Payment_Express_Hybrid/
12-31-2019 @ 00:24:45 - Array
(
    [access_userid] => HotShotBroadbandPx
    [access_key] => d6c058c87cc26ea56a481537c248cdea9a9ce41293c144dd666c18abd6ab2917
    [access_url] => https://sec.windcave.com/pxaccess/pxpay.aspx
)

12-31-2019 @ 00:24:46 - https://sec.windcave.com/pxmi3/EF4054F622D6C4C1BA3968503911F652C904F8AB2BAB1CBC13BAB5C49FF91A468264865B1A61AA819
12-31-2019 @ 00:24:46 - Array
(
    [dps url] => https://sec.windcave.com/pxmi3/EF4054F622D6C4C1BA3968503911F652C904F8AB2BAB1CBC13BAB5C49FF91A468264865B1A61AA819
    [ajax img_loader] => https://www.hotshot.nz/wp-content/plugins/woocommerce-gateway-payment-express-hybrid/images/ajax-loader.gif
)

