08-16-2020 @ 13:33:27 - Array
(
    [return url] => https://www.hotshot.nz/wc-api/WC_Gateway_Payment_Express_Hybrid/
)

08-16-2020 @ 13:33:27 - ========= initiating transaction request
08-16-2020 @ 13:33:27 - test or live account, invoice ref: hotshot.co.nz - Order # 154506, transaction: ID5f388ce715251-154506, amount: 99.40, billingID: 001597541607-570
08-16-2020 @ 13:33:27 - success URL: https://www.hotshot.nz/wc-api/WC_Gateway_Payment_Express_Hybrid/
08-16-2020 @ 13:33:27 - failure URL: https://www.hotshot.nz/wc-api/WC_Gateway_Payment_Express_Hybrid/
08-16-2020 @ 13:33:27 - Array
(
    [access_userid] => HotShotBroadbandPx
    [access_key] => d6c058c87cc26ea56a481537c248cdea9a9ce41293c144dd666c18abd6ab2917
    [access_url] => https://sec.windcave.com/pxaccess/pxpay.aspx
)

08-16-2020 @ 13:33:27 - https://sec.windcave.com/pxmi3/EF4054F622D6C4C1BECD5A88393850D1DD05833423F807402BA63556C0530ED2F4D5B2958F6C0DE82
08-16-2020 @ 13:33:27 - Array
(
    [dps url] => https://sec.windcave.com/pxmi3/EF4054F622D6C4C1BECD5A88393850D1DD05833423F807402BA63556C0530ED2F4D5B2958F6C0DE82
    [ajax img_loader] => https://www.hotshot.nz/wp-content/plugins/woocommerce-gateway-payment-express-hybrid/images/ajax-loader.gif
)

08-16-2020 @ 13:35:19 - Array
(
    [return url] => https://www.hotshot.nz/wc-api/WC_Gateway_Payment_Express_Hybrid/
)

08-16-2020 @ 13:35:19 - ========= initiating transaction request
08-16-2020 @ 13:35:19 - test or live account, invoice ref: hotshot.co.nz - Order # 154516, transaction: ID5f388d5754b1d-154516, amount: 208.40, billingID: 001597541719-571
08-16-2020 @ 13:35:19 - success URL: https://www.hotshot.nz/wc-api/WC_Gateway_Payment_Express_Hybrid/
08-16-2020 @ 13:35:19 - failure URL: https://www.hotshot.nz/wc-api/WC_Gateway_Payment_Express_Hybrid/
08-16-2020 @ 13:35:19 - Array
(
    [access_userid] => HotShotBroadbandPx
    [access_key] => d6c058c87cc26ea56a481537c248cdea9a9ce41293c144dd666c18abd6ab2917
    [access_url] => https://sec.windcave.com/pxaccess/pxpay.aspx
)

08-16-2020 @ 13:35:19 - https://sec.windcave.com/pxmi3/EF4054F622D6C4C1BECD5A88393850D1DE1DBF088D8560C0B1903C6D5AECA920C5A773D9DC5DEC844
08-16-2020 @ 13:35:19 - Array
(
    [dps url] => https://sec.windcave.com/pxmi3/EF4054F622D6C4C1BECD5A88393850D1DE1DBF088D8560C0B1903C6D5AECA920C5A773D9DC5DEC844
    [ajax img_loader] => https://www.hotshot.nz/wp-content/plugins/woocommerce-gateway-payment-express-hybrid/images/ajax-loader.gif
)

