06-28-2020 @ 20:48:44 - Array
(
    [return url] => https://www.hotshot.nz/wc-api/WC_Gateway_Payment_Express_Hybrid/
)

06-28-2020 @ 20:48:44 - ========= initiating transaction request
06-28-2020 @ 20:48:44 - test or live account, invoice ref: hotshot.co.nz - Order # 62918, transaction: ID5ef8596c715a5-62918, amount: 127.30, billingID: 001593334124-471
06-28-2020 @ 20:48:44 - success URL: https://www.hotshot.nz/wc-api/WC_Gateway_Payment_Express_Hybrid/
06-28-2020 @ 20:48:44 - failure URL: https://www.hotshot.nz/wc-api/WC_Gateway_Payment_Express_Hybrid/
06-28-2020 @ 20:48:44 - Array
(
    [access_userid] => HotShotBroadbandPx
    [access_key] => d6c058c87cc26ea56a481537c248cdea9a9ce41293c144dd666c18abd6ab2917
    [access_url] => https://sec.windcave.com/pxaccess/pxpay.aspx
)

06-28-2020 @ 20:48:44 - https://sec.windcave.com/pxmi3/EF4054F622D6C4C1B1848DF251D902EF81638CF8A41D48FC828FE64A549DC81AF58CD961DBD07D9C2
06-28-2020 @ 20:48:44 - Array
(
    [dps url] => https://sec.windcave.com/pxmi3/EF4054F622D6C4C1B1848DF251D902EF81638CF8A41D48FC828FE64A549DC81AF58CD961DBD07D9C2
    [ajax img_loader] => https://www.hotshot.nz/wp-content/plugins/woocommerce-gateway-payment-express-hybrid/images/ajax-loader.gif
)

06-29-2020 @ 09:16:28 - Array
(
    [return url] => https://www.hotshot.nz/wc-api/WC_Gateway_Payment_Express_Hybrid/
)

06-29-2020 @ 09:16:28 - ========= initiating transaction request
06-29-2020 @ 09:16:28 - test or live account, invoice ref: hotshot.co.nz - Order # 63510, transaction: ID5ef908ac1b6e6-63510, amount: 208.40, billingID: 001593378988-472
06-29-2020 @ 09:16:28 - success URL: https://www.hotshot.nz/wc-api/WC_Gateway_Payment_Express_Hybrid/
06-29-2020 @ 09:16:28 - failure URL: https://www.hotshot.nz/wc-api/WC_Gateway_Payment_Express_Hybrid/
06-29-2020 @ 09:16:28 - Array
(
    [access_userid] => HotShotBroadbandPx
    [access_key] => d6c058c87cc26ea56a481537c248cdea9a9ce41293c144dd666c18abd6ab2917
    [access_url] => https://sec.windcave.com/pxaccess/pxpay.aspx
)

06-29-2020 @ 09:16:28 - https://sec.windcave.com/pxmi3/EF4054F622D6C4C1B1848DF251D902EF8960579567AFA5709B66EEB79099C247BE49F9CC30831B041
06-29-2020 @ 09:16:28 - Array
(
    [dps url] => https://sec.windcave.com/pxmi3/EF4054F622D6C4C1B1848DF251D902EF8960579567AFA5709B66EEB79099C247BE49F9CC30831B041
    [ajax img_loader] => https://www.hotshot.nz/wp-content/plugins/woocommerce-gateway-payment-express-hybrid/images/ajax-loader.gif
)

