05-19-2020 @ 21:08:00 - Array
(
    [return url] => https://www.hotshot.nz/wc-api/WC_Gateway_Payment_Express_Hybrid/
)

05-19-2020 @ 21:08:00 - ========= initiating transaction request
05-19-2020 @ 21:08:00 - test or live account, invoice ref: hotshot.co.nz - Order # 28933, transaction: ID5ec3a1f08197f-28933, amount: 99.40, billingID: 001589879280-406
05-19-2020 @ 21:08:00 - success URL: https://www.hotshot.nz/wc-api/WC_Gateway_Payment_Express_Hybrid/
05-19-2020 @ 21:08:00 - failure URL: https://www.hotshot.nz/wc-api/WC_Gateway_Payment_Express_Hybrid/
05-19-2020 @ 21:08:00 - Array
(
    [access_userid] => HotShotBroadbandPx
    [access_key] => d6c058c87cc26ea56a481537c248cdea9a9ce41293c144dd666c18abd6ab2917
    [access_url] => https://sec.windcave.com/pxaccess/pxpay.aspx
)

05-19-2020 @ 21:08:00 - https://sec.windcave.com/pxmi3/EF4054F622D6C4C1B2A8D2907925DD5F1005A0296B1543DD727406EC53C37B01094310A67F400A710
05-19-2020 @ 21:08:00 - Array
(
    [dps url] => https://sec.windcave.com/pxmi3/EF4054F622D6C4C1B2A8D2907925DD5F1005A0296B1543DD727406EC53C37B01094310A67F400A710
    [ajax img_loader] => https://www.hotshot.nz/wp-content/plugins/woocommerce-gateway-payment-express-hybrid/images/ajax-loader.gif
)

05-20-2020 @ 08:20:38 - Array
(
    [return url] => https://www.hotshot.nz/wc-api/WC_Gateway_Payment_Express_Hybrid/
)

05-20-2020 @ 08:20:38 - ========= initiating transaction request
05-20-2020 @ 08:20:38 - test or live account, invoice ref: hotshot.co.nz - Order # 28975, transaction: ID5ec43f964b15d-28975, amount: 114.40, billingID: 001589919638-407
05-20-2020 @ 08:20:38 - success URL: https://www.hotshot.nz/wc-api/WC_Gateway_Payment_Express_Hybrid/
05-20-2020 @ 08:20:38 - failure URL: https://www.hotshot.nz/wc-api/WC_Gateway_Payment_Express_Hybrid/
05-20-2020 @ 08:20:38 - Array
(
    [access_userid] => HotShotBroadbandPx
    [access_key] => d6c058c87cc26ea56a481537c248cdea9a9ce41293c144dd666c18abd6ab2917
    [access_url] => https://sec.windcave.com/pxaccess/pxpay.aspx
)

05-20-2020 @ 08:20:38 - https://sec.windcave.com/pxmi3/EF4054F622D6C4C1B2A8D2907925DD5F11DB666E7AC3324F0F9820E5D89192A0FF35E88D136D28A96
05-20-2020 @ 08:20:38 - Array
(
    [dps url] => https://sec.windcave.com/pxmi3/EF4054F622D6C4C1B2A8D2907925DD5F11DB666E7AC3324F0F9820E5D89192A0FF35E88D136D28A96
    [ajax img_loader] => https://www.hotshot.nz/wp-content/plugins/woocommerce-gateway-payment-express-hybrid/images/ajax-loader.gif
)

