08-12-2020 @ 13:24:23 - Array
(
    [return url] => https://www.hotshot.nz/wc-api/WC_Gateway_Payment_Express_Hybrid/
)

08-12-2020 @ 13:24:23 - ========= initiating transaction request
08-12-2020 @ 13:24:23 - test or live account, invoice ref: hotshot.co.nz - Order # 141306, transaction: ID5f3344c7cea18-141306, amount: 208.40, billingID: 001597195463-564
08-12-2020 @ 13:24:23 - success URL: https://www.hotshot.nz/wc-api/WC_Gateway_Payment_Express_Hybrid/
08-12-2020 @ 13:24:23 - failure URL: https://www.hotshot.nz/wc-api/WC_Gateway_Payment_Express_Hybrid/
08-12-2020 @ 13:24:23 - Array
(
    [access_userid] => HotShotBroadbandPx
    [access_key] => d6c058c87cc26ea56a481537c248cdea9a9ce41293c144dd666c18abd6ab2917
    [access_url] => https://sec.windcave.com/pxaccess/pxpay.aspx
)

08-12-2020 @ 13:24:24 - https://sec.windcave.com/pxmi3/EF4054F622D6C4C1B497CF7124B825E349D5D4043735C71CF8D2CD9D39BB734358E41361A108AC8D4
08-12-2020 @ 13:24:24 - Array
(
    [dps url] => https://sec.windcave.com/pxmi3/EF4054F622D6C4C1B497CF7124B825E349D5D4043735C71CF8D2CD9D39BB734358E41361A108AC8D4
    [ajax img_loader] => https://www.hotshot.nz/wp-content/plugins/woocommerce-gateway-payment-express-hybrid/images/ajax-loader.gif
)

08-12-2020 @ 16:31:47 - Array
(
    [return url] => https://www.hotshot.nz/wc-api/WC_Gateway_Payment_Express_Hybrid/
)

08-12-2020 @ 16:31:47 - ========= initiating transaction request
08-12-2020 @ 16:31:47 - test or live account, invoice ref: hotshot.co.nz - Order # 142860, transaction: ID5f3370b3afe72-142860, amount: 208.40, billingID: 001597206707-565
08-12-2020 @ 16:31:47 - success URL: https://www.hotshot.nz/wc-api/WC_Gateway_Payment_Express_Hybrid/
08-12-2020 @ 16:31:47 - failure URL: https://www.hotshot.nz/wc-api/WC_Gateway_Payment_Express_Hybrid/
08-12-2020 @ 16:31:47 - Array
(
    [access_userid] => HotShotBroadbandPx
    [access_key] => d6c058c87cc26ea56a481537c248cdea9a9ce41293c144dd666c18abd6ab2917
    [access_url] => https://sec.windcave.com/pxaccess/pxpay.aspx
)

08-12-2020 @ 16:31:47 - https://sec.windcave.com/pxmi3/EF4054F622D6C4C1BEE7D531E83F61BFFFC522BBA656ADF56CAF9BDB048FF90291581559DE30C6BF6
08-12-2020 @ 16:31:47 - Array
(
    [dps url] => https://sec.windcave.com/pxmi3/EF4054F622D6C4C1BEE7D531E83F61BFFFC522BBA656ADF56CAF9BDB048FF90291581559DE30C6BF6
    [ajax img_loader] => https://www.hotshot.nz/wp-content/plugins/woocommerce-gateway-payment-express-hybrid/images/ajax-loader.gif
)

