10-16-2020 @ 13:12:52 - Array
(
    [return url] => https://www.hotshot.nz/wc-api/WC_Gateway_Payment_Express_Hybrid/
)

10-16-2020 @ 13:12:53 - ========= initiating transaction request
10-16-2020 @ 13:12:53 - test or live account, invoice ref: hotshot.co.nz - Order # 265190, transaction: ID5f88e58535c61-265190, amount: 109.00, billingID: 001602807173-0
10-16-2020 @ 13:12:53 - success URL: https://www.hotshot.nz/wc-api/WC_Gateway_Payment_Express_Hybrid/
10-16-2020 @ 13:12:53 - failure URL: https://www.hotshot.nz/wc-api/WC_Gateway_Payment_Express_Hybrid/
10-16-2020 @ 13:12:53 - Array
(
    [access_userid] => HotShotBroadbandPx
    [access_key] => d6c058c87cc26ea56a481537c248cdea9a9ce41293c144dd666c18abd6ab2917
    [access_url] => https://sec.windcave.com/pxaccess/pxpay.aspx
)

10-16-2020 @ 13:12:53 - https://sec.windcave.com/pxmi3/F6973DA18FF05BFBFEDB57BE5E958EDE6EA9ABC422E4A149B11CEE883D988BB24A83778264271ED0E0178748E9616A86C
10-16-2020 @ 13:12:53 - Array
(
    [dps url] => https://sec.windcave.com/pxmi3/F6973DA18FF05BFBFEDB57BE5E958EDE6EA9ABC422E4A149B11CEE883D988BB24A83778264271ED0E0178748E9616A86C
    [ajax img_loader] => https://www.hotshot.nz/wp-content/plugins/woocommerce-gateway-payment-express-hybrid/images/ajax-loader.gif
)

10-16-2020 @ 13:13:44 - ====== callback function has been accessed
10-16-2020 @ 13:13:44 - Array
(
    [enc_hex] => 000001006321257701898783ec47875c
)

10-16-2020 @ 13:13:44 - Array
(
    [resultReq->result] => 000001006321257701898783ec47875c
    [enc_hex] => 000001006321257701898783ec47875c
)

10-16-2020 @ 13:13:44 - ========= requesting transaction result
10-16-2020 @ 13:13:44 - Array
(
    [response] => DpsPxPayResultResponse Object
        (
            [isValid] => 1
            [success] => 1
            [amount] => 109
            [authCode] => 120327
            [cardHoldersName] => R TUTAHI
            [cardName] => Visa
            [cardNumber] => 483741......6356
            [cardExpiryMonth] => 07
            [cardExpiryYear] => 23
            [txnRef] => 0000000121f130f2
            [statusText] => APPROVED
            [recurringID] => 0000010077722125
            [currencySettlement] => NZD
            [currencyInput] => NZD
            [option1] => Order number : 265190
            [option2] => Regina Tutahi
            [option3] => itzginaxx@gmail.com
            [txnType] => Purchase
            [invoiceReference] => hotshot.co.nz - Order # 265190
            [clientIP] => 118.149.75.147
            [transactionNumber] => ID5f88e58535c61-
            [emailAddress] => itzginaxx@gmail.com
            [billingID] => 001602807173-0
            [txnMac] => 5C313C5E
            [cardNumber2] => 
            [cvc2ResultCode] => M
        )

    [orderId] => Array
        (
            [0] => Order number 
            [1] =>  265190
        )

    [order] => WC_Order Object
        (
            [status_transition:protected] => 
            [data:protected] => Array
                (
                    [parent_id] => 0
                    [status] => pending
                    [currency] => NZD
                    [version] => 3.6.4
                    [prices_include_tax] => 
                    [date_created] => WC_DateTime Object
                        (
                            [utc_offset:protected] => 0
                            [date] => 2020-10-16 13:12:50.000000
                            [timezone_type] => 3
                            [timezone] => Pacific/Auckland
                        )

                    [date_modified] => WC_DateTime Object
                        (
                            [utc_offset:protected] => 0
                            [date] => 2020-10-16 13:12:50.000000
                            [timezone_type] => 3
                            [timezone] => Pacific/Auckland
                        )

                    [discount_total] => 0
                    [discount_tax] => 0
                    [shipping_total] => 10.00
                    [shipping_tax] => 0
                    [cart_tax] => 0
                    [total] => 109.00
                    [total_tax] => 0
                    [customer_id] => 0
                    [order_key] => wc_order_P3u5sZgxRjTng
                    [billing] => Array
                        (
                            [first_name] => Regina
                            [last_name] => Tutahi
                            [company] => 
                            [address_1] => 33 Byron street
                            [address_2] => Miramar
                            [city] => Wellington
                            [state] => 
                            [postcode] => 6022
                            [country] => NZ
                            [email] => itzginaxx@gmail.com
                            [phone] => 02108468313
                        )

                    [shipping] => Array
                        (
                            [first_name] => Regina
                            [last_name] => Tutahi
                            [company] => 
                            [address_1] => 33 Byron street
                            [address_2] => Miramar
                            [city] => Wellington
                            [state] => 
                            [postcode] => 6022
                            [country] => NZ
                        )

                    [payment_method] => payment_express_hybrid
                    [payment_method_title] => Payment Express
                    [transaction_id] => 
                    [customer_ip_address] => 118.149.75.147
                    [customer_user_agent] => Mozilla/5.0 (Linux; Android 10; CPH1931) AppleWebKit/537.36 (KHTML, like Gecko) Chrome/85.0.4183.127 Mobile Safari/537.36
                    [created_via] => checkout
                    [customer_note] => 
                    [date_completed] => 
                    [date_paid] => 
                    [cart_hash] => d0376e1d3e66321bc6c0db5b72a6fc0b
                )

            [items:protected] => Array
                (
                )

            [items_to_delete:protected] => Array
                (
                )

            [cache_group:protected] => orders
            [data_store_name:protected] => order
            [object_type:protected] => order
            [id:protected] => 265190
            [changes:protected] => Array
                (
                )

            [object_read:protected] => 1
            [extra_data:protected] => Array
                (
                )

            [default_data:protected] => Array
                (
                    [parent_id] => 0
                    [status] => 
                    [currency] => 
                    [version] => 
                    [prices_include_tax] => 
                    [date_created] => 
                    [date_modified] => 
                    [discount_total] => 0
                    [discount_tax] => 0
                    [shipping_total] => 0
                    [shipping_tax] => 0
                    [cart_tax] => 0
                    [total] => 0
                    [total_tax] => 0
                    [customer_id] => 0
                    [order_key] => 
                    [billing] => Array
                        (
                            [first_name] => 
                            [last_name] => 
                            [company] => 
                            [address_1] => 
                            [address_2] => 
                            [city] => 
                            [state] => 
                            [postcode] => 
                            [country] => 
                            [email] => 
                            [phone] => 
                        )

                    [shipping] => Array
                        (
                            [first_name] => 
                            [last_name] => 
                            [company] => 
                            [address_1] => 
                            [address_2] => 
                            [city] => 
                            [state] => 
                            [postcode] => 
                            [country] => 
                        )

                    [payment_method] => 
                    [payment_method_title] => 
                    [transaction_id] => 
                    [customer_ip_address] => 
                    [customer_user_agent] => 
                    [created_via] => 
                    [customer_note] => 
                    [date_completed] => 
                    [date_paid] => 
                    [cart_hash] => 
                )

            [data_store:protected] => WC_Data_Store Object
                (
                    [instance:WC_Data_Store:private] => WC_Order_Data_Store_CPT Object
                        (
                            [internal_meta_keys:protected] => Array
                                (
                                    [0] => _parent_id
                                    [1] => _status
                                    [2] => _currency
                                    [3] => _version
                                    [4] => _prices_include_tax
                                    [5] => _date_created
                                    [6] => _date_modified
                                    [7] => _discount_total
                                    [8] => _discount_tax
                                    [9] => _shipping_total
                                    [10] => _shipping_tax
                                    [11] => _cart_tax
                                    [12] => _total
                                    [13] => _total_tax
                                    [14] => _customer_id
                                    [15] => _order_key
                                    [16] => _billing
                                    [17] => _shipping
                                    [18] => _payment_method
                                    [19] => _payment_method_title
                                    [20] => _transaction_id
                                    [21] => _customer_ip_address
                                    [22] => _customer_user_agent
                                    [23] => _created_via
                                    [24] => _customer_note
                                    [25] => _date_completed
                                    [26] => _date_paid
                                    [27] => _cart_hash
                                    [28] => _customer_user
                                    [29] => _order_key
                                    [30] => _order_currency
                                    [31] => _billing_first_name
                                    [32] => _billing_last_name
                                    [33] => _billing_company
                                    [34] => _billing_address_1
                                    [35] => _billing_address_2
                                    [36] => _billing_city
                                    [37] => _billing_state
                                    [38] => _billing_postcode
                                    [39] => _billing_country
                                    [40] => _billing_email
                                    [41] => _billing_phone
                                    [42] => _shipping_first_name
                                    [43] => _shipping_last_name
                                    [44] => _shipping_company
                                    [45] => _shipping_address_1
                                    [46] => _shipping_address_2
                                    [47] => _shipping_city
                                    [48] => _shipping_state
                                    [49] => _shipping_postcode
                                    [50] => _shipping_country
                                    [51] => _completed_date
                                    [52] => _paid_date
                                    [53] => _edit_lock
                                    [54] => _edit_last
                                    [55] => _cart_discount
                                    [56] => _cart_discount_tax
                                    [57] => _order_shipping
                                    [58] => _order_shipping_tax
                                    [59] => _order_tax
                                    [60] => _order_total
                                    [61] => _payment_method
                                    [62] => _payment_method_title
                                    [63] => _transaction_id
                                    [64] => _customer_ip_address
                                    [65] => _customer_user_agent
                                    [66] => _created_via
                                    [67] => _order_version
                                    [68] => _prices_include_tax
                                    [69] => _date_completed
                                    [70] => _date_paid
                                    [71] => _payment_tokens
                                    [72] => _billing_address_index
                                    [73] => _shipping_address_index
                                    [74] => _recorded_sales
                                    [75] => _recorded_coupon_usage_counts
                                    [76] => _download_permissions_granted
                                    [77] => _order_stock_reduced
                                )

                            [meta_type:protected] => post
                            [object_id_field_for_meta:protected] => 
                            [must_exist_meta_keys:protected] => Array
                                (
                                )

                        )

                    [stores:WC_Data_Store:private] => Array
                        (
                            [coupon] => WC_Coupon_Data_Store_CPT
                            [customer] => WC_Customer_Data_Store
                            [customer-download] => WC_Customer_Download_Data_Store
                            [customer-download-log] => WC_Customer_Download_Log_Data_Store
                            [customer-session] => WC_Customer_Data_Store_Session
                            [order] => WC_Order_Data_Store_CPT
                            [order-refund] => WC_Order_Refund_Data_Store_CPT
                            [order-item] => WC_Order_Item_Data_Store
                            [order-item-coupon] => WC_Order_Item_Coupon_Data_Store
                            [order-item-fee] => WC_Order_Item_Fee_Data_Store
                            [order-item-product] => WC_Order_Item_Product_Data_Store
                            [order-item-shipping] => WC_Order_Item_Shipping_Data_Store
                            [order-item-tax] => WC_Order_Item_Tax_Data_Store
                            [payment-token] => WC_Payment_Token_Data_Store
                            [product] => WC_Product_Data_Store_CPT
                            [product-grouped] => WC_Product_Grouped_Data_Store_CPT
                            [product-variable] => WC_Product_Variable_Data_Store_CPT
                            [product-variation] => WC_Product_Variation_Data_Store_CPT
                            [shipping-zone] => WC_Shipping_Zone_Data_Store
                            [webhook] => WC_Webhook_Data_Store
                            [subscription] => WCS_Subscription_Data_Store_CPT
                            [product-variable-subscription] => WCS_Product_Variable_Data_Store_CPT
                            [product-subscription_variation] => WC_Product_Variation_Data_Store_CPT
                            [order-item-line_item_pending_switch] => WC_Order_Item_Product_Data_Store
                            [report-revenue-stats] => WC_Admin_Reports_Orders_Stats_Data_Store
                            [report-orders] => WC_Admin_Reports_Orders_Data_Store
                            [report-orders-stats] => WC_Admin_Reports_Orders_Stats_Data_Store
                            [report-products] => WC_Admin_Reports_Products_Data_Store
                            [report-variations] => WC_Admin_Reports_Variations_Data_Store
                            [report-products-stats] => WC_Admin_Reports_Products_Stats_Data_Store
                            [report-categories] => WC_Admin_Reports_Categories_Data_Store
                            [report-taxes] => WC_Admin_Reports_Taxes_Data_Store
                            [report-taxes-stats] => WC_Admin_Reports_Taxes_Stats_Data_Store
                            [report-coupons] => WC_Admin_Reports_Coupons_Data_Store
                            [report-coupons-stats] => WC_Admin_Reports_Coupons_Stats_Data_Store
                            [report-downloads] => WC_Admin_Reports_Downloads_Data_Store
                            [report-downloads-stats] => WC_Admin_Reports_Downloads_Stats_Data_Store
                            [admin-note] => WC_Admin_Notes_Data_Store
                            [report-customers] => WC_Admin_Reports_Customers_Data_Store
                            [report-customers-stats] => WC_Admin_Reports_Customers_Stats_Data_Store
                            [report-stock-stats] => WC_Admin_Reports_Stock_Stats_Data_Store
                        )

                    [current_class_name:WC_Data_Store:private] => WC_Order_Data_Store_CPT
                    [object_type:WC_Data_Store:private] => order
                )

            [meta_data:protected] => Array
                (
                    [0] => WC_Meta_Data Object
                        (
                            [current_data:protected] => Array
                                (
                                    [id] => 660808
                                    [key] => mailchimp_woocommerce_campaign_id
                                    [value] => 
                                )

                            [data:protected] => Array
                                (
                                    [id] => 660808
                                    [key] => mailchimp_woocommerce_campaign_id
                                    [value] => 
                                )

                        )

                    [1] => WC_Meta_Data Object
                        (
                            [current_data:protected] => Array
                                (
                                    [id] => 660809
                                    [key] => mailchimp_woocommerce_landing_site
                                    [value] => https://www.hotshot.nz/product-category/router/
                                )

                            [data:protected] => Array
                                (
                                    [id] => 660809
                                    [key] => mailchimp_woocommerce_landing_site
                                    [value] => https://www.hotshot.nz/product-category/router/
                                )

                        )

                    [2] => WC_Meta_Data Object
                        (
                            [current_data:protected] => Array
                                (
                                    [id] => 660847
                                    [key] => is_vat_exempt
                                    [value] => no
                                )

                            [data:protected] => Array
                                (
                                    [id] => 660847
                                    [key] => is_vat_exempt
                                    [value] => no
                                )

                        )

                    [3] => WC_Meta_Data Object
                        (
                            [current_data:protected] => Array
                                (
                                    [id] => 660848
                                    [key] => mailchimp_woocommerce_is_subscribed
                                    [value] => 1
                                )

                            [data:protected] => Array
                                (
                                    [id] => 660848
                                    [key] => mailchimp_woocommerce_is_subscribed
                                    [value] => 1
                                )

                        )

                )

        )

)

10-16-2020 @ 13:13:47 - Array
(
    [current_user->ID] => 0
    [BillingId] => 001602807173-0
)

10-16-2020 @ 13:13:51 - ====== callback function has been accessed
10-16-2020 @ 13:13:51 - Array
(
    [enc_hex] => 000001006321257701898783ec47875c
)

10-16-2020 @ 13:13:51 - Array
(
    [resultReq->result] => 000001006321257701898783ec47875c
    [enc_hex] => 000001006321257701898783ec47875c
)

10-16-2020 @ 13:13:51 - ========= requesting transaction result
10-16-2020 @ 13:13:51 - Array
(
    [response] => DpsPxPayResultResponse Object
        (
            [isValid] => 1
            [success] => 1
            [amount] => 109
            [authCode] => 120327
            [cardHoldersName] => R TUTAHI
            [cardName] => Visa
            [cardNumber] => 483741......6356
            [cardExpiryMonth] => 07
            [cardExpiryYear] => 23
            [txnRef] => 0000000121f130f2
            [statusText] => APPROVED
            [recurringID] => 0000010077722125
            [currencySettlement] => NZD
            [currencyInput] => NZD
            [option1] => Order number : 265190
            [option2] => Regina Tutahi
            [option3] => itzginaxx@gmail.com
            [txnType] => Purchase
            [invoiceReference] => hotshot.co.nz - Order # 265190
            [clientIP] => 118.149.75.147
            [transactionNumber] => ID5f88e58535c61-
            [emailAddress] => itzginaxx@gmail.com
            [billingID] => 001602807173-0
            [txnMac] => 5C313C5E
            [cardNumber2] => 
            [cvc2ResultCode] => M
        )

    [orderId] => Array
        (
            [0] => Order number 
            [1] =>  265190
        )

    [order] => WC_Order Object
        (
            [status_transition:protected] => 
            [data:protected] => Array
                (
                    [parent_id] => 0
                    [status] => processing
                    [currency] => NZD
                    [version] => 3.6.4
                    [prices_include_tax] => 
                    [date_created] => WC_DateTime Object
                        (
                            [utc_offset:protected] => 0
                            [date] => 2020-10-16 13:12:50.000000
                            [timezone_type] => 3
                            [timezone] => Pacific/Auckland
                        )

                    [date_modified] => WC_DateTime Object
                        (
                            [utc_offset:protected] => 0
                            [date] => 2020-10-16 13:13:44.000000
                            [timezone_type] => 3
                            [timezone] => Pacific/Auckland
                        )

                    [discount_total] => 0
                    [discount_tax] => 0
                    [shipping_total] => 10.00
                    [shipping_tax] => 0
                    [cart_tax] => 0
                    [total] => 109.00
                    [total_tax] => 0
                    [customer_id] => 0
                    [order_key] => wc_order_P3u5sZgxRjTng
                    [billing] => Array
                        (
                            [first_name] => Regina
                            [last_name] => Tutahi
                            [company] => 
                            [address_1] => 33 Byron street
                            [address_2] => Miramar
                            [city] => Wellington
                            [state] => 
                            [postcode] => 6022
                            [country] => NZ
                            [email] => itzginaxx@gmail.com
                            [phone] => 02108468313
                        )

                    [shipping] => Array
                        (
                            [first_name] => Regina
                            [last_name] => Tutahi
                            [company] => 
                            [address_1] => 33 Byron street
                            [address_2] => Miramar
                            [city] => Wellington
                            [state] => 
                            [postcode] => 6022
                            [country] => NZ
                        )

                    [payment_method] => payment_express_hybrid
                    [payment_method_title] => Payment Express
                    [transaction_id] => 
                    [customer_ip_address] => 103.232.204.38
                    [customer_user_agent] => Mozilla/5.0 (Linux; Android 10; CPH1931) AppleWebKit/537.36 (KHTML, like Gecko) Chrome/85.0.4183.127 Mobile Safari/537.36
                    [created_via] => checkout
                    [customer_note] => 
                    [date_completed] => 
                    [date_paid] => WC_DateTime Object
                        (
                            [utc_offset:protected] => 0
                            [date] => 2020-10-16 13:13:44.000000
                            [timezone_type] => 3
                            [timezone] => Pacific/Auckland
                        )

                    [cart_hash] => d0376e1d3e66321bc6c0db5b72a6fc0b
                )

            [items:protected] => Array
                (
                )

            [items_to_delete:protected] => Array
                (
                )

            [cache_group:protected] => orders
            [data_store_name:protected] => order
            [object_type:protected] => order
            [id:protected] => 265190
            [changes:protected] => Array
                (
                )

            [object_read:protected] => 1
            [extra_data:protected] => Array
                (
                )

            [default_data:protected] => Array
                (
                    [parent_id] => 0
                    [status] => 
                    [currency] => 
                    [version] => 
                    [prices_include_tax] => 
                    [date_created] => 
                    [date_modified] => 
                    [discount_total] => 0
                    [discount_tax] => 0
                    [shipping_total] => 0
                    [shipping_tax] => 0
                    [cart_tax] => 0
                    [total] => 0
                    [total_tax] => 0
                    [customer_id] => 0
                    [order_key] => 
                    [billing] => Array
                        (
                            [first_name] => 
                            [last_name] => 
                            [company] => 
                            [address_1] => 
                            [address_2] => 
                            [city] => 
                            [state] => 
                            [postcode] => 
                            [country] => 
                            [email] => 
                            [phone] => 
                        )

                    [shipping] => Array
                        (
                            [first_name] => 
                            [last_name] => 
                            [company] => 
                            [address_1] => 
                            [address_2] => 
                            [city] => 
                            [state] => 
                            [postcode] => 
                            [country] => 
                        )

                    [payment_method] => 
                    [payment_method_title] => 
                    [transaction_id] => 
                    [customer_ip_address] => 
                    [customer_user_agent] => 
                    [created_via] => 
                    [customer_note] => 
                    [date_completed] => 
                    [date_paid] => 
                    [cart_hash] => 
                )

            [data_store:protected] => WC_Data_Store Object
                (
                    [instance:WC_Data_Store:private] => WC_Order_Data_Store_CPT Object
                        (
                            [internal_meta_keys:protected] => Array
                                (
                                    [0] => _customer_user
                                    [1] => _order_key
                                    [2] => _order_currency
                                    [3] => _billing_first_name
                                    [4] => _billing_last_name
                                    [5] => _billing_company
                                    [6] => _billing_address_1
                                    [7] => _billing_address_2
                                    [8] => _billing_city
                                    [9] => _billing_state
                                    [10] => _billing_postcode
                                    [11] => _billing_country
                                    [12] => _billing_email
                                    [13] => _billing_phone
                                    [14] => _shipping_first_name
                                    [15] => _shipping_last_name
                                    [16] => _shipping_company
                                    [17] => _shipping_address_1
                                    [18] => _shipping_address_2
                                    [19] => _shipping_city
                                    [20] => _shipping_state
                                    [21] => _shipping_postcode
                                    [22] => _shipping_country
                                    [23] => _completed_date
                                    [24] => _paid_date
                                    [25] => _edit_lock
                                    [26] => _edit_last
                                    [27] => _cart_discount
                                    [28] => _cart_discount_tax
                                    [29] => _order_shipping
                                    [30] => _order_shipping_tax
                                    [31] => _order_tax
                                    [32] => _order_total
                                    [33] => _payment_method
                                    [34] => _payment_method_title
                                    [35] => _transaction_id
                                    [36] => _customer_ip_address
                                    [37] => _customer_user_agent
                                    [38] => _created_via
                                    [39] => _order_version
                                    [40] => _prices_include_tax
                                    [41] => _date_completed
                                    [42] => _date_paid
                                    [43] => _payment_tokens
                                    [44] => _billing_address_index
                                    [45] => _shipping_address_index
                                    [46] => _recorded_sales
                                    [47] => _recorded_coupon_usage_counts
                                    [48] => _download_permissions_granted
                                    [49] => _order_stock_reduced
                                )

                            [meta_type:protected] => post
                            [object_id_field_for_meta:protected] => 
                            [must_exist_meta_keys:protected] => Array
                                (
                                )

                        )

                    [stores:WC_Data_Store:private] => Array
                        (
                            [coupon] => WC_Coupon_Data_Store_CPT
                            [customer] => WC_Customer_Data_Store
                            [customer-download] => WC_Customer_Download_Data_Store
                            [customer-download-log] => WC_Customer_Download_Log_Data_Store
                            [customer-session] => WC_Customer_Data_Store_Session
                            [order] => WC_Order_Data_Store_CPT
                            [order-refund] => WC_Order_Refund_Data_Store_CPT
                            [order-item] => WC_Order_Item_Data_Store
                            [order-item-coupon] => WC_Order_Item_Coupon_Data_Store
                            [order-item-fee] => WC_Order_Item_Fee_Data_Store
                            [order-item-product] => WC_Order_Item_Product_Data_Store
                            [order-item-shipping] => WC_Order_Item_Shipping_Data_Store
                            [order-item-tax] => WC_Order_Item_Tax_Data_Store
                            [payment-token] => WC_Payment_Token_Data_Store
                            [product] => WC_Product_Data_Store_CPT
                            [product-grouped] => WC_Product_Grouped_Data_Store_CPT
                            [product-variable] => WC_Product_Variable_Data_Store_CPT
                            [product-variation] => WC_Product_Variation_Data_Store_CPT
                            [shipping-zone] => WC_Shipping_Zone_Data_Store
                            [webhook] => WC_Webhook_Data_Store
                            [subscription] => WCS_Subscription_Data_Store_CPT
                            [product-variable-subscription] => WCS_Product_Variable_Data_Store_CPT
                            [product-subscription_variation] => WC_Product_Variation_Data_Store_CPT
                            [order-item-line_item_pending_switch] => WC_Order_Item_Product_Data_Store
                            [report-revenue-stats] => WC_Admin_Reports_Orders_Stats_Data_Store
                            [report-orders] => WC_Admin_Reports_Orders_Data_Store
                            [report-orders-stats] => WC_Admin_Reports_Orders_Stats_Data_Store
                            [report-products] => WC_Admin_Reports_Products_Data_Store
                            [report-variations] => WC_Admin_Reports_Variations_Data_Store
                            [report-products-stats] => WC_Admin_Reports_Products_Stats_Data_Store
                            [report-categories] => WC_Admin_Reports_Categories_Data_Store
                            [report-taxes] => WC_Admin_Reports_Taxes_Data_Store
                            [report-taxes-stats] => WC_Admin_Reports_Taxes_Stats_Data_Store
                            [report-coupons] => WC_Admin_Reports_Coupons_Data_Store
                            [report-coupons-stats] => WC_Admin_Reports_Coupons_Stats_Data_Store
                            [report-downloads] => WC_Admin_Reports_Downloads_Data_Store
                            [report-downloads-stats] => WC_Admin_Reports_Downloads_Stats_Data_Store
                            [admin-note] => WC_Admin_Notes_Data_Store
                            [report-customers] => WC_Admin_Reports_Customers_Data_Store
                            [report-customers-stats] => WC_Admin_Reports_Customers_Stats_Data_Store
                            [report-stock-stats] => WC_Admin_Reports_Stock_Stats_Data_Store
                        )

                    [current_class_name:WC_Data_Store:private] => WC_Order_Data_Store_CPT
                    [object_type:WC_Data_Store:private] => order
                )

            [meta_data:protected] => Array
                (
                    [0] => WC_Meta_Data Object
                        (
                            [current_data:protected] => Array
                                (
                                    [id] => 660808
                                    [key] => mailchimp_woocommerce_campaign_id
                                    [value] => 
                                )

                            [data:protected] => Array
                                (
                                    [id] => 660808
                                    [key] => mailchimp_woocommerce_campaign_id
                                    [value] => 
                                )

                        )

                    [1] => WC_Meta_Data Object
                        (
                            [current_data:protected] => Array
                                (
                                    [id] => 660809
                                    [key] => mailchimp_woocommerce_landing_site
                                    [value] => https://www.hotshot.nz/product-category/router/
                                )

                            [data:protected] => Array
                                (
                                    [id] => 660809
                                    [key] => mailchimp_woocommerce_landing_site
                                    [value] => https://www.hotshot.nz/product-category/router/
                                )

                        )

                    [2] => WC_Meta_Data Object
                        (
                            [current_data:protected] => Array
                                (
                                    [id] => 660847
                                    [key] => is_vat_exempt
                                    [value] => no
                                )

                            [data:protected] => Array
                                (
                                    [id] => 660847
                                    [key] => is_vat_exempt
                                    [value] => no
                                )

                        )

                    [3] => WC_Meta_Data Object
                        (
                            [current_data:protected] => Array
                                (
                                    [id] => 660848
                                    [key] => mailchimp_woocommerce_is_subscribed
                                    [value] => 1
                                )

                            [data:protected] => Array
                                (
                                    [id] => 660848
                                    [key] => mailchimp_woocommerce_is_subscribed
                                    [value] => 1
                                )

                        )

                    [4] => WC_Meta_Data Object
                        (
                            [current_data:protected] => Array
                                (
                                    [id] => 660887
                                    [key] => _ga_tracked
                                    [value] => 1
                                )

                            [data:protected] => Array
                                (
                                    [id] => 660887
                                    [key] => _ga_tracked
                                    [value] => 1
                                )

                        )

                )

        )

)

10-16-2020 @ 13:13:51 - Array
(
    [current_user->ID] => 0
    [BillingId] => 001602807173-0
)

10-16-2020 @ 14:55:35 - Array
(
    [return url] => https://www.hotshot.nz/wc-api/WC_Gateway_Payment_Express_Hybrid/
)

10-16-2020 @ 14:55:35 - ========= initiating transaction request
10-16-2020 @ 14:55:35 - test or live account, invoice ref: hotshot.co.nz - Order # 265443, transaction: ID5f88fd97b7686-265443, amount: 109.00, billingID: 001602813335-558
10-16-2020 @ 14:55:35 - success URL: https://www.hotshot.nz/wc-api/WC_Gateway_Payment_Express_Hybrid/
10-16-2020 @ 14:55:35 - failure URL: https://www.hotshot.nz/wc-api/WC_Gateway_Payment_Express_Hybrid/
10-16-2020 @ 14:55:35 - Array
(
    [access_userid] => HotShotBroadbandPx
    [access_key] => d6c058c87cc26ea56a481537c248cdea9a9ce41293c144dd666c18abd6ab2917
    [access_url] => https://sec.windcave.com/pxaccess/pxpay.aspx
)

10-16-2020 @ 14:55:36 - https://sec.windcave.com/pxmi3/FE1E8555C60990ADBCE212FA94BB4B8849886C378BB6E0B8B670CAAC2BA5D6059C5D283623F0BD9F1AAE21C91C89EA735
10-16-2020 @ 14:55:36 - Array
(
    [dps url] => https://sec.windcave.com/pxmi3/FE1E8555C60990ADBCE212FA94BB4B8849886C378BB6E0B8B670CAAC2BA5D6059C5D283623F0BD9F1AAE21C91C89EA735
    [ajax img_loader] => https://www.hotshot.nz/wp-content/plugins/woocommerce-gateway-payment-express-hybrid/images/ajax-loader.gif
)

10-16-2020 @ 16:35:54 - Array
(
    [return url] => https://www.hotshot.nz/wc-api/WC_Gateway_Payment_Express_Hybrid/
)

10-16-2020 @ 16:35:54 - ========= initiating transaction request
10-16-2020 @ 16:35:54 - test or live account, invoice ref: hotshot.co.nz - Order # 265558, transaction: ID5f89151a7accd-265558, amount: 208.40, billingID: 001602819354-733
10-16-2020 @ 16:35:54 - success URL: https://www.hotshot.nz/wc-api/WC_Gateway_Payment_Express_Hybrid/
10-16-2020 @ 16:35:54 - failure URL: https://www.hotshot.nz/wc-api/WC_Gateway_Payment_Express_Hybrid/
10-16-2020 @ 16:35:54 - Array
(
    [access_userid] => HotShotBroadbandPx
    [access_key] => d6c058c87cc26ea56a481537c248cdea9a9ce41293c144dd666c18abd6ab2917
    [access_url] => https://sec.windcave.com/pxaccess/pxpay.aspx
)

10-16-2020 @ 16:35:54 - https://sec.windcave.com/pxmi3/F293E460EBC9F0B9FCE4A08BDCA2B342D2ADA7EB9BDFF1292D0135A873BE58DFDB1096C90025CA8831307290F8D87240F
10-16-2020 @ 16:35:54 - Array
(
    [dps url] => https://sec.windcave.com/pxmi3/F293E460EBC9F0B9FCE4A08BDCA2B342D2ADA7EB9BDFF1292D0135A873BE58DFDB1096C90025CA8831307290F8D87240F
    [ajax img_loader] => https://www.hotshot.nz/wp-content/plugins/woocommerce-gateway-payment-express-hybrid/images/ajax-loader.gif
)

10-16-2020 @ 16:36:09 - ====== callback function has been accessed
10-16-2020 @ 16:36:09 - Array
(
    [enc_hex] => 0000010063253648017744a84f79bcd3
)

10-16-2020 @ 16:36:09 - Array
(
    [resultReq->result] => 0000010063253648017744a84f79bcd3
    [enc_hex] => 0000010063253648017744a84f79bcd3
)

10-16-2020 @ 16:36:09 - ========= requesting transaction result
10-16-2020 @ 16:36:09 - Array
(
    [response] => DpsPxPayResultResponse Object
        (
            [isValid] => 1
            [success] => 
            [amount] => 208.4
            [authCode] => 
            [cardHoldersName] => User Cancelled
            [cardName] => 
            [cardNumber] => 000000......0000
            [cardExpiryMonth] => 10
            [cardExpiryYear] => 20
            [txnRef] => 0000000121fce166
            [statusText] => DECLINED
            [recurringID] => 
            [currencySettlement] => NZD
            [currencyInput] => NZD
            [option1] => Order number : 265558
            [option2] => Pamela Mccutcheon
            [option3] => pamelamccutcheon@hotmail.com
            [txnType] => Purchase
            [invoiceReference] => hotshot.co.nz - Order # 265558
            [clientIP] => 118.149.84.89
            [transactionNumber] => ID5f89151a7accd-
            [emailAddress] => pamelamccutcheon@hotmail.com
            [billingID] => 001602819354-733
            [txnMac] => 
            [cardNumber2] => 
            [cvc2ResultCode] => NotUsed
        )

    [orderId] => Array
        (
            [0] => Order number 
            [1] =>  265558
        )

    [order] => WC_Order Object
        (
            [status_transition:protected] => 
            [data:protected] => Array
                (
                    [parent_id] => 0
                    [status] => pending
                    [currency] => NZD
                    [version] => 3.6.4
                    [prices_include_tax] => 
                    [date_created] => WC_DateTime Object
                        (
                            [utc_offset:protected] => 0
                            [date] => 2020-10-16 16:35:43.000000
                            [timezone_type] => 3
                            [timezone] => Pacific/Auckland
                        )

                    [date_modified] => WC_DateTime Object
                        (
                            [utc_offset:protected] => 0
                            [date] => 2020-10-16 16:35:43.000000
                            [timezone_type] => 3
                            [timezone] => Pacific/Auckland
                        )

                    [discount_total] => 0
                    [discount_tax] => 0
                    [shipping_total] => 10.00
                    [shipping_tax] => 0
                    [cart_tax] => 0
                    [total] => 208.40
                    [total_tax] => 0
                    [customer_id] => 733
                    [order_key] => wc_order_NsrHbyNMvrYyN
                    [billing] => Array
                        (
                            [first_name] => Pamela
                            [last_name] => Mccutcheon
                            [company] => 
                            [address_1] => 14 Rowses Road
                            [address_2] => Aranui
                            [city] => Christchurch
                            [state] => 
                            [postcode] => 8061
                            [country] => NZ
                            [email] => pamelamccutcheon@hotmail.com
                            [phone] => 0277555135
                        )

                    [shipping] => Array
                        (
                            [first_name] => Pamela
                            [last_name] => Mccutcheon
                            [company] => 
                            [address_1] => 14 Rowses Road
                            [address_2] => Aranui
                            [city] => Christchurch
                            [state] => 
                            [postcode] => 8061
                            [country] => NZ
                        )

                    [payment_method] => payment_express_hybrid
                    [payment_method_title] => Payment Express
                    [transaction_id] => 
                    [customer_ip_address] => 118.149.84.89
                    [customer_user_agent] => Mozilla/5.0 (Linux; Android 10; SAMSUNG SM-G965F) AppleWebKit/537.36 (KHTML, like Gecko) SamsungBrowser/12.1 Chrome/79.0.3945.136 Mobile Safari/537.36
                    [created_via] => checkout
                    [customer_note] => 
                    [date_completed] => 
                    [date_paid] => 
                    [cart_hash] => 39ad6d71ddc43174592577b45b983d76
                )

            [items:protected] => Array
                (
                )

            [items_to_delete:protected] => Array
                (
                )

            [cache_group:protected] => orders
            [data_store_name:protected] => order
            [object_type:protected] => order
            [id:protected] => 265558
            [changes:protected] => Array
                (
                )

            [object_read:protected] => 1
            [extra_data:protected] => Array
                (
                )

            [default_data:protected] => Array
                (
                    [parent_id] => 0
                    [status] => 
                    [currency] => 
                    [version] => 
                    [prices_include_tax] => 
                    [date_created] => 
                    [date_modified] => 
                    [discount_total] => 0
                    [discount_tax] => 0
                    [shipping_total] => 0
                    [shipping_tax] => 0
                    [cart_tax] => 0
                    [total] => 0
                    [total_tax] => 0
                    [customer_id] => 0
                    [order_key] => 
                    [billing] => Array
                        (
                            [first_name] => 
                            [last_name] => 
                            [company] => 
                            [address_1] => 
                            [address_2] => 
                            [city] => 
                            [state] => 
                            [postcode] => 
                            [country] => 
                            [email] => 
                            [phone] => 
                        )

                    [shipping] => Array
                        (
                            [first_name] => 
                            [last_name] => 
                            [company] => 
                            [address_1] => 
                            [address_2] => 
                            [city] => 
                            [state] => 
                            [postcode] => 
                            [country] => 
                        )

                    [payment_method] => 
                    [payment_method_title] => 
                    [transaction_id] => 
                    [customer_ip_address] => 
                    [customer_user_agent] => 
                    [created_via] => 
                    [customer_note] => 
                    [date_completed] => 
                    [date_paid] => 
                    [cart_hash] => 
                )

            [data_store:protected] => WC_Data_Store Object
                (
                    [instance:WC_Data_Store:private] => WC_Order_Data_Store_CPT Object
                        (
                            [internal_meta_keys:protected] => Array
                                (
                                    [0] => _customer_user
                                    [1] => _order_key
                                    [2] => _order_currency
                                    [3] => _billing_first_name
                                    [4] => _billing_last_name
                                    [5] => _billing_company
                                    [6] => _billing_address_1
                                    [7] => _billing_address_2
                                    [8] => _billing_city
                                    [9] => _billing_state
                                    [10] => _billing_postcode
                                    [11] => _billing_country
                                    [12] => _billing_email
                                    [13] => _billing_phone
                                    [14] => _shipping_first_name
                                    [15] => _shipping_last_name
                                    [16] => _shipping_company
                                    [17] => _shipping_address_1
                                    [18] => _shipping_address_2
                                    [19] => _shipping_city
                                    [20] => _shipping_state
                                    [21] => _shipping_postcode
                                    [22] => _shipping_country
                                    [23] => _completed_date
                                    [24] => _paid_date
                                    [25] => _edit_lock
                                    [26] => _edit_last
                                    [27] => _cart_discount
                                    [28] => _cart_discount_tax
                                    [29] => _order_shipping
                                    [30] => _order_shipping_tax
                                    [31] => _order_tax
                                    [32] => _order_total
                                    [33] => _payment_method
                                    [34] => _payment_method_title
                                    [35] => _transaction_id
                                    [36] => _customer_ip_address
                                    [37] => _customer_user_agent
                                    [38] => _created_via
                                    [39] => _order_version
                                    [40] => _prices_include_tax
                                    [41] => _date_completed
                                    [42] => _date_paid
                                    [43] => _payment_tokens
                                    [44] => _billing_address_index
                                    [45] => _shipping_address_index
                                    [46] => _recorded_sales
                                    [47] => _recorded_coupon_usage_counts
                                    [48] => _download_permissions_granted
                                    [49] => _order_stock_reduced
                                )

                            [meta_type:protected] => post
                            [object_id_field_for_meta:protected] => 
                            [must_exist_meta_keys:protected] => Array
                                (
                                )

                        )

                    [stores:WC_Data_Store:private] => Array
                        (
                            [coupon] => WC_Coupon_Data_Store_CPT
                            [customer] => WC_Customer_Data_Store
                            [customer-download] => WC_Customer_Download_Data_Store
                            [customer-download-log] => WC_Customer_Download_Log_Data_Store
                            [customer-session] => WC_Customer_Data_Store_Session
                            [order] => WC_Order_Data_Store_CPT
                            [order-refund] => WC_Order_Refund_Data_Store_CPT
                            [order-item] => WC_Order_Item_Data_Store
                            [order-item-coupon] => WC_Order_Item_Coupon_Data_Store
                            [order-item-fee] => WC_Order_Item_Fee_Data_Store
                            [order-item-product] => WC_Order_Item_Product_Data_Store
                            [order-item-shipping] => WC_Order_Item_Shipping_Data_Store
                            [order-item-tax] => WC_Order_Item_Tax_Data_Store
                            [payment-token] => WC_Payment_Token_Data_Store
                            [product] => WC_Product_Data_Store_CPT
                            [product-grouped] => WC_Product_Grouped_Data_Store_CPT
                            [product-variable] => WC_Product_Variable_Data_Store_CPT
                            [product-variation] => WC_Product_Variation_Data_Store_CPT
                            [shipping-zone] => WC_Shipping_Zone_Data_Store
                            [webhook] => WC_Webhook_Data_Store
                            [subscription] => WCS_Subscription_Data_Store_CPT
                            [product-variable-subscription] => WCS_Product_Variable_Data_Store_CPT
                            [product-subscription_variation] => WC_Product_Variation_Data_Store_CPT
                            [order-item-line_item_pending_switch] => WC_Order_Item_Product_Data_Store
                            [report-revenue-stats] => WC_Admin_Reports_Orders_Stats_Data_Store
                            [report-orders] => WC_Admin_Reports_Orders_Data_Store
                            [report-orders-stats] => WC_Admin_Reports_Orders_Stats_Data_Store
                            [report-products] => WC_Admin_Reports_Products_Data_Store
                            [report-variations] => WC_Admin_Reports_Variations_Data_Store
                            [report-products-stats] => WC_Admin_Reports_Products_Stats_Data_Store
                            [report-categories] => WC_Admin_Reports_Categories_Data_Store
                            [report-taxes] => WC_Admin_Reports_Taxes_Data_Store
                            [report-taxes-stats] => WC_Admin_Reports_Taxes_Stats_Data_Store
                            [report-coupons] => WC_Admin_Reports_Coupons_Data_Store
                            [report-coupons-stats] => WC_Admin_Reports_Coupons_Stats_Data_Store
                            [report-downloads] => WC_Admin_Reports_Downloads_Data_Store
                            [report-downloads-stats] => WC_Admin_Reports_Downloads_Stats_Data_Store
                            [admin-note] => WC_Admin_Notes_Data_Store
                            [report-customers] => WC_Admin_Reports_Customers_Data_Store
                            [report-customers-stats] => WC_Admin_Reports_Customers_Stats_Data_Store
                            [report-stock-stats] => WC_Admin_Reports_Stock_Stats_Data_Store
                        )

                    [current_class_name:WC_Data_Store:private] => WC_Order_Data_Store_CPT
                    [object_type:WC_Data_Store:private] => order
                )

            [meta_data:protected] => Array
                (
                    [0] => WC_Meta_Data Object
                        (
                            [current_data:protected] => Array
                                (
                                    [id] => 663173
                                    [key] => mailchimp_woocommerce_campaign_id
                                    [value] => 
                                )

                            [data:protected] => Array
                                (
                                    [id] => 663173
                                    [key] => mailchimp_woocommerce_campaign_id
                                    [value] => 
                                )

                        )

                    [1] => WC_Meta_Data Object
                        (
                            [current_data:protected] => Array
                                (
                                    [id] => 663174
                                    [key] => mailchimp_woocommerce_landing_site
                                    [value] => https://www.hotshot.nz/?wc-ajax=get_refreshed_fragments
                                )

                            [data:protected] => Array
                                (
                                    [id] => 663174
                                    [key] => mailchimp_woocommerce_landing_site
                                    [value] => https://www.hotshot.nz/?wc-ajax=get_refreshed_fragments
                                )

                        )

                    [2] => WC_Meta_Data Object
                        (
                            [current_data:protected] => Array
                                (
                                    [id] => 663212
                                    [key] => is_vat_exempt
                                    [value] => no
                                )

                            [data:protected] => Array
                                (
                                    [id] => 663212
                                    [key] => is_vat_exempt
                                    [value] => no
                                )

                        )

                    [3] => WC_Meta_Data Object
                        (
                            [current_data:protected] => Array
                                (
                                    [id] => 663213
                                    [key] => mailchimp_woocommerce_is_subscribed
                                    [value] => 1
                                )

                            [data:protected] => Array
                                (
                                    [id] => 663213
                                    [key] => mailchimp_woocommerce_is_subscribed
                                    [value] => 1
                                )

                        )

                    [4] => WC_Meta_Data Object
                        (
                            [current_data:protected] => Array
                                (
                                    [id] => 663214
                                    [key] => _subscription_switch_data
                                    [value] => Array
                                        (
                                        )

                                )

                            [data:protected] => Array
                                (
                                    [id] => 663214
                                    [key] => _subscription_switch_data
                                    [value] => Array
                                        (
                                        )

                                )

                        )

                )

        )

)

10-16-2020 @ 16:36:09 - failed; DECLINED
10-16-2020 @ 16:36:09 - ====== callback function has been accessed
10-16-2020 @ 16:36:09 - Array
(
    [enc_hex] => 0000010063253648017744a84f79bcd3
)

10-16-2020 @ 16:36:09 - Array
(
    [resultReq->result] => 0000010063253648017744a84f79bcd3
    [enc_hex] => 0000010063253648017744a84f79bcd3
)

10-16-2020 @ 16:36:09 - ========= requesting transaction result
10-16-2020 @ 16:36:10 - Array
(
    [response] => DpsPxPayResultResponse Object
        (
            [isValid] => 1
            [success] => 
            [amount] => 208.4
            [authCode] => 
            [cardHoldersName] => User Cancelled
            [cardName] => 
            [cardNumber] => 000000......0000
            [cardExpiryMonth] => 10
            [cardExpiryYear] => 20
            [txnRef] => 0000000121fce166
            [statusText] => DECLINED
            [recurringID] => 
            [currencySettlement] => NZD
            [currencyInput] => NZD
            [option1] => Order number : 265558
            [option2] => Pamela Mccutcheon
            [option3] => pamelamccutcheon@hotmail.com
            [txnType] => Purchase
            [invoiceReference] => hotshot.co.nz - Order # 265558
            [clientIP] => 118.149.84.89
            [transactionNumber] => ID5f89151a7accd-
            [emailAddress] => pamelamccutcheon@hotmail.com
            [billingID] => 001602819354-733
            [txnMac] => 
            [cardNumber2] => 
            [cvc2ResultCode] => NotUsed
        )

    [orderId] => Array
        (
            [0] => Order number 
            [1] =>  265558
        )

    [order] => WC_Order Object
        (
            [status_transition:protected] => 
            [data:protected] => Array
                (
                    [parent_id] => 0
                    [status] => failed
                    [currency] => NZD
                    [version] => 3.6.4
                    [prices_include_tax] => 
                    [date_created] => WC_DateTime Object
                        (
                            [utc_offset:protected] => 0
                            [date] => 2020-10-16 16:35:43.000000
                            [timezone_type] => 3
                            [timezone] => Pacific/Auckland
                        )

                    [date_modified] => WC_DateTime Object
                        (
                            [utc_offset:protected] => 0
                            [date] => 2020-10-16 16:36:09.000000
                            [timezone_type] => 3
                            [timezone] => Pacific/Auckland
                        )

                    [discount_total] => 0
                    [discount_tax] => 0
                    [shipping_total] => 10.00
                    [shipping_tax] => 0
                    [cart_tax] => 0
                    [total] => 208.40
                    [total_tax] => 0
                    [customer_id] => 733
                    [order_key] => wc_order_NsrHbyNMvrYyN
                    [billing] => Array
                        (
                            [first_name] => Pamela
                            [last_name] => Mccutcheon
                            [company] => 
                            [address_1] => 14 Rowses Road
                            [address_2] => Aranui
                            [city] => Christchurch
                            [state] => 
                            [postcode] => 8061
                            [country] => NZ
                            [email] => pamelamccutcheon@hotmail.com
                            [phone] => 0277555135
                        )

                    [shipping] => Array
                        (
                            [first_name] => Pamela
                            [last_name] => Mccutcheon
                            [company] => 
                            [address_1] => 14 Rowses Road
                            [address_2] => Aranui
                            [city] => Christchurch
                            [state] => 
                            [postcode] => 8061
                            [country] => NZ
                        )

                    [payment_method] => payment_express_hybrid
                    [payment_method_title] => Payment Express
                    [transaction_id] => 
                    [customer_ip_address] => 118.149.84.89
                    [customer_user_agent] => Mozilla/5.0 (Linux; Android 10; SAMSUNG SM-G965F) AppleWebKit/537.36 (KHTML, like Gecko) SamsungBrowser/12.1 Chrome/79.0.3945.136 Mobile Safari/537.36
                    [created_via] => checkout
                    [customer_note] => 
                    [date_completed] => 
                    [date_paid] => 
                    [cart_hash] => 39ad6d71ddc43174592577b45b983d76
                )

            [items:protected] => Array
                (
                )

            [items_to_delete:protected] => Array
                (
                )

            [cache_group:protected] => orders
            [data_store_name:protected] => order
            [object_type:protected] => order
            [id:protected] => 265558
            [changes:protected] => Array
                (
                )

            [object_read:protected] => 1
            [extra_data:protected] => Array
                (
                )

            [default_data:protected] => Array
                (
                    [parent_id] => 0
                    [status] => 
                    [currency] => 
                    [version] => 
                    [prices_include_tax] => 
                    [date_created] => 
                    [date_modified] => 
                    [discount_total] => 0
                    [discount_tax] => 0
                    [shipping_total] => 0
                    [shipping_tax] => 0
                    [cart_tax] => 0
                    [total] => 0
                    [total_tax] => 0
                    [customer_id] => 0
                    [order_key] => 
                    [billing] => Array
                        (
                            [first_name] => 
                            [last_name] => 
                            [company] => 
                            [address_1] => 
                            [address_2] => 
                            [city] => 
                            [state] => 
                            [postcode] => 
                            [country] => 
                            [email] => 
                            [phone] => 
                        )

                    [shipping] => Array
                        (
                            [first_name] => 
                            [last_name] => 
                            [company] => 
                            [address_1] => 
                            [address_2] => 
                            [city] => 
                            [state] => 
                            [postcode] => 
                            [country] => 
                        )

                    [payment_method] => 
                    [payment_method_title] => 
                    [transaction_id] => 
                    [customer_ip_address] => 
                    [customer_user_agent] => 
                    [created_via] => 
                    [customer_note] => 
                    [date_completed] => 
                    [date_paid] => 
                    [cart_hash] => 
                )

            [data_store:protected] => WC_Data_Store Object
                (
                    [instance:WC_Data_Store:private] => WC_Order_Data_Store_CPT Object
                        (
                            [internal_meta_keys:protected] => Array
                                (
                                    [0] => _parent_id
                                    [1] => _status
                                    [2] => _currency
                                    [3] => _version
                                    [4] => _prices_include_tax
                                    [5] => _date_created
                                    [6] => _date_modified
                                    [7] => _discount_total
                                    [8] => _discount_tax
                                    [9] => _shipping_total
                                    [10] => _shipping_tax
                                    [11] => _cart_tax
                                    [12] => _total
                                    [13] => _total_tax
                                    [14] => _customer_id
                                    [15] => _order_key
                                    [16] => _billing
                                    [17] => _shipping
                                    [18] => _payment_method
                                    [19] => _payment_method_title
                                    [20] => _transaction_id
                                    [21] => _customer_ip_address
                                    [22] => _customer_user_agent
                                    [23] => _created_via
                                    [24] => _customer_note
                                    [25] => _date_completed
                                    [26] => _date_paid
                                    [27] => _cart_hash
                                    [28] => _customer_user
                                    [29] => _order_key
                                    [30] => _order_currency
                                    [31] => _billing_first_name
                                    [32] => _billing_last_name
                                    [33] => _billing_company
                                    [34] => _billing_address_1
                                    [35] => _billing_address_2
                                    [36] => _billing_city
                                    [37] => _billing_state
                                    [38] => _billing_postcode
                                    [39] => _billing_country
                                    [40] => _billing_email
                                    [41] => _billing_phone
                                    [42] => _shipping_first_name
                                    [43] => _shipping_last_name
                                    [44] => _shipping_company
                                    [45] => _shipping_address_1
                                    [46] => _shipping_address_2
                                    [47] => _shipping_city
                                    [48] => _shipping_state
                                    [49] => _shipping_postcode
                                    [50] => _shipping_country
                                    [51] => _completed_date
                                    [52] => _paid_date
                                    [53] => _edit_lock
                                    [54] => _edit_last
                                    [55] => _cart_discount
                                    [56] => _cart_discount_tax
                                    [57] => _order_shipping
                                    [58] => _order_shipping_tax
                                    [59] => _order_tax
                                    [60] => _order_total
                                    [61] => _payment_method
                                    [62] => _payment_method_title
                                    [63] => _transaction_id
                                    [64] => _customer_ip_address
                                    [65] => _customer_user_agent
                                    [66] => _created_via
                                    [67] => _order_version
                                    [68] => _prices_include_tax
                                    [69] => _date_completed
                                    [70] => _date_paid
                                    [71] => _payment_tokens
                                    [72] => _billing_address_index
                                    [73] => _shipping_address_index
                                    [74] => _recorded_sales
                                    [75] => _recorded_coupon_usage_counts
                                    [76] => _download_permissions_granted
                                    [77] => _order_stock_reduced
                                )

                            [meta_type:protected] => post
                            [object_id_field_for_meta:protected] => 
                            [must_exist_meta_keys:protected] => Array
                                (
                                )

                        )

                    [stores:WC_Data_Store:private] => Array
                        (
                            [coupon] => WC_Coupon_Data_Store_CPT
                            [customer] => WC_Customer_Data_Store
                            [customer-download] => WC_Customer_Download_Data_Store
                            [customer-download-log] => WC_Customer_Download_Log_Data_Store
                            [customer-session] => WC_Customer_Data_Store_Session
                            [order] => WC_Order_Data_Store_CPT
                            [order-refund] => WC_Order_Refund_Data_Store_CPT
                            [order-item] => WC_Order_Item_Data_Store
                            [order-item-coupon] => WC_Order_Item_Coupon_Data_Store
                            [order-item-fee] => WC_Order_Item_Fee_Data_Store
                            [order-item-product] => WC_Order_Item_Product_Data_Store
                            [order-item-shipping] => WC_Order_Item_Shipping_Data_Store
                            [order-item-tax] => WC_Order_Item_Tax_Data_Store
                            [payment-token] => WC_Payment_Token_Data_Store
                            [product] => WC_Product_Data_Store_CPT
                            [product-grouped] => WC_Product_Grouped_Data_Store_CPT
                            [product-variable] => WC_Product_Variable_Data_Store_CPT
                            [product-variation] => WC_Product_Variation_Data_Store_CPT
                            [shipping-zone] => WC_Shipping_Zone_Data_Store
                            [webhook] => WC_Webhook_Data_Store
                            [subscription] => WCS_Subscription_Data_Store_CPT
                            [product-variable-subscription] => WCS_Product_Variable_Data_Store_CPT
                            [product-subscription_variation] => WC_Product_Variation_Data_Store_CPT
                            [order-item-line_item_pending_switch] => WC_Order_Item_Product_Data_Store
                            [report-revenue-stats] => WC_Admin_Reports_Orders_Stats_Data_Store
                            [report-orders] => WC_Admin_Reports_Orders_Data_Store
                            [report-orders-stats] => WC_Admin_Reports_Orders_Stats_Data_Store
                            [report-products] => WC_Admin_Reports_Products_Data_Store
                            [report-variations] => WC_Admin_Reports_Variations_Data_Store
                            [report-products-stats] => WC_Admin_Reports_Products_Stats_Data_Store
                            [report-categories] => WC_Admin_Reports_Categories_Data_Store
                            [report-taxes] => WC_Admin_Reports_Taxes_Data_Store
                            [report-taxes-stats] => WC_Admin_Reports_Taxes_Stats_Data_Store
                            [report-coupons] => WC_Admin_Reports_Coupons_Data_Store
                            [report-coupons-stats] => WC_Admin_Reports_Coupons_Stats_Data_Store
                            [report-downloads] => WC_Admin_Reports_Downloads_Data_Store
                            [report-downloads-stats] => WC_Admin_Reports_Downloads_Stats_Data_Store
                            [admin-note] => WC_Admin_Notes_Data_Store
                            [report-customers] => WC_Admin_Reports_Customers_Data_Store
                            [report-customers-stats] => WC_Admin_Reports_Customers_Stats_Data_Store
                            [report-stock-stats] => WC_Admin_Reports_Stock_Stats_Data_Store
                        )

                    [current_class_name:WC_Data_Store:private] => WC_Order_Data_Store_CPT
                    [object_type:WC_Data_Store:private] => order
                )

            [meta_data:protected] => Array
                (
                    [0] => WC_Meta_Data Object
                        (
                            [current_data:protected] => Array
                                (
                                    [id] => 663173
                                    [key] => mailchimp_woocommerce_campaign_id
                                    [value] => 
                                )

                            [data:protected] => Array
                                (
                                    [id] => 663173
                                    [key] => mailchimp_woocommerce_campaign_id
                                    [value] => 
                                )

                        )

                    [1] => WC_Meta_Data Object
                        (
                            [current_data:protected] => Array
                                (
                                    [id] => 663174
                                    [key] => mailchimp_woocommerce_landing_site
                                    [value] => https://www.hotshot.nz/wc-api/WC_Gateway_Payment_Express_Hybrid/?result=0000010063253648017744a84f79bcd3&userid=HotShotBroadbandPx
                                )

                            [data:protected] => Array
                                (
                                    [id] => 663174
                                    [key] => mailchimp_woocommerce_landing_site
                                    [value] => https://www.hotshot.nz/wc-api/WC_Gateway_Payment_Express_Hybrid/?result=0000010063253648017744a84f79bcd3&userid=HotShotBroadbandPx
                                )

                        )

                    [2] => WC_Meta_Data Object
                        (
                            [current_data:protected] => Array
                                (
                                    [id] => 663212
                                    [key] => is_vat_exempt
                                    [value] => no
                                )

                            [data:protected] => Array
                                (
                                    [id] => 663212
                                    [key] => is_vat_exempt
                                    [value] => no
                                )

                        )

                    [3] => WC_Meta_Data Object
                        (
                            [current_data:protected] => Array
                                (
                                    [id] => 663213
                                    [key] => mailchimp_woocommerce_is_subscribed
                                    [value] => 1
                                )

                            [data:protected] => Array
                                (
                                    [id] => 663213
                                    [key] => mailchimp_woocommerce_is_subscribed
                                    [value] => 1
                                )

                        )

                    [4] => WC_Meta_Data Object
                        (
                            [current_data:protected] => Array
                                (
                                    [id] => 663214
                                    [key] => _subscription_switch_data
                                    [value] => Array
                                        (
                                        )

                                )

                            [data:protected] => Array
                                (
                                    [id] => 663214
                                    [key] => _subscription_switch_data
                                    [value] => Array
                                        (
                                        )

                                )

                        )

                )

        )

)

10-16-2020 @ 16:36:10 - failed; DECLINED
10-16-2020 @ 16:36:18 - Array
(
    [return url] => https://www.hotshot.nz/wc-api/WC_Gateway_Payment_Express_Hybrid/
)

10-16-2020 @ 16:36:18 - ========= initiating transaction request
10-16-2020 @ 16:36:18 - test or live account, invoice ref: hotshot.co.nz - Order # 265571, transaction: ID5f891532a45b2-265571, amount: 208.40, billingID: 001602819378-734
10-16-2020 @ 16:36:18 - success URL: https://www.hotshot.nz/wc-api/WC_Gateway_Payment_Express_Hybrid/
10-16-2020 @ 16:36:18 - failure URL: https://www.hotshot.nz/wc-api/WC_Gateway_Payment_Express_Hybrid/
10-16-2020 @ 16:36:18 - Array
(
    [access_userid] => HotShotBroadbandPx
    [access_key] => d6c058c87cc26ea56a481537c248cdea9a9ce41293c144dd666c18abd6ab2917
    [access_url] => https://sec.windcave.com/pxaccess/pxpay.aspx
)

10-16-2020 @ 16:36:18 - https://sec.windcave.com/pxmi3/F52ED53C99A412ED8F4D330771E1EF57F0C9CDEBA563FD9F09D48A730EB2254732FF7D6D5725D966A7FBF29895C822AA5
10-16-2020 @ 16:36:18 - Array
(
    [dps url] => https://sec.windcave.com/pxmi3/F52ED53C99A412ED8F4D330771E1EF57F0C9CDEBA563FD9F09D48A730EB2254732FF7D6D5725D966A7FBF29895C822AA5
    [ajax img_loader] => https://www.hotshot.nz/wp-content/plugins/woocommerce-gateway-payment-express-hybrid/images/ajax-loader.gif
)

