12-20-2019 @ 06:25:03 - Array
(
    [return url] => https://www.hotshot.nz/wc-api/WC_Gateway_Payment_Express_Hybrid/
)

12-20-2019 @ 06:25:03 - ========= initiating transaction request
12-20-2019 @ 06:25:03 - test or live account, invoice ref: hotshot.co.nz - Order # 12398, transaction: ID5dfbb26f9581f-12398, amount: 69.90, billingID: 001576776303-135
12-20-2019 @ 06:25:03 - success URL: https://www.hotshot.nz/wc-api/WC_Gateway_Payment_Express_Hybrid/
12-20-2019 @ 06:25:03 - failure URL: https://www.hotshot.nz/wc-api/WC_Gateway_Payment_Express_Hybrid/
12-20-2019 @ 06:25:03 - Array
(
    [access_userid] => HotShotBroadbandPx
    [access_key] => d6c058c87cc26ea56a481537c248cdea9a9ce41293c144dd666c18abd6ab2917
    [access_url] => https://sec.windcave.com/pxaccess/pxpay.aspx
)

12-20-2019 @ 06:25:04 - https://sec.windcave.com/pxmi3/EF4054F622D6C4C1B79E7C696F9F51F174EB9753E8F4A9EBF0202E2065D906C2F22D1528BFF09E2CB
12-20-2019 @ 06:25:04 - Array
(
    [dps url] => https://sec.windcave.com/pxmi3/EF4054F622D6C4C1B79E7C696F9F51F174EB9753E8F4A9EBF0202E2065D906C2F22D1528BFF09E2CB
    [ajax img_loader] => https://www.hotshot.nz/wp-content/plugins/woocommerce-gateway-payment-express-hybrid/images/ajax-loader.gif
)

