08-17-2020 @ 16:33:06 - Array
(
    [return url] => https://www.hotshot.nz/wc-api/WC_Gateway_Payment_Express_Hybrid/
)

08-17-2020 @ 16:33:06 - ========= initiating transaction request
08-17-2020 @ 16:33:06 - test or live account, invoice ref: hotshot.co.nz - Order # 156197, transaction: ID5f3a0882c8468-156197, amount: 208.40, billingID: 001597638786-572
08-17-2020 @ 16:33:06 - success URL: https://www.hotshot.nz/wc-api/WC_Gateway_Payment_Express_Hybrid/
08-17-2020 @ 16:33:06 - failure URL: https://www.hotshot.nz/wc-api/WC_Gateway_Payment_Express_Hybrid/
08-17-2020 @ 16:33:06 - Array
(
    [access_userid] => HotShotBroadbandPx
    [access_key] => d6c058c87cc26ea56a481537c248cdea9a9ce41293c144dd666c18abd6ab2917
    [access_url] => https://sec.windcave.com/pxaccess/pxpay.aspx
)

08-17-2020 @ 16:33:07 - https://sec.windcave.com/pxmi3/EF4054F622D6C4C1BE425F9D8CB12435F426E1D3B9F7D53246C9E9E45FFC26B40B6AB982604C75FAD
08-17-2020 @ 16:33:07 - Array
(
    [dps url] => https://sec.windcave.com/pxmi3/EF4054F622D6C4C1BE425F9D8CB12435F426E1D3B9F7D53246C9E9E45FFC26B40B6AB982604C75FAD
    [ajax img_loader] => https://www.hotshot.nz/wp-content/plugins/woocommerce-gateway-payment-express-hybrid/images/ajax-loader.gif
)

08-18-2020 @ 11:24:37 - Array
(
    [return url] => https://www.hotshot.nz/wc-api/WC_Gateway_Payment_Express_Hybrid/
)

08-18-2020 @ 11:24:37 - ========= initiating transaction request
08-18-2020 @ 11:24:37 - test or live account, invoice ref: hotshot.co.nz - Order # 157127, transaction: ID5f3b11b51069e-157127, amount: 99.40, billingID: 001597706677-573
08-18-2020 @ 11:24:37 - success URL: https://www.hotshot.nz/wc-api/WC_Gateway_Payment_Express_Hybrid/
08-18-2020 @ 11:24:37 - failure URL: https://www.hotshot.nz/wc-api/WC_Gateway_Payment_Express_Hybrid/
08-18-2020 @ 11:24:37 - Array
(
    [access_userid] => HotShotBroadbandPx
    [access_key] => d6c058c87cc26ea56a481537c248cdea9a9ce41293c144dd666c18abd6ab2917
    [access_url] => https://sec.windcave.com/pxaccess/pxpay.aspx
)

08-18-2020 @ 11:24:37 - https://sec.windcave.com/pxmi3/EF4054F622D6C4C1B346D2EBF248ED61DB726FDA5ADA2A078AF24FBEE93944A62AF14CD6D499FBB1C
08-18-2020 @ 11:24:37 - Array
(
    [dps url] => https://sec.windcave.com/pxmi3/EF4054F622D6C4C1B346D2EBF248ED61DB726FDA5ADA2A078AF24FBEE93944A62AF14CD6D499FBB1C
    [ajax img_loader] => https://www.hotshot.nz/wp-content/plugins/woocommerce-gateway-payment-express-hybrid/images/ajax-loader.gif
)

