11-04-2019 @ 09:49:57 - Array
(
    [return url] => https://www.hotshot.nz/wc-api/WC_Gateway_Payment_Express_Hybrid/
)

11-04-2019 @ 09:49:57 - ========= initiating transaction request
11-04-2019 @ 09:49:57 - test or live account, invoice ref: hotshot.co.nz - Order # 8816, transaction: ID5dbf3d75685fa-8816, amount: 198.00, billingID: 001572814197-0
11-04-2019 @ 09:49:57 - success URL: https://www.hotshot.nz/wc-api/WC_Gateway_Payment_Express_Hybrid/
11-04-2019 @ 09:49:57 - failure URL: https://www.hotshot.nz/wc-api/WC_Gateway_Payment_Express_Hybrid/
11-04-2019 @ 09:49:57 - Array
(
    [access_userid] => HotShotBroadbandPx
    [access_key] => d6c058c87cc26ea56a481537c248cdea9a9ce41293c144dd666c18abd6ab2917
    [access_url] => https://sec.windcave.com/pxaccess/pxpay.aspx
)

11-04-2019 @ 09:49:57 - https://sec.windcave.com/pxmi3/EF4054F622D6C4C1BAB631E3B6B26164EEB7A792B941F2EC1DCF307E794907515CD639431CBB9E6A4
11-04-2019 @ 09:49:57 - Array
(
    [dps url] => https://sec.windcave.com/pxmi3/EF4054F622D6C4C1BAB631E3B6B26164EEB7A792B941F2EC1DCF307E794907515CD639431CBB9E6A4
    [ajax img_loader] => https://www.hotshot.nz/wp-content/plugins/woocommerce-gateway-payment-express-hybrid/images/ajax-loader.gif
)

11-04-2019 @ 09:51:00 - Array
(
    [return url] => https://www.hotshot.nz/wc-api/WC_Gateway_Payment_Express_Hybrid/
)

11-04-2019 @ 09:51:00 - ========= initiating transaction request
11-04-2019 @ 09:51:00 - test or live account, invoice ref: hotshot.co.nz - Order # 8819, transaction: ID5dbf3db4d7531-8819, amount: 396.00, billingID: 001572814260-0
11-04-2019 @ 09:51:00 - success URL: https://www.hotshot.nz/wc-api/WC_Gateway_Payment_Express_Hybrid/
11-04-2019 @ 09:51:00 - failure URL: https://www.hotshot.nz/wc-api/WC_Gateway_Payment_Express_Hybrid/
11-04-2019 @ 09:51:00 - Array
(
    [access_userid] => HotShotBroadbandPx
    [access_key] => d6c058c87cc26ea56a481537c248cdea9a9ce41293c144dd666c18abd6ab2917
    [access_url] => https://sec.windcave.com/pxaccess/pxpay.aspx
)

11-04-2019 @ 09:51:01 - https://sec.windcave.com/pxmi3/EF4054F622D6C4C1BAB631E3B6B26164E69C0C5210B726973D0734A6892FDECFFCD0551812719142C
11-04-2019 @ 09:51:01 - Array
(
    [dps url] => https://sec.windcave.com/pxmi3/EF4054F622D6C4C1BAB631E3B6B26164E69C0C5210B726973D0734A6892FDECFFCD0551812719142C
    [ajax img_loader] => https://www.hotshot.nz/wp-content/plugins/woocommerce-gateway-payment-express-hybrid/images/ajax-loader.gif
)

