09-10-2019 @ 10:36:20 - Array
(
    [return url] => https://www.hotshot.nz/wc-api/WC_Gateway_Payment_Express_Hybrid/
)

09-10-2019 @ 10:36:20 - ========= initiating transaction request
09-10-2019 @ 10:36:20 - test or live account, invoice ref: hotshot.co.nz - Order # 5552, transaction: ID5d76d3e49e640-5552, amount: 95.00, billingID: 001568068580-19
09-10-2019 @ 10:36:20 - success URL: https://www.hotshot.nz/wc-api/WC_Gateway_Payment_Express_Hybrid/
09-10-2019 @ 10:36:20 - failure URL: https://www.hotshot.nz/wc-api/WC_Gateway_Payment_Express_Hybrid/
09-10-2019 @ 10:36:20 - Array
(
    [access_userid] => TelnetTelecomm
    [access_key] => 6808d11a9623a0b2e18f04caa281bbdfb4543f7ec87c0ef86ae23318fe2f7de8
    [access_url] => https://sec.paymentexpress.com/pxaccess/pxpay.aspx
)

09-10-2019 @ 10:36:20 - https://sec.paymentexpress.com/pxmi3/pxpay1.aspx?userid=TelnetTelecomm&request=EF4054F622D6C4C1B779C497B52DCE4EE44EE37C5106B72C9F53A4B05AFCE1A9974EA38D10388F575
09-10-2019 @ 10:36:20 - Array
(
    [dps url] => https://sec.paymentexpress.com/pxmi3/pxpay1.aspx?userid=TelnetTelecomm&#038;request=EF4054F622D6C4C1B779C497B52DCE4EE44EE37C5106B72C9F53A4B05AFCE1A9974EA38D10388F575
    [ajax img_loader] => https://www.hotshot.nz/wp-content/plugins/woocommerce-gateway-payment-express-hybrid/images/ajax-loader.gif
)

09-10-2019 @ 11:06:35 - Array
(
    [return url] => https://www.hotshot.nz/wc-api/WC_Gateway_Payment_Express_Hybrid/
)

09-10-2019 @ 11:06:35 - ========= initiating transaction request
09-10-2019 @ 11:06:35 - test or live account, invoice ref: hotshot.co.nz - Order # 5566, transaction: ID5d76dafb7f03d-5566, amount: 95.00, billingID: 001568070395-34
09-10-2019 @ 11:06:35 - success URL: https://www.hotshot.nz/wc-api/WC_Gateway_Payment_Express_Hybrid/
09-10-2019 @ 11:06:35 - failure URL: https://www.hotshot.nz/wc-api/WC_Gateway_Payment_Express_Hybrid/
09-10-2019 @ 11:06:35 - Array
(
    [access_userid] => TelnetTelecomm
    [access_key] => 6808d11a9623a0b2e18f04caa281bbdfb4543f7ec87c0ef86ae23318fe2f7de8
    [access_url] => https://sec.paymentexpress.com/pxaccess/pxpay.aspx
)

09-10-2019 @ 11:06:35 - https://sec.paymentexpress.com/pxmi3/pxpay1.aspx?userid=TelnetTelecomm&request=EF4054F622D6C4C1B779C497B52DCE4EE6853EBF3DCF243694AE84FCBE1ABEF47752D9B13A918E166
09-10-2019 @ 11:06:35 - Array
(
    [dps url] => https://sec.paymentexpress.com/pxmi3/pxpay1.aspx?userid=TelnetTelecomm&#038;request=EF4054F622D6C4C1B779C497B52DCE4EE6853EBF3DCF243694AE84FCBE1ABEF47752D9B13A918E166
    [ajax img_loader] => https://www.hotshot.nz/wp-content/plugins/woocommerce-gateway-payment-express-hybrid/images/ajax-loader.gif
)

09-10-2019 @ 11:07:05 - ====== callback function has been accessed
09-10-2019 @ 11:07:05 - Array
(
    [enc_hex] => 00001100683326080bb469bb7c0c1c25
)

09-10-2019 @ 11:07:05 - Array
(
    [resultReq->result] => 00001100683326080bb469bb7c0c1c25
    [enc_hex] => 00001100683326080bb469bb7c0c1c25
)

09-10-2019 @ 11:07:05 - ========= requesting transaction result
09-10-2019 @ 11:07:05 - Array
(
    [response] => DpsPxPayResultResponse Object
        (
            [isValid] => 1
            [success] => 
            [amount] => 95
            [authCode] => 
            [cardHoldersName] => DFWEF
            [cardName] => Visa
            [cardNumber] => 411111........11
            [cardExpiryMonth] => 09
            [cardExpiryYear] => 19
            [txnRef] => 0000000b47ac9235
            [statusText] => DECLINED
            [recurringID] => 
            [currencySettlement] => NZD
            [currencyInput] => NZD
            [option1] => Order number : 5566
            [option2] => Harris Wu
            [option3] => harris.wu@telnetnz.co.nz
            [txnType] => Purchase
            [invoiceReference] => hotshot.co.nz - Order # 5566
            [clientIP] => 116.12.59.10
            [transactionNumber] => ID5d76dafb7f03d-
            [emailAddress] => harris.wu@telnetnz.co.nz
            [billingID] => 001568070395-34
            [txnMac] => 
            [cardNumber2] => 
            [cvc2ResultCode] => 
        )

    [orderId] => Array
        (
            [0] => Order number 
            [1] =>  5566
        )

    [order] => WC_Order Object
        (
            [status_transition:protected] => 
            [data:protected] => Array
                (
                    [parent_id] => 0
                    [status] => pending
                    [currency] => NZD
                    [version] => 3.6.4
                    [prices_include_tax] => 
                    [date_created] => WC_DateTime Object
                        (
                            [utc_offset:protected] => 0
                            [date] => 2019-09-10 11:06:24.000000
                            [timezone_type] => 3
                            [timezone] => Pacific/Auckland
                        )

                    [date_modified] => WC_DateTime Object
                        (
                            [utc_offset:protected] => 0
                            [date] => 2019-09-10 11:06:24.000000
                            [timezone_type] => 3
                            [timezone] => Pacific/Auckland
                        )

                    [discount_total] => 0
                    [discount_tax] => 0
                    [shipping_total] => 0.00
                    [shipping_tax] => 0
                    [cart_tax] => 0
                    [total] => 95.00
                    [total_tax] => 0
                    [customer_id] => 34
                    [order_key] => wc_order_OxSNPHcU81qeo
                    [billing] => Array
                        (
                            [first_name] => Harris
                            [last_name] => Wu
                            [company] => 
                            [address_1] => 18 Pavola Grove
                            [address_2] => Glenfield
                            [city] => Auckland
                            [state] => 
                            [postcode] => 0629
                            [country] => NZ
                            [email] => harris.wu@telnetnz.co.nz
                            [phone] => 02108387585
                        )

                    [shipping] => Array
                        (
                            [first_name] => 
                            [last_name] => 
                            [company] => 
                            [address_1] => 
                            [address_2] => 
                            [city] => 
                            [state] => 
                            [postcode] => 
                            [country] => 
                        )

                    [payment_method] => payment_express_hybrid
                    [payment_method_title] => Payment Express
                    [transaction_id] => 
                    [customer_ip_address] => 116.12.59.10
                    [customer_user_agent] => Mozilla/5.0 (Windows NT 6.1; Win64; x64) AppleWebKit/537.36 (KHTML, like Gecko) Chrome/72.0.3626.121 Safari/537.36
                    [created_via] => checkout
                    [customer_note] => 
                    [date_completed] => 
                    [date_paid] => 
                    [cart_hash] => 1bf28f0b3cfb5c5a9a20e0f9bdb70134
                )

            [items:protected] => Array
                (
                )

            [items_to_delete:protected] => Array
                (
                )

            [cache_group:protected] => orders
            [data_store_name:protected] => order
            [object_type:protected] => order
            [id:protected] => 5566
            [changes:protected] => Array
                (
                )

            [object_read:protected] => 1
            [extra_data:protected] => Array
                (
                )

            [default_data:protected] => Array
                (
                    [parent_id] => 0
                    [status] => 
                    [currency] => 
                    [version] => 
                    [prices_include_tax] => 
                    [date_created] => 
                    [date_modified] => 
                    [discount_total] => 0
                    [discount_tax] => 0
                    [shipping_total] => 0
                    [shipping_tax] => 0
                    [cart_tax] => 0
                    [total] => 0
                    [total_tax] => 0
                    [customer_id] => 0
                    [order_key] => 
                    [billing] => Array
                        (
                            [first_name] => 
                            [last_name] => 
                            [company] => 
                            [address_1] => 
                            [address_2] => 
                            [city] => 
                            [state] => 
                            [postcode] => 
                            [country] => 
                            [email] => 
                            [phone] => 
                        )

                    [shipping] => Array
                        (
                            [first_name] => 
                            [last_name] => 
                            [company] => 
                            [address_1] => 
                            [address_2] => 
                            [city] => 
                            [state] => 
                            [postcode] => 
                            [country] => 
                        )

                    [payment_method] => 
                    [payment_method_title] => 
                    [transaction_id] => 
                    [customer_ip_address] => 
                    [customer_user_agent] => 
                    [created_via] => 
                    [customer_note] => 
                    [date_completed] => 
                    [date_paid] => 
                    [cart_hash] => 
                )

            [data_store:protected] => WC_Data_Store Object
                (
                    [instance:WC_Data_Store:private] => WC_Order_Data_Store_CPT Object
                        (
                            [internal_meta_keys:protected] => Array
                                (
                                    [0] => _customer_user
                                    [1] => _order_key
                                    [2] => _order_currency
                                    [3] => _billing_first_name
                                    [4] => _billing_last_name
                                    [5] => _billing_company
                                    [6] => _billing_address_1
                                    [7] => _billing_address_2
                                    [8] => _billing_city
                                    [9] => _billing_state
                                    [10] => _billing_postcode
                                    [11] => _billing_country
                                    [12] => _billing_email
                                    [13] => _billing_phone
                                    [14] => _shipping_first_name
                                    [15] => _shipping_last_name
                                    [16] => _shipping_company
                                    [17] => _shipping_address_1
                                    [18] => _shipping_address_2
                                    [19] => _shipping_city
                                    [20] => _shipping_state
                                    [21] => _shipping_postcode
                                    [22] => _shipping_country
                                    [23] => _completed_date
                                    [24] => _paid_date
                                    [25] => _edit_lock
                                    [26] => _edit_last
                                    [27] => _cart_discount
                                    [28] => _cart_discount_tax
                                    [29] => _order_shipping
                                    [30] => _order_shipping_tax
                                    [31] => _order_tax
                                    [32] => _order_total
                                    [33] => _payment_method
                                    [34] => _payment_method_title
                                    [35] => _transaction_id
                                    [36] => _customer_ip_address
                                    [37] => _customer_user_agent
                                    [38] => _created_via
                                    [39] => _order_version
                                    [40] => _prices_include_tax
                                    [41] => _date_completed
                                    [42] => _date_paid
                                    [43] => _payment_tokens
                                    [44] => _billing_address_index
                                    [45] => _shipping_address_index
                                    [46] => _recorded_sales
                                    [47] => _recorded_coupon_usage_counts
                                    [48] => _download_permissions_granted
                                    [49] => _order_stock_reduced
                                )

                            [meta_type:protected] => post
                            [object_id_field_for_meta:protected] => 
                            [must_exist_meta_keys:protected] => Array
                                (
                                )

                        )

                    [stores:WC_Data_Store:private] => Array
                        (
                            [coupon] => WC_Coupon_Data_Store_CPT
                            [customer] => WC_Customer_Data_Store
                            [customer-download] => WC_Customer_Download_Data_Store
                            [customer-download-log] => WC_Customer_Download_Log_Data_Store
                            [customer-session] => WC_Customer_Data_Store_Session
                            [order] => WC_Order_Data_Store_CPT
                            [order-refund] => WC_Order_Refund_Data_Store_CPT
                            [order-item] => WC_Order_Item_Data_Store
                            [order-item-coupon] => WC_Order_Item_Coupon_Data_Store
                            [order-item-fee] => WC_Order_Item_Fee_Data_Store
                            [order-item-product] => WC_Order_Item_Product_Data_Store
                            [order-item-shipping] => WC_Order_Item_Shipping_Data_Store
                            [order-item-tax] => WC_Order_Item_Tax_Data_Store
                            [payment-token] => WC_Payment_Token_Data_Store
                            [product] => WC_Product_Data_Store_CPT
                            [product-grouped] => WC_Product_Grouped_Data_Store_CPT
                            [product-variable] => WC_Product_Variable_Data_Store_CPT
                            [product-variation] => WC_Product_Variation_Data_Store_CPT
                            [shipping-zone] => WC_Shipping_Zone_Data_Store
                            [webhook] => WC_Webhook_Data_Store
                            [subscription] => WCS_Subscription_Data_Store_CPT
                            [product-variable-subscription] => WCS_Product_Variable_Data_Store_CPT
                            [product-subscription_variation] => WC_Product_Variation_Data_Store_CPT
                            [order-item-line_item_pending_switch] => WC_Order_Item_Product_Data_Store
                            [report-revenue-stats] => WC_Admin_Reports_Orders_Stats_Data_Store
                            [report-orders] => WC_Admin_Reports_Orders_Data_Store
                            [report-orders-stats] => WC_Admin_Reports_Orders_Stats_Data_Store
                            [report-products] => WC_Admin_Reports_Products_Data_Store
                            [report-variations] => WC_Admin_Reports_Variations_Data_Store
                            [report-products-stats] => WC_Admin_Reports_Products_Stats_Data_Store
                            [report-categories] => WC_Admin_Reports_Categories_Data_Store
                            [report-taxes] => WC_Admin_Reports_Taxes_Data_Store
                            [report-taxes-stats] => WC_Admin_Reports_Taxes_Stats_Data_Store
                            [report-coupons] => WC_Admin_Reports_Coupons_Data_Store
                            [report-coupons-stats] => WC_Admin_Reports_Coupons_Stats_Data_Store
                            [report-downloads] => WC_Admin_Reports_Downloads_Data_Store
                            [report-downloads-stats] => WC_Admin_Reports_Downloads_Stats_Data_Store
                            [admin-note] => WC_Admin_Notes_Data_Store
                            [report-customers] => WC_Admin_Reports_Customers_Data_Store
                            [report-customers-stats] => WC_Admin_Reports_Customers_Stats_Data_Store
                            [report-stock-stats] => WC_Admin_Reports_Stock_Stats_Data_Store
                        )

                    [current_class_name:WC_Data_Store:private] => WC_Order_Data_Store_CPT
                    [object_type:WC_Data_Store:private] => order
                )

            [meta_data:protected] => Array
                (
                    [0] => WC_Meta_Data Object
                        (
                            [current_data:protected] => Array
                                (
                                    [id] => 34817
                                    [key] => is_vat_exempt
                                    [value] => no
                                )

                            [data:protected] => Array
                                (
                                    [id] => 34817
                                    [key] => is_vat_exempt
                                    [value] => no
                                )

                        )

                    [1] => WC_Meta_Data Object
                        (
                            [current_data:protected] => Array
                                (
                                    [id] => 34818
                                    [key] => _subscription_switch_data
                                    [value] => Array
                                        (
                                        )

                                )

                            [data:protected] => Array
                                (
                                    [id] => 34818
                                    [key] => _subscription_switch_data
                                    [value] => Array
                                        (
                                        )

                                )

                        )

                )

        )

)

09-10-2019 @ 11:07:05 - failed; DECLINED
09-10-2019 @ 11:07:05 - ====== callback function has been accessed
09-10-2019 @ 11:07:05 - Array
(
    [enc_hex] => 00001100683326080bb469bb7c0c1c25
)

09-10-2019 @ 11:07:05 - Array
(
    [resultReq->result] => 00001100683326080bb469bb7c0c1c25
    [enc_hex] => 00001100683326080bb469bb7c0c1c25
)

09-10-2019 @ 11:07:05 - ========= requesting transaction result
09-10-2019 @ 11:07:05 - Array
(
    [response] => DpsPxPayResultResponse Object
        (
            [isValid] => 1
            [success] => 
            [amount] => 95
            [authCode] => 
            [cardHoldersName] => DFWEF
            [cardName] => Visa
            [cardNumber] => 411111........11
            [cardExpiryMonth] => 09
            [cardExpiryYear] => 19
            [txnRef] => 0000000b47ac9235
            [statusText] => DECLINED
            [recurringID] => 
            [currencySettlement] => NZD
            [currencyInput] => NZD
            [option1] => Order number : 5566
            [option2] => Harris Wu
            [option3] => harris.wu@telnetnz.co.nz
            [txnType] => Purchase
            [invoiceReference] => hotshot.co.nz - Order # 5566
            [clientIP] => 116.12.59.10
            [transactionNumber] => ID5d76dafb7f03d-
            [emailAddress] => harris.wu@telnetnz.co.nz
            [billingID] => 001568070395-34
            [txnMac] => 
            [cardNumber2] => 
            [cvc2ResultCode] => 
        )

    [orderId] => Array
        (
            [0] => Order number 
            [1] =>  5566
        )

    [order] => WC_Order Object
        (
            [status_transition:protected] => 
            [data:protected] => Array
                (
                    [parent_id] => 0
                    [status] => failed
                    [currency] => NZD
                    [version] => 3.6.4
                    [prices_include_tax] => 
                    [date_created] => WC_DateTime Object
                        (
                            [utc_offset:protected] => 0
                            [date] => 2019-09-10 11:06:24.000000
                            [timezone_type] => 3
                            [timezone] => Pacific/Auckland
                        )

                    [date_modified] => WC_DateTime Object
                        (
                            [utc_offset:protected] => 0
                            [date] => 2019-09-10 11:07:05.000000
                            [timezone_type] => 3
                            [timezone] => Pacific/Auckland
                        )

                    [discount_total] => 0
                    [discount_tax] => 0
                    [shipping_total] => 0.00
                    [shipping_tax] => 0
                    [cart_tax] => 0
                    [total] => 95.00
                    [total_tax] => 0
                    [customer_id] => 34
                    [order_key] => wc_order_OxSNPHcU81qeo
                    [billing] => Array
                        (
                            [first_name] => Harris
                            [last_name] => Wu
                            [company] => 
                            [address_1] => 18 Pavola Grove
                            [address_2] => Glenfield
                            [city] => Auckland
                            [state] => 
                            [postcode] => 0629
                            [country] => NZ
                            [email] => harris.wu@telnetnz.co.nz
                            [phone] => 02108387585
                        )

                    [shipping] => Array
                        (
                            [first_name] => 
                            [last_name] => 
                            [company] => 
                            [address_1] => 
                            [address_2] => 
                            [city] => 
                            [state] => 
                            [postcode] => 
                            [country] => 
                        )

                    [payment_method] => payment_express_hybrid
                    [payment_method_title] => Payment Express
                    [transaction_id] => 
                    [customer_ip_address] => 116.12.59.10
                    [customer_user_agent] => Mozilla/5.0 (Windows NT 6.1; Win64; x64) AppleWebKit/537.36 (KHTML, like Gecko) Chrome/72.0.3626.121 Safari/537.36
                    [created_via] => checkout
                    [customer_note] => 
                    [date_completed] => 
                    [date_paid] => 
                    [cart_hash] => 1bf28f0b3cfb5c5a9a20e0f9bdb70134
                )

            [items:protected] => Array
                (
                )

            [items_to_delete:protected] => Array
                (
                )

            [cache_group:protected] => orders
            [data_store_name:protected] => order
            [object_type:protected] => order
            [id:protected] => 5566
            [changes:protected] => Array
                (
                )

            [object_read:protected] => 1
            [extra_data:protected] => Array
                (
                )

            [default_data:protected] => Array
                (
                    [parent_id] => 0
                    [status] => 
                    [currency] => 
                    [version] => 
                    [prices_include_tax] => 
                    [date_created] => 
                    [date_modified] => 
                    [discount_total] => 0
                    [discount_tax] => 0
                    [shipping_total] => 0
                    [shipping_tax] => 0
                    [cart_tax] => 0
                    [total] => 0
                    [total_tax] => 0
                    [customer_id] => 0
                    [order_key] => 
                    [billing] => Array
                        (
                            [first_name] => 
                            [last_name] => 
                            [company] => 
                            [address_1] => 
                            [address_2] => 
                            [city] => 
                            [state] => 
                            [postcode] => 
                            [country] => 
                            [email] => 
                            [phone] => 
                        )

                    [shipping] => Array
                        (
                            [first_name] => 
                            [last_name] => 
                            [company] => 
                            [address_1] => 
                            [address_2] => 
                            [city] => 
                            [state] => 
                            [postcode] => 
                            [country] => 
                        )

                    [payment_method] => 
                    [payment_method_title] => 
                    [transaction_id] => 
                    [customer_ip_address] => 
                    [customer_user_agent] => 
                    [created_via] => 
                    [customer_note] => 
                    [date_completed] => 
                    [date_paid] => 
                    [cart_hash] => 
                )

            [data_store:protected] => WC_Data_Store Object
                (
                    [instance:WC_Data_Store:private] => WC_Order_Data_Store_CPT Object
                        (
                            [internal_meta_keys:protected] => Array
                                (
                                    [0] => _parent_id
                                    [1] => _status
                                    [2] => _currency
                                    [3] => _version
                                    [4] => _prices_include_tax
                                    [5] => _date_created
                                    [6] => _date_modified
                                    [7] => _discount_total
                                    [8] => _discount_tax
                                    [9] => _shipping_total
                                    [10] => _shipping_tax
                                    [11] => _cart_tax
                                    [12] => _total
                                    [13] => _total_tax
                                    [14] => _customer_id
                                    [15] => _order_key
                                    [16] => _billing
                                    [17] => _shipping
                                    [18] => _payment_method
                                    [19] => _payment_method_title
                                    [20] => _transaction_id
                                    [21] => _customer_ip_address
                                    [22] => _customer_user_agent
                                    [23] => _created_via
                                    [24] => _customer_note
                                    [25] => _date_completed
                                    [26] => _date_paid
                                    [27] => _cart_hash
                                    [28] => _customer_user
                                    [29] => _order_key
                                    [30] => _order_currency
                                    [31] => _billing_first_name
                                    [32] => _billing_last_name
                                    [33] => _billing_company
                                    [34] => _billing_address_1
                                    [35] => _billing_address_2
                                    [36] => _billing_city
                                    [37] => _billing_state
                                    [38] => _billing_postcode
                                    [39] => _billing_country
                                    [40] => _billing_email
                                    [41] => _billing_phone
                                    [42] => _shipping_first_name
                                    [43] => _shipping_last_name
                                    [44] => _shipping_company
                                    [45] => _shipping_address_1
                                    [46] => _shipping_address_2
                                    [47] => _shipping_city
                                    [48] => _shipping_state
                                    [49] => _shipping_postcode
                                    [50] => _shipping_country
                                    [51] => _completed_date
                                    [52] => _paid_date
                                    [53] => _edit_lock
                                    [54] => _edit_last
                                    [55] => _cart_discount
                                    [56] => _cart_discount_tax
                                    [57] => _order_shipping
                                    [58] => _order_shipping_tax
                                    [59] => _order_tax
                                    [60] => _order_total
                                    [61] => _payment_method
                                    [62] => _payment_method_title
                                    [63] => _transaction_id
                                    [64] => _customer_ip_address
                                    [65] => _customer_user_agent
                                    [66] => _created_via
                                    [67] => _order_version
                                    [68] => _prices_include_tax
                                    [69] => _date_completed
                                    [70] => _date_paid
                                    [71] => _payment_tokens
                                    [72] => _billing_address_index
                                    [73] => _shipping_address_index
                                    [74] => _recorded_sales
                                    [75] => _recorded_coupon_usage_counts
                                    [76] => _download_permissions_granted
                                    [77] => _order_stock_reduced
                                )

                            [meta_type:protected] => post
                            [object_id_field_for_meta:protected] => 
                            [must_exist_meta_keys:protected] => Array
                                (
                                )

                        )

                    [stores:WC_Data_Store:private] => Array
                        (
                            [coupon] => WC_Coupon_Data_Store_CPT
                            [customer] => WC_Customer_Data_Store
                            [customer-download] => WC_Customer_Download_Data_Store
                            [customer-download-log] => WC_Customer_Download_Log_Data_Store
                            [customer-session] => WC_Customer_Data_Store_Session
                            [order] => WC_Order_Data_Store_CPT
                            [order-refund] => WC_Order_Refund_Data_Store_CPT
                            [order-item] => WC_Order_Item_Data_Store
                            [order-item-coupon] => WC_Order_Item_Coupon_Data_Store
                            [order-item-fee] => WC_Order_Item_Fee_Data_Store
                            [order-item-product] => WC_Order_Item_Product_Data_Store
                            [order-item-shipping] => WC_Order_Item_Shipping_Data_Store
                            [order-item-tax] => WC_Order_Item_Tax_Data_Store
                            [payment-token] => WC_Payment_Token_Data_Store
                            [product] => WC_Product_Data_Store_CPT
                            [product-grouped] => WC_Product_Grouped_Data_Store_CPT
                            [product-variable] => WC_Product_Variable_Data_Store_CPT
                            [product-variation] => WC_Product_Variation_Data_Store_CPT
                            [shipping-zone] => WC_Shipping_Zone_Data_Store
                            [webhook] => WC_Webhook_Data_Store
                            [subscription] => WCS_Subscription_Data_Store_CPT
                            [product-variable-subscription] => WCS_Product_Variable_Data_Store_CPT
                            [product-subscription_variation] => WC_Product_Variation_Data_Store_CPT
                            [order-item-line_item_pending_switch] => WC_Order_Item_Product_Data_Store
                            [report-revenue-stats] => WC_Admin_Reports_Orders_Stats_Data_Store
                            [report-orders] => WC_Admin_Reports_Orders_Data_Store
                            [report-orders-stats] => WC_Admin_Reports_Orders_Stats_Data_Store
                            [report-products] => WC_Admin_Reports_Products_Data_Store
                            [report-variations] => WC_Admin_Reports_Variations_Data_Store
                            [report-products-stats] => WC_Admin_Reports_Products_Stats_Data_Store
                            [report-categories] => WC_Admin_Reports_Categories_Data_Store
                            [report-taxes] => WC_Admin_Reports_Taxes_Data_Store
                            [report-taxes-stats] => WC_Admin_Reports_Taxes_Stats_Data_Store
                            [report-coupons] => WC_Admin_Reports_Coupons_Data_Store
                            [report-coupons-stats] => WC_Admin_Reports_Coupons_Stats_Data_Store
                            [report-downloads] => WC_Admin_Reports_Downloads_Data_Store
                            [report-downloads-stats] => WC_Admin_Reports_Downloads_Stats_Data_Store
                            [admin-note] => WC_Admin_Notes_Data_Store
                            [report-customers] => WC_Admin_Reports_Customers_Data_Store
                            [report-customers-stats] => WC_Admin_Reports_Customers_Stats_Data_Store
                            [report-stock-stats] => WC_Admin_Reports_Stock_Stats_Data_Store
                        )

                    [current_class_name:WC_Data_Store:private] => WC_Order_Data_Store_CPT
                    [object_type:WC_Data_Store:private] => order
                )

            [meta_data:protected] => Array
                (
                    [0] => WC_Meta_Data Object
                        (
                            [current_data:protected] => Array
                                (
                                    [id] => 34817
                                    [key] => is_vat_exempt
                                    [value] => no
                                )

                            [data:protected] => Array
                                (
                                    [id] => 34817
                                    [key] => is_vat_exempt
                                    [value] => no
                                )

                        )

                    [1] => WC_Meta_Data Object
                        (
                            [current_data:protected] => Array
                                (
                                    [id] => 34818
                                    [key] => _subscription_switch_data
                                    [value] => Array
                                        (
                                        )

                                )

                            [data:protected] => Array
                                (
                                    [id] => 34818
                                    [key] => _subscription_switch_data
                                    [value] => Array
                                        (
                                        )

                                )

                        )

                )

        )

)

09-10-2019 @ 11:07:05 - failed; DECLINED
09-10-2019 @ 11:24:02 - Array
(
    [return url] => https://www.hotshot.nz/wc-api/WC_Gateway_Payment_Express_Hybrid/
)

09-10-2019 @ 11:24:02 - ========= initiating transaction request
09-10-2019 @ 11:24:02 - test or live account, invoice ref: hotshot.co.nz - Order # 5579, transaction: ID5d76df1245e84-5579, amount: 99.40, billingID: 001568071442-34
09-10-2019 @ 11:24:02 - success URL: https://www.hotshot.nz/wc-api/WC_Gateway_Payment_Express_Hybrid/
09-10-2019 @ 11:24:02 - failure URL: https://www.hotshot.nz/wc-api/WC_Gateway_Payment_Express_Hybrid/
09-10-2019 @ 11:24:02 - Array
(
    [access_userid] => TelnetTelecomm
    [access_key] => 6808d11a9623a0b2e18f04caa281bbdfb4543f7ec87c0ef86ae23318fe2f7de8
    [access_url] => https://sec.paymentexpress.com/pxaccess/pxpay.aspx
)

09-10-2019 @ 11:24:02 - https://sec.paymentexpress.com/pxmi3/pxpay1.aspx?userid=TelnetTelecomm&request=EF4054F622D6C4C1B779C497B52DCE4EEA7F09340A56E0F8F776F98DA71A27BAF090D63873BA3D327
09-10-2019 @ 11:24:02 - Array
(
    [dps url] => https://sec.paymentexpress.com/pxmi3/pxpay1.aspx?userid=TelnetTelecomm&#038;request=EF4054F622D6C4C1B779C497B52DCE4EEA7F09340A56E0F8F776F98DA71A27BAF090D63873BA3D327
    [ajax img_loader] => https://www.hotshot.nz/wp-content/plugins/woocommerce-gateway-payment-express-hybrid/images/ajax-loader.gif
)

09-10-2019 @ 11:24:21 - ====== callback function has been accessed
09-10-2019 @ 11:24:21 - Array
(
    [enc_hex] => 00001100683363240b60124c61dded50
)

09-10-2019 @ 11:24:21 - Array
(
    [resultReq->result] => 00001100683363240b60124c61dded50
    [enc_hex] => 00001100683363240b60124c61dded50
)

09-10-2019 @ 11:24:21 - ========= requesting transaction result
09-10-2019 @ 11:24:21 - Array
(
    [response] => DpsPxPayResultResponse Object
        (
            [isValid] => 1
            [success] => 
            [amount] => 99.4
            [authCode] => 
            [cardHoldersName] => DAFWE
            [cardName] => Visa
            [cardNumber] => 411111........11
            [cardExpiryMonth] => 09
            [cardExpiryYear] => 19
            [txnRef] => 0000000b47ad92c4
            [statusText] => DECLINED
            [recurringID] => 
            [currencySettlement] => NZD
            [currencyInput] => NZD
            [option1] => Order number : 5579
            [option2] => Da Wu
            [option3] => henrywuda@hotmail.com
            [txnType] => Purchase
            [invoiceReference] => hotshot.co.nz - Order # 5579
            [clientIP] => 116.12.59.10
            [transactionNumber] => ID5d76df1245e84-
            [emailAddress] => henrywuda@hotmail.com
            [billingID] => 001568071442-34
            [txnMac] => 
            [cardNumber2] => 
            [cvc2ResultCode] => 
        )

    [orderId] => Array
        (
            [0] => Order number 
            [1] =>  5579
        )

    [order] => WC_Order Object
        (
            [status_transition:protected] => 
            [data:protected] => Array
                (
                    [parent_id] => 0
                    [status] => pending
                    [currency] => NZD
                    [version] => 3.6.4
                    [prices_include_tax] => 
                    [date_created] => WC_DateTime Object
                        (
                            [utc_offset:protected] => 0
                            [date] => 2019-09-10 11:23:51.000000
                            [timezone_type] => 3
                            [timezone] => Pacific/Auckland
                        )

                    [date_modified] => WC_DateTime Object
                        (
                            [utc_offset:protected] => 0
                            [date] => 2019-09-10 11:23:51.000000
                            [timezone_type] => 3
                            [timezone] => Pacific/Auckland
                        )

                    [discount_total] => 0
                    [discount_tax] => 0
                    [shipping_total] => 0.00
                    [shipping_tax] => 0
                    [cart_tax] => 0
                    [total] => 99.40
                    [total_tax] => 0
                    [customer_id] => 34
                    [order_key] => wc_order_UXzK5aBgawiIw
                    [billing] => Array
                        (
                            [first_name] => Da
                            [last_name] => Wu
                            [company] => 
                            [address_1] => 18 Pavola Grove
                            [address_2] => Glenfield
                            [city] => Auckland
                            [state] => 
                            [postcode] => 0629
                            [country] => NZ
                            [email] => henrywuda@hotmail.com
                            [phone] => 02108387585
                        )

                    [shipping] => Array
                        (
                            [first_name] => 
                            [last_name] => 
                            [company] => 
                            [address_1] => 
                            [address_2] => 
                            [city] => 
                            [state] => 
                            [postcode] => 
                            [country] => 
                        )

                    [payment_method] => payment_express_hybrid
                    [payment_method_title] => Payment Express
                    [transaction_id] => 
                    [customer_ip_address] => 116.12.59.10
                    [customer_user_agent] => Mozilla/5.0 (Windows NT 6.1; Win64; x64; rv:69.0) Gecko/20100101 Firefox/69.0
                    [created_via] => checkout
                    [customer_note] => 
                    [date_completed] => 
                    [date_paid] => 
                    [cart_hash] => 4cd6488813a487cdd1dd4d202249aeba
                )

            [items:protected] => Array
                (
                )

            [items_to_delete:protected] => Array
                (
                )

            [cache_group:protected] => orders
            [data_store_name:protected] => order
            [object_type:protected] => order
            [id:protected] => 5579
            [changes:protected] => Array
                (
                )

            [object_read:protected] => 1
            [extra_data:protected] => Array
                (
                )

            [default_data:protected] => Array
                (
                    [parent_id] => 0
                    [status] => 
                    [currency] => 
                    [version] => 
                    [prices_include_tax] => 
                    [date_created] => 
                    [date_modified] => 
                    [discount_total] => 0
                    [discount_tax] => 0
                    [shipping_total] => 0
                    [shipping_tax] => 0
                    [cart_tax] => 0
                    [total] => 0
                    [total_tax] => 0
                    [customer_id] => 0
                    [order_key] => 
                    [billing] => Array
                        (
                            [first_name] => 
                            [last_name] => 
                            [company] => 
                            [address_1] => 
                            [address_2] => 
                            [city] => 
                            [state] => 
                            [postcode] => 
                            [country] => 
                            [email] => 
                            [phone] => 
                        )

                    [shipping] => Array
                        (
                            [first_name] => 
                            [last_name] => 
                            [company] => 
                            [address_1] => 
                            [address_2] => 
                            [city] => 
                            [state] => 
                            [postcode] => 
                            [country] => 
                        )

                    [payment_method] => 
                    [payment_method_title] => 
                    [transaction_id] => 
                    [customer_ip_address] => 
                    [customer_user_agent] => 
                    [created_via] => 
                    [customer_note] => 
                    [date_completed] => 
                    [date_paid] => 
                    [cart_hash] => 
                )

            [data_store:protected] => WC_Data_Store Object
                (
                    [instance:WC_Data_Store:private] => WC_Order_Data_Store_CPT Object
                        (
                            [internal_meta_keys:protected] => Array
                                (
                                    [0] => _customer_user
                                    [1] => _order_key
                                    [2] => _order_currency
                                    [3] => _billing_first_name
                                    [4] => _billing_last_name
                                    [5] => _billing_company
                                    [6] => _billing_address_1
                                    [7] => _billing_address_2
                                    [8] => _billing_city
                                    [9] => _billing_state
                                    [10] => _billing_postcode
                                    [11] => _billing_country
                                    [12] => _billing_email
                                    [13] => _billing_phone
                                    [14] => _shipping_first_name
                                    [15] => _shipping_last_name
                                    [16] => _shipping_company
                                    [17] => _shipping_address_1
                                    [18] => _shipping_address_2
                                    [19] => _shipping_city
                                    [20] => _shipping_state
                                    [21] => _shipping_postcode
                                    [22] => _shipping_country
                                    [23] => _completed_date
                                    [24] => _paid_date
                                    [25] => _edit_lock
                                    [26] => _edit_last
                                    [27] => _cart_discount
                                    [28] => _cart_discount_tax
                                    [29] => _order_shipping
                                    [30] => _order_shipping_tax
                                    [31] => _order_tax
                                    [32] => _order_total
                                    [33] => _payment_method
                                    [34] => _payment_method_title
                                    [35] => _transaction_id
                                    [36] => _customer_ip_address
                                    [37] => _customer_user_agent
                                    [38] => _created_via
                                    [39] => _order_version
                                    [40] => _prices_include_tax
                                    [41] => _date_completed
                                    [42] => _date_paid
                                    [43] => _payment_tokens
                                    [44] => _billing_address_index
                                    [45] => _shipping_address_index
                                    [46] => _recorded_sales
                                    [47] => _recorded_coupon_usage_counts
                                    [48] => _download_permissions_granted
                                    [49] => _order_stock_reduced
                                )

                            [meta_type:protected] => post
                            [object_id_field_for_meta:protected] => 
                            [must_exist_meta_keys:protected] => Array
                                (
                                )

                        )

                    [stores:WC_Data_Store:private] => Array
                        (
                            [coupon] => WC_Coupon_Data_Store_CPT
                            [customer] => WC_Customer_Data_Store
                            [customer-download] => WC_Customer_Download_Data_Store
                            [customer-download-log] => WC_Customer_Download_Log_Data_Store
                            [customer-session] => WC_Customer_Data_Store_Session
                            [order] => WC_Order_Data_Store_CPT
                            [order-refund] => WC_Order_Refund_Data_Store_CPT
                            [order-item] => WC_Order_Item_Data_Store
                            [order-item-coupon] => WC_Order_Item_Coupon_Data_Store
                            [order-item-fee] => WC_Order_Item_Fee_Data_Store
                            [order-item-product] => WC_Order_Item_Product_Data_Store
                            [order-item-shipping] => WC_Order_Item_Shipping_Data_Store
                            [order-item-tax] => WC_Order_Item_Tax_Data_Store
                            [payment-token] => WC_Payment_Token_Data_Store
                            [product] => WC_Product_Data_Store_CPT
                            [product-grouped] => WC_Product_Grouped_Data_Store_CPT
                            [product-variable] => WC_Product_Variable_Data_Store_CPT
                            [product-variation] => WC_Product_Variation_Data_Store_CPT
                            [shipping-zone] => WC_Shipping_Zone_Data_Store
                            [webhook] => WC_Webhook_Data_Store
                            [subscription] => WCS_Subscription_Data_Store_CPT
                            [product-variable-subscription] => WCS_Product_Variable_Data_Store_CPT
                            [product-subscription_variation] => WC_Product_Variation_Data_Store_CPT
                            [order-item-line_item_pending_switch] => WC_Order_Item_Product_Data_Store
                            [report-revenue-stats] => WC_Admin_Reports_Orders_Stats_Data_Store
                            [report-orders] => WC_Admin_Reports_Orders_Data_Store
                            [report-orders-stats] => WC_Admin_Reports_Orders_Stats_Data_Store
                            [report-products] => WC_Admin_Reports_Products_Data_Store
                            [report-variations] => WC_Admin_Reports_Variations_Data_Store
                            [report-products-stats] => WC_Admin_Reports_Products_Stats_Data_Store
                            [report-categories] => WC_Admin_Reports_Categories_Data_Store
                            [report-taxes] => WC_Admin_Reports_Taxes_Data_Store
                            [report-taxes-stats] => WC_Admin_Reports_Taxes_Stats_Data_Store
                            [report-coupons] => WC_Admin_Reports_Coupons_Data_Store
                            [report-coupons-stats] => WC_Admin_Reports_Coupons_Stats_Data_Store
                            [report-downloads] => WC_Admin_Reports_Downloads_Data_Store
                            [report-downloads-stats] => WC_Admin_Reports_Downloads_Stats_Data_Store
                            [admin-note] => WC_Admin_Notes_Data_Store
                            [report-customers] => WC_Admin_Reports_Customers_Data_Store
                            [report-customers-stats] => WC_Admin_Reports_Customers_Stats_Data_Store
                            [report-stock-stats] => WC_Admin_Reports_Stock_Stats_Data_Store
                        )

                    [current_class_name:WC_Data_Store:private] => WC_Order_Data_Store_CPT
                    [object_type:WC_Data_Store:private] => order
                )

            [meta_data:protected] => Array
                (
                    [0] => WC_Meta_Data Object
                        (
                            [current_data:protected] => Array
                                (
                                    [id] => 35099
                                    [key] => is_vat_exempt
                                    [value] => no
                                )

                            [data:protected] => Array
                                (
                                    [id] => 35099
                                    [key] => is_vat_exempt
                                    [value] => no
                                )

                        )

                    [1] => WC_Meta_Data Object
                        (
                            [current_data:protected] => Array
                                (
                                    [id] => 35100
                                    [key] => _subscription_switch_data
                                    [value] => Array
                                        (
                                        )

                                )

                            [data:protected] => Array
                                (
                                    [id] => 35100
                                    [key] => _subscription_switch_data
                                    [value] => Array
                                        (
                                        )

                                )

                        )

                )

        )

)

09-10-2019 @ 11:24:21 - failed; DECLINED
09-10-2019 @ 11:24:21 - ====== callback function has been accessed
09-10-2019 @ 11:24:21 - Array
(
    [enc_hex] => 00001100683363240b60124c61dded50
)

09-10-2019 @ 11:24:21 - Array
(
    [resultReq->result] => 00001100683363240b60124c61dded50
    [enc_hex] => 00001100683363240b60124c61dded50
)

09-10-2019 @ 11:24:21 - ========= requesting transaction result
09-10-2019 @ 11:24:22 - Array
(
    [response] => DpsPxPayResultResponse Object
        (
            [isValid] => 1
            [success] => 
            [amount] => 99.4
            [authCode] => 
            [cardHoldersName] => DAFWE
            [cardName] => Visa
            [cardNumber] => 411111........11
            [cardExpiryMonth] => 09
            [cardExpiryYear] => 19
            [txnRef] => 0000000b47ad92c4
            [statusText] => DECLINED
            [recurringID] => 
            [currencySettlement] => NZD
            [currencyInput] => NZD
            [option1] => Order number : 5579
            [option2] => Da Wu
            [option3] => henrywuda@hotmail.com
            [txnType] => Purchase
            [invoiceReference] => hotshot.co.nz - Order # 5579
            [clientIP] => 116.12.59.10
            [transactionNumber] => ID5d76df1245e84-
            [emailAddress] => henrywuda@hotmail.com
            [billingID] => 001568071442-34
            [txnMac] => 
            [cardNumber2] => 
            [cvc2ResultCode] => 
        )

    [orderId] => Array
        (
            [0] => Order number 
            [1] =>  5579
        )

    [order] => WC_Order Object
        (
            [status_transition:protected] => 
            [data:protected] => Array
                (
                    [parent_id] => 0
                    [status] => failed
                    [currency] => NZD
                    [version] => 3.6.4
                    [prices_include_tax] => 
                    [date_created] => WC_DateTime Object
                        (
                            [utc_offset:protected] => 0
                            [date] => 2019-09-10 11:23:51.000000
                            [timezone_type] => 3
                            [timezone] => Pacific/Auckland
                        )

                    [date_modified] => WC_DateTime Object
                        (
                            [utc_offset:protected] => 0
                            [date] => 2019-09-10 11:24:21.000000
                            [timezone_type] => 3
                            [timezone] => Pacific/Auckland
                        )

                    [discount_total] => 0
                    [discount_tax] => 0
                    [shipping_total] => 0.00
                    [shipping_tax] => 0
                    [cart_tax] => 0
                    [total] => 99.40
                    [total_tax] => 0
                    [customer_id] => 34
                    [order_key] => wc_order_UXzK5aBgawiIw
                    [billing] => Array
                        (
                            [first_name] => Da
                            [last_name] => Wu
                            [company] => 
                            [address_1] => 18 Pavola Grove
                            [address_2] => Glenfield
                            [city] => Auckland
                            [state] => 
                            [postcode] => 0629
                            [country] => NZ
                            [email] => henrywuda@hotmail.com
                            [phone] => 02108387585
                        )

                    [shipping] => Array
                        (
                            [first_name] => 
                            [last_name] => 
                            [company] => 
                            [address_1] => 
                            [address_2] => 
                            [city] => 
                            [state] => 
                            [postcode] => 
                            [country] => 
                        )

                    [payment_method] => payment_express_hybrid
                    [payment_method_title] => Payment Express
                    [transaction_id] => 
                    [customer_ip_address] => 116.12.59.10
                    [customer_user_agent] => Mozilla/5.0 (Windows NT 6.1; Win64; x64; rv:69.0) Gecko/20100101 Firefox/69.0
                    [created_via] => checkout
                    [customer_note] => 
                    [date_completed] => 
                    [date_paid] => 
                    [cart_hash] => 4cd6488813a487cdd1dd4d202249aeba
                )

            [items:protected] => Array
                (
                )

            [items_to_delete:protected] => Array
                (
                )

            [cache_group:protected] => orders
            [data_store_name:protected] => order
            [object_type:protected] => order
            [id:protected] => 5579
            [changes:protected] => Array
                (
                )

            [object_read:protected] => 1
            [extra_data:protected] => Array
                (
                )

            [default_data:protected] => Array
                (
                    [parent_id] => 0
                    [status] => 
                    [currency] => 
                    [version] => 
                    [prices_include_tax] => 
                    [date_created] => 
                    [date_modified] => 
                    [discount_total] => 0
                    [discount_tax] => 0
                    [shipping_total] => 0
                    [shipping_tax] => 0
                    [cart_tax] => 0
                    [total] => 0
                    [total_tax] => 0
                    [customer_id] => 0
                    [order_key] => 
                    [billing] => Array
                        (
                            [first_name] => 
                            [last_name] => 
                            [company] => 
                            [address_1] => 
                            [address_2] => 
                            [city] => 
                            [state] => 
                            [postcode] => 
                            [country] => 
                            [email] => 
                            [phone] => 
                        )

                    [shipping] => Array
                        (
                            [first_name] => 
                            [last_name] => 
                            [company] => 
                            [address_1] => 
                            [address_2] => 
                            [city] => 
                            [state] => 
                            [postcode] => 
                            [country] => 
                        )

                    [payment_method] => 
                    [payment_method_title] => 
                    [transaction_id] => 
                    [customer_ip_address] => 
                    [customer_user_agent] => 
                    [created_via] => 
                    [customer_note] => 
                    [date_completed] => 
                    [date_paid] => 
                    [cart_hash] => 
                )

            [data_store:protected] => WC_Data_Store Object
                (
                    [instance:WC_Data_Store:private] => WC_Order_Data_Store_CPT Object
                        (
                            [internal_meta_keys:protected] => Array
                                (
                                    [0] => _parent_id
                                    [1] => _status
                                    [2] => _currency
                                    [3] => _version
                                    [4] => _prices_include_tax
                                    [5] => _date_created
                                    [6] => _date_modified
                                    [7] => _discount_total
                                    [8] => _discount_tax
                                    [9] => _shipping_total
                                    [10] => _shipping_tax
                                    [11] => _cart_tax
                                    [12] => _total
                                    [13] => _total_tax
                                    [14] => _customer_id
                                    [15] => _order_key
                                    [16] => _billing
                                    [17] => _shipping
                                    [18] => _payment_method
                                    [19] => _payment_method_title
                                    [20] => _transaction_id
                                    [21] => _customer_ip_address
                                    [22] => _customer_user_agent
                                    [23] => _created_via
                                    [24] => _customer_note
                                    [25] => _date_completed
                                    [26] => _date_paid
                                    [27] => _cart_hash
                                    [28] => _customer_user
                                    [29] => _order_key
                                    [30] => _order_currency
                                    [31] => _billing_first_name
                                    [32] => _billing_last_name
                                    [33] => _billing_company
                                    [34] => _billing_address_1
                                    [35] => _billing_address_2
                                    [36] => _billing_city
                                    [37] => _billing_state
                                    [38] => _billing_postcode
                                    [39] => _billing_country
                                    [40] => _billing_email
                                    [41] => _billing_phone
                                    [42] => _shipping_first_name
                                    [43] => _shipping_last_name
                                    [44] => _shipping_company
                                    [45] => _shipping_address_1
                                    [46] => _shipping_address_2
                                    [47] => _shipping_city
                                    [48] => _shipping_state
                                    [49] => _shipping_postcode
                                    [50] => _shipping_country
                                    [51] => _completed_date
                                    [52] => _paid_date
                                    [53] => _edit_lock
                                    [54] => _edit_last
                                    [55] => _cart_discount
                                    [56] => _cart_discount_tax
                                    [57] => _order_shipping
                                    [58] => _order_shipping_tax
                                    [59] => _order_tax
                                    [60] => _order_total
                                    [61] => _payment_method
                                    [62] => _payment_method_title
                                    [63] => _transaction_id
                                    [64] => _customer_ip_address
                                    [65] => _customer_user_agent
                                    [66] => _created_via
                                    [67] => _order_version
                                    [68] => _prices_include_tax
                                    [69] => _date_completed
                                    [70] => _date_paid
                                    [71] => _payment_tokens
                                    [72] => _billing_address_index
                                    [73] => _shipping_address_index
                                    [74] => _recorded_sales
                                    [75] => _recorded_coupon_usage_counts
                                    [76] => _download_permissions_granted
                                    [77] => _order_stock_reduced
                                )

                            [meta_type:protected] => post
                            [object_id_field_for_meta:protected] => 
                            [must_exist_meta_keys:protected] => Array
                                (
                                )

                        )

                    [stores:WC_Data_Store:private] => Array
                        (
                            [coupon] => WC_Coupon_Data_Store_CPT
                            [customer] => WC_Customer_Data_Store
                            [customer-download] => WC_Customer_Download_Data_Store
                            [customer-download-log] => WC_Customer_Download_Log_Data_Store
                            [customer-session] => WC_Customer_Data_Store_Session
                            [order] => WC_Order_Data_Store_CPT
                            [order-refund] => WC_Order_Refund_Data_Store_CPT
                            [order-item] => WC_Order_Item_Data_Store
                            [order-item-coupon] => WC_Order_Item_Coupon_Data_Store
                            [order-item-fee] => WC_Order_Item_Fee_Data_Store
                            [order-item-product] => WC_Order_Item_Product_Data_Store
                            [order-item-shipping] => WC_Order_Item_Shipping_Data_Store
                            [order-item-tax] => WC_Order_Item_Tax_Data_Store
                            [payment-token] => WC_Payment_Token_Data_Store
                            [product] => WC_Product_Data_Store_CPT
                            [product-grouped] => WC_Product_Grouped_Data_Store_CPT
                            [product-variable] => WC_Product_Variable_Data_Store_CPT
                            [product-variation] => WC_Product_Variation_Data_Store_CPT
                            [shipping-zone] => WC_Shipping_Zone_Data_Store
                            [webhook] => WC_Webhook_Data_Store
                            [subscription] => WCS_Subscription_Data_Store_CPT
                            [product-variable-subscription] => WCS_Product_Variable_Data_Store_CPT
                            [product-subscription_variation] => WC_Product_Variation_Data_Store_CPT
                            [order-item-line_item_pending_switch] => WC_Order_Item_Product_Data_Store
                            [report-revenue-stats] => WC_Admin_Reports_Orders_Stats_Data_Store
                            [report-orders] => WC_Admin_Reports_Orders_Data_Store
                            [report-orders-stats] => WC_Admin_Reports_Orders_Stats_Data_Store
                            [report-products] => WC_Admin_Reports_Products_Data_Store
                            [report-variations] => WC_Admin_Reports_Variations_Data_Store
                            [report-products-stats] => WC_Admin_Reports_Products_Stats_Data_Store
                            [report-categories] => WC_Admin_Reports_Categories_Data_Store
                            [report-taxes] => WC_Admin_Reports_Taxes_Data_Store
                            [report-taxes-stats] => WC_Admin_Reports_Taxes_Stats_Data_Store
                            [report-coupons] => WC_Admin_Reports_Coupons_Data_Store
                            [report-coupons-stats] => WC_Admin_Reports_Coupons_Stats_Data_Store
                            [report-downloads] => WC_Admin_Reports_Downloads_Data_Store
                            [report-downloads-stats] => WC_Admin_Reports_Downloads_Stats_Data_Store
                            [admin-note] => WC_Admin_Notes_Data_Store
                            [report-customers] => WC_Admin_Reports_Customers_Data_Store
                            [report-customers-stats] => WC_Admin_Reports_Customers_Stats_Data_Store
                            [report-stock-stats] => WC_Admin_Reports_Stock_Stats_Data_Store
                        )

                    [current_class_name:WC_Data_Store:private] => WC_Order_Data_Store_CPT
                    [object_type:WC_Data_Store:private] => order
                )

            [meta_data:protected] => Array
                (
                    [0] => WC_Meta_Data Object
                        (
                            [current_data:protected] => Array
                                (
                                    [id] => 35099
                                    [key] => is_vat_exempt
                                    [value] => no
                                )

                            [data:protected] => Array
                                (
                                    [id] => 35099
                                    [key] => is_vat_exempt
                                    [value] => no
                                )

                        )

                    [1] => WC_Meta_Data Object
                        (
                            [current_data:protected] => Array
                                (
                                    [id] => 35100
                                    [key] => _subscription_switch_data
                                    [value] => Array
                                        (
                                        )

                                )

                            [data:protected] => Array
                                (
                                    [id] => 35100
                                    [key] => _subscription_switch_data
                                    [value] => Array
                                        (
                                        )

                                )

                        )

                )

        )

)

09-10-2019 @ 11:24:22 - failed; DECLINED
