10-24-2020 @ 20:35:04 - Array
(
    [return url] => https://www.hotshot.nz/wc-api/WC_Gateway_Payment_Express_Hybrid/
)

10-24-2020 @ 20:35:04 - ========= initiating transaction request
10-24-2020 @ 20:35:04 - test or live account, invoice ref: hotshot.co.nz - Order # 280258, transaction: ID5f93d9284e77a-280258, amount: 204.00, billingID: 001603524904-756
10-24-2020 @ 20:35:04 - success URL: https://www.hotshot.nz/wc-api/WC_Gateway_Payment_Express_Hybrid/
10-24-2020 @ 20:35:04 - failure URL: https://www.hotshot.nz/wc-api/WC_Gateway_Payment_Express_Hybrid/
10-24-2020 @ 20:35:04 - Array
(
    [access_userid] => HotShotBroadbandPx
    [access_key] => d6c058c87cc26ea56a481537c248cdea9a9ce41293c144dd666c18abd6ab2917
    [access_url] => https://sec.windcave.com/pxaccess/pxpay.aspx
)

10-24-2020 @ 20:35:04 - https://sec.windcave.com/pxmi3/F6A523625A20A94AC084A4D497C6A8D8B75781F183E31A46A9642396EDBF1FD01D7BD324DD51FB559C58A1B6DB5A9A004
10-24-2020 @ 20:35:04 - Array
(
    [dps url] => https://sec.windcave.com/pxmi3/F6A523625A20A94AC084A4D497C6A8D8B75781F183E31A46A9642396EDBF1FD01D7BD324DD51FB559C58A1B6DB5A9A004
    [ajax img_loader] => https://www.hotshot.nz/wp-content/plugins/woocommerce-gateway-payment-express-hybrid/images/ajax-loader.gif
)

