06-05-2020 @ 10:35:08 - Array
(
    [return url] => https://www.hotshot.nz/wc-api/WC_Gateway_Payment_Express_Hybrid/
)

06-05-2020 @ 10:35:08 - ========= initiating transaction request
06-05-2020 @ 10:35:08 - test or live account, invoice ref: hotshot.co.nz - Order # 31091, transaction: ID5ed9771c38885-31091, amount: 208.40, billingID: 001591310108-433
06-05-2020 @ 10:35:08 - success URL: https://www.hotshot.nz/wc-api/WC_Gateway_Payment_Express_Hybrid/
06-05-2020 @ 10:35:08 - failure URL: https://www.hotshot.nz/wc-api/WC_Gateway_Payment_Express_Hybrid/
06-05-2020 @ 10:35:08 - Array
(
    [access_userid] => HotShotBroadbandPx
    [access_key] => d6c058c87cc26ea56a481537c248cdea9a9ce41293c144dd666c18abd6ab2917
    [access_url] => https://sec.windcave.com/pxaccess/pxpay.aspx
)

06-05-2020 @ 10:35:08 - https://sec.windcave.com/pxmi3/EF4054F622D6C4C1B6CE9F28D0D3D765B50132D04F1802C6320D43519B461B8BAF7700E0565840C22
06-05-2020 @ 10:35:08 - Array
(
    [dps url] => https://sec.windcave.com/pxmi3/EF4054F622D6C4C1B6CE9F28D0D3D765B50132D04F1802C6320D43519B461B8BAF7700E0565840C22
    [ajax img_loader] => https://www.hotshot.nz/wp-content/plugins/woocommerce-gateway-payment-express-hybrid/images/ajax-loader.gif
)

