09-07-2020 @ 10:42:46 - Array
(
    [return url] => https://www.hotshot.nz/wc-api/WC_Gateway_Payment_Express_Hybrid/
)

09-07-2020 @ 10:42:46 - ========= initiating transaction request
09-07-2020 @ 10:42:46 - test or live account, invoice ref: hotshot.co.nz - Order # 199829, transaction: ID5f5565e6bf935-199829, amount: 208.40, billingID: 001599432166-626
09-07-2020 @ 10:42:46 - success URL: https://www.hotshot.nz/wc-api/WC_Gateway_Payment_Express_Hybrid/
09-07-2020 @ 10:42:46 - failure URL: https://www.hotshot.nz/wc-api/WC_Gateway_Payment_Express_Hybrid/
09-07-2020 @ 10:42:46 - Array
(
    [access_userid] => HotShotBroadbandPx
    [access_key] => d6c058c87cc26ea56a481537c248cdea9a9ce41293c144dd666c18abd6ab2917
    [access_url] => https://sec.windcave.com/pxaccess/pxpay.aspx
)

09-07-2020 @ 10:42:47 - https://sec.windcave.com/pxmi3/EF4054F622D6C4C1B525B61E7A3399600CBAF90453614B35B77D14770EE4BEB1D088C673F275B2909
09-07-2020 @ 10:42:47 - Array
(
    [dps url] => https://sec.windcave.com/pxmi3/EF4054F622D6C4C1B525B61E7A3399600CBAF90453614B35B77D14770EE4BEB1D088C673F275B2909
    [ajax img_loader] => https://www.hotshot.nz/wp-content/plugins/woocommerce-gateway-payment-express-hybrid/images/ajax-loader.gif
)

