06-21-2020 @ 17:41:09 - Array
(
    [return url] => https://www.hotshot.nz/wc-api/WC_Gateway_Payment_Express_Hybrid/
)

06-21-2020 @ 17:41:09 - ========= initiating transaction request
06-21-2020 @ 17:41:09 - test or live account, invoice ref: hotshot.co.nz - Order # 51526, transaction: ID5eeef2f5ed0a7-51526, amount: 99.40, billingID: 001592718069-463
06-21-2020 @ 17:41:09 - success URL: https://www.hotshot.nz/wc-api/WC_Gateway_Payment_Express_Hybrid/
06-21-2020 @ 17:41:09 - failure URL: https://www.hotshot.nz/wc-api/WC_Gateway_Payment_Express_Hybrid/
06-21-2020 @ 17:41:09 - Array
(
    [access_userid] => HotShotBroadbandPx
    [access_key] => d6c058c87cc26ea56a481537c248cdea9a9ce41293c144dd666c18abd6ab2917
    [access_url] => https://sec.windcave.com/pxaccess/pxpay.aspx
)

06-21-2020 @ 17:41:10 - https://sec.windcave.com/pxmi3/EF4054F622D6C4C1B9B23D10DFF8D0E3D4B14A835BCCC72475F9E8CEF7B4F05093758972F9F8BB829
06-21-2020 @ 17:41:10 - Array
(
    [dps url] => https://sec.windcave.com/pxmi3/EF4054F622D6C4C1B9B23D10DFF8D0E3D4B14A835BCCC72475F9E8CEF7B4F05093758972F9F8BB829
    [ajax img_loader] => https://www.hotshot.nz/wp-content/plugins/woocommerce-gateway-payment-express-hybrid/images/ajax-loader.gif
)

06-22-2020 @ 00:05:55 - Array
(
    [return url] => https://www.hotshot.nz/wc-api/WC_Gateway_Payment_Express_Hybrid/
)

06-22-2020 @ 00:05:55 - ========= initiating transaction request
06-22-2020 @ 00:05:55 - test or live account, invoice ref: hotshot.co.nz - Order # 51855, transaction: ID5eef4d231a397-51855, amount: 99.40, billingID: 001592741155-464
06-22-2020 @ 00:05:55 - success URL: https://www.hotshot.nz/wc-api/WC_Gateway_Payment_Express_Hybrid/
06-22-2020 @ 00:05:55 - failure URL: https://www.hotshot.nz/wc-api/WC_Gateway_Payment_Express_Hybrid/
06-22-2020 @ 00:05:55 - Array
(
    [access_userid] => HotShotBroadbandPx
    [access_key] => d6c058c87cc26ea56a481537c248cdea9a9ce41293c144dd666c18abd6ab2917
    [access_url] => https://sec.windcave.com/pxaccess/pxpay.aspx
)

06-22-2020 @ 00:05:55 - https://sec.windcave.com/pxmi3/EF4054F622D6C4C1B5C2DCF78CB460031F458A88147C7551A4AC2BB4649276774069E1454EB5CAD1B
06-22-2020 @ 00:05:55 - Array
(
    [dps url] => https://sec.windcave.com/pxmi3/EF4054F622D6C4C1B5C2DCF78CB460031F458A88147C7551A4AC2BB4649276774069E1454EB5CAD1B
    [ajax img_loader] => https://www.hotshot.nz/wp-content/plugins/woocommerce-gateway-payment-express-hybrid/images/ajax-loader.gif
)

