08-28-2020 @ 18:40:43 - Array
(
    [return url] => https://www.hotshot.nz/wc-api/WC_Gateway_Payment_Express_Hybrid/
)

08-28-2020 @ 18:40:43 - ========= initiating transaction request
08-28-2020 @ 18:40:43 - test or live account, invoice ref: hotshot.co.nz - Order # 185118, transaction: ID5f48a6eb72c2b-185118, amount: 208.40, billingID: 001598596843-608
08-28-2020 @ 18:40:43 - success URL: https://www.hotshot.nz/wc-api/WC_Gateway_Payment_Express_Hybrid/
08-28-2020 @ 18:40:43 - failure URL: https://www.hotshot.nz/wc-api/WC_Gateway_Payment_Express_Hybrid/
08-28-2020 @ 18:40:43 - Array
(
    [access_userid] => HotShotBroadbandPx
    [access_key] => d6c058c87cc26ea56a481537c248cdea9a9ce41293c144dd666c18abd6ab2917
    [access_url] => https://sec.windcave.com/pxaccess/pxpay.aspx
)

08-28-2020 @ 18:40:43 - https://sec.windcave.com/pxmi3/EF4054F622D6C4C1BAD4ADFAF9BA9397F2DBFC30158891F7B8F947C89908773A757434416BD1DA6E6
08-28-2020 @ 18:40:43 - Array
(
    [dps url] => https://sec.windcave.com/pxmi3/EF4054F622D6C4C1BAD4ADFAF9BA9397F2DBFC30158891F7B8F947C89908773A757434416BD1DA6E6
    [ajax img_loader] => https://www.hotshot.nz/wp-content/plugins/woocommerce-gateway-payment-express-hybrid/images/ajax-loader.gif
)

08-28-2020 @ 18:40:54 - ====== callback function has been accessed
08-28-2020 @ 18:40:54 - Array
(
    [enc_hex] => 000008001692010508b1cc2058902c3b
)

08-28-2020 @ 18:40:54 - Array
(
    [resultReq->result] => 000008001692010508b1cc2058902c3b
    [enc_hex] => 000008001692010508b1cc2058902c3b
)

08-28-2020 @ 18:40:54 - ========= requesting transaction result
08-28-2020 @ 18:40:54 - Array
(
    [response] => DpsPxPayResultResponse Object
        (
            [isValid] => 1
            [success] => 
            [amount] => 208.4
            [authCode] => 
            [cardHoldersName] => User Cancelled
            [cardName] => 
            [cardNumber] => 000000......0000
            [cardExpiryMonth] => 08
            [cardExpiryYear] => 20
            [txnRef] => 000000080b5fc511
            [statusText] => DECLINED
            [recurringID] => 
            [currencySettlement] => NZD
            [currencyInput] => NZD
            [option1] => Order number : 185118
            [option2] => Emi Otto viggo
            [option3] => emiotto23@gmail.com
            [txnType] => Purchase
            [invoiceReference] => hotshot.co.nz - Order # 185118
            [clientIP] => 49.224.122.124
            [transactionNumber] => ID5f48a6eb72c2b-
            [emailAddress] => emiotto23@gmail.com
            [billingID] => 001598596843-608
            [txnMac] => 
            [cardNumber2] => 
            [cvc2ResultCode] => NotUsed
        )

    [orderId] => Array
        (
            [0] => Order number 
            [1] =>  185118
        )

    [order] => WC_Order Object
        (
            [status_transition:protected] => 
            [data:protected] => Array
                (
                    [parent_id] => 0
                    [status] => pending
                    [currency] => NZD
                    [version] => 3.6.4
                    [prices_include_tax] => 
                    [date_created] => WC_DateTime Object
                        (
                            [utc_offset:protected] => 0
                            [date] => 2020-08-28 18:40:41.000000
                            [timezone_type] => 3
                            [timezone] => Pacific/Auckland
                        )

                    [date_modified] => WC_DateTime Object
                        (
                            [utc_offset:protected] => 0
                            [date] => 2020-08-28 18:40:41.000000
                            [timezone_type] => 3
                            [timezone] => Pacific/Auckland
                        )

                    [discount_total] => 0
                    [discount_tax] => 0
                    [shipping_total] => 10.00
                    [shipping_tax] => 0
                    [cart_tax] => 0
                    [total] => 208.40
                    [total_tax] => 0
                    [customer_id] => 608
                    [order_key] => wc_order_szNv7hJ7DnfEC
                    [billing] => Array
                        (
                            [first_name] => Emi
                            [last_name] => Otto viggo
                            [company] => 
                            [address_1] => Flat 1
                            [address_2] => Linwood
                            [city] => Christchurch
                            [state] => 
                            [postcode] => 8011
                            [country] => NZ
                            [email] => emiotto23@gmail.com
                            [phone] => 02102471511
                        )

                    [shipping] => Array
                        (
                            [first_name] => Emi
                            [last_name] => Otto viggo
                            [company] => 
                            [address_1] => Flat 1
                            [address_2] => Linwood
                            [city] => Christchurch
                            [state] => 
                            [postcode] => 8011
                            [country] => NZ
                        )

                    [payment_method] => payment_express_hybrid
                    [payment_method_title] => Payment Express
                    [transaction_id] => 
                    [customer_ip_address] => 49.224.122.124
                    [customer_user_agent] => Mozilla/5.0 (Linux; Android 10; SM-A105G) AppleWebKit/537.36 (KHTML, like Gecko) Chrome/84.0.4147.125 Mobile Safari/537.36
                    [created_via] => checkout
                    [customer_note] => 
                    [date_completed] => 
                    [date_paid] => 
                    [cart_hash] => 7608bcb426da391da7bfdd24adcaf630
                )

            [items:protected] => Array
                (
                )

            [items_to_delete:protected] => Array
                (
                )

            [cache_group:protected] => orders
            [data_store_name:protected] => order
            [object_type:protected] => order
            [id:protected] => 185118
            [changes:protected] => Array
                (
                )

            [object_read:protected] => 1
            [extra_data:protected] => Array
                (
                )

            [default_data:protected] => Array
                (
                    [parent_id] => 0
                    [status] => 
                    [currency] => 
                    [version] => 
                    [prices_include_tax] => 
                    [date_created] => 
                    [date_modified] => 
                    [discount_total] => 0
                    [discount_tax] => 0
                    [shipping_total] => 0
                    [shipping_tax] => 0
                    [cart_tax] => 0
                    [total] => 0
                    [total_tax] => 0
                    [customer_id] => 0
                    [order_key] => 
                    [billing] => Array
                        (
                            [first_name] => 
                            [last_name] => 
                            [company] => 
                            [address_1] => 
                            [address_2] => 
                            [city] => 
                            [state] => 
                            [postcode] => 
                            [country] => 
                            [email] => 
                            [phone] => 
                        )

                    [shipping] => Array
                        (
                            [first_name] => 
                            [last_name] => 
                            [company] => 
                            [address_1] => 
                            [address_2] => 
                            [city] => 
                            [state] => 
                            [postcode] => 
                            [country] => 
                        )

                    [payment_method] => 
                    [payment_method_title] => 
                    [transaction_id] => 
                    [customer_ip_address] => 
                    [customer_user_agent] => 
                    [created_via] => 
                    [customer_note] => 
                    [date_completed] => 
                    [date_paid] => 
                    [cart_hash] => 
                )

            [data_store:protected] => WC_Data_Store Object
                (
                    [instance:WC_Data_Store:private] => WC_Order_Data_Store_CPT Object
                        (
                            [internal_meta_keys:protected] => Array
                                (
                                    [0] => _customer_user
                                    [1] => _order_key
                                    [2] => _order_currency
                                    [3] => _billing_first_name
                                    [4] => _billing_last_name
                                    [5] => _billing_company
                                    [6] => _billing_address_1
                                    [7] => _billing_address_2
                                    [8] => _billing_city
                                    [9] => _billing_state
                                    [10] => _billing_postcode
                                    [11] => _billing_country
                                    [12] => _billing_email
                                    [13] => _billing_phone
                                    [14] => _shipping_first_name
                                    [15] => _shipping_last_name
                                    [16] => _shipping_company
                                    [17] => _shipping_address_1
                                    [18] => _shipping_address_2
                                    [19] => _shipping_city
                                    [20] => _shipping_state
                                    [21] => _shipping_postcode
                                    [22] => _shipping_country
                                    [23] => _completed_date
                                    [24] => _paid_date
                                    [25] => _edit_lock
                                    [26] => _edit_last
                                    [27] => _cart_discount
                                    [28] => _cart_discount_tax
                                    [29] => _order_shipping
                                    [30] => _order_shipping_tax
                                    [31] => _order_tax
                                    [32] => _order_total
                                    [33] => _payment_method
                                    [34] => _payment_method_title
                                    [35] => _transaction_id
                                    [36] => _customer_ip_address
                                    [37] => _customer_user_agent
                                    [38] => _created_via
                                    [39] => _order_version
                                    [40] => _prices_include_tax
                                    [41] => _date_completed
                                    [42] => _date_paid
                                    [43] => _payment_tokens
                                    [44] => _billing_address_index
                                    [45] => _shipping_address_index
                                    [46] => _recorded_sales
                                    [47] => _recorded_coupon_usage_counts
                                    [48] => _download_permissions_granted
                                    [49] => _order_stock_reduced
                                )

                            [meta_type:protected] => post
                            [object_id_field_for_meta:protected] => 
                            [must_exist_meta_keys:protected] => Array
                                (
                                )

                        )

                    [stores:WC_Data_Store:private] => Array
                        (
                            [coupon] => WC_Coupon_Data_Store_CPT
                            [customer] => WC_Customer_Data_Store
                            [customer-download] => WC_Customer_Download_Data_Store
                            [customer-download-log] => WC_Customer_Download_Log_Data_Store
                            [customer-session] => WC_Customer_Data_Store_Session
                            [order] => WC_Order_Data_Store_CPT
                            [order-refund] => WC_Order_Refund_Data_Store_CPT
                            [order-item] => WC_Order_Item_Data_Store
                            [order-item-coupon] => WC_Order_Item_Coupon_Data_Store
                            [order-item-fee] => WC_Order_Item_Fee_Data_Store
                            [order-item-product] => WC_Order_Item_Product_Data_Store
                            [order-item-shipping] => WC_Order_Item_Shipping_Data_Store
                            [order-item-tax] => WC_Order_Item_Tax_Data_Store
                            [payment-token] => WC_Payment_Token_Data_Store
                            [product] => WC_Product_Data_Store_CPT
                            [product-grouped] => WC_Product_Grouped_Data_Store_CPT
                            [product-variable] => WC_Product_Variable_Data_Store_CPT
                            [product-variation] => WC_Product_Variation_Data_Store_CPT
                            [shipping-zone] => WC_Shipping_Zone_Data_Store
                            [webhook] => WC_Webhook_Data_Store
                            [subscription] => WCS_Subscription_Data_Store_CPT
                            [product-variable-subscription] => WCS_Product_Variable_Data_Store_CPT
                            [product-subscription_variation] => WC_Product_Variation_Data_Store_CPT
                            [order-item-line_item_pending_switch] => WC_Order_Item_Product_Data_Store
                            [report-revenue-stats] => WC_Admin_Reports_Orders_Stats_Data_Store
                            [report-orders] => WC_Admin_Reports_Orders_Data_Store
                            [report-orders-stats] => WC_Admin_Reports_Orders_Stats_Data_Store
                            [report-products] => WC_Admin_Reports_Products_Data_Store
                            [report-variations] => WC_Admin_Reports_Variations_Data_Store
                            [report-products-stats] => WC_Admin_Reports_Products_Stats_Data_Store
                            [report-categories] => WC_Admin_Reports_Categories_Data_Store
                            [report-taxes] => WC_Admin_Reports_Taxes_Data_Store
                            [report-taxes-stats] => WC_Admin_Reports_Taxes_Stats_Data_Store
                            [report-coupons] => WC_Admin_Reports_Coupons_Data_Store
                            [report-coupons-stats] => WC_Admin_Reports_Coupons_Stats_Data_Store
                            [report-downloads] => WC_Admin_Reports_Downloads_Data_Store
                            [report-downloads-stats] => WC_Admin_Reports_Downloads_Stats_Data_Store
                            [admin-note] => WC_Admin_Notes_Data_Store
                            [report-customers] => WC_Admin_Reports_Customers_Data_Store
                            [report-customers-stats] => WC_Admin_Reports_Customers_Stats_Data_Store
                            [report-stock-stats] => WC_Admin_Reports_Stock_Stats_Data_Store
                        )

                    [current_class_name:WC_Data_Store:private] => WC_Order_Data_Store_CPT
                    [object_type:WC_Data_Store:private] => order
                )

            [meta_data:protected] => Array
                (
                    [0] => WC_Meta_Data Object
                        (
                            [current_data:protected] => Array
                                (
                                    [id] => 497244
                                    [key] => mailchimp_woocommerce_campaign_id
                                    [value] => 
                                )

                            [data:protected] => Array
                                (
                                    [id] => 497244
                                    [key] => mailchimp_woocommerce_campaign_id
                                    [value] => 
                                )

                        )

                    [1] => WC_Meta_Data Object
                        (
                            [current_data:protected] => Array
                                (
                                    [id] => 497245
                                    [key] => mailchimp_woocommerce_landing_site
                                    [value] => https://www.hotshot.nz/?gclid=EAIaIQobChMI59rAyuK86wIV1qiWCh3QPgrDEAAYBCAAEgL1K_D_BwE
                                )

                            [data:protected] => Array
                                (
                                    [id] => 497245
                                    [key] => mailchimp_woocommerce_landing_site
                                    [value] => https://www.hotshot.nz/?gclid=EAIaIQobChMI59rAyuK86wIV1qiWCh3QPgrDEAAYBCAAEgL1K_D_BwE
                                )

                        )

                    [2] => WC_Meta_Data Object
                        (
                            [current_data:protected] => Array
                                (
                                    [id] => 497283
                                    [key] => is_vat_exempt
                                    [value] => no
                                )

                            [data:protected] => Array
                                (
                                    [id] => 497283
                                    [key] => is_vat_exempt
                                    [value] => no
                                )

                        )

                    [3] => WC_Meta_Data Object
                        (
                            [current_data:protected] => Array
                                (
                                    [id] => 497284
                                    [key] => mailchimp_woocommerce_is_subscribed
                                    [value] => 1
                                )

                            [data:protected] => Array
                                (
                                    [id] => 497284
                                    [key] => mailchimp_woocommerce_is_subscribed
                                    [value] => 1
                                )

                        )

                    [4] => WC_Meta_Data Object
                        (
                            [current_data:protected] => Array
                                (
                                    [id] => 497285
                                    [key] => _subscription_switch_data
                                    [value] => Array
                                        (
                                        )

                                )

                            [data:protected] => Array
                                (
                                    [id] => 497285
                                    [key] => _subscription_switch_data
                                    [value] => Array
                                        (
                                        )

                                )

                        )

                )

        )

)

08-28-2020 @ 18:40:54 - failed; DECLINED
08-28-2020 @ 18:40:54 - ====== callback function has been accessed
08-28-2020 @ 18:40:54 - Array
(
    [enc_hex] => 000008001692010508b1cc2058902c3b
)

08-28-2020 @ 18:40:54 - Array
(
    [resultReq->result] => 000008001692010508b1cc2058902c3b
    [enc_hex] => 000008001692010508b1cc2058902c3b
)

08-28-2020 @ 18:40:54 - ========= requesting transaction result
08-28-2020 @ 18:40:54 - Array
(
    [response] => DpsPxPayResultResponse Object
        (
            [isValid] => 1
            [success] => 
            [amount] => 208.4
            [authCode] => 
            [cardHoldersName] => User Cancelled
            [cardName] => 
            [cardNumber] => 000000......0000
            [cardExpiryMonth] => 08
            [cardExpiryYear] => 20
            [txnRef] => 000000080b5fc511
            [statusText] => DECLINED
            [recurringID] => 
            [currencySettlement] => NZD
            [currencyInput] => NZD
            [option1] => Order number : 185118
            [option2] => Emi Otto viggo
            [option3] => emiotto23@gmail.com
            [txnType] => Purchase
            [invoiceReference] => hotshot.co.nz - Order # 185118
            [clientIP] => 49.224.122.124
            [transactionNumber] => ID5f48a6eb72c2b-
            [emailAddress] => emiotto23@gmail.com
            [billingID] => 001598596843-608
            [txnMac] => 
            [cardNumber2] => 
            [cvc2ResultCode] => NotUsed
        )

    [orderId] => Array
        (
            [0] => Order number 
            [1] =>  185118
        )

    [order] => WC_Order Object
        (
            [status_transition:protected] => 
            [data:protected] => Array
                (
                    [parent_id] => 0
                    [status] => failed
                    [currency] => NZD
                    [version] => 3.6.4
                    [prices_include_tax] => 
                    [date_created] => WC_DateTime Object
                        (
                            [utc_offset:protected] => 0
                            [date] => 2020-08-28 18:40:41.000000
                            [timezone_type] => 3
                            [timezone] => Pacific/Auckland
                        )

                    [date_modified] => WC_DateTime Object
                        (
                            [utc_offset:protected] => 0
                            [date] => 2020-08-28 18:40:54.000000
                            [timezone_type] => 3
                            [timezone] => Pacific/Auckland
                        )

                    [discount_total] => 0
                    [discount_tax] => 0
                    [shipping_total] => 10.00
                    [shipping_tax] => 0
                    [cart_tax] => 0
                    [total] => 208.40
                    [total_tax] => 0
                    [customer_id] => 608
                    [order_key] => wc_order_szNv7hJ7DnfEC
                    [billing] => Array
                        (
                            [first_name] => Emi
                            [last_name] => Otto viggo
                            [company] => 
                            [address_1] => Flat 1
                            [address_2] => Linwood
                            [city] => Christchurch
                            [state] => 
                            [postcode] => 8011
                            [country] => NZ
                            [email] => emiotto23@gmail.com
                            [phone] => 02102471511
                        )

                    [shipping] => Array
                        (
                            [first_name] => Emi
                            [last_name] => Otto viggo
                            [company] => 
                            [address_1] => Flat 1
                            [address_2] => Linwood
                            [city] => Christchurch
                            [state] => 
                            [postcode] => 8011
                            [country] => NZ
                        )

                    [payment_method] => payment_express_hybrid
                    [payment_method_title] => Payment Express
                    [transaction_id] => 
                    [customer_ip_address] => 49.224.122.124
                    [customer_user_agent] => Mozilla/5.0 (Linux; Android 10; SM-A105G) AppleWebKit/537.36 (KHTML, like Gecko) Chrome/84.0.4147.125 Mobile Safari/537.36
                    [created_via] => checkout
                    [customer_note] => 
                    [date_completed] => 
                    [date_paid] => 
                    [cart_hash] => 7608bcb426da391da7bfdd24adcaf630
                )

            [items:protected] => Array
                (
                )

            [items_to_delete:protected] => Array
                (
                )

            [cache_group:protected] => orders
            [data_store_name:protected] => order
            [object_type:protected] => order
            [id:protected] => 185118
            [changes:protected] => Array
                (
                )

            [object_read:protected] => 1
            [extra_data:protected] => Array
                (
                )

            [default_data:protected] => Array
                (
                    [parent_id] => 0
                    [status] => 
                    [currency] => 
                    [version] => 
                    [prices_include_tax] => 
                    [date_created] => 
                    [date_modified] => 
                    [discount_total] => 0
                    [discount_tax] => 0
                    [shipping_total] => 0
                    [shipping_tax] => 0
                    [cart_tax] => 0
                    [total] => 0
                    [total_tax] => 0
                    [customer_id] => 0
                    [order_key] => 
                    [billing] => Array
                        (
                            [first_name] => 
                            [last_name] => 
                            [company] => 
                            [address_1] => 
                            [address_2] => 
                            [city] => 
                            [state] => 
                            [postcode] => 
                            [country] => 
                            [email] => 
                            [phone] => 
                        )

                    [shipping] => Array
                        (
                            [first_name] => 
                            [last_name] => 
                            [company] => 
                            [address_1] => 
                            [address_2] => 
                            [city] => 
                            [state] => 
                            [postcode] => 
                            [country] => 
                        )

                    [payment_method] => 
                    [payment_method_title] => 
                    [transaction_id] => 
                    [customer_ip_address] => 
                    [customer_user_agent] => 
                    [created_via] => 
                    [customer_note] => 
                    [date_completed] => 
                    [date_paid] => 
                    [cart_hash] => 
                )

            [data_store:protected] => WC_Data_Store Object
                (
                    [instance:WC_Data_Store:private] => WC_Order_Data_Store_CPT Object
                        (
                            [internal_meta_keys:protected] => Array
                                (
                                    [0] => _parent_id
                                    [1] => _status
                                    [2] => _currency
                                    [3] => _version
                                    [4] => _prices_include_tax
                                    [5] => _date_created
                                    [6] => _date_modified
                                    [7] => _discount_total
                                    [8] => _discount_tax
                                    [9] => _shipping_total
                                    [10] => _shipping_tax
                                    [11] => _cart_tax
                                    [12] => _total
                                    [13] => _total_tax
                                    [14] => _customer_id
                                    [15] => _order_key
                                    [16] => _billing
                                    [17] => _shipping
                                    [18] => _payment_method
                                    [19] => _payment_method_title
                                    [20] => _transaction_id
                                    [21] => _customer_ip_address
                                    [22] => _customer_user_agent
                                    [23] => _created_via
                                    [24] => _customer_note
                                    [25] => _date_completed
                                    [26] => _date_paid
                                    [27] => _cart_hash
                                    [28] => _customer_user
                                    [29] => _order_key
                                    [30] => _order_currency
                                    [31] => _billing_first_name
                                    [32] => _billing_last_name
                                    [33] => _billing_company
                                    [34] => _billing_address_1
                                    [35] => _billing_address_2
                                    [36] => _billing_city
                                    [37] => _billing_state
                                    [38] => _billing_postcode
                                    [39] => _billing_country
                                    [40] => _billing_email
                                    [41] => _billing_phone
                                    [42] => _shipping_first_name
                                    [43] => _shipping_last_name
                                    [44] => _shipping_company
                                    [45] => _shipping_address_1
                                    [46] => _shipping_address_2
                                    [47] => _shipping_city
                                    [48] => _shipping_state
                                    [49] => _shipping_postcode
                                    [50] => _shipping_country
                                    [51] => _completed_date
                                    [52] => _paid_date
                                    [53] => _edit_lock
                                    [54] => _edit_last
                                    [55] => _cart_discount
                                    [56] => _cart_discount_tax
                                    [57] => _order_shipping
                                    [58] => _order_shipping_tax
                                    [59] => _order_tax
                                    [60] => _order_total
                                    [61] => _payment_method
                                    [62] => _payment_method_title
                                    [63] => _transaction_id
                                    [64] => _customer_ip_address
                                    [65] => _customer_user_agent
                                    [66] => _created_via
                                    [67] => _order_version
                                    [68] => _prices_include_tax
                                    [69] => _date_completed
                                    [70] => _date_paid
                                    [71] => _payment_tokens
                                    [72] => _billing_address_index
                                    [73] => _shipping_address_index
                                    [74] => _recorded_sales
                                    [75] => _recorded_coupon_usage_counts
                                    [76] => _download_permissions_granted
                                    [77] => _order_stock_reduced
                                )

                            [meta_type:protected] => post
                            [object_id_field_for_meta:protected] => 
                            [must_exist_meta_keys:protected] => Array
                                (
                                )

                        )

                    [stores:WC_Data_Store:private] => Array
                        (
                            [coupon] => WC_Coupon_Data_Store_CPT
                            [customer] => WC_Customer_Data_Store
                            [customer-download] => WC_Customer_Download_Data_Store
                            [customer-download-log] => WC_Customer_Download_Log_Data_Store
                            [customer-session] => WC_Customer_Data_Store_Session
                            [order] => WC_Order_Data_Store_CPT
                            [order-refund] => WC_Order_Refund_Data_Store_CPT
                            [order-item] => WC_Order_Item_Data_Store
                            [order-item-coupon] => WC_Order_Item_Coupon_Data_Store
                            [order-item-fee] => WC_Order_Item_Fee_Data_Store
                            [order-item-product] => WC_Order_Item_Product_Data_Store
                            [order-item-shipping] => WC_Order_Item_Shipping_Data_Store
                            [order-item-tax] => WC_Order_Item_Tax_Data_Store
                            [payment-token] => WC_Payment_Token_Data_Store
                            [product] => WC_Product_Data_Store_CPT
                            [product-grouped] => WC_Product_Grouped_Data_Store_CPT
                            [product-variable] => WC_Product_Variable_Data_Store_CPT
                            [product-variation] => WC_Product_Variation_Data_Store_CPT
                            [shipping-zone] => WC_Shipping_Zone_Data_Store
                            [webhook] => WC_Webhook_Data_Store
                            [subscription] => WCS_Subscription_Data_Store_CPT
                            [product-variable-subscription] => WCS_Product_Variable_Data_Store_CPT
                            [product-subscription_variation] => WC_Product_Variation_Data_Store_CPT
                            [order-item-line_item_pending_switch] => WC_Order_Item_Product_Data_Store
                            [report-revenue-stats] => WC_Admin_Reports_Orders_Stats_Data_Store
                            [report-orders] => WC_Admin_Reports_Orders_Data_Store
                            [report-orders-stats] => WC_Admin_Reports_Orders_Stats_Data_Store
                            [report-products] => WC_Admin_Reports_Products_Data_Store
                            [report-variations] => WC_Admin_Reports_Variations_Data_Store
                            [report-products-stats] => WC_Admin_Reports_Products_Stats_Data_Store
                            [report-categories] => WC_Admin_Reports_Categories_Data_Store
                            [report-taxes] => WC_Admin_Reports_Taxes_Data_Store
                            [report-taxes-stats] => WC_Admin_Reports_Taxes_Stats_Data_Store
                            [report-coupons] => WC_Admin_Reports_Coupons_Data_Store
                            [report-coupons-stats] => WC_Admin_Reports_Coupons_Stats_Data_Store
                            [report-downloads] => WC_Admin_Reports_Downloads_Data_Store
                            [report-downloads-stats] => WC_Admin_Reports_Downloads_Stats_Data_Store
                            [admin-note] => WC_Admin_Notes_Data_Store
                            [report-customers] => WC_Admin_Reports_Customers_Data_Store
                            [report-customers-stats] => WC_Admin_Reports_Customers_Stats_Data_Store
                            [report-stock-stats] => WC_Admin_Reports_Stock_Stats_Data_Store
                        )

                    [current_class_name:WC_Data_Store:private] => WC_Order_Data_Store_CPT
                    [object_type:WC_Data_Store:private] => order
                )

            [meta_data:protected] => Array
                (
                    [0] => WC_Meta_Data Object
                        (
                            [current_data:protected] => Array
                                (
                                    [id] => 497244
                                    [key] => mailchimp_woocommerce_campaign_id
                                    [value] => 
                                )

                            [data:protected] => Array
                                (
                                    [id] => 497244
                                    [key] => mailchimp_woocommerce_campaign_id
                                    [value] => 
                                )

                        )

                    [1] => WC_Meta_Data Object
                        (
                            [current_data:protected] => Array
                                (
                                    [id] => 497245
                                    [key] => mailchimp_woocommerce_landing_site
                                    [value] => https://www.hotshot.nz/wc-api/WC_Gateway_Payment_Express_Hybrid/?result=000008001692010508b1cc2058902c3b&userid=HotShotBroadbandPx
                                )

                            [data:protected] => Array
                                (
                                    [id] => 497245
                                    [key] => mailchimp_woocommerce_landing_site
                                    [value] => https://www.hotshot.nz/wc-api/WC_Gateway_Payment_Express_Hybrid/?result=000008001692010508b1cc2058902c3b&userid=HotShotBroadbandPx
                                )

                        )

                    [2] => WC_Meta_Data Object
                        (
                            [current_data:protected] => Array
                                (
                                    [id] => 497283
                                    [key] => is_vat_exempt
                                    [value] => no
                                )

                            [data:protected] => Array
                                (
                                    [id] => 497283
                                    [key] => is_vat_exempt
                                    [value] => no
                                )

                        )

                    [3] => WC_Meta_Data Object
                        (
                            [current_data:protected] => Array
                                (
                                    [id] => 497284
                                    [key] => mailchimp_woocommerce_is_subscribed
                                    [value] => 1
                                )

                            [data:protected] => Array
                                (
                                    [id] => 497284
                                    [key] => mailchimp_woocommerce_is_subscribed
                                    [value] => 1
                                )

                        )

                    [4] => WC_Meta_Data Object
                        (
                            [current_data:protected] => Array
                                (
                                    [id] => 497285
                                    [key] => _subscription_switch_data
                                    [value] => Array
                                        (
                                        )

                                )

                            [data:protected] => Array
                                (
                                    [id] => 497285
                                    [key] => _subscription_switch_data
                                    [value] => Array
                                        (
                                        )

                                )

                        )

                )

        )

)

08-28-2020 @ 18:40:54 - failed; DECLINED
08-29-2020 @ 04:17:37 - Array
(
    [return url] => https://www.hotshot.nz/wc-api/WC_Gateway_Payment_Express_Hybrid/
)

08-29-2020 @ 04:17:37 - ========= initiating transaction request
08-29-2020 @ 04:17:37 - test or live account, invoice ref: hotshot.co.nz - Order # 185548, transaction: ID5f492e2123e5e-185548, amount: 127.30, billingID: 001598631457-609
08-29-2020 @ 04:17:37 - success URL: https://www.hotshot.nz/wc-api/WC_Gateway_Payment_Express_Hybrid/
08-29-2020 @ 04:17:37 - failure URL: https://www.hotshot.nz/wc-api/WC_Gateway_Payment_Express_Hybrid/
08-29-2020 @ 04:17:37 - Array
(
    [access_userid] => HotShotBroadbandPx
    [access_key] => d6c058c87cc26ea56a481537c248cdea9a9ce41293c144dd666c18abd6ab2917
    [access_url] => https://sec.windcave.com/pxaccess/pxpay.aspx
)

08-29-2020 @ 04:17:37 - https://sec.windcave.com/pxmi3/EF4054F622D6C4C1BAD4ADFAF9BA9397F793EA0D5C83614FC4AEF2A69B16201F34A35D695CDC7C91D
08-29-2020 @ 04:17:37 - Array
(
    [dps url] => https://sec.windcave.com/pxmi3/EF4054F622D6C4C1BAD4ADFAF9BA9397F793EA0D5C83614FC4AEF2A69B16201F34A35D695CDC7C91D
    [ajax img_loader] => https://www.hotshot.nz/wp-content/plugins/woocommerce-gateway-payment-express-hybrid/images/ajax-loader.gif
)

08-29-2020 @ 10:00:21 - Array
(
    [return url] => https://www.hotshot.nz/wc-api/WC_Gateway_Payment_Express_Hybrid/
)

08-29-2020 @ 10:00:21 - ========= initiating transaction request
08-29-2020 @ 10:00:21 - test or live account, invoice ref: hotshot.co.nz - Order # 185885, transaction: ID5f497e753d534-185885, amount: 99.40, billingID: 001598652021-610
08-29-2020 @ 10:00:21 - success URL: https://www.hotshot.nz/wc-api/WC_Gateway_Payment_Express_Hybrid/
08-29-2020 @ 10:00:21 - failure URL: https://www.hotshot.nz/wc-api/WC_Gateway_Payment_Express_Hybrid/
08-29-2020 @ 10:00:21 - Array
(
    [access_userid] => HotShotBroadbandPx
    [access_key] => d6c058c87cc26ea56a481537c248cdea9a9ce41293c144dd666c18abd6ab2917
    [access_url] => https://sec.windcave.com/pxaccess/pxpay.aspx
)

08-29-2020 @ 10:00:21 - https://sec.windcave.com/pxmi3/EF4054F622D6C4C1BB3E9689FF7D57B0D7A8FAE31E2E6AA4921AD780701FF33CE64DA606074A9FCED
08-29-2020 @ 10:00:21 - Array
(
    [dps url] => https://sec.windcave.com/pxmi3/EF4054F622D6C4C1BB3E9689FF7D57B0D7A8FAE31E2E6AA4921AD780701FF33CE64DA606074A9FCED
    [ajax img_loader] => https://www.hotshot.nz/wp-content/plugins/woocommerce-gateway-payment-express-hybrid/images/ajax-loader.gif
)

