03-05-2020 @ 11:54:16 - Array
(
    [return url] => https://www.hotshot.nz/wc-api/WC_Gateway_Payment_Express_Hybrid/
)

03-05-2020 @ 11:54:16 - ========= initiating transaction request
03-05-2020 @ 11:54:16 - test or live account, invoice ref: hotshot.co.nz - Order # 20239, transaction: ID5e603198ba8b0-20239, amount: 0.09, billingID: 001583362456-4
03-05-2020 @ 11:54:16 - success URL: https://www.hotshot.nz/wc-api/WC_Gateway_Payment_Express_Hybrid/
03-05-2020 @ 11:54:16 - failure URL: https://www.hotshot.nz/wc-api/WC_Gateway_Payment_Express_Hybrid/
03-05-2020 @ 11:54:16 - Array
(
    [access_userid] => HotShotBroadbandPx
    [access_key] => d6c058c87cc26ea56a481537c248cdea9a9ce41293c144dd666c18abd6ab2917
    [access_url] => https://sec.windcave.com/pxaccess/pxpay.aspx
)

03-05-2020 @ 11:54:17 - https://sec.windcave.com/pxmi3/EF4054F622D6C4C1B27940CF58B1D9A6CB43ED8311B88BDFD2CD1B3DE1761F736DC95997359E424A8
03-05-2020 @ 11:54:17 - Array
(
    [dps url] => https://sec.windcave.com/pxmi3/EF4054F622D6C4C1B27940CF58B1D9A6CB43ED8311B88BDFD2CD1B3DE1761F736DC95997359E424A8
    [ajax img_loader] => https://www.hotshot.nz/wp-content/plugins/woocommerce-gateway-payment-express-hybrid/images/ajax-loader.gif
)

03-05-2020 @ 12:03:34 - Array
(
    [return url] => https://www.hotshot.nz/wc-api/WC_Gateway_Payment_Express_Hybrid/
)

03-05-2020 @ 12:03:34 - ========= initiating transaction request
03-05-2020 @ 12:03:34 - test or live account, invoice ref: hotshot.co.nz - Order # 20242, transaction: ID5e6033c6c28d4-20242, amount: 60.00, billingID: 001583363014-4
03-05-2020 @ 12:03:34 - success URL: https://www.hotshot.nz/wc-api/WC_Gateway_Payment_Express_Hybrid/
03-05-2020 @ 12:03:34 - failure URL: https://www.hotshot.nz/wc-api/WC_Gateway_Payment_Express_Hybrid/
03-05-2020 @ 12:03:34 - Array
(
    [access_userid] => HotShotBroadbandPx
    [access_key] => d6c058c87cc26ea56a481537c248cdea9a9ce41293c144dd666c18abd6ab2917
    [access_url] => https://sec.windcave.com/pxaccess/pxpay.aspx
)

03-05-2020 @ 12:03:34 - https://sec.windcave.com/pxmi3/EF4054F622D6C4C1B27940CF58B1D9A6CBCC1DB8D9A546CEA3A0879EFA173A453EF290CCB69A03A05
03-05-2020 @ 12:03:34 - Array
(
    [dps url] => https://sec.windcave.com/pxmi3/EF4054F622D6C4C1B27940CF58B1D9A6CBCC1DB8D9A546CEA3A0879EFA173A453EF290CCB69A03A05
    [ajax img_loader] => https://www.hotshot.nz/wp-content/plugins/woocommerce-gateway-payment-express-hybrid/images/ajax-loader.gif
)

