01-27-2020 @ 18:01:30 - Array
(
    [return url] => https://www.hotshot.nz/wc-api/WC_Gateway_Payment_Express_Hybrid/
)

01-27-2020 @ 18:01:30 - ========= initiating transaction request
01-27-2020 @ 18:01:30 - test or live account, invoice ref: hotshot.co.nz - Order # 15830, transaction: ID5e2e6eaae3351-15830, amount: 99.40, billingID: 001580101290-186
01-27-2020 @ 18:01:30 - success URL: https://www.hotshot.nz/wc-api/WC_Gateway_Payment_Express_Hybrid/
01-27-2020 @ 18:01:30 - failure URL: https://www.hotshot.nz/wc-api/WC_Gateway_Payment_Express_Hybrid/
01-27-2020 @ 18:01:30 - Array
(
    [access_userid] => HotShotBroadbandPx
    [access_key] => d6c058c87cc26ea56a481537c248cdea9a9ce41293c144dd666c18abd6ab2917
    [access_url] => https://sec.windcave.com/pxaccess/pxpay.aspx
)

01-27-2020 @ 18:01:31 - https://sec.windcave.com/pxmi3/EF4054F622D6C4C1B7EEB2DD536BCD49C6ED9CE3833651BF6B6EFADAC70B86BC39F5FBE662983D490
01-27-2020 @ 18:01:31 - Array
(
    [dps url] => https://sec.windcave.com/pxmi3/EF4054F622D6C4C1B7EEB2DD536BCD49C6ED9CE3833651BF6B6EFADAC70B86BC39F5FBE662983D490
    [ajax img_loader] => https://www.hotshot.nz/wp-content/plugins/woocommerce-gateway-payment-express-hybrid/images/ajax-loader.gif
)

01-27-2020 @ 18:28:06 - Array
(
    [return url] => https://www.hotshot.nz/wc-api/WC_Gateway_Payment_Express_Hybrid/
)

01-27-2020 @ 18:28:06 - ========= initiating transaction request
01-27-2020 @ 18:28:06 - test or live account, invoice ref: hotshot.co.nz - Order # 15830, transaction: ID5e2e74e626b48-15830, amount: 99.40, billingID: 001580102886-186
01-27-2020 @ 18:28:06 - success URL: https://www.hotshot.nz/wc-api/WC_Gateway_Payment_Express_Hybrid/
01-27-2020 @ 18:28:06 - failure URL: https://www.hotshot.nz/wc-api/WC_Gateway_Payment_Express_Hybrid/
01-27-2020 @ 18:28:06 - Array
(
    [access_userid] => HotShotBroadbandPx
    [access_key] => d6c058c87cc26ea56a481537c248cdea9a9ce41293c144dd666c18abd6ab2917
    [access_url] => https://sec.windcave.com/pxaccess/pxpay.aspx
)

01-27-2020 @ 18:28:06 - https://sec.windcave.com/pxmi3/EF4054F622D6C4C1B7EEB2DD536BCD49C38E8CB9C922BEBA5188539A6700E6AAB1FD136CBA0AB9F5B
01-27-2020 @ 18:28:06 - Array
(
    [dps url] => https://sec.windcave.com/pxmi3/EF4054F622D6C4C1B7EEB2DD536BCD49C38E8CB9C922BEBA5188539A6700E6AAB1FD136CBA0AB9F5B
    [ajax img_loader] => https://www.hotshot.nz/wp-content/plugins/woocommerce-gateway-payment-express-hybrid/images/ajax-loader.gif
)

