07-05-2020 @ 12:12:09 - Array
(
    [return url] => https://www.hotshot.nz/wc-api/WC_Gateway_Payment_Express_Hybrid/
)

07-05-2020 @ 12:12:10 - ========= initiating transaction request
07-05-2020 @ 12:12:10 - test or live account, invoice ref: hotshot.co.nz - Order # 71790, transaction: ID5f011ada2bfb2-71790, amount: 99.41, billingID: 001593907930-484
07-05-2020 @ 12:12:10 - success URL: https://www.hotshot.nz/wc-api/WC_Gateway_Payment_Express_Hybrid/
07-05-2020 @ 12:12:10 - failure URL: https://www.hotshot.nz/wc-api/WC_Gateway_Payment_Express_Hybrid/
07-05-2020 @ 12:12:10 - Array
(
    [access_userid] => HotShotBroadbandPx
    [access_key] => d6c058c87cc26ea56a481537c248cdea9a9ce41293c144dd666c18abd6ab2917
    [access_url] => https://sec.windcave.com/pxaccess/pxpay.aspx
)

07-05-2020 @ 12:12:10 - https://sec.windcave.com/pxmi3/EF4054F622D6C4C1BEE982E01EC55E8B67C8241BDA743C91BDA89A215600BBFB4E5E145EF54E62857
07-05-2020 @ 12:12:10 - Array
(
    [dps url] => https://sec.windcave.com/pxmi3/EF4054F622D6C4C1BEE982E01EC55E8B67C8241BDA743C91BDA89A215600BBFB4E5E145EF54E62857
    [ajax img_loader] => https://www.hotshot.nz/wp-content/plugins/woocommerce-gateway-payment-express-hybrid/images/ajax-loader.gif
)

07-05-2020 @ 16:50:58 - Array
(
    [return url] => https://www.hotshot.nz/wc-api/WC_Gateway_Payment_Express_Hybrid/
)

07-05-2020 @ 16:50:58 - ========= initiating transaction request
07-05-2020 @ 16:50:58 - test or live account, invoice ref: hotshot.co.nz - Order # 71969, transaction: ID5f015c323ee01-71969, amount: 208.40, billingID: 001593924658-485
07-05-2020 @ 16:50:58 - success URL: https://www.hotshot.nz/wc-api/WC_Gateway_Payment_Express_Hybrid/
07-05-2020 @ 16:50:58 - failure URL: https://www.hotshot.nz/wc-api/WC_Gateway_Payment_Express_Hybrid/
07-05-2020 @ 16:50:58 - Array
(
    [access_userid] => HotShotBroadbandPx
    [access_key] => d6c058c87cc26ea56a481537c248cdea9a9ce41293c144dd666c18abd6ab2917
    [access_url] => https://sec.windcave.com/pxaccess/pxpay.aspx
)

07-05-2020 @ 16:50:58 - https://sec.windcave.com/pxmi3/EF4054F622D6C4C1BEE982E01EC55E8B6B6AB39567A0AA8CDED01BEAA2DB857EACED02F338A83FD4C
07-05-2020 @ 16:50:58 - Array
(
    [dps url] => https://sec.windcave.com/pxmi3/EF4054F622D6C4C1BEE982E01EC55E8B6B6AB39567A0AA8CDED01BEAA2DB857EACED02F338A83FD4C
    [ajax img_loader] => https://www.hotshot.nz/wp-content/plugins/woocommerce-gateway-payment-express-hybrid/images/ajax-loader.gif
)

07-05-2020 @ 16:51:24 - ====== callback function has been accessed
07-05-2020 @ 16:51:24 - Array
(
    [enc_hex] => 00001101258914910bc206d34dbe5370
)

07-05-2020 @ 16:51:24 - Array
(
    [resultReq->result] => 00001101258914910bc206d34dbe5370
    [enc_hex] => 00001101258914910bc206d34dbe5370
)

07-05-2020 @ 16:51:24 - ========= requesting transaction result
07-05-2020 @ 16:51:24 - Array
(
    [response] => DpsPxPayResultResponse Object
        (
            [isValid] => 1
            [success] => 
            [amount] => 208.4
            [authCode] => 
            [cardHoldersName] => VISADEBIT CARD HOLDER
            [cardName] => Visa
            [cardNumber] => 483741......0273
            [cardExpiryMonth] => 06
            [cardExpiryYear] => 23
            [txnRef] => 0000000b7519390d
            [statusText] => DECLINED
            [recurringID] => 0000110443113109
            [currencySettlement] => NZD
            [currencyInput] => NZD
            [option1] => Order number : 71969
            [option2] => Danielle Hotter-matehe
            [option3] => pinkstahottie@hotmail.com
            [txnType] => Purchase
            [invoiceReference] => hotshot.co.nz - Order # 71969
            [clientIP] => 121.99.194.176
            [transactionNumber] => ID5f015c323ee01-
            [emailAddress] => pinkstahottie@hotmail.com
            [billingID] => 001593924658-485
            [txnMac] => C90A963C
            [cardNumber2] => 
            [cvc2ResultCode] => M
        )

    [orderId] => Array
        (
            [0] => Order number 
            [1] =>  71969
        )

    [order] => WC_Order Object
        (
            [status_transition:protected] => 
            [data:protected] => Array
                (
                    [parent_id] => 0
                    [status] => pending
                    [currency] => NZD
                    [version] => 3.6.4
                    [prices_include_tax] => 
                    [date_created] => WC_DateTime Object
                        (
                            [utc_offset:protected] => 0
                            [date] => 2020-07-05 16:50:55.000000
                            [timezone_type] => 3
                            [timezone] => Pacific/Auckland
                        )

                    [date_modified] => WC_DateTime Object
                        (
                            [utc_offset:protected] => 0
                            [date] => 2020-07-05 16:50:55.000000
                            [timezone_type] => 3
                            [timezone] => Pacific/Auckland
                        )

                    [discount_total] => 0
                    [discount_tax] => 0
                    [shipping_total] => 10.00
                    [shipping_tax] => 0
                    [cart_tax] => 0
                    [total] => 208.40
                    [total_tax] => 0
                    [customer_id] => 485
                    [order_key] => wc_order_PR2tWkRV9gPGU
                    [billing] => Array
                        (
                            [first_name] => Danielle
                            [last_name] => Hotter-matehe
                            [company] => 
                            [address_1] => 329 Wainoni Road
                            [address_2] => Avondale
                            [city] => Christchurch
                            [state] => 
                            [postcode] => 8061
                            [country] => NZ
                            [email] => pinkstahottie@hotmail.com
                            [phone] => 0272722984
                        )

                    [shipping] => Array
                        (
                            [first_name] => Danielle
                            [last_name] => Hotter-matehe
                            [company] => 
                            [address_1] => 329 Wainoni Road
                            [address_2] => Avondale
                            [city] => Christchurch
                            [state] => 
                            [postcode] => 8061
                            [country] => NZ
                        )

                    [payment_method] => payment_express_hybrid
                    [payment_method_title] => Payment Express
                    [transaction_id] => 
                    [customer_ip_address] => 121.99.194.176
                    [customer_user_agent] => Mozilla/5.0 (Linux; Android 9; SM-J610G) AppleWebKit/537.36 (KHTML, like Gecko) Chrome/83.0.4103.106 Mobile Safari/537.36
                    [created_via] => checkout
                    [customer_note] => 
                    [date_completed] => 
                    [date_paid] => 
                    [cart_hash] => c599842ada874148ee7229f856db3fea
                )

            [items:protected] => Array
                (
                )

            [items_to_delete:protected] => Array
                (
                )

            [cache_group:protected] => orders
            [data_store_name:protected] => order
            [object_type:protected] => order
            [id:protected] => 71969
            [changes:protected] => Array
                (
                )

            [object_read:protected] => 1
            [extra_data:protected] => Array
                (
                )

            [default_data:protected] => Array
                (
                    [parent_id] => 0
                    [status] => 
                    [currency] => 
                    [version] => 
                    [prices_include_tax] => 
                    [date_created] => 
                    [date_modified] => 
                    [discount_total] => 0
                    [discount_tax] => 0
                    [shipping_total] => 0
                    [shipping_tax] => 0
                    [cart_tax] => 0
                    [total] => 0
                    [total_tax] => 0
                    [customer_id] => 0
                    [order_key] => 
                    [billing] => Array
                        (
                            [first_name] => 
                            [last_name] => 
                            [company] => 
                            [address_1] => 
                            [address_2] => 
                            [city] => 
                            [state] => 
                            [postcode] => 
                            [country] => 
                            [email] => 
                            [phone] => 
                        )

                    [shipping] => Array
                        (
                            [first_name] => 
                            [last_name] => 
                            [company] => 
                            [address_1] => 
                            [address_2] => 
                            [city] => 
                            [state] => 
                            [postcode] => 
                            [country] => 
                        )

                    [payment_method] => 
                    [payment_method_title] => 
                    [transaction_id] => 
                    [customer_ip_address] => 
                    [customer_user_agent] => 
                    [created_via] => 
                    [customer_note] => 
                    [date_completed] => 
                    [date_paid] => 
                    [cart_hash] => 
                )

            [data_store:protected] => WC_Data_Store Object
                (
                    [instance:WC_Data_Store:private] => WC_Order_Data_Store_CPT Object
                        (
                            [internal_meta_keys:protected] => Array
                                (
                                    [0] => _parent_id
                                    [1] => _status
                                    [2] => _currency
                                    [3] => _version
                                    [4] => _prices_include_tax
                                    [5] => _date_created
                                    [6] => _date_modified
                                    [7] => _discount_total
                                    [8] => _discount_tax
                                    [9] => _shipping_total
                                    [10] => _shipping_tax
                                    [11] => _cart_tax
                                    [12] => _total
                                    [13] => _total_tax
                                    [14] => _customer_id
                                    [15] => _order_key
                                    [16] => _billing
                                    [17] => _shipping
                                    [18] => _payment_method
                                    [19] => _payment_method_title
                                    [20] => _transaction_id
                                    [21] => _customer_ip_address
                                    [22] => _customer_user_agent
                                    [23] => _created_via
                                    [24] => _customer_note
                                    [25] => _date_completed
                                    [26] => _date_paid
                                    [27] => _cart_hash
                                    [28] => _customer_user
                                    [29] => _order_key
                                    [30] => _order_currency
                                    [31] => _billing_first_name
                                    [32] => _billing_last_name
                                    [33] => _billing_company
                                    [34] => _billing_address_1
                                    [35] => _billing_address_2
                                    [36] => _billing_city
                                    [37] => _billing_state
                                    [38] => _billing_postcode
                                    [39] => _billing_country
                                    [40] => _billing_email
                                    [41] => _billing_phone
                                    [42] => _shipping_first_name
                                    [43] => _shipping_last_name
                                    [44] => _shipping_company
                                    [45] => _shipping_address_1
                                    [46] => _shipping_address_2
                                    [47] => _shipping_city
                                    [48] => _shipping_state
                                    [49] => _shipping_postcode
                                    [50] => _shipping_country
                                    [51] => _completed_date
                                    [52] => _paid_date
                                    [53] => _edit_lock
                                    [54] => _edit_last
                                    [55] => _cart_discount
                                    [56] => _cart_discount_tax
                                    [57] => _order_shipping
                                    [58] => _order_shipping_tax
                                    [59] => _order_tax
                                    [60] => _order_total
                                    [61] => _payment_method
                                    [62] => _payment_method_title
                                    [63] => _transaction_id
                                    [64] => _customer_ip_address
                                    [65] => _customer_user_agent
                                    [66] => _created_via
                                    [67] => _order_version
                                    [68] => _prices_include_tax
                                    [69] => _date_completed
                                    [70] => _date_paid
                                    [71] => _payment_tokens
                                    [72] => _billing_address_index
                                    [73] => _shipping_address_index
                                    [74] => _recorded_sales
                                    [75] => _recorded_coupon_usage_counts
                                    [76] => _download_permissions_granted
                                    [77] => _order_stock_reduced
                                )

                            [meta_type:protected] => post
                            [object_id_field_for_meta:protected] => 
                            [must_exist_meta_keys:protected] => Array
                                (
                                )

                        )

                    [stores:WC_Data_Store:private] => Array
                        (
                            [coupon] => WC_Coupon_Data_Store_CPT
                            [customer] => WC_Customer_Data_Store
                            [customer-download] => WC_Customer_Download_Data_Store
                            [customer-download-log] => WC_Customer_Download_Log_Data_Store
                            [customer-session] => WC_Customer_Data_Store_Session
                            [order] => WC_Order_Data_Store_CPT
                            [order-refund] => WC_Order_Refund_Data_Store_CPT
                            [order-item] => WC_Order_Item_Data_Store
                            [order-item-coupon] => WC_Order_Item_Coupon_Data_Store
                            [order-item-fee] => WC_Order_Item_Fee_Data_Store
                            [order-item-product] => WC_Order_Item_Product_Data_Store
                            [order-item-shipping] => WC_Order_Item_Shipping_Data_Store
                            [order-item-tax] => WC_Order_Item_Tax_Data_Store
                            [payment-token] => WC_Payment_Token_Data_Store
                            [product] => WC_Product_Data_Store_CPT
                            [product-grouped] => WC_Product_Grouped_Data_Store_CPT
                            [product-variable] => WC_Product_Variable_Data_Store_CPT
                            [product-variation] => WC_Product_Variation_Data_Store_CPT
                            [shipping-zone] => WC_Shipping_Zone_Data_Store
                            [webhook] => WC_Webhook_Data_Store
                            [subscription] => WCS_Subscription_Data_Store_CPT
                            [product-variable-subscription] => WCS_Product_Variable_Data_Store_CPT
                            [product-subscription_variation] => WC_Product_Variation_Data_Store_CPT
                            [order-item-line_item_pending_switch] => WC_Order_Item_Product_Data_Store
                            [report-revenue-stats] => WC_Admin_Reports_Orders_Stats_Data_Store
                            [report-orders] => WC_Admin_Reports_Orders_Data_Store
                            [report-orders-stats] => WC_Admin_Reports_Orders_Stats_Data_Store
                            [report-products] => WC_Admin_Reports_Products_Data_Store
                            [report-variations] => WC_Admin_Reports_Variations_Data_Store
                            [report-products-stats] => WC_Admin_Reports_Products_Stats_Data_Store
                            [report-categories] => WC_Admin_Reports_Categories_Data_Store
                            [report-taxes] => WC_Admin_Reports_Taxes_Data_Store
                            [report-taxes-stats] => WC_Admin_Reports_Taxes_Stats_Data_Store
                            [report-coupons] => WC_Admin_Reports_Coupons_Data_Store
                            [report-coupons-stats] => WC_Admin_Reports_Coupons_Stats_Data_Store
                            [report-downloads] => WC_Admin_Reports_Downloads_Data_Store
                            [report-downloads-stats] => WC_Admin_Reports_Downloads_Stats_Data_Store
                            [admin-note] => WC_Admin_Notes_Data_Store
                            [report-customers] => WC_Admin_Reports_Customers_Data_Store
                            [report-customers-stats] => WC_Admin_Reports_Customers_Stats_Data_Store
                            [report-stock-stats] => WC_Admin_Reports_Stock_Stats_Data_Store
                        )

                    [current_class_name:WC_Data_Store:private] => WC_Order_Data_Store_CPT
                    [object_type:WC_Data_Store:private] => order
                )

            [meta_data:protected] => Array
                (
                    [0] => WC_Meta_Data Object
                        (
                            [current_data:protected] => Array
                                (
                                    [id] => 312213
                                    [key] => mailchimp_woocommerce_campaign_id
                                    [value] => 
                                )

                            [data:protected] => Array
                                (
                                    [id] => 312213
                                    [key] => mailchimp_woocommerce_campaign_id
                                    [value] => 
                                )

                        )

                    [1] => WC_Meta_Data Object
                        (
                            [current_data:protected] => Array
                                (
                                    [id] => 312214
                                    [key] => mailchimp_woocommerce_landing_site
                                    [value] => https://www.hotshot.nz/?gclid=Cj0KCQjw0YD4BRD2ARIsAHwmKVmvixFEREVJcM0nBUFPpjRPE8LhG8h8ZZnLmckElP1pCFHg7X2367QaAhCIEALw_wcB
                                )

                            [data:protected] => Array
                                (
                                    [id] => 312214
                                    [key] => mailchimp_woocommerce_landing_site
                                    [value] => https://www.hotshot.nz/?gclid=Cj0KCQjw0YD4BRD2ARIsAHwmKVmvixFEREVJcM0nBUFPpjRPE8LhG8h8ZZnLmckElP1pCFHg7X2367QaAhCIEALw_wcB
                                )

                        )

                    [2] => WC_Meta_Data Object
                        (
                            [current_data:protected] => Array
                                (
                                    [id] => 312252
                                    [key] => is_vat_exempt
                                    [value] => no
                                )

                            [data:protected] => Array
                                (
                                    [id] => 312252
                                    [key] => is_vat_exempt
                                    [value] => no
                                )

                        )

                    [3] => WC_Meta_Data Object
                        (
                            [current_data:protected] => Array
                                (
                                    [id] => 312253
                                    [key] => mailchimp_woocommerce_is_subscribed
                                    [value] => 1
                                )

                            [data:protected] => Array
                                (
                                    [id] => 312253
                                    [key] => mailchimp_woocommerce_is_subscribed
                                    [value] => 1
                                )

                        )

                    [4] => WC_Meta_Data Object
                        (
                            [current_data:protected] => Array
                                (
                                    [id] => 312254
                                    [key] => _subscription_switch_data
                                    [value] => Array
                                        (
                                        )

                                )

                            [data:protected] => Array
                                (
                                    [id] => 312254
                                    [key] => _subscription_switch_data
                                    [value] => Array
                                        (
                                        )

                                )

                        )

                )

        )

)

07-05-2020 @ 16:51:24 - failed; DECLINED
07-05-2020 @ 16:51:27 - ====== callback function has been accessed
07-05-2020 @ 16:51:27 - Array
(
    [enc_hex] => 00001101258914910bc206d34dbe5370
)

07-05-2020 @ 16:51:27 - Array
(
    [resultReq->result] => 00001101258914910bc206d34dbe5370
    [enc_hex] => 00001101258914910bc206d34dbe5370
)

07-05-2020 @ 16:51:27 - ========= requesting transaction result
07-05-2020 @ 16:51:28 - Array
(
    [response] => DpsPxPayResultResponse Object
        (
            [isValid] => 1
            [success] => 
            [amount] => 208.4
            [authCode] => 
            [cardHoldersName] => VISADEBIT CARD HOLDER
            [cardName] => Visa
            [cardNumber] => 483741......0273
            [cardExpiryMonth] => 06
            [cardExpiryYear] => 23
            [txnRef] => 0000000b7519390d
            [statusText] => DECLINED
            [recurringID] => 0000110443113109
            [currencySettlement] => NZD
            [currencyInput] => NZD
            [option1] => Order number : 71969
            [option2] => Danielle Hotter-matehe
            [option3] => pinkstahottie@hotmail.com
            [txnType] => Purchase
            [invoiceReference] => hotshot.co.nz - Order # 71969
            [clientIP] => 121.99.194.176
            [transactionNumber] => ID5f015c323ee01-
            [emailAddress] => pinkstahottie@hotmail.com
            [billingID] => 001593924658-485
            [txnMac] => C90A963C
            [cardNumber2] => 
            [cvc2ResultCode] => M
        )

    [orderId] => Array
        (
            [0] => Order number 
            [1] =>  71969
        )

    [order] => WC_Order Object
        (
            [status_transition:protected] => 
            [data:protected] => Array
                (
                    [parent_id] => 0
                    [status] => failed
                    [currency] => NZD
                    [version] => 3.6.4
                    [prices_include_tax] => 
                    [date_created] => WC_DateTime Object
                        (
                            [utc_offset:protected] => 0
                            [date] => 2020-07-05 16:50:55.000000
                            [timezone_type] => 3
                            [timezone] => Pacific/Auckland
                        )

                    [date_modified] => WC_DateTime Object
                        (
                            [utc_offset:protected] => 0
                            [date] => 2020-07-05 16:51:24.000000
                            [timezone_type] => 3
                            [timezone] => Pacific/Auckland
                        )

                    [discount_total] => 0
                    [discount_tax] => 0
                    [shipping_total] => 10.00
                    [shipping_tax] => 0
                    [cart_tax] => 0
                    [total] => 208.40
                    [total_tax] => 0
                    [customer_id] => 485
                    [order_key] => wc_order_PR2tWkRV9gPGU
                    [billing] => Array
                        (
                            [first_name] => Danielle
                            [last_name] => Hotter-matehe
                            [company] => 
                            [address_1] => 329 Wainoni Road
                            [address_2] => Avondale
                            [city] => Christchurch
                            [state] => 
                            [postcode] => 8061
                            [country] => NZ
                            [email] => pinkstahottie@hotmail.com
                            [phone] => 0272722984
                        )

                    [shipping] => Array
                        (
                            [first_name] => Danielle
                            [last_name] => Hotter-matehe
                            [company] => 
                            [address_1] => 329 Wainoni Road
                            [address_2] => Avondale
                            [city] => Christchurch
                            [state] => 
                            [postcode] => 8061
                            [country] => NZ
                        )

                    [payment_method] => payment_express_hybrid
                    [payment_method_title] => Payment Express
                    [transaction_id] => 
                    [customer_ip_address] => 121.99.194.176
                    [customer_user_agent] => Mozilla/5.0 (Linux; Android 9; SM-J610G) AppleWebKit/537.36 (KHTML, like Gecko) Chrome/83.0.4103.106 Mobile Safari/537.36
                    [created_via] => checkout
                    [customer_note] => 
                    [date_completed] => 
                    [date_paid] => 
                    [cart_hash] => c599842ada874148ee7229f856db3fea
                )

            [items:protected] => Array
                (
                )

            [items_to_delete:protected] => Array
                (
                )

            [cache_group:protected] => orders
            [data_store_name:protected] => order
            [object_type:protected] => order
            [id:protected] => 71969
            [changes:protected] => Array
                (
                )

            [object_read:protected] => 1
            [extra_data:protected] => Array
                (
                )

            [default_data:protected] => Array
                (
                    [parent_id] => 0
                    [status] => 
                    [currency] => 
                    [version] => 
                    [prices_include_tax] => 
                    [date_created] => 
                    [date_modified] => 
                    [discount_total] => 0
                    [discount_tax] => 0
                    [shipping_total] => 0
                    [shipping_tax] => 0
                    [cart_tax] => 0
                    [total] => 0
                    [total_tax] => 0
                    [customer_id] => 0
                    [order_key] => 
                    [billing] => Array
                        (
                            [first_name] => 
                            [last_name] => 
                            [company] => 
                            [address_1] => 
                            [address_2] => 
                            [city] => 
                            [state] => 
                            [postcode] => 
                            [country] => 
                            [email] => 
                            [phone] => 
                        )

                    [shipping] => Array
                        (
                            [first_name] => 
                            [last_name] => 
                            [company] => 
                            [address_1] => 
                            [address_2] => 
                            [city] => 
                            [state] => 
                            [postcode] => 
                            [country] => 
                        )

                    [payment_method] => 
                    [payment_method_title] => 
                    [transaction_id] => 
                    [customer_ip_address] => 
                    [customer_user_agent] => 
                    [created_via] => 
                    [customer_note] => 
                    [date_completed] => 
                    [date_paid] => 
                    [cart_hash] => 
                )

            [data_store:protected] => WC_Data_Store Object
                (
                    [instance:WC_Data_Store:private] => WC_Order_Data_Store_CPT Object
                        (
                            [internal_meta_keys:protected] => Array
                                (
                                    [0] => _customer_user
                                    [1] => _order_key
                                    [2] => _order_currency
                                    [3] => _billing_first_name
                                    [4] => _billing_last_name
                                    [5] => _billing_company
                                    [6] => _billing_address_1
                                    [7] => _billing_address_2
                                    [8] => _billing_city
                                    [9] => _billing_state
                                    [10] => _billing_postcode
                                    [11] => _billing_country
                                    [12] => _billing_email
                                    [13] => _billing_phone
                                    [14] => _shipping_first_name
                                    [15] => _shipping_last_name
                                    [16] => _shipping_company
                                    [17] => _shipping_address_1
                                    [18] => _shipping_address_2
                                    [19] => _shipping_city
                                    [20] => _shipping_state
                                    [21] => _shipping_postcode
                                    [22] => _shipping_country
                                    [23] => _completed_date
                                    [24] => _paid_date
                                    [25] => _edit_lock
                                    [26] => _edit_last
                                    [27] => _cart_discount
                                    [28] => _cart_discount_tax
                                    [29] => _order_shipping
                                    [30] => _order_shipping_tax
                                    [31] => _order_tax
                                    [32] => _order_total
                                    [33] => _payment_method
                                    [34] => _payment_method_title
                                    [35] => _transaction_id
                                    [36] => _customer_ip_address
                                    [37] => _customer_user_agent
                                    [38] => _created_via
                                    [39] => _order_version
                                    [40] => _prices_include_tax
                                    [41] => _date_completed
                                    [42] => _date_paid
                                    [43] => _payment_tokens
                                    [44] => _billing_address_index
                                    [45] => _shipping_address_index
                                    [46] => _recorded_sales
                                    [47] => _recorded_coupon_usage_counts
                                    [48] => _download_permissions_granted
                                    [49] => _order_stock_reduced
                                )

                            [meta_type:protected] => post
                            [object_id_field_for_meta:protected] => 
                            [must_exist_meta_keys:protected] => Array
                                (
                                )

                        )

                    [stores:WC_Data_Store:private] => Array
                        (
                            [coupon] => WC_Coupon_Data_Store_CPT
                            [customer] => WC_Customer_Data_Store
                            [customer-download] => WC_Customer_Download_Data_Store
                            [customer-download-log] => WC_Customer_Download_Log_Data_Store
                            [customer-session] => WC_Customer_Data_Store_Session
                            [order] => WC_Order_Data_Store_CPT
                            [order-refund] => WC_Order_Refund_Data_Store_CPT
                            [order-item] => WC_Order_Item_Data_Store
                            [order-item-coupon] => WC_Order_Item_Coupon_Data_Store
                            [order-item-fee] => WC_Order_Item_Fee_Data_Store
                            [order-item-product] => WC_Order_Item_Product_Data_Store
                            [order-item-shipping] => WC_Order_Item_Shipping_Data_Store
                            [order-item-tax] => WC_Order_Item_Tax_Data_Store
                            [payment-token] => WC_Payment_Token_Data_Store
                            [product] => WC_Product_Data_Store_CPT
                            [product-grouped] => WC_Product_Grouped_Data_Store_CPT
                            [product-variable] => WC_Product_Variable_Data_Store_CPT
                            [product-variation] => WC_Product_Variation_Data_Store_CPT
                            [shipping-zone] => WC_Shipping_Zone_Data_Store
                            [webhook] => WC_Webhook_Data_Store
                            [subscription] => WCS_Subscription_Data_Store_CPT
                            [product-variable-subscription] => WCS_Product_Variable_Data_Store_CPT
                            [product-subscription_variation] => WC_Product_Variation_Data_Store_CPT
                            [order-item-line_item_pending_switch] => WC_Order_Item_Product_Data_Store
                            [report-revenue-stats] => WC_Admin_Reports_Orders_Stats_Data_Store
                            [report-orders] => WC_Admin_Reports_Orders_Data_Store
                            [report-orders-stats] => WC_Admin_Reports_Orders_Stats_Data_Store
                            [report-products] => WC_Admin_Reports_Products_Data_Store
                            [report-variations] => WC_Admin_Reports_Variations_Data_Store
                            [report-products-stats] => WC_Admin_Reports_Products_Stats_Data_Store
                            [report-categories] => WC_Admin_Reports_Categories_Data_Store
                            [report-taxes] => WC_Admin_Reports_Taxes_Data_Store
                            [report-taxes-stats] => WC_Admin_Reports_Taxes_Stats_Data_Store
                            [report-coupons] => WC_Admin_Reports_Coupons_Data_Store
                            [report-coupons-stats] => WC_Admin_Reports_Coupons_Stats_Data_Store
                            [report-downloads] => WC_Admin_Reports_Downloads_Data_Store
                            [report-downloads-stats] => WC_Admin_Reports_Downloads_Stats_Data_Store
                            [admin-note] => WC_Admin_Notes_Data_Store
                            [report-customers] => WC_Admin_Reports_Customers_Data_Store
                            [report-customers-stats] => WC_Admin_Reports_Customers_Stats_Data_Store
                            [report-stock-stats] => WC_Admin_Reports_Stock_Stats_Data_Store
                        )

                    [current_class_name:WC_Data_Store:private] => WC_Order_Data_Store_CPT
                    [object_type:WC_Data_Store:private] => order
                )

            [meta_data:protected] => Array
                (
                    [0] => WC_Meta_Data Object
                        (
                            [current_data:protected] => Array
                                (
                                    [id] => 312213
                                    [key] => mailchimp_woocommerce_campaign_id
                                    [value] => 
                                )

                            [data:protected] => Array
                                (
                                    [id] => 312213
                                    [key] => mailchimp_woocommerce_campaign_id
                                    [value] => 
                                )

                        )

                    [1] => WC_Meta_Data Object
                        (
                            [current_data:protected] => Array
                                (
                                    [id] => 312214
                                    [key] => mailchimp_woocommerce_landing_site
                                    [value] => https://www.hotshot.nz/?gclid=Cj0KCQjw0YD4BRD2ARIsAHwmKVmvixFEREVJcM0nBUFPpjRPE8LhG8h8ZZnLmckElP1pCFHg7X2367QaAhCIEALw_wcB
                                )

                            [data:protected] => Array
                                (
                                    [id] => 312214
                                    [key] => mailchimp_woocommerce_landing_site
                                    [value] => https://www.hotshot.nz/?gclid=Cj0KCQjw0YD4BRD2ARIsAHwmKVmvixFEREVJcM0nBUFPpjRPE8LhG8h8ZZnLmckElP1pCFHg7X2367QaAhCIEALw_wcB
                                )

                        )

                    [2] => WC_Meta_Data Object
                        (
                            [current_data:protected] => Array
                                (
                                    [id] => 312252
                                    [key] => is_vat_exempt
                                    [value] => no
                                )

                            [data:protected] => Array
                                (
                                    [id] => 312252
                                    [key] => is_vat_exempt
                                    [value] => no
                                )

                        )

                    [3] => WC_Meta_Data Object
                        (
                            [current_data:protected] => Array
                                (
                                    [id] => 312253
                                    [key] => mailchimp_woocommerce_is_subscribed
                                    [value] => 1
                                )

                            [data:protected] => Array
                                (
                                    [id] => 312253
                                    [key] => mailchimp_woocommerce_is_subscribed
                                    [value] => 1
                                )

                        )

                    [4] => WC_Meta_Data Object
                        (
                            [current_data:protected] => Array
                                (
                                    [id] => 312254
                                    [key] => _subscription_switch_data
                                    [value] => Array
                                        (
                                        )

                                )

                            [data:protected] => Array
                                (
                                    [id] => 312254
                                    [key] => _subscription_switch_data
                                    [value] => Array
                                        (
                                        )

                                )

                        )

                )

        )

)

07-05-2020 @ 16:51:28 - failed; DECLINED
07-05-2020 @ 22:07:59 - Array
(
    [return url] => https://www.hotshot.nz/wc-api/WC_Gateway_Payment_Express_Hybrid/
)

07-05-2020 @ 22:07:59 - ========= initiating transaction request
07-05-2020 @ 22:07:59 - test or live account, invoice ref: hotshot.co.nz - Order # 72249, transaction: ID5f01a67f1333f-72249, amount: 366.30, billingID: 001593943679-486
07-05-2020 @ 22:07:59 - success URL: https://www.hotshot.nz/wc-api/WC_Gateway_Payment_Express_Hybrid/
07-05-2020 @ 22:07:59 - failure URL: https://www.hotshot.nz/wc-api/WC_Gateway_Payment_Express_Hybrid/
07-05-2020 @ 22:07:59 - Array
(
    [access_userid] => HotShotBroadbandPx
    [access_key] => d6c058c87cc26ea56a481537c248cdea9a9ce41293c144dd666c18abd6ab2917
    [access_url] => https://sec.windcave.com/pxaccess/pxpay.aspx
)

07-05-2020 @ 22:07:59 - https://sec.windcave.com/pxmi3/EF4054F622D6C4C1B6F910ECFB28F7BB08264E363F70C3751ED7EB62D3E3D9FD7D962953D476D619B
07-05-2020 @ 22:07:59 - Array
(
    [dps url] => https://sec.windcave.com/pxmi3/EF4054F622D6C4C1B6F910ECFB28F7BB08264E363F70C3751ED7EB62D3E3D9FD7D962953D476D619B
    [ajax img_loader] => https://www.hotshot.nz/wp-content/plugins/woocommerce-gateway-payment-express-hybrid/images/ajax-loader.gif
)

07-05-2020 @ 22:08:24 - ====== callback function has been accessed
07-05-2020 @ 22:08:24 - Array
(
    [enc_hex] => 00001101259427180b54f53a8543b5e9
)

07-05-2020 @ 22:08:24 - Array
(
    [resultReq->result] => 00001101259427180b54f53a8543b5e9
    [enc_hex] => 00001101259427180b54f53a8543b5e9
)

07-05-2020 @ 22:08:24 - ========= requesting transaction result
07-05-2020 @ 22:08:25 - Array
(
    [response] => DpsPxPayResultResponse Object
        (
            [isValid] => 1
            [success] => 
            [amount] => 366.3
            [authCode] => 
            [cardHoldersName] => User Cancelled
            [cardName] => 
            [cardNumber] => 000000......0000
            [cardExpiryMonth] => 07
            [cardExpiryYear] => 20
            [txnRef] => 0000000b751ff265
            [statusText] => DECLINED
            [recurringID] => 
            [currencySettlement] => NZD
            [currencyInput] => NZD
            [option1] => Order number : 72249
            [option2] => Sadie Fuimaono
            [option3] => zariyah20@gmail.com
            [txnType] => Purchase
            [invoiceReference] => hotshot.co.nz - Order # 72249
            [clientIP] => 49.224.212.28
            [transactionNumber] => ID5f01a67f1333f-
            [emailAddress] => zariyah20@gmail.com
            [billingID] => 001593943679-486
            [txnMac] => 
            [cardNumber2] => 
            [cvc2ResultCode] => NotUsed
        )

    [orderId] => Array
        (
            [0] => Order number 
            [1] =>  72249
        )

    [order] => WC_Order Object
        (
            [status_transition:protected] => 
            [data:protected] => Array
                (
                    [parent_id] => 0
                    [status] => pending
                    [currency] => NZD
                    [version] => 3.6.4
                    [prices_include_tax] => 
                    [date_created] => WC_DateTime Object
                        (
                            [utc_offset:protected] => 0
                            [date] => 2020-07-05 22:07:47.000000
                            [timezone_type] => 3
                            [timezone] => Pacific/Auckland
                        )

                    [date_modified] => WC_DateTime Object
                        (
                            [utc_offset:protected] => 0
                            [date] => 2020-07-05 22:07:47.000000
                            [timezone_type] => 3
                            [timezone] => Pacific/Auckland
                        )

                    [discount_total] => 0
                    [discount_tax] => 0
                    [shipping_total] => 10.00
                    [shipping_tax] => 0
                    [cart_tax] => 0
                    [total] => 366.30
                    [total_tax] => 0
                    [customer_id] => 486
                    [order_key] => wc_order_DexLmDCP1jpB2
                    [billing] => Array
                        (
                            [first_name] => Sadie
                            [last_name] => Fuimaono
                            [company] => 
                            [address_1] => 49 Bahari Drive
                            [address_2] => Ranui
                            [city] => Auckland
                            [state] => 
                            [postcode] => 0612
                            [country] => NZ
                            [email] => zariyah20@gmail.com
                            [phone] => 02108803183
                        )

                    [shipping] => Array
                        (
                            [first_name] => Sadie
                            [last_name] => Fuimaono
                            [company] => 
                            [address_1] => 49 Bahari Drive
                            [address_2] => Ranui
                            [city] => Auckland
                            [state] => 
                            [postcode] => 0612
                            [country] => NZ
                        )

                    [payment_method] => payment_express_hybrid
                    [payment_method_title] => Payment Express
                    [transaction_id] => 
                    [customer_ip_address] => 49.224.212.28
                    [customer_user_agent] => Mozilla/5.0 (Linux; Android 8.1.0; VFD 620) AppleWebKit/537.36 (KHTML, like Gecko) Chrome/81.0.4044.117 Mobile Safari/537.36
                    [created_via] => checkout
                    [customer_note] => 
                    [date_completed] => 
                    [date_paid] => 
                    [cart_hash] => 709a959dfbea79423234569f36f8f061
                )

            [items:protected] => Array
                (
                )

            [items_to_delete:protected] => Array
                (
                )

            [cache_group:protected] => orders
            [data_store_name:protected] => order
            [object_type:protected] => order
            [id:protected] => 72249
            [changes:protected] => Array
                (
                )

            [object_read:protected] => 1
            [extra_data:protected] => Array
                (
                )

            [default_data:protected] => Array
                (
                    [parent_id] => 0
                    [status] => 
                    [currency] => 
                    [version] => 
                    [prices_include_tax] => 
                    [date_created] => 
                    [date_modified] => 
                    [discount_total] => 0
                    [discount_tax] => 0
                    [shipping_total] => 0
                    [shipping_tax] => 0
                    [cart_tax] => 0
                    [total] => 0
                    [total_tax] => 0
                    [customer_id] => 0
                    [order_key] => 
                    [billing] => Array
                        (
                            [first_name] => 
                            [last_name] => 
                            [company] => 
                            [address_1] => 
                            [address_2] => 
                            [city] => 
                            [state] => 
                            [postcode] => 
                            [country] => 
                            [email] => 
                            [phone] => 
                        )

                    [shipping] => Array
                        (
                            [first_name] => 
                            [last_name] => 
                            [company] => 
                            [address_1] => 
                            [address_2] => 
                            [city] => 
                            [state] => 
                            [postcode] => 
                            [country] => 
                        )

                    [payment_method] => 
                    [payment_method_title] => 
                    [transaction_id] => 
                    [customer_ip_address] => 
                    [customer_user_agent] => 
                    [created_via] => 
                    [customer_note] => 
                    [date_completed] => 
                    [date_paid] => 
                    [cart_hash] => 
                )

            [data_store:protected] => WC_Data_Store Object
                (
                    [instance:WC_Data_Store:private] => WC_Order_Data_Store_CPT Object
                        (
                            [internal_meta_keys:protected] => Array
                                (
                                    [0] => _customer_user
                                    [1] => _order_key
                                    [2] => _order_currency
                                    [3] => _billing_first_name
                                    [4] => _billing_last_name
                                    [5] => _billing_company
                                    [6] => _billing_address_1
                                    [7] => _billing_address_2
                                    [8] => _billing_city
                                    [9] => _billing_state
                                    [10] => _billing_postcode
                                    [11] => _billing_country
                                    [12] => _billing_email
                                    [13] => _billing_phone
                                    [14] => _shipping_first_name
                                    [15] => _shipping_last_name
                                    [16] => _shipping_company
                                    [17] => _shipping_address_1
                                    [18] => _shipping_address_2
                                    [19] => _shipping_city
                                    [20] => _shipping_state
                                    [21] => _shipping_postcode
                                    [22] => _shipping_country
                                    [23] => _completed_date
                                    [24] => _paid_date
                                    [25] => _edit_lock
                                    [26] => _edit_last
                                    [27] => _cart_discount
                                    [28] => _cart_discount_tax
                                    [29] => _order_shipping
                                    [30] => _order_shipping_tax
                                    [31] => _order_tax
                                    [32] => _order_total
                                    [33] => _payment_method
                                    [34] => _payment_method_title
                                    [35] => _transaction_id
                                    [36] => _customer_ip_address
                                    [37] => _customer_user_agent
                                    [38] => _created_via
                                    [39] => _order_version
                                    [40] => _prices_include_tax
                                    [41] => _date_completed
                                    [42] => _date_paid
                                    [43] => _payment_tokens
                                    [44] => _billing_address_index
                                    [45] => _shipping_address_index
                                    [46] => _recorded_sales
                                    [47] => _recorded_coupon_usage_counts
                                    [48] => _download_permissions_granted
                                    [49] => _order_stock_reduced
                                )

                            [meta_type:protected] => post
                            [object_id_field_for_meta:protected] => 
                            [must_exist_meta_keys:protected] => Array
                                (
                                )

                        )

                    [stores:WC_Data_Store:private] => Array
                        (
                            [coupon] => WC_Coupon_Data_Store_CPT
                            [customer] => WC_Customer_Data_Store
                            [customer-download] => WC_Customer_Download_Data_Store
                            [customer-download-log] => WC_Customer_Download_Log_Data_Store
                            [customer-session] => WC_Customer_Data_Store_Session
                            [order] => WC_Order_Data_Store_CPT
                            [order-refund] => WC_Order_Refund_Data_Store_CPT
                            [order-item] => WC_Order_Item_Data_Store
                            [order-item-coupon] => WC_Order_Item_Coupon_Data_Store
                            [order-item-fee] => WC_Order_Item_Fee_Data_Store
                            [order-item-product] => WC_Order_Item_Product_Data_Store
                            [order-item-shipping] => WC_Order_Item_Shipping_Data_Store
                            [order-item-tax] => WC_Order_Item_Tax_Data_Store
                            [payment-token] => WC_Payment_Token_Data_Store
                            [product] => WC_Product_Data_Store_CPT
                            [product-grouped] => WC_Product_Grouped_Data_Store_CPT
                            [product-variable] => WC_Product_Variable_Data_Store_CPT
                            [product-variation] => WC_Product_Variation_Data_Store_CPT
                            [shipping-zone] => WC_Shipping_Zone_Data_Store
                            [webhook] => WC_Webhook_Data_Store
                            [subscription] => WCS_Subscription_Data_Store_CPT
                            [product-variable-subscription] => WCS_Product_Variable_Data_Store_CPT
                            [product-subscription_variation] => WC_Product_Variation_Data_Store_CPT
                            [order-item-line_item_pending_switch] => WC_Order_Item_Product_Data_Store
                            [report-revenue-stats] => WC_Admin_Reports_Orders_Stats_Data_Store
                            [report-orders] => WC_Admin_Reports_Orders_Data_Store
                            [report-orders-stats] => WC_Admin_Reports_Orders_Stats_Data_Store
                            [report-products] => WC_Admin_Reports_Products_Data_Store
                            [report-variations] => WC_Admin_Reports_Variations_Data_Store
                            [report-products-stats] => WC_Admin_Reports_Products_Stats_Data_Store
                            [report-categories] => WC_Admin_Reports_Categories_Data_Store
                            [report-taxes] => WC_Admin_Reports_Taxes_Data_Store
                            [report-taxes-stats] => WC_Admin_Reports_Taxes_Stats_Data_Store
                            [report-coupons] => WC_Admin_Reports_Coupons_Data_Store
                            [report-coupons-stats] => WC_Admin_Reports_Coupons_Stats_Data_Store
                            [report-downloads] => WC_Admin_Reports_Downloads_Data_Store
                            [report-downloads-stats] => WC_Admin_Reports_Downloads_Stats_Data_Store
                            [admin-note] => WC_Admin_Notes_Data_Store
                            [report-customers] => WC_Admin_Reports_Customers_Data_Store
                            [report-customers-stats] => WC_Admin_Reports_Customers_Stats_Data_Store
                            [report-stock-stats] => WC_Admin_Reports_Stock_Stats_Data_Store
                        )

                    [current_class_name:WC_Data_Store:private] => WC_Order_Data_Store_CPT
                    [object_type:WC_Data_Store:private] => order
                )

            [meta_data:protected] => Array
                (
                    [0] => WC_Meta_Data Object
                        (
                            [current_data:protected] => Array
                                (
                                    [id] => 312638
                                    [key] => mailchimp_woocommerce_campaign_id
                                    [value] => 
                                )

                            [data:protected] => Array
                                (
                                    [id] => 312638
                                    [key] => mailchimp_woocommerce_campaign_id
                                    [value] => 
                                )

                        )

                    [1] => WC_Meta_Data Object
                        (
                            [current_data:protected] => Array
                                (
                                    [id] => 312639
                                    [key] => mailchimp_woocommerce_landing_site
                                    [value] => https://www.hotshot.nz/?gclid=Cj0KCQjw9IX4BRCcARIsAOD2OB164x1z3msJGcX4ld-dnQxyKjLht6IsS9Y9bIy2AwjZOaF8SPtU5dkaAtYhEALw_wcB
                                )

                            [data:protected] => Array
                                (
                                    [id] => 312639
                                    [key] => mailchimp_woocommerce_landing_site
                                    [value] => https://www.hotshot.nz/?gclid=Cj0KCQjw9IX4BRCcARIsAOD2OB164x1z3msJGcX4ld-dnQxyKjLht6IsS9Y9bIy2AwjZOaF8SPtU5dkaAtYhEALw_wcB
                                )

                        )

                    [2] => WC_Meta_Data Object
                        (
                            [current_data:protected] => Array
                                (
                                    [id] => 312677
                                    [key] => is_vat_exempt
                                    [value] => no
                                )

                            [data:protected] => Array
                                (
                                    [id] => 312677
                                    [key] => is_vat_exempt
                                    [value] => no
                                )

                        )

                    [3] => WC_Meta_Data Object
                        (
                            [current_data:protected] => Array
                                (
                                    [id] => 312678
                                    [key] => mailchimp_woocommerce_is_subscribed
                                    [value] => 1
                                )

                            [data:protected] => Array
                                (
                                    [id] => 312678
                                    [key] => mailchimp_woocommerce_is_subscribed
                                    [value] => 1
                                )

                        )

                    [4] => WC_Meta_Data Object
                        (
                            [current_data:protected] => Array
                                (
                                    [id] => 312679
                                    [key] => _subscription_switch_data
                                    [value] => Array
                                        (
                                        )

                                )

                            [data:protected] => Array
                                (
                                    [id] => 312679
                                    [key] => _subscription_switch_data
                                    [value] => Array
                                        (
                                        )

                                )

                        )

                )

        )

)

07-05-2020 @ 22:08:25 - failed; DECLINED
07-05-2020 @ 22:08:25 - ====== callback function has been accessed
07-05-2020 @ 22:08:25 - Array
(
    [enc_hex] => 00001101259427180b54f53a8543b5e9
)

07-05-2020 @ 22:08:25 - Array
(
    [resultReq->result] => 00001101259427180b54f53a8543b5e9
    [enc_hex] => 00001101259427180b54f53a8543b5e9
)

07-05-2020 @ 22:08:25 - ========= requesting transaction result
07-05-2020 @ 22:08:30 - Array
(
    [response] => DpsPxPayResultResponse Object
        (
            [isValid] => 1
            [success] => 
            [amount] => 366.3
            [authCode] => 
            [cardHoldersName] => User Cancelled
            [cardName] => 
            [cardNumber] => 000000......0000
            [cardExpiryMonth] => 07
            [cardExpiryYear] => 20
            [txnRef] => 0000000b751ff265
            [statusText] => DECLINED
            [recurringID] => 
            [currencySettlement] => NZD
            [currencyInput] => NZD
            [option1] => Order number : 72249
            [option2] => Sadie Fuimaono
            [option3] => zariyah20@gmail.com
            [txnType] => Purchase
            [invoiceReference] => hotshot.co.nz - Order # 72249
            [clientIP] => 49.224.212.28
            [transactionNumber] => ID5f01a67f1333f-
            [emailAddress] => zariyah20@gmail.com
            [billingID] => 001593943679-486
            [txnMac] => 
            [cardNumber2] => 
            [cvc2ResultCode] => NotUsed
        )

    [orderId] => Array
        (
            [0] => Order number 
            [1] =>  72249
        )

    [order] => WC_Order Object
        (
            [status_transition:protected] => 
            [data:protected] => Array
                (
                    [parent_id] => 0
                    [status] => failed
                    [currency] => NZD
                    [version] => 3.6.4
                    [prices_include_tax] => 
                    [date_created] => WC_DateTime Object
                        (
                            [utc_offset:protected] => 0
                            [date] => 2020-07-05 22:07:47.000000
                            [timezone_type] => 3
                            [timezone] => Pacific/Auckland
                        )

                    [date_modified] => WC_DateTime Object
                        (
                            [utc_offset:protected] => 0
                            [date] => 2020-07-05 22:08:25.000000
                            [timezone_type] => 3
                            [timezone] => Pacific/Auckland
                        )

                    [discount_total] => 0
                    [discount_tax] => 0
                    [shipping_total] => 10.00
                    [shipping_tax] => 0
                    [cart_tax] => 0
                    [total] => 366.30
                    [total_tax] => 0
                    [customer_id] => 486
                    [order_key] => wc_order_DexLmDCP1jpB2
                    [billing] => Array
                        (
                            [first_name] => Sadie
                            [last_name] => Fuimaono
                            [company] => 
                            [address_1] => 49 Bahari Drive
                            [address_2] => Ranui
                            [city] => Auckland
                            [state] => 
                            [postcode] => 0612
                            [country] => NZ
                            [email] => zariyah20@gmail.com
                            [phone] => 02108803183
                        )

                    [shipping] => Array
                        (
                            [first_name] => Sadie
                            [last_name] => Fuimaono
                            [company] => 
                            [address_1] => 49 Bahari Drive
                            [address_2] => Ranui
                            [city] => Auckland
                            [state] => 
                            [postcode] => 0612
                            [country] => NZ
                        )

                    [payment_method] => payment_express_hybrid
                    [payment_method_title] => Payment Express
                    [transaction_id] => 
                    [customer_ip_address] => 49.224.212.28
                    [customer_user_agent] => Mozilla/5.0 (Linux; Android 8.1.0; VFD 620) AppleWebKit/537.36 (KHTML, like Gecko) Chrome/81.0.4044.117 Mobile Safari/537.36
                    [created_via] => checkout
                    [customer_note] => 
                    [date_completed] => 
                    [date_paid] => 
                    [cart_hash] => 709a959dfbea79423234569f36f8f061
                )

            [items:protected] => Array
                (
                )

            [items_to_delete:protected] => Array
                (
                )

            [cache_group:protected] => orders
            [data_store_name:protected] => order
            [object_type:protected] => order
            [id:protected] => 72249
            [changes:protected] => Array
                (
                )

            [object_read:protected] => 1
            [extra_data:protected] => Array
                (
                )

            [default_data:protected] => Array
                (
                    [parent_id] => 0
                    [status] => 
                    [currency] => 
                    [version] => 
                    [prices_include_tax] => 
                    [date_created] => 
                    [date_modified] => 
                    [discount_total] => 0
                    [discount_tax] => 0
                    [shipping_total] => 0
                    [shipping_tax] => 0
                    [cart_tax] => 0
                    [total] => 0
                    [total_tax] => 0
                    [customer_id] => 0
                    [order_key] => 
                    [billing] => Array
                        (
                            [first_name] => 
                            [last_name] => 
                            [company] => 
                            [address_1] => 
                            [address_2] => 
                            [city] => 
                            [state] => 
                            [postcode] => 
                            [country] => 
                            [email] => 
                            [phone] => 
                        )

                    [shipping] => Array
                        (
                            [first_name] => 
                            [last_name] => 
                            [company] => 
                            [address_1] => 
                            [address_2] => 
                            [city] => 
                            [state] => 
                            [postcode] => 
                            [country] => 
                        )

                    [payment_method] => 
                    [payment_method_title] => 
                    [transaction_id] => 
                    [customer_ip_address] => 
                    [customer_user_agent] => 
                    [created_via] => 
                    [customer_note] => 
                    [date_completed] => 
                    [date_paid] => 
                    [cart_hash] => 
                )

            [data_store:protected] => WC_Data_Store Object
                (
                    [instance:WC_Data_Store:private] => WC_Order_Data_Store_CPT Object
                        (
                            [internal_meta_keys:protected] => Array
                                (
                                    [0] => _parent_id
                                    [1] => _status
                                    [2] => _currency
                                    [3] => _version
                                    [4] => _prices_include_tax
                                    [5] => _date_created
                                    [6] => _date_modified
                                    [7] => _discount_total
                                    [8] => _discount_tax
                                    [9] => _shipping_total
                                    [10] => _shipping_tax
                                    [11] => _cart_tax
                                    [12] => _total
                                    [13] => _total_tax
                                    [14] => _customer_id
                                    [15] => _order_key
                                    [16] => _billing
                                    [17] => _shipping
                                    [18] => _payment_method
                                    [19] => _payment_method_title
                                    [20] => _transaction_id
                                    [21] => _customer_ip_address
                                    [22] => _customer_user_agent
                                    [23] => _created_via
                                    [24] => _customer_note
                                    [25] => _date_completed
                                    [26] => _date_paid
                                    [27] => _cart_hash
                                    [28] => _customer_user
                                    [29] => _order_key
                                    [30] => _order_currency
                                    [31] => _billing_first_name
                                    [32] => _billing_last_name
                                    [33] => _billing_company
                                    [34] => _billing_address_1
                                    [35] => _billing_address_2
                                    [36] => _billing_city
                                    [37] => _billing_state
                                    [38] => _billing_postcode
                                    [39] => _billing_country
                                    [40] => _billing_email
                                    [41] => _billing_phone
                                    [42] => _shipping_first_name
                                    [43] => _shipping_last_name
                                    [44] => _shipping_company
                                    [45] => _shipping_address_1
                                    [46] => _shipping_address_2
                                    [47] => _shipping_city
                                    [48] => _shipping_state
                                    [49] => _shipping_postcode
                                    [50] => _shipping_country
                                    [51] => _completed_date
                                    [52] => _paid_date
                                    [53] => _edit_lock
                                    [54] => _edit_last
                                    [55] => _cart_discount
                                    [56] => _cart_discount_tax
                                    [57] => _order_shipping
                                    [58] => _order_shipping_tax
                                    [59] => _order_tax
                                    [60] => _order_total
                                    [61] => _payment_method
                                    [62] => _payment_method_title
                                    [63] => _transaction_id
                                    [64] => _customer_ip_address
                                    [65] => _customer_user_agent
                                    [66] => _created_via
                                    [67] => _order_version
                                    [68] => _prices_include_tax
                                    [69] => _date_completed
                                    [70] => _date_paid
                                    [71] => _payment_tokens
                                    [72] => _billing_address_index
                                    [73] => _shipping_address_index
                                    [74] => _recorded_sales
                                    [75] => _recorded_coupon_usage_counts
                                    [76] => _download_permissions_granted
                                    [77] => _order_stock_reduced
                                )

                            [meta_type:protected] => post
                            [object_id_field_for_meta:protected] => 
                            [must_exist_meta_keys:protected] => Array
                                (
                                )

                        )

                    [stores:WC_Data_Store:private] => Array
                        (
                            [coupon] => WC_Coupon_Data_Store_CPT
                            [customer] => WC_Customer_Data_Store
                            [customer-download] => WC_Customer_Download_Data_Store
                            [customer-download-log] => WC_Customer_Download_Log_Data_Store
                            [customer-session] => WC_Customer_Data_Store_Session
                            [order] => WC_Order_Data_Store_CPT
                            [order-refund] => WC_Order_Refund_Data_Store_CPT
                            [order-item] => WC_Order_Item_Data_Store
                            [order-item-coupon] => WC_Order_Item_Coupon_Data_Store
                            [order-item-fee] => WC_Order_Item_Fee_Data_Store
                            [order-item-product] => WC_Order_Item_Product_Data_Store
                            [order-item-shipping] => WC_Order_Item_Shipping_Data_Store
                            [order-item-tax] => WC_Order_Item_Tax_Data_Store
                            [payment-token] => WC_Payment_Token_Data_Store
                            [product] => WC_Product_Data_Store_CPT
                            [product-grouped] => WC_Product_Grouped_Data_Store_CPT
                            [product-variable] => WC_Product_Variable_Data_Store_CPT
                            [product-variation] => WC_Product_Variation_Data_Store_CPT
                            [shipping-zone] => WC_Shipping_Zone_Data_Store
                            [webhook] => WC_Webhook_Data_Store
                            [subscription] => WCS_Subscription_Data_Store_CPT
                            [product-variable-subscription] => WCS_Product_Variable_Data_Store_CPT
                            [product-subscription_variation] => WC_Product_Variation_Data_Store_CPT
                            [order-item-line_item_pending_switch] => WC_Order_Item_Product_Data_Store
                            [report-revenue-stats] => WC_Admin_Reports_Orders_Stats_Data_Store
                            [report-orders] => WC_Admin_Reports_Orders_Data_Store
                            [report-orders-stats] => WC_Admin_Reports_Orders_Stats_Data_Store
                            [report-products] => WC_Admin_Reports_Products_Data_Store
                            [report-variations] => WC_Admin_Reports_Variations_Data_Store
                            [report-products-stats] => WC_Admin_Reports_Products_Stats_Data_Store
                            [report-categories] => WC_Admin_Reports_Categories_Data_Store
                            [report-taxes] => WC_Admin_Reports_Taxes_Data_Store
                            [report-taxes-stats] => WC_Admin_Reports_Taxes_Stats_Data_Store
                            [report-coupons] => WC_Admin_Reports_Coupons_Data_Store
                            [report-coupons-stats] => WC_Admin_Reports_Coupons_Stats_Data_Store
                            [report-downloads] => WC_Admin_Reports_Downloads_Data_Store
                            [report-downloads-stats] => WC_Admin_Reports_Downloads_Stats_Data_Store
                            [admin-note] => WC_Admin_Notes_Data_Store
                            [report-customers] => WC_Admin_Reports_Customers_Data_Store
                            [report-customers-stats] => WC_Admin_Reports_Customers_Stats_Data_Store
                            [report-stock-stats] => WC_Admin_Reports_Stock_Stats_Data_Store
                        )

                    [current_class_name:WC_Data_Store:private] => WC_Order_Data_Store_CPT
                    [object_type:WC_Data_Store:private] => order
                )

            [meta_data:protected] => Array
                (
                    [0] => WC_Meta_Data Object
                        (
                            [current_data:protected] => Array
                                (
                                    [id] => 312638
                                    [key] => mailchimp_woocommerce_campaign_id
                                    [value] => 
                                )

                            [data:protected] => Array
                                (
                                    [id] => 312638
                                    [key] => mailchimp_woocommerce_campaign_id
                                    [value] => 
                                )

                        )

                    [1] => WC_Meta_Data Object
                        (
                            [current_data:protected] => Array
                                (
                                    [id] => 312639
                                    [key] => mailchimp_woocommerce_landing_site
                                    [value] => https://www.hotshot.nz/wc-api/WC_Gateway_Payment_Express_Hybrid/?result=00001101259427180b54f53a8543b5e9&userid=HotShotBroadbandPx
                                )

                            [data:protected] => Array
                                (
                                    [id] => 312639
                                    [key] => mailchimp_woocommerce_landing_site
                                    [value] => https://www.hotshot.nz/wc-api/WC_Gateway_Payment_Express_Hybrid/?result=00001101259427180b54f53a8543b5e9&userid=HotShotBroadbandPx
                                )

                        )

                    [2] => WC_Meta_Data Object
                        (
                            [current_data:protected] => Array
                                (
                                    [id] => 312677
                                    [key] => is_vat_exempt
                                    [value] => no
                                )

                            [data:protected] => Array
                                (
                                    [id] => 312677
                                    [key] => is_vat_exempt
                                    [value] => no
                                )

                        )

                    [3] => WC_Meta_Data Object
                        (
                            [current_data:protected] => Array
                                (
                                    [id] => 312678
                                    [key] => mailchimp_woocommerce_is_subscribed
                                    [value] => 1
                                )

                            [data:protected] => Array
                                (
                                    [id] => 312678
                                    [key] => mailchimp_woocommerce_is_subscribed
                                    [value] => 1
                                )

                        )

                    [4] => WC_Meta_Data Object
                        (
                            [current_data:protected] => Array
                                (
                                    [id] => 312679
                                    [key] => _subscription_switch_data
                                    [value] => Array
                                        (
                                        )

                                )

                            [data:protected] => Array
                                (
                                    [id] => 312679
                                    [key] => _subscription_switch_data
                                    [value] => Array
                                        (
                                        )

                                )

                        )

                )

        )

)

07-05-2020 @ 22:08:30 - failed; DECLINED
