05-13-2020 @ 13:42:04 - Array
(
    [return url] => https://www.hotshot.nz/wc-api/WC_Gateway_Payment_Express_Hybrid/
)

05-13-2020 @ 13:42:04 - ========= initiating transaction request
05-13-2020 @ 13:42:04 - test or live account, invoice ref: hotshot.co.nz - Order # 27758, transaction: ID5ebb506c5b85a-27758, amount: 99.40, billingID: 001589334124-389
05-13-2020 @ 13:42:04 - success URL: https://www.hotshot.nz/wc-api/WC_Gateway_Payment_Express_Hybrid/
05-13-2020 @ 13:42:04 - failure URL: https://www.hotshot.nz/wc-api/WC_Gateway_Payment_Express_Hybrid/
05-13-2020 @ 13:42:04 - Array
(
    [access_userid] => HotShotBroadbandPx
    [access_key] => d6c058c87cc26ea56a481537c248cdea9a9ce41293c144dd666c18abd6ab2917
    [access_url] => https://sec.windcave.com/pxaccess/pxpay.aspx
)

05-13-2020 @ 13:42:04 - https://sec.windcave.com/pxmi3/EF4054F622D6C4C1BD5D96DCA5552A9A101C4841E79190D80DE559A56B4980E9899F4445D81E6D0DE
05-13-2020 @ 13:42:04 - Array
(
    [dps url] => https://sec.windcave.com/pxmi3/EF4054F622D6C4C1BD5D96DCA5552A9A101C4841E79190D80DE559A56B4980E9899F4445D81E6D0DE
    [ajax img_loader] => https://www.hotshot.nz/wp-content/plugins/woocommerce-gateway-payment-express-hybrid/images/ajax-loader.gif
)

05-13-2020 @ 13:42:47 - ====== callback function has been accessed
05-13-2020 @ 13:42:47 - Array
(
    [enc_hex] => 00001101159631710b6c339e665a55c7
)

05-13-2020 @ 13:42:47 - Array
(
    [resultReq->result] => 00001101159631710b6c339e665a55c7
    [enc_hex] => 00001101159631710b6c339e665a55c7
)

05-13-2020 @ 13:42:47 - ========= requesting transaction result
05-13-2020 @ 13:42:47 - Array
(
    [response] => DpsPxPayResultResponse Object
        (
            [isValid] => 1
            [success] => 1
            [amount] => 99.4
            [authCode] => 999999
            [cardHoldersName] => M ROBERTSON
            [cardName] => Visa
            [cardNumber] => 437523......3944
            [cardExpiryMonth] => 10
            [cardExpiryYear] => 20
            [txnRef] => 0000000b6dd63587
            [statusText] => APPROVED
            [recurringID] => 0000110428047392
            [currencySettlement] => NZD
            [currencyInput] => NZD
            [option1] => Order number : 27758
            [option2] => Taela Robertson
            [option3] => taelarobertson97@gmail.com
            [txnType] => Purchase
            [invoiceReference] => hotshot.co.nz - Order # 27758
            [clientIP] => 165.84.60.238
            [transactionNumber] => ID5ebb506c5b85a-
            [emailAddress] => taelarobertson97@gmail.com
            [billingID] => 001589334124-389
            [txnMac] => 99AA4C43
            [cardNumber2] => 
            [cvc2ResultCode] => M
        )

    [orderId] => Array
        (
            [0] => Order number 
            [1] =>  27758
        )

    [order] => WC_Order Object
        (
            [status_transition:protected] => 
            [data:protected] => Array
                (
                    [parent_id] => 0
                    [status] => pending
                    [currency] => NZD
                    [version] => 3.6.4
                    [prices_include_tax] => 
                    [date_created] => WC_DateTime Object
                        (
                            [utc_offset:protected] => 0
                            [date] => 2020-05-13 13:42:01.000000
                            [timezone_type] => 3
                            [timezone] => Pacific/Auckland
                        )

                    [date_modified] => WC_DateTime Object
                        (
                            [utc_offset:protected] => 0
                            [date] => 2020-05-13 13:42:01.000000
                            [timezone_type] => 3
                            [timezone] => Pacific/Auckland
                        )

                    [discount_total] => 0
                    [discount_tax] => 0
                    [shipping_total] => 0.00
                    [shipping_tax] => 0
                    [cart_tax] => 0
                    [total] => 99.40
                    [total_tax] => 0
                    [customer_id] => 389
                    [order_key] => wc_order_I0OCFzbs1gy3Q
                    [billing] => Array
                        (
                            [first_name] => Taela
                            [last_name] => Robertson
                            [company] => 
                            [address_1] => 36A Princess Street
                            [address_2] => Waitara
                            [city] => Waitara
                            [state] => 
                            [postcode] => 4320
                            [country] => NZ
                            [email] => taelarobertson97@gmail.com
                            [phone] => 0274284631
                        )

                    [shipping] => Array
                        (
                            [first_name] => Taela
                            [last_name] => Robertson
                            [company] => 
                            [address_1] => 36A Princess Street
                            [address_2] => Waitara
                            [city] => Waitara
                            [state] => 
                            [postcode] => 4320
                            [country] => NZ
                        )

                    [payment_method] => payment_express_hybrid
                    [payment_method_title] => Payment Express
                    [transaction_id] => 
                    [customer_ip_address] => 165.84.60.238
                    [customer_user_agent] => Mozilla/5.0 (Linux; Android 9; ANE-LX2J) AppleWebKit/537.36 (KHTML, like Gecko) Chrome/81.0.4044.138 Mobile Safari/537.36
                    [created_via] => checkout
                    [customer_note] => 
                    [date_completed] => 
                    [date_paid] => 
                    [cart_hash] => 2932d36b948e940d3c89eadfebbc052a
                )

            [items:protected] => Array
                (
                )

            [items_to_delete:protected] => Array
                (
                )

            [cache_group:protected] => orders
            [data_store_name:protected] => order
            [object_type:protected] => order
            [id:protected] => 27758
            [changes:protected] => Array
                (
                )

            [object_read:protected] => 1
            [extra_data:protected] => Array
                (
                )

            [default_data:protected] => Array
                (
                    [parent_id] => 0
                    [status] => 
                    [currency] => 
                    [version] => 
                    [prices_include_tax] => 
                    [date_created] => 
                    [date_modified] => 
                    [discount_total] => 0
                    [discount_tax] => 0
                    [shipping_total] => 0
                    [shipping_tax] => 0
                    [cart_tax] => 0
                    [total] => 0
                    [total_tax] => 0
                    [customer_id] => 0
                    [order_key] => 
                    [billing] => Array
                        (
                            [first_name] => 
                            [last_name] => 
                            [company] => 
                            [address_1] => 
                            [address_2] => 
                            [city] => 
                            [state] => 
                            [postcode] => 
                            [country] => 
                            [email] => 
                            [phone] => 
                        )

                    [shipping] => Array
                        (
                            [first_name] => 
                            [last_name] => 
                            [company] => 
                            [address_1] => 
                            [address_2] => 
                            [city] => 
                            [state] => 
                            [postcode] => 
                            [country] => 
                        )

                    [payment_method] => 
                    [payment_method_title] => 
                    [transaction_id] => 
                    [customer_ip_address] => 
                    [customer_user_agent] => 
                    [created_via] => 
                    [customer_note] => 
                    [date_completed] => 
                    [date_paid] => 
                    [cart_hash] => 
                )

            [data_store:protected] => WC_Data_Store Object
                (
                    [instance:WC_Data_Store:private] => WC_Order_Data_Store_CPT Object
                        (
                            [internal_meta_keys:protected] => Array
                                (
                                    [0] => _parent_id
                                    [1] => _status
                                    [2] => _currency
                                    [3] => _version
                                    [4] => _prices_include_tax
                                    [5] => _date_created
                                    [6] => _date_modified
                                    [7] => _discount_total
                                    [8] => _discount_tax
                                    [9] => _shipping_total
                                    [10] => _shipping_tax
                                    [11] => _cart_tax
                                    [12] => _total
                                    [13] => _total_tax
                                    [14] => _customer_id
                                    [15] => _order_key
                                    [16] => _billing
                                    [17] => _shipping
                                    [18] => _payment_method
                                    [19] => _payment_method_title
                                    [20] => _transaction_id
                                    [21] => _customer_ip_address
                                    [22] => _customer_user_agent
                                    [23] => _created_via
                                    [24] => _customer_note
                                    [25] => _date_completed
                                    [26] => _date_paid
                                    [27] => _cart_hash
                                    [28] => _customer_user
                                    [29] => _order_key
                                    [30] => _order_currency
                                    [31] => _billing_first_name
                                    [32] => _billing_last_name
                                    [33] => _billing_company
                                    [34] => _billing_address_1
                                    [35] => _billing_address_2
                                    [36] => _billing_city
                                    [37] => _billing_state
                                    [38] => _billing_postcode
                                    [39] => _billing_country
                                    [40] => _billing_email
                                    [41] => _billing_phone
                                    [42] => _shipping_first_name
                                    [43] => _shipping_last_name
                                    [44] => _shipping_company
                                    [45] => _shipping_address_1
                                    [46] => _shipping_address_2
                                    [47] => _shipping_city
                                    [48] => _shipping_state
                                    [49] => _shipping_postcode
                                    [50] => _shipping_country
                                    [51] => _completed_date
                                    [52] => _paid_date
                                    [53] => _edit_lock
                                    [54] => _edit_last
                                    [55] => _cart_discount
                                    [56] => _cart_discount_tax
                                    [57] => _order_shipping
                                    [58] => _order_shipping_tax
                                    [59] => _order_tax
                                    [60] => _order_total
                                    [61] => _payment_method
                                    [62] => _payment_method_title
                                    [63] => _transaction_id
                                    [64] => _customer_ip_address
                                    [65] => _customer_user_agent
                                    [66] => _created_via
                                    [67] => _order_version
                                    [68] => _prices_include_tax
                                    [69] => _date_completed
                                    [70] => _date_paid
                                    [71] => _payment_tokens
                                    [72] => _billing_address_index
                                    [73] => _shipping_address_index
                                    [74] => _recorded_sales
                                    [75] => _recorded_coupon_usage_counts
                                    [76] => _download_permissions_granted
                                    [77] => _order_stock_reduced
                                )

                            [meta_type:protected] => post
                            [object_id_field_for_meta:protected] => 
                            [must_exist_meta_keys:protected] => Array
                                (
                                )

                        )

                    [stores:WC_Data_Store:private] => Array
                        (
                            [coupon] => WC_Coupon_Data_Store_CPT
                            [customer] => WC_Customer_Data_Store
                            [customer-download] => WC_Customer_Download_Data_Store
                            [customer-download-log] => WC_Customer_Download_Log_Data_Store
                            [customer-session] => WC_Customer_Data_Store_Session
                            [order] => WC_Order_Data_Store_CPT
                            [order-refund] => WC_Order_Refund_Data_Store_CPT
                            [order-item] => WC_Order_Item_Data_Store
                            [order-item-coupon] => WC_Order_Item_Coupon_Data_Store
                            [order-item-fee] => WC_Order_Item_Fee_Data_Store
                            [order-item-product] => WC_Order_Item_Product_Data_Store
                            [order-item-shipping] => WC_Order_Item_Shipping_Data_Store
                            [order-item-tax] => WC_Order_Item_Tax_Data_Store
                            [payment-token] => WC_Payment_Token_Data_Store
                            [product] => WC_Product_Data_Store_CPT
                            [product-grouped] => WC_Product_Grouped_Data_Store_CPT
                            [product-variable] => WC_Product_Variable_Data_Store_CPT
                            [product-variation] => WC_Product_Variation_Data_Store_CPT
                            [shipping-zone] => WC_Shipping_Zone_Data_Store
                            [webhook] => WC_Webhook_Data_Store
                            [subscription] => WCS_Subscription_Data_Store_CPT
                            [product-variable-subscription] => WCS_Product_Variable_Data_Store_CPT
                            [product-subscription_variation] => WC_Product_Variation_Data_Store_CPT
                            [order-item-line_item_pending_switch] => WC_Order_Item_Product_Data_Store
                            [report-revenue-stats] => WC_Admin_Reports_Orders_Stats_Data_Store
                            [report-orders] => WC_Admin_Reports_Orders_Data_Store
                            [report-orders-stats] => WC_Admin_Reports_Orders_Stats_Data_Store
                            [report-products] => WC_Admin_Reports_Products_Data_Store
                            [report-variations] => WC_Admin_Reports_Variations_Data_Store
                            [report-products-stats] => WC_Admin_Reports_Products_Stats_Data_Store
                            [report-categories] => WC_Admin_Reports_Categories_Data_Store
                            [report-taxes] => WC_Admin_Reports_Taxes_Data_Store
                            [report-taxes-stats] => WC_Admin_Reports_Taxes_Stats_Data_Store
                            [report-coupons] => WC_Admin_Reports_Coupons_Data_Store
                            [report-coupons-stats] => WC_Admin_Reports_Coupons_Stats_Data_Store
                            [report-downloads] => WC_Admin_Reports_Downloads_Data_Store
                            [report-downloads-stats] => WC_Admin_Reports_Downloads_Stats_Data_Store
                            [admin-note] => WC_Admin_Notes_Data_Store
                            [report-customers] => WC_Admin_Reports_Customers_Data_Store
                            [report-customers-stats] => WC_Admin_Reports_Customers_Stats_Data_Store
                            [report-stock-stats] => WC_Admin_Reports_Stock_Stats_Data_Store
                        )

                    [current_class_name:WC_Data_Store:private] => WC_Order_Data_Store_CPT
                    [object_type:WC_Data_Store:private] => order
                )

            [meta_data:protected] => Array
                (
                    [0] => WC_Meta_Data Object
                        (
                            [current_data:protected] => Array
                                (
                                    [id] => 204629
                                    [key] => is_vat_exempt
                                    [value] => no
                                )

                            [data:protected] => Array
                                (
                                    [id] => 204629
                                    [key] => is_vat_exempt
                                    [value] => no
                                )

                        )

                    [1] => WC_Meta_Data Object
                        (
                            [current_data:protected] => Array
                                (
                                    [id] => 204630
                                    [key] => _subscription_switch_data
                                    [value] => Array
                                        (
                                        )

                                )

                            [data:protected] => Array
                                (
                                    [id] => 204630
                                    [key] => _subscription_switch_data
                                    [value] => Array
                                        (
                                        )

                                )

                        )

                )

        )

)

05-13-2020 @ 13:42:49 - Array
(
    [current_user->ID] => 389
    [BillingId] => 001589334124-389
)

05-13-2020 @ 13:42:58 - ====== callback function has been accessed
05-13-2020 @ 13:42:58 - Array
(
    [enc_hex] => 00001101159631710b6c339e665a55c7
)

05-13-2020 @ 13:42:58 - Array
(
    [resultReq->result] => 00001101159631710b6c339e665a55c7
    [enc_hex] => 00001101159631710b6c339e665a55c7
)

05-13-2020 @ 13:42:58 - ========= requesting transaction result
05-13-2020 @ 13:42:58 - Array
(
    [response] => DpsPxPayResultResponse Object
        (
            [isValid] => 1
            [success] => 1
            [amount] => 99.4
            [authCode] => 999999
            [cardHoldersName] => M ROBERTSON
            [cardName] => Visa
            [cardNumber] => 437523......3944
            [cardExpiryMonth] => 10
            [cardExpiryYear] => 20
            [txnRef] => 0000000b6dd63587
            [statusText] => APPROVED
            [recurringID] => 0000110428047392
            [currencySettlement] => NZD
            [currencyInput] => NZD
            [option1] => Order number : 27758
            [option2] => Taela Robertson
            [option3] => taelarobertson97@gmail.com
            [txnType] => Purchase
            [invoiceReference] => hotshot.co.nz - Order # 27758
            [clientIP] => 165.84.60.238
            [transactionNumber] => ID5ebb506c5b85a-
            [emailAddress] => taelarobertson97@gmail.com
            [billingID] => 001589334124-389
            [txnMac] => 99AA4C43
            [cardNumber2] => 
            [cvc2ResultCode] => M
        )

    [orderId] => Array
        (
            [0] => Order number 
            [1] =>  27758
        )

    [order] => WC_Order Object
        (
            [status_transition:protected] => 
            [data:protected] => Array
                (
                    [parent_id] => 0
                    [status] => processing
                    [currency] => NZD
                    [version] => 3.6.4
                    [prices_include_tax] => 
                    [date_created] => WC_DateTime Object
                        (
                            [utc_offset:protected] => 0
                            [date] => 2020-05-13 13:42:01.000000
                            [timezone_type] => 3
                            [timezone] => Pacific/Auckland
                        )

                    [date_modified] => WC_DateTime Object
                        (
                            [utc_offset:protected] => 0
                            [date] => 2020-05-13 13:42:47.000000
                            [timezone_type] => 3
                            [timezone] => Pacific/Auckland
                        )

                    [discount_total] => 0
                    [discount_tax] => 0
                    [shipping_total] => 0.00
                    [shipping_tax] => 0
                    [cart_tax] => 0
                    [total] => 99.40
                    [total_tax] => 0
                    [customer_id] => 389
                    [order_key] => wc_order_I0OCFzbs1gy3Q
                    [billing] => Array
                        (
                            [first_name] => Taela
                            [last_name] => Robertson
                            [company] => 
                            [address_1] => 36A Princess Street
                            [address_2] => Waitara
                            [city] => Waitara
                            [state] => 
                            [postcode] => 4320
                            [country] => NZ
                            [email] => taelarobertson97@gmail.com
                            [phone] => 0274284631
                        )

                    [shipping] => Array
                        (
                            [first_name] => Taela
                            [last_name] => Robertson
                            [company] => 
                            [address_1] => 36A Princess Street
                            [address_2] => Waitara
                            [city] => Waitara
                            [state] => 
                            [postcode] => 4320
                            [country] => NZ
                        )

                    [payment_method] => payment_express_hybrid
                    [payment_method_title] => Payment Express
                    [transaction_id] => 
                    [customer_ip_address] => 165.84.60.238
                    [customer_user_agent] => Mozilla/5.0 (Linux; Android 9; ANE-LX2J) AppleWebKit/537.36 (KHTML, like Gecko) Chrome/81.0.4044.138 Mobile Safari/537.36
                    [created_via] => checkout
                    [customer_note] => 
                    [date_completed] => 
                    [date_paid] => WC_DateTime Object
                        (
                            [utc_offset:protected] => 0
                            [date] => 2020-05-13 13:42:47.000000
                            [timezone_type] => 3
                            [timezone] => Pacific/Auckland
                        )

                    [cart_hash] => 2932d36b948e940d3c89eadfebbc052a
                )

            [items:protected] => Array
                (
                )

            [items_to_delete:protected] => Array
                (
                )

            [cache_group:protected] => orders
            [data_store_name:protected] => order
            [object_type:protected] => order
            [id:protected] => 27758
            [changes:protected] => Array
                (
                )

            [object_read:protected] => 1
            [extra_data:protected] => Array
                (
                )

            [default_data:protected] => Array
                (
                    [parent_id] => 0
                    [status] => 
                    [currency] => 
                    [version] => 
                    [prices_include_tax] => 
                    [date_created] => 
                    [date_modified] => 
                    [discount_total] => 0
                    [discount_tax] => 0
                    [shipping_total] => 0
                    [shipping_tax] => 0
                    [cart_tax] => 0
                    [total] => 0
                    [total_tax] => 0
                    [customer_id] => 0
                    [order_key] => 
                    [billing] => Array
                        (
                            [first_name] => 
                            [last_name] => 
                            [company] => 
                            [address_1] => 
                            [address_2] => 
                            [city] => 
                            [state] => 
                            [postcode] => 
                            [country] => 
                            [email] => 
                            [phone] => 
                        )

                    [shipping] => Array
                        (
                            [first_name] => 
                            [last_name] => 
                            [company] => 
                            [address_1] => 
                            [address_2] => 
                            [city] => 
                            [state] => 
                            [postcode] => 
                            [country] => 
                        )

                    [payment_method] => 
                    [payment_method_title] => 
                    [transaction_id] => 
                    [customer_ip_address] => 
                    [customer_user_agent] => 
                    [created_via] => 
                    [customer_note] => 
                    [date_completed] => 
                    [date_paid] => 
                    [cart_hash] => 
                )

            [data_store:protected] => WC_Data_Store Object
                (
                    [instance:WC_Data_Store:private] => WC_Order_Data_Store_CPT Object
                        (
                            [internal_meta_keys:protected] => Array
                                (
                                    [0] => _customer_user
                                    [1] => _order_key
                                    [2] => _order_currency
                                    [3] => _billing_first_name
                                    [4] => _billing_last_name
                                    [5] => _billing_company
                                    [6] => _billing_address_1
                                    [7] => _billing_address_2
                                    [8] => _billing_city
                                    [9] => _billing_state
                                    [10] => _billing_postcode
                                    [11] => _billing_country
                                    [12] => _billing_email
                                    [13] => _billing_phone
                                    [14] => _shipping_first_name
                                    [15] => _shipping_last_name
                                    [16] => _shipping_company
                                    [17] => _shipping_address_1
                                    [18] => _shipping_address_2
                                    [19] => _shipping_city
                                    [20] => _shipping_state
                                    [21] => _shipping_postcode
                                    [22] => _shipping_country
                                    [23] => _completed_date
                                    [24] => _paid_date
                                    [25] => _edit_lock
                                    [26] => _edit_last
                                    [27] => _cart_discount
                                    [28] => _cart_discount_tax
                                    [29] => _order_shipping
                                    [30] => _order_shipping_tax
                                    [31] => _order_tax
                                    [32] => _order_total
                                    [33] => _payment_method
                                    [34] => _payment_method_title
                                    [35] => _transaction_id
                                    [36] => _customer_ip_address
                                    [37] => _customer_user_agent
                                    [38] => _created_via
                                    [39] => _order_version
                                    [40] => _prices_include_tax
                                    [41] => _date_completed
                                    [42] => _date_paid
                                    [43] => _payment_tokens
                                    [44] => _billing_address_index
                                    [45] => _shipping_address_index
                                    [46] => _recorded_sales
                                    [47] => _recorded_coupon_usage_counts
                                    [48] => _download_permissions_granted
                                    [49] => _order_stock_reduced
                                )

                            [meta_type:protected] => post
                            [object_id_field_for_meta:protected] => 
                            [must_exist_meta_keys:protected] => Array
                                (
                                )

                        )

                    [stores:WC_Data_Store:private] => Array
                        (
                            [coupon] => WC_Coupon_Data_Store_CPT
                            [customer] => WC_Customer_Data_Store
                            [customer-download] => WC_Customer_Download_Data_Store
                            [customer-download-log] => WC_Customer_Download_Log_Data_Store
                            [customer-session] => WC_Customer_Data_Store_Session
                            [order] => WC_Order_Data_Store_CPT
                            [order-refund] => WC_Order_Refund_Data_Store_CPT
                            [order-item] => WC_Order_Item_Data_Store
                            [order-item-coupon] => WC_Order_Item_Coupon_Data_Store
                            [order-item-fee] => WC_Order_Item_Fee_Data_Store
                            [order-item-product] => WC_Order_Item_Product_Data_Store
                            [order-item-shipping] => WC_Order_Item_Shipping_Data_Store
                            [order-item-tax] => WC_Order_Item_Tax_Data_Store
                            [payment-token] => WC_Payment_Token_Data_Store
                            [product] => WC_Product_Data_Store_CPT
                            [product-grouped] => WC_Product_Grouped_Data_Store_CPT
                            [product-variable] => WC_Product_Variable_Data_Store_CPT
                            [product-variation] => WC_Product_Variation_Data_Store_CPT
                            [shipping-zone] => WC_Shipping_Zone_Data_Store
                            [webhook] => WC_Webhook_Data_Store
                            [subscription] => WCS_Subscription_Data_Store_CPT
                            [product-variable-subscription] => WCS_Product_Variable_Data_Store_CPT
                            [product-subscription_variation] => WC_Product_Variation_Data_Store_CPT
                            [order-item-line_item_pending_switch] => WC_Order_Item_Product_Data_Store
                            [report-revenue-stats] => WC_Admin_Reports_Orders_Stats_Data_Store
                            [report-orders] => WC_Admin_Reports_Orders_Data_Store
                            [report-orders-stats] => WC_Admin_Reports_Orders_Stats_Data_Store
                            [report-products] => WC_Admin_Reports_Products_Data_Store
                            [report-variations] => WC_Admin_Reports_Variations_Data_Store
                            [report-products-stats] => WC_Admin_Reports_Products_Stats_Data_Store
                            [report-categories] => WC_Admin_Reports_Categories_Data_Store
                            [report-taxes] => WC_Admin_Reports_Taxes_Data_Store
                            [report-taxes-stats] => WC_Admin_Reports_Taxes_Stats_Data_Store
                            [report-coupons] => WC_Admin_Reports_Coupons_Data_Store
                            [report-coupons-stats] => WC_Admin_Reports_Coupons_Stats_Data_Store
                            [report-downloads] => WC_Admin_Reports_Downloads_Data_Store
                            [report-downloads-stats] => WC_Admin_Reports_Downloads_Stats_Data_Store
                            [admin-note] => WC_Admin_Notes_Data_Store
                            [report-customers] => WC_Admin_Reports_Customers_Data_Store
                            [report-customers-stats] => WC_Admin_Reports_Customers_Stats_Data_Store
                            [report-stock-stats] => WC_Admin_Reports_Stock_Stats_Data_Store
                        )

                    [current_class_name:WC_Data_Store:private] => WC_Order_Data_Store_CPT
                    [object_type:WC_Data_Store:private] => order
                )

            [meta_data:protected] => Array
                (
                    [0] => WC_Meta_Data Object
                        (
                            [current_data:protected] => Array
                                (
                                    [id] => 204629
                                    [key] => is_vat_exempt
                                    [value] => no
                                )

                            [data:protected] => Array
                                (
                                    [id] => 204629
                                    [key] => is_vat_exempt
                                    [value] => no
                                )

                        )

                    [1] => WC_Meta_Data Object
                        (
                            [current_data:protected] => Array
                                (
                                    [id] => 204630
                                    [key] => _subscription_switch_data
                                    [value] => Array
                                        (
                                        )

                                )

                            [data:protected] => Array
                                (
                                    [id] => 204630
                                    [key] => _subscription_switch_data
                                    [value] => Array
                                        (
                                        )

                                )

                        )

                )

        )

)

05-13-2020 @ 13:42:58 - Array
(
    [current_user->ID] => 389
    [BillingId] => 001589334124-389
)

05-13-2020 @ 14:06:24 - Array
(
    [return url] => https://www.hotshot.nz/wc-api/WC_Gateway_Payment_Express_Hybrid/
)

05-13-2020 @ 14:06:24 - ========= initiating transaction request
05-13-2020 @ 14:06:24 - test or live account, invoice ref: hotshot.co.nz - Order # 27775, transaction: ID5ebb5620dc429-27775, amount: 139.00, billingID: 001589335584-379
05-13-2020 @ 14:06:24 - success URL: https://www.hotshot.nz/wc-api/WC_Gateway_Payment_Express_Hybrid/
05-13-2020 @ 14:06:24 - failure URL: https://www.hotshot.nz/wc-api/WC_Gateway_Payment_Express_Hybrid/
05-13-2020 @ 14:06:24 - Array
(
    [access_userid] => HotShotBroadbandPx
    [access_key] => d6c058c87cc26ea56a481537c248cdea9a9ce41293c144dd666c18abd6ab2917
    [access_url] => https://sec.windcave.com/pxaccess/pxpay.aspx
)

05-13-2020 @ 14:06:25 - https://sec.windcave.com/pxmi3/EF4054F622D6C4C1BD5D96DCA5552A9A1AB3547B699414834492F423F68BD0EECFBE34873F8CE909C
05-13-2020 @ 14:06:25 - Array
(
    [dps url] => https://sec.windcave.com/pxmi3/EF4054F622D6C4C1BD5D96DCA5552A9A1AB3547B699414834492F423F68BD0EECFBE34873F8CE909C
    [ajax img_loader] => https://www.hotshot.nz/wp-content/plugins/woocommerce-gateway-payment-express-hybrid/images/ajax-loader.gif
)

05-13-2020 @ 14:07:09 - ====== callback function has been accessed
05-13-2020 @ 14:07:09 - Array
(
    [enc_hex] => 00001101159706380ba100661a127c10
)

05-13-2020 @ 14:07:09 - Array
(
    [resultReq->result] => 00001101159706380ba100661a127c10
    [enc_hex] => 00001101159706380ba100661a127c10
)

05-13-2020 @ 14:07:09 - ========= requesting transaction result
05-13-2020 @ 14:07:10 - Array
(
    [response] => DpsPxPayResultResponse Object
        (
            [isValid] => 1
            [success] => 1
            [amount] => 139
            [authCode] => 128490
            [cardHoldersName] => JOE REWETI
            [cardName] => Visa
            [cardNumber] => 483741......7112
            [cardExpiryMonth] => 11
            [cardExpiryYear] => 21
            [txnRef] => 0000000b6dd71282
            [statusText] => APPROVED
            [recurringID] => 0000110428051996
            [currencySettlement] => NZD
            [currencyInput] => NZD
            [option1] => Order number : 27775
            [option2] => Joe Reweti
            [option3] => 509paraparatoatoa@gmail.com
            [txnType] => Purchase
            [invoiceReference] => hotshot.co.nz - Order # 27775
            [clientIP] => 118.149.94.254
            [transactionNumber] => ID5ebb5620dc429-
            [emailAddress] => 509paraparatoatoa@gmail.com
            [billingID] => 001589335584-379
            [txnMac] => E2C9F8C6
            [cardNumber2] => 
            [cvc2ResultCode] => M
        )

    [orderId] => Array
        (
            [0] => Order number 
            [1] =>  27775
        )

    [order] => WC_Order Object
        (
            [status_transition:protected] => 
            [data:protected] => Array
                (
                    [parent_id] => 0
                    [status] => pending
                    [currency] => NZD
                    [version] => 3.6.4
                    [prices_include_tax] => 
                    [date_created] => WC_DateTime Object
                        (
                            [utc_offset:protected] => 0
                            [date] => 2020-05-13 14:06:14.000000
                            [timezone_type] => 3
                            [timezone] => Pacific/Auckland
                        )

                    [date_modified] => WC_DateTime Object
                        (
                            [utc_offset:protected] => 0
                            [date] => 2020-05-13 14:06:14.000000
                            [timezone_type] => 3
                            [timezone] => Pacific/Auckland
                        )

                    [discount_total] => 0
                    [discount_tax] => 0
                    [shipping_total] => 0.00
                    [shipping_tax] => 0
                    [cart_tax] => 0
                    [total] => 139.00
                    [total_tax] => 0
                    [customer_id] => 379
                    [order_key] => wc_order_bbGgUSoSJyiOd
                    [billing] => Array
                        (
                            [first_name] => Joe
                            [last_name] => Reweti
                            [company] => 
                            [address_1] => 11 Luanda Drive
                            [address_2] => Ranui
                            [city] => Auckland
                            [state] => 
                            [postcode] => 0612
                            [country] => NZ
                            [email] => 509paraparatoatoa@gmail.com
                            [phone] => 0220197661
                        )

                    [shipping] => Array
                        (
                            [first_name] => Joe
                            [last_name] => Reweti
                            [company] => 
                            [address_1] => 11 Luanda Drive
                            [address_2] => Ranui
                            [city] => Auckland
                            [state] => 
                            [postcode] => 0612
                            [country] => NZ
                        )

                    [payment_method] => payment_express_hybrid
                    [payment_method_title] => Payment Express
                    [transaction_id] => 
                    [customer_ip_address] => 118.149.94.254
                    [customer_user_agent] => Mozilla/5.0 (Linux; Android 8.1.0; 5059T) AppleWebKit/537.36 (KHTML, like Gecko) Chrome/81.0.4044.138 Mobile Safari/537.36
                    [created_via] => checkout
                    [customer_note] => 
                    [date_completed] => 
                    [date_paid] => 
                    [cart_hash] => 4f4af3731a854ad369661e16ec1cf146
                )

            [items:protected] => Array
                (
                )

            [items_to_delete:protected] => Array
                (
                )

            [cache_group:protected] => orders
            [data_store_name:protected] => order
            [object_type:protected] => order
            [id:protected] => 27775
            [changes:protected] => Array
                (
                )

            [object_read:protected] => 1
            [extra_data:protected] => Array
                (
                )

            [default_data:protected] => Array
                (
                    [parent_id] => 0
                    [status] => 
                    [currency] => 
                    [version] => 
                    [prices_include_tax] => 
                    [date_created] => 
                    [date_modified] => 
                    [discount_total] => 0
                    [discount_tax] => 0
                    [shipping_total] => 0
                    [shipping_tax] => 0
                    [cart_tax] => 0
                    [total] => 0
                    [total_tax] => 0
                    [customer_id] => 0
                    [order_key] => 
                    [billing] => Array
                        (
                            [first_name] => 
                            [last_name] => 
                            [company] => 
                            [address_1] => 
                            [address_2] => 
                            [city] => 
                            [state] => 
                            [postcode] => 
                            [country] => 
                            [email] => 
                            [phone] => 
                        )

                    [shipping] => Array
                        (
                            [first_name] => 
                            [last_name] => 
                            [company] => 
                            [address_1] => 
                            [address_2] => 
                            [city] => 
                            [state] => 
                            [postcode] => 
                            [country] => 
                        )

                    [payment_method] => 
                    [payment_method_title] => 
                    [transaction_id] => 
                    [customer_ip_address] => 
                    [customer_user_agent] => 
                    [created_via] => 
                    [customer_note] => 
                    [date_completed] => 
                    [date_paid] => 
                    [cart_hash] => 
                )

            [data_store:protected] => WC_Data_Store Object
                (
                    [instance:WC_Data_Store:private] => WC_Order_Data_Store_CPT Object
                        (
                            [internal_meta_keys:protected] => Array
                                (
                                    [0] => _parent_id
                                    [1] => _status
                                    [2] => _currency
                                    [3] => _version
                                    [4] => _prices_include_tax
                                    [5] => _date_created
                                    [6] => _date_modified
                                    [7] => _discount_total
                                    [8] => _discount_tax
                                    [9] => _shipping_total
                                    [10] => _shipping_tax
                                    [11] => _cart_tax
                                    [12] => _total
                                    [13] => _total_tax
                                    [14] => _customer_id
                                    [15] => _order_key
                                    [16] => _billing
                                    [17] => _shipping
                                    [18] => _payment_method
                                    [19] => _payment_method_title
                                    [20] => _transaction_id
                                    [21] => _customer_ip_address
                                    [22] => _customer_user_agent
                                    [23] => _created_via
                                    [24] => _customer_note
                                    [25] => _date_completed
                                    [26] => _date_paid
                                    [27] => _cart_hash
                                    [28] => _customer_user
                                    [29] => _order_key
                                    [30] => _order_currency
                                    [31] => _billing_first_name
                                    [32] => _billing_last_name
                                    [33] => _billing_company
                                    [34] => _billing_address_1
                                    [35] => _billing_address_2
                                    [36] => _billing_city
                                    [37] => _billing_state
                                    [38] => _billing_postcode
                                    [39] => _billing_country
                                    [40] => _billing_email
                                    [41] => _billing_phone
                                    [42] => _shipping_first_name
                                    [43] => _shipping_last_name
                                    [44] => _shipping_company
                                    [45] => _shipping_address_1
                                    [46] => _shipping_address_2
                                    [47] => _shipping_city
                                    [48] => _shipping_state
                                    [49] => _shipping_postcode
                                    [50] => _shipping_country
                                    [51] => _completed_date
                                    [52] => _paid_date
                                    [53] => _edit_lock
                                    [54] => _edit_last
                                    [55] => _cart_discount
                                    [56] => _cart_discount_tax
                                    [57] => _order_shipping
                                    [58] => _order_shipping_tax
                                    [59] => _order_tax
                                    [60] => _order_total
                                    [61] => _payment_method
                                    [62] => _payment_method_title
                                    [63] => _transaction_id
                                    [64] => _customer_ip_address
                                    [65] => _customer_user_agent
                                    [66] => _created_via
                                    [67] => _order_version
                                    [68] => _prices_include_tax
                                    [69] => _date_completed
                                    [70] => _date_paid
                                    [71] => _payment_tokens
                                    [72] => _billing_address_index
                                    [73] => _shipping_address_index
                                    [74] => _recorded_sales
                                    [75] => _recorded_coupon_usage_counts
                                    [76] => _download_permissions_granted
                                    [77] => _order_stock_reduced
                                )

                            [meta_type:protected] => post
                            [object_id_field_for_meta:protected] => 
                            [must_exist_meta_keys:protected] => Array
                                (
                                )

                        )

                    [stores:WC_Data_Store:private] => Array
                        (
                            [coupon] => WC_Coupon_Data_Store_CPT
                            [customer] => WC_Customer_Data_Store
                            [customer-download] => WC_Customer_Download_Data_Store
                            [customer-download-log] => WC_Customer_Download_Log_Data_Store
                            [customer-session] => WC_Customer_Data_Store_Session
                            [order] => WC_Order_Data_Store_CPT
                            [order-refund] => WC_Order_Refund_Data_Store_CPT
                            [order-item] => WC_Order_Item_Data_Store
                            [order-item-coupon] => WC_Order_Item_Coupon_Data_Store
                            [order-item-fee] => WC_Order_Item_Fee_Data_Store
                            [order-item-product] => WC_Order_Item_Product_Data_Store
                            [order-item-shipping] => WC_Order_Item_Shipping_Data_Store
                            [order-item-tax] => WC_Order_Item_Tax_Data_Store
                            [payment-token] => WC_Payment_Token_Data_Store
                            [product] => WC_Product_Data_Store_CPT
                            [product-grouped] => WC_Product_Grouped_Data_Store_CPT
                            [product-variable] => WC_Product_Variable_Data_Store_CPT
                            [product-variation] => WC_Product_Variation_Data_Store_CPT
                            [shipping-zone] => WC_Shipping_Zone_Data_Store
                            [webhook] => WC_Webhook_Data_Store
                            [subscription] => WCS_Subscription_Data_Store_CPT
                            [product-variable-subscription] => WCS_Product_Variable_Data_Store_CPT
                            [product-subscription_variation] => WC_Product_Variation_Data_Store_CPT
                            [order-item-line_item_pending_switch] => WC_Order_Item_Product_Data_Store
                            [report-revenue-stats] => WC_Admin_Reports_Orders_Stats_Data_Store
                            [report-orders] => WC_Admin_Reports_Orders_Data_Store
                            [report-orders-stats] => WC_Admin_Reports_Orders_Stats_Data_Store
                            [report-products] => WC_Admin_Reports_Products_Data_Store
                            [report-variations] => WC_Admin_Reports_Variations_Data_Store
                            [report-products-stats] => WC_Admin_Reports_Products_Stats_Data_Store
                            [report-categories] => WC_Admin_Reports_Categories_Data_Store
                            [report-taxes] => WC_Admin_Reports_Taxes_Data_Store
                            [report-taxes-stats] => WC_Admin_Reports_Taxes_Stats_Data_Store
                            [report-coupons] => WC_Admin_Reports_Coupons_Data_Store
                            [report-coupons-stats] => WC_Admin_Reports_Coupons_Stats_Data_Store
                            [report-downloads] => WC_Admin_Reports_Downloads_Data_Store
                            [report-downloads-stats] => WC_Admin_Reports_Downloads_Stats_Data_Store
                            [admin-note] => WC_Admin_Notes_Data_Store
                            [report-customers] => WC_Admin_Reports_Customers_Data_Store
                            [report-customers-stats] => WC_Admin_Reports_Customers_Stats_Data_Store
                            [report-stock-stats] => WC_Admin_Reports_Stock_Stats_Data_Store
                        )

                    [current_class_name:WC_Data_Store:private] => WC_Order_Data_Store_CPT
                    [object_type:WC_Data_Store:private] => order
                )

            [meta_data:protected] => Array
                (
                    [0] => WC_Meta_Data Object
                        (
                            [current_data:protected] => Array
                                (
                                    [id] => 204802
                                    [key] => is_vat_exempt
                                    [value] => no
                                )

                            [data:protected] => Array
                                (
                                    [id] => 204802
                                    [key] => is_vat_exempt
                                    [value] => no
                                )

                        )

                )

        )

)

05-13-2020 @ 14:07:12 - Array
(
    [current_user->ID] => 379
    [BillingId] => 001589335584-379
)

05-13-2020 @ 14:07:15 - ====== callback function has been accessed
05-13-2020 @ 14:07:15 - Array
(
    [enc_hex] => 00001101159706380ba100661a127c10
)

05-13-2020 @ 14:07:15 - Array
(
    [resultReq->result] => 00001101159706380ba100661a127c10
    [enc_hex] => 00001101159706380ba100661a127c10
)

05-13-2020 @ 14:07:15 - ========= requesting transaction result
05-13-2020 @ 14:07:15 - Array
(
    [response] => DpsPxPayResultResponse Object
        (
            [isValid] => 1
            [success] => 1
            [amount] => 139
            [authCode] => 128490
            [cardHoldersName] => JOE REWETI
            [cardName] => Visa
            [cardNumber] => 483741......7112
            [cardExpiryMonth] => 11
            [cardExpiryYear] => 21
            [txnRef] => 0000000b6dd71282
            [statusText] => APPROVED
            [recurringID] => 0000110428051996
            [currencySettlement] => NZD
            [currencyInput] => NZD
            [option1] => Order number : 27775
            [option2] => Joe Reweti
            [option3] => 509paraparatoatoa@gmail.com
            [txnType] => Purchase
            [invoiceReference] => hotshot.co.nz - Order # 27775
            [clientIP] => 118.149.94.254
            [transactionNumber] => ID5ebb5620dc429-
            [emailAddress] => 509paraparatoatoa@gmail.com
            [billingID] => 001589335584-379
            [txnMac] => E2C9F8C6
            [cardNumber2] => 
            [cvc2ResultCode] => M
        )

    [orderId] => Array
        (
            [0] => Order number 
            [1] =>  27775
        )

    [order] => WC_Order Object
        (
            [status_transition:protected] => 
            [data:protected] => Array
                (
                    [parent_id] => 0
                    [status] => processing
                    [currency] => NZD
                    [version] => 3.6.4
                    [prices_include_tax] => 
                    [date_created] => WC_DateTime Object
                        (
                            [utc_offset:protected] => 0
                            [date] => 2020-05-13 14:06:14.000000
                            [timezone_type] => 3
                            [timezone] => Pacific/Auckland
                        )

                    [date_modified] => WC_DateTime Object
                        (
                            [utc_offset:protected] => 0
                            [date] => 2020-05-13 14:07:10.000000
                            [timezone_type] => 3
                            [timezone] => Pacific/Auckland
                        )

                    [discount_total] => 0
                    [discount_tax] => 0
                    [shipping_total] => 0.00
                    [shipping_tax] => 0
                    [cart_tax] => 0
                    [total] => 139.00
                    [total_tax] => 0
                    [customer_id] => 379
                    [order_key] => wc_order_bbGgUSoSJyiOd
                    [billing] => Array
                        (
                            [first_name] => Joe
                            [last_name] => Reweti
                            [company] => 
                            [address_1] => 11 Luanda Drive
                            [address_2] => Ranui
                            [city] => Auckland
                            [state] => 
                            [postcode] => 0612
                            [country] => NZ
                            [email] => 509paraparatoatoa@gmail.com
                            [phone] => 0220197661
                        )

                    [shipping] => Array
                        (
                            [first_name] => Joe
                            [last_name] => Reweti
                            [company] => 
                            [address_1] => 11 Luanda Drive
                            [address_2] => Ranui
                            [city] => Auckland
                            [state] => 
                            [postcode] => 0612
                            [country] => NZ
                        )

                    [payment_method] => payment_express_hybrid
                    [payment_method_title] => Payment Express
                    [transaction_id] => 
                    [customer_ip_address] => 103.232.204.38
                    [customer_user_agent] => Mozilla/5.0 (Linux; Android 8.1.0; 5059T) AppleWebKit/537.36 (KHTML, like Gecko) Chrome/81.0.4044.138 Mobile Safari/537.36
                    [created_via] => checkout
                    [customer_note] => 
                    [date_completed] => 
                    [date_paid] => WC_DateTime Object
                        (
                            [utc_offset:protected] => 0
                            [date] => 2020-05-13 14:07:10.000000
                            [timezone_type] => 3
                            [timezone] => Pacific/Auckland
                        )

                    [cart_hash] => 4f4af3731a854ad369661e16ec1cf146
                )

            [items:protected] => Array
                (
                )

            [items_to_delete:protected] => Array
                (
                )

            [cache_group:protected] => orders
            [data_store_name:protected] => order
            [object_type:protected] => order
            [id:protected] => 27775
            [changes:protected] => Array
                (
                )

            [object_read:protected] => 1
            [extra_data:protected] => Array
                (
                )

            [default_data:protected] => Array
                (
                    [parent_id] => 0
                    [status] => 
                    [currency] => 
                    [version] => 
                    [prices_include_tax] => 
                    [date_created] => 
                    [date_modified] => 
                    [discount_total] => 0
                    [discount_tax] => 0
                    [shipping_total] => 0
                    [shipping_tax] => 0
                    [cart_tax] => 0
                    [total] => 0
                    [total_tax] => 0
                    [customer_id] => 0
                    [order_key] => 
                    [billing] => Array
                        (
                            [first_name] => 
                            [last_name] => 
                            [company] => 
                            [address_1] => 
                            [address_2] => 
                            [city] => 
                            [state] => 
                            [postcode] => 
                            [country] => 
                            [email] => 
                            [phone] => 
                        )

                    [shipping] => Array
                        (
                            [first_name] => 
                            [last_name] => 
                            [company] => 
                            [address_1] => 
                            [address_2] => 
                            [city] => 
                            [state] => 
                            [postcode] => 
                            [country] => 
                        )

                    [payment_method] => 
                    [payment_method_title] => 
                    [transaction_id] => 
                    [customer_ip_address] => 
                    [customer_user_agent] => 
                    [created_via] => 
                    [customer_note] => 
                    [date_completed] => 
                    [date_paid] => 
                    [cart_hash] => 
                )

            [data_store:protected] => WC_Data_Store Object
                (
                    [instance:WC_Data_Store:private] => WC_Order_Data_Store_CPT Object
                        (
                            [internal_meta_keys:protected] => Array
                                (
                                    [0] => _customer_user
                                    [1] => _order_key
                                    [2] => _order_currency
                                    [3] => _billing_first_name
                                    [4] => _billing_last_name
                                    [5] => _billing_company
                                    [6] => _billing_address_1
                                    [7] => _billing_address_2
                                    [8] => _billing_city
                                    [9] => _billing_state
                                    [10] => _billing_postcode
                                    [11] => _billing_country
                                    [12] => _billing_email
                                    [13] => _billing_phone
                                    [14] => _shipping_first_name
                                    [15] => _shipping_last_name
                                    [16] => _shipping_company
                                    [17] => _shipping_address_1
                                    [18] => _shipping_address_2
                                    [19] => _shipping_city
                                    [20] => _shipping_state
                                    [21] => _shipping_postcode
                                    [22] => _shipping_country
                                    [23] => _completed_date
                                    [24] => _paid_date
                                    [25] => _edit_lock
                                    [26] => _edit_last
                                    [27] => _cart_discount
                                    [28] => _cart_discount_tax
                                    [29] => _order_shipping
                                    [30] => _order_shipping_tax
                                    [31] => _order_tax
                                    [32] => _order_total
                                    [33] => _payment_method
                                    [34] => _payment_method_title
                                    [35] => _transaction_id
                                    [36] => _customer_ip_address
                                    [37] => _customer_user_agent
                                    [38] => _created_via
                                    [39] => _order_version
                                    [40] => _prices_include_tax
                                    [41] => _date_completed
                                    [42] => _date_paid
                                    [43] => _payment_tokens
                                    [44] => _billing_address_index
                                    [45] => _shipping_address_index
                                    [46] => _recorded_sales
                                    [47] => _recorded_coupon_usage_counts
                                    [48] => _download_permissions_granted
                                    [49] => _order_stock_reduced
                                )

                            [meta_type:protected] => post
                            [object_id_field_for_meta:protected] => 
                            [must_exist_meta_keys:protected] => Array
                                (
                                )

                        )

                    [stores:WC_Data_Store:private] => Array
                        (
                            [coupon] => WC_Coupon_Data_Store_CPT
                            [customer] => WC_Customer_Data_Store
                            [customer-download] => WC_Customer_Download_Data_Store
                            [customer-download-log] => WC_Customer_Download_Log_Data_Store
                            [customer-session] => WC_Customer_Data_Store_Session
                            [order] => WC_Order_Data_Store_CPT
                            [order-refund] => WC_Order_Refund_Data_Store_CPT
                            [order-item] => WC_Order_Item_Data_Store
                            [order-item-coupon] => WC_Order_Item_Coupon_Data_Store
                            [order-item-fee] => WC_Order_Item_Fee_Data_Store
                            [order-item-product] => WC_Order_Item_Product_Data_Store
                            [order-item-shipping] => WC_Order_Item_Shipping_Data_Store
                            [order-item-tax] => WC_Order_Item_Tax_Data_Store
                            [payment-token] => WC_Payment_Token_Data_Store
                            [product] => WC_Product_Data_Store_CPT
                            [product-grouped] => WC_Product_Grouped_Data_Store_CPT
                            [product-variable] => WC_Product_Variable_Data_Store_CPT
                            [product-variation] => WC_Product_Variation_Data_Store_CPT
                            [shipping-zone] => WC_Shipping_Zone_Data_Store
                            [webhook] => WC_Webhook_Data_Store
                            [subscription] => WCS_Subscription_Data_Store_CPT
                            [product-variable-subscription] => WCS_Product_Variable_Data_Store_CPT
                            [product-subscription_variation] => WC_Product_Variation_Data_Store_CPT
                            [order-item-line_item_pending_switch] => WC_Order_Item_Product_Data_Store
                            [report-revenue-stats] => WC_Admin_Reports_Orders_Stats_Data_Store
                            [report-orders] => WC_Admin_Reports_Orders_Data_Store
                            [report-orders-stats] => WC_Admin_Reports_Orders_Stats_Data_Store
                            [report-products] => WC_Admin_Reports_Products_Data_Store
                            [report-variations] => WC_Admin_Reports_Variations_Data_Store
                            [report-products-stats] => WC_Admin_Reports_Products_Stats_Data_Store
                            [report-categories] => WC_Admin_Reports_Categories_Data_Store
                            [report-taxes] => WC_Admin_Reports_Taxes_Data_Store
                            [report-taxes-stats] => WC_Admin_Reports_Taxes_Stats_Data_Store
                            [report-coupons] => WC_Admin_Reports_Coupons_Data_Store
                            [report-coupons-stats] => WC_Admin_Reports_Coupons_Stats_Data_Store
                            [report-downloads] => WC_Admin_Reports_Downloads_Data_Store
                            [report-downloads-stats] => WC_Admin_Reports_Downloads_Stats_Data_Store
                            [admin-note] => WC_Admin_Notes_Data_Store
                            [report-customers] => WC_Admin_Reports_Customers_Data_Store
                            [report-customers-stats] => WC_Admin_Reports_Customers_Stats_Data_Store
                            [report-stock-stats] => WC_Admin_Reports_Stock_Stats_Data_Store
                        )

                    [current_class_name:WC_Data_Store:private] => WC_Order_Data_Store_CPT
                    [object_type:WC_Data_Store:private] => order
                )

            [meta_data:protected] => Array
                (
                    [0] => WC_Meta_Data Object
                        (
                            [current_data:protected] => Array
                                (
                                    [id] => 204802
                                    [key] => is_vat_exempt
                                    [value] => no
                                )

                            [data:protected] => Array
                                (
                                    [id] => 204802
                                    [key] => is_vat_exempt
                                    [value] => no
                                )

                        )

                    [1] => WC_Meta_Data Object
                        (
                            [current_data:protected] => Array
                                (
                                    [id] => 204835
                                    [key] => _ga_tracked
                                    [value] => 1
                                )

                            [data:protected] => Array
                                (
                                    [id] => 204835
                                    [key] => _ga_tracked
                                    [value] => 1
                                )

                        )

                )

        )

)

05-13-2020 @ 14:07:15 - Array
(
    [current_user->ID] => 379
    [BillingId] => 001589335584-379
)

05-14-2020 @ 10:56:28 - Array
(
    [return url] => https://www.hotshot.nz/wc-api/WC_Gateway_Payment_Express_Hybrid/
)

05-14-2020 @ 10:56:28 - ========= initiating transaction request
05-14-2020 @ 10:56:28 - test or live account, invoice ref: hotshot.co.nz - Order # 27847, transaction: ID5ebc7b1cc8e96-27847, amount: 248.40, billingID: 001589410588-390
05-14-2020 @ 10:56:28 - success URL: https://www.hotshot.nz/wc-api/WC_Gateway_Payment_Express_Hybrid/
05-14-2020 @ 10:56:28 - failure URL: https://www.hotshot.nz/wc-api/WC_Gateway_Payment_Express_Hybrid/
05-14-2020 @ 10:56:28 - Array
(
    [access_userid] => HotShotBroadbandPx
    [access_key] => d6c058c87cc26ea56a481537c248cdea9a9ce41293c144dd666c18abd6ab2917
    [access_url] => https://sec.windcave.com/pxaccess/pxpay.aspx
)

05-14-2020 @ 10:56:29 - https://sec.windcave.com/pxmi3/EF4054F622D6C4C1B756785AF99653FF72D32144D6B59410293A6B8AA1AADF1550BD65C77F9C969A9
05-14-2020 @ 10:56:29 - Array
(
    [dps url] => https://sec.windcave.com/pxmi3/EF4054F622D6C4C1B756785AF99653FF72D32144D6B59410293A6B8AA1AADF1550BD65C77F9C969A9
    [ajax img_loader] => https://www.hotshot.nz/wp-content/plugins/woocommerce-gateway-payment-express-hybrid/images/ajax-loader.gif
)

