06-16-2020 @ 09:25:26 - Array
(
    [return url] => https://www.hotshot.nz/wc-api/WC_Gateway_Payment_Express_Hybrid/
)

06-16-2020 @ 09:25:26 - ========= initiating transaction request
06-16-2020 @ 09:25:26 - test or live account, invoice ref: hotshot.co.nz - Order # 43769, transaction: ID5ee7e7463953b-43769, amount: 208.40, billingID: 001592256326-449
06-16-2020 @ 09:25:26 - success URL: https://www.hotshot.nz/wc-api/WC_Gateway_Payment_Express_Hybrid/
06-16-2020 @ 09:25:26 - failure URL: https://www.hotshot.nz/wc-api/WC_Gateway_Payment_Express_Hybrid/
06-16-2020 @ 09:25:26 - Array
(
    [access_userid] => HotShotBroadbandPx
    [access_key] => d6c058c87cc26ea56a481537c248cdea9a9ce41293c144dd666c18abd6ab2917
    [access_url] => https://sec.windcave.com/pxaccess/pxpay.aspx
)

06-16-2020 @ 09:25:26 - https://sec.windcave.com/pxmi3/EF4054F622D6C4C1B56AEA5B79A9C26AF0C7D7320C1CFB472AD8FF9EF0F3771379BB6AAE8485B3F38
06-16-2020 @ 09:25:26 - Array
(
    [dps url] => https://sec.windcave.com/pxmi3/EF4054F622D6C4C1B56AEA5B79A9C26AF0C7D7320C1CFB472AD8FF9EF0F3771379BB6AAE8485B3F38
    [ajax img_loader] => https://www.hotshot.nz/wp-content/plugins/woocommerce-gateway-payment-express-hybrid/images/ajax-loader.gif
)

