02-17-2020 @ 15:13:48 - Array
(
    [userID and BillingId] => Array
        (
            [userid] => 180
            [BillingId] => 001579549936-180
        )

)

02-17-2020 @ 15:13:48 - Array
(
    [XML request] => <Txn><BillingId>001579549936-180</BillingId><PostUsername>HotShotBroadband</PostUsername><PostPassword>3Qo75sgT386</PostPassword><Amount>69.90</Amount><InputCurrency>NZD</InputCurrency><CardHolderName></CardHolderName><TxnType>Purchase</TxnType><MerchantReference>Scheduled auto payment for order 17946</MerchantReference></Txn>
)

02-17-2020 @ 15:13:49 - Array
(
    [requestProcess[851]>>>] => Array
        (
            [headers] => Requests_Utility_CaseInsensitiveDictionary Object
                (
                    [data:protected] => Array
                        (
                            [cache-control] => private
                            [content-type] => application/xhtml+xml; charset=utf-8
                            [expires] => Mon, 17 Feb 2020 02:12:49 GMT
                            [server] => 
                            [x-aspnet-version] => 
                            [x-powered-by] => 
                            [date] => Mon, 17 Feb 2020 02:13:49 GMT
                            [content-length] => 2819
                            [strict-transport-security] => max-age=16070400; includeSubDomains
                        )

                )

            [body] => <Txn><Transaction success="0" reco="51" responseText="DECLINED" pxTxn="true"><Authorized>0</Authorized><ReCo>51</ReCo><RxDate>20200217021349</RxDate><RxDateLocal>20200217021349</RxDateLocal><LocalTimeZone>UTC</LocalTimeZone><MerchantReference>Scheduled auto payment for order 17946</MerchantReference><CardName>Visa</CardName><Retry>0</Retry><StatusRequired>0</StatusRequired><AuthCode></AuthCode><AmountBalance>0.00</AmountBalance><Amount>69.90</Amount><CurrencyId>554</CurrencyId><InputCurrencyId>554</InputCurrencyId><InputCurrencyName>NZD</InputCurrencyName><CurrencyRate>1.00</CurrencyRate><CurrencyName>NZD</CurrencyName><CardHolderName>OWEN RUTLAND</CardHolderName><DateSettlement>20200217</DateSettlement><TxnType>Purchase</TxnType><CardNumber>414916........65</CardNumber><TxnMac>EDE2AF1C</TxnMac><DateExpiry>1022</DateExpiry><ProductId></ProductId><AcquirerDate>20200217</AcquirerDate><AcquirerTime>021349</AcquirerTime><AcquirerId>7</AcquirerId><Acquirer>ASB</Acquirer><AcquirerReCo>51</AcquirerReCo><AcquirerResponseText>DECLINED</AcquirerResponseText><TestMode>0</TestMode><CardId>2</CardId><CardHolderResponseText>DECLINED</CardHolderResponseText><CardHolderHelpText>The transaction was declined. Funds were not transferred</CardHolderHelpText><CardHolderResponseDescription>The transaction was declined. Funds were not transferred.</CardHolderResponseDescription><MerchantResponseText>DECLINED</MerchantResponseText><MerchantHelpText>The transaction was declined.Funds were not transferred (76)</MerchantHelpText><MerchantResponseDescription>The transaction was declined.Funds were not transferred (76)</MerchantResponseDescription><UrlFail></UrlFail><UrlSuccess></UrlSuccess><EnablePostResponse>0</EnablePostResponse><PxPayName></PxPayName><PxPayLogoSrc></PxPayLogoSrc><PxPayUserId></PxPayUserId><PxPayXsl></PxPayXsl><PxPayBgColor></PxPayBgColor><PxPayOptions></PxPayOptions><Cvc2ResultCode>NotUsed</Cvc2ResultCode><AcquirerPort>809582-80958201</AcquirerPort><AcquirerTxnRef>661937</AcquirerTxnRef><GroupAccount>2</GroupAccount><DpsTxnRef>0000000b636f4c87</DpsTxnRef><AllowRetry>0</AllowRetry><DpsBillingId>0000330007582990</DpsBillingId><PhoneNumber></PhoneNumber><AccountInfo></AccountInfo><BillingId>001579549936-180</BillingId><TransactionId>636f4c87</TransactionId><PxHostId>0000000b</PxHostId><RmReason></RmReason><RmReasonId>0000000000000000</RmReasonId><RiskScore>-1</RiskScore><RiskScoreText></RiskScoreText></Transaction><RuleName></RuleName><RmReason></RmReason><RmReasonId>0000000000000000</RmReasonId><RiskScore>-1</RiskScore><RiskScoreText></RiskScoreText><ReCo>51</ReCo><ResponseText>DECLINED</ResponseText><HelpText>The transaction was declined.Funds were not transferred</HelpText><Success>0</Success><DpsTxnRef>0000000b636f4c87</DpsTxnRef><ICCResult></ICCResult><TxnRef></TxnRef></Txn>
            [response] => Array
                (
                    [code] => 200
                    [message] => OK
                )

            [cookies] => Array
                (
                )

            [filename] => 
            [http_response] => WP_HTTP_Requests_Response Object
                (
                    [response:protected] => Requests_Response Object
                        (
                            [body] => <Txn><Transaction success="0" reco="51" responseText="DECLINED" pxTxn="true"><Authorized>0</Authorized><ReCo>51</ReCo><RxDate>20200217021349</RxDate><RxDateLocal>20200217021349</RxDateLocal><LocalTimeZone>UTC</LocalTimeZone><MerchantReference>Scheduled auto payment for order 17946</MerchantReference><CardName>Visa</CardName><Retry>0</Retry><StatusRequired>0</StatusRequired><AuthCode></AuthCode><AmountBalance>0.00</AmountBalance><Amount>69.90</Amount><CurrencyId>554</CurrencyId><InputCurrencyId>554</InputCurrencyId><InputCurrencyName>NZD</InputCurrencyName><CurrencyRate>1.00</CurrencyRate><CurrencyName>NZD</CurrencyName><CardHolderName>OWEN RUTLAND</CardHolderName><DateSettlement>20200217</DateSettlement><TxnType>Purchase</TxnType><CardNumber>414916........65</CardNumber><TxnMac>EDE2AF1C</TxnMac><DateExpiry>1022</DateExpiry><ProductId></ProductId><AcquirerDate>20200217</AcquirerDate><AcquirerTime>021349</AcquirerTime><AcquirerId>7</AcquirerId><Acquirer>ASB</Acquirer><AcquirerReCo>51</AcquirerReCo><AcquirerResponseText>DECLINED</AcquirerResponseText><TestMode>0</TestMode><CardId>2</CardId><CardHolderResponseText>DECLINED</CardHolderResponseText><CardHolderHelpText>The transaction was declined. Funds were not transferred</CardHolderHelpText><CardHolderResponseDescription>The transaction was declined. Funds were not transferred.</CardHolderResponseDescription><MerchantResponseText>DECLINED</MerchantResponseText><MerchantHelpText>The transaction was declined.Funds were not transferred (76)</MerchantHelpText><MerchantResponseDescription>The transaction was declined.Funds were not transferred (76)</MerchantResponseDescription><UrlFail></UrlFail><UrlSuccess></UrlSuccess><EnablePostResponse>0</EnablePostResponse><PxPayName></PxPayName><PxPayLogoSrc></PxPayLogoSrc><PxPayUserId></PxPayUserId><PxPayXsl></PxPayXsl><PxPayBgColor></PxPayBgColor><PxPayOptions></PxPayOptions><Cvc2ResultCode>NotUsed</Cvc2ResultCode><AcquirerPort>809582-80958201</AcquirerPort><AcquirerTxnRef>661937</AcquirerTxnRef><GroupAccount>2</GroupAccount><DpsTxnRef>0000000b636f4c87</DpsTxnRef><AllowRetry>0</AllowRetry><DpsBillingId>0000330007582990</DpsBillingId><PhoneNumber></PhoneNumber><AccountInfo></AccountInfo><BillingId>001579549936-180</BillingId><TransactionId>636f4c87</TransactionId><PxHostId>0000000b</PxHostId><RmReason></RmReason><RmReasonId>0000000000000000</RmReasonId><RiskScore>-1</RiskScore><RiskScoreText></RiskScoreText></Transaction><RuleName></RuleName><RmReason></RmReason><RmReasonId>0000000000000000</RmReasonId><RiskScore>-1</RiskScore><RiskScoreText></RiskScoreText><ReCo>51</ReCo><ResponseText>DECLINED</ResponseText><HelpText>The transaction was declined.Funds were not transferred</HelpText><Success>0</Success><DpsTxnRef>0000000b636f4c87</DpsTxnRef><ICCResult></ICCResult><TxnRef></TxnRef></Txn>
                            [raw] => HTTP/1.1 200 OK
Cache-Control: private
Content-Type: application/xhtml+xml; charset=utf-8
Expires: Mon, 17 Feb 2020 02:12:49 GMT
Server: 
X-ASPNET-VERSION: 
X-POWERED-BY: 
Date: Mon, 17 Feb 2020 02:13:49 GMT
Connection: close
Content-Length: 2819
Strict-Transport-Security: max-age=16070400; includeSubDomains

<Txn><Transaction success="0" reco="51" responseText="DECLINED" pxTxn="true"><Authorized>0</Authorized><ReCo>51</ReCo><RxDate>20200217021349</RxDate><RxDateLocal>20200217021349</RxDateLocal><LocalTimeZone>UTC</LocalTimeZone><MerchantReference>Scheduled auto payment for order 17946</MerchantReference><CardName>Visa</CardName><Retry>0</Retry><StatusRequired>0</StatusRequired><AuthCode></AuthCode><AmountBalance>0.00</AmountBalance><Amount>69.90</Amount><CurrencyId>554</CurrencyId><InputCurrencyId>554</InputCurrencyId><InputCurrencyName>NZD</InputCurrencyName><CurrencyRate>1.00</CurrencyRate><CurrencyName>NZD</CurrencyName><CardHolderName>OWEN RUTLAND</CardHolderName><DateSettlement>20200217</DateSettlement><TxnType>Purchase</TxnType><CardNumber>414916........65</CardNumber><TxnMac>EDE2AF1C</TxnMac><DateExpiry>1022</DateExpiry><ProductId></ProductId><AcquirerDate>20200217</AcquirerDate><AcquirerTime>021349</AcquirerTime><AcquirerId>7</AcquirerId><Acquirer>ASB</Acquirer><AcquirerReCo>51</AcquirerReCo><AcquirerResponseText>DECLINED</AcquirerResponseText><TestMode>0</TestMode><CardId>2</CardId><CardHolderResponseText>DECLINED</CardHolderResponseText><CardHolderHelpText>The transaction was declined. Funds were not transferred</CardHolderHelpText><CardHolderResponseDescription>The transaction was declined. Funds were not transferred.</CardHolderResponseDescription><MerchantResponseText>DECLINED</MerchantResponseText><MerchantHelpText>The transaction was declined.Funds were not transferred (76)</MerchantHelpText><MerchantResponseDescription>The transaction was declined.Funds were not transferred (76)</MerchantResponseDescription><UrlFail></UrlFail><UrlSuccess></UrlSuccess><EnablePostResponse>0</EnablePostResponse><PxPayName></PxPayName><PxPayLogoSrc></PxPayLogoSrc><PxPayUserId></PxPayUserId><PxPayXsl></PxPayXsl><PxPayBgColor></PxPayBgColor><PxPayOptions></PxPayOptions><Cvc2ResultCode>NotUsed</Cvc2ResultCode><AcquirerPort>809582-80958201</AcquirerPort><AcquirerTxnRef>661937</AcquirerTxnRef><GroupAccount>2</GroupAccount><DpsTxnRef>0000000b636f4c87</DpsTxnRef><AllowRetry>0</AllowRetry><DpsBillingId>0000330007582990</DpsBillingId><PhoneNumber></PhoneNumber><AccountInfo></AccountInfo><BillingId>001579549936-180</BillingId><TransactionId>636f4c87</TransactionId><PxHostId>0000000b</PxHostId><RmReason></RmReason><RmReasonId>0000000000000000</RmReasonId><RiskScore>-1</RiskScore><RiskScoreText></RiskScoreText></Transaction><RuleName></RuleName><RmReason></RmReason><RmReasonId>0000000000000000</RmReasonId><RiskScore>-1</RiskScore><RiskScoreText></RiskScoreText><ReCo>51</ReCo><ResponseText>DECLINED</ResponseText><HelpText>The transaction was declined.Funds were not transferred</HelpText><Success>0</Success><DpsTxnRef>0000000b636f4c87</DpsTxnRef><ICCResult></ICCResult><TxnRef></TxnRef></Txn>
                            [headers] => Requests_Response_Headers Object
                                (
                                    [data:protected] => Array
                                        (
                                            [cache-control] => Array
                                                (
                                                    [0] => private
                                                )

                                            [content-type] => Array
                                                (
                                                    [0] => application/xhtml+xml; charset=utf-8
                                                )

                                            [expires] => Array
                                                (
                                                    [0] => Mon, 17 Feb 2020 02:12:49 GMT
                                                )

                                            [server] => Array
                                                (
                                                    [0] => 
                                                )

                                            [x-aspnet-version] => Array
                                                (
                                                    [0] => 
                                                )

                                            [x-powered-by] => Array
                                                (
                                                    [0] => 
                                                )

                                            [date] => Array
                                                (
                                                    [0] => Mon, 17 Feb 2020 02:13:49 GMT
                                                )

                                            [content-length] => Array
                                                (
                                                    [0] => 2819
                                                )

                                            [strict-transport-security] => Array
                                                (
                                                    [0] => max-age=16070400; includeSubDomains
                                                )

                                        )

                                )

                            [status_code] => 200
                            [protocol_version] => 1.1
                            [success] => 1
                            [redirects] => 0
                            [url] => https://sec.paymentexpress.com/pxpost.aspx
                            [history] => Array
                                (
                                )

                            [cookies] => Requests_Cookie_Jar Object
                                (
                                    [cookies:protected] => Array
                                        (
                                        )

                                )

                        )

                    [filename:protected] => 
                    [data] => 
                    [headers] => 
                    [status] => 
                )

        )

)

02-17-2020 @ 15:13:49 - Array
(
    [pxpost server url] => https://sec.paymentexpress.com/pxpost.aspx
)

02-17-2020 @ 15:13:49 - Array
(
    [txn request] => <Txn><BillingId>001579549936-180</BillingId><PostUsername>HotShotBroadband</PostUsername><PostPassword>3Qo75sgT386</PostPassword><Amount>69.90</Amount><InputCurrency>NZD</InputCurrency><CardHolderName></CardHolderName><TxnType>Purchase</TxnType><MerchantReference>Scheduled auto payment for order 17946</MerchantReference></Txn>
)

02-17-2020 @ 15:13:49 - Array
(
    [Subscription renewal results] => '<Txn><Transaction success="0" reco="51" responseText="DECLINED" pxTxn="true"><Authorized>0</Authorized><ReCo>51</ReCo><RxDate>20200217021349</RxDate><RxDateLocal>20200217021349</RxDateLocal><LocalTimeZone>UTC</LocalTimeZone><MerchantReference>Scheduled auto payment for order 17946</MerchantReference><CardName>Visa</CardName><Retry>0</Retry><StatusRequired>0</StatusRequired><AuthCode></AuthCode><AmountBalance>0.00</AmountBalance><Amount>69.90</Amount><CurrencyId>554</CurrencyId><InputCurrencyId>554</InputCurrencyId><InputCurrencyName>NZD</InputCurrencyName><CurrencyRate>1.00</CurrencyRate><CurrencyName>NZD</CurrencyName><CardHolderName>OWEN RUTLAND</CardHolderName><DateSettlement>20200217</DateSettlement><TxnType>Purchase</TxnType><CardNumber>414916........65</CardNumber><TxnMac>EDE2AF1C</TxnMac><DateExpiry>1022</DateExpiry><ProductId></ProductId><AcquirerDate>20200217</AcquirerDate><AcquirerTime>021349</AcquirerTime><AcquirerId>7</AcquirerId><Acquirer>ASB</Acquirer><AcquirerReCo>51</AcquirerReCo><AcquirerResponseText>DECLINED</AcquirerResponseText><TestMode>0</TestMode><CardId>2</CardId><CardHolderResponseText>DECLINED</CardHolderResponseText><CardHolderHelpText>The transaction was declined. Funds were not transferred</CardHolderHelpText><CardHolderResponseDescription>The transaction was declined. Funds were not transferred.</CardHolderResponseDescription><MerchantResponseText>DECLINED</MerchantResponseText><MerchantHelpText>The transaction was declined.Funds were not transferred (76)</MerchantHelpText><MerchantResponseDescription>The transaction was declined.Funds were not transferred (76)</MerchantResponseDescription><UrlFail></UrlFail><UrlSuccess></UrlSuccess><EnablePostResponse>0</EnablePostResponse><PxPayName></PxPayName><PxPayLogoSrc></PxPayLogoSrc><PxPayUserId></PxPayUserId><PxPayXsl></PxPayXsl><PxPayBgColor></PxPayBgColor><PxPayOptions></PxPayOptions><Cvc2ResultCode>NotUsed</Cvc2ResultCode><AcquirerPort>809582-80958201</AcquirerPort><AcquirerTxnRef>661937</AcquirerTxnRef><GroupAccount>2</GroupAccount><DpsTxnRef>0000000b636f4c87</DpsTxnRef><AllowRetry>0</AllowRetry><DpsBillingId>0000330007582990</DpsBillingId><PhoneNumber></PhoneNumber><AccountInfo></AccountInfo><BillingId>001579549936-180</BillingId><TransactionId>636f4c87</TransactionId><PxHostId>0000000b</PxHostId><RmReason></RmReason><RmReasonId>0000000000000000</RmReasonId><RiskScore>-1</RiskScore><RiskScoreText></RiskScoreText></Transaction><RuleName></RuleName><RmReason></RmReason><RmReasonId>0000000000000000</RmReasonId><RiskScore>-1</RiskScore><RiskScoreText></RiskScoreText><ReCo>51</ReCo><ResponseText>DECLINED</ResponseText><HelpText>The transaction was declined.Funds were not transferred</HelpText><Success>0</Success><DpsTxnRef>0000000b636f4c87</DpsTxnRef><ICCResult></ICCResult><TxnRef></TxnRef></Txn>'
)

02-17-2020 @ 17:47:27 - Array
(
    [userID and BillingId] => Array
        (
            [userid] => 63
            [BillingId] => 001580207419-63
        )

)

02-17-2020 @ 17:47:27 - Array
(
    [XML request] => <Txn><BillingId>001580207419-63</BillingId><PostUsername>HotShotBroadband</PostUsername><PostPassword>3Qo75sgT386</PostPassword><Amount>65.50</Amount><InputCurrency>NZD</InputCurrency><CardHolderName></CardHolderName><TxnType>Purchase</TxnType><MerchantReference>Scheduled auto payment for order 18234</MerchantReference></Txn>
)

02-17-2020 @ 17:47:28 - Array
(
    [requestProcess[851]>>>] => Array
        (
            [headers] => Requests_Utility_CaseInsensitiveDictionary Object
                (
                    [data:protected] => Array
                        (
                            [cache-control] => private
                            [content-type] => application/xhtml+xml; charset=utf-8
                            [expires] => Mon, 17 Feb 2020 04:46:27 GMT
                            [server] => 
                            [x-aspnet-version] => 
                            [x-powered-by] => 
                            [date] => Mon, 17 Feb 2020 04:47:28 GMT
                            [content-length] => 2660
                            [strict-transport-security] => max-age=16070400; includeSubDomains
                        )

                )

            [body] => <Txn><Transaction success="1" reco="00" responseText="APPROVED" pxTxn="true"><Authorized>1</Authorized><ReCo>00</ReCo><RxDate>20200217044727</RxDate><RxDateLocal>20200217044727</RxDateLocal><LocalTimeZone>UTC</LocalTimeZone><MerchantReference>Scheduled auto payment for order 18234</MerchantReference><CardName>Visa</CardName><Retry>0</Retry><StatusRequired>0</StatusRequired><AuthCode>445305</AuthCode><AmountBalance>0.00</AmountBalance><Amount>65.50</Amount><CurrencyId>554</CurrencyId><InputCurrencyId>554</InputCurrencyId><InputCurrencyName>NZD</InputCurrencyName><CurrencyRate>1.00</CurrencyRate><CurrencyName>NZD</CurrencyName><CardHolderName>L AN</CardHolderName><DateSettlement>20200217</DateSettlement><TxnType>Purchase</TxnType><CardNumber>483561........44</CardNumber><TxnMac>EB812B1C</TxnMac><DateExpiry>1223</DateExpiry><ProductId></ProductId><AcquirerDate>20200217</AcquirerDate><AcquirerTime>044727</AcquirerTime><AcquirerId>7</AcquirerId><Acquirer>ASB</Acquirer><AcquirerReCo>00</AcquirerReCo><AcquirerResponseText>APPROVED</AcquirerResponseText><TestMode>0</TestMode><CardId>2</CardId><CardHolderResponseText>APPROVED</CardHolderResponseText><CardHolderHelpText>The Transaction was approved</CardHolderHelpText><CardHolderResponseDescription>The Transaction was approved</CardHolderResponseDescription><MerchantResponseText>APPROVED</MerchantResponseText><MerchantHelpText>The Transaction was approved</MerchantHelpText><MerchantResponseDescription>The Transaction was approved</MerchantResponseDescription><UrlFail></UrlFail><UrlSuccess></UrlSuccess><EnablePostResponse>0</EnablePostResponse><PxPayName></PxPayName><PxPayLogoSrc></PxPayLogoSrc><PxPayUserId></PxPayUserId><PxPayXsl></PxPayXsl><PxPayBgColor></PxPayBgColor><PxPayOptions></PxPayOptions><Cvc2ResultCode>NotUsed</Cvc2ResultCode><AcquirerPort>809582-80958201</AcquirerPort><AcquirerTxnRef>666210</AcquirerTxnRef><GroupAccount>2</GroupAccount><DpsTxnRef>0000000b63776aa6</DpsTxnRef><AllowRetry>0</AllowRetry><DpsBillingId>0000110400234812</DpsBillingId><PhoneNumber></PhoneNumber><AccountInfo></AccountInfo><BillingId>001580207419-63</BillingId><TransactionId>63776aa6</TransactionId><PxHostId>0000000b</PxHostId><RmReason></RmReason><RmReasonId>0000000000000000</RmReasonId><RiskScore>-1</RiskScore><RiskScoreText></RiskScoreText></Transaction><RuleName></RuleName><RmReason></RmReason><RmReasonId>0000000000000000</RmReasonId><RiskScore>-1</RiskScore><RiskScoreText></RiskScoreText><ReCo>00</ReCo><ResponseText>APPROVED</ResponseText><HelpText>Transaction Approved</HelpText><Success>1</Success><DpsTxnRef>0000000b63776aa6</DpsTxnRef><ICCResult></ICCResult><TxnRef></TxnRef></Txn>
            [response] => Array
                (
                    [code] => 200
                    [message] => OK
                )

            [cookies] => Array
                (
                )

            [filename] => 
            [http_response] => WP_HTTP_Requests_Response Object
                (
                    [response:protected] => Requests_Response Object
                        (
                            [body] => <Txn><Transaction success="1" reco="00" responseText="APPROVED" pxTxn="true"><Authorized>1</Authorized><ReCo>00</ReCo><RxDate>20200217044727</RxDate><RxDateLocal>20200217044727</RxDateLocal><LocalTimeZone>UTC</LocalTimeZone><MerchantReference>Scheduled auto payment for order 18234</MerchantReference><CardName>Visa</CardName><Retry>0</Retry><StatusRequired>0</StatusRequired><AuthCode>445305</AuthCode><AmountBalance>0.00</AmountBalance><Amount>65.50</Amount><CurrencyId>554</CurrencyId><InputCurrencyId>554</InputCurrencyId><InputCurrencyName>NZD</InputCurrencyName><CurrencyRate>1.00</CurrencyRate><CurrencyName>NZD</CurrencyName><CardHolderName>L AN</CardHolderName><DateSettlement>20200217</DateSettlement><TxnType>Purchase</TxnType><CardNumber>483561........44</CardNumber><TxnMac>EB812B1C</TxnMac><DateExpiry>1223</DateExpiry><ProductId></ProductId><AcquirerDate>20200217</AcquirerDate><AcquirerTime>044727</AcquirerTime><AcquirerId>7</AcquirerId><Acquirer>ASB</Acquirer><AcquirerReCo>00</AcquirerReCo><AcquirerResponseText>APPROVED</AcquirerResponseText><TestMode>0</TestMode><CardId>2</CardId><CardHolderResponseText>APPROVED</CardHolderResponseText><CardHolderHelpText>The Transaction was approved</CardHolderHelpText><CardHolderResponseDescription>The Transaction was approved</CardHolderResponseDescription><MerchantResponseText>APPROVED</MerchantResponseText><MerchantHelpText>The Transaction was approved</MerchantHelpText><MerchantResponseDescription>The Transaction was approved</MerchantResponseDescription><UrlFail></UrlFail><UrlSuccess></UrlSuccess><EnablePostResponse>0</EnablePostResponse><PxPayName></PxPayName><PxPayLogoSrc></PxPayLogoSrc><PxPayUserId></PxPayUserId><PxPayXsl></PxPayXsl><PxPayBgColor></PxPayBgColor><PxPayOptions></PxPayOptions><Cvc2ResultCode>NotUsed</Cvc2ResultCode><AcquirerPort>809582-80958201</AcquirerPort><AcquirerTxnRef>666210</AcquirerTxnRef><GroupAccount>2</GroupAccount><DpsTxnRef>0000000b63776aa6</DpsTxnRef><AllowRetry>0</AllowRetry><DpsBillingId>0000110400234812</DpsBillingId><PhoneNumber></PhoneNumber><AccountInfo></AccountInfo><BillingId>001580207419-63</BillingId><TransactionId>63776aa6</TransactionId><PxHostId>0000000b</PxHostId><RmReason></RmReason><RmReasonId>0000000000000000</RmReasonId><RiskScore>-1</RiskScore><RiskScoreText></RiskScoreText></Transaction><RuleName></RuleName><RmReason></RmReason><RmReasonId>0000000000000000</RmReasonId><RiskScore>-1</RiskScore><RiskScoreText></RiskScoreText><ReCo>00</ReCo><ResponseText>APPROVED</ResponseText><HelpText>Transaction Approved</HelpText><Success>1</Success><DpsTxnRef>0000000b63776aa6</DpsTxnRef><ICCResult></ICCResult><TxnRef></TxnRef></Txn>
                            [raw] => HTTP/1.1 200 OK
Cache-Control: private
Content-Type: application/xhtml+xml; charset=utf-8
Expires: Mon, 17 Feb 2020 04:46:27 GMT
Server: 
X-ASPNET-VERSION: 
X-POWERED-BY: 
Date: Mon, 17 Feb 2020 04:47:28 GMT
Connection: close
Content-Length: 2660
Strict-Transport-Security: max-age=16070400; includeSubDomains

<Txn><Transaction success="1" reco="00" responseText="APPROVED" pxTxn="true"><Authorized>1</Authorized><ReCo>00</ReCo><RxDate>20200217044727</RxDate><RxDateLocal>20200217044727</RxDateLocal><LocalTimeZone>UTC</LocalTimeZone><MerchantReference>Scheduled auto payment for order 18234</MerchantReference><CardName>Visa</CardName><Retry>0</Retry><StatusRequired>0</StatusRequired><AuthCode>445305</AuthCode><AmountBalance>0.00</AmountBalance><Amount>65.50</Amount><CurrencyId>554</CurrencyId><InputCurrencyId>554</InputCurrencyId><InputCurrencyName>NZD</InputCurrencyName><CurrencyRate>1.00</CurrencyRate><CurrencyName>NZD</CurrencyName><CardHolderName>L AN</CardHolderName><DateSettlement>20200217</DateSettlement><TxnType>Purchase</TxnType><CardNumber>483561........44</CardNumber><TxnMac>EB812B1C</TxnMac><DateExpiry>1223</DateExpiry><ProductId></ProductId><AcquirerDate>20200217</AcquirerDate><AcquirerTime>044727</AcquirerTime><AcquirerId>7</AcquirerId><Acquirer>ASB</Acquirer><AcquirerReCo>00</AcquirerReCo><AcquirerResponseText>APPROVED</AcquirerResponseText><TestMode>0</TestMode><CardId>2</CardId><CardHolderResponseText>APPROVED</CardHolderResponseText><CardHolderHelpText>The Transaction was approved</CardHolderHelpText><CardHolderResponseDescription>The Transaction was approved</CardHolderResponseDescription><MerchantResponseText>APPROVED</MerchantResponseText><MerchantHelpText>The Transaction was approved</MerchantHelpText><MerchantResponseDescription>The Transaction was approved</MerchantResponseDescription><UrlFail></UrlFail><UrlSuccess></UrlSuccess><EnablePostResponse>0</EnablePostResponse><PxPayName></PxPayName><PxPayLogoSrc></PxPayLogoSrc><PxPayUserId></PxPayUserId><PxPayXsl></PxPayXsl><PxPayBgColor></PxPayBgColor><PxPayOptions></PxPayOptions><Cvc2ResultCode>NotUsed</Cvc2ResultCode><AcquirerPort>809582-80958201</AcquirerPort><AcquirerTxnRef>666210</AcquirerTxnRef><GroupAccount>2</GroupAccount><DpsTxnRef>0000000b63776aa6</DpsTxnRef><AllowRetry>0</AllowRetry><DpsBillingId>0000110400234812</DpsBillingId><PhoneNumber></PhoneNumber><AccountInfo></AccountInfo><BillingId>001580207419-63</BillingId><TransactionId>63776aa6</TransactionId><PxHostId>0000000b</PxHostId><RmReason></RmReason><RmReasonId>0000000000000000</RmReasonId><RiskScore>-1</RiskScore><RiskScoreText></RiskScoreText></Transaction><RuleName></RuleName><RmReason></RmReason><RmReasonId>0000000000000000</RmReasonId><RiskScore>-1</RiskScore><RiskScoreText></RiskScoreText><ReCo>00</ReCo><ResponseText>APPROVED</ResponseText><HelpText>Transaction Approved</HelpText><Success>1</Success><DpsTxnRef>0000000b63776aa6</DpsTxnRef><ICCResult></ICCResult><TxnRef></TxnRef></Txn>
                            [headers] => Requests_Response_Headers Object
                                (
                                    [data:protected] => Array
                                        (
                                            [cache-control] => Array
                                                (
                                                    [0] => private
                                                )

                                            [content-type] => Array
                                                (
                                                    [0] => application/xhtml+xml; charset=utf-8
                                                )

                                            [expires] => Array
                                                (
                                                    [0] => Mon, 17 Feb 2020 04:46:27 GMT
                                                )

                                            [server] => Array
                                                (
                                                    [0] => 
                                                )

                                            [x-aspnet-version] => Array
                                                (
                                                    [0] => 
                                                )

                                            [x-powered-by] => Array
                                                (
                                                    [0] => 
                                                )

                                            [date] => Array
                                                (
                                                    [0] => Mon, 17 Feb 2020 04:47:28 GMT
                                                )

                                            [content-length] => Array
                                                (
                                                    [0] => 2660
                                                )

                                            [strict-transport-security] => Array
                                                (
                                                    [0] => max-age=16070400; includeSubDomains
                                                )

                                        )

                                )

                            [status_code] => 200
                            [protocol_version] => 1.1
                            [success] => 1
                            [redirects] => 0
                            [url] => https://sec.paymentexpress.com/pxpost.aspx
                            [history] => Array
                                (
                                )

                            [cookies] => Requests_Cookie_Jar Object
                                (
                                    [cookies:protected] => Array
                                        (
                                        )

                                )

                        )

                    [filename:protected] => 
                    [data] => 
                    [headers] => 
                    [status] => 
                )

        )

)

02-17-2020 @ 17:47:28 - Array
(
    [pxpost server url] => https://sec.paymentexpress.com/pxpost.aspx
)

02-17-2020 @ 17:47:28 - Array
(
    [txn request] => <Txn><BillingId>001580207419-63</BillingId><PostUsername>HotShotBroadband</PostUsername><PostPassword>3Qo75sgT386</PostPassword><Amount>65.50</Amount><InputCurrency>NZD</InputCurrency><CardHolderName></CardHolderName><TxnType>Purchase</TxnType><MerchantReference>Scheduled auto payment for order 18234</MerchantReference></Txn>
)

02-17-2020 @ 17:47:28 - Array
(
    [Subscription renewal results] => '<Txn><Transaction success="1" reco="00" responseText="APPROVED" pxTxn="true"><Authorized>1</Authorized><ReCo>00</ReCo><RxDate>20200217044727</RxDate><RxDateLocal>20200217044727</RxDateLocal><LocalTimeZone>UTC</LocalTimeZone><MerchantReference>Scheduled auto payment for order 18234</MerchantReference><CardName>Visa</CardName><Retry>0</Retry><StatusRequired>0</StatusRequired><AuthCode>445305</AuthCode><AmountBalance>0.00</AmountBalance><Amount>65.50</Amount><CurrencyId>554</CurrencyId><InputCurrencyId>554</InputCurrencyId><InputCurrencyName>NZD</InputCurrencyName><CurrencyRate>1.00</CurrencyRate><CurrencyName>NZD</CurrencyName><CardHolderName>L AN</CardHolderName><DateSettlement>20200217</DateSettlement><TxnType>Purchase</TxnType><CardNumber>483561........44</CardNumber><TxnMac>EB812B1C</TxnMac><DateExpiry>1223</DateExpiry><ProductId></ProductId><AcquirerDate>20200217</AcquirerDate><AcquirerTime>044727</AcquirerTime><AcquirerId>7</AcquirerId><Acquirer>ASB</Acquirer><AcquirerReCo>00</AcquirerReCo><AcquirerResponseText>APPROVED</AcquirerResponseText><TestMode>0</TestMode><CardId>2</CardId><CardHolderResponseText>APPROVED</CardHolderResponseText><CardHolderHelpText>The Transaction was approved</CardHolderHelpText><CardHolderResponseDescription>The Transaction was approved</CardHolderResponseDescription><MerchantResponseText>APPROVED</MerchantResponseText><MerchantHelpText>The Transaction was approved</MerchantHelpText><MerchantResponseDescription>The Transaction was approved</MerchantResponseDescription><UrlFail></UrlFail><UrlSuccess></UrlSuccess><EnablePostResponse>0</EnablePostResponse><PxPayName></PxPayName><PxPayLogoSrc></PxPayLogoSrc><PxPayUserId></PxPayUserId><PxPayXsl></PxPayXsl><PxPayBgColor></PxPayBgColor><PxPayOptions></PxPayOptions><Cvc2ResultCode>NotUsed</Cvc2ResultCode><AcquirerPort>809582-80958201</AcquirerPort><AcquirerTxnRef>666210</AcquirerTxnRef><GroupAccount>2</GroupAccount><DpsTxnRef>0000000b63776aa6</DpsTxnRef><AllowRetry>0</AllowRetry><DpsBillingId>0000110400234812</DpsBillingId><PhoneNumber></PhoneNumber><AccountInfo></AccountInfo><BillingId>001580207419-63</BillingId><TransactionId>63776aa6</TransactionId><PxHostId>0000000b</PxHostId><RmReason></RmReason><RmReasonId>0000000000000000</RmReasonId><RiskScore>-1</RiskScore><RiskScoreText></RiskScoreText></Transaction><RuleName></RuleName><RmReason></RmReason><RmReasonId>0000000000000000</RmReasonId><RiskScore>-1</RiskScore><RiskScoreText></RiskScoreText><ReCo>00</ReCo><ResponseText>APPROVED</ResponseText><HelpText>Transaction Approved</HelpText><Success>1</Success><DpsTxnRef>0000000b63776aa6</DpsTxnRef><ICCResult></ICCResult><TxnRef></TxnRef></Txn>'
)

02-18-2020 @ 09:52:43 - Array
(
    [userID and BillingId] => Array
        (
            [userid] => 76
            [BillingId] => 001572257478-76
        )

)

02-18-2020 @ 09:52:43 - Array
(
    [XML request] => <Txn><BillingId>001572257478-76</BillingId><PostUsername>HotShotBroadband</PostUsername><PostPassword>3Qo75sgT386</PostPassword><Amount>69.90</Amount><InputCurrency>NZD</InputCurrency><CardHolderName></CardHolderName><TxnType>Purchase</TxnType><MerchantReference>Scheduled auto payment for order 18299</MerchantReference></Txn>
)

02-18-2020 @ 09:52:44 - Array
(
    [requestProcess[851]>>>] => Array
        (
            [headers] => Requests_Utility_CaseInsensitiveDictionary Object
                (
                    [data:protected] => Array
                        (
                            [cache-control] => private
                            [content-type] => application/xhtml+xml; charset=utf-8
                            [expires] => Mon, 17 Feb 2020 20:51:43 GMT
                            [server] => 
                            [x-aspnet-version] => 
                            [x-powered-by] => 
                            [date] => Mon, 17 Feb 2020 20:52:44 GMT
                            [content-length] => 2831
                            [strict-transport-security] => max-age=16070400; includeSubDomains
                        )

                )

            [body] => <Txn><Transaction success="0" reco="51" responseText="DECLINED" pxTxn="true"><Authorized>0</Authorized><ReCo>51</ReCo><RxDate>20200217205243</RxDate><RxDateLocal>20200217205243</RxDateLocal><LocalTimeZone>UTC</LocalTimeZone><MerchantReference>Scheduled auto payment for order 18299</MerchantReference><CardName>MasterCard</CardName><Retry>0</Retry><StatusRequired>0</StatusRequired><AuthCode></AuthCode><AmountBalance>0.00</AmountBalance><Amount>69.90</Amount><CurrencyId>554</CurrencyId><InputCurrencyId>554</InputCurrencyId><InputCurrencyName>NZD</InputCurrencyName><CurrencyRate>1.00</CurrencyRate><CurrencyName>NZD</CurrencyName><CardHolderName>B EPAPARA AIRPOINTS</CardHolderName><DateSettlement>20200218</DateSettlement><TxnType>Purchase</TxnType><CardNumber>524651........12</CardNumber><TxnMac>893C3D5D</TxnMac><DateExpiry>0223</DateExpiry><ProductId></ProductId><AcquirerDate>20200217</AcquirerDate><AcquirerTime>205243</AcquirerTime><AcquirerId>7</AcquirerId><Acquirer>ASB</Acquirer><AcquirerReCo>51</AcquirerReCo><AcquirerResponseText>DECLINED</AcquirerResponseText><TestMode>0</TestMode><CardId>1</CardId><CardHolderResponseText>DECLINED</CardHolderResponseText><CardHolderHelpText>The transaction was declined. Funds were not transferred</CardHolderHelpText><CardHolderResponseDescription>The transaction was declined. Funds were not transferred.</CardHolderResponseDescription><MerchantResponseText>DECLINED</MerchantResponseText><MerchantHelpText>The transaction was declined.Funds were not transferred (76)</MerchantHelpText><MerchantResponseDescription>The transaction was declined.Funds were not transferred (76)</MerchantResponseDescription><UrlFail></UrlFail><UrlSuccess></UrlSuccess><EnablePostResponse>0</EnablePostResponse><PxPayName></PxPayName><PxPayLogoSrc></PxPayLogoSrc><PxPayUserId></PxPayUserId><PxPayXsl></PxPayXsl><PxPayBgColor></PxPayBgColor><PxPayOptions></PxPayOptions><Cvc2ResultCode>NotUsed</Cvc2ResultCode><AcquirerPort>809582-80958201</AcquirerPort><AcquirerTxnRef>684131</AcquirerTxnRef><GroupAccount>2</GroupAccount><DpsTxnRef>0000000b638aff7f</DpsTxnRef><AllowRetry>0</AllowRetry><DpsBillingId>0000110351723660</DpsBillingId><PhoneNumber></PhoneNumber><AccountInfo></AccountInfo><BillingId>001572257478-76</BillingId><TransactionId>638aff7f</TransactionId><PxHostId>0000000b</PxHostId><RmReason></RmReason><RmReasonId>0000000000000000</RmReasonId><RiskScore>-1</RiskScore><RiskScoreText></RiskScoreText></Transaction><RuleName></RuleName><RmReason></RmReason><RmReasonId>0000000000000000</RmReasonId><RiskScore>-1</RiskScore><RiskScoreText></RiskScoreText><ReCo>51</ReCo><ResponseText>DECLINED</ResponseText><HelpText>The transaction was declined.Funds were not transferred</HelpText><Success>0</Success><DpsTxnRef>0000000b638aff7f</DpsTxnRef><ICCResult></ICCResult><TxnRef></TxnRef></Txn>
            [response] => Array
                (
                    [code] => 200
                    [message] => OK
                )

            [cookies] => Array
                (
                )

            [filename] => 
            [http_response] => WP_HTTP_Requests_Response Object
                (
                    [response:protected] => Requests_Response Object
                        (
                            [body] => <Txn><Transaction success="0" reco="51" responseText="DECLINED" pxTxn="true"><Authorized>0</Authorized><ReCo>51</ReCo><RxDate>20200217205243</RxDate><RxDateLocal>20200217205243</RxDateLocal><LocalTimeZone>UTC</LocalTimeZone><MerchantReference>Scheduled auto payment for order 18299</MerchantReference><CardName>MasterCard</CardName><Retry>0</Retry><StatusRequired>0</StatusRequired><AuthCode></AuthCode><AmountBalance>0.00</AmountBalance><Amount>69.90</Amount><CurrencyId>554</CurrencyId><InputCurrencyId>554</InputCurrencyId><InputCurrencyName>NZD</InputCurrencyName><CurrencyRate>1.00</CurrencyRate><CurrencyName>NZD</CurrencyName><CardHolderName>B EPAPARA AIRPOINTS</CardHolderName><DateSettlement>20200218</DateSettlement><TxnType>Purchase</TxnType><CardNumber>524651........12</CardNumber><TxnMac>893C3D5D</TxnMac><DateExpiry>0223</DateExpiry><ProductId></ProductId><AcquirerDate>20200217</AcquirerDate><AcquirerTime>205243</AcquirerTime><AcquirerId>7</AcquirerId><Acquirer>ASB</Acquirer><AcquirerReCo>51</AcquirerReCo><AcquirerResponseText>DECLINED</AcquirerResponseText><TestMode>0</TestMode><CardId>1</CardId><CardHolderResponseText>DECLINED</CardHolderResponseText><CardHolderHelpText>The transaction was declined. Funds were not transferred</CardHolderHelpText><CardHolderResponseDescription>The transaction was declined. Funds were not transferred.</CardHolderResponseDescription><MerchantResponseText>DECLINED</MerchantResponseText><MerchantHelpText>The transaction was declined.Funds were not transferred (76)</MerchantHelpText><MerchantResponseDescription>The transaction was declined.Funds were not transferred (76)</MerchantResponseDescription><UrlFail></UrlFail><UrlSuccess></UrlSuccess><EnablePostResponse>0</EnablePostResponse><PxPayName></PxPayName><PxPayLogoSrc></PxPayLogoSrc><PxPayUserId></PxPayUserId><PxPayXsl></PxPayXsl><PxPayBgColor></PxPayBgColor><PxPayOptions></PxPayOptions><Cvc2ResultCode>NotUsed</Cvc2ResultCode><AcquirerPort>809582-80958201</AcquirerPort><AcquirerTxnRef>684131</AcquirerTxnRef><GroupAccount>2</GroupAccount><DpsTxnRef>0000000b638aff7f</DpsTxnRef><AllowRetry>0</AllowRetry><DpsBillingId>0000110351723660</DpsBillingId><PhoneNumber></PhoneNumber><AccountInfo></AccountInfo><BillingId>001572257478-76</BillingId><TransactionId>638aff7f</TransactionId><PxHostId>0000000b</PxHostId><RmReason></RmReason><RmReasonId>0000000000000000</RmReasonId><RiskScore>-1</RiskScore><RiskScoreText></RiskScoreText></Transaction><RuleName></RuleName><RmReason></RmReason><RmReasonId>0000000000000000</RmReasonId><RiskScore>-1</RiskScore><RiskScoreText></RiskScoreText><ReCo>51</ReCo><ResponseText>DECLINED</ResponseText><HelpText>The transaction was declined.Funds were not transferred</HelpText><Success>0</Success><DpsTxnRef>0000000b638aff7f</DpsTxnRef><ICCResult></ICCResult><TxnRef></TxnRef></Txn>
                            [raw] => HTTP/1.1 200 OK
Cache-Control: private
Content-Type: application/xhtml+xml; charset=utf-8
Expires: Mon, 17 Feb 2020 20:51:43 GMT
Server: 
X-ASPNET-VERSION: 
X-POWERED-BY: 
Date: Mon, 17 Feb 2020 20:52:44 GMT
Connection: close
Content-Length: 2831
Strict-Transport-Security: max-age=16070400; includeSubDomains

<Txn><Transaction success="0" reco="51" responseText="DECLINED" pxTxn="true"><Authorized>0</Authorized><ReCo>51</ReCo><RxDate>20200217205243</RxDate><RxDateLocal>20200217205243</RxDateLocal><LocalTimeZone>UTC</LocalTimeZone><MerchantReference>Scheduled auto payment for order 18299</MerchantReference><CardName>MasterCard</CardName><Retry>0</Retry><StatusRequired>0</StatusRequired><AuthCode></AuthCode><AmountBalance>0.00</AmountBalance><Amount>69.90</Amount><CurrencyId>554</CurrencyId><InputCurrencyId>554</InputCurrencyId><InputCurrencyName>NZD</InputCurrencyName><CurrencyRate>1.00</CurrencyRate><CurrencyName>NZD</CurrencyName><CardHolderName>B EPAPARA AIRPOINTS</CardHolderName><DateSettlement>20200218</DateSettlement><TxnType>Purchase</TxnType><CardNumber>524651........12</CardNumber><TxnMac>893C3D5D</TxnMac><DateExpiry>0223</DateExpiry><ProductId></ProductId><AcquirerDate>20200217</AcquirerDate><AcquirerTime>205243</AcquirerTime><AcquirerId>7</AcquirerId><Acquirer>ASB</Acquirer><AcquirerReCo>51</AcquirerReCo><AcquirerResponseText>DECLINED</AcquirerResponseText><TestMode>0</TestMode><CardId>1</CardId><CardHolderResponseText>DECLINED</CardHolderResponseText><CardHolderHelpText>The transaction was declined. Funds were not transferred</CardHolderHelpText><CardHolderResponseDescription>The transaction was declined. Funds were not transferred.</CardHolderResponseDescription><MerchantResponseText>DECLINED</MerchantResponseText><MerchantHelpText>The transaction was declined.Funds were not transferred (76)</MerchantHelpText><MerchantResponseDescription>The transaction was declined.Funds were not transferred (76)</MerchantResponseDescription><UrlFail></UrlFail><UrlSuccess></UrlSuccess><EnablePostResponse>0</EnablePostResponse><PxPayName></PxPayName><PxPayLogoSrc></PxPayLogoSrc><PxPayUserId></PxPayUserId><PxPayXsl></PxPayXsl><PxPayBgColor></PxPayBgColor><PxPayOptions></PxPayOptions><Cvc2ResultCode>NotUsed</Cvc2ResultCode><AcquirerPort>809582-80958201</AcquirerPort><AcquirerTxnRef>684131</AcquirerTxnRef><GroupAccount>2</GroupAccount><DpsTxnRef>0000000b638aff7f</DpsTxnRef><AllowRetry>0</AllowRetry><DpsBillingId>0000110351723660</DpsBillingId><PhoneNumber></PhoneNumber><AccountInfo></AccountInfo><BillingId>001572257478-76</BillingId><TransactionId>638aff7f</TransactionId><PxHostId>0000000b</PxHostId><RmReason></RmReason><RmReasonId>0000000000000000</RmReasonId><RiskScore>-1</RiskScore><RiskScoreText></RiskScoreText></Transaction><RuleName></RuleName><RmReason></RmReason><RmReasonId>0000000000000000</RmReasonId><RiskScore>-1</RiskScore><RiskScoreText></RiskScoreText><ReCo>51</ReCo><ResponseText>DECLINED</ResponseText><HelpText>The transaction was declined.Funds were not transferred</HelpText><Success>0</Success><DpsTxnRef>0000000b638aff7f</DpsTxnRef><ICCResult></ICCResult><TxnRef></TxnRef></Txn>
                            [headers] => Requests_Response_Headers Object
                                (
                                    [data:protected] => Array
                                        (
                                            [cache-control] => Array
                                                (
                                                    [0] => private
                                                )

                                            [content-type] => Array
                                                (
                                                    [0] => application/xhtml+xml; charset=utf-8
                                                )

                                            [expires] => Array
                                                (
                                                    [0] => Mon, 17 Feb 2020 20:51:43 GMT
                                                )

                                            [server] => Array
                                                (
                                                    [0] => 
                                                )

                                            [x-aspnet-version] => Array
                                                (
                                                    [0] => 
                                                )

                                            [x-powered-by] => Array
                                                (
                                                    [0] => 
                                                )

                                            [date] => Array
                                                (
                                                    [0] => Mon, 17 Feb 2020 20:52:44 GMT
                                                )

                                            [content-length] => Array
                                                (
                                                    [0] => 2831
                                                )

                                            [strict-transport-security] => Array
                                                (
                                                    [0] => max-age=16070400; includeSubDomains
                                                )

                                        )

                                )

                            [status_code] => 200
                            [protocol_version] => 1.1
                            [success] => 1
                            [redirects] => 0
                            [url] => https://sec.paymentexpress.com/pxpost.aspx
                            [history] => Array
                                (
                                )

                            [cookies] => Requests_Cookie_Jar Object
                                (
                                    [cookies:protected] => Array
                                        (
                                        )

                                )

                        )

                    [filename:protected] => 
                    [data] => 
                    [headers] => 
                    [status] => 
                )

        )

)

02-18-2020 @ 09:52:44 - Array
(
    [pxpost server url] => https://sec.paymentexpress.com/pxpost.aspx
)

02-18-2020 @ 09:52:44 - Array
(
    [txn request] => <Txn><BillingId>001572257478-76</BillingId><PostUsername>HotShotBroadband</PostUsername><PostPassword>3Qo75sgT386</PostPassword><Amount>69.90</Amount><InputCurrency>NZD</InputCurrency><CardHolderName></CardHolderName><TxnType>Purchase</TxnType><MerchantReference>Scheduled auto payment for order 18299</MerchantReference></Txn>
)

02-18-2020 @ 09:52:44 - Array
(
    [Subscription renewal results] => '<Txn><Transaction success="0" reco="51" responseText="DECLINED" pxTxn="true"><Authorized>0</Authorized><ReCo>51</ReCo><RxDate>20200217205243</RxDate><RxDateLocal>20200217205243</RxDateLocal><LocalTimeZone>UTC</LocalTimeZone><MerchantReference>Scheduled auto payment for order 18299</MerchantReference><CardName>MasterCard</CardName><Retry>0</Retry><StatusRequired>0</StatusRequired><AuthCode></AuthCode><AmountBalance>0.00</AmountBalance><Amount>69.90</Amount><CurrencyId>554</CurrencyId><InputCurrencyId>554</InputCurrencyId><InputCurrencyName>NZD</InputCurrencyName><CurrencyRate>1.00</CurrencyRate><CurrencyName>NZD</CurrencyName><CardHolderName>B EPAPARA AIRPOINTS</CardHolderName><DateSettlement>20200218</DateSettlement><TxnType>Purchase</TxnType><CardNumber>524651........12</CardNumber><TxnMac>893C3D5D</TxnMac><DateExpiry>0223</DateExpiry><ProductId></ProductId><AcquirerDate>20200217</AcquirerDate><AcquirerTime>205243</AcquirerTime><AcquirerId>7</AcquirerId><Acquirer>ASB</Acquirer><AcquirerReCo>51</AcquirerReCo><AcquirerResponseText>DECLINED</AcquirerResponseText><TestMode>0</TestMode><CardId>1</CardId><CardHolderResponseText>DECLINED</CardHolderResponseText><CardHolderHelpText>The transaction was declined. Funds were not transferred</CardHolderHelpText><CardHolderResponseDescription>The transaction was declined. Funds were not transferred.</CardHolderResponseDescription><MerchantResponseText>DECLINED</MerchantResponseText><MerchantHelpText>The transaction was declined.Funds were not transferred (76)</MerchantHelpText><MerchantResponseDescription>The transaction was declined.Funds were not transferred (76)</MerchantResponseDescription><UrlFail></UrlFail><UrlSuccess></UrlSuccess><EnablePostResponse>0</EnablePostResponse><PxPayName></PxPayName><PxPayLogoSrc></PxPayLogoSrc><PxPayUserId></PxPayUserId><PxPayXsl></PxPayXsl><PxPayBgColor></PxPayBgColor><PxPayOptions></PxPayOptions><Cvc2ResultCode>NotUsed</Cvc2ResultCode><AcquirerPort>809582-80958201</AcquirerPort><AcquirerTxnRef>684131</AcquirerTxnRef><GroupAccount>2</GroupAccount><DpsTxnRef>0000000b638aff7f</DpsTxnRef><AllowRetry>0</AllowRetry><DpsBillingId>0000110351723660</DpsBillingId><PhoneNumber></PhoneNumber><AccountInfo></AccountInfo><BillingId>001572257478-76</BillingId><TransactionId>638aff7f</TransactionId><PxHostId>0000000b</PxHostId><RmReason></RmReason><RmReasonId>0000000000000000</RmReasonId><RiskScore>-1</RiskScore><RiskScoreText></RiskScoreText></Transaction><RuleName></RuleName><RmReason></RmReason><RmReasonId>0000000000000000</RmReasonId><RiskScore>-1</RiskScore><RiskScoreText></RiskScoreText><ReCo>51</ReCo><ResponseText>DECLINED</ResponseText><HelpText>The transaction was declined.Funds were not transferred</HelpText><Success>0</Success><DpsTxnRef>0000000b638aff7f</DpsTxnRef><ICCResult></ICCResult><TxnRef></TxnRef></Txn>'
)

02-18-2020 @ 10:37:19 - Array
(
    [userID and BillingId] => Array
        (
            [userid] => 104
            [BillingId] => 001574065372-104
        )

)

02-18-2020 @ 10:37:19 - Array
(
    [XML request] => <Txn><BillingId>001574065372-104</BillingId><PostUsername>HotShotBroadband</PostUsername><PostPassword>3Qo75sgT386</PostPassword><Amount>69.90</Amount><InputCurrency>NZD</InputCurrency><CardHolderName></CardHolderName><TxnType>Purchase</TxnType><MerchantReference>Scheduled auto payment for order 18308</MerchantReference></Txn>
)

02-18-2020 @ 10:37:20 - Array
(
    [requestProcess[851]>>>] => Array
        (
            [headers] => Requests_Utility_CaseInsensitiveDictionary Object
                (
                    [data:protected] => Array
                        (
                            [cache-control] => private
                            [content-type] => application/xhtml+xml; charset=utf-8
                            [expires] => Mon, 17 Feb 2020 21:36:19 GMT
                            [server] => 
                            [x-aspnet-version] => 
                            [x-powered-by] => 
                            [date] => Mon, 17 Feb 2020 21:37:19 GMT
                            [content-length] => 2667
                            [strict-transport-security] => max-age=16070400; includeSubDomains
                        )

                )

            [body] => <Txn><Transaction success="1" reco="00" responseText="APPROVED" pxTxn="true"><Authorized>1</Authorized><ReCo>00</ReCo><RxDate>20200217213719</RxDate><RxDateLocal>20200217213719</RxDateLocal><LocalTimeZone>UTC</LocalTimeZone><MerchantReference>Scheduled auto payment for order 18308</MerchantReference><CardName>Visa</CardName><Retry>0</Retry><StatusRequired>0</StatusRequired><AuthCode>824263</AuthCode><AmountBalance>0.00</AmountBalance><Amount>69.90</Amount><CurrencyId>554</CurrencyId><InputCurrencyId>554</InputCurrencyId><InputCurrencyName>NZD</InputCurrencyName><CurrencyRate>1.00</CurrencyRate><CurrencyName>NZD</CurrencyName><CardHolderName>L HAARHOFF</CardHolderName><DateSettlement>20200218</DateSettlement><TxnType>Purchase</TxnType><CardNumber>428455........85</CardNumber><TxnMac>F836D1EA</TxnMac><DateExpiry>0622</DateExpiry><ProductId></ProductId><AcquirerDate>20200217</AcquirerDate><AcquirerTime>213719</AcquirerTime><AcquirerId>7</AcquirerId><Acquirer>ASB</Acquirer><AcquirerReCo>00</AcquirerReCo><AcquirerResponseText>APPROVED</AcquirerResponseText><TestMode>0</TestMode><CardId>2</CardId><CardHolderResponseText>APPROVED</CardHolderResponseText><CardHolderHelpText>The Transaction was approved</CardHolderHelpText><CardHolderResponseDescription>The Transaction was approved</CardHolderResponseDescription><MerchantResponseText>APPROVED</MerchantResponseText><MerchantHelpText>The Transaction was approved</MerchantHelpText><MerchantResponseDescription>The Transaction was approved</MerchantResponseDescription><UrlFail></UrlFail><UrlSuccess></UrlSuccess><EnablePostResponse>0</EnablePostResponse><PxPayName></PxPayName><PxPayLogoSrc></PxPayLogoSrc><PxPayUserId></PxPayUserId><PxPayXsl></PxPayXsl><PxPayBgColor></PxPayBgColor><PxPayOptions></PxPayOptions><Cvc2ResultCode>NotUsed</Cvc2ResultCode><AcquirerPort>809582-80958201</AcquirerPort><AcquirerTxnRef>686454</AcquirerTxnRef><GroupAccount>2</GroupAccount><DpsTxnRef>0000000b638d2bfb</DpsTxnRef><AllowRetry>0</AllowRetry><DpsBillingId>0000110370801175</DpsBillingId><PhoneNumber></PhoneNumber><AccountInfo></AccountInfo><BillingId>001574065372-104</BillingId><TransactionId>638d2bfb</TransactionId><PxHostId>0000000b</PxHostId><RmReason></RmReason><RmReasonId>0000000000000000</RmReasonId><RiskScore>-1</RiskScore><RiskScoreText></RiskScoreText></Transaction><RuleName></RuleName><RmReason></RmReason><RmReasonId>0000000000000000</RmReasonId><RiskScore>-1</RiskScore><RiskScoreText></RiskScoreText><ReCo>00</ReCo><ResponseText>APPROVED</ResponseText><HelpText>Transaction Approved</HelpText><Success>1</Success><DpsTxnRef>0000000b638d2bfb</DpsTxnRef><ICCResult></ICCResult><TxnRef></TxnRef></Txn>
            [response] => Array
                (
                    [code] => 200
                    [message] => OK
                )

            [cookies] => Array
                (
                )

            [filename] => 
            [http_response] => WP_HTTP_Requests_Response Object
                (
                    [response:protected] => Requests_Response Object
                        (
                            [body] => <Txn><Transaction success="1" reco="00" responseText="APPROVED" pxTxn="true"><Authorized>1</Authorized><ReCo>00</ReCo><RxDate>20200217213719</RxDate><RxDateLocal>20200217213719</RxDateLocal><LocalTimeZone>UTC</LocalTimeZone><MerchantReference>Scheduled auto payment for order 18308</MerchantReference><CardName>Visa</CardName><Retry>0</Retry><StatusRequired>0</StatusRequired><AuthCode>824263</AuthCode><AmountBalance>0.00</AmountBalance><Amount>69.90</Amount><CurrencyId>554</CurrencyId><InputCurrencyId>554</InputCurrencyId><InputCurrencyName>NZD</InputCurrencyName><CurrencyRate>1.00</CurrencyRate><CurrencyName>NZD</CurrencyName><CardHolderName>L HAARHOFF</CardHolderName><DateSettlement>20200218</DateSettlement><TxnType>Purchase</TxnType><CardNumber>428455........85</CardNumber><TxnMac>F836D1EA</TxnMac><DateExpiry>0622</DateExpiry><ProductId></ProductId><AcquirerDate>20200217</AcquirerDate><AcquirerTime>213719</AcquirerTime><AcquirerId>7</AcquirerId><Acquirer>ASB</Acquirer><AcquirerReCo>00</AcquirerReCo><AcquirerResponseText>APPROVED</AcquirerResponseText><TestMode>0</TestMode><CardId>2</CardId><CardHolderResponseText>APPROVED</CardHolderResponseText><CardHolderHelpText>The Transaction was approved</CardHolderHelpText><CardHolderResponseDescription>The Transaction was approved</CardHolderResponseDescription><MerchantResponseText>APPROVED</MerchantResponseText><MerchantHelpText>The Transaction was approved</MerchantHelpText><MerchantResponseDescription>The Transaction was approved</MerchantResponseDescription><UrlFail></UrlFail><UrlSuccess></UrlSuccess><EnablePostResponse>0</EnablePostResponse><PxPayName></PxPayName><PxPayLogoSrc></PxPayLogoSrc><PxPayUserId></PxPayUserId><PxPayXsl></PxPayXsl><PxPayBgColor></PxPayBgColor><PxPayOptions></PxPayOptions><Cvc2ResultCode>NotUsed</Cvc2ResultCode><AcquirerPort>809582-80958201</AcquirerPort><AcquirerTxnRef>686454</AcquirerTxnRef><GroupAccount>2</GroupAccount><DpsTxnRef>0000000b638d2bfb</DpsTxnRef><AllowRetry>0</AllowRetry><DpsBillingId>0000110370801175</DpsBillingId><PhoneNumber></PhoneNumber><AccountInfo></AccountInfo><BillingId>001574065372-104</BillingId><TransactionId>638d2bfb</TransactionId><PxHostId>0000000b</PxHostId><RmReason></RmReason><RmReasonId>0000000000000000</RmReasonId><RiskScore>-1</RiskScore><RiskScoreText></RiskScoreText></Transaction><RuleName></RuleName><RmReason></RmReason><RmReasonId>0000000000000000</RmReasonId><RiskScore>-1</RiskScore><RiskScoreText></RiskScoreText><ReCo>00</ReCo><ResponseText>APPROVED</ResponseText><HelpText>Transaction Approved</HelpText><Success>1</Success><DpsTxnRef>0000000b638d2bfb</DpsTxnRef><ICCResult></ICCResult><TxnRef></TxnRef></Txn>
                            [raw] => HTTP/1.1 200 OK
Cache-Control: private
Content-Type: application/xhtml+xml; charset=utf-8
Expires: Mon, 17 Feb 2020 21:36:19 GMT
Server: 
X-ASPNET-VERSION: 
X-POWERED-BY: 
Date: Mon, 17 Feb 2020 21:37:19 GMT
Connection: close
Content-Length: 2667
Strict-Transport-Security: max-age=16070400; includeSubDomains

<Txn><Transaction success="1" reco="00" responseText="APPROVED" pxTxn="true"><Authorized>1</Authorized><ReCo>00</ReCo><RxDate>20200217213719</RxDate><RxDateLocal>20200217213719</RxDateLocal><LocalTimeZone>UTC</LocalTimeZone><MerchantReference>Scheduled auto payment for order 18308</MerchantReference><CardName>Visa</CardName><Retry>0</Retry><StatusRequired>0</StatusRequired><AuthCode>824263</AuthCode><AmountBalance>0.00</AmountBalance><Amount>69.90</Amount><CurrencyId>554</CurrencyId><InputCurrencyId>554</InputCurrencyId><InputCurrencyName>NZD</InputCurrencyName><CurrencyRate>1.00</CurrencyRate><CurrencyName>NZD</CurrencyName><CardHolderName>L HAARHOFF</CardHolderName><DateSettlement>20200218</DateSettlement><TxnType>Purchase</TxnType><CardNumber>428455........85</CardNumber><TxnMac>F836D1EA</TxnMac><DateExpiry>0622</DateExpiry><ProductId></ProductId><AcquirerDate>20200217</AcquirerDate><AcquirerTime>213719</AcquirerTime><AcquirerId>7</AcquirerId><Acquirer>ASB</Acquirer><AcquirerReCo>00</AcquirerReCo><AcquirerResponseText>APPROVED</AcquirerResponseText><TestMode>0</TestMode><CardId>2</CardId><CardHolderResponseText>APPROVED</CardHolderResponseText><CardHolderHelpText>The Transaction was approved</CardHolderHelpText><CardHolderResponseDescription>The Transaction was approved</CardHolderResponseDescription><MerchantResponseText>APPROVED</MerchantResponseText><MerchantHelpText>The Transaction was approved</MerchantHelpText><MerchantResponseDescription>The Transaction was approved</MerchantResponseDescription><UrlFail></UrlFail><UrlSuccess></UrlSuccess><EnablePostResponse>0</EnablePostResponse><PxPayName></PxPayName><PxPayLogoSrc></PxPayLogoSrc><PxPayUserId></PxPayUserId><PxPayXsl></PxPayXsl><PxPayBgColor></PxPayBgColor><PxPayOptions></PxPayOptions><Cvc2ResultCode>NotUsed</Cvc2ResultCode><AcquirerPort>809582-80958201</AcquirerPort><AcquirerTxnRef>686454</AcquirerTxnRef><GroupAccount>2</GroupAccount><DpsTxnRef>0000000b638d2bfb</DpsTxnRef><AllowRetry>0</AllowRetry><DpsBillingId>0000110370801175</DpsBillingId><PhoneNumber></PhoneNumber><AccountInfo></AccountInfo><BillingId>001574065372-104</BillingId><TransactionId>638d2bfb</TransactionId><PxHostId>0000000b</PxHostId><RmReason></RmReason><RmReasonId>0000000000000000</RmReasonId><RiskScore>-1</RiskScore><RiskScoreText></RiskScoreText></Transaction><RuleName></RuleName><RmReason></RmReason><RmReasonId>0000000000000000</RmReasonId><RiskScore>-1</RiskScore><RiskScoreText></RiskScoreText><ReCo>00</ReCo><ResponseText>APPROVED</ResponseText><HelpText>Transaction Approved</HelpText><Success>1</Success><DpsTxnRef>0000000b638d2bfb</DpsTxnRef><ICCResult></ICCResult><TxnRef></TxnRef></Txn>
                            [headers] => Requests_Response_Headers Object
                                (
                                    [data:protected] => Array
                                        (
                                            [cache-control] => Array
                                                (
                                                    [0] => private
                                                )

                                            [content-type] => Array
                                                (
                                                    [0] => application/xhtml+xml; charset=utf-8
                                                )

                                            [expires] => Array
                                                (
                                                    [0] => Mon, 17 Feb 2020 21:36:19 GMT
                                                )

                                            [server] => Array
                                                (
                                                    [0] => 
                                                )

                                            [x-aspnet-version] => Array
                                                (
                                                    [0] => 
                                                )

                                            [x-powered-by] => Array
                                                (
                                                    [0] => 
                                                )

                                            [date] => Array
                                                (
                                                    [0] => Mon, 17 Feb 2020 21:37:19 GMT
                                                )

                                            [content-length] => Array
                                                (
                                                    [0] => 2667
                                                )

                                            [strict-transport-security] => Array
                                                (
                                                    [0] => max-age=16070400; includeSubDomains
                                                )

                                        )

                                )

                            [status_code] => 200
                            [protocol_version] => 1.1
                            [success] => 1
                            [redirects] => 0
                            [url] => https://sec.paymentexpress.com/pxpost.aspx
                            [history] => Array
                                (
                                )

                            [cookies] => Requests_Cookie_Jar Object
                                (
                                    [cookies:protected] => Array
                                        (
                                        )

                                )

                        )

                    [filename:protected] => 
                    [data] => 
                    [headers] => 
                    [status] => 
                )

        )

)

02-18-2020 @ 10:37:20 - Array
(
    [pxpost server url] => https://sec.paymentexpress.com/pxpost.aspx
)

02-18-2020 @ 10:37:20 - Array
(
    [txn request] => <Txn><BillingId>001574065372-104</BillingId><PostUsername>HotShotBroadband</PostUsername><PostPassword>3Qo75sgT386</PostPassword><Amount>69.90</Amount><InputCurrency>NZD</InputCurrency><CardHolderName></CardHolderName><TxnType>Purchase</TxnType><MerchantReference>Scheduled auto payment for order 18308</MerchantReference></Txn>
)

02-18-2020 @ 10:37:20 - Array
(
    [Subscription renewal results] => '<Txn><Transaction success="1" reco="00" responseText="APPROVED" pxTxn="true"><Authorized>1</Authorized><ReCo>00</ReCo><RxDate>20200217213719</RxDate><RxDateLocal>20200217213719</RxDateLocal><LocalTimeZone>UTC</LocalTimeZone><MerchantReference>Scheduled auto payment for order 18308</MerchantReference><CardName>Visa</CardName><Retry>0</Retry><StatusRequired>0</StatusRequired><AuthCode>824263</AuthCode><AmountBalance>0.00</AmountBalance><Amount>69.90</Amount><CurrencyId>554</CurrencyId><InputCurrencyId>554</InputCurrencyId><InputCurrencyName>NZD</InputCurrencyName><CurrencyRate>1.00</CurrencyRate><CurrencyName>NZD</CurrencyName><CardHolderName>L HAARHOFF</CardHolderName><DateSettlement>20200218</DateSettlement><TxnType>Purchase</TxnType><CardNumber>428455........85</CardNumber><TxnMac>F836D1EA</TxnMac><DateExpiry>0622</DateExpiry><ProductId></ProductId><AcquirerDate>20200217</AcquirerDate><AcquirerTime>213719</AcquirerTime><AcquirerId>7</AcquirerId><Acquirer>ASB</Acquirer><AcquirerReCo>00</AcquirerReCo><AcquirerResponseText>APPROVED</AcquirerResponseText><TestMode>0</TestMode><CardId>2</CardId><CardHolderResponseText>APPROVED</CardHolderResponseText><CardHolderHelpText>The Transaction was approved</CardHolderHelpText><CardHolderResponseDescription>The Transaction was approved</CardHolderResponseDescription><MerchantResponseText>APPROVED</MerchantResponseText><MerchantHelpText>The Transaction was approved</MerchantHelpText><MerchantResponseDescription>The Transaction was approved</MerchantResponseDescription><UrlFail></UrlFail><UrlSuccess></UrlSuccess><EnablePostResponse>0</EnablePostResponse><PxPayName></PxPayName><PxPayLogoSrc></PxPayLogoSrc><PxPayUserId></PxPayUserId><PxPayXsl></PxPayXsl><PxPayBgColor></PxPayBgColor><PxPayOptions></PxPayOptions><Cvc2ResultCode>NotUsed</Cvc2ResultCode><AcquirerPort>809582-80958201</AcquirerPort><AcquirerTxnRef>686454</AcquirerTxnRef><GroupAccount>2</GroupAccount><DpsTxnRef>0000000b638d2bfb</DpsTxnRef><AllowRetry>0</AllowRetry><DpsBillingId>0000110370801175</DpsBillingId><PhoneNumber></PhoneNumber><AccountInfo></AccountInfo><BillingId>001574065372-104</BillingId><TransactionId>638d2bfb</TransactionId><PxHostId>0000000b</PxHostId><RmReason></RmReason><RmReasonId>0000000000000000</RmReasonId><RiskScore>-1</RiskScore><RiskScoreText></RiskScoreText></Transaction><RuleName></RuleName><RmReason></RmReason><RmReasonId>0000000000000000</RmReasonId><RiskScore>-1</RiskScore><RiskScoreText></RiskScoreText><ReCo>00</ReCo><ResponseText>APPROVED</ResponseText><HelpText>Transaction Approved</HelpText><Success>1</Success><DpsTxnRef>0000000b638d2bfb</DpsTxnRef><ICCResult></ICCResult><TxnRef></TxnRef></Txn>'
)

02-18-2020 @ 11:09:12 - Array
(
    [userID and BillingId] => Array
        (
            [userid] => 83
            [BillingId] => 001572333996-83
        )

)

02-18-2020 @ 11:09:12 - Array
(
    [XML request] => <Txn><BillingId>001572333996-83</BillingId><PostUsername>HotShotBroadband</PostUsername><PostPassword>3Qo75sgT386</PostPassword><Amount>69.90</Amount><InputCurrency>NZD</InputCurrency><CardHolderName></CardHolderName><TxnType>Purchase</TxnType><MerchantReference>Scheduled auto payment for order 18321</MerchantReference></Txn>
)

02-18-2020 @ 11:09:16 - Array
(
    [requestProcess[851]>>>] => Array
        (
            [headers] => Requests_Utility_CaseInsensitiveDictionary Object
                (
                    [data:protected] => Array
                        (
                            [cache-control] => private
                            [content-type] => application/xhtml+xml; charset=utf-8
                            [expires] => Mon, 17 Feb 2020 22:08:15 GMT
                            [server] => 
                            [x-aspnet-version] => 
                            [x-powered-by] => 
                            [date] => Mon, 17 Feb 2020 22:09:16 GMT
                            [content-length] => 2665
                            [strict-transport-security] => max-age=16070400; includeSubDomains
                        )

                )

            [body] => <Txn><Transaction success="1" reco="00" responseText="APPROVED" pxTxn="true"><Authorized>1</Authorized><ReCo>00</ReCo><RxDate>20200217220915</RxDate><RxDateLocal>20200217220915</RxDateLocal><LocalTimeZone>UTC</LocalTimeZone><MerchantReference>Scheduled auto payment for order 18321</MerchantReference><CardName>Visa</CardName><Retry>0</Retry><StatusRequired>0</StatusRequired><AuthCode>093896</AuthCode><AmountBalance>0.00</AmountBalance><Amount>69.90</Amount><CurrencyId>554</CurrencyId><InputCurrencyId>554</InputCurrencyId><InputCurrencyName>NZD</InputCurrencyName><CurrencyRate>1.00</CurrencyRate><CurrencyName>NZD</CurrencyName><CardHolderName>AM SUTTON</CardHolderName><DateSettlement>20200218</DateSettlement><TxnType>Purchase</TxnType><CardNumber>483561........60</CardNumber><TxnMac>1D180C5D</TxnMac><DateExpiry>1221</DateExpiry><ProductId></ProductId><AcquirerDate>20200217</AcquirerDate><AcquirerTime>220915</AcquirerTime><AcquirerId>7</AcquirerId><Acquirer>ASB</Acquirer><AcquirerReCo>00</AcquirerReCo><AcquirerResponseText>APPROVED</AcquirerResponseText><TestMode>0</TestMode><CardId>2</CardId><CardHolderResponseText>APPROVED</CardHolderResponseText><CardHolderHelpText>The Transaction was approved</CardHolderHelpText><CardHolderResponseDescription>The Transaction was approved</CardHolderResponseDescription><MerchantResponseText>APPROVED</MerchantResponseText><MerchantHelpText>The Transaction was approved</MerchantHelpText><MerchantResponseDescription>The Transaction was approved</MerchantResponseDescription><UrlFail></UrlFail><UrlSuccess></UrlSuccess><EnablePostResponse>0</EnablePostResponse><PxPayName></PxPayName><PxPayLogoSrc></PxPayLogoSrc><PxPayUserId></PxPayUserId><PxPayXsl></PxPayXsl><PxPayBgColor></PxPayBgColor><PxPayOptions></PxPayOptions><Cvc2ResultCode>NotUsed</Cvc2ResultCode><AcquirerPort>809582-80958201</AcquirerPort><AcquirerTxnRef>687615</AcquirerTxnRef><GroupAccount>2</GroupAccount><DpsTxnRef>0000000b638ed1fe</DpsTxnRef><AllowRetry>0</AllowRetry><DpsBillingId>0000110352571806</DpsBillingId><PhoneNumber></PhoneNumber><AccountInfo></AccountInfo><BillingId>001572333996-83</BillingId><TransactionId>638ed1fe</TransactionId><PxHostId>0000000b</PxHostId><RmReason></RmReason><RmReasonId>0000000000000000</RmReasonId><RiskScore>-1</RiskScore><RiskScoreText></RiskScoreText></Transaction><RuleName></RuleName><RmReason></RmReason><RmReasonId>0000000000000000</RmReasonId><RiskScore>-1</RiskScore><RiskScoreText></RiskScoreText><ReCo>00</ReCo><ResponseText>APPROVED</ResponseText><HelpText>Transaction Approved</HelpText><Success>1</Success><DpsTxnRef>0000000b638ed1fe</DpsTxnRef><ICCResult></ICCResult><TxnRef></TxnRef></Txn>
            [response] => Array
                (
                    [code] => 200
                    [message] => OK
                )

            [cookies] => Array
                (
                )

            [filename] => 
            [http_response] => WP_HTTP_Requests_Response Object
                (
                    [response:protected] => Requests_Response Object
                        (
                            [body] => <Txn><Transaction success="1" reco="00" responseText="APPROVED" pxTxn="true"><Authorized>1</Authorized><ReCo>00</ReCo><RxDate>20200217220915</RxDate><RxDateLocal>20200217220915</RxDateLocal><LocalTimeZone>UTC</LocalTimeZone><MerchantReference>Scheduled auto payment for order 18321</MerchantReference><CardName>Visa</CardName><Retry>0</Retry><StatusRequired>0</StatusRequired><AuthCode>093896</AuthCode><AmountBalance>0.00</AmountBalance><Amount>69.90</Amount><CurrencyId>554</CurrencyId><InputCurrencyId>554</InputCurrencyId><InputCurrencyName>NZD</InputCurrencyName><CurrencyRate>1.00</CurrencyRate><CurrencyName>NZD</CurrencyName><CardHolderName>AM SUTTON</CardHolderName><DateSettlement>20200218</DateSettlement><TxnType>Purchase</TxnType><CardNumber>483561........60</CardNumber><TxnMac>1D180C5D</TxnMac><DateExpiry>1221</DateExpiry><ProductId></ProductId><AcquirerDate>20200217</AcquirerDate><AcquirerTime>220915</AcquirerTime><AcquirerId>7</AcquirerId><Acquirer>ASB</Acquirer><AcquirerReCo>00</AcquirerReCo><AcquirerResponseText>APPROVED</AcquirerResponseText><TestMode>0</TestMode><CardId>2</CardId><CardHolderResponseText>APPROVED</CardHolderResponseText><CardHolderHelpText>The Transaction was approved</CardHolderHelpText><CardHolderResponseDescription>The Transaction was approved</CardHolderResponseDescription><MerchantResponseText>APPROVED</MerchantResponseText><MerchantHelpText>The Transaction was approved</MerchantHelpText><MerchantResponseDescription>The Transaction was approved</MerchantResponseDescription><UrlFail></UrlFail><UrlSuccess></UrlSuccess><EnablePostResponse>0</EnablePostResponse><PxPayName></PxPayName><PxPayLogoSrc></PxPayLogoSrc><PxPayUserId></PxPayUserId><PxPayXsl></PxPayXsl><PxPayBgColor></PxPayBgColor><PxPayOptions></PxPayOptions><Cvc2ResultCode>NotUsed</Cvc2ResultCode><AcquirerPort>809582-80958201</AcquirerPort><AcquirerTxnRef>687615</AcquirerTxnRef><GroupAccount>2</GroupAccount><DpsTxnRef>0000000b638ed1fe</DpsTxnRef><AllowRetry>0</AllowRetry><DpsBillingId>0000110352571806</DpsBillingId><PhoneNumber></PhoneNumber><AccountInfo></AccountInfo><BillingId>001572333996-83</BillingId><TransactionId>638ed1fe</TransactionId><PxHostId>0000000b</PxHostId><RmReason></RmReason><RmReasonId>0000000000000000</RmReasonId><RiskScore>-1</RiskScore><RiskScoreText></RiskScoreText></Transaction><RuleName></RuleName><RmReason></RmReason><RmReasonId>0000000000000000</RmReasonId><RiskScore>-1</RiskScore><RiskScoreText></RiskScoreText><ReCo>00</ReCo><ResponseText>APPROVED</ResponseText><HelpText>Transaction Approved</HelpText><Success>1</Success><DpsTxnRef>0000000b638ed1fe</DpsTxnRef><ICCResult></ICCResult><TxnRef></TxnRef></Txn>
                            [raw] => HTTP/1.1 200 OK
Cache-Control: private
Content-Type: application/xhtml+xml; charset=utf-8
Expires: Mon, 17 Feb 2020 22:08:15 GMT
Server: 
X-ASPNET-VERSION: 
X-POWERED-BY: 
Date: Mon, 17 Feb 2020 22:09:16 GMT
Connection: close
Content-Length: 2665
Strict-Transport-Security: max-age=16070400; includeSubDomains

<Txn><Transaction success="1" reco="00" responseText="APPROVED" pxTxn="true"><Authorized>1</Authorized><ReCo>00</ReCo><RxDate>20200217220915</RxDate><RxDateLocal>20200217220915</RxDateLocal><LocalTimeZone>UTC</LocalTimeZone><MerchantReference>Scheduled auto payment for order 18321</MerchantReference><CardName>Visa</CardName><Retry>0</Retry><StatusRequired>0</StatusRequired><AuthCode>093896</AuthCode><AmountBalance>0.00</AmountBalance><Amount>69.90</Amount><CurrencyId>554</CurrencyId><InputCurrencyId>554</InputCurrencyId><InputCurrencyName>NZD</InputCurrencyName><CurrencyRate>1.00</CurrencyRate><CurrencyName>NZD</CurrencyName><CardHolderName>AM SUTTON</CardHolderName><DateSettlement>20200218</DateSettlement><TxnType>Purchase</TxnType><CardNumber>483561........60</CardNumber><TxnMac>1D180C5D</TxnMac><DateExpiry>1221</DateExpiry><ProductId></ProductId><AcquirerDate>20200217</AcquirerDate><AcquirerTime>220915</AcquirerTime><AcquirerId>7</AcquirerId><Acquirer>ASB</Acquirer><AcquirerReCo>00</AcquirerReCo><AcquirerResponseText>APPROVED</AcquirerResponseText><TestMode>0</TestMode><CardId>2</CardId><CardHolderResponseText>APPROVED</CardHolderResponseText><CardHolderHelpText>The Transaction was approved</CardHolderHelpText><CardHolderResponseDescription>The Transaction was approved</CardHolderResponseDescription><MerchantResponseText>APPROVED</MerchantResponseText><MerchantHelpText>The Transaction was approved</MerchantHelpText><MerchantResponseDescription>The Transaction was approved</MerchantResponseDescription><UrlFail></UrlFail><UrlSuccess></UrlSuccess><EnablePostResponse>0</EnablePostResponse><PxPayName></PxPayName><PxPayLogoSrc></PxPayLogoSrc><PxPayUserId></PxPayUserId><PxPayXsl></PxPayXsl><PxPayBgColor></PxPayBgColor><PxPayOptions></PxPayOptions><Cvc2ResultCode>NotUsed</Cvc2ResultCode><AcquirerPort>809582-80958201</AcquirerPort><AcquirerTxnRef>687615</AcquirerTxnRef><GroupAccount>2</GroupAccount><DpsTxnRef>0000000b638ed1fe</DpsTxnRef><AllowRetry>0</AllowRetry><DpsBillingId>0000110352571806</DpsBillingId><PhoneNumber></PhoneNumber><AccountInfo></AccountInfo><BillingId>001572333996-83</BillingId><TransactionId>638ed1fe</TransactionId><PxHostId>0000000b</PxHostId><RmReason></RmReason><RmReasonId>0000000000000000</RmReasonId><RiskScore>-1</RiskScore><RiskScoreText></RiskScoreText></Transaction><RuleName></RuleName><RmReason></RmReason><RmReasonId>0000000000000000</RmReasonId><RiskScore>-1</RiskScore><RiskScoreText></RiskScoreText><ReCo>00</ReCo><ResponseText>APPROVED</ResponseText><HelpText>Transaction Approved</HelpText><Success>1</Success><DpsTxnRef>0000000b638ed1fe</DpsTxnRef><ICCResult></ICCResult><TxnRef></TxnRef></Txn>
                            [headers] => Requests_Response_Headers Object
                                (
                                    [data:protected] => Array
                                        (
                                            [cache-control] => Array
                                                (
                                                    [0] => private
                                                )

                                            [content-type] => Array
                                                (
                                                    [0] => application/xhtml+xml; charset=utf-8
                                                )

                                            [expires] => Array
                                                (
                                                    [0] => Mon, 17 Feb 2020 22:08:15 GMT
                                                )

                                            [server] => Array
                                                (
                                                    [0] => 
                                                )

                                            [x-aspnet-version] => Array
                                                (
                                                    [0] => 
                                                )

                                            [x-powered-by] => Array
                                                (
                                                    [0] => 
                                                )

                                            [date] => Array
                                                (
                                                    [0] => Mon, 17 Feb 2020 22:09:16 GMT
                                                )

                                            [content-length] => Array
                                                (
                                                    [0] => 2665
                                                )

                                            [strict-transport-security] => Array
                                                (
                                                    [0] => max-age=16070400; includeSubDomains
                                                )

                                        )

                                )

                            [status_code] => 200
                            [protocol_version] => 1.1
                            [success] => 1
                            [redirects] => 0
                            [url] => https://sec.paymentexpress.com/pxpost.aspx
                            [history] => Array
                                (
                                )

                            [cookies] => Requests_Cookie_Jar Object
                                (
                                    [cookies:protected] => Array
                                        (
                                        )

                                )

                        )

                    [filename:protected] => 
                    [data] => 
                    [headers] => 
                    [status] => 
                )

        )

)

02-18-2020 @ 11:09:16 - Array
(
    [pxpost server url] => https://sec.paymentexpress.com/pxpost.aspx
)

02-18-2020 @ 11:09:16 - Array
(
    [txn request] => <Txn><BillingId>001572333996-83</BillingId><PostUsername>HotShotBroadband</PostUsername><PostPassword>3Qo75sgT386</PostPassword><Amount>69.90</Amount><InputCurrency>NZD</InputCurrency><CardHolderName></CardHolderName><TxnType>Purchase</TxnType><MerchantReference>Scheduled auto payment for order 18321</MerchantReference></Txn>
)

02-18-2020 @ 11:09:16 - Array
(
    [Subscription renewal results] => '<Txn><Transaction success="1" reco="00" responseText="APPROVED" pxTxn="true"><Authorized>1</Authorized><ReCo>00</ReCo><RxDate>20200217220915</RxDate><RxDateLocal>20200217220915</RxDateLocal><LocalTimeZone>UTC</LocalTimeZone><MerchantReference>Scheduled auto payment for order 18321</MerchantReference><CardName>Visa</CardName><Retry>0</Retry><StatusRequired>0</StatusRequired><AuthCode>093896</AuthCode><AmountBalance>0.00</AmountBalance><Amount>69.90</Amount><CurrencyId>554</CurrencyId><InputCurrencyId>554</InputCurrencyId><InputCurrencyName>NZD</InputCurrencyName><CurrencyRate>1.00</CurrencyRate><CurrencyName>NZD</CurrencyName><CardHolderName>AM SUTTON</CardHolderName><DateSettlement>20200218</DateSettlement><TxnType>Purchase</TxnType><CardNumber>483561........60</CardNumber><TxnMac>1D180C5D</TxnMac><DateExpiry>1221</DateExpiry><ProductId></ProductId><AcquirerDate>20200217</AcquirerDate><AcquirerTime>220915</AcquirerTime><AcquirerId>7</AcquirerId><Acquirer>ASB</Acquirer><AcquirerReCo>00</AcquirerReCo><AcquirerResponseText>APPROVED</AcquirerResponseText><TestMode>0</TestMode><CardId>2</CardId><CardHolderResponseText>APPROVED</CardHolderResponseText><CardHolderHelpText>The Transaction was approved</CardHolderHelpText><CardHolderResponseDescription>The Transaction was approved</CardHolderResponseDescription><MerchantResponseText>APPROVED</MerchantResponseText><MerchantHelpText>The Transaction was approved</MerchantHelpText><MerchantResponseDescription>The Transaction was approved</MerchantResponseDescription><UrlFail></UrlFail><UrlSuccess></UrlSuccess><EnablePostResponse>0</EnablePostResponse><PxPayName></PxPayName><PxPayLogoSrc></PxPayLogoSrc><PxPayUserId></PxPayUserId><PxPayXsl></PxPayXsl><PxPayBgColor></PxPayBgColor><PxPayOptions></PxPayOptions><Cvc2ResultCode>NotUsed</Cvc2ResultCode><AcquirerPort>809582-80958201</AcquirerPort><AcquirerTxnRef>687615</AcquirerTxnRef><GroupAccount>2</GroupAccount><DpsTxnRef>0000000b638ed1fe</DpsTxnRef><AllowRetry>0</AllowRetry><DpsBillingId>0000110352571806</DpsBillingId><PhoneNumber></PhoneNumber><AccountInfo></AccountInfo><BillingId>001572333996-83</BillingId><TransactionId>638ed1fe</TransactionId><PxHostId>0000000b</PxHostId><RmReason></RmReason><RmReasonId>0000000000000000</RmReasonId><RiskScore>-1</RiskScore><RiskScoreText></RiskScoreText></Transaction><RuleName></RuleName><RmReason></RmReason><RmReasonId>0000000000000000</RmReasonId><RiskScore>-1</RiskScore><RiskScoreText></RiskScoreText><ReCo>00</ReCo><ResponseText>APPROVED</ResponseText><HelpText>Transaction Approved</HelpText><Success>1</Success><DpsTxnRef>0000000b638ed1fe</DpsTxnRef><ICCResult></ICCResult><TxnRef></TxnRef></Txn>'
)

