09-19-2019 @ 14:21:09 - Array
(
    [userID and BillingId] => Array
        (
            [userid] => 2
            [BillingId] => 001564366653-2
        )

)

09-19-2019 @ 14:21:09 - Array
(
    [XML request] => <Txn><BillingId>001564366653-2</BillingId><PostUsername>HotShotBroadband</PostUsername><PostPassword>3Qo75sgT386</PostPassword><Amount>65.50</Amount><InputCurrency>NZD</InputCurrency><CardHolderName></CardHolderName><TxnType>Purchase</TxnType><MerchantReference>Scheduled auto payment for order 5946</MerchantReference></Txn>
)

09-19-2019 @ 14:21:09 - Array
(
    [requestProcess[851]>>>] => Array
        (
            [headers] => Requests_Utility_CaseInsensitiveDictionary Object
                (
                    [data:protected] => Array
                        (
                            [cache-control] => private
                            [content-type] => application/xhtml+xml; charset=utf-8
                            [expires] => Thu, 19 Sep 2019 02:20:09 GMT
                            [server] => 
                            [x-aspnet-version] => 
                            [x-powered-by] => 
                            [date] => Thu, 19 Sep 2019 02:21:08 GMT
                            [content-length] => 2620
                            [strict-transport-security] => max-age=16070400; includeSubDomains
                        )

                )

            [body] => <Txn><Transaction success="0" reco="JA" responseText="DECLINED" pxTxn="true"><Authorized>0</Authorized><ReCo>JA</ReCo><RxDate>20190919022109</RxDate><RxDateLocal>20190919022109</RxDateLocal><LocalTimeZone>UTC</LocalTimeZone><MerchantReference>Scheduled auto payment for order 5946</MerchantReference><CardName></CardName><Retry>0</Retry><StatusRequired>0</StatusRequired><AuthCode></AuthCode><AmountBalance>0.00</AmountBalance><Amount>65.50</Amount><CurrencyId>554</CurrencyId><InputCurrencyId>554</InputCurrencyId><InputCurrencyName>NZD</InputCurrencyName><CurrencyRate>1.00</CurrencyRate><CurrencyName>NZD</CurrencyName><CardHolderName></CardHolderName><DateSettlement>19800101</DateSettlement><TxnType>Purchase</TxnType><CardNumber>000000........00</CardNumber><TxnMac></TxnMac><DateExpiry></DateExpiry><ProductId></ProductId><AcquirerDate></AcquirerDate><AcquirerTime></AcquirerTime><AcquirerId>0</AcquirerId><Acquirer></Acquirer><AcquirerReCo>JA</AcquirerReCo><AcquirerResponseText>BillingId not matched</AcquirerResponseText><TestMode>0</TestMode><CardId>0</CardId><CardHolderResponseText>DECLINED</CardHolderResponseText><CardHolderHelpText>The transaction was Declined (JA)</CardHolderHelpText><CardHolderResponseDescription>The transaction was Declined (JA)</CardHolderResponseDescription><MerchantResponseText>DECLINED</MerchantResponseText><MerchantHelpText>The transaction was Declined (JA)</MerchantHelpText><MerchantResponseDescription>The transaction was Declined (JA)</MerchantResponseDescription><UrlFail></UrlFail><UrlSuccess></UrlSuccess><EnablePostResponse>0</EnablePostResponse><PxPayName></PxPayName><PxPayLogoSrc></PxPayLogoSrc><PxPayUserId></PxPayUserId><PxPayXsl></PxPayXsl><PxPayBgColor></PxPayBgColor><PxPayOptions></PxPayOptions><Cvc2ResultCode></Cvc2ResultCode><AcquirerPort>-</AcquirerPort><AcquirerTxnRef>0</AcquirerTxnRef><GroupAccount>-1</GroupAccount><DpsTxnRef>0000000b00000000</DpsTxnRef><AllowRetry>0</AllowRetry><DpsBillingId></DpsBillingId><PhoneNumber></PhoneNumber><AccountInfo></AccountInfo><BillingId>001564366653-2</BillingId><TransactionId>00000000</TransactionId><PxHostId>0000000b</PxHostId><RmReason></RmReason><RmReasonId>0000000000000000</RmReasonId><RiskScore>-1</RiskScore><RiskScoreText></RiskScoreText></Transaction><RuleName></RuleName><RmReason></RmReason><RmReasonId>0000000000000000</RmReasonId><RiskScore>-1</RiskScore><RiskScoreText></RiskScoreText><ReCo>JA</ReCo><ResponseText>DECLINED</ResponseText><HelpText>The transaction was Declined (JA)</HelpText><Success>0</Success><DpsTxnRef>0000000b00000000</DpsTxnRef><ICCResult></ICCResult><TxnRef></TxnRef></Txn>
            [response] => Array
                (
                    [code] => 200
                    [message] => OK
                )

            [cookies] => Array
                (
                )

            [filename] => 
            [http_response] => WP_HTTP_Requests_Response Object
                (
                    [response:protected] => Requests_Response Object
                        (
                            [body] => <Txn><Transaction success="0" reco="JA" responseText="DECLINED" pxTxn="true"><Authorized>0</Authorized><ReCo>JA</ReCo><RxDate>20190919022109</RxDate><RxDateLocal>20190919022109</RxDateLocal><LocalTimeZone>UTC</LocalTimeZone><MerchantReference>Scheduled auto payment for order 5946</MerchantReference><CardName></CardName><Retry>0</Retry><StatusRequired>0</StatusRequired><AuthCode></AuthCode><AmountBalance>0.00</AmountBalance><Amount>65.50</Amount><CurrencyId>554</CurrencyId><InputCurrencyId>554</InputCurrencyId><InputCurrencyName>NZD</InputCurrencyName><CurrencyRate>1.00</CurrencyRate><CurrencyName>NZD</CurrencyName><CardHolderName></CardHolderName><DateSettlement>19800101</DateSettlement><TxnType>Purchase</TxnType><CardNumber>000000........00</CardNumber><TxnMac></TxnMac><DateExpiry></DateExpiry><ProductId></ProductId><AcquirerDate></AcquirerDate><AcquirerTime></AcquirerTime><AcquirerId>0</AcquirerId><Acquirer></Acquirer><AcquirerReCo>JA</AcquirerReCo><AcquirerResponseText>BillingId not matched</AcquirerResponseText><TestMode>0</TestMode><CardId>0</CardId><CardHolderResponseText>DECLINED</CardHolderResponseText><CardHolderHelpText>The transaction was Declined (JA)</CardHolderHelpText><CardHolderResponseDescription>The transaction was Declined (JA)</CardHolderResponseDescription><MerchantResponseText>DECLINED</MerchantResponseText><MerchantHelpText>The transaction was Declined (JA)</MerchantHelpText><MerchantResponseDescription>The transaction was Declined (JA)</MerchantResponseDescription><UrlFail></UrlFail><UrlSuccess></UrlSuccess><EnablePostResponse>0</EnablePostResponse><PxPayName></PxPayName><PxPayLogoSrc></PxPayLogoSrc><PxPayUserId></PxPayUserId><PxPayXsl></PxPayXsl><PxPayBgColor></PxPayBgColor><PxPayOptions></PxPayOptions><Cvc2ResultCode></Cvc2ResultCode><AcquirerPort>-</AcquirerPort><AcquirerTxnRef>0</AcquirerTxnRef><GroupAccount>-1</GroupAccount><DpsTxnRef>0000000b00000000</DpsTxnRef><AllowRetry>0</AllowRetry><DpsBillingId></DpsBillingId><PhoneNumber></PhoneNumber><AccountInfo></AccountInfo><BillingId>001564366653-2</BillingId><TransactionId>00000000</TransactionId><PxHostId>0000000b</PxHostId><RmReason></RmReason><RmReasonId>0000000000000000</RmReasonId><RiskScore>-1</RiskScore><RiskScoreText></RiskScoreText></Transaction><RuleName></RuleName><RmReason></RmReason><RmReasonId>0000000000000000</RmReasonId><RiskScore>-1</RiskScore><RiskScoreText></RiskScoreText><ReCo>JA</ReCo><ResponseText>DECLINED</ResponseText><HelpText>The transaction was Declined (JA)</HelpText><Success>0</Success><DpsTxnRef>0000000b00000000</DpsTxnRef><ICCResult></ICCResult><TxnRef></TxnRef></Txn>
                            [raw] => HTTP/1.1 200 OK
Cache-Control: private
Content-Type: application/xhtml+xml; charset=utf-8
Expires: Thu, 19 Sep 2019 02:20:09 GMT
Server: 
X-ASPNET-VERSION: 
X-POWERED-BY: 
Date: Thu, 19 Sep 2019 02:21:08 GMT
Connection: close
Content-Length: 2620
Strict-Transport-Security: max-age=16070400; includeSubDomains

<Txn><Transaction success="0" reco="JA" responseText="DECLINED" pxTxn="true"><Authorized>0</Authorized><ReCo>JA</ReCo><RxDate>20190919022109</RxDate><RxDateLocal>20190919022109</RxDateLocal><LocalTimeZone>UTC</LocalTimeZone><MerchantReference>Scheduled auto payment for order 5946</MerchantReference><CardName></CardName><Retry>0</Retry><StatusRequired>0</StatusRequired><AuthCode></AuthCode><AmountBalance>0.00</AmountBalance><Amount>65.50</Amount><CurrencyId>554</CurrencyId><InputCurrencyId>554</InputCurrencyId><InputCurrencyName>NZD</InputCurrencyName><CurrencyRate>1.00</CurrencyRate><CurrencyName>NZD</CurrencyName><CardHolderName></CardHolderName><DateSettlement>19800101</DateSettlement><TxnType>Purchase</TxnType><CardNumber>000000........00</CardNumber><TxnMac></TxnMac><DateExpiry></DateExpiry><ProductId></ProductId><AcquirerDate></AcquirerDate><AcquirerTime></AcquirerTime><AcquirerId>0</AcquirerId><Acquirer></Acquirer><AcquirerReCo>JA</AcquirerReCo><AcquirerResponseText>BillingId not matched</AcquirerResponseText><TestMode>0</TestMode><CardId>0</CardId><CardHolderResponseText>DECLINED</CardHolderResponseText><CardHolderHelpText>The transaction was Declined (JA)</CardHolderHelpText><CardHolderResponseDescription>The transaction was Declined (JA)</CardHolderResponseDescription><MerchantResponseText>DECLINED</MerchantResponseText><MerchantHelpText>The transaction was Declined (JA)</MerchantHelpText><MerchantResponseDescription>The transaction was Declined (JA)</MerchantResponseDescription><UrlFail></UrlFail><UrlSuccess></UrlSuccess><EnablePostResponse>0</EnablePostResponse><PxPayName></PxPayName><PxPayLogoSrc></PxPayLogoSrc><PxPayUserId></PxPayUserId><PxPayXsl></PxPayXsl><PxPayBgColor></PxPayBgColor><PxPayOptions></PxPayOptions><Cvc2ResultCode></Cvc2ResultCode><AcquirerPort>-</AcquirerPort><AcquirerTxnRef>0</AcquirerTxnRef><GroupAccount>-1</GroupAccount><DpsTxnRef>0000000b00000000</DpsTxnRef><AllowRetry>0</AllowRetry><DpsBillingId></DpsBillingId><PhoneNumber></PhoneNumber><AccountInfo></AccountInfo><BillingId>001564366653-2</BillingId><TransactionId>00000000</TransactionId><PxHostId>0000000b</PxHostId><RmReason></RmReason><RmReasonId>0000000000000000</RmReasonId><RiskScore>-1</RiskScore><RiskScoreText></RiskScoreText></Transaction><RuleName></RuleName><RmReason></RmReason><RmReasonId>0000000000000000</RmReasonId><RiskScore>-1</RiskScore><RiskScoreText></RiskScoreText><ReCo>JA</ReCo><ResponseText>DECLINED</ResponseText><HelpText>The transaction was Declined (JA)</HelpText><Success>0</Success><DpsTxnRef>0000000b00000000</DpsTxnRef><ICCResult></ICCResult><TxnRef></TxnRef></Txn>
                            [headers] => Requests_Response_Headers Object
                                (
                                    [data:protected] => Array
                                        (
                                            [cache-control] => Array
                                                (
                                                    [0] => private
                                                )

                                            [content-type] => Array
                                                (
                                                    [0] => application/xhtml+xml; charset=utf-8
                                                )

                                            [expires] => Array
                                                (
                                                    [0] => Thu, 19 Sep 2019 02:20:09 GMT
                                                )

                                            [server] => Array
                                                (
                                                    [0] => 
                                                )

                                            [x-aspnet-version] => Array
                                                (
                                                    [0] => 
                                                )

                                            [x-powered-by] => Array
                                                (
                                                    [0] => 
                                                )

                                            [date] => Array
                                                (
                                                    [0] => Thu, 19 Sep 2019 02:21:08 GMT
                                                )

                                            [content-length] => Array
                                                (
                                                    [0] => 2620
                                                )

                                            [strict-transport-security] => Array
                                                (
                                                    [0] => max-age=16070400; includeSubDomains
                                                )

                                        )

                                )

                            [status_code] => 200
                            [protocol_version] => 1.1
                            [success] => 1
                            [redirects] => 0
                            [url] => https://sec.paymentexpress.com/pxpost.aspx
                            [history] => Array
                                (
                                )

                            [cookies] => Requests_Cookie_Jar Object
                                (
                                    [cookies:protected] => Array
                                        (
                                        )

                                )

                        )

                    [filename:protected] => 
                    [data] => 
                    [headers] => 
                    [status] => 
                )

        )

)

09-19-2019 @ 14:21:09 - Array
(
    [pxpost server url] => https://sec.paymentexpress.com/pxpost.aspx
)

09-19-2019 @ 14:21:09 - Array
(
    [txn request] => <Txn><BillingId>001564366653-2</BillingId><PostUsername>HotShotBroadband</PostUsername><PostPassword>3Qo75sgT386</PostPassword><Amount>65.50</Amount><InputCurrency>NZD</InputCurrency><CardHolderName></CardHolderName><TxnType>Purchase</TxnType><MerchantReference>Scheduled auto payment for order 5946</MerchantReference></Txn>
)

09-19-2019 @ 14:21:09 - Array
(
    [Subscription renewal results] => '<Txn><Transaction success="0" reco="JA" responseText="DECLINED" pxTxn="true"><Authorized>0</Authorized><ReCo>JA</ReCo><RxDate>20190919022109</RxDate><RxDateLocal>20190919022109</RxDateLocal><LocalTimeZone>UTC</LocalTimeZone><MerchantReference>Scheduled auto payment for order 5946</MerchantReference><CardName></CardName><Retry>0</Retry><StatusRequired>0</StatusRequired><AuthCode></AuthCode><AmountBalance>0.00</AmountBalance><Amount>65.50</Amount><CurrencyId>554</CurrencyId><InputCurrencyId>554</InputCurrencyId><InputCurrencyName>NZD</InputCurrencyName><CurrencyRate>1.00</CurrencyRate><CurrencyName>NZD</CurrencyName><CardHolderName></CardHolderName><DateSettlement>19800101</DateSettlement><TxnType>Purchase</TxnType><CardNumber>000000........00</CardNumber><TxnMac></TxnMac><DateExpiry></DateExpiry><ProductId></ProductId><AcquirerDate></AcquirerDate><AcquirerTime></AcquirerTime><AcquirerId>0</AcquirerId><Acquirer></Acquirer><AcquirerReCo>JA</AcquirerReCo><AcquirerResponseText>BillingId not matched</AcquirerResponseText><TestMode>0</TestMode><CardId>0</CardId><CardHolderResponseText>DECLINED</CardHolderResponseText><CardHolderHelpText>The transaction was Declined (JA)</CardHolderHelpText><CardHolderResponseDescription>The transaction was Declined (JA)</CardHolderResponseDescription><MerchantResponseText>DECLINED</MerchantResponseText><MerchantHelpText>The transaction was Declined (JA)</MerchantHelpText><MerchantResponseDescription>The transaction was Declined (JA)</MerchantResponseDescription><UrlFail></UrlFail><UrlSuccess></UrlSuccess><EnablePostResponse>0</EnablePostResponse><PxPayName></PxPayName><PxPayLogoSrc></PxPayLogoSrc><PxPayUserId></PxPayUserId><PxPayXsl></PxPayXsl><PxPayBgColor></PxPayBgColor><PxPayOptions></PxPayOptions><Cvc2ResultCode></Cvc2ResultCode><AcquirerPort>-</AcquirerPort><AcquirerTxnRef>0</AcquirerTxnRef><GroupAccount>-1</GroupAccount><DpsTxnRef>0000000b00000000</DpsTxnRef><AllowRetry>0</AllowRetry><DpsBillingId></DpsBillingId><PhoneNumber></PhoneNumber><AccountInfo></AccountInfo><BillingId>001564366653-2</BillingId><TransactionId>00000000</TransactionId><PxHostId>0000000b</PxHostId><RmReason></RmReason><RmReasonId>0000000000000000</RmReasonId><RiskScore>-1</RiskScore><RiskScoreText></RiskScoreText></Transaction><RuleName></RuleName><RmReason></RmReason><RmReasonId>0000000000000000</RmReasonId><RiskScore>-1</RiskScore><RiskScoreText></RiskScoreText><ReCo>JA</ReCo><ResponseText>DECLINED</ResponseText><HelpText>The transaction was Declined (JA)</HelpText><Success>0</Success><DpsTxnRef>0000000b00000000</DpsTxnRef><ICCResult></ICCResult><TxnRef></TxnRef></Txn>'
)

09-19-2019 @ 14:50:42 - Array
(
    [userID and BillingId] => Array
        (
            [userid] => 24
            [BillingId] => 001564368077-24
        )

)

09-19-2019 @ 14:50:42 - Array
(
    [XML request] => <Txn><BillingId>001564368077-24</BillingId><PostUsername>HotShotBroadband</PostUsername><PostPassword>3Qo75sgT386</PostPassword><Amount>84.90</Amount><InputCurrency>NZD</InputCurrency><CardHolderName></CardHolderName><TxnType>Purchase</TxnType><MerchantReference>Scheduled auto payment for order 5952</MerchantReference></Txn>
)

09-19-2019 @ 14:50:42 - Array
(
    [requestProcess[851]>>>] => Array
        (
            [headers] => Requests_Utility_CaseInsensitiveDictionary Object
                (
                    [data:protected] => Array
                        (
                            [cache-control] => private
                            [content-type] => application/xhtml+xml; charset=utf-8
                            [expires] => Thu, 19 Sep 2019 02:49:42 GMT
                            [server] => 
                            [x-aspnet-version] => 
                            [x-powered-by] => 
                            [date] => Thu, 19 Sep 2019 02:50:41 GMT
                            [content-length] => 2621
                            [strict-transport-security] => max-age=16070400; includeSubDomains
                        )

                )

            [body] => <Txn><Transaction success="0" reco="JA" responseText="DECLINED" pxTxn="true"><Authorized>0</Authorized><ReCo>JA</ReCo><RxDate>20190919025042</RxDate><RxDateLocal>20190919025042</RxDateLocal><LocalTimeZone>UTC</LocalTimeZone><MerchantReference>Scheduled auto payment for order 5952</MerchantReference><CardName></CardName><Retry>0</Retry><StatusRequired>0</StatusRequired><AuthCode></AuthCode><AmountBalance>0.00</AmountBalance><Amount>84.90</Amount><CurrencyId>554</CurrencyId><InputCurrencyId>554</InputCurrencyId><InputCurrencyName>NZD</InputCurrencyName><CurrencyRate>1.00</CurrencyRate><CurrencyName>NZD</CurrencyName><CardHolderName></CardHolderName><DateSettlement>19800101</DateSettlement><TxnType>Purchase</TxnType><CardNumber>000000........00</CardNumber><TxnMac></TxnMac><DateExpiry></DateExpiry><ProductId></ProductId><AcquirerDate></AcquirerDate><AcquirerTime></AcquirerTime><AcquirerId>0</AcquirerId><Acquirer></Acquirer><AcquirerReCo>JA</AcquirerReCo><AcquirerResponseText>BillingId not matched</AcquirerResponseText><TestMode>0</TestMode><CardId>0</CardId><CardHolderResponseText>DECLINED</CardHolderResponseText><CardHolderHelpText>The transaction was Declined (JA)</CardHolderHelpText><CardHolderResponseDescription>The transaction was Declined (JA)</CardHolderResponseDescription><MerchantResponseText>DECLINED</MerchantResponseText><MerchantHelpText>The transaction was Declined (JA)</MerchantHelpText><MerchantResponseDescription>The transaction was Declined (JA)</MerchantResponseDescription><UrlFail></UrlFail><UrlSuccess></UrlSuccess><EnablePostResponse>0</EnablePostResponse><PxPayName></PxPayName><PxPayLogoSrc></PxPayLogoSrc><PxPayUserId></PxPayUserId><PxPayXsl></PxPayXsl><PxPayBgColor></PxPayBgColor><PxPayOptions></PxPayOptions><Cvc2ResultCode></Cvc2ResultCode><AcquirerPort>-</AcquirerPort><AcquirerTxnRef>0</AcquirerTxnRef><GroupAccount>-1</GroupAccount><DpsTxnRef>0000000b00000000</DpsTxnRef><AllowRetry>0</AllowRetry><DpsBillingId></DpsBillingId><PhoneNumber></PhoneNumber><AccountInfo></AccountInfo><BillingId>001564368077-24</BillingId><TransactionId>00000000</TransactionId><PxHostId>0000000b</PxHostId><RmReason></RmReason><RmReasonId>0000000000000000</RmReasonId><RiskScore>-1</RiskScore><RiskScoreText></RiskScoreText></Transaction><RuleName></RuleName><RmReason></RmReason><RmReasonId>0000000000000000</RmReasonId><RiskScore>-1</RiskScore><RiskScoreText></RiskScoreText><ReCo>JA</ReCo><ResponseText>DECLINED</ResponseText><HelpText>The transaction was Declined (JA)</HelpText><Success>0</Success><DpsTxnRef>0000000b00000000</DpsTxnRef><ICCResult></ICCResult><TxnRef></TxnRef></Txn>
            [response] => Array
                (
                    [code] => 200
                    [message] => OK
                )

            [cookies] => Array
                (
                )

            [filename] => 
            [http_response] => WP_HTTP_Requests_Response Object
                (
                    [response:protected] => Requests_Response Object
                        (
                            [body] => <Txn><Transaction success="0" reco="JA" responseText="DECLINED" pxTxn="true"><Authorized>0</Authorized><ReCo>JA</ReCo><RxDate>20190919025042</RxDate><RxDateLocal>20190919025042</RxDateLocal><LocalTimeZone>UTC</LocalTimeZone><MerchantReference>Scheduled auto payment for order 5952</MerchantReference><CardName></CardName><Retry>0</Retry><StatusRequired>0</StatusRequired><AuthCode></AuthCode><AmountBalance>0.00</AmountBalance><Amount>84.90</Amount><CurrencyId>554</CurrencyId><InputCurrencyId>554</InputCurrencyId><InputCurrencyName>NZD</InputCurrencyName><CurrencyRate>1.00</CurrencyRate><CurrencyName>NZD</CurrencyName><CardHolderName></CardHolderName><DateSettlement>19800101</DateSettlement><TxnType>Purchase</TxnType><CardNumber>000000........00</CardNumber><TxnMac></TxnMac><DateExpiry></DateExpiry><ProductId></ProductId><AcquirerDate></AcquirerDate><AcquirerTime></AcquirerTime><AcquirerId>0</AcquirerId><Acquirer></Acquirer><AcquirerReCo>JA</AcquirerReCo><AcquirerResponseText>BillingId not matched</AcquirerResponseText><TestMode>0</TestMode><CardId>0</CardId><CardHolderResponseText>DECLINED</CardHolderResponseText><CardHolderHelpText>The transaction was Declined (JA)</CardHolderHelpText><CardHolderResponseDescription>The transaction was Declined (JA)</CardHolderResponseDescription><MerchantResponseText>DECLINED</MerchantResponseText><MerchantHelpText>The transaction was Declined (JA)</MerchantHelpText><MerchantResponseDescription>The transaction was Declined (JA)</MerchantResponseDescription><UrlFail></UrlFail><UrlSuccess></UrlSuccess><EnablePostResponse>0</EnablePostResponse><PxPayName></PxPayName><PxPayLogoSrc></PxPayLogoSrc><PxPayUserId></PxPayUserId><PxPayXsl></PxPayXsl><PxPayBgColor></PxPayBgColor><PxPayOptions></PxPayOptions><Cvc2ResultCode></Cvc2ResultCode><AcquirerPort>-</AcquirerPort><AcquirerTxnRef>0</AcquirerTxnRef><GroupAccount>-1</GroupAccount><DpsTxnRef>0000000b00000000</DpsTxnRef><AllowRetry>0</AllowRetry><DpsBillingId></DpsBillingId><PhoneNumber></PhoneNumber><AccountInfo></AccountInfo><BillingId>001564368077-24</BillingId><TransactionId>00000000</TransactionId><PxHostId>0000000b</PxHostId><RmReason></RmReason><RmReasonId>0000000000000000</RmReasonId><RiskScore>-1</RiskScore><RiskScoreText></RiskScoreText></Transaction><RuleName></RuleName><RmReason></RmReason><RmReasonId>0000000000000000</RmReasonId><RiskScore>-1</RiskScore><RiskScoreText></RiskScoreText><ReCo>JA</ReCo><ResponseText>DECLINED</ResponseText><HelpText>The transaction was Declined (JA)</HelpText><Success>0</Success><DpsTxnRef>0000000b00000000</DpsTxnRef><ICCResult></ICCResult><TxnRef></TxnRef></Txn>
                            [raw] => HTTP/1.1 200 OK
Cache-Control: private
Content-Type: application/xhtml+xml; charset=utf-8
Expires: Thu, 19 Sep 2019 02:49:42 GMT
Server: 
X-ASPNET-VERSION: 
X-POWERED-BY: 
Date: Thu, 19 Sep 2019 02:50:41 GMT
Connection: close
Content-Length: 2621
Strict-Transport-Security: max-age=16070400; includeSubDomains

<Txn><Transaction success="0" reco="JA" responseText="DECLINED" pxTxn="true"><Authorized>0</Authorized><ReCo>JA</ReCo><RxDate>20190919025042</RxDate><RxDateLocal>20190919025042</RxDateLocal><LocalTimeZone>UTC</LocalTimeZone><MerchantReference>Scheduled auto payment for order 5952</MerchantReference><CardName></CardName><Retry>0</Retry><StatusRequired>0</StatusRequired><AuthCode></AuthCode><AmountBalance>0.00</AmountBalance><Amount>84.90</Amount><CurrencyId>554</CurrencyId><InputCurrencyId>554</InputCurrencyId><InputCurrencyName>NZD</InputCurrencyName><CurrencyRate>1.00</CurrencyRate><CurrencyName>NZD</CurrencyName><CardHolderName></CardHolderName><DateSettlement>19800101</DateSettlement><TxnType>Purchase</TxnType><CardNumber>000000........00</CardNumber><TxnMac></TxnMac><DateExpiry></DateExpiry><ProductId></ProductId><AcquirerDate></AcquirerDate><AcquirerTime></AcquirerTime><AcquirerId>0</AcquirerId><Acquirer></Acquirer><AcquirerReCo>JA</AcquirerReCo><AcquirerResponseText>BillingId not matched</AcquirerResponseText><TestMode>0</TestMode><CardId>0</CardId><CardHolderResponseText>DECLINED</CardHolderResponseText><CardHolderHelpText>The transaction was Declined (JA)</CardHolderHelpText><CardHolderResponseDescription>The transaction was Declined (JA)</CardHolderResponseDescription><MerchantResponseText>DECLINED</MerchantResponseText><MerchantHelpText>The transaction was Declined (JA)</MerchantHelpText><MerchantResponseDescription>The transaction was Declined (JA)</MerchantResponseDescription><UrlFail></UrlFail><UrlSuccess></UrlSuccess><EnablePostResponse>0</EnablePostResponse><PxPayName></PxPayName><PxPayLogoSrc></PxPayLogoSrc><PxPayUserId></PxPayUserId><PxPayXsl></PxPayXsl><PxPayBgColor></PxPayBgColor><PxPayOptions></PxPayOptions><Cvc2ResultCode></Cvc2ResultCode><AcquirerPort>-</AcquirerPort><AcquirerTxnRef>0</AcquirerTxnRef><GroupAccount>-1</GroupAccount><DpsTxnRef>0000000b00000000</DpsTxnRef><AllowRetry>0</AllowRetry><DpsBillingId></DpsBillingId><PhoneNumber></PhoneNumber><AccountInfo></AccountInfo><BillingId>001564368077-24</BillingId><TransactionId>00000000</TransactionId><PxHostId>0000000b</PxHostId><RmReason></RmReason><RmReasonId>0000000000000000</RmReasonId><RiskScore>-1</RiskScore><RiskScoreText></RiskScoreText></Transaction><RuleName></RuleName><RmReason></RmReason><RmReasonId>0000000000000000</RmReasonId><RiskScore>-1</RiskScore><RiskScoreText></RiskScoreText><ReCo>JA</ReCo><ResponseText>DECLINED</ResponseText><HelpText>The transaction was Declined (JA)</HelpText><Success>0</Success><DpsTxnRef>0000000b00000000</DpsTxnRef><ICCResult></ICCResult><TxnRef></TxnRef></Txn>
                            [headers] => Requests_Response_Headers Object
                                (
                                    [data:protected] => Array
                                        (
                                            [cache-control] => Array
                                                (
                                                    [0] => private
                                                )

                                            [content-type] => Array
                                                (
                                                    [0] => application/xhtml+xml; charset=utf-8
                                                )

                                            [expires] => Array
                                                (
                                                    [0] => Thu, 19 Sep 2019 02:49:42 GMT
                                                )

                                            [server] => Array
                                                (
                                                    [0] => 
                                                )

                                            [x-aspnet-version] => Array
                                                (
                                                    [0] => 
                                                )

                                            [x-powered-by] => Array
                                                (
                                                    [0] => 
                                                )

                                            [date] => Array
                                                (
                                                    [0] => Thu, 19 Sep 2019 02:50:41 GMT
                                                )

                                            [content-length] => Array
                                                (
                                                    [0] => 2621
                                                )

                                            [strict-transport-security] => Array
                                                (
                                                    [0] => max-age=16070400; includeSubDomains
                                                )

                                        )

                                )

                            [status_code] => 200
                            [protocol_version] => 1.1
                            [success] => 1
                            [redirects] => 0
                            [url] => https://sec.paymentexpress.com/pxpost.aspx
                            [history] => Array
                                (
                                )

                            [cookies] => Requests_Cookie_Jar Object
                                (
                                    [cookies:protected] => Array
                                        (
                                        )

                                )

                        )

                    [filename:protected] => 
                    [data] => 
                    [headers] => 
                    [status] => 
                )

        )

)

09-19-2019 @ 14:50:42 - Array
(
    [pxpost server url] => https://sec.paymentexpress.com/pxpost.aspx
)

09-19-2019 @ 14:50:42 - Array
(
    [txn request] => <Txn><BillingId>001564368077-24</BillingId><PostUsername>HotShotBroadband</PostUsername><PostPassword>3Qo75sgT386</PostPassword><Amount>84.90</Amount><InputCurrency>NZD</InputCurrency><CardHolderName></CardHolderName><TxnType>Purchase</TxnType><MerchantReference>Scheduled auto payment for order 5952</MerchantReference></Txn>
)

09-19-2019 @ 14:50:42 - Array
(
    [Subscription renewal results] => '<Txn><Transaction success="0" reco="JA" responseText="DECLINED" pxTxn="true"><Authorized>0</Authorized><ReCo>JA</ReCo><RxDate>20190919025042</RxDate><RxDateLocal>20190919025042</RxDateLocal><LocalTimeZone>UTC</LocalTimeZone><MerchantReference>Scheduled auto payment for order 5952</MerchantReference><CardName></CardName><Retry>0</Retry><StatusRequired>0</StatusRequired><AuthCode></AuthCode><AmountBalance>0.00</AmountBalance><Amount>84.90</Amount><CurrencyId>554</CurrencyId><InputCurrencyId>554</InputCurrencyId><InputCurrencyName>NZD</InputCurrencyName><CurrencyRate>1.00</CurrencyRate><CurrencyName>NZD</CurrencyName><CardHolderName></CardHolderName><DateSettlement>19800101</DateSettlement><TxnType>Purchase</TxnType><CardNumber>000000........00</CardNumber><TxnMac></TxnMac><DateExpiry></DateExpiry><ProductId></ProductId><AcquirerDate></AcquirerDate><AcquirerTime></AcquirerTime><AcquirerId>0</AcquirerId><Acquirer></Acquirer><AcquirerReCo>JA</AcquirerReCo><AcquirerResponseText>BillingId not matched</AcquirerResponseText><TestMode>0</TestMode><CardId>0</CardId><CardHolderResponseText>DECLINED</CardHolderResponseText><CardHolderHelpText>The transaction was Declined (JA)</CardHolderHelpText><CardHolderResponseDescription>The transaction was Declined (JA)</CardHolderResponseDescription><MerchantResponseText>DECLINED</MerchantResponseText><MerchantHelpText>The transaction was Declined (JA)</MerchantHelpText><MerchantResponseDescription>The transaction was Declined (JA)</MerchantResponseDescription><UrlFail></UrlFail><UrlSuccess></UrlSuccess><EnablePostResponse>0</EnablePostResponse><PxPayName></PxPayName><PxPayLogoSrc></PxPayLogoSrc><PxPayUserId></PxPayUserId><PxPayXsl></PxPayXsl><PxPayBgColor></PxPayBgColor><PxPayOptions></PxPayOptions><Cvc2ResultCode></Cvc2ResultCode><AcquirerPort>-</AcquirerPort><AcquirerTxnRef>0</AcquirerTxnRef><GroupAccount>-1</GroupAccount><DpsTxnRef>0000000b00000000</DpsTxnRef><AllowRetry>0</AllowRetry><DpsBillingId></DpsBillingId><PhoneNumber></PhoneNumber><AccountInfo></AccountInfo><BillingId>001564368077-24</BillingId><TransactionId>00000000</TransactionId><PxHostId>0000000b</PxHostId><RmReason></RmReason><RmReasonId>0000000000000000</RmReasonId><RiskScore>-1</RiskScore><RiskScoreText></RiskScoreText></Transaction><RuleName></RuleName><RmReason></RmReason><RmReasonId>0000000000000000</RmReasonId><RiskScore>-1</RiskScore><RiskScoreText></RiskScoreText><ReCo>JA</ReCo><ResponseText>DECLINED</ResponseText><HelpText>The transaction was Declined (JA)</HelpText><Success>0</Success><DpsTxnRef>0000000b00000000</DpsTxnRef><ICCResult></ICCResult><TxnRef></TxnRef></Txn>'
)

