08-12-2020 @ 13:05:11 - Array
(
    [userID and BillingId] => Array
        (
            [userid] => 270
            [BillingId] => 001582846950-270
        )

)

08-12-2020 @ 13:05:11 - Array
(
    [XML request] => <Txn><BillingId>001582846950-270</BillingId><PostUsername>HotShotBroadband</PostUsername><PostPassword>3Qo75sgT386</PostPassword><Amount>69.90</Amount><InputCurrency>NZD</InputCurrency><CardHolderName></CardHolderName><TxnType>Purchase</TxnType><MerchantReference>Scheduled auto payment for order 141040</MerchantReference></Txn>
)

08-12-2020 @ 13:05:12 - Array
(
    [requestProcess[851]>>>] => Array
        (
            [headers] => Requests_Utility_CaseInsensitiveDictionary Object
                (
                    [data:protected] => Array
                        (
                            [cache-control] => private
                            [content-type] => application/xhtml+xml; charset=utf-8
                            [expires] => Wed, 12 Aug 2020 01:04:11 GMT
                            [server] => 
                            [x-aspnet-version] => 
                            [x-powered-by] => 
                            [date] => Wed, 12 Aug 2020 01:05:11 GMT
                            [content-length] => 2712
                            [strict-transport-security] => max-age=16070400; includeSubDomains
                        )

                )

            [body] => <Txn><Transaction success="1" reco="00" responseText="APPROVED" pxTxn="true"><Authorized>1</Authorized><ReCo>00</ReCo><RxDate>20200812010511</RxDate><RxDateLocal>20200812010511</RxDateLocal><LocalTimeZone>UTC</LocalTimeZone><MerchantReference>Scheduled auto payment for order 141040</MerchantReference><CardName>Visa</CardName><Retry>0</Retry><StatusRequired>0</StatusRequired><AuthCode>025269</AuthCode><AmountBalance>0.00</AmountBalance><Amount>69.90</Amount><CurrencyId>554</CurrencyId><InputCurrencyId>554</InputCurrencyId><InputCurrencyName>NZD</InputCurrencyName><CurrencyRate>1.00</CurrencyRate><CurrencyName>NZD</CurrencyName><CardHolderName>FAWAS VALIYA</CardHolderName><DateSettlement>20200812</DateSettlement><TxnType>Purchase</TxnType><CardNumber>436773........95</CardNumber><TxnMac>43B4199D</TxnMac><DateExpiry>0423</DateExpiry><ProductId></ProductId><AcquirerDate>20200812</AcquirerDate><AcquirerTime>010511</AcquirerTime><AcquirerId>7</AcquirerId><Acquirer>ASB Legacy</Acquirer><AcquirerReCo>00</AcquirerReCo><AcquirerResponseText>APPROVED</AcquirerResponseText><TestMode>0</TestMode><CardId>2</CardId><CardHolderResponseText>APPROVED</CardHolderResponseText><CardHolderHelpText>The Transaction was approved</CardHolderHelpText><CardHolderResponseDescription>The Transaction was approved</CardHolderResponseDescription><MerchantResponseText>APPROVED</MerchantResponseText><MerchantHelpText>The Transaction was approved</MerchantHelpText><MerchantResponseDescription>The Transaction was approved</MerchantResponseDescription><UrlFail></UrlFail><UrlSuccess></UrlSuccess><EnablePostResponse>0</EnablePostResponse><PxPayName></PxPayName><PxPayLogoSrc></PxPayLogoSrc><PxPayUserId></PxPayUserId><PxPayXsl></PxPayXsl><PxPayBgColor></PxPayBgColor><PxPayOptions></PxPayOptions><Cvc2ResultCode>NotUsed</Cvc2ResultCode><AcquirerPort>809582-80958201</AcquirerPort><AcquirerTxnRef>930997</AcquirerTxnRef><GroupAccount>2</GroupAccount><DpsTxnRef>0000000b79e4930e</DpsTxnRef><AllowRetry>0</AllowRetry><DpsBillingId>0000110411585421</DpsBillingId><PhoneNumber></PhoneNumber><HomePhoneNumber></HomePhoneNumber><AccountInfo></AccountInfo><BillingId>001582846950-270</BillingId><TransactionId>79e4930e</TransactionId><PxHostId>0000000b</PxHostId><RmReason></RmReason><RmReasonId>0000000000000000</RmReasonId><RiskScore>-1</RiskScore><RiskScoreText></RiskScoreText></Transaction><RuleName></RuleName><RmReason></RmReason><RmReasonId>0000000000000000</RmReasonId><RiskScore>-1</RiskScore><RiskScoreText></RiskScoreText><ReCo>00</ReCo><ResponseText>APPROVED</ResponseText><HelpText>Transaction Approved</HelpText><Success>1</Success><DpsTxnRef>0000000b79e4930e</DpsTxnRef><ICCResult></ICCResult><TxnRef></TxnRef></Txn>
            [response] => Array
                (
                    [code] => 200
                    [message] => OK
                )

            [cookies] => Array
                (
                )

            [filename] => 
            [http_response] => WP_HTTP_Requests_Response Object
                (
                    [response:protected] => Requests_Response Object
                        (
                            [body] => <Txn><Transaction success="1" reco="00" responseText="APPROVED" pxTxn="true"><Authorized>1</Authorized><ReCo>00</ReCo><RxDate>20200812010511</RxDate><RxDateLocal>20200812010511</RxDateLocal><LocalTimeZone>UTC</LocalTimeZone><MerchantReference>Scheduled auto payment for order 141040</MerchantReference><CardName>Visa</CardName><Retry>0</Retry><StatusRequired>0</StatusRequired><AuthCode>025269</AuthCode><AmountBalance>0.00</AmountBalance><Amount>69.90</Amount><CurrencyId>554</CurrencyId><InputCurrencyId>554</InputCurrencyId><InputCurrencyName>NZD</InputCurrencyName><CurrencyRate>1.00</CurrencyRate><CurrencyName>NZD</CurrencyName><CardHolderName>FAWAS VALIYA</CardHolderName><DateSettlement>20200812</DateSettlement><TxnType>Purchase</TxnType><CardNumber>436773........95</CardNumber><TxnMac>43B4199D</TxnMac><DateExpiry>0423</DateExpiry><ProductId></ProductId><AcquirerDate>20200812</AcquirerDate><AcquirerTime>010511</AcquirerTime><AcquirerId>7</AcquirerId><Acquirer>ASB Legacy</Acquirer><AcquirerReCo>00</AcquirerReCo><AcquirerResponseText>APPROVED</AcquirerResponseText><TestMode>0</TestMode><CardId>2</CardId><CardHolderResponseText>APPROVED</CardHolderResponseText><CardHolderHelpText>The Transaction was approved</CardHolderHelpText><CardHolderResponseDescription>The Transaction was approved</CardHolderResponseDescription><MerchantResponseText>APPROVED</MerchantResponseText><MerchantHelpText>The Transaction was approved</MerchantHelpText><MerchantResponseDescription>The Transaction was approved</MerchantResponseDescription><UrlFail></UrlFail><UrlSuccess></UrlSuccess><EnablePostResponse>0</EnablePostResponse><PxPayName></PxPayName><PxPayLogoSrc></PxPayLogoSrc><PxPayUserId></PxPayUserId><PxPayXsl></PxPayXsl><PxPayBgColor></PxPayBgColor><PxPayOptions></PxPayOptions><Cvc2ResultCode>NotUsed</Cvc2ResultCode><AcquirerPort>809582-80958201</AcquirerPort><AcquirerTxnRef>930997</AcquirerTxnRef><GroupAccount>2</GroupAccount><DpsTxnRef>0000000b79e4930e</DpsTxnRef><AllowRetry>0</AllowRetry><DpsBillingId>0000110411585421</DpsBillingId><PhoneNumber></PhoneNumber><HomePhoneNumber></HomePhoneNumber><AccountInfo></AccountInfo><BillingId>001582846950-270</BillingId><TransactionId>79e4930e</TransactionId><PxHostId>0000000b</PxHostId><RmReason></RmReason><RmReasonId>0000000000000000</RmReasonId><RiskScore>-1</RiskScore><RiskScoreText></RiskScoreText></Transaction><RuleName></RuleName><RmReason></RmReason><RmReasonId>0000000000000000</RmReasonId><RiskScore>-1</RiskScore><RiskScoreText></RiskScoreText><ReCo>00</ReCo><ResponseText>APPROVED</ResponseText><HelpText>Transaction Approved</HelpText><Success>1</Success><DpsTxnRef>0000000b79e4930e</DpsTxnRef><ICCResult></ICCResult><TxnRef></TxnRef></Txn>
                            [raw] => HTTP/1.1 200 OK
Cache-Control: private
Content-Type: application/xhtml+xml; charset=utf-8
Expires: Wed, 12 Aug 2020 01:04:11 GMT
Server: 
X-ASPNET-VERSION: 
X-POWERED-BY: 
Date: Wed, 12 Aug 2020 01:05:11 GMT
Connection: close
Content-Length: 2712
Strict-Transport-Security: max-age=16070400; includeSubDomains

<Txn><Transaction success="1" reco="00" responseText="APPROVED" pxTxn="true"><Authorized>1</Authorized><ReCo>00</ReCo><RxDate>20200812010511</RxDate><RxDateLocal>20200812010511</RxDateLocal><LocalTimeZone>UTC</LocalTimeZone><MerchantReference>Scheduled auto payment for order 141040</MerchantReference><CardName>Visa</CardName><Retry>0</Retry><StatusRequired>0</StatusRequired><AuthCode>025269</AuthCode><AmountBalance>0.00</AmountBalance><Amount>69.90</Amount><CurrencyId>554</CurrencyId><InputCurrencyId>554</InputCurrencyId><InputCurrencyName>NZD</InputCurrencyName><CurrencyRate>1.00</CurrencyRate><CurrencyName>NZD</CurrencyName><CardHolderName>FAWAS VALIYA</CardHolderName><DateSettlement>20200812</DateSettlement><TxnType>Purchase</TxnType><CardNumber>436773........95</CardNumber><TxnMac>43B4199D</TxnMac><DateExpiry>0423</DateExpiry><ProductId></ProductId><AcquirerDate>20200812</AcquirerDate><AcquirerTime>010511</AcquirerTime><AcquirerId>7</AcquirerId><Acquirer>ASB Legacy</Acquirer><AcquirerReCo>00</AcquirerReCo><AcquirerResponseText>APPROVED</AcquirerResponseText><TestMode>0</TestMode><CardId>2</CardId><CardHolderResponseText>APPROVED</CardHolderResponseText><CardHolderHelpText>The Transaction was approved</CardHolderHelpText><CardHolderResponseDescription>The Transaction was approved</CardHolderResponseDescription><MerchantResponseText>APPROVED</MerchantResponseText><MerchantHelpText>The Transaction was approved</MerchantHelpText><MerchantResponseDescription>The Transaction was approved</MerchantResponseDescription><UrlFail></UrlFail><UrlSuccess></UrlSuccess><EnablePostResponse>0</EnablePostResponse><PxPayName></PxPayName><PxPayLogoSrc></PxPayLogoSrc><PxPayUserId></PxPayUserId><PxPayXsl></PxPayXsl><PxPayBgColor></PxPayBgColor><PxPayOptions></PxPayOptions><Cvc2ResultCode>NotUsed</Cvc2ResultCode><AcquirerPort>809582-80958201</AcquirerPort><AcquirerTxnRef>930997</AcquirerTxnRef><GroupAccount>2</GroupAccount><DpsTxnRef>0000000b79e4930e</DpsTxnRef><AllowRetry>0</AllowRetry><DpsBillingId>0000110411585421</DpsBillingId><PhoneNumber></PhoneNumber><HomePhoneNumber></HomePhoneNumber><AccountInfo></AccountInfo><BillingId>001582846950-270</BillingId><TransactionId>79e4930e</TransactionId><PxHostId>0000000b</PxHostId><RmReason></RmReason><RmReasonId>0000000000000000</RmReasonId><RiskScore>-1</RiskScore><RiskScoreText></RiskScoreText></Transaction><RuleName></RuleName><RmReason></RmReason><RmReasonId>0000000000000000</RmReasonId><RiskScore>-1</RiskScore><RiskScoreText></RiskScoreText><ReCo>00</ReCo><ResponseText>APPROVED</ResponseText><HelpText>Transaction Approved</HelpText><Success>1</Success><DpsTxnRef>0000000b79e4930e</DpsTxnRef><ICCResult></ICCResult><TxnRef></TxnRef></Txn>
                            [headers] => Requests_Response_Headers Object
                                (
                                    [data:protected] => Array
                                        (
                                            [cache-control] => Array
                                                (
                                                    [0] => private
                                                )

                                            [content-type] => Array
                                                (
                                                    [0] => application/xhtml+xml; charset=utf-8
                                                )

                                            [expires] => Array
                                                (
                                                    [0] => Wed, 12 Aug 2020 01:04:11 GMT
                                                )

                                            [server] => Array
                                                (
                                                    [0] => 
                                                )

                                            [x-aspnet-version] => Array
                                                (
                                                    [0] => 
                                                )

                                            [x-powered-by] => Array
                                                (
                                                    [0] => 
                                                )

                                            [date] => Array
                                                (
                                                    [0] => Wed, 12 Aug 2020 01:05:11 GMT
                                                )

                                            [content-length] => Array
                                                (
                                                    [0] => 2712
                                                )

                                            [strict-transport-security] => Array
                                                (
                                                    [0] => max-age=16070400; includeSubDomains
                                                )

                                        )

                                )

                            [status_code] => 200
                            [protocol_version] => 1.1
                            [success] => 1
                            [redirects] => 0
                            [url] => https://sec.paymentexpress.com/pxpost.aspx
                            [history] => Array
                                (
                                )

                            [cookies] => Requests_Cookie_Jar Object
                                (
                                    [cookies:protected] => Array
                                        (
                                        )

                                )

                        )

                    [filename:protected] => 
                    [data] => 
                    [headers] => 
                    [status] => 
                )

        )

)

08-12-2020 @ 13:05:12 - Array
(
    [pxpost server url] => https://sec.paymentexpress.com/pxpost.aspx
)

08-12-2020 @ 13:05:12 - Array
(
    [txn request] => <Txn><BillingId>001582846950-270</BillingId><PostUsername>HotShotBroadband</PostUsername><PostPassword>3Qo75sgT386</PostPassword><Amount>69.90</Amount><InputCurrency>NZD</InputCurrency><CardHolderName></CardHolderName><TxnType>Purchase</TxnType><MerchantReference>Scheduled auto payment for order 141040</MerchantReference></Txn>
)

08-12-2020 @ 13:05:12 - Array
(
    [Subscription renewal results] => '<Txn><Transaction success="1" reco="00" responseText="APPROVED" pxTxn="true"><Authorized>1</Authorized><ReCo>00</ReCo><RxDate>20200812010511</RxDate><RxDateLocal>20200812010511</RxDateLocal><LocalTimeZone>UTC</LocalTimeZone><MerchantReference>Scheduled auto payment for order 141040</MerchantReference><CardName>Visa</CardName><Retry>0</Retry><StatusRequired>0</StatusRequired><AuthCode>025269</AuthCode><AmountBalance>0.00</AmountBalance><Amount>69.90</Amount><CurrencyId>554</CurrencyId><InputCurrencyId>554</InputCurrencyId><InputCurrencyName>NZD</InputCurrencyName><CurrencyRate>1.00</CurrencyRate><CurrencyName>NZD</CurrencyName><CardHolderName>FAWAS VALIYA</CardHolderName><DateSettlement>20200812</DateSettlement><TxnType>Purchase</TxnType><CardNumber>436773........95</CardNumber><TxnMac>43B4199D</TxnMac><DateExpiry>0423</DateExpiry><ProductId></ProductId><AcquirerDate>20200812</AcquirerDate><AcquirerTime>010511</AcquirerTime><AcquirerId>7</AcquirerId><Acquirer>ASB Legacy</Acquirer><AcquirerReCo>00</AcquirerReCo><AcquirerResponseText>APPROVED</AcquirerResponseText><TestMode>0</TestMode><CardId>2</CardId><CardHolderResponseText>APPROVED</CardHolderResponseText><CardHolderHelpText>The Transaction was approved</CardHolderHelpText><CardHolderResponseDescription>The Transaction was approved</CardHolderResponseDescription><MerchantResponseText>APPROVED</MerchantResponseText><MerchantHelpText>The Transaction was approved</MerchantHelpText><MerchantResponseDescription>The Transaction was approved</MerchantResponseDescription><UrlFail></UrlFail><UrlSuccess></UrlSuccess><EnablePostResponse>0</EnablePostResponse><PxPayName></PxPayName><PxPayLogoSrc></PxPayLogoSrc><PxPayUserId></PxPayUserId><PxPayXsl></PxPayXsl><PxPayBgColor></PxPayBgColor><PxPayOptions></PxPayOptions><Cvc2ResultCode>NotUsed</Cvc2ResultCode><AcquirerPort>809582-80958201</AcquirerPort><AcquirerTxnRef>930997</AcquirerTxnRef><GroupAccount>2</GroupAccount><DpsTxnRef>0000000b79e4930e</DpsTxnRef><AllowRetry>0</AllowRetry><DpsBillingId>0000110411585421</DpsBillingId><PhoneNumber></PhoneNumber><HomePhoneNumber></HomePhoneNumber><AccountInfo></AccountInfo><BillingId>001582846950-270</BillingId><TransactionId>79e4930e</TransactionId><PxHostId>0000000b</PxHostId><RmReason></RmReason><RmReasonId>0000000000000000</RmReasonId><RiskScore>-1</RiskScore><RiskScoreText></RiskScoreText></Transaction><RuleName></RuleName><RmReason></RmReason><RmReasonId>0000000000000000</RmReasonId><RiskScore>-1</RiskScore><RiskScoreText></RiskScoreText><ReCo>00</ReCo><ResponseText>APPROVED</ResponseText><HelpText>Transaction Approved</HelpText><Success>1</Success><DpsTxnRef>0000000b79e4930e</DpsTxnRef><ICCResult></ICCResult><TxnRef></TxnRef></Txn>'
)

08-12-2020 @ 16:35:14 - Array
(
    [userID and BillingId] => Array
        (
            [userid] => 398
            [BillingId] => 001595392407-398
        )

)

08-12-2020 @ 16:35:14 - Array
(
    [XML request] => <Txn><BillingId>001595392407-398</BillingId><PostUsername>HotShotBroadband</PostUsername><PostPassword>3Qo75sgT386</PostPassword><Amount>69.90</Amount><InputCurrency>NZD</InputCurrency><CardHolderName></CardHolderName><TxnType>Purchase</TxnType><MerchantReference>Scheduled auto payment for order 142887</MerchantReference></Txn>
)

08-12-2020 @ 16:35:16 - Array
(
    [requestProcess[851]>>>] => Array
        (
            [headers] => Requests_Utility_CaseInsensitiveDictionary Object
                (
                    [data:protected] => Array
                        (
                            [cache-control] => private
                            [content-type] => application/xhtml+xml; charset=utf-8
                            [expires] => Wed, 12 Aug 2020 04:34:14 GMT
                            [server] => 
                            [x-aspnet-version] => 
                            [x-powered-by] => 
                            [date] => Wed, 12 Aug 2020 04:35:15 GMT
                            [content-length] => 2870
                            [strict-transport-security] => max-age=16070400; includeSubDomains
                        )

                )

            [body] => <Txn><Transaction success="0" reco="51" responseText="DECLINED" pxTxn="true"><Authorized>0</Authorized><ReCo>51</ReCo><RxDate>20200812043514</RxDate><RxDateLocal>20200812043514</RxDateLocal><LocalTimeZone>UTC</LocalTimeZone><MerchantReference>Scheduled auto payment for order 142887</MerchantReference><CardName>Visa</CardName><Retry>0</Retry><StatusRequired>0</StatusRequired><AuthCode></AuthCode><AmountBalance>0.00</AmountBalance><Amount>69.90</Amount><CurrencyId>554</CurrencyId><InputCurrencyId>554</InputCurrencyId><InputCurrencyName>NZD</InputCurrencyName><CurrencyRate>1.00</CurrencyRate><CurrencyName>NZD</CurrencyName><CardHolderName>NICOLE SMITH-PILLING</CardHolderName><DateSettlement>20200812</DateSettlement><TxnType>Purchase</TxnType><CardNumber>483741........89</CardNumber><TxnMac>E9A3B232</TxnMac><DateExpiry>1222</DateExpiry><ProductId></ProductId><AcquirerDate>20200812</AcquirerDate><AcquirerTime>043514</AcquirerTime><AcquirerId>7</AcquirerId><Acquirer>ASB Legacy</Acquirer><AcquirerReCo>51</AcquirerReCo><AcquirerResponseText>DECLINED</AcquirerResponseText><TestMode>0</TestMode><CardId>2</CardId><CardHolderResponseText>DECLINED</CardHolderResponseText><CardHolderHelpText>The transaction was declined. Funds were not transferred</CardHolderHelpText><CardHolderResponseDescription>The transaction was declined. Funds were not transferred.</CardHolderResponseDescription><MerchantResponseText>DECLINED</MerchantResponseText><MerchantHelpText>The transaction was declined.Funds were not transferred (76)</MerchantHelpText><MerchantResponseDescription>The transaction was declined.Funds were not transferred (76)</MerchantResponseDescription><UrlFail></UrlFail><UrlSuccess></UrlSuccess><EnablePostResponse>0</EnablePostResponse><PxPayName></PxPayName><PxPayLogoSrc></PxPayLogoSrc><PxPayUserId></PxPayUserId><PxPayXsl></PxPayXsl><PxPayBgColor></PxPayBgColor><PxPayOptions></PxPayOptions><Cvc2ResultCode>NotUsed</Cvc2ResultCode><AcquirerPort>809582-80958201</AcquirerPort><AcquirerTxnRef>937825</AcquirerTxnRef><GroupAccount>2</GroupAccount><DpsTxnRef>0000000b79efae67</DpsTxnRef><AllowRetry>0</AllowRetry><DpsBillingId>0000110447369675</DpsBillingId><PhoneNumber></PhoneNumber><HomePhoneNumber></HomePhoneNumber><AccountInfo></AccountInfo><BillingId>001595392407-398</BillingId><TransactionId>79efae67</TransactionId><PxHostId>0000000b</PxHostId><RmReason></RmReason><RmReasonId>0000000000000000</RmReasonId><RiskScore>-1</RiskScore><RiskScoreText></RiskScoreText></Transaction><RuleName></RuleName><RmReason></RmReason><RmReasonId>0000000000000000</RmReasonId><RiskScore>-1</RiskScore><RiskScoreText></RiskScoreText><ReCo>51</ReCo><ResponseText>DECLINED</ResponseText><HelpText>The transaction was declined.Funds were not transferred</HelpText><Success>0</Success><DpsTxnRef>0000000b79efae67</DpsTxnRef><ICCResult></ICCResult><TxnRef></TxnRef></Txn>
            [response] => Array
                (
                    [code] => 200
                    [message] => OK
                )

            [cookies] => Array
                (
                )

            [filename] => 
            [http_response] => WP_HTTP_Requests_Response Object
                (
                    [response:protected] => Requests_Response Object
                        (
                            [body] => <Txn><Transaction success="0" reco="51" responseText="DECLINED" pxTxn="true"><Authorized>0</Authorized><ReCo>51</ReCo><RxDate>20200812043514</RxDate><RxDateLocal>20200812043514</RxDateLocal><LocalTimeZone>UTC</LocalTimeZone><MerchantReference>Scheduled auto payment for order 142887</MerchantReference><CardName>Visa</CardName><Retry>0</Retry><StatusRequired>0</StatusRequired><AuthCode></AuthCode><AmountBalance>0.00</AmountBalance><Amount>69.90</Amount><CurrencyId>554</CurrencyId><InputCurrencyId>554</InputCurrencyId><InputCurrencyName>NZD</InputCurrencyName><CurrencyRate>1.00</CurrencyRate><CurrencyName>NZD</CurrencyName><CardHolderName>NICOLE SMITH-PILLING</CardHolderName><DateSettlement>20200812</DateSettlement><TxnType>Purchase</TxnType><CardNumber>483741........89</CardNumber><TxnMac>E9A3B232</TxnMac><DateExpiry>1222</DateExpiry><ProductId></ProductId><AcquirerDate>20200812</AcquirerDate><AcquirerTime>043514</AcquirerTime><AcquirerId>7</AcquirerId><Acquirer>ASB Legacy</Acquirer><AcquirerReCo>51</AcquirerReCo><AcquirerResponseText>DECLINED</AcquirerResponseText><TestMode>0</TestMode><CardId>2</CardId><CardHolderResponseText>DECLINED</CardHolderResponseText><CardHolderHelpText>The transaction was declined. Funds were not transferred</CardHolderHelpText><CardHolderResponseDescription>The transaction was declined. Funds were not transferred.</CardHolderResponseDescription><MerchantResponseText>DECLINED</MerchantResponseText><MerchantHelpText>The transaction was declined.Funds were not transferred (76)</MerchantHelpText><MerchantResponseDescription>The transaction was declined.Funds were not transferred (76)</MerchantResponseDescription><UrlFail></UrlFail><UrlSuccess></UrlSuccess><EnablePostResponse>0</EnablePostResponse><PxPayName></PxPayName><PxPayLogoSrc></PxPayLogoSrc><PxPayUserId></PxPayUserId><PxPayXsl></PxPayXsl><PxPayBgColor></PxPayBgColor><PxPayOptions></PxPayOptions><Cvc2ResultCode>NotUsed</Cvc2ResultCode><AcquirerPort>809582-80958201</AcquirerPort><AcquirerTxnRef>937825</AcquirerTxnRef><GroupAccount>2</GroupAccount><DpsTxnRef>0000000b79efae67</DpsTxnRef><AllowRetry>0</AllowRetry><DpsBillingId>0000110447369675</DpsBillingId><PhoneNumber></PhoneNumber><HomePhoneNumber></HomePhoneNumber><AccountInfo></AccountInfo><BillingId>001595392407-398</BillingId><TransactionId>79efae67</TransactionId><PxHostId>0000000b</PxHostId><RmReason></RmReason><RmReasonId>0000000000000000</RmReasonId><RiskScore>-1</RiskScore><RiskScoreText></RiskScoreText></Transaction><RuleName></RuleName><RmReason></RmReason><RmReasonId>0000000000000000</RmReasonId><RiskScore>-1</RiskScore><RiskScoreText></RiskScoreText><ReCo>51</ReCo><ResponseText>DECLINED</ResponseText><HelpText>The transaction was declined.Funds were not transferred</HelpText><Success>0</Success><DpsTxnRef>0000000b79efae67</DpsTxnRef><ICCResult></ICCResult><TxnRef></TxnRef></Txn>
                            [raw] => HTTP/1.1 200 OK
Cache-Control: private
Content-Type: application/xhtml+xml; charset=utf-8
Expires: Wed, 12 Aug 2020 04:34:14 GMT
Server: 
X-ASPNET-VERSION: 
X-POWERED-BY: 
Date: Wed, 12 Aug 2020 04:35:15 GMT
Connection: close
Content-Length: 2870
Strict-Transport-Security: max-age=16070400; includeSubDomains

<Txn><Transaction success="0" reco="51" responseText="DECLINED" pxTxn="true"><Authorized>0</Authorized><ReCo>51</ReCo><RxDate>20200812043514</RxDate><RxDateLocal>20200812043514</RxDateLocal><LocalTimeZone>UTC</LocalTimeZone><MerchantReference>Scheduled auto payment for order 142887</MerchantReference><CardName>Visa</CardName><Retry>0</Retry><StatusRequired>0</StatusRequired><AuthCode></AuthCode><AmountBalance>0.00</AmountBalance><Amount>69.90</Amount><CurrencyId>554</CurrencyId><InputCurrencyId>554</InputCurrencyId><InputCurrencyName>NZD</InputCurrencyName><CurrencyRate>1.00</CurrencyRate><CurrencyName>NZD</CurrencyName><CardHolderName>NICOLE SMITH-PILLING</CardHolderName><DateSettlement>20200812</DateSettlement><TxnType>Purchase</TxnType><CardNumber>483741........89</CardNumber><TxnMac>E9A3B232</TxnMac><DateExpiry>1222</DateExpiry><ProductId></ProductId><AcquirerDate>20200812</AcquirerDate><AcquirerTime>043514</AcquirerTime><AcquirerId>7</AcquirerId><Acquirer>ASB Legacy</Acquirer><AcquirerReCo>51</AcquirerReCo><AcquirerResponseText>DECLINED</AcquirerResponseText><TestMode>0</TestMode><CardId>2</CardId><CardHolderResponseText>DECLINED</CardHolderResponseText><CardHolderHelpText>The transaction was declined. Funds were not transferred</CardHolderHelpText><CardHolderResponseDescription>The transaction was declined. Funds were not transferred.</CardHolderResponseDescription><MerchantResponseText>DECLINED</MerchantResponseText><MerchantHelpText>The transaction was declined.Funds were not transferred (76)</MerchantHelpText><MerchantResponseDescription>The transaction was declined.Funds were not transferred (76)</MerchantResponseDescription><UrlFail></UrlFail><UrlSuccess></UrlSuccess><EnablePostResponse>0</EnablePostResponse><PxPayName></PxPayName><PxPayLogoSrc></PxPayLogoSrc><PxPayUserId></PxPayUserId><PxPayXsl></PxPayXsl><PxPayBgColor></PxPayBgColor><PxPayOptions></PxPayOptions><Cvc2ResultCode>NotUsed</Cvc2ResultCode><AcquirerPort>809582-80958201</AcquirerPort><AcquirerTxnRef>937825</AcquirerTxnRef><GroupAccount>2</GroupAccount><DpsTxnRef>0000000b79efae67</DpsTxnRef><AllowRetry>0</AllowRetry><DpsBillingId>0000110447369675</DpsBillingId><PhoneNumber></PhoneNumber><HomePhoneNumber></HomePhoneNumber><AccountInfo></AccountInfo><BillingId>001595392407-398</BillingId><TransactionId>79efae67</TransactionId><PxHostId>0000000b</PxHostId><RmReason></RmReason><RmReasonId>0000000000000000</RmReasonId><RiskScore>-1</RiskScore><RiskScoreText></RiskScoreText></Transaction><RuleName></RuleName><RmReason></RmReason><RmReasonId>0000000000000000</RmReasonId><RiskScore>-1</RiskScore><RiskScoreText></RiskScoreText><ReCo>51</ReCo><ResponseText>DECLINED</ResponseText><HelpText>The transaction was declined.Funds were not transferred</HelpText><Success>0</Success><DpsTxnRef>0000000b79efae67</DpsTxnRef><ICCResult></ICCResult><TxnRef></TxnRef></Txn>
                            [headers] => Requests_Response_Headers Object
                                (
                                    [data:protected] => Array
                                        (
                                            [cache-control] => Array
                                                (
                                                    [0] => private
                                                )

                                            [content-type] => Array
                                                (
                                                    [0] => application/xhtml+xml; charset=utf-8
                                                )

                                            [expires] => Array
                                                (
                                                    [0] => Wed, 12 Aug 2020 04:34:14 GMT
                                                )

                                            [server] => Array
                                                (
                                                    [0] => 
                                                )

                                            [x-aspnet-version] => Array
                                                (
                                                    [0] => 
                                                )

                                            [x-powered-by] => Array
                                                (
                                                    [0] => 
                                                )

                                            [date] => Array
                                                (
                                                    [0] => Wed, 12 Aug 2020 04:35:15 GMT
                                                )

                                            [content-length] => Array
                                                (
                                                    [0] => 2870
                                                )

                                            [strict-transport-security] => Array
                                                (
                                                    [0] => max-age=16070400; includeSubDomains
                                                )

                                        )

                                )

                            [status_code] => 200
                            [protocol_version] => 1.1
                            [success] => 1
                            [redirects] => 0
                            [url] => https://sec.paymentexpress.com/pxpost.aspx
                            [history] => Array
                                (
                                )

                            [cookies] => Requests_Cookie_Jar Object
                                (
                                    [cookies:protected] => Array
                                        (
                                        )

                                )

                        )

                    [filename:protected] => 
                    [data] => 
                    [headers] => 
                    [status] => 
                )

        )

)

08-12-2020 @ 16:35:16 - Array
(
    [pxpost server url] => https://sec.paymentexpress.com/pxpost.aspx
)

08-12-2020 @ 16:35:16 - Array
(
    [txn request] => <Txn><BillingId>001595392407-398</BillingId><PostUsername>HotShotBroadband</PostUsername><PostPassword>3Qo75sgT386</PostPassword><Amount>69.90</Amount><InputCurrency>NZD</InputCurrency><CardHolderName></CardHolderName><TxnType>Purchase</TxnType><MerchantReference>Scheduled auto payment for order 142887</MerchantReference></Txn>
)

08-12-2020 @ 16:35:16 - Array
(
    [Subscription renewal results] => '<Txn><Transaction success="0" reco="51" responseText="DECLINED" pxTxn="true"><Authorized>0</Authorized><ReCo>51</ReCo><RxDate>20200812043514</RxDate><RxDateLocal>20200812043514</RxDateLocal><LocalTimeZone>UTC</LocalTimeZone><MerchantReference>Scheduled auto payment for order 142887</MerchantReference><CardName>Visa</CardName><Retry>0</Retry><StatusRequired>0</StatusRequired><AuthCode></AuthCode><AmountBalance>0.00</AmountBalance><Amount>69.90</Amount><CurrencyId>554</CurrencyId><InputCurrencyId>554</InputCurrencyId><InputCurrencyName>NZD</InputCurrencyName><CurrencyRate>1.00</CurrencyRate><CurrencyName>NZD</CurrencyName><CardHolderName>NICOLE SMITH-PILLING</CardHolderName><DateSettlement>20200812</DateSettlement><TxnType>Purchase</TxnType><CardNumber>483741........89</CardNumber><TxnMac>E9A3B232</TxnMac><DateExpiry>1222</DateExpiry><ProductId></ProductId><AcquirerDate>20200812</AcquirerDate><AcquirerTime>043514</AcquirerTime><AcquirerId>7</AcquirerId><Acquirer>ASB Legacy</Acquirer><AcquirerReCo>51</AcquirerReCo><AcquirerResponseText>DECLINED</AcquirerResponseText><TestMode>0</TestMode><CardId>2</CardId><CardHolderResponseText>DECLINED</CardHolderResponseText><CardHolderHelpText>The transaction was declined. Funds were not transferred</CardHolderHelpText><CardHolderResponseDescription>The transaction was declined. Funds were not transferred.</CardHolderResponseDescription><MerchantResponseText>DECLINED</MerchantResponseText><MerchantHelpText>The transaction was declined.Funds were not transferred (76)</MerchantHelpText><MerchantResponseDescription>The transaction was declined.Funds were not transferred (76)</MerchantResponseDescription><UrlFail></UrlFail><UrlSuccess></UrlSuccess><EnablePostResponse>0</EnablePostResponse><PxPayName></PxPayName><PxPayLogoSrc></PxPayLogoSrc><PxPayUserId></PxPayUserId><PxPayXsl></PxPayXsl><PxPayBgColor></PxPayBgColor><PxPayOptions></PxPayOptions><Cvc2ResultCode>NotUsed</Cvc2ResultCode><AcquirerPort>809582-80958201</AcquirerPort><AcquirerTxnRef>937825</AcquirerTxnRef><GroupAccount>2</GroupAccount><DpsTxnRef>0000000b79efae67</DpsTxnRef><AllowRetry>0</AllowRetry><DpsBillingId>0000110447369675</DpsBillingId><PhoneNumber></PhoneNumber><HomePhoneNumber></HomePhoneNumber><AccountInfo></AccountInfo><BillingId>001595392407-398</BillingId><TransactionId>79efae67</TransactionId><PxHostId>0000000b</PxHostId><RmReason></RmReason><RmReasonId>0000000000000000</RmReasonId><RiskScore>-1</RiskScore><RiskScoreText></RiskScoreText></Transaction><RuleName></RuleName><RmReason></RmReason><RmReasonId>0000000000000000</RmReasonId><RiskScore>-1</RiskScore><RiskScoreText></RiskScoreText><ReCo>51</ReCo><ResponseText>DECLINED</ResponseText><HelpText>The transaction was declined.Funds were not transferred</HelpText><Success>0</Success><DpsTxnRef>0000000b79efae67</DpsTxnRef><ICCResult></ICCResult><TxnRef></TxnRef></Txn>'
)

08-13-2020 @ 10:39:06 - Array
(
    [userID and BillingId] => Array
        (
            [userid] => 114
            [BillingId] => 001575328027-114
        )

)

08-13-2020 @ 10:39:06 - Array
(
    [XML request] => <Txn><BillingId>001575328027-114</BillingId><PostUsername>HotShotBroadband</PostUsername><PostPassword>3Qo75sgT386</PostPassword><Amount>69.90</Amount><InputCurrency>NZD</InputCurrency><CardHolderName></CardHolderName><TxnType>Purchase</TxnType><MerchantReference>Scheduled auto payment for order 148641</MerchantReference></Txn>
)

08-13-2020 @ 10:39:07 - Array
(
    [requestProcess[851]>>>] => Array
        (
            [headers] => Requests_Utility_CaseInsensitiveDictionary Object
                (
                    [data:protected] => Array
                        (
                            [cache-control] => private
                            [content-type] => application/xhtml+xml; charset=utf-8
                            [expires] => Wed, 12 Aug 2020 22:38:07 GMT
                            [server] => 
                            [x-aspnet-version] => 
                            [x-powered-by] => 
                            [date] => Wed, 12 Aug 2020 22:39:07 GMT
                            [content-length] => 2712
                            [strict-transport-security] => max-age=16070400; includeSubDomains
                        )

                )

            [body] => <Txn><Transaction success="1" reco="00" responseText="APPROVED" pxTxn="true"><Authorized>1</Authorized><ReCo>00</ReCo><RxDate>20200812223907</RxDate><RxDateLocal>20200812223907</RxDateLocal><LocalTimeZone>UTC</LocalTimeZone><MerchantReference>Scheduled auto payment for order 148641</MerchantReference><CardName>Visa</CardName><Retry>0</Retry><StatusRequired>0</StatusRequired><AuthCode>085580</AuthCode><AmountBalance>0.00</AmountBalance><Amount>69.90</Amount><CurrencyId>554</CurrencyId><InputCurrencyId>554</InputCurrencyId><InputCurrencyName>NZD</InputCurrencyName><CurrencyRate>1.00</CurrencyRate><CurrencyName>NZD</CurrencyName><CardHolderName>SEAN P ADAMS</CardHolderName><DateSettlement>20200813</DateSettlement><TxnType>Purchase</TxnType><CardNumber>405547........82</CardNumber><TxnMac>F220DA1D</TxnMac><DateExpiry>0321</DateExpiry><ProductId></ProductId><AcquirerDate>20200812</AcquirerDate><AcquirerTime>223907</AcquirerTime><AcquirerId>7</AcquirerId><Acquirer>ASB Legacy</Acquirer><AcquirerReCo>00</AcquirerReCo><AcquirerResponseText>APPROVED</AcquirerResponseText><TestMode>0</TestMode><CardId>2</CardId><CardHolderResponseText>APPROVED</CardHolderResponseText><CardHolderHelpText>The Transaction was approved</CardHolderHelpText><CardHolderResponseDescription>The Transaction was approved</CardHolderResponseDescription><MerchantResponseText>APPROVED</MerchantResponseText><MerchantHelpText>The Transaction was approved</MerchantHelpText><MerchantResponseDescription>The Transaction was approved</MerchantResponseDescription><UrlFail></UrlFail><UrlSuccess></UrlSuccess><EnablePostResponse>0</EnablePostResponse><PxPayName></PxPayName><PxPayLogoSrc></PxPayLogoSrc><PxPayUserId></PxPayUserId><PxPayXsl></PxPayXsl><PxPayBgColor></PxPayBgColor><PxPayOptions></PxPayOptions><Cvc2ResultCode>NotUsed</Cvc2ResultCode><AcquirerPort>809582-80958201</AcquirerPort><AcquirerTxnRef>960464</AcquirerTxnRef><GroupAccount>2</GroupAccount><DpsTxnRef>0000000b7a049329</DpsTxnRef><AllowRetry>0</AllowRetry><DpsBillingId>0000110380239634</DpsBillingId><PhoneNumber></PhoneNumber><HomePhoneNumber></HomePhoneNumber><AccountInfo></AccountInfo><BillingId>001575328027-114</BillingId><TransactionId>7a049329</TransactionId><PxHostId>0000000b</PxHostId><RmReason></RmReason><RmReasonId>0000000000000000</RmReasonId><RiskScore>-1</RiskScore><RiskScoreText></RiskScoreText></Transaction><RuleName></RuleName><RmReason></RmReason><RmReasonId>0000000000000000</RmReasonId><RiskScore>-1</RiskScore><RiskScoreText></RiskScoreText><ReCo>00</ReCo><ResponseText>APPROVED</ResponseText><HelpText>Transaction Approved</HelpText><Success>1</Success><DpsTxnRef>0000000b7a049329</DpsTxnRef><ICCResult></ICCResult><TxnRef></TxnRef></Txn>
            [response] => Array
                (
                    [code] => 200
                    [message] => OK
                )

            [cookies] => Array
                (
                )

            [filename] => 
            [http_response] => WP_HTTP_Requests_Response Object
                (
                    [response:protected] => Requests_Response Object
                        (
                            [body] => <Txn><Transaction success="1" reco="00" responseText="APPROVED" pxTxn="true"><Authorized>1</Authorized><ReCo>00</ReCo><RxDate>20200812223907</RxDate><RxDateLocal>20200812223907</RxDateLocal><LocalTimeZone>UTC</LocalTimeZone><MerchantReference>Scheduled auto payment for order 148641</MerchantReference><CardName>Visa</CardName><Retry>0</Retry><StatusRequired>0</StatusRequired><AuthCode>085580</AuthCode><AmountBalance>0.00</AmountBalance><Amount>69.90</Amount><CurrencyId>554</CurrencyId><InputCurrencyId>554</InputCurrencyId><InputCurrencyName>NZD</InputCurrencyName><CurrencyRate>1.00</CurrencyRate><CurrencyName>NZD</CurrencyName><CardHolderName>SEAN P ADAMS</CardHolderName><DateSettlement>20200813</DateSettlement><TxnType>Purchase</TxnType><CardNumber>405547........82</CardNumber><TxnMac>F220DA1D</TxnMac><DateExpiry>0321</DateExpiry><ProductId></ProductId><AcquirerDate>20200812</AcquirerDate><AcquirerTime>223907</AcquirerTime><AcquirerId>7</AcquirerId><Acquirer>ASB Legacy</Acquirer><AcquirerReCo>00</AcquirerReCo><AcquirerResponseText>APPROVED</AcquirerResponseText><TestMode>0</TestMode><CardId>2</CardId><CardHolderResponseText>APPROVED</CardHolderResponseText><CardHolderHelpText>The Transaction was approved</CardHolderHelpText><CardHolderResponseDescription>The Transaction was approved</CardHolderResponseDescription><MerchantResponseText>APPROVED</MerchantResponseText><MerchantHelpText>The Transaction was approved</MerchantHelpText><MerchantResponseDescription>The Transaction was approved</MerchantResponseDescription><UrlFail></UrlFail><UrlSuccess></UrlSuccess><EnablePostResponse>0</EnablePostResponse><PxPayName></PxPayName><PxPayLogoSrc></PxPayLogoSrc><PxPayUserId></PxPayUserId><PxPayXsl></PxPayXsl><PxPayBgColor></PxPayBgColor><PxPayOptions></PxPayOptions><Cvc2ResultCode>NotUsed</Cvc2ResultCode><AcquirerPort>809582-80958201</AcquirerPort><AcquirerTxnRef>960464</AcquirerTxnRef><GroupAccount>2</GroupAccount><DpsTxnRef>0000000b7a049329</DpsTxnRef><AllowRetry>0</AllowRetry><DpsBillingId>0000110380239634</DpsBillingId><PhoneNumber></PhoneNumber><HomePhoneNumber></HomePhoneNumber><AccountInfo></AccountInfo><BillingId>001575328027-114</BillingId><TransactionId>7a049329</TransactionId><PxHostId>0000000b</PxHostId><RmReason></RmReason><RmReasonId>0000000000000000</RmReasonId><RiskScore>-1</RiskScore><RiskScoreText></RiskScoreText></Transaction><RuleName></RuleName><RmReason></RmReason><RmReasonId>0000000000000000</RmReasonId><RiskScore>-1</RiskScore><RiskScoreText></RiskScoreText><ReCo>00</ReCo><ResponseText>APPROVED</ResponseText><HelpText>Transaction Approved</HelpText><Success>1</Success><DpsTxnRef>0000000b7a049329</DpsTxnRef><ICCResult></ICCResult><TxnRef></TxnRef></Txn>
                            [raw] => HTTP/1.1 200 OK
Cache-Control: private
Content-Type: application/xhtml+xml; charset=utf-8
Expires: Wed, 12 Aug 2020 22:38:07 GMT
Server: 
X-ASPNET-VERSION: 
X-POWERED-BY: 
Date: Wed, 12 Aug 2020 22:39:07 GMT
Connection: close
Content-Length: 2712
Strict-Transport-Security: max-age=16070400; includeSubDomains

<Txn><Transaction success="1" reco="00" responseText="APPROVED" pxTxn="true"><Authorized>1</Authorized><ReCo>00</ReCo><RxDate>20200812223907</RxDate><RxDateLocal>20200812223907</RxDateLocal><LocalTimeZone>UTC</LocalTimeZone><MerchantReference>Scheduled auto payment for order 148641</MerchantReference><CardName>Visa</CardName><Retry>0</Retry><StatusRequired>0</StatusRequired><AuthCode>085580</AuthCode><AmountBalance>0.00</AmountBalance><Amount>69.90</Amount><CurrencyId>554</CurrencyId><InputCurrencyId>554</InputCurrencyId><InputCurrencyName>NZD</InputCurrencyName><CurrencyRate>1.00</CurrencyRate><CurrencyName>NZD</CurrencyName><CardHolderName>SEAN P ADAMS</CardHolderName><DateSettlement>20200813</DateSettlement><TxnType>Purchase</TxnType><CardNumber>405547........82</CardNumber><TxnMac>F220DA1D</TxnMac><DateExpiry>0321</DateExpiry><ProductId></ProductId><AcquirerDate>20200812</AcquirerDate><AcquirerTime>223907</AcquirerTime><AcquirerId>7</AcquirerId><Acquirer>ASB Legacy</Acquirer><AcquirerReCo>00</AcquirerReCo><AcquirerResponseText>APPROVED</AcquirerResponseText><TestMode>0</TestMode><CardId>2</CardId><CardHolderResponseText>APPROVED</CardHolderResponseText><CardHolderHelpText>The Transaction was approved</CardHolderHelpText><CardHolderResponseDescription>The Transaction was approved</CardHolderResponseDescription><MerchantResponseText>APPROVED</MerchantResponseText><MerchantHelpText>The Transaction was approved</MerchantHelpText><MerchantResponseDescription>The Transaction was approved</MerchantResponseDescription><UrlFail></UrlFail><UrlSuccess></UrlSuccess><EnablePostResponse>0</EnablePostResponse><PxPayName></PxPayName><PxPayLogoSrc></PxPayLogoSrc><PxPayUserId></PxPayUserId><PxPayXsl></PxPayXsl><PxPayBgColor></PxPayBgColor><PxPayOptions></PxPayOptions><Cvc2ResultCode>NotUsed</Cvc2ResultCode><AcquirerPort>809582-80958201</AcquirerPort><AcquirerTxnRef>960464</AcquirerTxnRef><GroupAccount>2</GroupAccount><DpsTxnRef>0000000b7a049329</DpsTxnRef><AllowRetry>0</AllowRetry><DpsBillingId>0000110380239634</DpsBillingId><PhoneNumber></PhoneNumber><HomePhoneNumber></HomePhoneNumber><AccountInfo></AccountInfo><BillingId>001575328027-114</BillingId><TransactionId>7a049329</TransactionId><PxHostId>0000000b</PxHostId><RmReason></RmReason><RmReasonId>0000000000000000</RmReasonId><RiskScore>-1</RiskScore><RiskScoreText></RiskScoreText></Transaction><RuleName></RuleName><RmReason></RmReason><RmReasonId>0000000000000000</RmReasonId><RiskScore>-1</RiskScore><RiskScoreText></RiskScoreText><ReCo>00</ReCo><ResponseText>APPROVED</ResponseText><HelpText>Transaction Approved</HelpText><Success>1</Success><DpsTxnRef>0000000b7a049329</DpsTxnRef><ICCResult></ICCResult><TxnRef></TxnRef></Txn>
                            [headers] => Requests_Response_Headers Object
                                (
                                    [data:protected] => Array
                                        (
                                            [cache-control] => Array
                                                (
                                                    [0] => private
                                                )

                                            [content-type] => Array
                                                (
                                                    [0] => application/xhtml+xml; charset=utf-8
                                                )

                                            [expires] => Array
                                                (
                                                    [0] => Wed, 12 Aug 2020 22:38:07 GMT
                                                )

                                            [server] => Array
                                                (
                                                    [0] => 
                                                )

                                            [x-aspnet-version] => Array
                                                (
                                                    [0] => 
                                                )

                                            [x-powered-by] => Array
                                                (
                                                    [0] => 
                                                )

                                            [date] => Array
                                                (
                                                    [0] => Wed, 12 Aug 2020 22:39:07 GMT
                                                )

                                            [content-length] => Array
                                                (
                                                    [0] => 2712
                                                )

                                            [strict-transport-security] => Array
                                                (
                                                    [0] => max-age=16070400; includeSubDomains
                                                )

                                        )

                                )

                            [status_code] => 200
                            [protocol_version] => 1.1
                            [success] => 1
                            [redirects] => 0
                            [url] => https://sec.paymentexpress.com/pxpost.aspx
                            [history] => Array
                                (
                                )

                            [cookies] => Requests_Cookie_Jar Object
                                (
                                    [cookies:protected] => Array
                                        (
                                        )

                                )

                        )

                    [filename:protected] => 
                    [data] => 
                    [headers] => 
                    [status] => 
                )

        )

)

08-13-2020 @ 10:39:07 - Array
(
    [pxpost server url] => https://sec.paymentexpress.com/pxpost.aspx
)

08-13-2020 @ 10:39:07 - Array
(
    [txn request] => <Txn><BillingId>001575328027-114</BillingId><PostUsername>HotShotBroadband</PostUsername><PostPassword>3Qo75sgT386</PostPassword><Amount>69.90</Amount><InputCurrency>NZD</InputCurrency><CardHolderName></CardHolderName><TxnType>Purchase</TxnType><MerchantReference>Scheduled auto payment for order 148641</MerchantReference></Txn>
)

08-13-2020 @ 10:39:07 - Array
(
    [Subscription renewal results] => '<Txn><Transaction success="1" reco="00" responseText="APPROVED" pxTxn="true"><Authorized>1</Authorized><ReCo>00</ReCo><RxDate>20200812223907</RxDate><RxDateLocal>20200812223907</RxDateLocal><LocalTimeZone>UTC</LocalTimeZone><MerchantReference>Scheduled auto payment for order 148641</MerchantReference><CardName>Visa</CardName><Retry>0</Retry><StatusRequired>0</StatusRequired><AuthCode>085580</AuthCode><AmountBalance>0.00</AmountBalance><Amount>69.90</Amount><CurrencyId>554</CurrencyId><InputCurrencyId>554</InputCurrencyId><InputCurrencyName>NZD</InputCurrencyName><CurrencyRate>1.00</CurrencyRate><CurrencyName>NZD</CurrencyName><CardHolderName>SEAN P ADAMS</CardHolderName><DateSettlement>20200813</DateSettlement><TxnType>Purchase</TxnType><CardNumber>405547........82</CardNumber><TxnMac>F220DA1D</TxnMac><DateExpiry>0321</DateExpiry><ProductId></ProductId><AcquirerDate>20200812</AcquirerDate><AcquirerTime>223907</AcquirerTime><AcquirerId>7</AcquirerId><Acquirer>ASB Legacy</Acquirer><AcquirerReCo>00</AcquirerReCo><AcquirerResponseText>APPROVED</AcquirerResponseText><TestMode>0</TestMode><CardId>2</CardId><CardHolderResponseText>APPROVED</CardHolderResponseText><CardHolderHelpText>The Transaction was approved</CardHolderHelpText><CardHolderResponseDescription>The Transaction was approved</CardHolderResponseDescription><MerchantResponseText>APPROVED</MerchantResponseText><MerchantHelpText>The Transaction was approved</MerchantHelpText><MerchantResponseDescription>The Transaction was approved</MerchantResponseDescription><UrlFail></UrlFail><UrlSuccess></UrlSuccess><EnablePostResponse>0</EnablePostResponse><PxPayName></PxPayName><PxPayLogoSrc></PxPayLogoSrc><PxPayUserId></PxPayUserId><PxPayXsl></PxPayXsl><PxPayBgColor></PxPayBgColor><PxPayOptions></PxPayOptions><Cvc2ResultCode>NotUsed</Cvc2ResultCode><AcquirerPort>809582-80958201</AcquirerPort><AcquirerTxnRef>960464</AcquirerTxnRef><GroupAccount>2</GroupAccount><DpsTxnRef>0000000b7a049329</DpsTxnRef><AllowRetry>0</AllowRetry><DpsBillingId>0000110380239634</DpsBillingId><PhoneNumber></PhoneNumber><HomePhoneNumber></HomePhoneNumber><AccountInfo></AccountInfo><BillingId>001575328027-114</BillingId><TransactionId>7a049329</TransactionId><PxHostId>0000000b</PxHostId><RmReason></RmReason><RmReasonId>0000000000000000</RmReasonId><RiskScore>-1</RiskScore><RiskScoreText></RiskScoreText></Transaction><RuleName></RuleName><RmReason></RmReason><RmReasonId>0000000000000000</RmReasonId><RiskScore>-1</RiskScore><RiskScoreText></RiskScoreText><ReCo>00</ReCo><ResponseText>APPROVED</ResponseText><HelpText>Transaction Approved</HelpText><Success>1</Success><DpsTxnRef>0000000b7a049329</DpsTxnRef><ICCResult></ICCResult><TxnRef></TxnRef></Txn>'
)

