07-02-2020 @ 12:03:23 - Array
(
    [userID and BillingId] => Array
        (
            [userid] => 377
            [BillingId] => 001592438566-377
        )

)

07-02-2020 @ 12:03:23 - Array
(
    [XML request] => <Txn><BillingId>001592438566-377</BillingId><PostUsername>HotShotBroadband</PostUsername><PostPassword>3Qo75sgT386</PostPassword><Amount>69.90</Amount><InputCurrency>NZD</InputCurrency><CardHolderName></CardHolderName><TxnType>Purchase</TxnType><MerchantReference>Scheduled auto payment for order 68285</MerchantReference></Txn>
)

07-02-2020 @ 12:03:24 - Array
(
    [requestProcess[851]>>>] => Array
        (
            [headers] => Requests_Utility_CaseInsensitiveDictionary Object
                (
                    [data:protected] => Array
                        (
                            [cache-control] => private
                            [content-type] => application/xhtml+xml; charset=utf-8
                            [expires] => Thu, 02 Jul 2020 00:02:23 GMT
                            [server] => 
                            [x-aspnet-version] => 
                            [x-powered-by] => 
                            [date] => Thu, 02 Jul 2020 00:03:23 GMT
                            [content-length] => 2857
                            [strict-transport-security] => max-age=16070400; includeSubDomains
                        )

                )

            [body] => <Txn><Transaction success="0" reco="51" responseText="DECLINED" pxTxn="true"><Authorized>0</Authorized><ReCo>51</ReCo><RxDate>20200702000323</RxDate><RxDateLocal>20200702000323</RxDateLocal><LocalTimeZone>UTC</LocalTimeZone><MerchantReference>Scheduled auto payment for order 68285</MerchantReference><CardName>Visa</CardName><Retry>0</Retry><StatusRequired>0</StatusRequired><AuthCode></AuthCode><AmountBalance>0.00</AmountBalance><Amount>69.90</Amount><CurrencyId>554</CurrencyId><InputCurrencyId>554</InputCurrencyId><InputCurrencyName>NZD</InputCurrencyName><CurrencyRate>1.00</CurrencyRate><CurrencyName>NZD</CurrencyName><CardHolderName>M MACRAE</CardHolderName><DateSettlement>20200702</DateSettlement><TxnType>Purchase</TxnType><CardNumber>483741........74</CardNumber><TxnMac>A3D4A37A</TxnMac><DateExpiry>0223</DateExpiry><ProductId></ProductId><AcquirerDate>20200702</AcquirerDate><AcquirerTime>000323</AcquirerTime><AcquirerId>7</AcquirerId><Acquirer>ASB Legacy</Acquirer><AcquirerReCo>51</AcquirerReCo><AcquirerResponseText>DECLINED</AcquirerResponseText><TestMode>0</TestMode><CardId>2</CardId><CardHolderResponseText>DECLINED</CardHolderResponseText><CardHolderHelpText>The transaction was declined. Funds were not transferred</CardHolderHelpText><CardHolderResponseDescription>The transaction was declined. Funds were not transferred.</CardHolderResponseDescription><MerchantResponseText>DECLINED</MerchantResponseText><MerchantHelpText>The transaction was declined.Funds were not transferred (76)</MerchantHelpText><MerchantResponseDescription>The transaction was declined.Funds were not transferred (76)</MerchantResponseDescription><UrlFail></UrlFail><UrlSuccess></UrlSuccess><EnablePostResponse>0</EnablePostResponse><PxPayName></PxPayName><PxPayLogoSrc></PxPayLogoSrc><PxPayUserId></PxPayUserId><PxPayXsl></PxPayXsl><PxPayBgColor></PxPayBgColor><PxPayOptions></PxPayOptions><Cvc2ResultCode>NotUsed</Cvc2ResultCode><AcquirerPort>809582-80958201</AcquirerPort><AcquirerTxnRef>661640</AcquirerTxnRef><GroupAccount>2</GroupAccount><DpsTxnRef>0000000b749808e4</DpsTxnRef><AllowRetry>0</AllowRetry><DpsBillingId>0000110438123603</DpsBillingId><PhoneNumber></PhoneNumber><HomePhoneNumber></HomePhoneNumber><AccountInfo></AccountInfo><BillingId>001592438566-377</BillingId><TransactionId>749808e4</TransactionId><PxHostId>0000000b</PxHostId><RmReason></RmReason><RmReasonId>0000000000000000</RmReasonId><RiskScore>-1</RiskScore><RiskScoreText></RiskScoreText></Transaction><RuleName></RuleName><RmReason></RmReason><RmReasonId>0000000000000000</RmReasonId><RiskScore>-1</RiskScore><RiskScoreText></RiskScoreText><ReCo>51</ReCo><ResponseText>DECLINED</ResponseText><HelpText>The transaction was declined.Funds were not transferred</HelpText><Success>0</Success><DpsTxnRef>0000000b749808e4</DpsTxnRef><ICCResult></ICCResult><TxnRef></TxnRef></Txn>
            [response] => Array
                (
                    [code] => 200
                    [message] => OK
                )

            [cookies] => Array
                (
                )

            [filename] => 
            [http_response] => WP_HTTP_Requests_Response Object
                (
                    [response:protected] => Requests_Response Object
                        (
                            [body] => <Txn><Transaction success="0" reco="51" responseText="DECLINED" pxTxn="true"><Authorized>0</Authorized><ReCo>51</ReCo><RxDate>20200702000323</RxDate><RxDateLocal>20200702000323</RxDateLocal><LocalTimeZone>UTC</LocalTimeZone><MerchantReference>Scheduled auto payment for order 68285</MerchantReference><CardName>Visa</CardName><Retry>0</Retry><StatusRequired>0</StatusRequired><AuthCode></AuthCode><AmountBalance>0.00</AmountBalance><Amount>69.90</Amount><CurrencyId>554</CurrencyId><InputCurrencyId>554</InputCurrencyId><InputCurrencyName>NZD</InputCurrencyName><CurrencyRate>1.00</CurrencyRate><CurrencyName>NZD</CurrencyName><CardHolderName>M MACRAE</CardHolderName><DateSettlement>20200702</DateSettlement><TxnType>Purchase</TxnType><CardNumber>483741........74</CardNumber><TxnMac>A3D4A37A</TxnMac><DateExpiry>0223</DateExpiry><ProductId></ProductId><AcquirerDate>20200702</AcquirerDate><AcquirerTime>000323</AcquirerTime><AcquirerId>7</AcquirerId><Acquirer>ASB Legacy</Acquirer><AcquirerReCo>51</AcquirerReCo><AcquirerResponseText>DECLINED</AcquirerResponseText><TestMode>0</TestMode><CardId>2</CardId><CardHolderResponseText>DECLINED</CardHolderResponseText><CardHolderHelpText>The transaction was declined. Funds were not transferred</CardHolderHelpText><CardHolderResponseDescription>The transaction was declined. Funds were not transferred.</CardHolderResponseDescription><MerchantResponseText>DECLINED</MerchantResponseText><MerchantHelpText>The transaction was declined.Funds were not transferred (76)</MerchantHelpText><MerchantResponseDescription>The transaction was declined.Funds were not transferred (76)</MerchantResponseDescription><UrlFail></UrlFail><UrlSuccess></UrlSuccess><EnablePostResponse>0</EnablePostResponse><PxPayName></PxPayName><PxPayLogoSrc></PxPayLogoSrc><PxPayUserId></PxPayUserId><PxPayXsl></PxPayXsl><PxPayBgColor></PxPayBgColor><PxPayOptions></PxPayOptions><Cvc2ResultCode>NotUsed</Cvc2ResultCode><AcquirerPort>809582-80958201</AcquirerPort><AcquirerTxnRef>661640</AcquirerTxnRef><GroupAccount>2</GroupAccount><DpsTxnRef>0000000b749808e4</DpsTxnRef><AllowRetry>0</AllowRetry><DpsBillingId>0000110438123603</DpsBillingId><PhoneNumber></PhoneNumber><HomePhoneNumber></HomePhoneNumber><AccountInfo></AccountInfo><BillingId>001592438566-377</BillingId><TransactionId>749808e4</TransactionId><PxHostId>0000000b</PxHostId><RmReason></RmReason><RmReasonId>0000000000000000</RmReasonId><RiskScore>-1</RiskScore><RiskScoreText></RiskScoreText></Transaction><RuleName></RuleName><RmReason></RmReason><RmReasonId>0000000000000000</RmReasonId><RiskScore>-1</RiskScore><RiskScoreText></RiskScoreText><ReCo>51</ReCo><ResponseText>DECLINED</ResponseText><HelpText>The transaction was declined.Funds were not transferred</HelpText><Success>0</Success><DpsTxnRef>0000000b749808e4</DpsTxnRef><ICCResult></ICCResult><TxnRef></TxnRef></Txn>
                            [raw] => HTTP/1.1 200 OK
Cache-Control: private
Content-Type: application/xhtml+xml; charset=utf-8
Expires: Thu, 02 Jul 2020 00:02:23 GMT
Server: 
X-ASPNET-VERSION: 
X-POWERED-BY: 
Date: Thu, 02 Jul 2020 00:03:23 GMT
Connection: close
Content-Length: 2857
Strict-Transport-Security: max-age=16070400; includeSubDomains

<Txn><Transaction success="0" reco="51" responseText="DECLINED" pxTxn="true"><Authorized>0</Authorized><ReCo>51</ReCo><RxDate>20200702000323</RxDate><RxDateLocal>20200702000323</RxDateLocal><LocalTimeZone>UTC</LocalTimeZone><MerchantReference>Scheduled auto payment for order 68285</MerchantReference><CardName>Visa</CardName><Retry>0</Retry><StatusRequired>0</StatusRequired><AuthCode></AuthCode><AmountBalance>0.00</AmountBalance><Amount>69.90</Amount><CurrencyId>554</CurrencyId><InputCurrencyId>554</InputCurrencyId><InputCurrencyName>NZD</InputCurrencyName><CurrencyRate>1.00</CurrencyRate><CurrencyName>NZD</CurrencyName><CardHolderName>M MACRAE</CardHolderName><DateSettlement>20200702</DateSettlement><TxnType>Purchase</TxnType><CardNumber>483741........74</CardNumber><TxnMac>A3D4A37A</TxnMac><DateExpiry>0223</DateExpiry><ProductId></ProductId><AcquirerDate>20200702</AcquirerDate><AcquirerTime>000323</AcquirerTime><AcquirerId>7</AcquirerId><Acquirer>ASB Legacy</Acquirer><AcquirerReCo>51</AcquirerReCo><AcquirerResponseText>DECLINED</AcquirerResponseText><TestMode>0</TestMode><CardId>2</CardId><CardHolderResponseText>DECLINED</CardHolderResponseText><CardHolderHelpText>The transaction was declined. Funds were not transferred</CardHolderHelpText><CardHolderResponseDescription>The transaction was declined. Funds were not transferred.</CardHolderResponseDescription><MerchantResponseText>DECLINED</MerchantResponseText><MerchantHelpText>The transaction was declined.Funds were not transferred (76)</MerchantHelpText><MerchantResponseDescription>The transaction was declined.Funds were not transferred (76)</MerchantResponseDescription><UrlFail></UrlFail><UrlSuccess></UrlSuccess><EnablePostResponse>0</EnablePostResponse><PxPayName></PxPayName><PxPayLogoSrc></PxPayLogoSrc><PxPayUserId></PxPayUserId><PxPayXsl></PxPayXsl><PxPayBgColor></PxPayBgColor><PxPayOptions></PxPayOptions><Cvc2ResultCode>NotUsed</Cvc2ResultCode><AcquirerPort>809582-80958201</AcquirerPort><AcquirerTxnRef>661640</AcquirerTxnRef><GroupAccount>2</GroupAccount><DpsTxnRef>0000000b749808e4</DpsTxnRef><AllowRetry>0</AllowRetry><DpsBillingId>0000110438123603</DpsBillingId><PhoneNumber></PhoneNumber><HomePhoneNumber></HomePhoneNumber><AccountInfo></AccountInfo><BillingId>001592438566-377</BillingId><TransactionId>749808e4</TransactionId><PxHostId>0000000b</PxHostId><RmReason></RmReason><RmReasonId>0000000000000000</RmReasonId><RiskScore>-1</RiskScore><RiskScoreText></RiskScoreText></Transaction><RuleName></RuleName><RmReason></RmReason><RmReasonId>0000000000000000</RmReasonId><RiskScore>-1</RiskScore><RiskScoreText></RiskScoreText><ReCo>51</ReCo><ResponseText>DECLINED</ResponseText><HelpText>The transaction was declined.Funds were not transferred</HelpText><Success>0</Success><DpsTxnRef>0000000b749808e4</DpsTxnRef><ICCResult></ICCResult><TxnRef></TxnRef></Txn>
                            [headers] => Requests_Response_Headers Object
                                (
                                    [data:protected] => Array
                                        (
                                            [cache-control] => Array
                                                (
                                                    [0] => private
                                                )

                                            [content-type] => Array
                                                (
                                                    [0] => application/xhtml+xml; charset=utf-8
                                                )

                                            [expires] => Array
                                                (
                                                    [0] => Thu, 02 Jul 2020 00:02:23 GMT
                                                )

                                            [server] => Array
                                                (
                                                    [0] => 
                                                )

                                            [x-aspnet-version] => Array
                                                (
                                                    [0] => 
                                                )

                                            [x-powered-by] => Array
                                                (
                                                    [0] => 
                                                )

                                            [date] => Array
                                                (
                                                    [0] => Thu, 02 Jul 2020 00:03:23 GMT
                                                )

                                            [content-length] => Array
                                                (
                                                    [0] => 2857
                                                )

                                            [strict-transport-security] => Array
                                                (
                                                    [0] => max-age=16070400; includeSubDomains
                                                )

                                        )

                                )

                            [status_code] => 200
                            [protocol_version] => 1.1
                            [success] => 1
                            [redirects] => 0
                            [url] => https://sec.paymentexpress.com/pxpost.aspx
                            [history] => Array
                                (
                                )

                            [cookies] => Requests_Cookie_Jar Object
                                (
                                    [cookies:protected] => Array
                                        (
                                        )

                                )

                        )

                    [filename:protected] => 
                    [data] => 
                    [headers] => 
                    [status] => 
                )

        )

)

07-02-2020 @ 12:03:24 - Array
(
    [pxpost server url] => https://sec.paymentexpress.com/pxpost.aspx
)

07-02-2020 @ 12:03:24 - Array
(
    [txn request] => <Txn><BillingId>001592438566-377</BillingId><PostUsername>HotShotBroadband</PostUsername><PostPassword>3Qo75sgT386</PostPassword><Amount>69.90</Amount><InputCurrency>NZD</InputCurrency><CardHolderName></CardHolderName><TxnType>Purchase</TxnType><MerchantReference>Scheduled auto payment for order 68285</MerchantReference></Txn>
)

07-02-2020 @ 12:03:24 - Array
(
    [Subscription renewal results] => '<Txn><Transaction success="0" reco="51" responseText="DECLINED" pxTxn="true"><Authorized>0</Authorized><ReCo>51</ReCo><RxDate>20200702000323</RxDate><RxDateLocal>20200702000323</RxDateLocal><LocalTimeZone>UTC</LocalTimeZone><MerchantReference>Scheduled auto payment for order 68285</MerchantReference><CardName>Visa</CardName><Retry>0</Retry><StatusRequired>0</StatusRequired><AuthCode></AuthCode><AmountBalance>0.00</AmountBalance><Amount>69.90</Amount><CurrencyId>554</CurrencyId><InputCurrencyId>554</InputCurrencyId><InputCurrencyName>NZD</InputCurrencyName><CurrencyRate>1.00</CurrencyRate><CurrencyName>NZD</CurrencyName><CardHolderName>M MACRAE</CardHolderName><DateSettlement>20200702</DateSettlement><TxnType>Purchase</TxnType><CardNumber>483741........74</CardNumber><TxnMac>A3D4A37A</TxnMac><DateExpiry>0223</DateExpiry><ProductId></ProductId><AcquirerDate>20200702</AcquirerDate><AcquirerTime>000323</AcquirerTime><AcquirerId>7</AcquirerId><Acquirer>ASB Legacy</Acquirer><AcquirerReCo>51</AcquirerReCo><AcquirerResponseText>DECLINED</AcquirerResponseText><TestMode>0</TestMode><CardId>2</CardId><CardHolderResponseText>DECLINED</CardHolderResponseText><CardHolderHelpText>The transaction was declined. Funds were not transferred</CardHolderHelpText><CardHolderResponseDescription>The transaction was declined. Funds were not transferred.</CardHolderResponseDescription><MerchantResponseText>DECLINED</MerchantResponseText><MerchantHelpText>The transaction was declined.Funds were not transferred (76)</MerchantHelpText><MerchantResponseDescription>The transaction was declined.Funds were not transferred (76)</MerchantResponseDescription><UrlFail></UrlFail><UrlSuccess></UrlSuccess><EnablePostResponse>0</EnablePostResponse><PxPayName></PxPayName><PxPayLogoSrc></PxPayLogoSrc><PxPayUserId></PxPayUserId><PxPayXsl></PxPayXsl><PxPayBgColor></PxPayBgColor><PxPayOptions></PxPayOptions><Cvc2ResultCode>NotUsed</Cvc2ResultCode><AcquirerPort>809582-80958201</AcquirerPort><AcquirerTxnRef>661640</AcquirerTxnRef><GroupAccount>2</GroupAccount><DpsTxnRef>0000000b749808e4</DpsTxnRef><AllowRetry>0</AllowRetry><DpsBillingId>0000110438123603</DpsBillingId><PhoneNumber></PhoneNumber><HomePhoneNumber></HomePhoneNumber><AccountInfo></AccountInfo><BillingId>001592438566-377</BillingId><TransactionId>749808e4</TransactionId><PxHostId>0000000b</PxHostId><RmReason></RmReason><RmReasonId>0000000000000000</RmReasonId><RiskScore>-1</RiskScore><RiskScoreText></RiskScoreText></Transaction><RuleName></RuleName><RmReason></RmReason><RmReasonId>0000000000000000</RmReasonId><RiskScore>-1</RiskScore><RiskScoreText></RiskScoreText><ReCo>51</ReCo><ResponseText>DECLINED</ResponseText><HelpText>The transaction was declined.Funds were not transferred</HelpText><Success>0</Success><DpsTxnRef>0000000b749808e4</DpsTxnRef><ICCResult></ICCResult><TxnRef></TxnRef></Txn>'
)

07-02-2020 @ 14:08:57 - Array
(
    [userID and BillingId] => Array
        (
            [userid] => 92
            [BillingId] => 001573030922-92
        )

)

07-02-2020 @ 14:08:57 - Array
(
    [XML request] => <Txn><BillingId>001573030922-92</BillingId><PostUsername>HotShotBroadband</PostUsername><PostPassword>3Qo75sgT386</PostPassword><Amount>84.90</Amount><InputCurrency>NZD</InputCurrency><CardHolderName></CardHolderName><TxnType>Purchase</TxnType><MerchantReference>Scheduled auto payment for order 68384</MerchantReference></Txn>
)

07-02-2020 @ 14:08:57 - Array
(
    [requestProcess[851]>>>] => Array
        (
            [headers] => Requests_Utility_CaseInsensitiveDictionary Object
                (
                    [data:protected] => Array
                        (
                            [cache-control] => private
                            [content-type] => application/xhtml+xml; charset=utf-8
                            [expires] => Thu, 02 Jul 2020 02:07:57 GMT
                            [server] => 
                            [x-aspnet-version] => 
                            [x-powered-by] => 
                            [date] => Thu, 02 Jul 2020 02:08:57 GMT
                            [content-length] => 2705
                            [strict-transport-security] => max-age=16070400; includeSubDomains
                        )

                )

            [body] => <Txn><Transaction success="1" reco="00" responseText="APPROVED" pxTxn="true"><Authorized>1</Authorized><ReCo>00</ReCo><RxDate>20200702020857</RxDate><RxDateLocal>20200702020857</RxDateLocal><LocalTimeZone>UTC</LocalTimeZone><MerchantReference>Scheduled auto payment for order 68384</MerchantReference><CardName>Visa</CardName><Retry>0</Retry><StatusRequired>0</StatusRequired><AuthCode>025523</AuthCode><AmountBalance>0.00</AmountBalance><Amount>84.90</Amount><CurrencyId>554</CurrencyId><InputCurrencyId>554</InputCurrencyId><InputCurrencyName>NZD</InputCurrencyName><CurrencyRate>1.00</CurrencyRate><CurrencyName>NZD</CurrencyName><CardHolderName>N SMITH</CardHolderName><DateSettlement>20200702</DateSettlement><TxnType>Purchase</TxnType><CardNumber>428418........66</CardNumber><TxnMac>18D68FC5</TxnMac><DateExpiry>0621</DateExpiry><ProductId></ProductId><AcquirerDate>20200702</AcquirerDate><AcquirerTime>020857</AcquirerTime><AcquirerId>7</AcquirerId><Acquirer>ASB Legacy</Acquirer><AcquirerReCo>00</AcquirerReCo><AcquirerResponseText>APPROVED</AcquirerResponseText><TestMode>0</TestMode><CardId>2</CardId><CardHolderResponseText>APPROVED</CardHolderResponseText><CardHolderHelpText>The Transaction was approved</CardHolderHelpText><CardHolderResponseDescription>The Transaction was approved</CardHolderResponseDescription><MerchantResponseText>APPROVED</MerchantResponseText><MerchantHelpText>The Transaction was approved</MerchantHelpText><MerchantResponseDescription>The Transaction was approved</MerchantResponseDescription><UrlFail></UrlFail><UrlSuccess></UrlSuccess><EnablePostResponse>0</EnablePostResponse><PxPayName></PxPayName><PxPayLogoSrc></PxPayLogoSrc><PxPayUserId></PxPayUserId><PxPayXsl></PxPayXsl><PxPayBgColor></PxPayBgColor><PxPayOptions></PxPayOptions><Cvc2ResultCode>NotUsed</Cvc2ResultCode><AcquirerPort>809582-80958201</AcquirerPort><AcquirerTxnRef>666877</AcquirerTxnRef><GroupAccount>2</GroupAccount><DpsTxnRef>0000000b749ef49c</DpsTxnRef><AllowRetry>0</AllowRetry><DpsBillingId>0000110359816841</DpsBillingId><PhoneNumber></PhoneNumber><HomePhoneNumber></HomePhoneNumber><AccountInfo></AccountInfo><BillingId>001573030922-92</BillingId><TransactionId>749ef49c</TransactionId><PxHostId>0000000b</PxHostId><RmReason></RmReason><RmReasonId>0000000000000000</RmReasonId><RiskScore>-1</RiskScore><RiskScoreText></RiskScoreText></Transaction><RuleName></RuleName><RmReason></RmReason><RmReasonId>0000000000000000</RmReasonId><RiskScore>-1</RiskScore><RiskScoreText></RiskScoreText><ReCo>00</ReCo><ResponseText>APPROVED</ResponseText><HelpText>Transaction Approved</HelpText><Success>1</Success><DpsTxnRef>0000000b749ef49c</DpsTxnRef><ICCResult></ICCResult><TxnRef></TxnRef></Txn>
            [response] => Array
                (
                    [code] => 200
                    [message] => OK
                )

            [cookies] => Array
                (
                )

            [filename] => 
            [http_response] => WP_HTTP_Requests_Response Object
                (
                    [response:protected] => Requests_Response Object
                        (
                            [body] => <Txn><Transaction success="1" reco="00" responseText="APPROVED" pxTxn="true"><Authorized>1</Authorized><ReCo>00</ReCo><RxDate>20200702020857</RxDate><RxDateLocal>20200702020857</RxDateLocal><LocalTimeZone>UTC</LocalTimeZone><MerchantReference>Scheduled auto payment for order 68384</MerchantReference><CardName>Visa</CardName><Retry>0</Retry><StatusRequired>0</StatusRequired><AuthCode>025523</AuthCode><AmountBalance>0.00</AmountBalance><Amount>84.90</Amount><CurrencyId>554</CurrencyId><InputCurrencyId>554</InputCurrencyId><InputCurrencyName>NZD</InputCurrencyName><CurrencyRate>1.00</CurrencyRate><CurrencyName>NZD</CurrencyName><CardHolderName>N SMITH</CardHolderName><DateSettlement>20200702</DateSettlement><TxnType>Purchase</TxnType><CardNumber>428418........66</CardNumber><TxnMac>18D68FC5</TxnMac><DateExpiry>0621</DateExpiry><ProductId></ProductId><AcquirerDate>20200702</AcquirerDate><AcquirerTime>020857</AcquirerTime><AcquirerId>7</AcquirerId><Acquirer>ASB Legacy</Acquirer><AcquirerReCo>00</AcquirerReCo><AcquirerResponseText>APPROVED</AcquirerResponseText><TestMode>0</TestMode><CardId>2</CardId><CardHolderResponseText>APPROVED</CardHolderResponseText><CardHolderHelpText>The Transaction was approved</CardHolderHelpText><CardHolderResponseDescription>The Transaction was approved</CardHolderResponseDescription><MerchantResponseText>APPROVED</MerchantResponseText><MerchantHelpText>The Transaction was approved</MerchantHelpText><MerchantResponseDescription>The Transaction was approved</MerchantResponseDescription><UrlFail></UrlFail><UrlSuccess></UrlSuccess><EnablePostResponse>0</EnablePostResponse><PxPayName></PxPayName><PxPayLogoSrc></PxPayLogoSrc><PxPayUserId></PxPayUserId><PxPayXsl></PxPayXsl><PxPayBgColor></PxPayBgColor><PxPayOptions></PxPayOptions><Cvc2ResultCode>NotUsed</Cvc2ResultCode><AcquirerPort>809582-80958201</AcquirerPort><AcquirerTxnRef>666877</AcquirerTxnRef><GroupAccount>2</GroupAccount><DpsTxnRef>0000000b749ef49c</DpsTxnRef><AllowRetry>0</AllowRetry><DpsBillingId>0000110359816841</DpsBillingId><PhoneNumber></PhoneNumber><HomePhoneNumber></HomePhoneNumber><AccountInfo></AccountInfo><BillingId>001573030922-92</BillingId><TransactionId>749ef49c</TransactionId><PxHostId>0000000b</PxHostId><RmReason></RmReason><RmReasonId>0000000000000000</RmReasonId><RiskScore>-1</RiskScore><RiskScoreText></RiskScoreText></Transaction><RuleName></RuleName><RmReason></RmReason><RmReasonId>0000000000000000</RmReasonId><RiskScore>-1</RiskScore><RiskScoreText></RiskScoreText><ReCo>00</ReCo><ResponseText>APPROVED</ResponseText><HelpText>Transaction Approved</HelpText><Success>1</Success><DpsTxnRef>0000000b749ef49c</DpsTxnRef><ICCResult></ICCResult><TxnRef></TxnRef></Txn>
                            [raw] => HTTP/1.1 200 OK
Cache-Control: private
Content-Type: application/xhtml+xml; charset=utf-8
Expires: Thu, 02 Jul 2020 02:07:57 GMT
Server: 
X-ASPNET-VERSION: 
X-POWERED-BY: 
Date: Thu, 02 Jul 2020 02:08:57 GMT
Connection: close
Content-Length: 2705
Strict-Transport-Security: max-age=16070400; includeSubDomains

<Txn><Transaction success="1" reco="00" responseText="APPROVED" pxTxn="true"><Authorized>1</Authorized><ReCo>00</ReCo><RxDate>20200702020857</RxDate><RxDateLocal>20200702020857</RxDateLocal><LocalTimeZone>UTC</LocalTimeZone><MerchantReference>Scheduled auto payment for order 68384</MerchantReference><CardName>Visa</CardName><Retry>0</Retry><StatusRequired>0</StatusRequired><AuthCode>025523</AuthCode><AmountBalance>0.00</AmountBalance><Amount>84.90</Amount><CurrencyId>554</CurrencyId><InputCurrencyId>554</InputCurrencyId><InputCurrencyName>NZD</InputCurrencyName><CurrencyRate>1.00</CurrencyRate><CurrencyName>NZD</CurrencyName><CardHolderName>N SMITH</CardHolderName><DateSettlement>20200702</DateSettlement><TxnType>Purchase</TxnType><CardNumber>428418........66</CardNumber><TxnMac>18D68FC5</TxnMac><DateExpiry>0621</DateExpiry><ProductId></ProductId><AcquirerDate>20200702</AcquirerDate><AcquirerTime>020857</AcquirerTime><AcquirerId>7</AcquirerId><Acquirer>ASB Legacy</Acquirer><AcquirerReCo>00</AcquirerReCo><AcquirerResponseText>APPROVED</AcquirerResponseText><TestMode>0</TestMode><CardId>2</CardId><CardHolderResponseText>APPROVED</CardHolderResponseText><CardHolderHelpText>The Transaction was approved</CardHolderHelpText><CardHolderResponseDescription>The Transaction was approved</CardHolderResponseDescription><MerchantResponseText>APPROVED</MerchantResponseText><MerchantHelpText>The Transaction was approved</MerchantHelpText><MerchantResponseDescription>The Transaction was approved</MerchantResponseDescription><UrlFail></UrlFail><UrlSuccess></UrlSuccess><EnablePostResponse>0</EnablePostResponse><PxPayName></PxPayName><PxPayLogoSrc></PxPayLogoSrc><PxPayUserId></PxPayUserId><PxPayXsl></PxPayXsl><PxPayBgColor></PxPayBgColor><PxPayOptions></PxPayOptions><Cvc2ResultCode>NotUsed</Cvc2ResultCode><AcquirerPort>809582-80958201</AcquirerPort><AcquirerTxnRef>666877</AcquirerTxnRef><GroupAccount>2</GroupAccount><DpsTxnRef>0000000b749ef49c</DpsTxnRef><AllowRetry>0</AllowRetry><DpsBillingId>0000110359816841</DpsBillingId><PhoneNumber></PhoneNumber><HomePhoneNumber></HomePhoneNumber><AccountInfo></AccountInfo><BillingId>001573030922-92</BillingId><TransactionId>749ef49c</TransactionId><PxHostId>0000000b</PxHostId><RmReason></RmReason><RmReasonId>0000000000000000</RmReasonId><RiskScore>-1</RiskScore><RiskScoreText></RiskScoreText></Transaction><RuleName></RuleName><RmReason></RmReason><RmReasonId>0000000000000000</RmReasonId><RiskScore>-1</RiskScore><RiskScoreText></RiskScoreText><ReCo>00</ReCo><ResponseText>APPROVED</ResponseText><HelpText>Transaction Approved</HelpText><Success>1</Success><DpsTxnRef>0000000b749ef49c</DpsTxnRef><ICCResult></ICCResult><TxnRef></TxnRef></Txn>
                            [headers] => Requests_Response_Headers Object
                                (
                                    [data:protected] => Array
                                        (
                                            [cache-control] => Array
                                                (
                                                    [0] => private
                                                )

                                            [content-type] => Array
                                                (
                                                    [0] => application/xhtml+xml; charset=utf-8
                                                )

                                            [expires] => Array
                                                (
                                                    [0] => Thu, 02 Jul 2020 02:07:57 GMT
                                                )

                                            [server] => Array
                                                (
                                                    [0] => 
                                                )

                                            [x-aspnet-version] => Array
                                                (
                                                    [0] => 
                                                )

                                            [x-powered-by] => Array
                                                (
                                                    [0] => 
                                                )

                                            [date] => Array
                                                (
                                                    [0] => Thu, 02 Jul 2020 02:08:57 GMT
                                                )

                                            [content-length] => Array
                                                (
                                                    [0] => 2705
                                                )

                                            [strict-transport-security] => Array
                                                (
                                                    [0] => max-age=16070400; includeSubDomains
                                                )

                                        )

                                )

                            [status_code] => 200
                            [protocol_version] => 1.1
                            [success] => 1
                            [redirects] => 0
                            [url] => https://sec.paymentexpress.com/pxpost.aspx
                            [history] => Array
                                (
                                )

                            [cookies] => Requests_Cookie_Jar Object
                                (
                                    [cookies:protected] => Array
                                        (
                                        )

                                )

                        )

                    [filename:protected] => 
                    [data] => 
                    [headers] => 
                    [status] => 
                )

        )

)

07-02-2020 @ 14:08:57 - Array
(
    [pxpost server url] => https://sec.paymentexpress.com/pxpost.aspx
)

07-02-2020 @ 14:08:57 - Array
(
    [txn request] => <Txn><BillingId>001573030922-92</BillingId><PostUsername>HotShotBroadband</PostUsername><PostPassword>3Qo75sgT386</PostPassword><Amount>84.90</Amount><InputCurrency>NZD</InputCurrency><CardHolderName></CardHolderName><TxnType>Purchase</TxnType><MerchantReference>Scheduled auto payment for order 68384</MerchantReference></Txn>
)

07-02-2020 @ 14:08:57 - Array
(
    [Subscription renewal results] => '<Txn><Transaction success="1" reco="00" responseText="APPROVED" pxTxn="true"><Authorized>1</Authorized><ReCo>00</ReCo><RxDate>20200702020857</RxDate><RxDateLocal>20200702020857</RxDateLocal><LocalTimeZone>UTC</LocalTimeZone><MerchantReference>Scheduled auto payment for order 68384</MerchantReference><CardName>Visa</CardName><Retry>0</Retry><StatusRequired>0</StatusRequired><AuthCode>025523</AuthCode><AmountBalance>0.00</AmountBalance><Amount>84.90</Amount><CurrencyId>554</CurrencyId><InputCurrencyId>554</InputCurrencyId><InputCurrencyName>NZD</InputCurrencyName><CurrencyRate>1.00</CurrencyRate><CurrencyName>NZD</CurrencyName><CardHolderName>N SMITH</CardHolderName><DateSettlement>20200702</DateSettlement><TxnType>Purchase</TxnType><CardNumber>428418........66</CardNumber><TxnMac>18D68FC5</TxnMac><DateExpiry>0621</DateExpiry><ProductId></ProductId><AcquirerDate>20200702</AcquirerDate><AcquirerTime>020857</AcquirerTime><AcquirerId>7</AcquirerId><Acquirer>ASB Legacy</Acquirer><AcquirerReCo>00</AcquirerReCo><AcquirerResponseText>APPROVED</AcquirerResponseText><TestMode>0</TestMode><CardId>2</CardId><CardHolderResponseText>APPROVED</CardHolderResponseText><CardHolderHelpText>The Transaction was approved</CardHolderHelpText><CardHolderResponseDescription>The Transaction was approved</CardHolderResponseDescription><MerchantResponseText>APPROVED</MerchantResponseText><MerchantHelpText>The Transaction was approved</MerchantHelpText><MerchantResponseDescription>The Transaction was approved</MerchantResponseDescription><UrlFail></UrlFail><UrlSuccess></UrlSuccess><EnablePostResponse>0</EnablePostResponse><PxPayName></PxPayName><PxPayLogoSrc></PxPayLogoSrc><PxPayUserId></PxPayUserId><PxPayXsl></PxPayXsl><PxPayBgColor></PxPayBgColor><PxPayOptions></PxPayOptions><Cvc2ResultCode>NotUsed</Cvc2ResultCode><AcquirerPort>809582-80958201</AcquirerPort><AcquirerTxnRef>666877</AcquirerTxnRef><GroupAccount>2</GroupAccount><DpsTxnRef>0000000b749ef49c</DpsTxnRef><AllowRetry>0</AllowRetry><DpsBillingId>0000110359816841</DpsBillingId><PhoneNumber></PhoneNumber><HomePhoneNumber></HomePhoneNumber><AccountInfo></AccountInfo><BillingId>001573030922-92</BillingId><TransactionId>749ef49c</TransactionId><PxHostId>0000000b</PxHostId><RmReason></RmReason><RmReasonId>0000000000000000</RmReasonId><RiskScore>-1</RiskScore><RiskScoreText></RiskScoreText></Transaction><RuleName></RuleName><RmReason></RmReason><RmReasonId>0000000000000000</RmReasonId><RiskScore>-1</RiskScore><RiskScoreText></RiskScoreText><ReCo>00</ReCo><ResponseText>APPROVED</ResponseText><HelpText>Transaction Approved</HelpText><Success>1</Success><DpsTxnRef>0000000b749ef49c</DpsTxnRef><ICCResult></ICCResult><TxnRef></TxnRef></Txn>'
)

07-02-2020 @ 14:09:03 - Array
(
    [userID and BillingId] => Array
        (
            [userid] => 68
            [BillingId] => 001571201527-68
        )

)

07-02-2020 @ 14:09:03 - Array
(
    [XML request] => <Txn><BillingId>001571201527-68</BillingId><PostUsername>HotShotBroadband</PostUsername><PostPassword>3Qo75sgT386</PostPassword><Amount>69.90</Amount><InputCurrency>NZD</InputCurrency><CardHolderName></CardHolderName><TxnType>Purchase</TxnType><MerchantReference>Scheduled auto payment for order 68391</MerchantReference></Txn>
)

07-02-2020 @ 14:09:03 - Array
(
    [requestProcess[851]>>>] => Array
        (
            [headers] => Requests_Utility_CaseInsensitiveDictionary Object
                (
                    [data:protected] => Array
                        (
                            [cache-control] => private
                            [content-type] => application/xhtml+xml; charset=utf-8
                            [expires] => Thu, 02 Jul 2020 02:08:03 GMT
                            [server] => 
                            [x-aspnet-version] => 
                            [x-powered-by] => 
                            [date] => Thu, 02 Jul 2020 02:09:03 GMT
                            [content-length] => 2719
                            [strict-transport-security] => max-age=16070400; includeSubDomains
                        )

                )

            [body] => <Txn><Transaction success="1" reco="00" responseText="APPROVED" pxTxn="true"><Authorized>1</Authorized><ReCo>00</ReCo><RxDate>20200702020903</RxDate><RxDateLocal>20200702020903</RxDateLocal><LocalTimeZone>UTC</LocalTimeZone><MerchantReference>Scheduled auto payment for order 68391</MerchantReference><CardName>Visa</CardName><Retry>0</Retry><StatusRequired>0</StatusRequired><AuthCode>051568</AuthCode><AmountBalance>0.00</AmountBalance><Amount>69.90</Amount><CurrencyId>554</CurrencyId><InputCurrencyId>554</InputCurrencyId><InputCurrencyName>NZD</InputCurrencyName><CurrencyRate>1.00</CurrencyRate><CurrencyName>NZD</CurrencyName><CardHolderName>R SHAMANNA KRISHNASWA</CardHolderName><DateSettlement>20200702</DateSettlement><TxnType>Purchase</TxnType><CardNumber>454860........58</CardNumber><TxnMac>2245D087</TxnMac><DateExpiry>0921</DateExpiry><ProductId></ProductId><AcquirerDate>20200702</AcquirerDate><AcquirerTime>020903</AcquirerTime><AcquirerId>7</AcquirerId><Acquirer>ASB Legacy</Acquirer><AcquirerReCo>00</AcquirerReCo><AcquirerResponseText>APPROVED</AcquirerResponseText><TestMode>0</TestMode><CardId>2</CardId><CardHolderResponseText>APPROVED</CardHolderResponseText><CardHolderHelpText>The Transaction was approved</CardHolderHelpText><CardHolderResponseDescription>The Transaction was approved</CardHolderResponseDescription><MerchantResponseText>APPROVED</MerchantResponseText><MerchantHelpText>The Transaction was approved</MerchantHelpText><MerchantResponseDescription>The Transaction was approved</MerchantResponseDescription><UrlFail></UrlFail><UrlSuccess></UrlSuccess><EnablePostResponse>0</EnablePostResponse><PxPayName></PxPayName><PxPayLogoSrc></PxPayLogoSrc><PxPayUserId></PxPayUserId><PxPayXsl></PxPayXsl><PxPayBgColor></PxPayBgColor><PxPayOptions></PxPayOptions><Cvc2ResultCode>NotUsed</Cvc2ResultCode><AcquirerPort>809582-80958201</AcquirerPort><AcquirerTxnRef>666881</AcquirerTxnRef><GroupAccount>2</GroupAccount><DpsTxnRef>0000000b749ef616</DpsTxnRef><AllowRetry>0</AllowRetry><DpsBillingId>0000110340765646</DpsBillingId><PhoneNumber></PhoneNumber><HomePhoneNumber></HomePhoneNumber><AccountInfo></AccountInfo><BillingId>001571201527-68</BillingId><TransactionId>749ef616</TransactionId><PxHostId>0000000b</PxHostId><RmReason></RmReason><RmReasonId>0000000000000000</RmReasonId><RiskScore>-1</RiskScore><RiskScoreText></RiskScoreText></Transaction><RuleName></RuleName><RmReason></RmReason><RmReasonId>0000000000000000</RmReasonId><RiskScore>-1</RiskScore><RiskScoreText></RiskScoreText><ReCo>00</ReCo><ResponseText>APPROVED</ResponseText><HelpText>Transaction Approved</HelpText><Success>1</Success><DpsTxnRef>0000000b749ef616</DpsTxnRef><ICCResult></ICCResult><TxnRef></TxnRef></Txn>
            [response] => Array
                (
                    [code] => 200
                    [message] => OK
                )

            [cookies] => Array
                (
                )

            [filename] => 
            [http_response] => WP_HTTP_Requests_Response Object
                (
                    [response:protected] => Requests_Response Object
                        (
                            [body] => <Txn><Transaction success="1" reco="00" responseText="APPROVED" pxTxn="true"><Authorized>1</Authorized><ReCo>00</ReCo><RxDate>20200702020903</RxDate><RxDateLocal>20200702020903</RxDateLocal><LocalTimeZone>UTC</LocalTimeZone><MerchantReference>Scheduled auto payment for order 68391</MerchantReference><CardName>Visa</CardName><Retry>0</Retry><StatusRequired>0</StatusRequired><AuthCode>051568</AuthCode><AmountBalance>0.00</AmountBalance><Amount>69.90</Amount><CurrencyId>554</CurrencyId><InputCurrencyId>554</InputCurrencyId><InputCurrencyName>NZD</InputCurrencyName><CurrencyRate>1.00</CurrencyRate><CurrencyName>NZD</CurrencyName><CardHolderName>R SHAMANNA KRISHNASWA</CardHolderName><DateSettlement>20200702</DateSettlement><TxnType>Purchase</TxnType><CardNumber>454860........58</CardNumber><TxnMac>2245D087</TxnMac><DateExpiry>0921</DateExpiry><ProductId></ProductId><AcquirerDate>20200702</AcquirerDate><AcquirerTime>020903</AcquirerTime><AcquirerId>7</AcquirerId><Acquirer>ASB Legacy</Acquirer><AcquirerReCo>00</AcquirerReCo><AcquirerResponseText>APPROVED</AcquirerResponseText><TestMode>0</TestMode><CardId>2</CardId><CardHolderResponseText>APPROVED</CardHolderResponseText><CardHolderHelpText>The Transaction was approved</CardHolderHelpText><CardHolderResponseDescription>The Transaction was approved</CardHolderResponseDescription><MerchantResponseText>APPROVED</MerchantResponseText><MerchantHelpText>The Transaction was approved</MerchantHelpText><MerchantResponseDescription>The Transaction was approved</MerchantResponseDescription><UrlFail></UrlFail><UrlSuccess></UrlSuccess><EnablePostResponse>0</EnablePostResponse><PxPayName></PxPayName><PxPayLogoSrc></PxPayLogoSrc><PxPayUserId></PxPayUserId><PxPayXsl></PxPayXsl><PxPayBgColor></PxPayBgColor><PxPayOptions></PxPayOptions><Cvc2ResultCode>NotUsed</Cvc2ResultCode><AcquirerPort>809582-80958201</AcquirerPort><AcquirerTxnRef>666881</AcquirerTxnRef><GroupAccount>2</GroupAccount><DpsTxnRef>0000000b749ef616</DpsTxnRef><AllowRetry>0</AllowRetry><DpsBillingId>0000110340765646</DpsBillingId><PhoneNumber></PhoneNumber><HomePhoneNumber></HomePhoneNumber><AccountInfo></AccountInfo><BillingId>001571201527-68</BillingId><TransactionId>749ef616</TransactionId><PxHostId>0000000b</PxHostId><RmReason></RmReason><RmReasonId>0000000000000000</RmReasonId><RiskScore>-1</RiskScore><RiskScoreText></RiskScoreText></Transaction><RuleName></RuleName><RmReason></RmReason><RmReasonId>0000000000000000</RmReasonId><RiskScore>-1</RiskScore><RiskScoreText></RiskScoreText><ReCo>00</ReCo><ResponseText>APPROVED</ResponseText><HelpText>Transaction Approved</HelpText><Success>1</Success><DpsTxnRef>0000000b749ef616</DpsTxnRef><ICCResult></ICCResult><TxnRef></TxnRef></Txn>
                            [raw] => HTTP/1.1 200 OK
Cache-Control: private
Content-Type: application/xhtml+xml; charset=utf-8
Expires: Thu, 02 Jul 2020 02:08:03 GMT
Server: 
X-ASPNET-VERSION: 
X-POWERED-BY: 
Date: Thu, 02 Jul 2020 02:09:03 GMT
Connection: close
Content-Length: 2719
Strict-Transport-Security: max-age=16070400; includeSubDomains

<Txn><Transaction success="1" reco="00" responseText="APPROVED" pxTxn="true"><Authorized>1</Authorized><ReCo>00</ReCo><RxDate>20200702020903</RxDate><RxDateLocal>20200702020903</RxDateLocal><LocalTimeZone>UTC</LocalTimeZone><MerchantReference>Scheduled auto payment for order 68391</MerchantReference><CardName>Visa</CardName><Retry>0</Retry><StatusRequired>0</StatusRequired><AuthCode>051568</AuthCode><AmountBalance>0.00</AmountBalance><Amount>69.90</Amount><CurrencyId>554</CurrencyId><InputCurrencyId>554</InputCurrencyId><InputCurrencyName>NZD</InputCurrencyName><CurrencyRate>1.00</CurrencyRate><CurrencyName>NZD</CurrencyName><CardHolderName>R SHAMANNA KRISHNASWA</CardHolderName><DateSettlement>20200702</DateSettlement><TxnType>Purchase</TxnType><CardNumber>454860........58</CardNumber><TxnMac>2245D087</TxnMac><DateExpiry>0921</DateExpiry><ProductId></ProductId><AcquirerDate>20200702</AcquirerDate><AcquirerTime>020903</AcquirerTime><AcquirerId>7</AcquirerId><Acquirer>ASB Legacy</Acquirer><AcquirerReCo>00</AcquirerReCo><AcquirerResponseText>APPROVED</AcquirerResponseText><TestMode>0</TestMode><CardId>2</CardId><CardHolderResponseText>APPROVED</CardHolderResponseText><CardHolderHelpText>The Transaction was approved</CardHolderHelpText><CardHolderResponseDescription>The Transaction was approved</CardHolderResponseDescription><MerchantResponseText>APPROVED</MerchantResponseText><MerchantHelpText>The Transaction was approved</MerchantHelpText><MerchantResponseDescription>The Transaction was approved</MerchantResponseDescription><UrlFail></UrlFail><UrlSuccess></UrlSuccess><EnablePostResponse>0</EnablePostResponse><PxPayName></PxPayName><PxPayLogoSrc></PxPayLogoSrc><PxPayUserId></PxPayUserId><PxPayXsl></PxPayXsl><PxPayBgColor></PxPayBgColor><PxPayOptions></PxPayOptions><Cvc2ResultCode>NotUsed</Cvc2ResultCode><AcquirerPort>809582-80958201</AcquirerPort><AcquirerTxnRef>666881</AcquirerTxnRef><GroupAccount>2</GroupAccount><DpsTxnRef>0000000b749ef616</DpsTxnRef><AllowRetry>0</AllowRetry><DpsBillingId>0000110340765646</DpsBillingId><PhoneNumber></PhoneNumber><HomePhoneNumber></HomePhoneNumber><AccountInfo></AccountInfo><BillingId>001571201527-68</BillingId><TransactionId>749ef616</TransactionId><PxHostId>0000000b</PxHostId><RmReason></RmReason><RmReasonId>0000000000000000</RmReasonId><RiskScore>-1</RiskScore><RiskScoreText></RiskScoreText></Transaction><RuleName></RuleName><RmReason></RmReason><RmReasonId>0000000000000000</RmReasonId><RiskScore>-1</RiskScore><RiskScoreText></RiskScoreText><ReCo>00</ReCo><ResponseText>APPROVED</ResponseText><HelpText>Transaction Approved</HelpText><Success>1</Success><DpsTxnRef>0000000b749ef616</DpsTxnRef><ICCResult></ICCResult><TxnRef></TxnRef></Txn>
                            [headers] => Requests_Response_Headers Object
                                (
                                    [data:protected] => Array
                                        (
                                            [cache-control] => Array
                                                (
                                                    [0] => private
                                                )

                                            [content-type] => Array
                                                (
                                                    [0] => application/xhtml+xml; charset=utf-8
                                                )

                                            [expires] => Array
                                                (
                                                    [0] => Thu, 02 Jul 2020 02:08:03 GMT
                                                )

                                            [server] => Array
                                                (
                                                    [0] => 
                                                )

                                            [x-aspnet-version] => Array
                                                (
                                                    [0] => 
                                                )

                                            [x-powered-by] => Array
                                                (
                                                    [0] => 
                                                )

                                            [date] => Array
                                                (
                                                    [0] => Thu, 02 Jul 2020 02:09:03 GMT
                                                )

                                            [content-length] => Array
                                                (
                                                    [0] => 2719
                                                )

                                            [strict-transport-security] => Array
                                                (
                                                    [0] => max-age=16070400; includeSubDomains
                                                )

                                        )

                                )

                            [status_code] => 200
                            [protocol_version] => 1.1
                            [success] => 1
                            [redirects] => 0
                            [url] => https://sec.paymentexpress.com/pxpost.aspx
                            [history] => Array
                                (
                                )

                            [cookies] => Requests_Cookie_Jar Object
                                (
                                    [cookies:protected] => Array
                                        (
                                        )

                                )

                        )

                    [filename:protected] => 
                    [data] => 
                    [headers] => 
                    [status] => 
                )

        )

)

07-02-2020 @ 14:09:03 - Array
(
    [pxpost server url] => https://sec.paymentexpress.com/pxpost.aspx
)

07-02-2020 @ 14:09:03 - Array
(
    [txn request] => <Txn><BillingId>001571201527-68</BillingId><PostUsername>HotShotBroadband</PostUsername><PostPassword>3Qo75sgT386</PostPassword><Amount>69.90</Amount><InputCurrency>NZD</InputCurrency><CardHolderName></CardHolderName><TxnType>Purchase</TxnType><MerchantReference>Scheduled auto payment for order 68391</MerchantReference></Txn>
)

07-02-2020 @ 14:09:03 - Array
(
    [Subscription renewal results] => '<Txn><Transaction success="1" reco="00" responseText="APPROVED" pxTxn="true"><Authorized>1</Authorized><ReCo>00</ReCo><RxDate>20200702020903</RxDate><RxDateLocal>20200702020903</RxDateLocal><LocalTimeZone>UTC</LocalTimeZone><MerchantReference>Scheduled auto payment for order 68391</MerchantReference><CardName>Visa</CardName><Retry>0</Retry><StatusRequired>0</StatusRequired><AuthCode>051568</AuthCode><AmountBalance>0.00</AmountBalance><Amount>69.90</Amount><CurrencyId>554</CurrencyId><InputCurrencyId>554</InputCurrencyId><InputCurrencyName>NZD</InputCurrencyName><CurrencyRate>1.00</CurrencyRate><CurrencyName>NZD</CurrencyName><CardHolderName>R SHAMANNA KRISHNASWA</CardHolderName><DateSettlement>20200702</DateSettlement><TxnType>Purchase</TxnType><CardNumber>454860........58</CardNumber><TxnMac>2245D087</TxnMac><DateExpiry>0921</DateExpiry><ProductId></ProductId><AcquirerDate>20200702</AcquirerDate><AcquirerTime>020903</AcquirerTime><AcquirerId>7</AcquirerId><Acquirer>ASB Legacy</Acquirer><AcquirerReCo>00</AcquirerReCo><AcquirerResponseText>APPROVED</AcquirerResponseText><TestMode>0</TestMode><CardId>2</CardId><CardHolderResponseText>APPROVED</CardHolderResponseText><CardHolderHelpText>The Transaction was approved</CardHolderHelpText><CardHolderResponseDescription>The Transaction was approved</CardHolderResponseDescription><MerchantResponseText>APPROVED</MerchantResponseText><MerchantHelpText>The Transaction was approved</MerchantHelpText><MerchantResponseDescription>The Transaction was approved</MerchantResponseDescription><UrlFail></UrlFail><UrlSuccess></UrlSuccess><EnablePostResponse>0</EnablePostResponse><PxPayName></PxPayName><PxPayLogoSrc></PxPayLogoSrc><PxPayUserId></PxPayUserId><PxPayXsl></PxPayXsl><PxPayBgColor></PxPayBgColor><PxPayOptions></PxPayOptions><Cvc2ResultCode>NotUsed</Cvc2ResultCode><AcquirerPort>809582-80958201</AcquirerPort><AcquirerTxnRef>666881</AcquirerTxnRef><GroupAccount>2</GroupAccount><DpsTxnRef>0000000b749ef616</DpsTxnRef><AllowRetry>0</AllowRetry><DpsBillingId>0000110340765646</DpsBillingId><PhoneNumber></PhoneNumber><HomePhoneNumber></HomePhoneNumber><AccountInfo></AccountInfo><BillingId>001571201527-68</BillingId><TransactionId>749ef616</TransactionId><PxHostId>0000000b</PxHostId><RmReason></RmReason><RmReasonId>0000000000000000</RmReasonId><RiskScore>-1</RiskScore><RiskScoreText></RiskScoreText></Transaction><RuleName></RuleName><RmReason></RmReason><RmReasonId>0000000000000000</RmReasonId><RiskScore>-1</RiskScore><RiskScoreText></RiskScoreText><ReCo>00</ReCo><ResponseText>APPROVED</ResponseText><HelpText>Transaction Approved</HelpText><Success>1</Success><DpsTxnRef>0000000b749ef616</DpsTxnRef><ICCResult></ICCResult><TxnRef></TxnRef></Txn>'
)

07-03-2020 @ 08:42:26 - Array
(
    [userID and BillingId] => Array
        (
            [userid] => 205
            [BillingId] => 001581045610-205
        )

)

07-03-2020 @ 08:42:26 - Array
(
    [XML request] => <Txn><BillingId>001581045610-205</BillingId><PostUsername>HotShotBroadband</PostUsername><PostPassword>3Qo75sgT386</PostPassword><Amount>69.90</Amount><InputCurrency>NZD</InputCurrency><CardHolderName></CardHolderName><TxnType>Purchase</TxnType><MerchantReference>Scheduled auto payment for order 69259</MerchantReference></Txn>
)

07-03-2020 @ 08:42:27 - Array
(
    [requestProcess[851]>>>] => Array
        (
            [headers] => Requests_Utility_CaseInsensitiveDictionary Object
                (
                    [data:protected] => Array
                        (
                            [cache-control] => private
                            [content-type] => application/xhtml+xml; charset=utf-8
                            [expires] => Thu, 02 Jul 2020 20:41:26 GMT
                            [server] => 
                            [x-aspnet-version] => 
                            [x-powered-by] => 
                            [date] => Thu, 02 Jul 2020 20:42:27 GMT
                            [content-length] => 2723
                            [strict-transport-security] => max-age=16070400; includeSubDomains
                        )

                )

            [body] => <Txn><Transaction success="1" reco="00" responseText="APPROVED" pxTxn="true"><Authorized>1</Authorized><ReCo>00</ReCo><RxDate>20200702204226</RxDate><RxDateLocal>20200702204226</RxDateLocal><LocalTimeZone>UTC</LocalTimeZone><MerchantReference>Scheduled auto payment for order 69259</MerchantReference><CardName>MasterCard</CardName><Retry>0</Retry><StatusRequired>0</StatusRequired><AuthCode>T38019</AuthCode><AmountBalance>0.00</AmountBalance><Amount>69.90</Amount><CurrencyId>554</CurrencyId><InputCurrencyId>554</InputCurrencyId><InputCurrencyName>NZD</InputCurrencyName><CurrencyRate>1.00</CurrencyRate><CurrencyName>NZD</CurrencyName><CardHolderName>PRAKASH THANGARASU</CardHolderName><DateSettlement>20200703</DateSettlement><TxnType>Purchase</TxnType><CardNumber>524651........47</CardNumber><TxnMac>FB165CF3</TxnMac><DateExpiry>0223</DateExpiry><ProductId></ProductId><AcquirerDate>20200702</AcquirerDate><AcquirerTime>204226</AcquirerTime><AcquirerId>7</AcquirerId><Acquirer>ASB Legacy</Acquirer><AcquirerReCo>00</AcquirerReCo><AcquirerResponseText>APPROVED</AcquirerResponseText><TestMode>0</TestMode><CardId>1</CardId><CardHolderResponseText>APPROVED</CardHolderResponseText><CardHolderHelpText>The Transaction was approved</CardHolderHelpText><CardHolderResponseDescription>The Transaction was approved</CardHolderResponseDescription><MerchantResponseText>APPROVED</MerchantResponseText><MerchantHelpText>The Transaction was approved</MerchantHelpText><MerchantResponseDescription>The Transaction was approved</MerchantResponseDescription><UrlFail></UrlFail><UrlSuccess></UrlSuccess><EnablePostResponse>0</EnablePostResponse><PxPayName></PxPayName><PxPayLogoSrc></PxPayLogoSrc><PxPayUserId></PxPayUserId><PxPayXsl></PxPayXsl><PxPayBgColor></PxPayBgColor><PxPayOptions></PxPayOptions><Cvc2ResultCode>NotUsed</Cvc2ResultCode><AcquirerPort>809582-80958201</AcquirerPort><AcquirerTxnRef>689993</AcquirerTxnRef><GroupAccount>2</GroupAccount><DpsTxnRef>0000000b74b86d10</DpsTxnRef><AllowRetry>0</AllowRetry><DpsBillingId>0000110404126462</DpsBillingId><PhoneNumber></PhoneNumber><HomePhoneNumber></HomePhoneNumber><AccountInfo></AccountInfo><BillingId>001581045610-205</BillingId><TransactionId>74b86d10</TransactionId><PxHostId>0000000b</PxHostId><RmReason></RmReason><RmReasonId>0000000000000000</RmReasonId><RiskScore>-1</RiskScore><RiskScoreText></RiskScoreText></Transaction><RuleName></RuleName><RmReason></RmReason><RmReasonId>0000000000000000</RmReasonId><RiskScore>-1</RiskScore><RiskScoreText></RiskScoreText><ReCo>00</ReCo><ResponseText>APPROVED</ResponseText><HelpText>Transaction Approved</HelpText><Success>1</Success><DpsTxnRef>0000000b74b86d10</DpsTxnRef><ICCResult></ICCResult><TxnRef></TxnRef></Txn>
            [response] => Array
                (
                    [code] => 200
                    [message] => OK
                )

            [cookies] => Array
                (
                )

            [filename] => 
            [http_response] => WP_HTTP_Requests_Response Object
                (
                    [response:protected] => Requests_Response Object
                        (
                            [body] => <Txn><Transaction success="1" reco="00" responseText="APPROVED" pxTxn="true"><Authorized>1</Authorized><ReCo>00</ReCo><RxDate>20200702204226</RxDate><RxDateLocal>20200702204226</RxDateLocal><LocalTimeZone>UTC</LocalTimeZone><MerchantReference>Scheduled auto payment for order 69259</MerchantReference><CardName>MasterCard</CardName><Retry>0</Retry><StatusRequired>0</StatusRequired><AuthCode>T38019</AuthCode><AmountBalance>0.00</AmountBalance><Amount>69.90</Amount><CurrencyId>554</CurrencyId><InputCurrencyId>554</InputCurrencyId><InputCurrencyName>NZD</InputCurrencyName><CurrencyRate>1.00</CurrencyRate><CurrencyName>NZD</CurrencyName><CardHolderName>PRAKASH THANGARASU</CardHolderName><DateSettlement>20200703</DateSettlement><TxnType>Purchase</TxnType><CardNumber>524651........47</CardNumber><TxnMac>FB165CF3</TxnMac><DateExpiry>0223</DateExpiry><ProductId></ProductId><AcquirerDate>20200702</AcquirerDate><AcquirerTime>204226</AcquirerTime><AcquirerId>7</AcquirerId><Acquirer>ASB Legacy</Acquirer><AcquirerReCo>00</AcquirerReCo><AcquirerResponseText>APPROVED</AcquirerResponseText><TestMode>0</TestMode><CardId>1</CardId><CardHolderResponseText>APPROVED</CardHolderResponseText><CardHolderHelpText>The Transaction was approved</CardHolderHelpText><CardHolderResponseDescription>The Transaction was approved</CardHolderResponseDescription><MerchantResponseText>APPROVED</MerchantResponseText><MerchantHelpText>The Transaction was approved</MerchantHelpText><MerchantResponseDescription>The Transaction was approved</MerchantResponseDescription><UrlFail></UrlFail><UrlSuccess></UrlSuccess><EnablePostResponse>0</EnablePostResponse><PxPayName></PxPayName><PxPayLogoSrc></PxPayLogoSrc><PxPayUserId></PxPayUserId><PxPayXsl></PxPayXsl><PxPayBgColor></PxPayBgColor><PxPayOptions></PxPayOptions><Cvc2ResultCode>NotUsed</Cvc2ResultCode><AcquirerPort>809582-80958201</AcquirerPort><AcquirerTxnRef>689993</AcquirerTxnRef><GroupAccount>2</GroupAccount><DpsTxnRef>0000000b74b86d10</DpsTxnRef><AllowRetry>0</AllowRetry><DpsBillingId>0000110404126462</DpsBillingId><PhoneNumber></PhoneNumber><HomePhoneNumber></HomePhoneNumber><AccountInfo></AccountInfo><BillingId>001581045610-205</BillingId><TransactionId>74b86d10</TransactionId><PxHostId>0000000b</PxHostId><RmReason></RmReason><RmReasonId>0000000000000000</RmReasonId><RiskScore>-1</RiskScore><RiskScoreText></RiskScoreText></Transaction><RuleName></RuleName><RmReason></RmReason><RmReasonId>0000000000000000</RmReasonId><RiskScore>-1</RiskScore><RiskScoreText></RiskScoreText><ReCo>00</ReCo><ResponseText>APPROVED</ResponseText><HelpText>Transaction Approved</HelpText><Success>1</Success><DpsTxnRef>0000000b74b86d10</DpsTxnRef><ICCResult></ICCResult><TxnRef></TxnRef></Txn>
                            [raw] => HTTP/1.1 200 OK
Cache-Control: private
Content-Type: application/xhtml+xml; charset=utf-8
Expires: Thu, 02 Jul 2020 20:41:26 GMT
Server: 
X-ASPNET-VERSION: 
X-POWERED-BY: 
Date: Thu, 02 Jul 2020 20:42:27 GMT
Connection: close
Content-Length: 2723
Strict-Transport-Security: max-age=16070400; includeSubDomains

<Txn><Transaction success="1" reco="00" responseText="APPROVED" pxTxn="true"><Authorized>1</Authorized><ReCo>00</ReCo><RxDate>20200702204226</RxDate><RxDateLocal>20200702204226</RxDateLocal><LocalTimeZone>UTC</LocalTimeZone><MerchantReference>Scheduled auto payment for order 69259</MerchantReference><CardName>MasterCard</CardName><Retry>0</Retry><StatusRequired>0</StatusRequired><AuthCode>T38019</AuthCode><AmountBalance>0.00</AmountBalance><Amount>69.90</Amount><CurrencyId>554</CurrencyId><InputCurrencyId>554</InputCurrencyId><InputCurrencyName>NZD</InputCurrencyName><CurrencyRate>1.00</CurrencyRate><CurrencyName>NZD</CurrencyName><CardHolderName>PRAKASH THANGARASU</CardHolderName><DateSettlement>20200703</DateSettlement><TxnType>Purchase</TxnType><CardNumber>524651........47</CardNumber><TxnMac>FB165CF3</TxnMac><DateExpiry>0223</DateExpiry><ProductId></ProductId><AcquirerDate>20200702</AcquirerDate><AcquirerTime>204226</AcquirerTime><AcquirerId>7</AcquirerId><Acquirer>ASB Legacy</Acquirer><AcquirerReCo>00</AcquirerReCo><AcquirerResponseText>APPROVED</AcquirerResponseText><TestMode>0</TestMode><CardId>1</CardId><CardHolderResponseText>APPROVED</CardHolderResponseText><CardHolderHelpText>The Transaction was approved</CardHolderHelpText><CardHolderResponseDescription>The Transaction was approved</CardHolderResponseDescription><MerchantResponseText>APPROVED</MerchantResponseText><MerchantHelpText>The Transaction was approved</MerchantHelpText><MerchantResponseDescription>The Transaction was approved</MerchantResponseDescription><UrlFail></UrlFail><UrlSuccess></UrlSuccess><EnablePostResponse>0</EnablePostResponse><PxPayName></PxPayName><PxPayLogoSrc></PxPayLogoSrc><PxPayUserId></PxPayUserId><PxPayXsl></PxPayXsl><PxPayBgColor></PxPayBgColor><PxPayOptions></PxPayOptions><Cvc2ResultCode>NotUsed</Cvc2ResultCode><AcquirerPort>809582-80958201</AcquirerPort><AcquirerTxnRef>689993</AcquirerTxnRef><GroupAccount>2</GroupAccount><DpsTxnRef>0000000b74b86d10</DpsTxnRef><AllowRetry>0</AllowRetry><DpsBillingId>0000110404126462</DpsBillingId><PhoneNumber></PhoneNumber><HomePhoneNumber></HomePhoneNumber><AccountInfo></AccountInfo><BillingId>001581045610-205</BillingId><TransactionId>74b86d10</TransactionId><PxHostId>0000000b</PxHostId><RmReason></RmReason><RmReasonId>0000000000000000</RmReasonId><RiskScore>-1</RiskScore><RiskScoreText></RiskScoreText></Transaction><RuleName></RuleName><RmReason></RmReason><RmReasonId>0000000000000000</RmReasonId><RiskScore>-1</RiskScore><RiskScoreText></RiskScoreText><ReCo>00</ReCo><ResponseText>APPROVED</ResponseText><HelpText>Transaction Approved</HelpText><Success>1</Success><DpsTxnRef>0000000b74b86d10</DpsTxnRef><ICCResult></ICCResult><TxnRef></TxnRef></Txn>
                            [headers] => Requests_Response_Headers Object
                                (
                                    [data:protected] => Array
                                        (
                                            [cache-control] => Array
                                                (
                                                    [0] => private
                                                )

                                            [content-type] => Array
                                                (
                                                    [0] => application/xhtml+xml; charset=utf-8
                                                )

                                            [expires] => Array
                                                (
                                                    [0] => Thu, 02 Jul 2020 20:41:26 GMT
                                                )

                                            [server] => Array
                                                (
                                                    [0] => 
                                                )

                                            [x-aspnet-version] => Array
                                                (
                                                    [0] => 
                                                )

                                            [x-powered-by] => Array
                                                (
                                                    [0] => 
                                                )

                                            [date] => Array
                                                (
                                                    [0] => Thu, 02 Jul 2020 20:42:27 GMT
                                                )

                                            [content-length] => Array
                                                (
                                                    [0] => 2723
                                                )

                                            [strict-transport-security] => Array
                                                (
                                                    [0] => max-age=16070400; includeSubDomains
                                                )

                                        )

                                )

                            [status_code] => 200
                            [protocol_version] => 1.1
                            [success] => 1
                            [redirects] => 0
                            [url] => https://sec.paymentexpress.com/pxpost.aspx
                            [history] => Array
                                (
                                )

                            [cookies] => Requests_Cookie_Jar Object
                                (
                                    [cookies:protected] => Array
                                        (
                                        )

                                )

                        )

                    [filename:protected] => 
                    [data] => 
                    [headers] => 
                    [status] => 
                )

        )

)

07-03-2020 @ 08:42:27 - Array
(
    [pxpost server url] => https://sec.paymentexpress.com/pxpost.aspx
)

07-03-2020 @ 08:42:27 - Array
(
    [txn request] => <Txn><BillingId>001581045610-205</BillingId><PostUsername>HotShotBroadband</PostUsername><PostPassword>3Qo75sgT386</PostPassword><Amount>69.90</Amount><InputCurrency>NZD</InputCurrency><CardHolderName></CardHolderName><TxnType>Purchase</TxnType><MerchantReference>Scheduled auto payment for order 69259</MerchantReference></Txn>
)

07-03-2020 @ 08:42:27 - Array
(
    [Subscription renewal results] => '<Txn><Transaction success="1" reco="00" responseText="APPROVED" pxTxn="true"><Authorized>1</Authorized><ReCo>00</ReCo><RxDate>20200702204226</RxDate><RxDateLocal>20200702204226</RxDateLocal><LocalTimeZone>UTC</LocalTimeZone><MerchantReference>Scheduled auto payment for order 69259</MerchantReference><CardName>MasterCard</CardName><Retry>0</Retry><StatusRequired>0</StatusRequired><AuthCode>T38019</AuthCode><AmountBalance>0.00</AmountBalance><Amount>69.90</Amount><CurrencyId>554</CurrencyId><InputCurrencyId>554</InputCurrencyId><InputCurrencyName>NZD</InputCurrencyName><CurrencyRate>1.00</CurrencyRate><CurrencyName>NZD</CurrencyName><CardHolderName>PRAKASH THANGARASU</CardHolderName><DateSettlement>20200703</DateSettlement><TxnType>Purchase</TxnType><CardNumber>524651........47</CardNumber><TxnMac>FB165CF3</TxnMac><DateExpiry>0223</DateExpiry><ProductId></ProductId><AcquirerDate>20200702</AcquirerDate><AcquirerTime>204226</AcquirerTime><AcquirerId>7</AcquirerId><Acquirer>ASB Legacy</Acquirer><AcquirerReCo>00</AcquirerReCo><AcquirerResponseText>APPROVED</AcquirerResponseText><TestMode>0</TestMode><CardId>1</CardId><CardHolderResponseText>APPROVED</CardHolderResponseText><CardHolderHelpText>The Transaction was approved</CardHolderHelpText><CardHolderResponseDescription>The Transaction was approved</CardHolderResponseDescription><MerchantResponseText>APPROVED</MerchantResponseText><MerchantHelpText>The Transaction was approved</MerchantHelpText><MerchantResponseDescription>The Transaction was approved</MerchantResponseDescription><UrlFail></UrlFail><UrlSuccess></UrlSuccess><EnablePostResponse>0</EnablePostResponse><PxPayName></PxPayName><PxPayLogoSrc></PxPayLogoSrc><PxPayUserId></PxPayUserId><PxPayXsl></PxPayXsl><PxPayBgColor></PxPayBgColor><PxPayOptions></PxPayOptions><Cvc2ResultCode>NotUsed</Cvc2ResultCode><AcquirerPort>809582-80958201</AcquirerPort><AcquirerTxnRef>689993</AcquirerTxnRef><GroupAccount>2</GroupAccount><DpsTxnRef>0000000b74b86d10</DpsTxnRef><AllowRetry>0</AllowRetry><DpsBillingId>0000110404126462</DpsBillingId><PhoneNumber></PhoneNumber><HomePhoneNumber></HomePhoneNumber><AccountInfo></AccountInfo><BillingId>001581045610-205</BillingId><TransactionId>74b86d10</TransactionId><PxHostId>0000000b</PxHostId><RmReason></RmReason><RmReasonId>0000000000000000</RmReasonId><RiskScore>-1</RiskScore><RiskScoreText></RiskScoreText></Transaction><RuleName></RuleName><RmReason></RmReason><RmReasonId>0000000000000000</RmReasonId><RiskScore>-1</RiskScore><RiskScoreText></RiskScoreText><ReCo>00</ReCo><ResponseText>APPROVED</ResponseText><HelpText>Transaction Approved</HelpText><Success>1</Success><DpsTxnRef>0000000b74b86d10</DpsTxnRef><ICCResult></ICCResult><TxnRef></TxnRef></Txn>'
)

07-03-2020 @ 09:21:20 - Array
(
    [userID and BillingId] => Array
        (
            [userid] => 136
            [BillingId] => 001577265264-136
        )

)

07-03-2020 @ 09:21:20 - Array
(
    [XML request] => <Txn><BillingId>001577265264-136</BillingId><PostUsername>HotShotBroadband</PostUsername><PostPassword>3Qo75sgT386</PostPassword><Amount>65.50</Amount><InputCurrency>NZD</InputCurrency><CardHolderName></CardHolderName><TxnType>Purchase</TxnType><MerchantReference>Scheduled auto payment for order 69308</MerchantReference></Txn>
)

07-03-2020 @ 09:21:21 - Array
(
    [requestProcess[851]>>>] => Array
        (
            [headers] => Requests_Utility_CaseInsensitiveDictionary Object
                (
                    [data:protected] => Array
                        (
                            [cache-control] => private
                            [content-type] => application/xhtml+xml; charset=utf-8
                            [expires] => Thu, 02 Jul 2020 21:20:20 GMT
                            [server] => 
                            [x-aspnet-version] => 
                            [x-powered-by] => 
                            [date] => Thu, 02 Jul 2020 21:21:20 GMT
                            [content-length] => 2707
                            [strict-transport-security] => max-age=16070400; includeSubDomains
                        )

                )

            [body] => <Txn><Transaction success="1" reco="00" responseText="APPROVED" pxTxn="true"><Authorized>1</Authorized><ReCo>00</ReCo><RxDate>20200702212120</RxDate><RxDateLocal>20200702212120</RxDateLocal><LocalTimeZone>UTC</LocalTimeZone><MerchantReference>Scheduled auto payment for order 69308</MerchantReference><CardName>Visa</CardName><Retry>0</Retry><StatusRequired>0</StatusRequired><AuthCode>808367</AuthCode><AmountBalance>0.00</AmountBalance><Amount>65.50</Amount><CurrencyId>554</CurrencyId><InputCurrencyId>554</InputCurrencyId><InputCurrencyName>NZD</InputCurrencyName><CurrencyRate>1.00</CurrencyRate><CurrencyName>NZD</CurrencyName><CardHolderName>LEO ZHOU</CardHolderName><DateSettlement>20200703</DateSettlement><TxnType>Purchase</TxnType><CardNumber>483561........75</CardNumber><TxnMac>2711F388</TxnMac><DateExpiry>0721</DateExpiry><ProductId></ProductId><AcquirerDate>20200702</AcquirerDate><AcquirerTime>212120</AcquirerTime><AcquirerId>7</AcquirerId><Acquirer>ASB Legacy</Acquirer><AcquirerReCo>00</AcquirerReCo><AcquirerResponseText>APPROVED</AcquirerResponseText><TestMode>0</TestMode><CardId>2</CardId><CardHolderResponseText>APPROVED</CardHolderResponseText><CardHolderHelpText>The Transaction was approved</CardHolderHelpText><CardHolderResponseDescription>The Transaction was approved</CardHolderResponseDescription><MerchantResponseText>APPROVED</MerchantResponseText><MerchantHelpText>The Transaction was approved</MerchantHelpText><MerchantResponseDescription>The Transaction was approved</MerchantResponseDescription><UrlFail></UrlFail><UrlSuccess></UrlSuccess><EnablePostResponse>0</EnablePostResponse><PxPayName></PxPayName><PxPayLogoSrc></PxPayLogoSrc><PxPayUserId></PxPayUserId><PxPayXsl></PxPayXsl><PxPayBgColor></PxPayBgColor><PxPayOptions></PxPayOptions><Cvc2ResultCode>NotUsed</Cvc2ResultCode><AcquirerPort>809582-80958201</AcquirerPort><AcquirerTxnRef>691015</AcquirerTxnRef><GroupAccount>2</GroupAccount><DpsTxnRef>0000000b74b98c69</DpsTxnRef><AllowRetry>0</AllowRetry><DpsBillingId>0000110389770372</DpsBillingId><PhoneNumber></PhoneNumber><HomePhoneNumber></HomePhoneNumber><AccountInfo></AccountInfo><BillingId>001577265264-136</BillingId><TransactionId>74b98c69</TransactionId><PxHostId>0000000b</PxHostId><RmReason></RmReason><RmReasonId>0000000000000000</RmReasonId><RiskScore>-1</RiskScore><RiskScoreText></RiskScoreText></Transaction><RuleName></RuleName><RmReason></RmReason><RmReasonId>0000000000000000</RmReasonId><RiskScore>-1</RiskScore><RiskScoreText></RiskScoreText><ReCo>00</ReCo><ResponseText>APPROVED</ResponseText><HelpText>Transaction Approved</HelpText><Success>1</Success><DpsTxnRef>0000000b74b98c69</DpsTxnRef><ICCResult></ICCResult><TxnRef></TxnRef></Txn>
            [response] => Array
                (
                    [code] => 200
                    [message] => OK
                )

            [cookies] => Array
                (
                )

            [filename] => 
            [http_response] => WP_HTTP_Requests_Response Object
                (
                    [response:protected] => Requests_Response Object
                        (
                            [body] => <Txn><Transaction success="1" reco="00" responseText="APPROVED" pxTxn="true"><Authorized>1</Authorized><ReCo>00</ReCo><RxDate>20200702212120</RxDate><RxDateLocal>20200702212120</RxDateLocal><LocalTimeZone>UTC</LocalTimeZone><MerchantReference>Scheduled auto payment for order 69308</MerchantReference><CardName>Visa</CardName><Retry>0</Retry><StatusRequired>0</StatusRequired><AuthCode>808367</AuthCode><AmountBalance>0.00</AmountBalance><Amount>65.50</Amount><CurrencyId>554</CurrencyId><InputCurrencyId>554</InputCurrencyId><InputCurrencyName>NZD</InputCurrencyName><CurrencyRate>1.00</CurrencyRate><CurrencyName>NZD</CurrencyName><CardHolderName>LEO ZHOU</CardHolderName><DateSettlement>20200703</DateSettlement><TxnType>Purchase</TxnType><CardNumber>483561........75</CardNumber><TxnMac>2711F388</TxnMac><DateExpiry>0721</DateExpiry><ProductId></ProductId><AcquirerDate>20200702</AcquirerDate><AcquirerTime>212120</AcquirerTime><AcquirerId>7</AcquirerId><Acquirer>ASB Legacy</Acquirer><AcquirerReCo>00</AcquirerReCo><AcquirerResponseText>APPROVED</AcquirerResponseText><TestMode>0</TestMode><CardId>2</CardId><CardHolderResponseText>APPROVED</CardHolderResponseText><CardHolderHelpText>The Transaction was approved</CardHolderHelpText><CardHolderResponseDescription>The Transaction was approved</CardHolderResponseDescription><MerchantResponseText>APPROVED</MerchantResponseText><MerchantHelpText>The Transaction was approved</MerchantHelpText><MerchantResponseDescription>The Transaction was approved</MerchantResponseDescription><UrlFail></UrlFail><UrlSuccess></UrlSuccess><EnablePostResponse>0</EnablePostResponse><PxPayName></PxPayName><PxPayLogoSrc></PxPayLogoSrc><PxPayUserId></PxPayUserId><PxPayXsl></PxPayXsl><PxPayBgColor></PxPayBgColor><PxPayOptions></PxPayOptions><Cvc2ResultCode>NotUsed</Cvc2ResultCode><AcquirerPort>809582-80958201</AcquirerPort><AcquirerTxnRef>691015</AcquirerTxnRef><GroupAccount>2</GroupAccount><DpsTxnRef>0000000b74b98c69</DpsTxnRef><AllowRetry>0</AllowRetry><DpsBillingId>0000110389770372</DpsBillingId><PhoneNumber></PhoneNumber><HomePhoneNumber></HomePhoneNumber><AccountInfo></AccountInfo><BillingId>001577265264-136</BillingId><TransactionId>74b98c69</TransactionId><PxHostId>0000000b</PxHostId><RmReason></RmReason><RmReasonId>0000000000000000</RmReasonId><RiskScore>-1</RiskScore><RiskScoreText></RiskScoreText></Transaction><RuleName></RuleName><RmReason></RmReason><RmReasonId>0000000000000000</RmReasonId><RiskScore>-1</RiskScore><RiskScoreText></RiskScoreText><ReCo>00</ReCo><ResponseText>APPROVED</ResponseText><HelpText>Transaction Approved</HelpText><Success>1</Success><DpsTxnRef>0000000b74b98c69</DpsTxnRef><ICCResult></ICCResult><TxnRef></TxnRef></Txn>
                            [raw] => HTTP/1.1 200 OK
Cache-Control: private
Content-Type: application/xhtml+xml; charset=utf-8
Expires: Thu, 02 Jul 2020 21:20:20 GMT
Server: 
X-ASPNET-VERSION: 
X-POWERED-BY: 
Date: Thu, 02 Jul 2020 21:21:20 GMT
Connection: close
Content-Length: 2707
Strict-Transport-Security: max-age=16070400; includeSubDomains

<Txn><Transaction success="1" reco="00" responseText="APPROVED" pxTxn="true"><Authorized>1</Authorized><ReCo>00</ReCo><RxDate>20200702212120</RxDate><RxDateLocal>20200702212120</RxDateLocal><LocalTimeZone>UTC</LocalTimeZone><MerchantReference>Scheduled auto payment for order 69308</MerchantReference><CardName>Visa</CardName><Retry>0</Retry><StatusRequired>0</StatusRequired><AuthCode>808367</AuthCode><AmountBalance>0.00</AmountBalance><Amount>65.50</Amount><CurrencyId>554</CurrencyId><InputCurrencyId>554</InputCurrencyId><InputCurrencyName>NZD</InputCurrencyName><CurrencyRate>1.00</CurrencyRate><CurrencyName>NZD</CurrencyName><CardHolderName>LEO ZHOU</CardHolderName><DateSettlement>20200703</DateSettlement><TxnType>Purchase</TxnType><CardNumber>483561........75</CardNumber><TxnMac>2711F388</TxnMac><DateExpiry>0721</DateExpiry><ProductId></ProductId><AcquirerDate>20200702</AcquirerDate><AcquirerTime>212120</AcquirerTime><AcquirerId>7</AcquirerId><Acquirer>ASB Legacy</Acquirer><AcquirerReCo>00</AcquirerReCo><AcquirerResponseText>APPROVED</AcquirerResponseText><TestMode>0</TestMode><CardId>2</CardId><CardHolderResponseText>APPROVED</CardHolderResponseText><CardHolderHelpText>The Transaction was approved</CardHolderHelpText><CardHolderResponseDescription>The Transaction was approved</CardHolderResponseDescription><MerchantResponseText>APPROVED</MerchantResponseText><MerchantHelpText>The Transaction was approved</MerchantHelpText><MerchantResponseDescription>The Transaction was approved</MerchantResponseDescription><UrlFail></UrlFail><UrlSuccess></UrlSuccess><EnablePostResponse>0</EnablePostResponse><PxPayName></PxPayName><PxPayLogoSrc></PxPayLogoSrc><PxPayUserId></PxPayUserId><PxPayXsl></PxPayXsl><PxPayBgColor></PxPayBgColor><PxPayOptions></PxPayOptions><Cvc2ResultCode>NotUsed</Cvc2ResultCode><AcquirerPort>809582-80958201</AcquirerPort><AcquirerTxnRef>691015</AcquirerTxnRef><GroupAccount>2</GroupAccount><DpsTxnRef>0000000b74b98c69</DpsTxnRef><AllowRetry>0</AllowRetry><DpsBillingId>0000110389770372</DpsBillingId><PhoneNumber></PhoneNumber><HomePhoneNumber></HomePhoneNumber><AccountInfo></AccountInfo><BillingId>001577265264-136</BillingId><TransactionId>74b98c69</TransactionId><PxHostId>0000000b</PxHostId><RmReason></RmReason><RmReasonId>0000000000000000</RmReasonId><RiskScore>-1</RiskScore><RiskScoreText></RiskScoreText></Transaction><RuleName></RuleName><RmReason></RmReason><RmReasonId>0000000000000000</RmReasonId><RiskScore>-1</RiskScore><RiskScoreText></RiskScoreText><ReCo>00</ReCo><ResponseText>APPROVED</ResponseText><HelpText>Transaction Approved</HelpText><Success>1</Success><DpsTxnRef>0000000b74b98c69</DpsTxnRef><ICCResult></ICCResult><TxnRef></TxnRef></Txn>
                            [headers] => Requests_Response_Headers Object
                                (
                                    [data:protected] => Array
                                        (
                                            [cache-control] => Array
                                                (
                                                    [0] => private
                                                )

                                            [content-type] => Array
                                                (
                                                    [0] => application/xhtml+xml; charset=utf-8
                                                )

                                            [expires] => Array
                                                (
                                                    [0] => Thu, 02 Jul 2020 21:20:20 GMT
                                                )

                                            [server] => Array
                                                (
                                                    [0] => 
                                                )

                                            [x-aspnet-version] => Array
                                                (
                                                    [0] => 
                                                )

                                            [x-powered-by] => Array
                                                (
                                                    [0] => 
                                                )

                                            [date] => Array
                                                (
                                                    [0] => Thu, 02 Jul 2020 21:21:20 GMT
                                                )

                                            [content-length] => Array
                                                (
                                                    [0] => 2707
                                                )

                                            [strict-transport-security] => Array
                                                (
                                                    [0] => max-age=16070400; includeSubDomains
                                                )

                                        )

                                )

                            [status_code] => 200
                            [protocol_version] => 1.1
                            [success] => 1
                            [redirects] => 0
                            [url] => https://sec.paymentexpress.com/pxpost.aspx
                            [history] => Array
                                (
                                )

                            [cookies] => Requests_Cookie_Jar Object
                                (
                                    [cookies:protected] => Array
                                        (
                                        )

                                )

                        )

                    [filename:protected] => 
                    [data] => 
                    [headers] => 
                    [status] => 
                )

        )

)

07-03-2020 @ 09:21:21 - Array
(
    [pxpost server url] => https://sec.paymentexpress.com/pxpost.aspx
)

07-03-2020 @ 09:21:21 - Array
(
    [txn request] => <Txn><BillingId>001577265264-136</BillingId><PostUsername>HotShotBroadband</PostUsername><PostPassword>3Qo75sgT386</PostPassword><Amount>65.50</Amount><InputCurrency>NZD</InputCurrency><CardHolderName></CardHolderName><TxnType>Purchase</TxnType><MerchantReference>Scheduled auto payment for order 69308</MerchantReference></Txn>
)

07-03-2020 @ 09:21:21 - Array
(
    [Subscription renewal results] => '<Txn><Transaction success="1" reco="00" responseText="APPROVED" pxTxn="true"><Authorized>1</Authorized><ReCo>00</ReCo><RxDate>20200702212120</RxDate><RxDateLocal>20200702212120</RxDateLocal><LocalTimeZone>UTC</LocalTimeZone><MerchantReference>Scheduled auto payment for order 69308</MerchantReference><CardName>Visa</CardName><Retry>0</Retry><StatusRequired>0</StatusRequired><AuthCode>808367</AuthCode><AmountBalance>0.00</AmountBalance><Amount>65.50</Amount><CurrencyId>554</CurrencyId><InputCurrencyId>554</InputCurrencyId><InputCurrencyName>NZD</InputCurrencyName><CurrencyRate>1.00</CurrencyRate><CurrencyName>NZD</CurrencyName><CardHolderName>LEO ZHOU</CardHolderName><DateSettlement>20200703</DateSettlement><TxnType>Purchase</TxnType><CardNumber>483561........75</CardNumber><TxnMac>2711F388</TxnMac><DateExpiry>0721</DateExpiry><ProductId></ProductId><AcquirerDate>20200702</AcquirerDate><AcquirerTime>212120</AcquirerTime><AcquirerId>7</AcquirerId><Acquirer>ASB Legacy</Acquirer><AcquirerReCo>00</AcquirerReCo><AcquirerResponseText>APPROVED</AcquirerResponseText><TestMode>0</TestMode><CardId>2</CardId><CardHolderResponseText>APPROVED</CardHolderResponseText><CardHolderHelpText>The Transaction was approved</CardHolderHelpText><CardHolderResponseDescription>The Transaction was approved</CardHolderResponseDescription><MerchantResponseText>APPROVED</MerchantResponseText><MerchantHelpText>The Transaction was approved</MerchantHelpText><MerchantResponseDescription>The Transaction was approved</MerchantResponseDescription><UrlFail></UrlFail><UrlSuccess></UrlSuccess><EnablePostResponse>0</EnablePostResponse><PxPayName></PxPayName><PxPayLogoSrc></PxPayLogoSrc><PxPayUserId></PxPayUserId><PxPayXsl></PxPayXsl><PxPayBgColor></PxPayBgColor><PxPayOptions></PxPayOptions><Cvc2ResultCode>NotUsed</Cvc2ResultCode><AcquirerPort>809582-80958201</AcquirerPort><AcquirerTxnRef>691015</AcquirerTxnRef><GroupAccount>2</GroupAccount><DpsTxnRef>0000000b74b98c69</DpsTxnRef><AllowRetry>0</AllowRetry><DpsBillingId>0000110389770372</DpsBillingId><PhoneNumber></PhoneNumber><HomePhoneNumber></HomePhoneNumber><AccountInfo></AccountInfo><BillingId>001577265264-136</BillingId><TransactionId>74b98c69</TransactionId><PxHostId>0000000b</PxHostId><RmReason></RmReason><RmReasonId>0000000000000000</RmReasonId><RiskScore>-1</RiskScore><RiskScoreText></RiskScoreText></Transaction><RuleName></RuleName><RmReason></RmReason><RmReasonId>0000000000000000</RmReasonId><RiskScore>-1</RiskScore><RiskScoreText></RiskScoreText><ReCo>00</ReCo><ResponseText>APPROVED</ResponseText><HelpText>Transaction Approved</HelpText><Success>1</Success><DpsTxnRef>0000000b74b98c69</DpsTxnRef><ICCResult></ICCResult><TxnRef></TxnRef></Txn>'
)

