01-15-2020 @ 09:41:54 - Array
(
    [userID and BillingId] => Array
        (
            [userid] => 73
            [BillingId] => 001571653432-73
        )

)

01-15-2020 @ 09:41:54 - Array
(
    [XML request] => <Txn><BillingId>001571653432-73</BillingId><PostUsername>HotShotBroadband</PostUsername><PostPassword>3Qo75sgT386</PostPassword><Amount>69.90</Amount><InputCurrency>NZD</InputCurrency><CardHolderName></CardHolderName><TxnType>Purchase</TxnType><MerchantReference>Scheduled auto payment for order 14608</MerchantReference></Txn>
)

01-15-2020 @ 09:41:55 - Array
(
    [requestProcess[851]>>>] => Array
        (
            [headers] => Requests_Utility_CaseInsensitiveDictionary Object
                (
                    [data:protected] => Array
                        (
                            [cache-control] => private
                            [content-type] => application/xhtml+xml; charset=utf-8
                            [expires] => Tue, 14 Jan 2020 20:40:54 GMT
                            [server] => 
                            [x-aspnet-version] => 
                            [x-powered-by] => 
                            [date] => Tue, 14 Jan 2020 20:41:55 GMT
                            [content-length] => 2674
                            [strict-transport-security] => max-age=16070400; includeSubDomains
                        )

                )

            [body] => <Txn><Transaction success="1" reco="00" responseText="APPROVED" pxTxn="true"><Authorized>1</Authorized><ReCo>00</ReCo><RxDate>20200114204154</RxDate><RxDateLocal>20200114204154</RxDateLocal><LocalTimeZone>UTC</LocalTimeZone><MerchantReference>Scheduled auto payment for order 14608</MerchantReference><CardName>MasterCard</CardName><Retry>0</Retry><StatusRequired>0</StatusRequired><AuthCode>T16198</AuthCode><AmountBalance>0.00</AmountBalance><Amount>69.90</Amount><CurrencyId>554</CurrencyId><InputCurrencyId>554</InputCurrencyId><InputCurrencyName>NZD</InputCurrencyName><CurrencyRate>1.00</CurrencyRate><CurrencyName>NZD</CurrencyName><CardHolderName>KEITH ROHITA</CardHolderName><DateSettlement>20200115</DateSettlement><TxnType>Purchase</TxnType><CardNumber>524651........67</CardNumber><TxnMac>BD8A6101</TxnMac><DateExpiry>1223</DateExpiry><ProductId></ProductId><AcquirerDate>20200114</AcquirerDate><AcquirerTime>204154</AcquirerTime><AcquirerId>7</AcquirerId><Acquirer>ASB</Acquirer><AcquirerReCo>00</AcquirerReCo><AcquirerResponseText>APPROVED</AcquirerResponseText><TestMode>0</TestMode><CardId>1</CardId><CardHolderResponseText>APPROVED</CardHolderResponseText><CardHolderHelpText>The Transaction was approved</CardHolderHelpText><CardHolderResponseDescription>The Transaction was approved</CardHolderResponseDescription><MerchantResponseText>APPROVED</MerchantResponseText><MerchantHelpText>The Transaction was approved</MerchantHelpText><MerchantResponseDescription>The Transaction was approved</MerchantResponseDescription><UrlFail></UrlFail><UrlSuccess></UrlSuccess><EnablePostResponse>0</EnablePostResponse><PxPayName></PxPayName><PxPayLogoSrc></PxPayLogoSrc><PxPayUserId></PxPayUserId><PxPayXsl></PxPayXsl><PxPayBgColor></PxPayBgColor><PxPayOptions></PxPayOptions><Cvc2ResultCode>NotUsed</Cvc2ResultCode><AcquirerPort>809582-80958201</AcquirerPort><AcquirerTxnRef>577391</AcquirerTxnRef><GroupAccount>2</GroupAccount><DpsTxnRef>0000000b5df7f43f</DpsTxnRef><AllowRetry>0</AllowRetry><DpsBillingId>0000110345352211</DpsBillingId><PhoneNumber></PhoneNumber><AccountInfo></AccountInfo><BillingId>001571653432-73</BillingId><TransactionId>5df7f43f</TransactionId><PxHostId>0000000b</PxHostId><RmReason></RmReason><RmReasonId>0000000000000000</RmReasonId><RiskScore>-1</RiskScore><RiskScoreText></RiskScoreText></Transaction><RuleName></RuleName><RmReason></RmReason><RmReasonId>0000000000000000</RmReasonId><RiskScore>-1</RiskScore><RiskScoreText></RiskScoreText><ReCo>00</ReCo><ResponseText>APPROVED</ResponseText><HelpText>Transaction Approved</HelpText><Success>1</Success><DpsTxnRef>0000000b5df7f43f</DpsTxnRef><ICCResult></ICCResult><TxnRef></TxnRef></Txn>
            [response] => Array
                (
                    [code] => 200
                    [message] => OK
                )

            [cookies] => Array
                (
                )

            [filename] => 
            [http_response] => WP_HTTP_Requests_Response Object
                (
                    [response:protected] => Requests_Response Object
                        (
                            [body] => <Txn><Transaction success="1" reco="00" responseText="APPROVED" pxTxn="true"><Authorized>1</Authorized><ReCo>00</ReCo><RxDate>20200114204154</RxDate><RxDateLocal>20200114204154</RxDateLocal><LocalTimeZone>UTC</LocalTimeZone><MerchantReference>Scheduled auto payment for order 14608</MerchantReference><CardName>MasterCard</CardName><Retry>0</Retry><StatusRequired>0</StatusRequired><AuthCode>T16198</AuthCode><AmountBalance>0.00</AmountBalance><Amount>69.90</Amount><CurrencyId>554</CurrencyId><InputCurrencyId>554</InputCurrencyId><InputCurrencyName>NZD</InputCurrencyName><CurrencyRate>1.00</CurrencyRate><CurrencyName>NZD</CurrencyName><CardHolderName>KEITH ROHITA</CardHolderName><DateSettlement>20200115</DateSettlement><TxnType>Purchase</TxnType><CardNumber>524651........67</CardNumber><TxnMac>BD8A6101</TxnMac><DateExpiry>1223</DateExpiry><ProductId></ProductId><AcquirerDate>20200114</AcquirerDate><AcquirerTime>204154</AcquirerTime><AcquirerId>7</AcquirerId><Acquirer>ASB</Acquirer><AcquirerReCo>00</AcquirerReCo><AcquirerResponseText>APPROVED</AcquirerResponseText><TestMode>0</TestMode><CardId>1</CardId><CardHolderResponseText>APPROVED</CardHolderResponseText><CardHolderHelpText>The Transaction was approved</CardHolderHelpText><CardHolderResponseDescription>The Transaction was approved</CardHolderResponseDescription><MerchantResponseText>APPROVED</MerchantResponseText><MerchantHelpText>The Transaction was approved</MerchantHelpText><MerchantResponseDescription>The Transaction was approved</MerchantResponseDescription><UrlFail></UrlFail><UrlSuccess></UrlSuccess><EnablePostResponse>0</EnablePostResponse><PxPayName></PxPayName><PxPayLogoSrc></PxPayLogoSrc><PxPayUserId></PxPayUserId><PxPayXsl></PxPayXsl><PxPayBgColor></PxPayBgColor><PxPayOptions></PxPayOptions><Cvc2ResultCode>NotUsed</Cvc2ResultCode><AcquirerPort>809582-80958201</AcquirerPort><AcquirerTxnRef>577391</AcquirerTxnRef><GroupAccount>2</GroupAccount><DpsTxnRef>0000000b5df7f43f</DpsTxnRef><AllowRetry>0</AllowRetry><DpsBillingId>0000110345352211</DpsBillingId><PhoneNumber></PhoneNumber><AccountInfo></AccountInfo><BillingId>001571653432-73</BillingId><TransactionId>5df7f43f</TransactionId><PxHostId>0000000b</PxHostId><RmReason></RmReason><RmReasonId>0000000000000000</RmReasonId><RiskScore>-1</RiskScore><RiskScoreText></RiskScoreText></Transaction><RuleName></RuleName><RmReason></RmReason><RmReasonId>0000000000000000</RmReasonId><RiskScore>-1</RiskScore><RiskScoreText></RiskScoreText><ReCo>00</ReCo><ResponseText>APPROVED</ResponseText><HelpText>Transaction Approved</HelpText><Success>1</Success><DpsTxnRef>0000000b5df7f43f</DpsTxnRef><ICCResult></ICCResult><TxnRef></TxnRef></Txn>
                            [raw] => HTTP/1.1 200 OK
Cache-Control: private
Content-Type: application/xhtml+xml; charset=utf-8
Expires: Tue, 14 Jan 2020 20:40:54 GMT
Server: 
X-ASPNET-VERSION: 
X-POWERED-BY: 
Date: Tue, 14 Jan 2020 20:41:55 GMT
Connection: close
Content-Length: 2674
Strict-Transport-Security: max-age=16070400; includeSubDomains

<Txn><Transaction success="1" reco="00" responseText="APPROVED" pxTxn="true"><Authorized>1</Authorized><ReCo>00</ReCo><RxDate>20200114204154</RxDate><RxDateLocal>20200114204154</RxDateLocal><LocalTimeZone>UTC</LocalTimeZone><MerchantReference>Scheduled auto payment for order 14608</MerchantReference><CardName>MasterCard</CardName><Retry>0</Retry><StatusRequired>0</StatusRequired><AuthCode>T16198</AuthCode><AmountBalance>0.00</AmountBalance><Amount>69.90</Amount><CurrencyId>554</CurrencyId><InputCurrencyId>554</InputCurrencyId><InputCurrencyName>NZD</InputCurrencyName><CurrencyRate>1.00</CurrencyRate><CurrencyName>NZD</CurrencyName><CardHolderName>KEITH ROHITA</CardHolderName><DateSettlement>20200115</DateSettlement><TxnType>Purchase</TxnType><CardNumber>524651........67</CardNumber><TxnMac>BD8A6101</TxnMac><DateExpiry>1223</DateExpiry><ProductId></ProductId><AcquirerDate>20200114</AcquirerDate><AcquirerTime>204154</AcquirerTime><AcquirerId>7</AcquirerId><Acquirer>ASB</Acquirer><AcquirerReCo>00</AcquirerReCo><AcquirerResponseText>APPROVED</AcquirerResponseText><TestMode>0</TestMode><CardId>1</CardId><CardHolderResponseText>APPROVED</CardHolderResponseText><CardHolderHelpText>The Transaction was approved</CardHolderHelpText><CardHolderResponseDescription>The Transaction was approved</CardHolderResponseDescription><MerchantResponseText>APPROVED</MerchantResponseText><MerchantHelpText>The Transaction was approved</MerchantHelpText><MerchantResponseDescription>The Transaction was approved</MerchantResponseDescription><UrlFail></UrlFail><UrlSuccess></UrlSuccess><EnablePostResponse>0</EnablePostResponse><PxPayName></PxPayName><PxPayLogoSrc></PxPayLogoSrc><PxPayUserId></PxPayUserId><PxPayXsl></PxPayXsl><PxPayBgColor></PxPayBgColor><PxPayOptions></PxPayOptions><Cvc2ResultCode>NotUsed</Cvc2ResultCode><AcquirerPort>809582-80958201</AcquirerPort><AcquirerTxnRef>577391</AcquirerTxnRef><GroupAccount>2</GroupAccount><DpsTxnRef>0000000b5df7f43f</DpsTxnRef><AllowRetry>0</AllowRetry><DpsBillingId>0000110345352211</DpsBillingId><PhoneNumber></PhoneNumber><AccountInfo></AccountInfo><BillingId>001571653432-73</BillingId><TransactionId>5df7f43f</TransactionId><PxHostId>0000000b</PxHostId><RmReason></RmReason><RmReasonId>0000000000000000</RmReasonId><RiskScore>-1</RiskScore><RiskScoreText></RiskScoreText></Transaction><RuleName></RuleName><RmReason></RmReason><RmReasonId>0000000000000000</RmReasonId><RiskScore>-1</RiskScore><RiskScoreText></RiskScoreText><ReCo>00</ReCo><ResponseText>APPROVED</ResponseText><HelpText>Transaction Approved</HelpText><Success>1</Success><DpsTxnRef>0000000b5df7f43f</DpsTxnRef><ICCResult></ICCResult><TxnRef></TxnRef></Txn>
                            [headers] => Requests_Response_Headers Object
                                (
                                    [data:protected] => Array
                                        (
                                            [cache-control] => Array
                                                (
                                                    [0] => private
                                                )

                                            [content-type] => Array
                                                (
                                                    [0] => application/xhtml+xml; charset=utf-8
                                                )

                                            [expires] => Array
                                                (
                                                    [0] => Tue, 14 Jan 2020 20:40:54 GMT
                                                )

                                            [server] => Array
                                                (
                                                    [0] => 
                                                )

                                            [x-aspnet-version] => Array
                                                (
                                                    [0] => 
                                                )

                                            [x-powered-by] => Array
                                                (
                                                    [0] => 
                                                )

                                            [date] => Array
                                                (
                                                    [0] => Tue, 14 Jan 2020 20:41:55 GMT
                                                )

                                            [content-length] => Array
                                                (
                                                    [0] => 2674
                                                )

                                            [strict-transport-security] => Array
                                                (
                                                    [0] => max-age=16070400; includeSubDomains
                                                )

                                        )

                                )

                            [status_code] => 200
                            [protocol_version] => 1.1
                            [success] => 1
                            [redirects] => 0
                            [url] => https://sec.paymentexpress.com/pxpost.aspx
                            [history] => Array
                                (
                                )

                            [cookies] => Requests_Cookie_Jar Object
                                (
                                    [cookies:protected] => Array
                                        (
                                        )

                                )

                        )

                    [filename:protected] => 
                    [data] => 
                    [headers] => 
                    [status] => 
                )

        )

)

01-15-2020 @ 09:41:55 - Array
(
    [pxpost server url] => https://sec.paymentexpress.com/pxpost.aspx
)

01-15-2020 @ 09:41:55 - Array
(
    [txn request] => <Txn><BillingId>001571653432-73</BillingId><PostUsername>HotShotBroadband</PostUsername><PostPassword>3Qo75sgT386</PostPassword><Amount>69.90</Amount><InputCurrency>NZD</InputCurrency><CardHolderName></CardHolderName><TxnType>Purchase</TxnType><MerchantReference>Scheduled auto payment for order 14608</MerchantReference></Txn>
)

01-15-2020 @ 09:41:55 - Array
(
    [Subscription renewal results] => '<Txn><Transaction success="1" reco="00" responseText="APPROVED" pxTxn="true"><Authorized>1</Authorized><ReCo>00</ReCo><RxDate>20200114204154</RxDate><RxDateLocal>20200114204154</RxDateLocal><LocalTimeZone>UTC</LocalTimeZone><MerchantReference>Scheduled auto payment for order 14608</MerchantReference><CardName>MasterCard</CardName><Retry>0</Retry><StatusRequired>0</StatusRequired><AuthCode>T16198</AuthCode><AmountBalance>0.00</AmountBalance><Amount>69.90</Amount><CurrencyId>554</CurrencyId><InputCurrencyId>554</InputCurrencyId><InputCurrencyName>NZD</InputCurrencyName><CurrencyRate>1.00</CurrencyRate><CurrencyName>NZD</CurrencyName><CardHolderName>KEITH ROHITA</CardHolderName><DateSettlement>20200115</DateSettlement><TxnType>Purchase</TxnType><CardNumber>524651........67</CardNumber><TxnMac>BD8A6101</TxnMac><DateExpiry>1223</DateExpiry><ProductId></ProductId><AcquirerDate>20200114</AcquirerDate><AcquirerTime>204154</AcquirerTime><AcquirerId>7</AcquirerId><Acquirer>ASB</Acquirer><AcquirerReCo>00</AcquirerReCo><AcquirerResponseText>APPROVED</AcquirerResponseText><TestMode>0</TestMode><CardId>1</CardId><CardHolderResponseText>APPROVED</CardHolderResponseText><CardHolderHelpText>The Transaction was approved</CardHolderHelpText><CardHolderResponseDescription>The Transaction was approved</CardHolderResponseDescription><MerchantResponseText>APPROVED</MerchantResponseText><MerchantHelpText>The Transaction was approved</MerchantHelpText><MerchantResponseDescription>The Transaction was approved</MerchantResponseDescription><UrlFail></UrlFail><UrlSuccess></UrlSuccess><EnablePostResponse>0</EnablePostResponse><PxPayName></PxPayName><PxPayLogoSrc></PxPayLogoSrc><PxPayUserId></PxPayUserId><PxPayXsl></PxPayXsl><PxPayBgColor></PxPayBgColor><PxPayOptions></PxPayOptions><Cvc2ResultCode>NotUsed</Cvc2ResultCode><AcquirerPort>809582-80958201</AcquirerPort><AcquirerTxnRef>577391</AcquirerTxnRef><GroupAccount>2</GroupAccount><DpsTxnRef>0000000b5df7f43f</DpsTxnRef><AllowRetry>0</AllowRetry><DpsBillingId>0000110345352211</DpsBillingId><PhoneNumber></PhoneNumber><AccountInfo></AccountInfo><BillingId>001571653432-73</BillingId><TransactionId>5df7f43f</TransactionId><PxHostId>0000000b</PxHostId><RmReason></RmReason><RmReasonId>0000000000000000</RmReasonId><RiskScore>-1</RiskScore><RiskScoreText></RiskScoreText></Transaction><RuleName></RuleName><RmReason></RmReason><RmReasonId>0000000000000000</RmReasonId><RiskScore>-1</RiskScore><RiskScoreText></RiskScoreText><ReCo>00</ReCo><ResponseText>APPROVED</ResponseText><HelpText>Transaction Approved</HelpText><Success>1</Success><DpsTxnRef>0000000b5df7f43f</DpsTxnRef><ICCResult></ICCResult><TxnRef></TxnRef></Txn>'
)

01-15-2020 @ 09:45:12 - Array
(
    [userID and BillingId] => Array
        (
            [userid] => 67
            [BillingId] => 001571176787-67
        )

)

01-15-2020 @ 09:45:12 - Array
(
    [XML request] => <Txn><BillingId>001571176787-67</BillingId><PostUsername>HotShotBroadband</PostUsername><PostPassword>3Qo75sgT386</PostPassword><Amount>69.90</Amount><InputCurrency>NZD</InputCurrency><CardHolderName></CardHolderName><TxnType>Purchase</TxnType><MerchantReference>Scheduled auto payment for order 14619</MerchantReference></Txn>
)

01-15-2020 @ 09:45:13 - Array
(
    [requestProcess[851]>>>] => Array
        (
            [headers] => Requests_Utility_CaseInsensitiveDictionary Object
                (
                    [data:protected] => Array
                        (
                            [cache-control] => private
                            [content-type] => application/xhtml+xml; charset=utf-8
                            [expires] => Tue, 14 Jan 2020 20:44:12 GMT
                            [server] => 
                            [x-aspnet-version] => 
                            [x-powered-by] => 
                            [date] => Tue, 14 Jan 2020 20:45:12 GMT
                            [content-length] => 2722
                            [strict-transport-security] => max-age=16070400; includeSubDomains
                        )

                )

            [body] => <Txn><Transaction success="0" reco="05" responseText="DO NOT HONOUR" pxTxn="true"><Authorized>0</Authorized><ReCo>05</ReCo><RxDate>20200114204512</RxDate><RxDateLocal>20200114204512</RxDateLocal><LocalTimeZone>UTC</LocalTimeZone><MerchantReference>Scheduled auto payment for order 14619</MerchantReference><CardName>MasterCard</CardName><Retry>0</Retry><StatusRequired>0</StatusRequired><AuthCode></AuthCode><AmountBalance>0.00</AmountBalance><Amount>69.90</Amount><CurrencyId>554</CurrencyId><InputCurrencyId>554</InputCurrencyId><InputCurrencyName>NZD</InputCurrencyName><CurrencyRate>1.00</CurrencyRate><CurrencyName>NZD</CurrencyName><CardHolderName>MRS H R ROCHE</CardHolderName><DateSettlement>20200115</DateSettlement><TxnType>Purchase</TxnType><CardNumber>524651........27</CardNumber><TxnMac>C61C7165</TxnMac><DateExpiry>1023</DateExpiry><ProductId></ProductId><AcquirerDate>20200114</AcquirerDate><AcquirerTime>204512</AcquirerTime><AcquirerId>7</AcquirerId><Acquirer>ASB</Acquirer><AcquirerReCo>05</AcquirerReCo><AcquirerResponseText>DO NOT HONOUR</AcquirerResponseText><TestMode>0</TestMode><CardId>1</CardId><CardHolderResponseText>DECLINED (05)</CardHolderResponseText><CardHolderHelpText>The transaction was not approved</CardHolderHelpText><CardHolderResponseDescription>The transaction was not approved</CardHolderResponseDescription><MerchantResponseText>DO NOT HONOUR</MerchantResponseText><MerchantHelpText>The transaction was not approved</MerchantHelpText><MerchantResponseDescription>The transaction was not approved</MerchantResponseDescription><UrlFail></UrlFail><UrlSuccess></UrlSuccess><EnablePostResponse>0</EnablePostResponse><PxPayName></PxPayName><PxPayLogoSrc></PxPayLogoSrc><PxPayUserId></PxPayUserId><PxPayXsl></PxPayXsl><PxPayBgColor></PxPayBgColor><PxPayOptions></PxPayOptions><Cvc2ResultCode>NotUsed</Cvc2ResultCode><AcquirerPort>809582-80958201</AcquirerPort><AcquirerTxnRef>577510</AcquirerTxnRef><GroupAccount>2</GroupAccount><DpsTxnRef>0000000b5df816dd</DpsTxnRef><AllowRetry>0</AllowRetry><DpsBillingId>0000110340341112</DpsBillingId><PhoneNumber></PhoneNumber><AccountInfo></AccountInfo><BillingId>001571176787-67</BillingId><TransactionId>5df816dd</TransactionId><PxHostId>0000000b</PxHostId><RmReason></RmReason><RmReasonId>0000000000000000</RmReasonId><RiskScore>-1</RiskScore><RiskScoreText></RiskScoreText></Transaction><RuleName></RuleName><RmReason></RmReason><RmReasonId>0000000000000000</RmReasonId><RiskScore>-1</RiskScore><RiskScoreText></RiskScoreText><ReCo>05</ReCo><ResponseText>DO NOT HONOUR</ResponseText><HelpText>The transaction was not approved</HelpText><Success>0</Success><DpsTxnRef>0000000b5df816dd</DpsTxnRef><ICCResult></ICCResult><TxnRef></TxnRef></Txn>
            [response] => Array
                (
                    [code] => 200
                    [message] => OK
                )

            [cookies] => Array
                (
                )

            [filename] => 
            [http_response] => WP_HTTP_Requests_Response Object
                (
                    [response:protected] => Requests_Response Object
                        (
                            [body] => <Txn><Transaction success="0" reco="05" responseText="DO NOT HONOUR" pxTxn="true"><Authorized>0</Authorized><ReCo>05</ReCo><RxDate>20200114204512</RxDate><RxDateLocal>20200114204512</RxDateLocal><LocalTimeZone>UTC</LocalTimeZone><MerchantReference>Scheduled auto payment for order 14619</MerchantReference><CardName>MasterCard</CardName><Retry>0</Retry><StatusRequired>0</StatusRequired><AuthCode></AuthCode><AmountBalance>0.00</AmountBalance><Amount>69.90</Amount><CurrencyId>554</CurrencyId><InputCurrencyId>554</InputCurrencyId><InputCurrencyName>NZD</InputCurrencyName><CurrencyRate>1.00</CurrencyRate><CurrencyName>NZD</CurrencyName><CardHolderName>MRS H R ROCHE</CardHolderName><DateSettlement>20200115</DateSettlement><TxnType>Purchase</TxnType><CardNumber>524651........27</CardNumber><TxnMac>C61C7165</TxnMac><DateExpiry>1023</DateExpiry><ProductId></ProductId><AcquirerDate>20200114</AcquirerDate><AcquirerTime>204512</AcquirerTime><AcquirerId>7</AcquirerId><Acquirer>ASB</Acquirer><AcquirerReCo>05</AcquirerReCo><AcquirerResponseText>DO NOT HONOUR</AcquirerResponseText><TestMode>0</TestMode><CardId>1</CardId><CardHolderResponseText>DECLINED (05)</CardHolderResponseText><CardHolderHelpText>The transaction was not approved</CardHolderHelpText><CardHolderResponseDescription>The transaction was not approved</CardHolderResponseDescription><MerchantResponseText>DO NOT HONOUR</MerchantResponseText><MerchantHelpText>The transaction was not approved</MerchantHelpText><MerchantResponseDescription>The transaction was not approved</MerchantResponseDescription><UrlFail></UrlFail><UrlSuccess></UrlSuccess><EnablePostResponse>0</EnablePostResponse><PxPayName></PxPayName><PxPayLogoSrc></PxPayLogoSrc><PxPayUserId></PxPayUserId><PxPayXsl></PxPayXsl><PxPayBgColor></PxPayBgColor><PxPayOptions></PxPayOptions><Cvc2ResultCode>NotUsed</Cvc2ResultCode><AcquirerPort>809582-80958201</AcquirerPort><AcquirerTxnRef>577510</AcquirerTxnRef><GroupAccount>2</GroupAccount><DpsTxnRef>0000000b5df816dd</DpsTxnRef><AllowRetry>0</AllowRetry><DpsBillingId>0000110340341112</DpsBillingId><PhoneNumber></PhoneNumber><AccountInfo></AccountInfo><BillingId>001571176787-67</BillingId><TransactionId>5df816dd</TransactionId><PxHostId>0000000b</PxHostId><RmReason></RmReason><RmReasonId>0000000000000000</RmReasonId><RiskScore>-1</RiskScore><RiskScoreText></RiskScoreText></Transaction><RuleName></RuleName><RmReason></RmReason><RmReasonId>0000000000000000</RmReasonId><RiskScore>-1</RiskScore><RiskScoreText></RiskScoreText><ReCo>05</ReCo><ResponseText>DO NOT HONOUR</ResponseText><HelpText>The transaction was not approved</HelpText><Success>0</Success><DpsTxnRef>0000000b5df816dd</DpsTxnRef><ICCResult></ICCResult><TxnRef></TxnRef></Txn>
                            [raw] => HTTP/1.1 200 OK
Cache-Control: private
Content-Type: application/xhtml+xml; charset=utf-8
Expires: Tue, 14 Jan 2020 20:44:12 GMT
Server: 
X-ASPNET-VERSION: 
X-POWERED-BY: 
Date: Tue, 14 Jan 2020 20:45:12 GMT
Connection: close
Content-Length: 2722
Strict-Transport-Security: max-age=16070400; includeSubDomains

<Txn><Transaction success="0" reco="05" responseText="DO NOT HONOUR" pxTxn="true"><Authorized>0</Authorized><ReCo>05</ReCo><RxDate>20200114204512</RxDate><RxDateLocal>20200114204512</RxDateLocal><LocalTimeZone>UTC</LocalTimeZone><MerchantReference>Scheduled auto payment for order 14619</MerchantReference><CardName>MasterCard</CardName><Retry>0</Retry><StatusRequired>0</StatusRequired><AuthCode></AuthCode><AmountBalance>0.00</AmountBalance><Amount>69.90</Amount><CurrencyId>554</CurrencyId><InputCurrencyId>554</InputCurrencyId><InputCurrencyName>NZD</InputCurrencyName><CurrencyRate>1.00</CurrencyRate><CurrencyName>NZD</CurrencyName><CardHolderName>MRS H R ROCHE</CardHolderName><DateSettlement>20200115</DateSettlement><TxnType>Purchase</TxnType><CardNumber>524651........27</CardNumber><TxnMac>C61C7165</TxnMac><DateExpiry>1023</DateExpiry><ProductId></ProductId><AcquirerDate>20200114</AcquirerDate><AcquirerTime>204512</AcquirerTime><AcquirerId>7</AcquirerId><Acquirer>ASB</Acquirer><AcquirerReCo>05</AcquirerReCo><AcquirerResponseText>DO NOT HONOUR</AcquirerResponseText><TestMode>0</TestMode><CardId>1</CardId><CardHolderResponseText>DECLINED (05)</CardHolderResponseText><CardHolderHelpText>The transaction was not approved</CardHolderHelpText><CardHolderResponseDescription>The transaction was not approved</CardHolderResponseDescription><MerchantResponseText>DO NOT HONOUR</MerchantResponseText><MerchantHelpText>The transaction was not approved</MerchantHelpText><MerchantResponseDescription>The transaction was not approved</MerchantResponseDescription><UrlFail></UrlFail><UrlSuccess></UrlSuccess><EnablePostResponse>0</EnablePostResponse><PxPayName></PxPayName><PxPayLogoSrc></PxPayLogoSrc><PxPayUserId></PxPayUserId><PxPayXsl></PxPayXsl><PxPayBgColor></PxPayBgColor><PxPayOptions></PxPayOptions><Cvc2ResultCode>NotUsed</Cvc2ResultCode><AcquirerPort>809582-80958201</AcquirerPort><AcquirerTxnRef>577510</AcquirerTxnRef><GroupAccount>2</GroupAccount><DpsTxnRef>0000000b5df816dd</DpsTxnRef><AllowRetry>0</AllowRetry><DpsBillingId>0000110340341112</DpsBillingId><PhoneNumber></PhoneNumber><AccountInfo></AccountInfo><BillingId>001571176787-67</BillingId><TransactionId>5df816dd</TransactionId><PxHostId>0000000b</PxHostId><RmReason></RmReason><RmReasonId>0000000000000000</RmReasonId><RiskScore>-1</RiskScore><RiskScoreText></RiskScoreText></Transaction><RuleName></RuleName><RmReason></RmReason><RmReasonId>0000000000000000</RmReasonId><RiskScore>-1</RiskScore><RiskScoreText></RiskScoreText><ReCo>05</ReCo><ResponseText>DO NOT HONOUR</ResponseText><HelpText>The transaction was not approved</HelpText><Success>0</Success><DpsTxnRef>0000000b5df816dd</DpsTxnRef><ICCResult></ICCResult><TxnRef></TxnRef></Txn>
                            [headers] => Requests_Response_Headers Object
                                (
                                    [data:protected] => Array
                                        (
                                            [cache-control] => Array
                                                (
                                                    [0] => private
                                                )

                                            [content-type] => Array
                                                (
                                                    [0] => application/xhtml+xml; charset=utf-8
                                                )

                                            [expires] => Array
                                                (
                                                    [0] => Tue, 14 Jan 2020 20:44:12 GMT
                                                )

                                            [server] => Array
                                                (
                                                    [0] => 
                                                )

                                            [x-aspnet-version] => Array
                                                (
                                                    [0] => 
                                                )

                                            [x-powered-by] => Array
                                                (
                                                    [0] => 
                                                )

                                            [date] => Array
                                                (
                                                    [0] => Tue, 14 Jan 2020 20:45:12 GMT
                                                )

                                            [content-length] => Array
                                                (
                                                    [0] => 2722
                                                )

                                            [strict-transport-security] => Array
                                                (
                                                    [0] => max-age=16070400; includeSubDomains
                                                )

                                        )

                                )

                            [status_code] => 200
                            [protocol_version] => 1.1
                            [success] => 1
                            [redirects] => 0
                            [url] => https://sec.paymentexpress.com/pxpost.aspx
                            [history] => Array
                                (
                                )

                            [cookies] => Requests_Cookie_Jar Object
                                (
                                    [cookies:protected] => Array
                                        (
                                        )

                                )

                        )

                    [filename:protected] => 
                    [data] => 
                    [headers] => 
                    [status] => 
                )

        )

)

01-15-2020 @ 09:45:13 - Array
(
    [pxpost server url] => https://sec.paymentexpress.com/pxpost.aspx
)

01-15-2020 @ 09:45:13 - Array
(
    [txn request] => <Txn><BillingId>001571176787-67</BillingId><PostUsername>HotShotBroadband</PostUsername><PostPassword>3Qo75sgT386</PostPassword><Amount>69.90</Amount><InputCurrency>NZD</InputCurrency><CardHolderName></CardHolderName><TxnType>Purchase</TxnType><MerchantReference>Scheduled auto payment for order 14619</MerchantReference></Txn>
)

01-15-2020 @ 09:45:13 - Array
(
    [Subscription renewal results] => '<Txn><Transaction success="0" reco="05" responseText="DO NOT HONOUR" pxTxn="true"><Authorized>0</Authorized><ReCo>05</ReCo><RxDate>20200114204512</RxDate><RxDateLocal>20200114204512</RxDateLocal><LocalTimeZone>UTC</LocalTimeZone><MerchantReference>Scheduled auto payment for order 14619</MerchantReference><CardName>MasterCard</CardName><Retry>0</Retry><StatusRequired>0</StatusRequired><AuthCode></AuthCode><AmountBalance>0.00</AmountBalance><Amount>69.90</Amount><CurrencyId>554</CurrencyId><InputCurrencyId>554</InputCurrencyId><InputCurrencyName>NZD</InputCurrencyName><CurrencyRate>1.00</CurrencyRate><CurrencyName>NZD</CurrencyName><CardHolderName>MRS H R ROCHE</CardHolderName><DateSettlement>20200115</DateSettlement><TxnType>Purchase</TxnType><CardNumber>524651........27</CardNumber><TxnMac>C61C7165</TxnMac><DateExpiry>1023</DateExpiry><ProductId></ProductId><AcquirerDate>20200114</AcquirerDate><AcquirerTime>204512</AcquirerTime><AcquirerId>7</AcquirerId><Acquirer>ASB</Acquirer><AcquirerReCo>05</AcquirerReCo><AcquirerResponseText>DO NOT HONOUR</AcquirerResponseText><TestMode>0</TestMode><CardId>1</CardId><CardHolderResponseText>DECLINED (05)</CardHolderResponseText><CardHolderHelpText>The transaction was not approved</CardHolderHelpText><CardHolderResponseDescription>The transaction was not approved</CardHolderResponseDescription><MerchantResponseText>DO NOT HONOUR</MerchantResponseText><MerchantHelpText>The transaction was not approved</MerchantHelpText><MerchantResponseDescription>The transaction was not approved</MerchantResponseDescription><UrlFail></UrlFail><UrlSuccess></UrlSuccess><EnablePostResponse>0</EnablePostResponse><PxPayName></PxPayName><PxPayLogoSrc></PxPayLogoSrc><PxPayUserId></PxPayUserId><PxPayXsl></PxPayXsl><PxPayBgColor></PxPayBgColor><PxPayOptions></PxPayOptions><Cvc2ResultCode>NotUsed</Cvc2ResultCode><AcquirerPort>809582-80958201</AcquirerPort><AcquirerTxnRef>577510</AcquirerTxnRef><GroupAccount>2</GroupAccount><DpsTxnRef>0000000b5df816dd</DpsTxnRef><AllowRetry>0</AllowRetry><DpsBillingId>0000110340341112</DpsBillingId><PhoneNumber></PhoneNumber><AccountInfo></AccountInfo><BillingId>001571176787-67</BillingId><TransactionId>5df816dd</TransactionId><PxHostId>0000000b</PxHostId><RmReason></RmReason><RmReasonId>0000000000000000</RmReasonId><RiskScore>-1</RiskScore><RiskScoreText></RiskScoreText></Transaction><RuleName></RuleName><RmReason></RmReason><RmReasonId>0000000000000000</RmReasonId><RiskScore>-1</RiskScore><RiskScoreText></RiskScoreText><ReCo>05</ReCo><ResponseText>DO NOT HONOUR</ResponseText><HelpText>The transaction was not approved</HelpText><Success>0</Success><DpsTxnRef>0000000b5df816dd</DpsTxnRef><ICCResult></ICCResult><TxnRef></TxnRef></Txn>'
)

01-15-2020 @ 10:44:21 - Array
(
    [userID and BillingId] => Array
        (
            [userid] => 44
            [BillingId] => 001569467093-44
        )

)

01-15-2020 @ 10:44:21 - Array
(
    [XML request] => <Txn><BillingId>001569467093-44</BillingId><PostUsername>HotShotBroadband</PostUsername><PostPassword>3Qo75sgT386</PostPassword><Amount>69.90</Amount><InputCurrency>NZD</InputCurrency><CardHolderName></CardHolderName><TxnType>Purchase</TxnType><MerchantReference>Scheduled auto payment for order 14627</MerchantReference></Txn>
)

01-15-2020 @ 10:44:22 - Array
(
    [requestProcess[851]>>>] => Array
        (
            [headers] => Requests_Utility_CaseInsensitiveDictionary Object
                (
                    [data:protected] => Array
                        (
                            [cache-control] => private
                            [content-type] => application/xhtml+xml; charset=utf-8
                            [expires] => Tue, 14 Jan 2020 21:43:22 GMT
                            [server] => 
                            [x-aspnet-version] => 
                            [x-powered-by] => 
                            [date] => Tue, 14 Jan 2020 21:44:22 GMT
                            [content-length] => 2669
                            [strict-transport-security] => max-age=16070400; includeSubDomains
                        )

                )

            [body] => <Txn><Transaction success="1" reco="00" responseText="APPROVED" pxTxn="true"><Authorized>1</Authorized><ReCo>00</ReCo><RxDate>20200114214422</RxDate><RxDateLocal>20200114214422</RxDateLocal><LocalTimeZone>UTC</LocalTimeZone><MerchantReference>Scheduled auto payment for order 14627</MerchantReference><CardName>Visa</CardName><Retry>0</Retry><StatusRequired>0</StatusRequired><AuthCode>362548</AuthCode><AmountBalance>0.00</AmountBalance><Amount>69.90</Amount><CurrencyId>554</CurrencyId><InputCurrencyId>554</InputCurrencyId><InputCurrencyName>NZD</InputCurrencyName><CurrencyRate>1.00</CurrencyRate><CurrencyName>NZD</CurrencyName><CardHolderName>R B PARTRIDGE</CardHolderName><DateSettlement>20200115</DateSettlement><TxnType>Purchase</TxnType><CardNumber>499916........18</CardNumber><TxnMac>DADEF83C</TxnMac><DateExpiry>1022</DateExpiry><ProductId></ProductId><AcquirerDate>20200114</AcquirerDate><AcquirerTime>214422</AcquirerTime><AcquirerId>7</AcquirerId><Acquirer>ASB</Acquirer><AcquirerReCo>00</AcquirerReCo><AcquirerResponseText>APPROVED</AcquirerResponseText><TestMode>0</TestMode><CardId>2</CardId><CardHolderResponseText>APPROVED</CardHolderResponseText><CardHolderHelpText>The Transaction was approved</CardHolderHelpText><CardHolderResponseDescription>The Transaction was approved</CardHolderResponseDescription><MerchantResponseText>APPROVED</MerchantResponseText><MerchantHelpText>The Transaction was approved</MerchantHelpText><MerchantResponseDescription>The Transaction was approved</MerchantResponseDescription><UrlFail></UrlFail><UrlSuccess></UrlSuccess><EnablePostResponse>0</EnablePostResponse><PxPayName></PxPayName><PxPayLogoSrc></PxPayLogoSrc><PxPayUserId></PxPayUserId><PxPayXsl></PxPayXsl><PxPayBgColor></PxPayBgColor><PxPayOptions></PxPayOptions><Cvc2ResultCode>NotUsed</Cvc2ResultCode><AcquirerPort>809582-80958201</AcquirerPort><AcquirerTxnRef>580530</AcquirerTxnRef><GroupAccount>2</GroupAccount><DpsTxnRef>0000000b5dfb0484</DpsTxnRef><AllowRetry>0</AllowRetry><DpsBillingId>0000110322753850</DpsBillingId><PhoneNumber></PhoneNumber><AccountInfo></AccountInfo><BillingId>001569467093-44</BillingId><TransactionId>5dfb0484</TransactionId><PxHostId>0000000b</PxHostId><RmReason></RmReason><RmReasonId>0000000000000000</RmReasonId><RiskScore>-1</RiskScore><RiskScoreText></RiskScoreText></Transaction><RuleName></RuleName><RmReason></RmReason><RmReasonId>0000000000000000</RmReasonId><RiskScore>-1</RiskScore><RiskScoreText></RiskScoreText><ReCo>00</ReCo><ResponseText>APPROVED</ResponseText><HelpText>Transaction Approved</HelpText><Success>1</Success><DpsTxnRef>0000000b5dfb0484</DpsTxnRef><ICCResult></ICCResult><TxnRef></TxnRef></Txn>
            [response] => Array
                (
                    [code] => 200
                    [message] => OK
                )

            [cookies] => Array
                (
                )

            [filename] => 
            [http_response] => WP_HTTP_Requests_Response Object
                (
                    [response:protected] => Requests_Response Object
                        (
                            [body] => <Txn><Transaction success="1" reco="00" responseText="APPROVED" pxTxn="true"><Authorized>1</Authorized><ReCo>00</ReCo><RxDate>20200114214422</RxDate><RxDateLocal>20200114214422</RxDateLocal><LocalTimeZone>UTC</LocalTimeZone><MerchantReference>Scheduled auto payment for order 14627</MerchantReference><CardName>Visa</CardName><Retry>0</Retry><StatusRequired>0</StatusRequired><AuthCode>362548</AuthCode><AmountBalance>0.00</AmountBalance><Amount>69.90</Amount><CurrencyId>554</CurrencyId><InputCurrencyId>554</InputCurrencyId><InputCurrencyName>NZD</InputCurrencyName><CurrencyRate>1.00</CurrencyRate><CurrencyName>NZD</CurrencyName><CardHolderName>R B PARTRIDGE</CardHolderName><DateSettlement>20200115</DateSettlement><TxnType>Purchase</TxnType><CardNumber>499916........18</CardNumber><TxnMac>DADEF83C</TxnMac><DateExpiry>1022</DateExpiry><ProductId></ProductId><AcquirerDate>20200114</AcquirerDate><AcquirerTime>214422</AcquirerTime><AcquirerId>7</AcquirerId><Acquirer>ASB</Acquirer><AcquirerReCo>00</AcquirerReCo><AcquirerResponseText>APPROVED</AcquirerResponseText><TestMode>0</TestMode><CardId>2</CardId><CardHolderResponseText>APPROVED</CardHolderResponseText><CardHolderHelpText>The Transaction was approved</CardHolderHelpText><CardHolderResponseDescription>The Transaction was approved</CardHolderResponseDescription><MerchantResponseText>APPROVED</MerchantResponseText><MerchantHelpText>The Transaction was approved</MerchantHelpText><MerchantResponseDescription>The Transaction was approved</MerchantResponseDescription><UrlFail></UrlFail><UrlSuccess></UrlSuccess><EnablePostResponse>0</EnablePostResponse><PxPayName></PxPayName><PxPayLogoSrc></PxPayLogoSrc><PxPayUserId></PxPayUserId><PxPayXsl></PxPayXsl><PxPayBgColor></PxPayBgColor><PxPayOptions></PxPayOptions><Cvc2ResultCode>NotUsed</Cvc2ResultCode><AcquirerPort>809582-80958201</AcquirerPort><AcquirerTxnRef>580530</AcquirerTxnRef><GroupAccount>2</GroupAccount><DpsTxnRef>0000000b5dfb0484</DpsTxnRef><AllowRetry>0</AllowRetry><DpsBillingId>0000110322753850</DpsBillingId><PhoneNumber></PhoneNumber><AccountInfo></AccountInfo><BillingId>001569467093-44</BillingId><TransactionId>5dfb0484</TransactionId><PxHostId>0000000b</PxHostId><RmReason></RmReason><RmReasonId>0000000000000000</RmReasonId><RiskScore>-1</RiskScore><RiskScoreText></RiskScoreText></Transaction><RuleName></RuleName><RmReason></RmReason><RmReasonId>0000000000000000</RmReasonId><RiskScore>-1</RiskScore><RiskScoreText></RiskScoreText><ReCo>00</ReCo><ResponseText>APPROVED</ResponseText><HelpText>Transaction Approved</HelpText><Success>1</Success><DpsTxnRef>0000000b5dfb0484</DpsTxnRef><ICCResult></ICCResult><TxnRef></TxnRef></Txn>
                            [raw] => HTTP/1.1 200 OK
Cache-Control: private
Content-Type: application/xhtml+xml; charset=utf-8
Expires: Tue, 14 Jan 2020 21:43:22 GMT
Server: 
X-ASPNET-VERSION: 
X-POWERED-BY: 
Date: Tue, 14 Jan 2020 21:44:22 GMT
Connection: close
Content-Length: 2669
Strict-Transport-Security: max-age=16070400; includeSubDomains

<Txn><Transaction success="1" reco="00" responseText="APPROVED" pxTxn="true"><Authorized>1</Authorized><ReCo>00</ReCo><RxDate>20200114214422</RxDate><RxDateLocal>20200114214422</RxDateLocal><LocalTimeZone>UTC</LocalTimeZone><MerchantReference>Scheduled auto payment for order 14627</MerchantReference><CardName>Visa</CardName><Retry>0</Retry><StatusRequired>0</StatusRequired><AuthCode>362548</AuthCode><AmountBalance>0.00</AmountBalance><Amount>69.90</Amount><CurrencyId>554</CurrencyId><InputCurrencyId>554</InputCurrencyId><InputCurrencyName>NZD</InputCurrencyName><CurrencyRate>1.00</CurrencyRate><CurrencyName>NZD</CurrencyName><CardHolderName>R B PARTRIDGE</CardHolderName><DateSettlement>20200115</DateSettlement><TxnType>Purchase</TxnType><CardNumber>499916........18</CardNumber><TxnMac>DADEF83C</TxnMac><DateExpiry>1022</DateExpiry><ProductId></ProductId><AcquirerDate>20200114</AcquirerDate><AcquirerTime>214422</AcquirerTime><AcquirerId>7</AcquirerId><Acquirer>ASB</Acquirer><AcquirerReCo>00</AcquirerReCo><AcquirerResponseText>APPROVED</AcquirerResponseText><TestMode>0</TestMode><CardId>2</CardId><CardHolderResponseText>APPROVED</CardHolderResponseText><CardHolderHelpText>The Transaction was approved</CardHolderHelpText><CardHolderResponseDescription>The Transaction was approved</CardHolderResponseDescription><MerchantResponseText>APPROVED</MerchantResponseText><MerchantHelpText>The Transaction was approved</MerchantHelpText><MerchantResponseDescription>The Transaction was approved</MerchantResponseDescription><UrlFail></UrlFail><UrlSuccess></UrlSuccess><EnablePostResponse>0</EnablePostResponse><PxPayName></PxPayName><PxPayLogoSrc></PxPayLogoSrc><PxPayUserId></PxPayUserId><PxPayXsl></PxPayXsl><PxPayBgColor></PxPayBgColor><PxPayOptions></PxPayOptions><Cvc2ResultCode>NotUsed</Cvc2ResultCode><AcquirerPort>809582-80958201</AcquirerPort><AcquirerTxnRef>580530</AcquirerTxnRef><GroupAccount>2</GroupAccount><DpsTxnRef>0000000b5dfb0484</DpsTxnRef><AllowRetry>0</AllowRetry><DpsBillingId>0000110322753850</DpsBillingId><PhoneNumber></PhoneNumber><AccountInfo></AccountInfo><BillingId>001569467093-44</BillingId><TransactionId>5dfb0484</TransactionId><PxHostId>0000000b</PxHostId><RmReason></RmReason><RmReasonId>0000000000000000</RmReasonId><RiskScore>-1</RiskScore><RiskScoreText></RiskScoreText></Transaction><RuleName></RuleName><RmReason></RmReason><RmReasonId>0000000000000000</RmReasonId><RiskScore>-1</RiskScore><RiskScoreText></RiskScoreText><ReCo>00</ReCo><ResponseText>APPROVED</ResponseText><HelpText>Transaction Approved</HelpText><Success>1</Success><DpsTxnRef>0000000b5dfb0484</DpsTxnRef><ICCResult></ICCResult><TxnRef></TxnRef></Txn>
                            [headers] => Requests_Response_Headers Object
                                (
                                    [data:protected] => Array
                                        (
                                            [cache-control] => Array
                                                (
                                                    [0] => private
                                                )

                                            [content-type] => Array
                                                (
                                                    [0] => application/xhtml+xml; charset=utf-8
                                                )

                                            [expires] => Array
                                                (
                                                    [0] => Tue, 14 Jan 2020 21:43:22 GMT
                                                )

                                            [server] => Array
                                                (
                                                    [0] => 
                                                )

                                            [x-aspnet-version] => Array
                                                (
                                                    [0] => 
                                                )

                                            [x-powered-by] => Array
                                                (
                                                    [0] => 
                                                )

                                            [date] => Array
                                                (
                                                    [0] => Tue, 14 Jan 2020 21:44:22 GMT
                                                )

                                            [content-length] => Array
                                                (
                                                    [0] => 2669
                                                )

                                            [strict-transport-security] => Array
                                                (
                                                    [0] => max-age=16070400; includeSubDomains
                                                )

                                        )

                                )

                            [status_code] => 200
                            [protocol_version] => 1.1
                            [success] => 1
                            [redirects] => 0
                            [url] => https://sec.paymentexpress.com/pxpost.aspx
                            [history] => Array
                                (
                                )

                            [cookies] => Requests_Cookie_Jar Object
                                (
                                    [cookies:protected] => Array
                                        (
                                        )

                                )

                        )

                    [filename:protected] => 
                    [data] => 
                    [headers] => 
                    [status] => 
                )

        )

)

01-15-2020 @ 10:44:22 - Array
(
    [pxpost server url] => https://sec.paymentexpress.com/pxpost.aspx
)

01-15-2020 @ 10:44:22 - Array
(
    [txn request] => <Txn><BillingId>001569467093-44</BillingId><PostUsername>HotShotBroadband</PostUsername><PostPassword>3Qo75sgT386</PostPassword><Amount>69.90</Amount><InputCurrency>NZD</InputCurrency><CardHolderName></CardHolderName><TxnType>Purchase</TxnType><MerchantReference>Scheduled auto payment for order 14627</MerchantReference></Txn>
)

01-15-2020 @ 10:44:22 - Array
(
    [Subscription renewal results] => '<Txn><Transaction success="1" reco="00" responseText="APPROVED" pxTxn="true"><Authorized>1</Authorized><ReCo>00</ReCo><RxDate>20200114214422</RxDate><RxDateLocal>20200114214422</RxDateLocal><LocalTimeZone>UTC</LocalTimeZone><MerchantReference>Scheduled auto payment for order 14627</MerchantReference><CardName>Visa</CardName><Retry>0</Retry><StatusRequired>0</StatusRequired><AuthCode>362548</AuthCode><AmountBalance>0.00</AmountBalance><Amount>69.90</Amount><CurrencyId>554</CurrencyId><InputCurrencyId>554</InputCurrencyId><InputCurrencyName>NZD</InputCurrencyName><CurrencyRate>1.00</CurrencyRate><CurrencyName>NZD</CurrencyName><CardHolderName>R B PARTRIDGE</CardHolderName><DateSettlement>20200115</DateSettlement><TxnType>Purchase</TxnType><CardNumber>499916........18</CardNumber><TxnMac>DADEF83C</TxnMac><DateExpiry>1022</DateExpiry><ProductId></ProductId><AcquirerDate>20200114</AcquirerDate><AcquirerTime>214422</AcquirerTime><AcquirerId>7</AcquirerId><Acquirer>ASB</Acquirer><AcquirerReCo>00</AcquirerReCo><AcquirerResponseText>APPROVED</AcquirerResponseText><TestMode>0</TestMode><CardId>2</CardId><CardHolderResponseText>APPROVED</CardHolderResponseText><CardHolderHelpText>The Transaction was approved</CardHolderHelpText><CardHolderResponseDescription>The Transaction was approved</CardHolderResponseDescription><MerchantResponseText>APPROVED</MerchantResponseText><MerchantHelpText>The Transaction was approved</MerchantHelpText><MerchantResponseDescription>The Transaction was approved</MerchantResponseDescription><UrlFail></UrlFail><UrlSuccess></UrlSuccess><EnablePostResponse>0</EnablePostResponse><PxPayName></PxPayName><PxPayLogoSrc></PxPayLogoSrc><PxPayUserId></PxPayUserId><PxPayXsl></PxPayXsl><PxPayBgColor></PxPayBgColor><PxPayOptions></PxPayOptions><Cvc2ResultCode>NotUsed</Cvc2ResultCode><AcquirerPort>809582-80958201</AcquirerPort><AcquirerTxnRef>580530</AcquirerTxnRef><GroupAccount>2</GroupAccount><DpsTxnRef>0000000b5dfb0484</DpsTxnRef><AllowRetry>0</AllowRetry><DpsBillingId>0000110322753850</DpsBillingId><PhoneNumber></PhoneNumber><AccountInfo></AccountInfo><BillingId>001569467093-44</BillingId><TransactionId>5dfb0484</TransactionId><PxHostId>0000000b</PxHostId><RmReason></RmReason><RmReasonId>0000000000000000</RmReasonId><RiskScore>-1</RiskScore><RiskScoreText></RiskScoreText></Transaction><RuleName></RuleName><RmReason></RmReason><RmReasonId>0000000000000000</RmReasonId><RiskScore>-1</RiskScore><RiskScoreText></RiskScoreText><ReCo>00</ReCo><ResponseText>APPROVED</ResponseText><HelpText>Transaction Approved</HelpText><Success>1</Success><DpsTxnRef>0000000b5dfb0484</DpsTxnRef><ICCResult></ICCResult><TxnRef></TxnRef></Txn>'
)

