01-09-2020 @ 09:10:40 - Array
(
    [userID and BillingId] => Array
        (
            [userid] => 119
            [BillingId] => 001575448862-119
        )

)

01-09-2020 @ 09:10:40 - Array
(
    [XML request] => <Txn><BillingId>001575448862-119</BillingId><PostUsername>HotShotBroadband</PostUsername><PostPassword>3Qo75sgT386</PostPassword><Amount>69.90</Amount><InputCurrency>NZD</InputCurrency><CardHolderName></CardHolderName><TxnType>Purchase</TxnType><MerchantReference>Scheduled auto payment for order 13971</MerchantReference></Txn>
)

01-09-2020 @ 09:10:41 - Array
(
    [requestProcess[851]>>>] => Array
        (
            [headers] => Requests_Utility_CaseInsensitiveDictionary Object
                (
                    [data:protected] => Array
                        (
                            [cache-control] => private
                            [content-type] => application/xhtml+xml; charset=utf-8
                            [expires] => Wed, 08 Jan 2020 20:09:40 GMT
                            [server] => 
                            [x-aspnet-version] => 
                            [x-powered-by] => 
                            [date] => Wed, 08 Jan 2020 20:10:40 GMT
                            [content-length] => 2667
                            [strict-transport-security] => max-age=16070400; includeSubDomains
                        )

                )

            [body] => <Txn><Transaction success="1" reco="00" responseText="APPROVED" pxTxn="true"><Authorized>1</Authorized><ReCo>00</ReCo><RxDate>20200108201040</RxDate><RxDateLocal>20200108201040</RxDateLocal><LocalTimeZone>UTC</LocalTimeZone><MerchantReference>Scheduled auto payment for order 13971</MerchantReference><CardName>Visa</CardName><Retry>0</Retry><StatusRequired>0</StatusRequired><AuthCode>434829</AuthCode><AmountBalance>0.00</AmountBalance><Amount>69.90</Amount><CurrencyId>554</CurrencyId><InputCurrencyId>554</InputCurrencyId><InputCurrencyName>NZD</InputCurrencyName><CurrencyRate>1.00</CurrencyRate><CurrencyName>NZD</CurrencyName><CardHolderName>JAN BARTOS</CardHolderName><DateSettlement>20200109</DateSettlement><TxnType>Purchase</TxnType><CardNumber>483561........39</CardNumber><TxnMac>77FEE8E3</TxnMac><DateExpiry>0523</DateExpiry><ProductId></ProductId><AcquirerDate>20200108</AcquirerDate><AcquirerTime>201040</AcquirerTime><AcquirerId>7</AcquirerId><Acquirer>ASB</Acquirer><AcquirerReCo>00</AcquirerReCo><AcquirerResponseText>APPROVED</AcquirerResponseText><TestMode>0</TestMode><CardId>2</CardId><CardHolderResponseText>APPROVED</CardHolderResponseText><CardHolderHelpText>The Transaction was approved</CardHolderHelpText><CardHolderResponseDescription>The Transaction was approved</CardHolderResponseDescription><MerchantResponseText>APPROVED</MerchantResponseText><MerchantHelpText>The Transaction was approved</MerchantHelpText><MerchantResponseDescription>The Transaction was approved</MerchantResponseDescription><UrlFail></UrlFail><UrlSuccess></UrlSuccess><EnablePostResponse>0</EnablePostResponse><PxPayName></PxPayName><PxPayLogoSrc></PxPayLogoSrc><PxPayUserId></PxPayUserId><PxPayXsl></PxPayXsl><PxPayBgColor></PxPayBgColor><PxPayOptions></PxPayOptions><Cvc2ResultCode>NotUsed</Cvc2ResultCode><AcquirerPort>809582-80958201</AcquirerPort><AcquirerTxnRef>881657</AcquirerTxnRef><GroupAccount>2</GroupAccount><DpsTxnRef>0000000b5cfc4091</DpsTxnRef><AllowRetry>0</AllowRetry><DpsBillingId>0000110380916156</DpsBillingId><PhoneNumber></PhoneNumber><AccountInfo></AccountInfo><BillingId>001575448862-119</BillingId><TransactionId>5cfc4091</TransactionId><PxHostId>0000000b</PxHostId><RmReason></RmReason><RmReasonId>0000000000000000</RmReasonId><RiskScore>-1</RiskScore><RiskScoreText></RiskScoreText></Transaction><RuleName></RuleName><RmReason></RmReason><RmReasonId>0000000000000000</RmReasonId><RiskScore>-1</RiskScore><RiskScoreText></RiskScoreText><ReCo>00</ReCo><ResponseText>APPROVED</ResponseText><HelpText>Transaction Approved</HelpText><Success>1</Success><DpsTxnRef>0000000b5cfc4091</DpsTxnRef><ICCResult></ICCResult><TxnRef></TxnRef></Txn>
            [response] => Array
                (
                    [code] => 200
                    [message] => OK
                )

            [cookies] => Array
                (
                )

            [filename] => 
            [http_response] => WP_HTTP_Requests_Response Object
                (
                    [response:protected] => Requests_Response Object
                        (
                            [body] => <Txn><Transaction success="1" reco="00" responseText="APPROVED" pxTxn="true"><Authorized>1</Authorized><ReCo>00</ReCo><RxDate>20200108201040</RxDate><RxDateLocal>20200108201040</RxDateLocal><LocalTimeZone>UTC</LocalTimeZone><MerchantReference>Scheduled auto payment for order 13971</MerchantReference><CardName>Visa</CardName><Retry>0</Retry><StatusRequired>0</StatusRequired><AuthCode>434829</AuthCode><AmountBalance>0.00</AmountBalance><Amount>69.90</Amount><CurrencyId>554</CurrencyId><InputCurrencyId>554</InputCurrencyId><InputCurrencyName>NZD</InputCurrencyName><CurrencyRate>1.00</CurrencyRate><CurrencyName>NZD</CurrencyName><CardHolderName>JAN BARTOS</CardHolderName><DateSettlement>20200109</DateSettlement><TxnType>Purchase</TxnType><CardNumber>483561........39</CardNumber><TxnMac>77FEE8E3</TxnMac><DateExpiry>0523</DateExpiry><ProductId></ProductId><AcquirerDate>20200108</AcquirerDate><AcquirerTime>201040</AcquirerTime><AcquirerId>7</AcquirerId><Acquirer>ASB</Acquirer><AcquirerReCo>00</AcquirerReCo><AcquirerResponseText>APPROVED</AcquirerResponseText><TestMode>0</TestMode><CardId>2</CardId><CardHolderResponseText>APPROVED</CardHolderResponseText><CardHolderHelpText>The Transaction was approved</CardHolderHelpText><CardHolderResponseDescription>The Transaction was approved</CardHolderResponseDescription><MerchantResponseText>APPROVED</MerchantResponseText><MerchantHelpText>The Transaction was approved</MerchantHelpText><MerchantResponseDescription>The Transaction was approved</MerchantResponseDescription><UrlFail></UrlFail><UrlSuccess></UrlSuccess><EnablePostResponse>0</EnablePostResponse><PxPayName></PxPayName><PxPayLogoSrc></PxPayLogoSrc><PxPayUserId></PxPayUserId><PxPayXsl></PxPayXsl><PxPayBgColor></PxPayBgColor><PxPayOptions></PxPayOptions><Cvc2ResultCode>NotUsed</Cvc2ResultCode><AcquirerPort>809582-80958201</AcquirerPort><AcquirerTxnRef>881657</AcquirerTxnRef><GroupAccount>2</GroupAccount><DpsTxnRef>0000000b5cfc4091</DpsTxnRef><AllowRetry>0</AllowRetry><DpsBillingId>0000110380916156</DpsBillingId><PhoneNumber></PhoneNumber><AccountInfo></AccountInfo><BillingId>001575448862-119</BillingId><TransactionId>5cfc4091</TransactionId><PxHostId>0000000b</PxHostId><RmReason></RmReason><RmReasonId>0000000000000000</RmReasonId><RiskScore>-1</RiskScore><RiskScoreText></RiskScoreText></Transaction><RuleName></RuleName><RmReason></RmReason><RmReasonId>0000000000000000</RmReasonId><RiskScore>-1</RiskScore><RiskScoreText></RiskScoreText><ReCo>00</ReCo><ResponseText>APPROVED</ResponseText><HelpText>Transaction Approved</HelpText><Success>1</Success><DpsTxnRef>0000000b5cfc4091</DpsTxnRef><ICCResult></ICCResult><TxnRef></TxnRef></Txn>
                            [raw] => HTTP/1.1 200 OK
Cache-Control: private
Content-Type: application/xhtml+xml; charset=utf-8
Expires: Wed, 08 Jan 2020 20:09:40 GMT
Server: 
X-ASPNET-VERSION: 
X-POWERED-BY: 
Date: Wed, 08 Jan 2020 20:10:40 GMT
Connection: close
Content-Length: 2667
Strict-Transport-Security: max-age=16070400; includeSubDomains

<Txn><Transaction success="1" reco="00" responseText="APPROVED" pxTxn="true"><Authorized>1</Authorized><ReCo>00</ReCo><RxDate>20200108201040</RxDate><RxDateLocal>20200108201040</RxDateLocal><LocalTimeZone>UTC</LocalTimeZone><MerchantReference>Scheduled auto payment for order 13971</MerchantReference><CardName>Visa</CardName><Retry>0</Retry><StatusRequired>0</StatusRequired><AuthCode>434829</AuthCode><AmountBalance>0.00</AmountBalance><Amount>69.90</Amount><CurrencyId>554</CurrencyId><InputCurrencyId>554</InputCurrencyId><InputCurrencyName>NZD</InputCurrencyName><CurrencyRate>1.00</CurrencyRate><CurrencyName>NZD</CurrencyName><CardHolderName>JAN BARTOS</CardHolderName><DateSettlement>20200109</DateSettlement><TxnType>Purchase</TxnType><CardNumber>483561........39</CardNumber><TxnMac>77FEE8E3</TxnMac><DateExpiry>0523</DateExpiry><ProductId></ProductId><AcquirerDate>20200108</AcquirerDate><AcquirerTime>201040</AcquirerTime><AcquirerId>7</AcquirerId><Acquirer>ASB</Acquirer><AcquirerReCo>00</AcquirerReCo><AcquirerResponseText>APPROVED</AcquirerResponseText><TestMode>0</TestMode><CardId>2</CardId><CardHolderResponseText>APPROVED</CardHolderResponseText><CardHolderHelpText>The Transaction was approved</CardHolderHelpText><CardHolderResponseDescription>The Transaction was approved</CardHolderResponseDescription><MerchantResponseText>APPROVED</MerchantResponseText><MerchantHelpText>The Transaction was approved</MerchantHelpText><MerchantResponseDescription>The Transaction was approved</MerchantResponseDescription><UrlFail></UrlFail><UrlSuccess></UrlSuccess><EnablePostResponse>0</EnablePostResponse><PxPayName></PxPayName><PxPayLogoSrc></PxPayLogoSrc><PxPayUserId></PxPayUserId><PxPayXsl></PxPayXsl><PxPayBgColor></PxPayBgColor><PxPayOptions></PxPayOptions><Cvc2ResultCode>NotUsed</Cvc2ResultCode><AcquirerPort>809582-80958201</AcquirerPort><AcquirerTxnRef>881657</AcquirerTxnRef><GroupAccount>2</GroupAccount><DpsTxnRef>0000000b5cfc4091</DpsTxnRef><AllowRetry>0</AllowRetry><DpsBillingId>0000110380916156</DpsBillingId><PhoneNumber></PhoneNumber><AccountInfo></AccountInfo><BillingId>001575448862-119</BillingId><TransactionId>5cfc4091</TransactionId><PxHostId>0000000b</PxHostId><RmReason></RmReason><RmReasonId>0000000000000000</RmReasonId><RiskScore>-1</RiskScore><RiskScoreText></RiskScoreText></Transaction><RuleName></RuleName><RmReason></RmReason><RmReasonId>0000000000000000</RmReasonId><RiskScore>-1</RiskScore><RiskScoreText></RiskScoreText><ReCo>00</ReCo><ResponseText>APPROVED</ResponseText><HelpText>Transaction Approved</HelpText><Success>1</Success><DpsTxnRef>0000000b5cfc4091</DpsTxnRef><ICCResult></ICCResult><TxnRef></TxnRef></Txn>
                            [headers] => Requests_Response_Headers Object
                                (
                                    [data:protected] => Array
                                        (
                                            [cache-control] => Array
                                                (
                                                    [0] => private
                                                )

                                            [content-type] => Array
                                                (
                                                    [0] => application/xhtml+xml; charset=utf-8
                                                )

                                            [expires] => Array
                                                (
                                                    [0] => Wed, 08 Jan 2020 20:09:40 GMT
                                                )

                                            [server] => Array
                                                (
                                                    [0] => 
                                                )

                                            [x-aspnet-version] => Array
                                                (
                                                    [0] => 
                                                )

                                            [x-powered-by] => Array
                                                (
                                                    [0] => 
                                                )

                                            [date] => Array
                                                (
                                                    [0] => Wed, 08 Jan 2020 20:10:40 GMT
                                                )

                                            [content-length] => Array
                                                (
                                                    [0] => 2667
                                                )

                                            [strict-transport-security] => Array
                                                (
                                                    [0] => max-age=16070400; includeSubDomains
                                                )

                                        )

                                )

                            [status_code] => 200
                            [protocol_version] => 1.1
                            [success] => 1
                            [redirects] => 0
                            [url] => https://sec.paymentexpress.com/pxpost.aspx
                            [history] => Array
                                (
                                )

                            [cookies] => Requests_Cookie_Jar Object
                                (
                                    [cookies:protected] => Array
                                        (
                                        )

                                )

                        )

                    [filename:protected] => 
                    [data] => 
                    [headers] => 
                    [status] => 
                )

        )

)

01-09-2020 @ 09:10:41 - Array
(
    [pxpost server url] => https://sec.paymentexpress.com/pxpost.aspx
)

01-09-2020 @ 09:10:41 - Array
(
    [txn request] => <Txn><BillingId>001575448862-119</BillingId><PostUsername>HotShotBroadband</PostUsername><PostPassword>3Qo75sgT386</PostPassword><Amount>69.90</Amount><InputCurrency>NZD</InputCurrency><CardHolderName></CardHolderName><TxnType>Purchase</TxnType><MerchantReference>Scheduled auto payment for order 13971</MerchantReference></Txn>
)

01-09-2020 @ 09:10:41 - Array
(
    [Subscription renewal results] => '<Txn><Transaction success="1" reco="00" responseText="APPROVED" pxTxn="true"><Authorized>1</Authorized><ReCo>00</ReCo><RxDate>20200108201040</RxDate><RxDateLocal>20200108201040</RxDateLocal><LocalTimeZone>UTC</LocalTimeZone><MerchantReference>Scheduled auto payment for order 13971</MerchantReference><CardName>Visa</CardName><Retry>0</Retry><StatusRequired>0</StatusRequired><AuthCode>434829</AuthCode><AmountBalance>0.00</AmountBalance><Amount>69.90</Amount><CurrencyId>554</CurrencyId><InputCurrencyId>554</InputCurrencyId><InputCurrencyName>NZD</InputCurrencyName><CurrencyRate>1.00</CurrencyRate><CurrencyName>NZD</CurrencyName><CardHolderName>JAN BARTOS</CardHolderName><DateSettlement>20200109</DateSettlement><TxnType>Purchase</TxnType><CardNumber>483561........39</CardNumber><TxnMac>77FEE8E3</TxnMac><DateExpiry>0523</DateExpiry><ProductId></ProductId><AcquirerDate>20200108</AcquirerDate><AcquirerTime>201040</AcquirerTime><AcquirerId>7</AcquirerId><Acquirer>ASB</Acquirer><AcquirerReCo>00</AcquirerReCo><AcquirerResponseText>APPROVED</AcquirerResponseText><TestMode>0</TestMode><CardId>2</CardId><CardHolderResponseText>APPROVED</CardHolderResponseText><CardHolderHelpText>The Transaction was approved</CardHolderHelpText><CardHolderResponseDescription>The Transaction was approved</CardHolderResponseDescription><MerchantResponseText>APPROVED</MerchantResponseText><MerchantHelpText>The Transaction was approved</MerchantHelpText><MerchantResponseDescription>The Transaction was approved</MerchantResponseDescription><UrlFail></UrlFail><UrlSuccess></UrlSuccess><EnablePostResponse>0</EnablePostResponse><PxPayName></PxPayName><PxPayLogoSrc></PxPayLogoSrc><PxPayUserId></PxPayUserId><PxPayXsl></PxPayXsl><PxPayBgColor></PxPayBgColor><PxPayOptions></PxPayOptions><Cvc2ResultCode>NotUsed</Cvc2ResultCode><AcquirerPort>809582-80958201</AcquirerPort><AcquirerTxnRef>881657</AcquirerTxnRef><GroupAccount>2</GroupAccount><DpsTxnRef>0000000b5cfc4091</DpsTxnRef><AllowRetry>0</AllowRetry><DpsBillingId>0000110380916156</DpsBillingId><PhoneNumber></PhoneNumber><AccountInfo></AccountInfo><BillingId>001575448862-119</BillingId><TransactionId>5cfc4091</TransactionId><PxHostId>0000000b</PxHostId><RmReason></RmReason><RmReasonId>0000000000000000</RmReasonId><RiskScore>-1</RiskScore><RiskScoreText></RiskScoreText></Transaction><RuleName></RuleName><RmReason></RmReason><RmReasonId>0000000000000000</RmReasonId><RiskScore>-1</RiskScore><RiskScoreText></RiskScoreText><ReCo>00</ReCo><ResponseText>APPROVED</ResponseText><HelpText>Transaction Approved</HelpText><Success>1</Success><DpsTxnRef>0000000b5cfc4091</DpsTxnRef><ICCResult></ICCResult><TxnRef></TxnRef></Txn>'
)

01-09-2020 @ 09:12:48 - Array
(
    [userID and BillingId] => Array
        (
            [userid] => 95
            [BillingId] => 001573500836-95
        )

)

01-09-2020 @ 09:12:48 - Array
(
    [XML request] => <Txn><BillingId>001573500836-95</BillingId><PostUsername>HotShotBroadband</PostUsername><PostPassword>3Qo75sgT386</PostPassword><Amount>69.90</Amount><InputCurrency>NZD</InputCurrency><CardHolderName></CardHolderName><TxnType>Purchase</TxnType><MerchantReference>Scheduled auto payment for order 13985</MerchantReference></Txn>
)

01-09-2020 @ 09:12:50 - Array
(
    [requestProcess[851]>>>] => Array
        (
            [headers] => Requests_Utility_CaseInsensitiveDictionary Object
                (
                    [data:protected] => Array
                        (
                            [cache-control] => private
                            [content-type] => application/xhtml+xml; charset=utf-8
                            [expires] => Wed, 08 Jan 2020 20:11:49 GMT
                            [server] => 
                            [x-aspnet-version] => 
                            [x-powered-by] => 
                            [date] => Wed, 08 Jan 2020 20:12:49 GMT
                            [content-length] => 2675
                            [strict-transport-security] => max-age=16070400; includeSubDomains
                        )

                )

            [body] => <Txn><Transaction success="1" reco="00" responseText="APPROVED" pxTxn="true"><Authorized>1</Authorized><ReCo>00</ReCo><RxDate>20200108201249</RxDate><RxDateLocal>20200108201249</RxDateLocal><LocalTimeZone>UTC</LocalTimeZone><MerchantReference>Scheduled auto payment for order 13985</MerchantReference><CardName>MasterCard</CardName><Retry>0</Retry><StatusRequired>0</StatusRequired><AuthCode>591108</AuthCode><AmountBalance>0.00</AmountBalance><Amount>69.90</Amount><CurrencyId>554</CurrencyId><InputCurrencyId>554</InputCurrencyId><InputCurrencyName>NZD</InputCurrencyName><CurrencyRate>1.00</CurrencyRate><CurrencyName>NZD</CurrencyName><CardHolderName>AYDEN MCGOWAN</CardHolderName><DateSettlement>20200109</DateSettlement><TxnType>Purchase</TxnType><CardNumber>537434........82</CardNumber><TxnMac>6EA11E24</TxnMac><DateExpiry>0322</DateExpiry><ProductId></ProductId><AcquirerDate>20200108</AcquirerDate><AcquirerTime>201249</AcquirerTime><AcquirerId>7</AcquirerId><Acquirer>ASB</Acquirer><AcquirerReCo>00</AcquirerReCo><AcquirerResponseText>APPROVED</AcquirerResponseText><TestMode>0</TestMode><CardId>1</CardId><CardHolderResponseText>APPROVED</CardHolderResponseText><CardHolderHelpText>The Transaction was approved</CardHolderHelpText><CardHolderResponseDescription>The Transaction was approved</CardHolderResponseDescription><MerchantResponseText>APPROVED</MerchantResponseText><MerchantHelpText>The Transaction was approved</MerchantHelpText><MerchantResponseDescription>The Transaction was approved</MerchantResponseDescription><UrlFail></UrlFail><UrlSuccess></UrlSuccess><EnablePostResponse>0</EnablePostResponse><PxPayName></PxPayName><PxPayLogoSrc></PxPayLogoSrc><PxPayUserId></PxPayUserId><PxPayXsl></PxPayXsl><PxPayBgColor></PxPayBgColor><PxPayOptions></PxPayOptions><Cvc2ResultCode>NotUsed</Cvc2ResultCode><AcquirerPort>809582-80958201</AcquirerPort><AcquirerTxnRef>881728</AcquirerTxnRef><GroupAccount>2</GroupAccount><DpsTxnRef>0000000b5cfc52d2</DpsTxnRef><AllowRetry>0</AllowRetry><DpsBillingId>0000110364576370</DpsBillingId><PhoneNumber></PhoneNumber><AccountInfo></AccountInfo><BillingId>001573500836-95</BillingId><TransactionId>5cfc52d2</TransactionId><PxHostId>0000000b</PxHostId><RmReason></RmReason><RmReasonId>0000000000000000</RmReasonId><RiskScore>-1</RiskScore><RiskScoreText></RiskScoreText></Transaction><RuleName></RuleName><RmReason></RmReason><RmReasonId>0000000000000000</RmReasonId><RiskScore>-1</RiskScore><RiskScoreText></RiskScoreText><ReCo>00</ReCo><ResponseText>APPROVED</ResponseText><HelpText>Transaction Approved</HelpText><Success>1</Success><DpsTxnRef>0000000b5cfc52d2</DpsTxnRef><ICCResult></ICCResult><TxnRef></TxnRef></Txn>
            [response] => Array
                (
                    [code] => 200
                    [message] => OK
                )

            [cookies] => Array
                (
                )

            [filename] => 
            [http_response] => WP_HTTP_Requests_Response Object
                (
                    [response:protected] => Requests_Response Object
                        (
                            [body] => <Txn><Transaction success="1" reco="00" responseText="APPROVED" pxTxn="true"><Authorized>1</Authorized><ReCo>00</ReCo><RxDate>20200108201249</RxDate><RxDateLocal>20200108201249</RxDateLocal><LocalTimeZone>UTC</LocalTimeZone><MerchantReference>Scheduled auto payment for order 13985</MerchantReference><CardName>MasterCard</CardName><Retry>0</Retry><StatusRequired>0</StatusRequired><AuthCode>591108</AuthCode><AmountBalance>0.00</AmountBalance><Amount>69.90</Amount><CurrencyId>554</CurrencyId><InputCurrencyId>554</InputCurrencyId><InputCurrencyName>NZD</InputCurrencyName><CurrencyRate>1.00</CurrencyRate><CurrencyName>NZD</CurrencyName><CardHolderName>AYDEN MCGOWAN</CardHolderName><DateSettlement>20200109</DateSettlement><TxnType>Purchase</TxnType><CardNumber>537434........82</CardNumber><TxnMac>6EA11E24</TxnMac><DateExpiry>0322</DateExpiry><ProductId></ProductId><AcquirerDate>20200108</AcquirerDate><AcquirerTime>201249</AcquirerTime><AcquirerId>7</AcquirerId><Acquirer>ASB</Acquirer><AcquirerReCo>00</AcquirerReCo><AcquirerResponseText>APPROVED</AcquirerResponseText><TestMode>0</TestMode><CardId>1</CardId><CardHolderResponseText>APPROVED</CardHolderResponseText><CardHolderHelpText>The Transaction was approved</CardHolderHelpText><CardHolderResponseDescription>The Transaction was approved</CardHolderResponseDescription><MerchantResponseText>APPROVED</MerchantResponseText><MerchantHelpText>The Transaction was approved</MerchantHelpText><MerchantResponseDescription>The Transaction was approved</MerchantResponseDescription><UrlFail></UrlFail><UrlSuccess></UrlSuccess><EnablePostResponse>0</EnablePostResponse><PxPayName></PxPayName><PxPayLogoSrc></PxPayLogoSrc><PxPayUserId></PxPayUserId><PxPayXsl></PxPayXsl><PxPayBgColor></PxPayBgColor><PxPayOptions></PxPayOptions><Cvc2ResultCode>NotUsed</Cvc2ResultCode><AcquirerPort>809582-80958201</AcquirerPort><AcquirerTxnRef>881728</AcquirerTxnRef><GroupAccount>2</GroupAccount><DpsTxnRef>0000000b5cfc52d2</DpsTxnRef><AllowRetry>0</AllowRetry><DpsBillingId>0000110364576370</DpsBillingId><PhoneNumber></PhoneNumber><AccountInfo></AccountInfo><BillingId>001573500836-95</BillingId><TransactionId>5cfc52d2</TransactionId><PxHostId>0000000b</PxHostId><RmReason></RmReason><RmReasonId>0000000000000000</RmReasonId><RiskScore>-1</RiskScore><RiskScoreText></RiskScoreText></Transaction><RuleName></RuleName><RmReason></RmReason><RmReasonId>0000000000000000</RmReasonId><RiskScore>-1</RiskScore><RiskScoreText></RiskScoreText><ReCo>00</ReCo><ResponseText>APPROVED</ResponseText><HelpText>Transaction Approved</HelpText><Success>1</Success><DpsTxnRef>0000000b5cfc52d2</DpsTxnRef><ICCResult></ICCResult><TxnRef></TxnRef></Txn>
                            [raw] => HTTP/1.1 200 OK
Cache-Control: private
Content-Type: application/xhtml+xml; charset=utf-8
Expires: Wed, 08 Jan 2020 20:11:49 GMT
Server: 
X-ASPNET-VERSION: 
X-POWERED-BY: 
Date: Wed, 08 Jan 2020 20:12:49 GMT
Connection: close
Content-Length: 2675
Strict-Transport-Security: max-age=16070400; includeSubDomains

<Txn><Transaction success="1" reco="00" responseText="APPROVED" pxTxn="true"><Authorized>1</Authorized><ReCo>00</ReCo><RxDate>20200108201249</RxDate><RxDateLocal>20200108201249</RxDateLocal><LocalTimeZone>UTC</LocalTimeZone><MerchantReference>Scheduled auto payment for order 13985</MerchantReference><CardName>MasterCard</CardName><Retry>0</Retry><StatusRequired>0</StatusRequired><AuthCode>591108</AuthCode><AmountBalance>0.00</AmountBalance><Amount>69.90</Amount><CurrencyId>554</CurrencyId><InputCurrencyId>554</InputCurrencyId><InputCurrencyName>NZD</InputCurrencyName><CurrencyRate>1.00</CurrencyRate><CurrencyName>NZD</CurrencyName><CardHolderName>AYDEN MCGOWAN</CardHolderName><DateSettlement>20200109</DateSettlement><TxnType>Purchase</TxnType><CardNumber>537434........82</CardNumber><TxnMac>6EA11E24</TxnMac><DateExpiry>0322</DateExpiry><ProductId></ProductId><AcquirerDate>20200108</AcquirerDate><AcquirerTime>201249</AcquirerTime><AcquirerId>7</AcquirerId><Acquirer>ASB</Acquirer><AcquirerReCo>00</AcquirerReCo><AcquirerResponseText>APPROVED</AcquirerResponseText><TestMode>0</TestMode><CardId>1</CardId><CardHolderResponseText>APPROVED</CardHolderResponseText><CardHolderHelpText>The Transaction was approved</CardHolderHelpText><CardHolderResponseDescription>The Transaction was approved</CardHolderResponseDescription><MerchantResponseText>APPROVED</MerchantResponseText><MerchantHelpText>The Transaction was approved</MerchantHelpText><MerchantResponseDescription>The Transaction was approved</MerchantResponseDescription><UrlFail></UrlFail><UrlSuccess></UrlSuccess><EnablePostResponse>0</EnablePostResponse><PxPayName></PxPayName><PxPayLogoSrc></PxPayLogoSrc><PxPayUserId></PxPayUserId><PxPayXsl></PxPayXsl><PxPayBgColor></PxPayBgColor><PxPayOptions></PxPayOptions><Cvc2ResultCode>NotUsed</Cvc2ResultCode><AcquirerPort>809582-80958201</AcquirerPort><AcquirerTxnRef>881728</AcquirerTxnRef><GroupAccount>2</GroupAccount><DpsTxnRef>0000000b5cfc52d2</DpsTxnRef><AllowRetry>0</AllowRetry><DpsBillingId>0000110364576370</DpsBillingId><PhoneNumber></PhoneNumber><AccountInfo></AccountInfo><BillingId>001573500836-95</BillingId><TransactionId>5cfc52d2</TransactionId><PxHostId>0000000b</PxHostId><RmReason></RmReason><RmReasonId>0000000000000000</RmReasonId><RiskScore>-1</RiskScore><RiskScoreText></RiskScoreText></Transaction><RuleName></RuleName><RmReason></RmReason><RmReasonId>0000000000000000</RmReasonId><RiskScore>-1</RiskScore><RiskScoreText></RiskScoreText><ReCo>00</ReCo><ResponseText>APPROVED</ResponseText><HelpText>Transaction Approved</HelpText><Success>1</Success><DpsTxnRef>0000000b5cfc52d2</DpsTxnRef><ICCResult></ICCResult><TxnRef></TxnRef></Txn>
                            [headers] => Requests_Response_Headers Object
                                (
                                    [data:protected] => Array
                                        (
                                            [cache-control] => Array
                                                (
                                                    [0] => private
                                                )

                                            [content-type] => Array
                                                (
                                                    [0] => application/xhtml+xml; charset=utf-8
                                                )

                                            [expires] => Array
                                                (
                                                    [0] => Wed, 08 Jan 2020 20:11:49 GMT
                                                )

                                            [server] => Array
                                                (
                                                    [0] => 
                                                )

                                            [x-aspnet-version] => Array
                                                (
                                                    [0] => 
                                                )

                                            [x-powered-by] => Array
                                                (
                                                    [0] => 
                                                )

                                            [date] => Array
                                                (
                                                    [0] => Wed, 08 Jan 2020 20:12:49 GMT
                                                )

                                            [content-length] => Array
                                                (
                                                    [0] => 2675
                                                )

                                            [strict-transport-security] => Array
                                                (
                                                    [0] => max-age=16070400; includeSubDomains
                                                )

                                        )

                                )

                            [status_code] => 200
                            [protocol_version] => 1.1
                            [success] => 1
                            [redirects] => 0
                            [url] => https://sec.paymentexpress.com/pxpost.aspx
                            [history] => Array
                                (
                                )

                            [cookies] => Requests_Cookie_Jar Object
                                (
                                    [cookies:protected] => Array
                                        (
                                        )

                                )

                        )

                    [filename:protected] => 
                    [data] => 
                    [headers] => 
                    [status] => 
                )

        )

)

01-09-2020 @ 09:12:50 - Array
(
    [pxpost server url] => https://sec.paymentexpress.com/pxpost.aspx
)

01-09-2020 @ 09:12:50 - Array
(
    [txn request] => <Txn><BillingId>001573500836-95</BillingId><PostUsername>HotShotBroadband</PostUsername><PostPassword>3Qo75sgT386</PostPassword><Amount>69.90</Amount><InputCurrency>NZD</InputCurrency><CardHolderName></CardHolderName><TxnType>Purchase</TxnType><MerchantReference>Scheduled auto payment for order 13985</MerchantReference></Txn>
)

01-09-2020 @ 09:12:50 - Array
(
    [Subscription renewal results] => '<Txn><Transaction success="1" reco="00" responseText="APPROVED" pxTxn="true"><Authorized>1</Authorized><ReCo>00</ReCo><RxDate>20200108201249</RxDate><RxDateLocal>20200108201249</RxDateLocal><LocalTimeZone>UTC</LocalTimeZone><MerchantReference>Scheduled auto payment for order 13985</MerchantReference><CardName>MasterCard</CardName><Retry>0</Retry><StatusRequired>0</StatusRequired><AuthCode>591108</AuthCode><AmountBalance>0.00</AmountBalance><Amount>69.90</Amount><CurrencyId>554</CurrencyId><InputCurrencyId>554</InputCurrencyId><InputCurrencyName>NZD</InputCurrencyName><CurrencyRate>1.00</CurrencyRate><CurrencyName>NZD</CurrencyName><CardHolderName>AYDEN MCGOWAN</CardHolderName><DateSettlement>20200109</DateSettlement><TxnType>Purchase</TxnType><CardNumber>537434........82</CardNumber><TxnMac>6EA11E24</TxnMac><DateExpiry>0322</DateExpiry><ProductId></ProductId><AcquirerDate>20200108</AcquirerDate><AcquirerTime>201249</AcquirerTime><AcquirerId>7</AcquirerId><Acquirer>ASB</Acquirer><AcquirerReCo>00</AcquirerReCo><AcquirerResponseText>APPROVED</AcquirerResponseText><TestMode>0</TestMode><CardId>1</CardId><CardHolderResponseText>APPROVED</CardHolderResponseText><CardHolderHelpText>The Transaction was approved</CardHolderHelpText><CardHolderResponseDescription>The Transaction was approved</CardHolderResponseDescription><MerchantResponseText>APPROVED</MerchantResponseText><MerchantHelpText>The Transaction was approved</MerchantHelpText><MerchantResponseDescription>The Transaction was approved</MerchantResponseDescription><UrlFail></UrlFail><UrlSuccess></UrlSuccess><EnablePostResponse>0</EnablePostResponse><PxPayName></PxPayName><PxPayLogoSrc></PxPayLogoSrc><PxPayUserId></PxPayUserId><PxPayXsl></PxPayXsl><PxPayBgColor></PxPayBgColor><PxPayOptions></PxPayOptions><Cvc2ResultCode>NotUsed</Cvc2ResultCode><AcquirerPort>809582-80958201</AcquirerPort><AcquirerTxnRef>881728</AcquirerTxnRef><GroupAccount>2</GroupAccount><DpsTxnRef>0000000b5cfc52d2</DpsTxnRef><AllowRetry>0</AllowRetry><DpsBillingId>0000110364576370</DpsBillingId><PhoneNumber></PhoneNumber><AccountInfo></AccountInfo><BillingId>001573500836-95</BillingId><TransactionId>5cfc52d2</TransactionId><PxHostId>0000000b</PxHostId><RmReason></RmReason><RmReasonId>0000000000000000</RmReasonId><RiskScore>-1</RiskScore><RiskScoreText></RiskScoreText></Transaction><RuleName></RuleName><RmReason></RmReason><RmReasonId>0000000000000000</RmReasonId><RiskScore>-1</RiskScore><RiskScoreText></RiskScoreText><ReCo>00</ReCo><ResponseText>APPROVED</ResponseText><HelpText>Transaction Approved</HelpText><Success>1</Success><DpsTxnRef>0000000b5cfc52d2</DpsTxnRef><ICCResult></ICCResult><TxnRef></TxnRef></Txn>'
)

