03-30-2020 @ 14:38:08 - Array
(
    [userID and BillingId] => Array
        (
            [userid] => 260
            [BillingId] => 001582709447-260
        )

)

03-30-2020 @ 14:38:08 - Array
(
    [XML request] => <Txn><BillingId>001582709447-260</BillingId><PostUsername>HotShotBroadband</PostUsername><PostPassword>3Qo75sgT386</PostPassword><Amount>69.90</Amount><InputCurrency>NZD</InputCurrency><CardHolderName></CardHolderName><TxnType>Purchase</TxnType><MerchantReference>Scheduled auto payment for order 23016</MerchantReference></Txn>
)

03-30-2020 @ 14:38:10 - Array
(
    [requestProcess[851]>>>] => Array
        (
            [headers] => Requests_Utility_CaseInsensitiveDictionary Object
                (
                    [data:protected] => Array
                        (
                            [cache-control] => private
                            [content-type] => application/xhtml+xml; charset=utf-8
                            [expires] => Mon, 30 Mar 2020 01:37:09 GMT
                            [server] => 
                            [x-aspnet-version] => 
                            [x-powered-by] => 
                            [date] => Mon, 30 Mar 2020 01:38:09 GMT
                            [content-length] => 2662
                            [strict-transport-security] => max-age=16070400; includeSubDomains
                        )

                )

            [body] => <Txn><Transaction success="1" reco="00" responseText="APPROVED" pxTxn="true"><Authorized>1</Authorized><ReCo>00</ReCo><RxDate>20200330013808</RxDate><RxDateLocal>20200330013808</RxDateLocal><LocalTimeZone>UTC</LocalTimeZone><MerchantReference>Scheduled auto payment for order 23016</MerchantReference><CardName>Visa</CardName><Retry>0</Retry><StatusRequired>0</StatusRequired><AuthCode>732657</AuthCode><AmountBalance>0.00</AmountBalance><Amount>69.90</Amount><CurrencyId>554</CurrencyId><InputCurrencyId>554</InputCurrencyId><InputCurrencyName>NZD</InputCurrencyName><CurrencyRate>1.00</CurrencyRate><CurrencyName>NZD</CurrencyName><CardHolderName>P GUO</CardHolderName><DateSettlement>20200330</DateSettlement><TxnType>Purchase</TxnType><CardNumber>483561........85</CardNumber><TxnMac>B758E50E</TxnMac><DateExpiry>0224</DateExpiry><ProductId></ProductId><AcquirerDate>20200330</AcquirerDate><AcquirerTime>013808</AcquirerTime><AcquirerId>7</AcquirerId><Acquirer>ASB</Acquirer><AcquirerReCo>00</AcquirerReCo><AcquirerResponseText>APPROVED</AcquirerResponseText><TestMode>0</TestMode><CardId>2</CardId><CardHolderResponseText>APPROVED</CardHolderResponseText><CardHolderHelpText>The Transaction was approved</CardHolderHelpText><CardHolderResponseDescription>The Transaction was approved</CardHolderResponseDescription><MerchantResponseText>APPROVED</MerchantResponseText><MerchantHelpText>The Transaction was approved</MerchantHelpText><MerchantResponseDescription>The Transaction was approved</MerchantResponseDescription><UrlFail></UrlFail><UrlSuccess></UrlSuccess><EnablePostResponse>0</EnablePostResponse><PxPayName></PxPayName><PxPayLogoSrc></PxPayLogoSrc><PxPayUserId></PxPayUserId><PxPayXsl></PxPayXsl><PxPayBgColor></PxPayBgColor><PxPayOptions></PxPayOptions><Cvc2ResultCode>NotUsed</Cvc2ResultCode><AcquirerPort>809582-80958201</AcquirerPort><AcquirerTxnRef>903735</AcquirerTxnRef><GroupAccount>2</GroupAccount><DpsTxnRef>0000000b6a301afd</DpsTxnRef><AllowRetry>0</AllowRetry><DpsBillingId>0000110411065479</DpsBillingId><PhoneNumber></PhoneNumber><AccountInfo></AccountInfo><BillingId>001582709447-260</BillingId><TransactionId>6a301afd</TransactionId><PxHostId>0000000b</PxHostId><RmReason></RmReason><RmReasonId>0000000000000000</RmReasonId><RiskScore>-1</RiskScore><RiskScoreText></RiskScoreText></Transaction><RuleName></RuleName><RmReason></RmReason><RmReasonId>0000000000000000</RmReasonId><RiskScore>-1</RiskScore><RiskScoreText></RiskScoreText><ReCo>00</ReCo><ResponseText>APPROVED</ResponseText><HelpText>Transaction Approved</HelpText><Success>1</Success><DpsTxnRef>0000000b6a301afd</DpsTxnRef><ICCResult></ICCResult><TxnRef></TxnRef></Txn>
            [response] => Array
                (
                    [code] => 200
                    [message] => OK
                )

            [cookies] => Array
                (
                )

            [filename] => 
            [http_response] => WP_HTTP_Requests_Response Object
                (
                    [response:protected] => Requests_Response Object
                        (
                            [body] => <Txn><Transaction success="1" reco="00" responseText="APPROVED" pxTxn="true"><Authorized>1</Authorized><ReCo>00</ReCo><RxDate>20200330013808</RxDate><RxDateLocal>20200330013808</RxDateLocal><LocalTimeZone>UTC</LocalTimeZone><MerchantReference>Scheduled auto payment for order 23016</MerchantReference><CardName>Visa</CardName><Retry>0</Retry><StatusRequired>0</StatusRequired><AuthCode>732657</AuthCode><AmountBalance>0.00</AmountBalance><Amount>69.90</Amount><CurrencyId>554</CurrencyId><InputCurrencyId>554</InputCurrencyId><InputCurrencyName>NZD</InputCurrencyName><CurrencyRate>1.00</CurrencyRate><CurrencyName>NZD</CurrencyName><CardHolderName>P GUO</CardHolderName><DateSettlement>20200330</DateSettlement><TxnType>Purchase</TxnType><CardNumber>483561........85</CardNumber><TxnMac>B758E50E</TxnMac><DateExpiry>0224</DateExpiry><ProductId></ProductId><AcquirerDate>20200330</AcquirerDate><AcquirerTime>013808</AcquirerTime><AcquirerId>7</AcquirerId><Acquirer>ASB</Acquirer><AcquirerReCo>00</AcquirerReCo><AcquirerResponseText>APPROVED</AcquirerResponseText><TestMode>0</TestMode><CardId>2</CardId><CardHolderResponseText>APPROVED</CardHolderResponseText><CardHolderHelpText>The Transaction was approved</CardHolderHelpText><CardHolderResponseDescription>The Transaction was approved</CardHolderResponseDescription><MerchantResponseText>APPROVED</MerchantResponseText><MerchantHelpText>The Transaction was approved</MerchantHelpText><MerchantResponseDescription>The Transaction was approved</MerchantResponseDescription><UrlFail></UrlFail><UrlSuccess></UrlSuccess><EnablePostResponse>0</EnablePostResponse><PxPayName></PxPayName><PxPayLogoSrc></PxPayLogoSrc><PxPayUserId></PxPayUserId><PxPayXsl></PxPayXsl><PxPayBgColor></PxPayBgColor><PxPayOptions></PxPayOptions><Cvc2ResultCode>NotUsed</Cvc2ResultCode><AcquirerPort>809582-80958201</AcquirerPort><AcquirerTxnRef>903735</AcquirerTxnRef><GroupAccount>2</GroupAccount><DpsTxnRef>0000000b6a301afd</DpsTxnRef><AllowRetry>0</AllowRetry><DpsBillingId>0000110411065479</DpsBillingId><PhoneNumber></PhoneNumber><AccountInfo></AccountInfo><BillingId>001582709447-260</BillingId><TransactionId>6a301afd</TransactionId><PxHostId>0000000b</PxHostId><RmReason></RmReason><RmReasonId>0000000000000000</RmReasonId><RiskScore>-1</RiskScore><RiskScoreText></RiskScoreText></Transaction><RuleName></RuleName><RmReason></RmReason><RmReasonId>0000000000000000</RmReasonId><RiskScore>-1</RiskScore><RiskScoreText></RiskScoreText><ReCo>00</ReCo><ResponseText>APPROVED</ResponseText><HelpText>Transaction Approved</HelpText><Success>1</Success><DpsTxnRef>0000000b6a301afd</DpsTxnRef><ICCResult></ICCResult><TxnRef></TxnRef></Txn>
                            [raw] => HTTP/1.1 200 OK
Cache-Control: private
Content-Type: application/xhtml+xml; charset=utf-8
Expires: Mon, 30 Mar 2020 01:37:09 GMT
Server: 
X-ASPNET-VERSION: 
X-POWERED-BY: 
Date: Mon, 30 Mar 2020 01:38:09 GMT
Connection: close
Content-Length: 2662
Strict-Transport-Security: max-age=16070400; includeSubDomains

<Txn><Transaction success="1" reco="00" responseText="APPROVED" pxTxn="true"><Authorized>1</Authorized><ReCo>00</ReCo><RxDate>20200330013808</RxDate><RxDateLocal>20200330013808</RxDateLocal><LocalTimeZone>UTC</LocalTimeZone><MerchantReference>Scheduled auto payment for order 23016</MerchantReference><CardName>Visa</CardName><Retry>0</Retry><StatusRequired>0</StatusRequired><AuthCode>732657</AuthCode><AmountBalance>0.00</AmountBalance><Amount>69.90</Amount><CurrencyId>554</CurrencyId><InputCurrencyId>554</InputCurrencyId><InputCurrencyName>NZD</InputCurrencyName><CurrencyRate>1.00</CurrencyRate><CurrencyName>NZD</CurrencyName><CardHolderName>P GUO</CardHolderName><DateSettlement>20200330</DateSettlement><TxnType>Purchase</TxnType><CardNumber>483561........85</CardNumber><TxnMac>B758E50E</TxnMac><DateExpiry>0224</DateExpiry><ProductId></ProductId><AcquirerDate>20200330</AcquirerDate><AcquirerTime>013808</AcquirerTime><AcquirerId>7</AcquirerId><Acquirer>ASB</Acquirer><AcquirerReCo>00</AcquirerReCo><AcquirerResponseText>APPROVED</AcquirerResponseText><TestMode>0</TestMode><CardId>2</CardId><CardHolderResponseText>APPROVED</CardHolderResponseText><CardHolderHelpText>The Transaction was approved</CardHolderHelpText><CardHolderResponseDescription>The Transaction was approved</CardHolderResponseDescription><MerchantResponseText>APPROVED</MerchantResponseText><MerchantHelpText>The Transaction was approved</MerchantHelpText><MerchantResponseDescription>The Transaction was approved</MerchantResponseDescription><UrlFail></UrlFail><UrlSuccess></UrlSuccess><EnablePostResponse>0</EnablePostResponse><PxPayName></PxPayName><PxPayLogoSrc></PxPayLogoSrc><PxPayUserId></PxPayUserId><PxPayXsl></PxPayXsl><PxPayBgColor></PxPayBgColor><PxPayOptions></PxPayOptions><Cvc2ResultCode>NotUsed</Cvc2ResultCode><AcquirerPort>809582-80958201</AcquirerPort><AcquirerTxnRef>903735</AcquirerTxnRef><GroupAccount>2</GroupAccount><DpsTxnRef>0000000b6a301afd</DpsTxnRef><AllowRetry>0</AllowRetry><DpsBillingId>0000110411065479</DpsBillingId><PhoneNumber></PhoneNumber><AccountInfo></AccountInfo><BillingId>001582709447-260</BillingId><TransactionId>6a301afd</TransactionId><PxHostId>0000000b</PxHostId><RmReason></RmReason><RmReasonId>0000000000000000</RmReasonId><RiskScore>-1</RiskScore><RiskScoreText></RiskScoreText></Transaction><RuleName></RuleName><RmReason></RmReason><RmReasonId>0000000000000000</RmReasonId><RiskScore>-1</RiskScore><RiskScoreText></RiskScoreText><ReCo>00</ReCo><ResponseText>APPROVED</ResponseText><HelpText>Transaction Approved</HelpText><Success>1</Success><DpsTxnRef>0000000b6a301afd</DpsTxnRef><ICCResult></ICCResult><TxnRef></TxnRef></Txn>
                            [headers] => Requests_Response_Headers Object
                                (
                                    [data:protected] => Array
                                        (
                                            [cache-control] => Array
                                                (
                                                    [0] => private
                                                )

                                            [content-type] => Array
                                                (
                                                    [0] => application/xhtml+xml; charset=utf-8
                                                )

                                            [expires] => Array
                                                (
                                                    [0] => Mon, 30 Mar 2020 01:37:09 GMT
                                                )

                                            [server] => Array
                                                (
                                                    [0] => 
                                                )

                                            [x-aspnet-version] => Array
                                                (
                                                    [0] => 
                                                )

                                            [x-powered-by] => Array
                                                (
                                                    [0] => 
                                                )

                                            [date] => Array
                                                (
                                                    [0] => Mon, 30 Mar 2020 01:38:09 GMT
                                                )

                                            [content-length] => Array
                                                (
                                                    [0] => 2662
                                                )

                                            [strict-transport-security] => Array
                                                (
                                                    [0] => max-age=16070400; includeSubDomains
                                                )

                                        )

                                )

                            [status_code] => 200
                            [protocol_version] => 1.1
                            [success] => 1
                            [redirects] => 0
                            [url] => https://sec.paymentexpress.com/pxpost.aspx
                            [history] => Array
                                (
                                )

                            [cookies] => Requests_Cookie_Jar Object
                                (
                                    [cookies:protected] => Array
                                        (
                                        )

                                )

                        )

                    [filename:protected] => 
                    [data] => 
                    [headers] => 
                    [status] => 
                )

        )

)

03-30-2020 @ 14:38:10 - Array
(
    [pxpost server url] => https://sec.paymentexpress.com/pxpost.aspx
)

03-30-2020 @ 14:38:10 - Array
(
    [txn request] => <Txn><BillingId>001582709447-260</BillingId><PostUsername>HotShotBroadband</PostUsername><PostPassword>3Qo75sgT386</PostPassword><Amount>69.90</Amount><InputCurrency>NZD</InputCurrency><CardHolderName></CardHolderName><TxnType>Purchase</TxnType><MerchantReference>Scheduled auto payment for order 23016</MerchantReference></Txn>
)

03-30-2020 @ 14:38:10 - Array
(
    [Subscription renewal results] => '<Txn><Transaction success="1" reco="00" responseText="APPROVED" pxTxn="true"><Authorized>1</Authorized><ReCo>00</ReCo><RxDate>20200330013808</RxDate><RxDateLocal>20200330013808</RxDateLocal><LocalTimeZone>UTC</LocalTimeZone><MerchantReference>Scheduled auto payment for order 23016</MerchantReference><CardName>Visa</CardName><Retry>0</Retry><StatusRequired>0</StatusRequired><AuthCode>732657</AuthCode><AmountBalance>0.00</AmountBalance><Amount>69.90</Amount><CurrencyId>554</CurrencyId><InputCurrencyId>554</InputCurrencyId><InputCurrencyName>NZD</InputCurrencyName><CurrencyRate>1.00</CurrencyRate><CurrencyName>NZD</CurrencyName><CardHolderName>P GUO</CardHolderName><DateSettlement>20200330</DateSettlement><TxnType>Purchase</TxnType><CardNumber>483561........85</CardNumber><TxnMac>B758E50E</TxnMac><DateExpiry>0224</DateExpiry><ProductId></ProductId><AcquirerDate>20200330</AcquirerDate><AcquirerTime>013808</AcquirerTime><AcquirerId>7</AcquirerId><Acquirer>ASB</Acquirer><AcquirerReCo>00</AcquirerReCo><AcquirerResponseText>APPROVED</AcquirerResponseText><TestMode>0</TestMode><CardId>2</CardId><CardHolderResponseText>APPROVED</CardHolderResponseText><CardHolderHelpText>The Transaction was approved</CardHolderHelpText><CardHolderResponseDescription>The Transaction was approved</CardHolderResponseDescription><MerchantResponseText>APPROVED</MerchantResponseText><MerchantHelpText>The Transaction was approved</MerchantHelpText><MerchantResponseDescription>The Transaction was approved</MerchantResponseDescription><UrlFail></UrlFail><UrlSuccess></UrlSuccess><EnablePostResponse>0</EnablePostResponse><PxPayName></PxPayName><PxPayLogoSrc></PxPayLogoSrc><PxPayUserId></PxPayUserId><PxPayXsl></PxPayXsl><PxPayBgColor></PxPayBgColor><PxPayOptions></PxPayOptions><Cvc2ResultCode>NotUsed</Cvc2ResultCode><AcquirerPort>809582-80958201</AcquirerPort><AcquirerTxnRef>903735</AcquirerTxnRef><GroupAccount>2</GroupAccount><DpsTxnRef>0000000b6a301afd</DpsTxnRef><AllowRetry>0</AllowRetry><DpsBillingId>0000110411065479</DpsBillingId><PhoneNumber></PhoneNumber><AccountInfo></AccountInfo><BillingId>001582709447-260</BillingId><TransactionId>6a301afd</TransactionId><PxHostId>0000000b</PxHostId><RmReason></RmReason><RmReasonId>0000000000000000</RmReasonId><RiskScore>-1</RiskScore><RiskScoreText></RiskScoreText></Transaction><RuleName></RuleName><RmReason></RmReason><RmReasonId>0000000000000000</RmReasonId><RiskScore>-1</RiskScore><RiskScoreText></RiskScoreText><ReCo>00</ReCo><ResponseText>APPROVED</ResponseText><HelpText>Transaction Approved</HelpText><Success>1</Success><DpsTxnRef>0000000b6a301afd</DpsTxnRef><ICCResult></ICCResult><TxnRef></TxnRef></Txn>'
)

03-31-2020 @ 09:55:09 - Array
(
    [userID and BillingId] => Array
        (
            [userid] => 186
            [BillingId] => 001580800206-186
        )

)

03-31-2020 @ 09:55:09 - Array
(
    [XML request] => <Txn><BillingId>001580800206-186</BillingId><PostUsername>HotShotBroadband</PostUsername><PostPassword>3Qo75sgT386</PostPassword><Amount>69.90</Amount><InputCurrency>NZD</InputCurrency><CardHolderName></CardHolderName><TxnType>Purchase</TxnType><MerchantReference>Scheduled auto payment for order 22929</MerchantReference></Txn>
)

03-31-2020 @ 09:55:09 - Array
(
    [requestProcess[851]>>>] => Array
        (
            [headers] => Requests_Utility_CaseInsensitiveDictionary Object
                (
                    [data:protected] => Array
                        (
                            [cache-control] => private
                            [content-type] => application/xhtml+xml; charset=utf-8
                            [expires] => Mon, 30 Mar 2020 20:54:09 GMT
                            [server] => 
                            [x-aspnet-version] => 
                            [x-powered-by] => 
                            [date] => Mon, 30 Mar 2020 20:55:09 GMT
                            [content-length] => 2822
                            [strict-transport-security] => max-age=16070400; includeSubDomains
                        )

                )

            [body] => <Txn><Transaction success="0" reco="51" responseText="DECLINED" pxTxn="true"><Authorized>0</Authorized><ReCo>51</ReCo><RxDate>20200330205509</RxDate><RxDateLocal>20200330205509</RxDateLocal><LocalTimeZone>UTC</LocalTimeZone><MerchantReference>Scheduled auto payment for order 22929</MerchantReference><CardName>Visa</CardName><Retry>0</Retry><StatusRequired>0</StatusRequired><AuthCode></AuthCode><AmountBalance>0.00</AmountBalance><Amount>69.90</Amount><CurrencyId>554</CurrencyId><InputCurrencyId>554</InputCurrencyId><InputCurrencyName>NZD</InputCurrencyName><CurrencyRate>1.00</CurrencyRate><CurrencyName>NZD</CurrencyName><CardHolderName>MICHAEL CANNING</CardHolderName><DateSettlement>20200331</DateSettlement><TxnType>Purchase</TxnType><CardNumber>428418........62</CardNumber><TxnMac>AD9A9365</TxnMac><DateExpiry>1020</DateExpiry><ProductId></ProductId><AcquirerDate>20200330</AcquirerDate><AcquirerTime>205509</AcquirerTime><AcquirerId>7</AcquirerId><Acquirer>ASB</Acquirer><AcquirerReCo>51</AcquirerReCo><AcquirerResponseText>DECLINED</AcquirerResponseText><TestMode>0</TestMode><CardId>2</CardId><CardHolderResponseText>DECLINED</CardHolderResponseText><CardHolderHelpText>The transaction was declined. Funds were not transferred</CardHolderHelpText><CardHolderResponseDescription>The transaction was declined. Funds were not transferred.</CardHolderResponseDescription><MerchantResponseText>DECLINED</MerchantResponseText><MerchantHelpText>The transaction was declined.Funds were not transferred (76)</MerchantHelpText><MerchantResponseDescription>The transaction was declined.Funds were not transferred (76)</MerchantResponseDescription><UrlFail></UrlFail><UrlSuccess></UrlSuccess><EnablePostResponse>0</EnablePostResponse><PxPayName></PxPayName><PxPayLogoSrc></PxPayLogoSrc><PxPayUserId></PxPayUserId><PxPayXsl></PxPayXsl><PxPayBgColor></PxPayBgColor><PxPayOptions></PxPayOptions><Cvc2ResultCode>NotUsed</Cvc2ResultCode><AcquirerPort>809582-80958201</AcquirerPort><AcquirerTxnRef>915949</AcquirerTxnRef><GroupAccount>2</GroupAccount><DpsTxnRef>0000000b6a3dbe1f</DpsTxnRef><AllowRetry>0</AllowRetry><DpsBillingId>0000110403098030</DpsBillingId><PhoneNumber></PhoneNumber><AccountInfo></AccountInfo><BillingId>001580800206-186</BillingId><TransactionId>6a3dbe1f</TransactionId><PxHostId>0000000b</PxHostId><RmReason></RmReason><RmReasonId>0000000000000000</RmReasonId><RiskScore>-1</RiskScore><RiskScoreText></RiskScoreText></Transaction><RuleName></RuleName><RmReason></RmReason><RmReasonId>0000000000000000</RmReasonId><RiskScore>-1</RiskScore><RiskScoreText></RiskScoreText><ReCo>51</ReCo><ResponseText>DECLINED</ResponseText><HelpText>The transaction was declined.Funds were not transferred</HelpText><Success>0</Success><DpsTxnRef>0000000b6a3dbe1f</DpsTxnRef><ICCResult></ICCResult><TxnRef></TxnRef></Txn>
            [response] => Array
                (
                    [code] => 200
                    [message] => OK
                )

            [cookies] => Array
                (
                )

            [filename] => 
            [http_response] => WP_HTTP_Requests_Response Object
                (
                    [response:protected] => Requests_Response Object
                        (
                            [body] => <Txn><Transaction success="0" reco="51" responseText="DECLINED" pxTxn="true"><Authorized>0</Authorized><ReCo>51</ReCo><RxDate>20200330205509</RxDate><RxDateLocal>20200330205509</RxDateLocal><LocalTimeZone>UTC</LocalTimeZone><MerchantReference>Scheduled auto payment for order 22929</MerchantReference><CardName>Visa</CardName><Retry>0</Retry><StatusRequired>0</StatusRequired><AuthCode></AuthCode><AmountBalance>0.00</AmountBalance><Amount>69.90</Amount><CurrencyId>554</CurrencyId><InputCurrencyId>554</InputCurrencyId><InputCurrencyName>NZD</InputCurrencyName><CurrencyRate>1.00</CurrencyRate><CurrencyName>NZD</CurrencyName><CardHolderName>MICHAEL CANNING</CardHolderName><DateSettlement>20200331</DateSettlement><TxnType>Purchase</TxnType><CardNumber>428418........62</CardNumber><TxnMac>AD9A9365</TxnMac><DateExpiry>1020</DateExpiry><ProductId></ProductId><AcquirerDate>20200330</AcquirerDate><AcquirerTime>205509</AcquirerTime><AcquirerId>7</AcquirerId><Acquirer>ASB</Acquirer><AcquirerReCo>51</AcquirerReCo><AcquirerResponseText>DECLINED</AcquirerResponseText><TestMode>0</TestMode><CardId>2</CardId><CardHolderResponseText>DECLINED</CardHolderResponseText><CardHolderHelpText>The transaction was declined. Funds were not transferred</CardHolderHelpText><CardHolderResponseDescription>The transaction was declined. Funds were not transferred.</CardHolderResponseDescription><MerchantResponseText>DECLINED</MerchantResponseText><MerchantHelpText>The transaction was declined.Funds were not transferred (76)</MerchantHelpText><MerchantResponseDescription>The transaction was declined.Funds were not transferred (76)</MerchantResponseDescription><UrlFail></UrlFail><UrlSuccess></UrlSuccess><EnablePostResponse>0</EnablePostResponse><PxPayName></PxPayName><PxPayLogoSrc></PxPayLogoSrc><PxPayUserId></PxPayUserId><PxPayXsl></PxPayXsl><PxPayBgColor></PxPayBgColor><PxPayOptions></PxPayOptions><Cvc2ResultCode>NotUsed</Cvc2ResultCode><AcquirerPort>809582-80958201</AcquirerPort><AcquirerTxnRef>915949</AcquirerTxnRef><GroupAccount>2</GroupAccount><DpsTxnRef>0000000b6a3dbe1f</DpsTxnRef><AllowRetry>0</AllowRetry><DpsBillingId>0000110403098030</DpsBillingId><PhoneNumber></PhoneNumber><AccountInfo></AccountInfo><BillingId>001580800206-186</BillingId><TransactionId>6a3dbe1f</TransactionId><PxHostId>0000000b</PxHostId><RmReason></RmReason><RmReasonId>0000000000000000</RmReasonId><RiskScore>-1</RiskScore><RiskScoreText></RiskScoreText></Transaction><RuleName></RuleName><RmReason></RmReason><RmReasonId>0000000000000000</RmReasonId><RiskScore>-1</RiskScore><RiskScoreText></RiskScoreText><ReCo>51</ReCo><ResponseText>DECLINED</ResponseText><HelpText>The transaction was declined.Funds were not transferred</HelpText><Success>0</Success><DpsTxnRef>0000000b6a3dbe1f</DpsTxnRef><ICCResult></ICCResult><TxnRef></TxnRef></Txn>
                            [raw] => HTTP/1.1 200 OK
Cache-Control: private
Content-Type: application/xhtml+xml; charset=utf-8
Expires: Mon, 30 Mar 2020 20:54:09 GMT
Server: 
X-ASPNET-VERSION: 
X-POWERED-BY: 
Date: Mon, 30 Mar 2020 20:55:09 GMT
Connection: close
Content-Length: 2822
Strict-Transport-Security: max-age=16070400; includeSubDomains

<Txn><Transaction success="0" reco="51" responseText="DECLINED" pxTxn="true"><Authorized>0</Authorized><ReCo>51</ReCo><RxDate>20200330205509</RxDate><RxDateLocal>20200330205509</RxDateLocal><LocalTimeZone>UTC</LocalTimeZone><MerchantReference>Scheduled auto payment for order 22929</MerchantReference><CardName>Visa</CardName><Retry>0</Retry><StatusRequired>0</StatusRequired><AuthCode></AuthCode><AmountBalance>0.00</AmountBalance><Amount>69.90</Amount><CurrencyId>554</CurrencyId><InputCurrencyId>554</InputCurrencyId><InputCurrencyName>NZD</InputCurrencyName><CurrencyRate>1.00</CurrencyRate><CurrencyName>NZD</CurrencyName><CardHolderName>MICHAEL CANNING</CardHolderName><DateSettlement>20200331</DateSettlement><TxnType>Purchase</TxnType><CardNumber>428418........62</CardNumber><TxnMac>AD9A9365</TxnMac><DateExpiry>1020</DateExpiry><ProductId></ProductId><AcquirerDate>20200330</AcquirerDate><AcquirerTime>205509</AcquirerTime><AcquirerId>7</AcquirerId><Acquirer>ASB</Acquirer><AcquirerReCo>51</AcquirerReCo><AcquirerResponseText>DECLINED</AcquirerResponseText><TestMode>0</TestMode><CardId>2</CardId><CardHolderResponseText>DECLINED</CardHolderResponseText><CardHolderHelpText>The transaction was declined. Funds were not transferred</CardHolderHelpText><CardHolderResponseDescription>The transaction was declined. Funds were not transferred.</CardHolderResponseDescription><MerchantResponseText>DECLINED</MerchantResponseText><MerchantHelpText>The transaction was declined.Funds were not transferred (76)</MerchantHelpText><MerchantResponseDescription>The transaction was declined.Funds were not transferred (76)</MerchantResponseDescription><UrlFail></UrlFail><UrlSuccess></UrlSuccess><EnablePostResponse>0</EnablePostResponse><PxPayName></PxPayName><PxPayLogoSrc></PxPayLogoSrc><PxPayUserId></PxPayUserId><PxPayXsl></PxPayXsl><PxPayBgColor></PxPayBgColor><PxPayOptions></PxPayOptions><Cvc2ResultCode>NotUsed</Cvc2ResultCode><AcquirerPort>809582-80958201</AcquirerPort><AcquirerTxnRef>915949</AcquirerTxnRef><GroupAccount>2</GroupAccount><DpsTxnRef>0000000b6a3dbe1f</DpsTxnRef><AllowRetry>0</AllowRetry><DpsBillingId>0000110403098030</DpsBillingId><PhoneNumber></PhoneNumber><AccountInfo></AccountInfo><BillingId>001580800206-186</BillingId><TransactionId>6a3dbe1f</TransactionId><PxHostId>0000000b</PxHostId><RmReason></RmReason><RmReasonId>0000000000000000</RmReasonId><RiskScore>-1</RiskScore><RiskScoreText></RiskScoreText></Transaction><RuleName></RuleName><RmReason></RmReason><RmReasonId>0000000000000000</RmReasonId><RiskScore>-1</RiskScore><RiskScoreText></RiskScoreText><ReCo>51</ReCo><ResponseText>DECLINED</ResponseText><HelpText>The transaction was declined.Funds were not transferred</HelpText><Success>0</Success><DpsTxnRef>0000000b6a3dbe1f</DpsTxnRef><ICCResult></ICCResult><TxnRef></TxnRef></Txn>
                            [headers] => Requests_Response_Headers Object
                                (
                                    [data:protected] => Array
                                        (
                                            [cache-control] => Array
                                                (
                                                    [0] => private
                                                )

                                            [content-type] => Array
                                                (
                                                    [0] => application/xhtml+xml; charset=utf-8
                                                )

                                            [expires] => Array
                                                (
                                                    [0] => Mon, 30 Mar 2020 20:54:09 GMT
                                                )

                                            [server] => Array
                                                (
                                                    [0] => 
                                                )

                                            [x-aspnet-version] => Array
                                                (
                                                    [0] => 
                                                )

                                            [x-powered-by] => Array
                                                (
                                                    [0] => 
                                                )

                                            [date] => Array
                                                (
                                                    [0] => Mon, 30 Mar 2020 20:55:09 GMT
                                                )

                                            [content-length] => Array
                                                (
                                                    [0] => 2822
                                                )

                                            [strict-transport-security] => Array
                                                (
                                                    [0] => max-age=16070400; includeSubDomains
                                                )

                                        )

                                )

                            [status_code] => 200
                            [protocol_version] => 1.1
                            [success] => 1
                            [redirects] => 0
                            [url] => https://sec.paymentexpress.com/pxpost.aspx
                            [history] => Array
                                (
                                )

                            [cookies] => Requests_Cookie_Jar Object
                                (
                                    [cookies:protected] => Array
                                        (
                                        )

                                )

                        )

                    [filename:protected] => 
                    [data] => 
                    [headers] => 
                    [status] => 
                )

        )

)

03-31-2020 @ 09:55:09 - Array
(
    [pxpost server url] => https://sec.paymentexpress.com/pxpost.aspx
)

03-31-2020 @ 09:55:09 - Array
(
    [txn request] => <Txn><BillingId>001580800206-186</BillingId><PostUsername>HotShotBroadband</PostUsername><PostPassword>3Qo75sgT386</PostPassword><Amount>69.90</Amount><InputCurrency>NZD</InputCurrency><CardHolderName></CardHolderName><TxnType>Purchase</TxnType><MerchantReference>Scheduled auto payment for order 22929</MerchantReference></Txn>
)

03-31-2020 @ 09:55:09 - Array
(
    [Subscription renewal results] => '<Txn><Transaction success="0" reco="51" responseText="DECLINED" pxTxn="true"><Authorized>0</Authorized><ReCo>51</ReCo><RxDate>20200330205509</RxDate><RxDateLocal>20200330205509</RxDateLocal><LocalTimeZone>UTC</LocalTimeZone><MerchantReference>Scheduled auto payment for order 22929</MerchantReference><CardName>Visa</CardName><Retry>0</Retry><StatusRequired>0</StatusRequired><AuthCode></AuthCode><AmountBalance>0.00</AmountBalance><Amount>69.90</Amount><CurrencyId>554</CurrencyId><InputCurrencyId>554</InputCurrencyId><InputCurrencyName>NZD</InputCurrencyName><CurrencyRate>1.00</CurrencyRate><CurrencyName>NZD</CurrencyName><CardHolderName>MICHAEL CANNING</CardHolderName><DateSettlement>20200331</DateSettlement><TxnType>Purchase</TxnType><CardNumber>428418........62</CardNumber><TxnMac>AD9A9365</TxnMac><DateExpiry>1020</DateExpiry><ProductId></ProductId><AcquirerDate>20200330</AcquirerDate><AcquirerTime>205509</AcquirerTime><AcquirerId>7</AcquirerId><Acquirer>ASB</Acquirer><AcquirerReCo>51</AcquirerReCo><AcquirerResponseText>DECLINED</AcquirerResponseText><TestMode>0</TestMode><CardId>2</CardId><CardHolderResponseText>DECLINED</CardHolderResponseText><CardHolderHelpText>The transaction was declined. Funds were not transferred</CardHolderHelpText><CardHolderResponseDescription>The transaction was declined. Funds were not transferred.</CardHolderResponseDescription><MerchantResponseText>DECLINED</MerchantResponseText><MerchantHelpText>The transaction was declined.Funds were not transferred (76)</MerchantHelpText><MerchantResponseDescription>The transaction was declined.Funds were not transferred (76)</MerchantResponseDescription><UrlFail></UrlFail><UrlSuccess></UrlSuccess><EnablePostResponse>0</EnablePostResponse><PxPayName></PxPayName><PxPayLogoSrc></PxPayLogoSrc><PxPayUserId></PxPayUserId><PxPayXsl></PxPayXsl><PxPayBgColor></PxPayBgColor><PxPayOptions></PxPayOptions><Cvc2ResultCode>NotUsed</Cvc2ResultCode><AcquirerPort>809582-80958201</AcquirerPort><AcquirerTxnRef>915949</AcquirerTxnRef><GroupAccount>2</GroupAccount><DpsTxnRef>0000000b6a3dbe1f</DpsTxnRef><AllowRetry>0</AllowRetry><DpsBillingId>0000110403098030</DpsBillingId><PhoneNumber></PhoneNumber><AccountInfo></AccountInfo><BillingId>001580800206-186</BillingId><TransactionId>6a3dbe1f</TransactionId><PxHostId>0000000b</PxHostId><RmReason></RmReason><RmReasonId>0000000000000000</RmReasonId><RiskScore>-1</RiskScore><RiskScoreText></RiskScoreText></Transaction><RuleName></RuleName><RmReason></RmReason><RmReasonId>0000000000000000</RmReasonId><RiskScore>-1</RiskScore><RiskScoreText></RiskScoreText><ReCo>51</ReCo><ResponseText>DECLINED</ResponseText><HelpText>The transaction was declined.Funds were not transferred</HelpText><Success>0</Success><DpsTxnRef>0000000b6a3dbe1f</DpsTxnRef><ICCResult></ICCResult><TxnRef></TxnRef></Txn>'
)

