08-26-2020 @ 13:36:07 - Array
(
    [userID and BillingId] => Array
        (
            [userid] => 500
            [BillingId] => 001594695061-500
        )

)

08-26-2020 @ 13:36:07 - Array
(
    [XML request] => <Txn><BillingId>001594695061-500</BillingId><PostUsername>HotShotBroadband</PostUsername><PostPassword>3Qo75sgT386</PostPassword><Amount>69.90</Amount><InputCurrency>NZD</InputCurrency><CardHolderName></CardHolderName><TxnType>Purchase</TxnType><MerchantReference>Scheduled auto payment for order 155373</MerchantReference></Txn>
)

08-26-2020 @ 13:36:08 - Array
(
    [requestProcess[851]>>>] => Array
        (
            [headers] => Requests_Utility_CaseInsensitiveDictionary Object
                (
                    [data:protected] => Array
                        (
                            [cache-control] => private
                            [content-type] => application/xhtml+xml; charset=utf-8
                            [expires] => Wed, 26 Aug 2020 01:35:07 GMT
                            [server] => 
                            [x-aspnet-version] => 
                            [x-powered-by] => 
                            [date] => Wed, 26 Aug 2020 01:36:07 GMT
                            [content-length] => 2758
                            [strict-transport-security] => max-age=16070400; includeSubDomains
                        )

                )

            [body] => <Txn><Transaction success="0" reco="05" responseText="DO NOT HONOUR" pxTxn="true"><Authorized>0</Authorized><ReCo>05</ReCo><RxDate>20200826013607</RxDate><RxDateLocal>20200826013607</RxDateLocal><LocalTimeZone>UTC</LocalTimeZone><MerchantReference>Scheduled auto payment for order 155373</MerchantReference><CardName>Visa</CardName><Retry>0</Retry><StatusRequired>0</StatusRequired><AuthCode></AuthCode><AmountBalance>0.00</AmountBalance><Amount>69.90</Amount><CurrencyId>554</CurrencyId><InputCurrencyId>554</InputCurrencyId><InputCurrencyName>NZD</InputCurrencyName><CurrencyRate>1.00</CurrencyRate><CurrencyName>NZD</CurrencyName><CardHolderName>CUSHLA TOHU</CardHolderName><DateSettlement>20200826</DateSettlement><TxnType>Purchase</TxnType><CardNumber>483741........95</CardNumber><TxnMac>E0B1AEA9</TxnMac><DateExpiry>0223</DateExpiry><ProductId></ProductId><AcquirerDate>20200826</AcquirerDate><AcquirerTime>013607</AcquirerTime><AcquirerId>7</AcquirerId><Acquirer>ASB Legacy</Acquirer><AcquirerReCo>05</AcquirerReCo><AcquirerResponseText>DO NOT HONOUR</AcquirerResponseText><TestMode>0</TestMode><CardId>2</CardId><CardHolderResponseText>DECLINED (05)</CardHolderResponseText><CardHolderHelpText>The transaction was not approved</CardHolderHelpText><CardHolderResponseDescription>The transaction was not approved</CardHolderResponseDescription><MerchantResponseText>DO NOT HONOUR</MerchantResponseText><MerchantHelpText>The transaction was not approved</MerchantHelpText><MerchantResponseDescription>The transaction was not approved</MerchantResponseDescription><UrlFail></UrlFail><UrlSuccess></UrlSuccess><EnablePostResponse>0</EnablePostResponse><PxPayName></PxPayName><PxPayLogoSrc></PxPayLogoSrc><PxPayUserId></PxPayUserId><PxPayXsl></PxPayXsl><PxPayBgColor></PxPayBgColor><PxPayOptions></PxPayOptions><Cvc2ResultCode>NotUsed</Cvc2ResultCode><AcquirerPort>809582-80958201</AcquirerPort><AcquirerTxnRef>873736</AcquirerTxnRef><GroupAccount>2</GroupAccount><DpsTxnRef>000000080b08ac12</DpsTxnRef><AllowRetry>0</AllowRetry><DpsBillingId>0000110445332429</DpsBillingId><PhoneNumber></PhoneNumber><HomePhoneNumber></HomePhoneNumber><AccountInfo></AccountInfo><BillingId>001594695061-500</BillingId><TransactionId>0b08ac12</TransactionId><PxHostId>00000008</PxHostId><RmReason></RmReason><RmReasonId>0000000000000000</RmReasonId><RiskScore>-1</RiskScore><RiskScoreText></RiskScoreText></Transaction><RuleName></RuleName><RmReason></RmReason><RmReasonId>0000000000000000</RmReasonId><RiskScore>-1</RiskScore><RiskScoreText></RiskScoreText><ReCo>05</ReCo><ResponseText>DO NOT HONOUR</ResponseText><HelpText>The transaction was not approved</HelpText><Success>0</Success><DpsTxnRef>000000080b08ac12</DpsTxnRef><ICCResult></ICCResult><TxnRef></TxnRef></Txn>
            [response] => Array
                (
                    [code] => 200
                    [message] => OK
                )

            [cookies] => Array
                (
                )

            [filename] => 
            [http_response] => WP_HTTP_Requests_Response Object
                (
                    [response:protected] => Requests_Response Object
                        (
                            [body] => <Txn><Transaction success="0" reco="05" responseText="DO NOT HONOUR" pxTxn="true"><Authorized>0</Authorized><ReCo>05</ReCo><RxDate>20200826013607</RxDate><RxDateLocal>20200826013607</RxDateLocal><LocalTimeZone>UTC</LocalTimeZone><MerchantReference>Scheduled auto payment for order 155373</MerchantReference><CardName>Visa</CardName><Retry>0</Retry><StatusRequired>0</StatusRequired><AuthCode></AuthCode><AmountBalance>0.00</AmountBalance><Amount>69.90</Amount><CurrencyId>554</CurrencyId><InputCurrencyId>554</InputCurrencyId><InputCurrencyName>NZD</InputCurrencyName><CurrencyRate>1.00</CurrencyRate><CurrencyName>NZD</CurrencyName><CardHolderName>CUSHLA TOHU</CardHolderName><DateSettlement>20200826</DateSettlement><TxnType>Purchase</TxnType><CardNumber>483741........95</CardNumber><TxnMac>E0B1AEA9</TxnMac><DateExpiry>0223</DateExpiry><ProductId></ProductId><AcquirerDate>20200826</AcquirerDate><AcquirerTime>013607</AcquirerTime><AcquirerId>7</AcquirerId><Acquirer>ASB Legacy</Acquirer><AcquirerReCo>05</AcquirerReCo><AcquirerResponseText>DO NOT HONOUR</AcquirerResponseText><TestMode>0</TestMode><CardId>2</CardId><CardHolderResponseText>DECLINED (05)</CardHolderResponseText><CardHolderHelpText>The transaction was not approved</CardHolderHelpText><CardHolderResponseDescription>The transaction was not approved</CardHolderResponseDescription><MerchantResponseText>DO NOT HONOUR</MerchantResponseText><MerchantHelpText>The transaction was not approved</MerchantHelpText><MerchantResponseDescription>The transaction was not approved</MerchantResponseDescription><UrlFail></UrlFail><UrlSuccess></UrlSuccess><EnablePostResponse>0</EnablePostResponse><PxPayName></PxPayName><PxPayLogoSrc></PxPayLogoSrc><PxPayUserId></PxPayUserId><PxPayXsl></PxPayXsl><PxPayBgColor></PxPayBgColor><PxPayOptions></PxPayOptions><Cvc2ResultCode>NotUsed</Cvc2ResultCode><AcquirerPort>809582-80958201</AcquirerPort><AcquirerTxnRef>873736</AcquirerTxnRef><GroupAccount>2</GroupAccount><DpsTxnRef>000000080b08ac12</DpsTxnRef><AllowRetry>0</AllowRetry><DpsBillingId>0000110445332429</DpsBillingId><PhoneNumber></PhoneNumber><HomePhoneNumber></HomePhoneNumber><AccountInfo></AccountInfo><BillingId>001594695061-500</BillingId><TransactionId>0b08ac12</TransactionId><PxHostId>00000008</PxHostId><RmReason></RmReason><RmReasonId>0000000000000000</RmReasonId><RiskScore>-1</RiskScore><RiskScoreText></RiskScoreText></Transaction><RuleName></RuleName><RmReason></RmReason><RmReasonId>0000000000000000</RmReasonId><RiskScore>-1</RiskScore><RiskScoreText></RiskScoreText><ReCo>05</ReCo><ResponseText>DO NOT HONOUR</ResponseText><HelpText>The transaction was not approved</HelpText><Success>0</Success><DpsTxnRef>000000080b08ac12</DpsTxnRef><ICCResult></ICCResult><TxnRef></TxnRef></Txn>
                            [raw] => HTTP/1.1 200 OK
Cache-Control: private
Content-Type: application/xhtml+xml; charset=utf-8
Expires: Wed, 26 Aug 2020 01:35:07 GMT
Server: 
X-ASPNET-VERSION: 
X-POWERED-BY: 
Date: Wed, 26 Aug 2020 01:36:07 GMT
Connection: close
Content-Length: 2758
Strict-Transport-Security: max-age=16070400; includeSubDomains

<Txn><Transaction success="0" reco="05" responseText="DO NOT HONOUR" pxTxn="true"><Authorized>0</Authorized><ReCo>05</ReCo><RxDate>20200826013607</RxDate><RxDateLocal>20200826013607</RxDateLocal><LocalTimeZone>UTC</LocalTimeZone><MerchantReference>Scheduled auto payment for order 155373</MerchantReference><CardName>Visa</CardName><Retry>0</Retry><StatusRequired>0</StatusRequired><AuthCode></AuthCode><AmountBalance>0.00</AmountBalance><Amount>69.90</Amount><CurrencyId>554</CurrencyId><InputCurrencyId>554</InputCurrencyId><InputCurrencyName>NZD</InputCurrencyName><CurrencyRate>1.00</CurrencyRate><CurrencyName>NZD</CurrencyName><CardHolderName>CUSHLA TOHU</CardHolderName><DateSettlement>20200826</DateSettlement><TxnType>Purchase</TxnType><CardNumber>483741........95</CardNumber><TxnMac>E0B1AEA9</TxnMac><DateExpiry>0223</DateExpiry><ProductId></ProductId><AcquirerDate>20200826</AcquirerDate><AcquirerTime>013607</AcquirerTime><AcquirerId>7</AcquirerId><Acquirer>ASB Legacy</Acquirer><AcquirerReCo>05</AcquirerReCo><AcquirerResponseText>DO NOT HONOUR</AcquirerResponseText><TestMode>0</TestMode><CardId>2</CardId><CardHolderResponseText>DECLINED (05)</CardHolderResponseText><CardHolderHelpText>The transaction was not approved</CardHolderHelpText><CardHolderResponseDescription>The transaction was not approved</CardHolderResponseDescription><MerchantResponseText>DO NOT HONOUR</MerchantResponseText><MerchantHelpText>The transaction was not approved</MerchantHelpText><MerchantResponseDescription>The transaction was not approved</MerchantResponseDescription><UrlFail></UrlFail><UrlSuccess></UrlSuccess><EnablePostResponse>0</EnablePostResponse><PxPayName></PxPayName><PxPayLogoSrc></PxPayLogoSrc><PxPayUserId></PxPayUserId><PxPayXsl></PxPayXsl><PxPayBgColor></PxPayBgColor><PxPayOptions></PxPayOptions><Cvc2ResultCode>NotUsed</Cvc2ResultCode><AcquirerPort>809582-80958201</AcquirerPort><AcquirerTxnRef>873736</AcquirerTxnRef><GroupAccount>2</GroupAccount><DpsTxnRef>000000080b08ac12</DpsTxnRef><AllowRetry>0</AllowRetry><DpsBillingId>0000110445332429</DpsBillingId><PhoneNumber></PhoneNumber><HomePhoneNumber></HomePhoneNumber><AccountInfo></AccountInfo><BillingId>001594695061-500</BillingId><TransactionId>0b08ac12</TransactionId><PxHostId>00000008</PxHostId><RmReason></RmReason><RmReasonId>0000000000000000</RmReasonId><RiskScore>-1</RiskScore><RiskScoreText></RiskScoreText></Transaction><RuleName></RuleName><RmReason></RmReason><RmReasonId>0000000000000000</RmReasonId><RiskScore>-1</RiskScore><RiskScoreText></RiskScoreText><ReCo>05</ReCo><ResponseText>DO NOT HONOUR</ResponseText><HelpText>The transaction was not approved</HelpText><Success>0</Success><DpsTxnRef>000000080b08ac12</DpsTxnRef><ICCResult></ICCResult><TxnRef></TxnRef></Txn>
                            [headers] => Requests_Response_Headers Object
                                (
                                    [data:protected] => Array
                                        (
                                            [cache-control] => Array
                                                (
                                                    [0] => private
                                                )

                                            [content-type] => Array
                                                (
                                                    [0] => application/xhtml+xml; charset=utf-8
                                                )

                                            [expires] => Array
                                                (
                                                    [0] => Wed, 26 Aug 2020 01:35:07 GMT
                                                )

                                            [server] => Array
                                                (
                                                    [0] => 
                                                )

                                            [x-aspnet-version] => Array
                                                (
                                                    [0] => 
                                                )

                                            [x-powered-by] => Array
                                                (
                                                    [0] => 
                                                )

                                            [date] => Array
                                                (
                                                    [0] => Wed, 26 Aug 2020 01:36:07 GMT
                                                )

                                            [content-length] => Array
                                                (
                                                    [0] => 2758
                                                )

                                            [strict-transport-security] => Array
                                                (
                                                    [0] => max-age=16070400; includeSubDomains
                                                )

                                        )

                                )

                            [status_code] => 200
                            [protocol_version] => 1.1
                            [success] => 1
                            [redirects] => 0
                            [url] => https://sec.paymentexpress.com/pxpost.aspx
                            [history] => Array
                                (
                                )

                            [cookies] => Requests_Cookie_Jar Object
                                (
                                    [cookies:protected] => Array
                                        (
                                        )

                                )

                        )

                    [filename:protected] => 
                    [data] => 
                    [headers] => 
                    [status] => 
                )

        )

)

08-26-2020 @ 13:36:08 - Array
(
    [pxpost server url] => https://sec.paymentexpress.com/pxpost.aspx
)

08-26-2020 @ 13:36:08 - Array
(
    [txn request] => <Txn><BillingId>001594695061-500</BillingId><PostUsername>HotShotBroadband</PostUsername><PostPassword>3Qo75sgT386</PostPassword><Amount>69.90</Amount><InputCurrency>NZD</InputCurrency><CardHolderName></CardHolderName><TxnType>Purchase</TxnType><MerchantReference>Scheduled auto payment for order 155373</MerchantReference></Txn>
)

08-26-2020 @ 13:36:08 - Array
(
    [Subscription renewal results] => '<Txn><Transaction success="0" reco="05" responseText="DO NOT HONOUR" pxTxn="true"><Authorized>0</Authorized><ReCo>05</ReCo><RxDate>20200826013607</RxDate><RxDateLocal>20200826013607</RxDateLocal><LocalTimeZone>UTC</LocalTimeZone><MerchantReference>Scheduled auto payment for order 155373</MerchantReference><CardName>Visa</CardName><Retry>0</Retry><StatusRequired>0</StatusRequired><AuthCode></AuthCode><AmountBalance>0.00</AmountBalance><Amount>69.90</Amount><CurrencyId>554</CurrencyId><InputCurrencyId>554</InputCurrencyId><InputCurrencyName>NZD</InputCurrencyName><CurrencyRate>1.00</CurrencyRate><CurrencyName>NZD</CurrencyName><CardHolderName>CUSHLA TOHU</CardHolderName><DateSettlement>20200826</DateSettlement><TxnType>Purchase</TxnType><CardNumber>483741........95</CardNumber><TxnMac>E0B1AEA9</TxnMac><DateExpiry>0223</DateExpiry><ProductId></ProductId><AcquirerDate>20200826</AcquirerDate><AcquirerTime>013607</AcquirerTime><AcquirerId>7</AcquirerId><Acquirer>ASB Legacy</Acquirer><AcquirerReCo>05</AcquirerReCo><AcquirerResponseText>DO NOT HONOUR</AcquirerResponseText><TestMode>0</TestMode><CardId>2</CardId><CardHolderResponseText>DECLINED (05)</CardHolderResponseText><CardHolderHelpText>The transaction was not approved</CardHolderHelpText><CardHolderResponseDescription>The transaction was not approved</CardHolderResponseDescription><MerchantResponseText>DO NOT HONOUR</MerchantResponseText><MerchantHelpText>The transaction was not approved</MerchantHelpText><MerchantResponseDescription>The transaction was not approved</MerchantResponseDescription><UrlFail></UrlFail><UrlSuccess></UrlSuccess><EnablePostResponse>0</EnablePostResponse><PxPayName></PxPayName><PxPayLogoSrc></PxPayLogoSrc><PxPayUserId></PxPayUserId><PxPayXsl></PxPayXsl><PxPayBgColor></PxPayBgColor><PxPayOptions></PxPayOptions><Cvc2ResultCode>NotUsed</Cvc2ResultCode><AcquirerPort>809582-80958201</AcquirerPort><AcquirerTxnRef>873736</AcquirerTxnRef><GroupAccount>2</GroupAccount><DpsTxnRef>000000080b08ac12</DpsTxnRef><AllowRetry>0</AllowRetry><DpsBillingId>0000110445332429</DpsBillingId><PhoneNumber></PhoneNumber><HomePhoneNumber></HomePhoneNumber><AccountInfo></AccountInfo><BillingId>001594695061-500</BillingId><TransactionId>0b08ac12</TransactionId><PxHostId>00000008</PxHostId><RmReason></RmReason><RmReasonId>0000000000000000</RmReasonId><RiskScore>-1</RiskScore><RiskScoreText></RiskScoreText></Transaction><RuleName></RuleName><RmReason></RmReason><RmReasonId>0000000000000000</RmReasonId><RiskScore>-1</RiskScore><RiskScoreText></RiskScoreText><ReCo>05</ReCo><ResponseText>DO NOT HONOUR</ResponseText><HelpText>The transaction was not approved</HelpText><Success>0</Success><DpsTxnRef>000000080b08ac12</DpsTxnRef><ICCResult></ICCResult><TxnRef></TxnRef></Txn>'
)

08-26-2020 @ 13:37:33 - Array
(
    [userID and BillingId] => Array
        (
            [userid] => 102
            [BillingId] => 001584949596-102
        )

)

08-26-2020 @ 13:37:33 - Array
(
    [XML request] => <Txn><BillingId>001584949596-102</BillingId><PostUsername>HotShotBroadband</PostUsername><PostPassword>3Qo75sgT386</PostPassword><Amount>69.90</Amount><InputCurrency>NZD</InputCurrency><CardHolderName></CardHolderName><TxnType>Purchase</TxnType><MerchantReference>Scheduled auto payment for order 175375</MerchantReference></Txn>
)

08-26-2020 @ 13:37:34 - Array
(
    [requestProcess[851]>>>] => Array
        (
            [headers] => Requests_Utility_CaseInsensitiveDictionary Object
                (
                    [data:protected] => Array
                        (
                            [cache-control] => private
                            [content-type] => application/xhtml+xml; charset=utf-8
                            [expires] => Wed, 26 Aug 2020 01:36:33 GMT
                            [server] => 
                            [x-aspnet-version] => 
                            [x-powered-by] => 
                            [date] => Wed, 26 Aug 2020 01:37:33 GMT
                            [content-length] => 2763
                            [strict-transport-security] => max-age=16070400; includeSubDomains
                        )

                )

            [body] => <Txn><Transaction success="0" reco="05" responseText="DO NOT HONOUR" pxTxn="true"><Authorized>0</Authorized><ReCo>05</ReCo><RxDate>20200826013733</RxDate><RxDateLocal>20200826013733</RxDateLocal><LocalTimeZone>UTC</LocalTimeZone><MerchantReference>Scheduled auto payment for order 175375</MerchantReference><CardName>MasterCard</CardName><Retry>0</Retry><StatusRequired>0</StatusRequired><AuthCode></AuthCode><AmountBalance>0.00</AmountBalance><Amount>69.90</Amount><CurrencyId>554</CurrencyId><InputCurrencyId>554</InputCurrencyId><InputCurrencyName>NZD</InputCurrencyName><CurrencyRate>1.00</CurrencyRate><CurrencyName>NZD</CurrencyName><CardHolderName>T I HARRIS</CardHolderName><DateSettlement>20200826</DateSettlement><TxnType>Purchase</TxnType><CardNumber>524651........17</CardNumber><TxnMac>FB6AABD5</TxnMac><DateExpiry>0720</DateExpiry><ProductId></ProductId><AcquirerDate>20200826</AcquirerDate><AcquirerTime>013733</AcquirerTime><AcquirerId>7</AcquirerId><Acquirer>ASB Legacy</Acquirer><AcquirerReCo>05</AcquirerReCo><AcquirerResponseText>DO NOT HONOUR</AcquirerResponseText><TestMode>0</TestMode><CardId>1</CardId><CardHolderResponseText>DECLINED (05)</CardHolderResponseText><CardHolderHelpText>The transaction was not approved</CardHolderHelpText><CardHolderResponseDescription>The transaction was not approved</CardHolderResponseDescription><MerchantResponseText>DO NOT HONOUR</MerchantResponseText><MerchantHelpText>The transaction was not approved</MerchantHelpText><MerchantResponseDescription>The transaction was not approved</MerchantResponseDescription><UrlFail></UrlFail><UrlSuccess></UrlSuccess><EnablePostResponse>0</EnablePostResponse><PxPayName></PxPayName><PxPayLogoSrc></PxPayLogoSrc><PxPayUserId></PxPayUserId><PxPayXsl></PxPayXsl><PxPayBgColor></PxPayBgColor><PxPayOptions></PxPayOptions><Cvc2ResultCode>NotUsed</Cvc2ResultCode><AcquirerPort>809582-80958201</AcquirerPort><AcquirerTxnRef>873809</AcquirerTxnRef><GroupAccount>2</GroupAccount><DpsTxnRef>000000080b08bddc</DpsTxnRef><AllowRetry>0</AllowRetry><DpsBillingId>0000110420130443</DpsBillingId><PhoneNumber></PhoneNumber><HomePhoneNumber></HomePhoneNumber><AccountInfo></AccountInfo><BillingId>001584949596-102</BillingId><TransactionId>0b08bddc</TransactionId><PxHostId>00000008</PxHostId><RmReason></RmReason><RmReasonId>0000000000000000</RmReasonId><RiskScore>-1</RiskScore><RiskScoreText></RiskScoreText></Transaction><RuleName></RuleName><RmReason></RmReason><RmReasonId>0000000000000000</RmReasonId><RiskScore>-1</RiskScore><RiskScoreText></RiskScoreText><ReCo>05</ReCo><ResponseText>DO NOT HONOUR</ResponseText><HelpText>The transaction was not approved</HelpText><Success>0</Success><DpsTxnRef>000000080b08bddc</DpsTxnRef><ICCResult></ICCResult><TxnRef></TxnRef></Txn>
            [response] => Array
                (
                    [code] => 200
                    [message] => OK
                )

            [cookies] => Array
                (
                )

            [filename] => 
            [http_response] => WP_HTTP_Requests_Response Object
                (
                    [response:protected] => Requests_Response Object
                        (
                            [body] => <Txn><Transaction success="0" reco="05" responseText="DO NOT HONOUR" pxTxn="true"><Authorized>0</Authorized><ReCo>05</ReCo><RxDate>20200826013733</RxDate><RxDateLocal>20200826013733</RxDateLocal><LocalTimeZone>UTC</LocalTimeZone><MerchantReference>Scheduled auto payment for order 175375</MerchantReference><CardName>MasterCard</CardName><Retry>0</Retry><StatusRequired>0</StatusRequired><AuthCode></AuthCode><AmountBalance>0.00</AmountBalance><Amount>69.90</Amount><CurrencyId>554</CurrencyId><InputCurrencyId>554</InputCurrencyId><InputCurrencyName>NZD</InputCurrencyName><CurrencyRate>1.00</CurrencyRate><CurrencyName>NZD</CurrencyName><CardHolderName>T I HARRIS</CardHolderName><DateSettlement>20200826</DateSettlement><TxnType>Purchase</TxnType><CardNumber>524651........17</CardNumber><TxnMac>FB6AABD5</TxnMac><DateExpiry>0720</DateExpiry><ProductId></ProductId><AcquirerDate>20200826</AcquirerDate><AcquirerTime>013733</AcquirerTime><AcquirerId>7</AcquirerId><Acquirer>ASB Legacy</Acquirer><AcquirerReCo>05</AcquirerReCo><AcquirerResponseText>DO NOT HONOUR</AcquirerResponseText><TestMode>0</TestMode><CardId>1</CardId><CardHolderResponseText>DECLINED (05)</CardHolderResponseText><CardHolderHelpText>The transaction was not approved</CardHolderHelpText><CardHolderResponseDescription>The transaction was not approved</CardHolderResponseDescription><MerchantResponseText>DO NOT HONOUR</MerchantResponseText><MerchantHelpText>The transaction was not approved</MerchantHelpText><MerchantResponseDescription>The transaction was not approved</MerchantResponseDescription><UrlFail></UrlFail><UrlSuccess></UrlSuccess><EnablePostResponse>0</EnablePostResponse><PxPayName></PxPayName><PxPayLogoSrc></PxPayLogoSrc><PxPayUserId></PxPayUserId><PxPayXsl></PxPayXsl><PxPayBgColor></PxPayBgColor><PxPayOptions></PxPayOptions><Cvc2ResultCode>NotUsed</Cvc2ResultCode><AcquirerPort>809582-80958201</AcquirerPort><AcquirerTxnRef>873809</AcquirerTxnRef><GroupAccount>2</GroupAccount><DpsTxnRef>000000080b08bddc</DpsTxnRef><AllowRetry>0</AllowRetry><DpsBillingId>0000110420130443</DpsBillingId><PhoneNumber></PhoneNumber><HomePhoneNumber></HomePhoneNumber><AccountInfo></AccountInfo><BillingId>001584949596-102</BillingId><TransactionId>0b08bddc</TransactionId><PxHostId>00000008</PxHostId><RmReason></RmReason><RmReasonId>0000000000000000</RmReasonId><RiskScore>-1</RiskScore><RiskScoreText></RiskScoreText></Transaction><RuleName></RuleName><RmReason></RmReason><RmReasonId>0000000000000000</RmReasonId><RiskScore>-1</RiskScore><RiskScoreText></RiskScoreText><ReCo>05</ReCo><ResponseText>DO NOT HONOUR</ResponseText><HelpText>The transaction was not approved</HelpText><Success>0</Success><DpsTxnRef>000000080b08bddc</DpsTxnRef><ICCResult></ICCResult><TxnRef></TxnRef></Txn>
                            [raw] => HTTP/1.1 200 OK
Cache-Control: private
Content-Type: application/xhtml+xml; charset=utf-8
Expires: Wed, 26 Aug 2020 01:36:33 GMT
Server: 
X-ASPNET-VERSION: 
X-POWERED-BY: 
Date: Wed, 26 Aug 2020 01:37:33 GMT
Connection: close
Content-Length: 2763
Strict-Transport-Security: max-age=16070400; includeSubDomains

<Txn><Transaction success="0" reco="05" responseText="DO NOT HONOUR" pxTxn="true"><Authorized>0</Authorized><ReCo>05</ReCo><RxDate>20200826013733</RxDate><RxDateLocal>20200826013733</RxDateLocal><LocalTimeZone>UTC</LocalTimeZone><MerchantReference>Scheduled auto payment for order 175375</MerchantReference><CardName>MasterCard</CardName><Retry>0</Retry><StatusRequired>0</StatusRequired><AuthCode></AuthCode><AmountBalance>0.00</AmountBalance><Amount>69.90</Amount><CurrencyId>554</CurrencyId><InputCurrencyId>554</InputCurrencyId><InputCurrencyName>NZD</InputCurrencyName><CurrencyRate>1.00</CurrencyRate><CurrencyName>NZD</CurrencyName><CardHolderName>T I HARRIS</CardHolderName><DateSettlement>20200826</DateSettlement><TxnType>Purchase</TxnType><CardNumber>524651........17</CardNumber><TxnMac>FB6AABD5</TxnMac><DateExpiry>0720</DateExpiry><ProductId></ProductId><AcquirerDate>20200826</AcquirerDate><AcquirerTime>013733</AcquirerTime><AcquirerId>7</AcquirerId><Acquirer>ASB Legacy</Acquirer><AcquirerReCo>05</AcquirerReCo><AcquirerResponseText>DO NOT HONOUR</AcquirerResponseText><TestMode>0</TestMode><CardId>1</CardId><CardHolderResponseText>DECLINED (05)</CardHolderResponseText><CardHolderHelpText>The transaction was not approved</CardHolderHelpText><CardHolderResponseDescription>The transaction was not approved</CardHolderResponseDescription><MerchantResponseText>DO NOT HONOUR</MerchantResponseText><MerchantHelpText>The transaction was not approved</MerchantHelpText><MerchantResponseDescription>The transaction was not approved</MerchantResponseDescription><UrlFail></UrlFail><UrlSuccess></UrlSuccess><EnablePostResponse>0</EnablePostResponse><PxPayName></PxPayName><PxPayLogoSrc></PxPayLogoSrc><PxPayUserId></PxPayUserId><PxPayXsl></PxPayXsl><PxPayBgColor></PxPayBgColor><PxPayOptions></PxPayOptions><Cvc2ResultCode>NotUsed</Cvc2ResultCode><AcquirerPort>809582-80958201</AcquirerPort><AcquirerTxnRef>873809</AcquirerTxnRef><GroupAccount>2</GroupAccount><DpsTxnRef>000000080b08bddc</DpsTxnRef><AllowRetry>0</AllowRetry><DpsBillingId>0000110420130443</DpsBillingId><PhoneNumber></PhoneNumber><HomePhoneNumber></HomePhoneNumber><AccountInfo></AccountInfo><BillingId>001584949596-102</BillingId><TransactionId>0b08bddc</TransactionId><PxHostId>00000008</PxHostId><RmReason></RmReason><RmReasonId>0000000000000000</RmReasonId><RiskScore>-1</RiskScore><RiskScoreText></RiskScoreText></Transaction><RuleName></RuleName><RmReason></RmReason><RmReasonId>0000000000000000</RmReasonId><RiskScore>-1</RiskScore><RiskScoreText></RiskScoreText><ReCo>05</ReCo><ResponseText>DO NOT HONOUR</ResponseText><HelpText>The transaction was not approved</HelpText><Success>0</Success><DpsTxnRef>000000080b08bddc</DpsTxnRef><ICCResult></ICCResult><TxnRef></TxnRef></Txn>
                            [headers] => Requests_Response_Headers Object
                                (
                                    [data:protected] => Array
                                        (
                                            [cache-control] => Array
                                                (
                                                    [0] => private
                                                )

                                            [content-type] => Array
                                                (
                                                    [0] => application/xhtml+xml; charset=utf-8
                                                )

                                            [expires] => Array
                                                (
                                                    [0] => Wed, 26 Aug 2020 01:36:33 GMT
                                                )

                                            [server] => Array
                                                (
                                                    [0] => 
                                                )

                                            [x-aspnet-version] => Array
                                                (
                                                    [0] => 
                                                )

                                            [x-powered-by] => Array
                                                (
                                                    [0] => 
                                                )

                                            [date] => Array
                                                (
                                                    [0] => Wed, 26 Aug 2020 01:37:33 GMT
                                                )

                                            [content-length] => Array
                                                (
                                                    [0] => 2763
                                                )

                                            [strict-transport-security] => Array
                                                (
                                                    [0] => max-age=16070400; includeSubDomains
                                                )

                                        )

                                )

                            [status_code] => 200
                            [protocol_version] => 1.1
                            [success] => 1
                            [redirects] => 0
                            [url] => https://sec.paymentexpress.com/pxpost.aspx
                            [history] => Array
                                (
                                )

                            [cookies] => Requests_Cookie_Jar Object
                                (
                                    [cookies:protected] => Array
                                        (
                                        )

                                )

                        )

                    [filename:protected] => 
                    [data] => 
                    [headers] => 
                    [status] => 
                )

        )

)

08-26-2020 @ 13:37:34 - Array
(
    [pxpost server url] => https://sec.paymentexpress.com/pxpost.aspx
)

08-26-2020 @ 13:37:34 - Array
(
    [txn request] => <Txn><BillingId>001584949596-102</BillingId><PostUsername>HotShotBroadband</PostUsername><PostPassword>3Qo75sgT386</PostPassword><Amount>69.90</Amount><InputCurrency>NZD</InputCurrency><CardHolderName></CardHolderName><TxnType>Purchase</TxnType><MerchantReference>Scheduled auto payment for order 175375</MerchantReference></Txn>
)

08-26-2020 @ 13:37:34 - Array
(
    [Subscription renewal results] => '<Txn><Transaction success="0" reco="05" responseText="DO NOT HONOUR" pxTxn="true"><Authorized>0</Authorized><ReCo>05</ReCo><RxDate>20200826013733</RxDate><RxDateLocal>20200826013733</RxDateLocal><LocalTimeZone>UTC</LocalTimeZone><MerchantReference>Scheduled auto payment for order 175375</MerchantReference><CardName>MasterCard</CardName><Retry>0</Retry><StatusRequired>0</StatusRequired><AuthCode></AuthCode><AmountBalance>0.00</AmountBalance><Amount>69.90</Amount><CurrencyId>554</CurrencyId><InputCurrencyId>554</InputCurrencyId><InputCurrencyName>NZD</InputCurrencyName><CurrencyRate>1.00</CurrencyRate><CurrencyName>NZD</CurrencyName><CardHolderName>T I HARRIS</CardHolderName><DateSettlement>20200826</DateSettlement><TxnType>Purchase</TxnType><CardNumber>524651........17</CardNumber><TxnMac>FB6AABD5</TxnMac><DateExpiry>0720</DateExpiry><ProductId></ProductId><AcquirerDate>20200826</AcquirerDate><AcquirerTime>013733</AcquirerTime><AcquirerId>7</AcquirerId><Acquirer>ASB Legacy</Acquirer><AcquirerReCo>05</AcquirerReCo><AcquirerResponseText>DO NOT HONOUR</AcquirerResponseText><TestMode>0</TestMode><CardId>1</CardId><CardHolderResponseText>DECLINED (05)</CardHolderResponseText><CardHolderHelpText>The transaction was not approved</CardHolderHelpText><CardHolderResponseDescription>The transaction was not approved</CardHolderResponseDescription><MerchantResponseText>DO NOT HONOUR</MerchantResponseText><MerchantHelpText>The transaction was not approved</MerchantHelpText><MerchantResponseDescription>The transaction was not approved</MerchantResponseDescription><UrlFail></UrlFail><UrlSuccess></UrlSuccess><EnablePostResponse>0</EnablePostResponse><PxPayName></PxPayName><PxPayLogoSrc></PxPayLogoSrc><PxPayUserId></PxPayUserId><PxPayXsl></PxPayXsl><PxPayBgColor></PxPayBgColor><PxPayOptions></PxPayOptions><Cvc2ResultCode>NotUsed</Cvc2ResultCode><AcquirerPort>809582-80958201</AcquirerPort><AcquirerTxnRef>873809</AcquirerTxnRef><GroupAccount>2</GroupAccount><DpsTxnRef>000000080b08bddc</DpsTxnRef><AllowRetry>0</AllowRetry><DpsBillingId>0000110420130443</DpsBillingId><PhoneNumber></PhoneNumber><HomePhoneNumber></HomePhoneNumber><AccountInfo></AccountInfo><BillingId>001584949596-102</BillingId><TransactionId>0b08bddc</TransactionId><PxHostId>00000008</PxHostId><RmReason></RmReason><RmReasonId>0000000000000000</RmReasonId><RiskScore>-1</RiskScore><RiskScoreText></RiskScoreText></Transaction><RuleName></RuleName><RmReason></RmReason><RmReasonId>0000000000000000</RmReasonId><RiskScore>-1</RiskScore><RiskScoreText></RiskScoreText><ReCo>05</ReCo><ResponseText>DO NOT HONOUR</ResponseText><HelpText>The transaction was not approved</HelpText><Success>0</Success><DpsTxnRef>000000080b08bddc</DpsTxnRef><ICCResult></ICCResult><TxnRef></TxnRef></Txn>'
)

08-26-2020 @ 13:40:54 - Array
(
    [userID and BillingId] => Array
        (
            [userid] => 189
            [BillingId] => 001580357952-189
        )

)

08-26-2020 @ 13:40:54 - Array
(
    [XML request] => <Txn><BillingId>001580357952-189</BillingId><PostUsername>HotShotBroadband</PostUsername><PostPassword>3Qo75sgT386</PostPassword><Amount>69.90</Amount><InputCurrency>NZD</InputCurrency><CardHolderName></CardHolderName><TxnType>Purchase</TxnType><MerchantReference>Scheduled auto payment for order 180584</MerchantReference></Txn>
)

08-26-2020 @ 13:40:55 - Array
(
    [requestProcess[851]>>>] => Array
        (
            [headers] => Requests_Utility_CaseInsensitiveDictionary Object
                (
                    [data:protected] => Array
                        (
                            [cache-control] => private
                            [content-type] => application/xhtml+xml; charset=utf-8
                            [expires] => Wed, 26 Aug 2020 01:39:54 GMT
                            [server] => 
                            [x-aspnet-version] => 
                            [x-powered-by] => 
                            [date] => Wed, 26 Aug 2020 01:40:55 GMT
                            [content-length] => 2713
                            [strict-transport-security] => max-age=16070400; includeSubDomains
                        )

                )

            [body] => <Txn><Transaction success="1" reco="00" responseText="APPROVED" pxTxn="true"><Authorized>1</Authorized><ReCo>00</ReCo><RxDate>20200826014054</RxDate><RxDateLocal>20200826014054</RxDateLocal><LocalTimeZone>UTC</LocalTimeZone><MerchantReference>Scheduled auto payment for order 180584</MerchantReference><CardName>Visa</CardName><Retry>0</Retry><StatusRequired>0</StatusRequired><AuthCode>153811</AuthCode><AmountBalance>0.00</AmountBalance><Amount>69.90</Amount><CurrencyId>554</CurrencyId><InputCurrencyId>554</InputCurrencyId><InputCurrencyName>NZD</InputCurrencyName><CurrencyRate>1.00</CurrencyRate><CurrencyName>NZD</CurrencyName><CardHolderName>J R BEAUTRAIS</CardHolderName><DateSettlement>20200826</DateSettlement><TxnType>Purchase</TxnType><CardNumber>483741........50</CardNumber><TxnMac>D89F339D</TxnMac><DateExpiry>0520</DateExpiry><ProductId></ProductId><AcquirerDate>20200826</AcquirerDate><AcquirerTime>014054</AcquirerTime><AcquirerId>7</AcquirerId><Acquirer>ASB Legacy</Acquirer><AcquirerReCo>00</AcquirerReCo><AcquirerResponseText>APPROVED</AcquirerResponseText><TestMode>0</TestMode><CardId>2</CardId><CardHolderResponseText>APPROVED</CardHolderResponseText><CardHolderHelpText>The Transaction was approved</CardHolderHelpText><CardHolderResponseDescription>The Transaction was approved</CardHolderResponseDescription><MerchantResponseText>APPROVED</MerchantResponseText><MerchantHelpText>The Transaction was approved</MerchantHelpText><MerchantResponseDescription>The Transaction was approved</MerchantResponseDescription><UrlFail></UrlFail><UrlSuccess></UrlSuccess><EnablePostResponse>0</EnablePostResponse><PxPayName></PxPayName><PxPayLogoSrc></PxPayLogoSrc><PxPayUserId></PxPayUserId><PxPayXsl></PxPayXsl><PxPayBgColor></PxPayBgColor><PxPayOptions></PxPayOptions><Cvc2ResultCode>NotUsed</Cvc2ResultCode><AcquirerPort>809582-80958201</AcquirerPort><AcquirerTxnRef>874003</AcquirerTxnRef><GroupAccount>2</GroupAccount><DpsTxnRef>000000080b08e694</DpsTxnRef><AllowRetry>0</AllowRetry><DpsBillingId>0000110401058173</DpsBillingId><PhoneNumber></PhoneNumber><HomePhoneNumber></HomePhoneNumber><AccountInfo></AccountInfo><BillingId>001580357952-189</BillingId><TransactionId>0b08e694</TransactionId><PxHostId>00000008</PxHostId><RmReason></RmReason><RmReasonId>0000000000000000</RmReasonId><RiskScore>-1</RiskScore><RiskScoreText></RiskScoreText></Transaction><RuleName></RuleName><RmReason></RmReason><RmReasonId>0000000000000000</RmReasonId><RiskScore>-1</RiskScore><RiskScoreText></RiskScoreText><ReCo>00</ReCo><ResponseText>APPROVED</ResponseText><HelpText>Transaction Approved</HelpText><Success>1</Success><DpsTxnRef>000000080b08e694</DpsTxnRef><ICCResult></ICCResult><TxnRef></TxnRef></Txn>
            [response] => Array
                (
                    [code] => 200
                    [message] => OK
                )

            [cookies] => Array
                (
                )

            [filename] => 
            [http_response] => WP_HTTP_Requests_Response Object
                (
                    [response:protected] => Requests_Response Object
                        (
                            [body] => <Txn><Transaction success="1" reco="00" responseText="APPROVED" pxTxn="true"><Authorized>1</Authorized><ReCo>00</ReCo><RxDate>20200826014054</RxDate><RxDateLocal>20200826014054</RxDateLocal><LocalTimeZone>UTC</LocalTimeZone><MerchantReference>Scheduled auto payment for order 180584</MerchantReference><CardName>Visa</CardName><Retry>0</Retry><StatusRequired>0</StatusRequired><AuthCode>153811</AuthCode><AmountBalance>0.00</AmountBalance><Amount>69.90</Amount><CurrencyId>554</CurrencyId><InputCurrencyId>554</InputCurrencyId><InputCurrencyName>NZD</InputCurrencyName><CurrencyRate>1.00</CurrencyRate><CurrencyName>NZD</CurrencyName><CardHolderName>J R BEAUTRAIS</CardHolderName><DateSettlement>20200826</DateSettlement><TxnType>Purchase</TxnType><CardNumber>483741........50</CardNumber><TxnMac>D89F339D</TxnMac><DateExpiry>0520</DateExpiry><ProductId></ProductId><AcquirerDate>20200826</AcquirerDate><AcquirerTime>014054</AcquirerTime><AcquirerId>7</AcquirerId><Acquirer>ASB Legacy</Acquirer><AcquirerReCo>00</AcquirerReCo><AcquirerResponseText>APPROVED</AcquirerResponseText><TestMode>0</TestMode><CardId>2</CardId><CardHolderResponseText>APPROVED</CardHolderResponseText><CardHolderHelpText>The Transaction was approved</CardHolderHelpText><CardHolderResponseDescription>The Transaction was approved</CardHolderResponseDescription><MerchantResponseText>APPROVED</MerchantResponseText><MerchantHelpText>The Transaction was approved</MerchantHelpText><MerchantResponseDescription>The Transaction was approved</MerchantResponseDescription><UrlFail></UrlFail><UrlSuccess></UrlSuccess><EnablePostResponse>0</EnablePostResponse><PxPayName></PxPayName><PxPayLogoSrc></PxPayLogoSrc><PxPayUserId></PxPayUserId><PxPayXsl></PxPayXsl><PxPayBgColor></PxPayBgColor><PxPayOptions></PxPayOptions><Cvc2ResultCode>NotUsed</Cvc2ResultCode><AcquirerPort>809582-80958201</AcquirerPort><AcquirerTxnRef>874003</AcquirerTxnRef><GroupAccount>2</GroupAccount><DpsTxnRef>000000080b08e694</DpsTxnRef><AllowRetry>0</AllowRetry><DpsBillingId>0000110401058173</DpsBillingId><PhoneNumber></PhoneNumber><HomePhoneNumber></HomePhoneNumber><AccountInfo></AccountInfo><BillingId>001580357952-189</BillingId><TransactionId>0b08e694</TransactionId><PxHostId>00000008</PxHostId><RmReason></RmReason><RmReasonId>0000000000000000</RmReasonId><RiskScore>-1</RiskScore><RiskScoreText></RiskScoreText></Transaction><RuleName></RuleName><RmReason></RmReason><RmReasonId>0000000000000000</RmReasonId><RiskScore>-1</RiskScore><RiskScoreText></RiskScoreText><ReCo>00</ReCo><ResponseText>APPROVED</ResponseText><HelpText>Transaction Approved</HelpText><Success>1</Success><DpsTxnRef>000000080b08e694</DpsTxnRef><ICCResult></ICCResult><TxnRef></TxnRef></Txn>
                            [raw] => HTTP/1.1 200 OK
Cache-Control: private
Content-Type: application/xhtml+xml; charset=utf-8
Expires: Wed, 26 Aug 2020 01:39:54 GMT
Server: 
X-ASPNET-VERSION: 
X-POWERED-BY: 
Date: Wed, 26 Aug 2020 01:40:55 GMT
Connection: close
Content-Length: 2713
Strict-Transport-Security: max-age=16070400; includeSubDomains

<Txn><Transaction success="1" reco="00" responseText="APPROVED" pxTxn="true"><Authorized>1</Authorized><ReCo>00</ReCo><RxDate>20200826014054</RxDate><RxDateLocal>20200826014054</RxDateLocal><LocalTimeZone>UTC</LocalTimeZone><MerchantReference>Scheduled auto payment for order 180584</MerchantReference><CardName>Visa</CardName><Retry>0</Retry><StatusRequired>0</StatusRequired><AuthCode>153811</AuthCode><AmountBalance>0.00</AmountBalance><Amount>69.90</Amount><CurrencyId>554</CurrencyId><InputCurrencyId>554</InputCurrencyId><InputCurrencyName>NZD</InputCurrencyName><CurrencyRate>1.00</CurrencyRate><CurrencyName>NZD</CurrencyName><CardHolderName>J R BEAUTRAIS</CardHolderName><DateSettlement>20200826</DateSettlement><TxnType>Purchase</TxnType><CardNumber>483741........50</CardNumber><TxnMac>D89F339D</TxnMac><DateExpiry>0520</DateExpiry><ProductId></ProductId><AcquirerDate>20200826</AcquirerDate><AcquirerTime>014054</AcquirerTime><AcquirerId>7</AcquirerId><Acquirer>ASB Legacy</Acquirer><AcquirerReCo>00</AcquirerReCo><AcquirerResponseText>APPROVED</AcquirerResponseText><TestMode>0</TestMode><CardId>2</CardId><CardHolderResponseText>APPROVED</CardHolderResponseText><CardHolderHelpText>The Transaction was approved</CardHolderHelpText><CardHolderResponseDescription>The Transaction was approved</CardHolderResponseDescription><MerchantResponseText>APPROVED</MerchantResponseText><MerchantHelpText>The Transaction was approved</MerchantHelpText><MerchantResponseDescription>The Transaction was approved</MerchantResponseDescription><UrlFail></UrlFail><UrlSuccess></UrlSuccess><EnablePostResponse>0</EnablePostResponse><PxPayName></PxPayName><PxPayLogoSrc></PxPayLogoSrc><PxPayUserId></PxPayUserId><PxPayXsl></PxPayXsl><PxPayBgColor></PxPayBgColor><PxPayOptions></PxPayOptions><Cvc2ResultCode>NotUsed</Cvc2ResultCode><AcquirerPort>809582-80958201</AcquirerPort><AcquirerTxnRef>874003</AcquirerTxnRef><GroupAccount>2</GroupAccount><DpsTxnRef>000000080b08e694</DpsTxnRef><AllowRetry>0</AllowRetry><DpsBillingId>0000110401058173</DpsBillingId><PhoneNumber></PhoneNumber><HomePhoneNumber></HomePhoneNumber><AccountInfo></AccountInfo><BillingId>001580357952-189</BillingId><TransactionId>0b08e694</TransactionId><PxHostId>00000008</PxHostId><RmReason></RmReason><RmReasonId>0000000000000000</RmReasonId><RiskScore>-1</RiskScore><RiskScoreText></RiskScoreText></Transaction><RuleName></RuleName><RmReason></RmReason><RmReasonId>0000000000000000</RmReasonId><RiskScore>-1</RiskScore><RiskScoreText></RiskScoreText><ReCo>00</ReCo><ResponseText>APPROVED</ResponseText><HelpText>Transaction Approved</HelpText><Success>1</Success><DpsTxnRef>000000080b08e694</DpsTxnRef><ICCResult></ICCResult><TxnRef></TxnRef></Txn>
                            [headers] => Requests_Response_Headers Object
                                (
                                    [data:protected] => Array
                                        (
                                            [cache-control] => Array
                                                (
                                                    [0] => private
                                                )

                                            [content-type] => Array
                                                (
                                                    [0] => application/xhtml+xml; charset=utf-8
                                                )

                                            [expires] => Array
                                                (
                                                    [0] => Wed, 26 Aug 2020 01:39:54 GMT
                                                )

                                            [server] => Array
                                                (
                                                    [0] => 
                                                )

                                            [x-aspnet-version] => Array
                                                (
                                                    [0] => 
                                                )

                                            [x-powered-by] => Array
                                                (
                                                    [0] => 
                                                )

                                            [date] => Array
                                                (
                                                    [0] => Wed, 26 Aug 2020 01:40:55 GMT
                                                )

                                            [content-length] => Array
                                                (
                                                    [0] => 2713
                                                )

                                            [strict-transport-security] => Array
                                                (
                                                    [0] => max-age=16070400; includeSubDomains
                                                )

                                        )

                                )

                            [status_code] => 200
                            [protocol_version] => 1.1
                            [success] => 1
                            [redirects] => 0
                            [url] => https://sec.paymentexpress.com/pxpost.aspx
                            [history] => Array
                                (
                                )

                            [cookies] => Requests_Cookie_Jar Object
                                (
                                    [cookies:protected] => Array
                                        (
                                        )

                                )

                        )

                    [filename:protected] => 
                    [data] => 
                    [headers] => 
                    [status] => 
                )

        )

)

08-26-2020 @ 13:40:55 - Array
(
    [pxpost server url] => https://sec.paymentexpress.com/pxpost.aspx
)

08-26-2020 @ 13:40:55 - Array
(
    [txn request] => <Txn><BillingId>001580357952-189</BillingId><PostUsername>HotShotBroadband</PostUsername><PostPassword>3Qo75sgT386</PostPassword><Amount>69.90</Amount><InputCurrency>NZD</InputCurrency><CardHolderName></CardHolderName><TxnType>Purchase</TxnType><MerchantReference>Scheduled auto payment for order 180584</MerchantReference></Txn>
)

08-26-2020 @ 13:40:55 - Array
(
    [Subscription renewal results] => '<Txn><Transaction success="1" reco="00" responseText="APPROVED" pxTxn="true"><Authorized>1</Authorized><ReCo>00</ReCo><RxDate>20200826014054</RxDate><RxDateLocal>20200826014054</RxDateLocal><LocalTimeZone>UTC</LocalTimeZone><MerchantReference>Scheduled auto payment for order 180584</MerchantReference><CardName>Visa</CardName><Retry>0</Retry><StatusRequired>0</StatusRequired><AuthCode>153811</AuthCode><AmountBalance>0.00</AmountBalance><Amount>69.90</Amount><CurrencyId>554</CurrencyId><InputCurrencyId>554</InputCurrencyId><InputCurrencyName>NZD</InputCurrencyName><CurrencyRate>1.00</CurrencyRate><CurrencyName>NZD</CurrencyName><CardHolderName>J R BEAUTRAIS</CardHolderName><DateSettlement>20200826</DateSettlement><TxnType>Purchase</TxnType><CardNumber>483741........50</CardNumber><TxnMac>D89F339D</TxnMac><DateExpiry>0520</DateExpiry><ProductId></ProductId><AcquirerDate>20200826</AcquirerDate><AcquirerTime>014054</AcquirerTime><AcquirerId>7</AcquirerId><Acquirer>ASB Legacy</Acquirer><AcquirerReCo>00</AcquirerReCo><AcquirerResponseText>APPROVED</AcquirerResponseText><TestMode>0</TestMode><CardId>2</CardId><CardHolderResponseText>APPROVED</CardHolderResponseText><CardHolderHelpText>The Transaction was approved</CardHolderHelpText><CardHolderResponseDescription>The Transaction was approved</CardHolderResponseDescription><MerchantResponseText>APPROVED</MerchantResponseText><MerchantHelpText>The Transaction was approved</MerchantHelpText><MerchantResponseDescription>The Transaction was approved</MerchantResponseDescription><UrlFail></UrlFail><UrlSuccess></UrlSuccess><EnablePostResponse>0</EnablePostResponse><PxPayName></PxPayName><PxPayLogoSrc></PxPayLogoSrc><PxPayUserId></PxPayUserId><PxPayXsl></PxPayXsl><PxPayBgColor></PxPayBgColor><PxPayOptions></PxPayOptions><Cvc2ResultCode>NotUsed</Cvc2ResultCode><AcquirerPort>809582-80958201</AcquirerPort><AcquirerTxnRef>874003</AcquirerTxnRef><GroupAccount>2</GroupAccount><DpsTxnRef>000000080b08e694</DpsTxnRef><AllowRetry>0</AllowRetry><DpsBillingId>0000110401058173</DpsBillingId><PhoneNumber></PhoneNumber><HomePhoneNumber></HomePhoneNumber><AccountInfo></AccountInfo><BillingId>001580357952-189</BillingId><TransactionId>0b08e694</TransactionId><PxHostId>00000008</PxHostId><RmReason></RmReason><RmReasonId>0000000000000000</RmReasonId><RiskScore>-1</RiskScore><RiskScoreText></RiskScoreText></Transaction><RuleName></RuleName><RmReason></RmReason><RmReasonId>0000000000000000</RmReasonId><RiskScore>-1</RiskScore><RiskScoreText></RiskScoreText><ReCo>00</ReCo><ResponseText>APPROVED</ResponseText><HelpText>Transaction Approved</HelpText><Success>1</Success><DpsTxnRef>000000080b08e694</DpsTxnRef><ICCResult></ICCResult><TxnRef></TxnRef></Txn>'
)

08-26-2020 @ 13:41:01 - Array
(
    [userID and BillingId] => Array
        (
            [userid] => 182
            [BillingId] => 001584673098-182
        )

)

08-26-2020 @ 13:41:01 - Array
(
    [XML request] => <Txn><BillingId>001584673098-182</BillingId><PostUsername>HotShotBroadband</PostUsername><PostPassword>3Qo75sgT386</PostPassword><Amount>69.90</Amount><InputCurrency>NZD</InputCurrency><CardHolderName></CardHolderName><TxnType>Purchase</TxnType><MerchantReference>Scheduled auto payment for order 180591</MerchantReference></Txn>
)

08-26-2020 @ 13:41:02 - Array
(
    [requestProcess[851]>>>] => Array
        (
            [headers] => Requests_Utility_CaseInsensitiveDictionary Object
                (
                    [data:protected] => Array
                        (
                            [cache-control] => private
                            [content-type] => application/xhtml+xml; charset=utf-8
                            [expires] => Wed, 26 Aug 2020 01:40:01 GMT
                            [server] => 
                            [x-aspnet-version] => 
                            [x-powered-by] => 
                            [date] => Wed, 26 Aug 2020 01:41:02 GMT
                            [content-length] => 2715
                            [strict-transport-security] => max-age=16070400; includeSubDomains
                        )

                )

            [body] => <Txn><Transaction success="1" reco="00" responseText="APPROVED" pxTxn="true"><Authorized>1</Authorized><ReCo>00</ReCo><RxDate>20200826014101</RxDate><RxDateLocal>20200826014101</RxDateLocal><LocalTimeZone>UTC</LocalTimeZone><MerchantReference>Scheduled auto payment for order 180591</MerchantReference><CardName>Visa</CardName><Retry>0</Retry><StatusRequired>0</StatusRequired><AuthCode>160555</AuthCode><AmountBalance>0.00</AmountBalance><Amount>69.90</Amount><CurrencyId>554</CurrencyId><InputCurrencyId>554</InputCurrencyId><InputCurrencyName>NZD</InputCurrencyName><CurrencyRate>1.00</CurrencyRate><CurrencyName>NZD</CurrencyName><CardHolderName>VISA DEBIT CARD</CardHolderName><DateSettlement>20200826</DateSettlement><TxnType>Purchase</TxnType><CardNumber>483741........18</CardNumber><TxnMac>116A8119</TxnMac><DateExpiry>0223</DateExpiry><ProductId></ProductId><AcquirerDate>20200826</AcquirerDate><AcquirerTime>014101</AcquirerTime><AcquirerId>7</AcquirerId><Acquirer>ASB Legacy</Acquirer><AcquirerReCo>00</AcquirerReCo><AcquirerResponseText>APPROVED</AcquirerResponseText><TestMode>0</TestMode><CardId>2</CardId><CardHolderResponseText>APPROVED</CardHolderResponseText><CardHolderHelpText>The Transaction was approved</CardHolderHelpText><CardHolderResponseDescription>The Transaction was approved</CardHolderResponseDescription><MerchantResponseText>APPROVED</MerchantResponseText><MerchantHelpText>The Transaction was approved</MerchantHelpText><MerchantResponseDescription>The Transaction was approved</MerchantResponseDescription><UrlFail></UrlFail><UrlSuccess></UrlSuccess><EnablePostResponse>0</EnablePostResponse><PxPayName></PxPayName><PxPayLogoSrc></PxPayLogoSrc><PxPayUserId></PxPayUserId><PxPayXsl></PxPayXsl><PxPayBgColor></PxPayBgColor><PxPayOptions></PxPayOptions><Cvc2ResultCode>NotUsed</Cvc2ResultCode><AcquirerPort>809582-80958201</AcquirerPort><AcquirerTxnRef>874008</AcquirerTxnRef><GroupAccount>2</GroupAccount><DpsTxnRef>000000080b08e864</DpsTxnRef><AllowRetry>0</AllowRetry><DpsBillingId>0000110419122116</DpsBillingId><PhoneNumber></PhoneNumber><HomePhoneNumber></HomePhoneNumber><AccountInfo></AccountInfo><BillingId>001584673098-182</BillingId><TransactionId>0b08e864</TransactionId><PxHostId>00000008</PxHostId><RmReason></RmReason><RmReasonId>0000000000000000</RmReasonId><RiskScore>-1</RiskScore><RiskScoreText></RiskScoreText></Transaction><RuleName></RuleName><RmReason></RmReason><RmReasonId>0000000000000000</RmReasonId><RiskScore>-1</RiskScore><RiskScoreText></RiskScoreText><ReCo>00</ReCo><ResponseText>APPROVED</ResponseText><HelpText>Transaction Approved</HelpText><Success>1</Success><DpsTxnRef>000000080b08e864</DpsTxnRef><ICCResult></ICCResult><TxnRef></TxnRef></Txn>
            [response] => Array
                (
                    [code] => 200
                    [message] => OK
                )

            [cookies] => Array
                (
                )

            [filename] => 
            [http_response] => WP_HTTP_Requests_Response Object
                (
                    [response:protected] => Requests_Response Object
                        (
                            [body] => <Txn><Transaction success="1" reco="00" responseText="APPROVED" pxTxn="true"><Authorized>1</Authorized><ReCo>00</ReCo><RxDate>20200826014101</RxDate><RxDateLocal>20200826014101</RxDateLocal><LocalTimeZone>UTC</LocalTimeZone><MerchantReference>Scheduled auto payment for order 180591</MerchantReference><CardName>Visa</CardName><Retry>0</Retry><StatusRequired>0</StatusRequired><AuthCode>160555</AuthCode><AmountBalance>0.00</AmountBalance><Amount>69.90</Amount><CurrencyId>554</CurrencyId><InputCurrencyId>554</InputCurrencyId><InputCurrencyName>NZD</InputCurrencyName><CurrencyRate>1.00</CurrencyRate><CurrencyName>NZD</CurrencyName><CardHolderName>VISA DEBIT CARD</CardHolderName><DateSettlement>20200826</DateSettlement><TxnType>Purchase</TxnType><CardNumber>483741........18</CardNumber><TxnMac>116A8119</TxnMac><DateExpiry>0223</DateExpiry><ProductId></ProductId><AcquirerDate>20200826</AcquirerDate><AcquirerTime>014101</AcquirerTime><AcquirerId>7</AcquirerId><Acquirer>ASB Legacy</Acquirer><AcquirerReCo>00</AcquirerReCo><AcquirerResponseText>APPROVED</AcquirerResponseText><TestMode>0</TestMode><CardId>2</CardId><CardHolderResponseText>APPROVED</CardHolderResponseText><CardHolderHelpText>The Transaction was approved</CardHolderHelpText><CardHolderResponseDescription>The Transaction was approved</CardHolderResponseDescription><MerchantResponseText>APPROVED</MerchantResponseText><MerchantHelpText>The Transaction was approved</MerchantHelpText><MerchantResponseDescription>The Transaction was approved</MerchantResponseDescription><UrlFail></UrlFail><UrlSuccess></UrlSuccess><EnablePostResponse>0</EnablePostResponse><PxPayName></PxPayName><PxPayLogoSrc></PxPayLogoSrc><PxPayUserId></PxPayUserId><PxPayXsl></PxPayXsl><PxPayBgColor></PxPayBgColor><PxPayOptions></PxPayOptions><Cvc2ResultCode>NotUsed</Cvc2ResultCode><AcquirerPort>809582-80958201</AcquirerPort><AcquirerTxnRef>874008</AcquirerTxnRef><GroupAccount>2</GroupAccount><DpsTxnRef>000000080b08e864</DpsTxnRef><AllowRetry>0</AllowRetry><DpsBillingId>0000110419122116</DpsBillingId><PhoneNumber></PhoneNumber><HomePhoneNumber></HomePhoneNumber><AccountInfo></AccountInfo><BillingId>001584673098-182</BillingId><TransactionId>0b08e864</TransactionId><PxHostId>00000008</PxHostId><RmReason></RmReason><RmReasonId>0000000000000000</RmReasonId><RiskScore>-1</RiskScore><RiskScoreText></RiskScoreText></Transaction><RuleName></RuleName><RmReason></RmReason><RmReasonId>0000000000000000</RmReasonId><RiskScore>-1</RiskScore><RiskScoreText></RiskScoreText><ReCo>00</ReCo><ResponseText>APPROVED</ResponseText><HelpText>Transaction Approved</HelpText><Success>1</Success><DpsTxnRef>000000080b08e864</DpsTxnRef><ICCResult></ICCResult><TxnRef></TxnRef></Txn>
                            [raw] => HTTP/1.1 200 OK
Cache-Control: private
Content-Type: application/xhtml+xml; charset=utf-8
Expires: Wed, 26 Aug 2020 01:40:01 GMT
Server: 
X-ASPNET-VERSION: 
X-POWERED-BY: 
Date: Wed, 26 Aug 2020 01:41:02 GMT
Connection: close
Content-Length: 2715
Strict-Transport-Security: max-age=16070400; includeSubDomains

<Txn><Transaction success="1" reco="00" responseText="APPROVED" pxTxn="true"><Authorized>1</Authorized><ReCo>00</ReCo><RxDate>20200826014101</RxDate><RxDateLocal>20200826014101</RxDateLocal><LocalTimeZone>UTC</LocalTimeZone><MerchantReference>Scheduled auto payment for order 180591</MerchantReference><CardName>Visa</CardName><Retry>0</Retry><StatusRequired>0</StatusRequired><AuthCode>160555</AuthCode><AmountBalance>0.00</AmountBalance><Amount>69.90</Amount><CurrencyId>554</CurrencyId><InputCurrencyId>554</InputCurrencyId><InputCurrencyName>NZD</InputCurrencyName><CurrencyRate>1.00</CurrencyRate><CurrencyName>NZD</CurrencyName><CardHolderName>VISA DEBIT CARD</CardHolderName><DateSettlement>20200826</DateSettlement><TxnType>Purchase</TxnType><CardNumber>483741........18</CardNumber><TxnMac>116A8119</TxnMac><DateExpiry>0223</DateExpiry><ProductId></ProductId><AcquirerDate>20200826</AcquirerDate><AcquirerTime>014101</AcquirerTime><AcquirerId>7</AcquirerId><Acquirer>ASB Legacy</Acquirer><AcquirerReCo>00</AcquirerReCo><AcquirerResponseText>APPROVED</AcquirerResponseText><TestMode>0</TestMode><CardId>2</CardId><CardHolderResponseText>APPROVED</CardHolderResponseText><CardHolderHelpText>The Transaction was approved</CardHolderHelpText><CardHolderResponseDescription>The Transaction was approved</CardHolderResponseDescription><MerchantResponseText>APPROVED</MerchantResponseText><MerchantHelpText>The Transaction was approved</MerchantHelpText><MerchantResponseDescription>The Transaction was approved</MerchantResponseDescription><UrlFail></UrlFail><UrlSuccess></UrlSuccess><EnablePostResponse>0</EnablePostResponse><PxPayName></PxPayName><PxPayLogoSrc></PxPayLogoSrc><PxPayUserId></PxPayUserId><PxPayXsl></PxPayXsl><PxPayBgColor></PxPayBgColor><PxPayOptions></PxPayOptions><Cvc2ResultCode>NotUsed</Cvc2ResultCode><AcquirerPort>809582-80958201</AcquirerPort><AcquirerTxnRef>874008</AcquirerTxnRef><GroupAccount>2</GroupAccount><DpsTxnRef>000000080b08e864</DpsTxnRef><AllowRetry>0</AllowRetry><DpsBillingId>0000110419122116</DpsBillingId><PhoneNumber></PhoneNumber><HomePhoneNumber></HomePhoneNumber><AccountInfo></AccountInfo><BillingId>001584673098-182</BillingId><TransactionId>0b08e864</TransactionId><PxHostId>00000008</PxHostId><RmReason></RmReason><RmReasonId>0000000000000000</RmReasonId><RiskScore>-1</RiskScore><RiskScoreText></RiskScoreText></Transaction><RuleName></RuleName><RmReason></RmReason><RmReasonId>0000000000000000</RmReasonId><RiskScore>-1</RiskScore><RiskScoreText></RiskScoreText><ReCo>00</ReCo><ResponseText>APPROVED</ResponseText><HelpText>Transaction Approved</HelpText><Success>1</Success><DpsTxnRef>000000080b08e864</DpsTxnRef><ICCResult></ICCResult><TxnRef></TxnRef></Txn>
                            [headers] => Requests_Response_Headers Object
                                (
                                    [data:protected] => Array
                                        (
                                            [cache-control] => Array
                                                (
                                                    [0] => private
                                                )

                                            [content-type] => Array
                                                (
                                                    [0] => application/xhtml+xml; charset=utf-8
                                                )

                                            [expires] => Array
                                                (
                                                    [0] => Wed, 26 Aug 2020 01:40:01 GMT
                                                )

                                            [server] => Array
                                                (
                                                    [0] => 
                                                )

                                            [x-aspnet-version] => Array
                                                (
                                                    [0] => 
                                                )

                                            [x-powered-by] => Array
                                                (
                                                    [0] => 
                                                )

                                            [date] => Array
                                                (
                                                    [0] => Wed, 26 Aug 2020 01:41:02 GMT
                                                )

                                            [content-length] => Array
                                                (
                                                    [0] => 2715
                                                )

                                            [strict-transport-security] => Array
                                                (
                                                    [0] => max-age=16070400; includeSubDomains
                                                )

                                        )

                                )

                            [status_code] => 200
                            [protocol_version] => 1.1
                            [success] => 1
                            [redirects] => 0
                            [url] => https://sec.paymentexpress.com/pxpost.aspx
                            [history] => Array
                                (
                                )

                            [cookies] => Requests_Cookie_Jar Object
                                (
                                    [cookies:protected] => Array
                                        (
                                        )

                                )

                        )

                    [filename:protected] => 
                    [data] => 
                    [headers] => 
                    [status] => 
                )

        )

)

08-26-2020 @ 13:41:02 - Array
(
    [pxpost server url] => https://sec.paymentexpress.com/pxpost.aspx
)

08-26-2020 @ 13:41:02 - Array
(
    [txn request] => <Txn><BillingId>001584673098-182</BillingId><PostUsername>HotShotBroadband</PostUsername><PostPassword>3Qo75sgT386</PostPassword><Amount>69.90</Amount><InputCurrency>NZD</InputCurrency><CardHolderName></CardHolderName><TxnType>Purchase</TxnType><MerchantReference>Scheduled auto payment for order 180591</MerchantReference></Txn>
)

08-26-2020 @ 13:41:02 - Array
(
    [Subscription renewal results] => '<Txn><Transaction success="1" reco="00" responseText="APPROVED" pxTxn="true"><Authorized>1</Authorized><ReCo>00</ReCo><RxDate>20200826014101</RxDate><RxDateLocal>20200826014101</RxDateLocal><LocalTimeZone>UTC</LocalTimeZone><MerchantReference>Scheduled auto payment for order 180591</MerchantReference><CardName>Visa</CardName><Retry>0</Retry><StatusRequired>0</StatusRequired><AuthCode>160555</AuthCode><AmountBalance>0.00</AmountBalance><Amount>69.90</Amount><CurrencyId>554</CurrencyId><InputCurrencyId>554</InputCurrencyId><InputCurrencyName>NZD</InputCurrencyName><CurrencyRate>1.00</CurrencyRate><CurrencyName>NZD</CurrencyName><CardHolderName>VISA DEBIT CARD</CardHolderName><DateSettlement>20200826</DateSettlement><TxnType>Purchase</TxnType><CardNumber>483741........18</CardNumber><TxnMac>116A8119</TxnMac><DateExpiry>0223</DateExpiry><ProductId></ProductId><AcquirerDate>20200826</AcquirerDate><AcquirerTime>014101</AcquirerTime><AcquirerId>7</AcquirerId><Acquirer>ASB Legacy</Acquirer><AcquirerReCo>00</AcquirerReCo><AcquirerResponseText>APPROVED</AcquirerResponseText><TestMode>0</TestMode><CardId>2</CardId><CardHolderResponseText>APPROVED</CardHolderResponseText><CardHolderHelpText>The Transaction was approved</CardHolderHelpText><CardHolderResponseDescription>The Transaction was approved</CardHolderResponseDescription><MerchantResponseText>APPROVED</MerchantResponseText><MerchantHelpText>The Transaction was approved</MerchantHelpText><MerchantResponseDescription>The Transaction was approved</MerchantResponseDescription><UrlFail></UrlFail><UrlSuccess></UrlSuccess><EnablePostResponse>0</EnablePostResponse><PxPayName></PxPayName><PxPayLogoSrc></PxPayLogoSrc><PxPayUserId></PxPayUserId><PxPayXsl></PxPayXsl><PxPayBgColor></PxPayBgColor><PxPayOptions></PxPayOptions><Cvc2ResultCode>NotUsed</Cvc2ResultCode><AcquirerPort>809582-80958201</AcquirerPort><AcquirerTxnRef>874008</AcquirerTxnRef><GroupAccount>2</GroupAccount><DpsTxnRef>000000080b08e864</DpsTxnRef><AllowRetry>0</AllowRetry><DpsBillingId>0000110419122116</DpsBillingId><PhoneNumber></PhoneNumber><HomePhoneNumber></HomePhoneNumber><AccountInfo></AccountInfo><BillingId>001584673098-182</BillingId><TransactionId>0b08e864</TransactionId><PxHostId>00000008</PxHostId><RmReason></RmReason><RmReasonId>0000000000000000</RmReasonId><RiskScore>-1</RiskScore><RiskScoreText></RiskScoreText></Transaction><RuleName></RuleName><RmReason></RmReason><RmReasonId>0000000000000000</RmReasonId><RiskScore>-1</RiskScore><RiskScoreText></RiskScoreText><ReCo>00</ReCo><ResponseText>APPROVED</ResponseText><HelpText>Transaction Approved</HelpText><Success>1</Success><DpsTxnRef>000000080b08e864</DpsTxnRef><ICCResult></ICCResult><TxnRef></TxnRef></Txn>'
)

08-26-2020 @ 13:50:58 - Array
(
    [userID and BillingId] => Array
        (
            [userid] => 163
            [BillingId] => 001578438641-163
        )

)

08-26-2020 @ 13:50:58 - Array
(
    [XML request] => <Txn><BillingId>001578438641-163</BillingId><PostUsername>HotShotBroadband</PostUsername><PostPassword>3Qo75sgT386</PostPassword><Amount>69.90</Amount><InputCurrency>NZD</InputCurrency><CardHolderName></CardHolderName><TxnType>Purchase</TxnType><MerchantReference>Scheduled auto payment for order 180621</MerchantReference></Txn>
)

08-26-2020 @ 13:50:59 - Array
(
    [requestProcess[851]>>>] => Array
        (
            [headers] => Requests_Utility_CaseInsensitiveDictionary Object
                (
                    [data:protected] => Array
                        (
                            [cache-control] => private
                            [content-type] => application/xhtml+xml; charset=utf-8
                            [expires] => Wed, 26 Aug 2020 01:49:58 GMT
                            [server] => 
                            [x-aspnet-version] => 
                            [x-powered-by] => 
                            [date] => Wed, 26 Aug 2020 01:50:59 GMT
                            [content-length] => 2717
                            [strict-transport-security] => max-age=16070400; includeSubDomains
                        )

                )

            [body] => <Txn><Transaction success="1" reco="00" responseText="APPROVED" pxTxn="true"><Authorized>1</Authorized><ReCo>00</ReCo><RxDate>20200826015058</RxDate><RxDateLocal>20200826015058</RxDateLocal><LocalTimeZone>UTC</LocalTimeZone><MerchantReference>Scheduled auto payment for order 180621</MerchantReference><CardName>Visa</CardName><Retry>0</Retry><StatusRequired>0</StatusRequired><AuthCode>087296</AuthCode><AmountBalance>0.00</AmountBalance><Amount>69.90</Amount><CurrencyId>554</CurrencyId><InputCurrencyId>554</InputCurrencyId><InputCurrencyName>NZD</InputCurrencyName><CurrencyRate>1.00</CurrencyRate><CurrencyName>NZD</CurrencyName><CardHolderName>GERARD P ODONNELL</CardHolderName><DateSettlement>20200826</DateSettlement><TxnType>Purchase</TxnType><CardNumber>498873........60</CardNumber><TxnMac>0D87778C</TxnMac><DateExpiry>0720</DateExpiry><ProductId></ProductId><AcquirerDate>20200826</AcquirerDate><AcquirerTime>015058</AcquirerTime><AcquirerId>7</AcquirerId><Acquirer>ASB Legacy</Acquirer><AcquirerReCo>00</AcquirerReCo><AcquirerResponseText>APPROVED</AcquirerResponseText><TestMode>0</TestMode><CardId>2</CardId><CardHolderResponseText>APPROVED</CardHolderResponseText><CardHolderHelpText>The Transaction was approved</CardHolderHelpText><CardHolderResponseDescription>The Transaction was approved</CardHolderResponseDescription><MerchantResponseText>APPROVED</MerchantResponseText><MerchantHelpText>The Transaction was approved</MerchantHelpText><MerchantResponseDescription>The Transaction was approved</MerchantResponseDescription><UrlFail></UrlFail><UrlSuccess></UrlSuccess><EnablePostResponse>0</EnablePostResponse><PxPayName></PxPayName><PxPayLogoSrc></PxPayLogoSrc><PxPayUserId></PxPayUserId><PxPayXsl></PxPayXsl><PxPayBgColor></PxPayBgColor><PxPayOptions></PxPayOptions><Cvc2ResultCode>NotUsed</Cvc2ResultCode><AcquirerPort>809582-80958201</AcquirerPort><AcquirerTxnRef>874445</AcquirerTxnRef><GroupAccount>2</GroupAccount><DpsTxnRef>000000080b09631f</DpsTxnRef><AllowRetry>0</AllowRetry><DpsBillingId>0000110394087318</DpsBillingId><PhoneNumber></PhoneNumber><HomePhoneNumber></HomePhoneNumber><AccountInfo></AccountInfo><BillingId>001578438641-163</BillingId><TransactionId>0b09631f</TransactionId><PxHostId>00000008</PxHostId><RmReason></RmReason><RmReasonId>0000000000000000</RmReasonId><RiskScore>-1</RiskScore><RiskScoreText></RiskScoreText></Transaction><RuleName></RuleName><RmReason></RmReason><RmReasonId>0000000000000000</RmReasonId><RiskScore>-1</RiskScore><RiskScoreText></RiskScoreText><ReCo>00</ReCo><ResponseText>APPROVED</ResponseText><HelpText>Transaction Approved</HelpText><Success>1</Success><DpsTxnRef>000000080b09631f</DpsTxnRef><ICCResult></ICCResult><TxnRef></TxnRef></Txn>
            [response] => Array
                (
                    [code] => 200
                    [message] => OK
                )

            [cookies] => Array
                (
                )

            [filename] => 
            [http_response] => WP_HTTP_Requests_Response Object
                (
                    [response:protected] => Requests_Response Object
                        (
                            [body] => <Txn><Transaction success="1" reco="00" responseText="APPROVED" pxTxn="true"><Authorized>1</Authorized><ReCo>00</ReCo><RxDate>20200826015058</RxDate><RxDateLocal>20200826015058</RxDateLocal><LocalTimeZone>UTC</LocalTimeZone><MerchantReference>Scheduled auto payment for order 180621</MerchantReference><CardName>Visa</CardName><Retry>0</Retry><StatusRequired>0</StatusRequired><AuthCode>087296</AuthCode><AmountBalance>0.00</AmountBalance><Amount>69.90</Amount><CurrencyId>554</CurrencyId><InputCurrencyId>554</InputCurrencyId><InputCurrencyName>NZD</InputCurrencyName><CurrencyRate>1.00</CurrencyRate><CurrencyName>NZD</CurrencyName><CardHolderName>GERARD P ODONNELL</CardHolderName><DateSettlement>20200826</DateSettlement><TxnType>Purchase</TxnType><CardNumber>498873........60</CardNumber><TxnMac>0D87778C</TxnMac><DateExpiry>0720</DateExpiry><ProductId></ProductId><AcquirerDate>20200826</AcquirerDate><AcquirerTime>015058</AcquirerTime><AcquirerId>7</AcquirerId><Acquirer>ASB Legacy</Acquirer><AcquirerReCo>00</AcquirerReCo><AcquirerResponseText>APPROVED</AcquirerResponseText><TestMode>0</TestMode><CardId>2</CardId><CardHolderResponseText>APPROVED</CardHolderResponseText><CardHolderHelpText>The Transaction was approved</CardHolderHelpText><CardHolderResponseDescription>The Transaction was approved</CardHolderResponseDescription><MerchantResponseText>APPROVED</MerchantResponseText><MerchantHelpText>The Transaction was approved</MerchantHelpText><MerchantResponseDescription>The Transaction was approved</MerchantResponseDescription><UrlFail></UrlFail><UrlSuccess></UrlSuccess><EnablePostResponse>0</EnablePostResponse><PxPayName></PxPayName><PxPayLogoSrc></PxPayLogoSrc><PxPayUserId></PxPayUserId><PxPayXsl></PxPayXsl><PxPayBgColor></PxPayBgColor><PxPayOptions></PxPayOptions><Cvc2ResultCode>NotUsed</Cvc2ResultCode><AcquirerPort>809582-80958201</AcquirerPort><AcquirerTxnRef>874445</AcquirerTxnRef><GroupAccount>2</GroupAccount><DpsTxnRef>000000080b09631f</DpsTxnRef><AllowRetry>0</AllowRetry><DpsBillingId>0000110394087318</DpsBillingId><PhoneNumber></PhoneNumber><HomePhoneNumber></HomePhoneNumber><AccountInfo></AccountInfo><BillingId>001578438641-163</BillingId><TransactionId>0b09631f</TransactionId><PxHostId>00000008</PxHostId><RmReason></RmReason><RmReasonId>0000000000000000</RmReasonId><RiskScore>-1</RiskScore><RiskScoreText></RiskScoreText></Transaction><RuleName></RuleName><RmReason></RmReason><RmReasonId>0000000000000000</RmReasonId><RiskScore>-1</RiskScore><RiskScoreText></RiskScoreText><ReCo>00</ReCo><ResponseText>APPROVED</ResponseText><HelpText>Transaction Approved</HelpText><Success>1</Success><DpsTxnRef>000000080b09631f</DpsTxnRef><ICCResult></ICCResult><TxnRef></TxnRef></Txn>
                            [raw] => HTTP/1.1 200 OK
Cache-Control: private
Content-Type: application/xhtml+xml; charset=utf-8
Expires: Wed, 26 Aug 2020 01:49:58 GMT
Server: 
X-ASPNET-VERSION: 
X-POWERED-BY: 
Date: Wed, 26 Aug 2020 01:50:59 GMT
Connection: close
Content-Length: 2717
Strict-Transport-Security: max-age=16070400; includeSubDomains

<Txn><Transaction success="1" reco="00" responseText="APPROVED" pxTxn="true"><Authorized>1</Authorized><ReCo>00</ReCo><RxDate>20200826015058</RxDate><RxDateLocal>20200826015058</RxDateLocal><LocalTimeZone>UTC</LocalTimeZone><MerchantReference>Scheduled auto payment for order 180621</MerchantReference><CardName>Visa</CardName><Retry>0</Retry><StatusRequired>0</StatusRequired><AuthCode>087296</AuthCode><AmountBalance>0.00</AmountBalance><Amount>69.90</Amount><CurrencyId>554</CurrencyId><InputCurrencyId>554</InputCurrencyId><InputCurrencyName>NZD</InputCurrencyName><CurrencyRate>1.00</CurrencyRate><CurrencyName>NZD</CurrencyName><CardHolderName>GERARD P ODONNELL</CardHolderName><DateSettlement>20200826</DateSettlement><TxnType>Purchase</TxnType><CardNumber>498873........60</CardNumber><TxnMac>0D87778C</TxnMac><DateExpiry>0720</DateExpiry><ProductId></ProductId><AcquirerDate>20200826</AcquirerDate><AcquirerTime>015058</AcquirerTime><AcquirerId>7</AcquirerId><Acquirer>ASB Legacy</Acquirer><AcquirerReCo>00</AcquirerReCo><AcquirerResponseText>APPROVED</AcquirerResponseText><TestMode>0</TestMode><CardId>2</CardId><CardHolderResponseText>APPROVED</CardHolderResponseText><CardHolderHelpText>The Transaction was approved</CardHolderHelpText><CardHolderResponseDescription>The Transaction was approved</CardHolderResponseDescription><MerchantResponseText>APPROVED</MerchantResponseText><MerchantHelpText>The Transaction was approved</MerchantHelpText><MerchantResponseDescription>The Transaction was approved</MerchantResponseDescription><UrlFail></UrlFail><UrlSuccess></UrlSuccess><EnablePostResponse>0</EnablePostResponse><PxPayName></PxPayName><PxPayLogoSrc></PxPayLogoSrc><PxPayUserId></PxPayUserId><PxPayXsl></PxPayXsl><PxPayBgColor></PxPayBgColor><PxPayOptions></PxPayOptions><Cvc2ResultCode>NotUsed</Cvc2ResultCode><AcquirerPort>809582-80958201</AcquirerPort><AcquirerTxnRef>874445</AcquirerTxnRef><GroupAccount>2</GroupAccount><DpsTxnRef>000000080b09631f</DpsTxnRef><AllowRetry>0</AllowRetry><DpsBillingId>0000110394087318</DpsBillingId><PhoneNumber></PhoneNumber><HomePhoneNumber></HomePhoneNumber><AccountInfo></AccountInfo><BillingId>001578438641-163</BillingId><TransactionId>0b09631f</TransactionId><PxHostId>00000008</PxHostId><RmReason></RmReason><RmReasonId>0000000000000000</RmReasonId><RiskScore>-1</RiskScore><RiskScoreText></RiskScoreText></Transaction><RuleName></RuleName><RmReason></RmReason><RmReasonId>0000000000000000</RmReasonId><RiskScore>-1</RiskScore><RiskScoreText></RiskScoreText><ReCo>00</ReCo><ResponseText>APPROVED</ResponseText><HelpText>Transaction Approved</HelpText><Success>1</Success><DpsTxnRef>000000080b09631f</DpsTxnRef><ICCResult></ICCResult><TxnRef></TxnRef></Txn>
                            [headers] => Requests_Response_Headers Object
                                (
                                    [data:protected] => Array
                                        (
                                            [cache-control] => Array
                                                (
                                                    [0] => private
                                                )

                                            [content-type] => Array
                                                (
                                                    [0] => application/xhtml+xml; charset=utf-8
                                                )

                                            [expires] => Array
                                                (
                                                    [0] => Wed, 26 Aug 2020 01:49:58 GMT
                                                )

                                            [server] => Array
                                                (
                                                    [0] => 
                                                )

                                            [x-aspnet-version] => Array
                                                (
                                                    [0] => 
                                                )

                                            [x-powered-by] => Array
                                                (
                                                    [0] => 
                                                )

                                            [date] => Array
                                                (
                                                    [0] => Wed, 26 Aug 2020 01:50:59 GMT
                                                )

                                            [content-length] => Array
                                                (
                                                    [0] => 2717
                                                )

                                            [strict-transport-security] => Array
                                                (
                                                    [0] => max-age=16070400; includeSubDomains
                                                )

                                        )

                                )

                            [status_code] => 200
                            [protocol_version] => 1.1
                            [success] => 1
                            [redirects] => 0
                            [url] => https://sec.paymentexpress.com/pxpost.aspx
                            [history] => Array
                                (
                                )

                            [cookies] => Requests_Cookie_Jar Object
                                (
                                    [cookies:protected] => Array
                                        (
                                        )

                                )

                        )

                    [filename:protected] => 
                    [data] => 
                    [headers] => 
                    [status] => 
                )

        )

)

08-26-2020 @ 13:50:59 - Array
(
    [pxpost server url] => https://sec.paymentexpress.com/pxpost.aspx
)

08-26-2020 @ 13:50:59 - Array
(
    [txn request] => <Txn><BillingId>001578438641-163</BillingId><PostUsername>HotShotBroadband</PostUsername><PostPassword>3Qo75sgT386</PostPassword><Amount>69.90</Amount><InputCurrency>NZD</InputCurrency><CardHolderName></CardHolderName><TxnType>Purchase</TxnType><MerchantReference>Scheduled auto payment for order 180621</MerchantReference></Txn>
)

08-26-2020 @ 13:50:59 - Array
(
    [Subscription renewal results] => '<Txn><Transaction success="1" reco="00" responseText="APPROVED" pxTxn="true"><Authorized>1</Authorized><ReCo>00</ReCo><RxDate>20200826015058</RxDate><RxDateLocal>20200826015058</RxDateLocal><LocalTimeZone>UTC</LocalTimeZone><MerchantReference>Scheduled auto payment for order 180621</MerchantReference><CardName>Visa</CardName><Retry>0</Retry><StatusRequired>0</StatusRequired><AuthCode>087296</AuthCode><AmountBalance>0.00</AmountBalance><Amount>69.90</Amount><CurrencyId>554</CurrencyId><InputCurrencyId>554</InputCurrencyId><InputCurrencyName>NZD</InputCurrencyName><CurrencyRate>1.00</CurrencyRate><CurrencyName>NZD</CurrencyName><CardHolderName>GERARD P ODONNELL</CardHolderName><DateSettlement>20200826</DateSettlement><TxnType>Purchase</TxnType><CardNumber>498873........60</CardNumber><TxnMac>0D87778C</TxnMac><DateExpiry>0720</DateExpiry><ProductId></ProductId><AcquirerDate>20200826</AcquirerDate><AcquirerTime>015058</AcquirerTime><AcquirerId>7</AcquirerId><Acquirer>ASB Legacy</Acquirer><AcquirerReCo>00</AcquirerReCo><AcquirerResponseText>APPROVED</AcquirerResponseText><TestMode>0</TestMode><CardId>2</CardId><CardHolderResponseText>APPROVED</CardHolderResponseText><CardHolderHelpText>The Transaction was approved</CardHolderHelpText><CardHolderResponseDescription>The Transaction was approved</CardHolderResponseDescription><MerchantResponseText>APPROVED</MerchantResponseText><MerchantHelpText>The Transaction was approved</MerchantHelpText><MerchantResponseDescription>The Transaction was approved</MerchantResponseDescription><UrlFail></UrlFail><UrlSuccess></UrlSuccess><EnablePostResponse>0</EnablePostResponse><PxPayName></PxPayName><PxPayLogoSrc></PxPayLogoSrc><PxPayUserId></PxPayUserId><PxPayXsl></PxPayXsl><PxPayBgColor></PxPayBgColor><PxPayOptions></PxPayOptions><Cvc2ResultCode>NotUsed</Cvc2ResultCode><AcquirerPort>809582-80958201</AcquirerPort><AcquirerTxnRef>874445</AcquirerTxnRef><GroupAccount>2</GroupAccount><DpsTxnRef>000000080b09631f</DpsTxnRef><AllowRetry>0</AllowRetry><DpsBillingId>0000110394087318</DpsBillingId><PhoneNumber></PhoneNumber><HomePhoneNumber></HomePhoneNumber><AccountInfo></AccountInfo><BillingId>001578438641-163</BillingId><TransactionId>0b09631f</TransactionId><PxHostId>00000008</PxHostId><RmReason></RmReason><RmReasonId>0000000000000000</RmReasonId><RiskScore>-1</RiskScore><RiskScoreText></RiskScoreText></Transaction><RuleName></RuleName><RmReason></RmReason><RmReasonId>0000000000000000</RmReasonId><RiskScore>-1</RiskScore><RiskScoreText></RiskScoreText><ReCo>00</ReCo><ResponseText>APPROVED</ResponseText><HelpText>Transaction Approved</HelpText><Success>1</Success><DpsTxnRef>000000080b09631f</DpsTxnRef><ICCResult></ICCResult><TxnRef></TxnRef></Txn>'
)

