04-21-2020 @ 15:11:33 - Array
(
    [userID and BillingId] => Array
        (
            [userid] => 326
            [BillingId] => 001585102728-326
        )

)

04-21-2020 @ 15:11:33 - Array
(
    [XML request] => <Txn><BillingId>001585102728-326</BillingId><PostUsername>HotShotBroadband</PostUsername><PostPassword>3Qo75sgT386</PostPassword><Amount>65.50</Amount><InputCurrency>NZD</InputCurrency><CardHolderName></CardHolderName><TxnType>Purchase</TxnType><MerchantReference>Scheduled auto payment for order 24700</MerchantReference></Txn>
)

04-21-2020 @ 15:11:34 - Array
(
    [requestProcess[851]>>>] => Array
        (
            [headers] => Requests_Utility_CaseInsensitiveDictionary Object
                (
                    [data:protected] => Array
                        (
                            [cache-control] => private
                            [content-type] => application/xhtml+xml; charset=utf-8
                            [expires] => Tue, 21 Apr 2020 03:10:33 GMT
                            [server] => 
                            [x-aspnet-version] => 
                            [x-powered-by] => 
                            [date] => Tue, 21 Apr 2020 03:11:33 GMT
                            [content-length] => 2859
                            [strict-transport-security] => max-age=16070400; includeSubDomains
                        )

                )

            [body] => <Txn><Transaction success="0" reco="51" responseText="DECLINED" pxTxn="true"><Authorized>0</Authorized><ReCo>51</ReCo><RxDate>20200421031133</RxDate><RxDateLocal>20200421031133</RxDateLocal><LocalTimeZone>UTC</LocalTimeZone><MerchantReference>Scheduled auto payment for order 24700</MerchantReference><CardName>MasterCard</CardName><Retry>0</Retry><StatusRequired>0</StatusRequired><AuthCode></AuthCode><AmountBalance>0.00</AmountBalance><Amount>65.50</Amount><CurrencyId>554</CurrencyId><InputCurrencyId>554</InputCurrencyId><InputCurrencyName>NZD</InputCurrencyName><CurrencyRate>1.00</CurrencyRate><CurrencyName>NZD</CurrencyName><CardHolderName>STELLA POKO</CardHolderName><DateSettlement>20200421</DateSettlement><TxnType>Purchase</TxnType><CardNumber>537972........09</CardNumber><TxnMac>ED9724D6</TxnMac><DateExpiry>0221</DateExpiry><ProductId></ProductId><AcquirerDate>20200421</AcquirerDate><AcquirerTime>031133</AcquirerTime><AcquirerId>7</AcquirerId><Acquirer>ASB</Acquirer><AcquirerReCo>51</AcquirerReCo><AcquirerResponseText>DECLINED</AcquirerResponseText><TestMode>0</TestMode><CardId>1</CardId><CardHolderResponseText>DECLINED</CardHolderResponseText><CardHolderHelpText>The transaction was declined. Funds were not transferred</CardHolderHelpText><CardHolderResponseDescription>The transaction was declined. Funds were not transferred.</CardHolderResponseDescription><MerchantResponseText>DECLINED</MerchantResponseText><MerchantHelpText>The transaction was declined.Funds were not transferred (76)</MerchantHelpText><MerchantResponseDescription>The transaction was declined.Funds were not transferred (76)</MerchantResponseDescription><UrlFail></UrlFail><UrlSuccess></UrlSuccess><EnablePostResponse>0</EnablePostResponse><PxPayName></PxPayName><PxPayLogoSrc></PxPayLogoSrc><PxPayUserId></PxPayUserId><PxPayXsl></PxPayXsl><PxPayBgColor></PxPayBgColor><PxPayOptions></PxPayOptions><Cvc2ResultCode>NotUsed</Cvc2ResultCode><AcquirerPort>809582-80958201</AcquirerPort><AcquirerTxnRef>904392</AcquirerTxnRef><GroupAccount>2</GroupAccount><DpsTxnRef>000000214889f6a5</DpsTxnRef><AllowRetry>0</AllowRetry><DpsBillingId>0000110420791358</DpsBillingId><PhoneNumber></PhoneNumber><HomePhoneNumber></HomePhoneNumber><AccountInfo></AccountInfo><BillingId>001585102728-326</BillingId><TransactionId>4889f6a5</TransactionId><PxHostId>00000021</PxHostId><RmReason></RmReason><RmReasonId>0000000000000000</RmReasonId><RiskScore>-1</RiskScore><RiskScoreText></RiskScoreText></Transaction><RuleName></RuleName><RmReason></RmReason><RmReasonId>0000000000000000</RmReasonId><RiskScore>-1</RiskScore><RiskScoreText></RiskScoreText><ReCo>51</ReCo><ResponseText>DECLINED</ResponseText><HelpText>The transaction was declined.Funds were not transferred</HelpText><Success>0</Success><DpsTxnRef>000000214889f6a5</DpsTxnRef><ICCResult></ICCResult><TxnRef></TxnRef></Txn>
            [response] => Array
                (
                    [code] => 200
                    [message] => OK
                )

            [cookies] => Array
                (
                )

            [filename] => 
            [http_response] => WP_HTTP_Requests_Response Object
                (
                    [response:protected] => Requests_Response Object
                        (
                            [body] => <Txn><Transaction success="0" reco="51" responseText="DECLINED" pxTxn="true"><Authorized>0</Authorized><ReCo>51</ReCo><RxDate>20200421031133</RxDate><RxDateLocal>20200421031133</RxDateLocal><LocalTimeZone>UTC</LocalTimeZone><MerchantReference>Scheduled auto payment for order 24700</MerchantReference><CardName>MasterCard</CardName><Retry>0</Retry><StatusRequired>0</StatusRequired><AuthCode></AuthCode><AmountBalance>0.00</AmountBalance><Amount>65.50</Amount><CurrencyId>554</CurrencyId><InputCurrencyId>554</InputCurrencyId><InputCurrencyName>NZD</InputCurrencyName><CurrencyRate>1.00</CurrencyRate><CurrencyName>NZD</CurrencyName><CardHolderName>STELLA POKO</CardHolderName><DateSettlement>20200421</DateSettlement><TxnType>Purchase</TxnType><CardNumber>537972........09</CardNumber><TxnMac>ED9724D6</TxnMac><DateExpiry>0221</DateExpiry><ProductId></ProductId><AcquirerDate>20200421</AcquirerDate><AcquirerTime>031133</AcquirerTime><AcquirerId>7</AcquirerId><Acquirer>ASB</Acquirer><AcquirerReCo>51</AcquirerReCo><AcquirerResponseText>DECLINED</AcquirerResponseText><TestMode>0</TestMode><CardId>1</CardId><CardHolderResponseText>DECLINED</CardHolderResponseText><CardHolderHelpText>The transaction was declined. Funds were not transferred</CardHolderHelpText><CardHolderResponseDescription>The transaction was declined. Funds were not transferred.</CardHolderResponseDescription><MerchantResponseText>DECLINED</MerchantResponseText><MerchantHelpText>The transaction was declined.Funds were not transferred (76)</MerchantHelpText><MerchantResponseDescription>The transaction was declined.Funds were not transferred (76)</MerchantResponseDescription><UrlFail></UrlFail><UrlSuccess></UrlSuccess><EnablePostResponse>0</EnablePostResponse><PxPayName></PxPayName><PxPayLogoSrc></PxPayLogoSrc><PxPayUserId></PxPayUserId><PxPayXsl></PxPayXsl><PxPayBgColor></PxPayBgColor><PxPayOptions></PxPayOptions><Cvc2ResultCode>NotUsed</Cvc2ResultCode><AcquirerPort>809582-80958201</AcquirerPort><AcquirerTxnRef>904392</AcquirerTxnRef><GroupAccount>2</GroupAccount><DpsTxnRef>000000214889f6a5</DpsTxnRef><AllowRetry>0</AllowRetry><DpsBillingId>0000110420791358</DpsBillingId><PhoneNumber></PhoneNumber><HomePhoneNumber></HomePhoneNumber><AccountInfo></AccountInfo><BillingId>001585102728-326</BillingId><TransactionId>4889f6a5</TransactionId><PxHostId>00000021</PxHostId><RmReason></RmReason><RmReasonId>0000000000000000</RmReasonId><RiskScore>-1</RiskScore><RiskScoreText></RiskScoreText></Transaction><RuleName></RuleName><RmReason></RmReason><RmReasonId>0000000000000000</RmReasonId><RiskScore>-1</RiskScore><RiskScoreText></RiskScoreText><ReCo>51</ReCo><ResponseText>DECLINED</ResponseText><HelpText>The transaction was declined.Funds were not transferred</HelpText><Success>0</Success><DpsTxnRef>000000214889f6a5</DpsTxnRef><ICCResult></ICCResult><TxnRef></TxnRef></Txn>
                            [raw] => HTTP/1.1 200 OK
Cache-Control: private
Content-Type: application/xhtml+xml; charset=utf-8
Expires: Tue, 21 Apr 2020 03:10:33 GMT
Server: 
X-ASPNET-VERSION: 
X-POWERED-BY: 
Date: Tue, 21 Apr 2020 03:11:33 GMT
Connection: close
Content-Length: 2859
Strict-Transport-Security: max-age=16070400; includeSubDomains

<Txn><Transaction success="0" reco="51" responseText="DECLINED" pxTxn="true"><Authorized>0</Authorized><ReCo>51</ReCo><RxDate>20200421031133</RxDate><RxDateLocal>20200421031133</RxDateLocal><LocalTimeZone>UTC</LocalTimeZone><MerchantReference>Scheduled auto payment for order 24700</MerchantReference><CardName>MasterCard</CardName><Retry>0</Retry><StatusRequired>0</StatusRequired><AuthCode></AuthCode><AmountBalance>0.00</AmountBalance><Amount>65.50</Amount><CurrencyId>554</CurrencyId><InputCurrencyId>554</InputCurrencyId><InputCurrencyName>NZD</InputCurrencyName><CurrencyRate>1.00</CurrencyRate><CurrencyName>NZD</CurrencyName><CardHolderName>STELLA POKO</CardHolderName><DateSettlement>20200421</DateSettlement><TxnType>Purchase</TxnType><CardNumber>537972........09</CardNumber><TxnMac>ED9724D6</TxnMac><DateExpiry>0221</DateExpiry><ProductId></ProductId><AcquirerDate>20200421</AcquirerDate><AcquirerTime>031133</AcquirerTime><AcquirerId>7</AcquirerId><Acquirer>ASB</Acquirer><AcquirerReCo>51</AcquirerReCo><AcquirerResponseText>DECLINED</AcquirerResponseText><TestMode>0</TestMode><CardId>1</CardId><CardHolderResponseText>DECLINED</CardHolderResponseText><CardHolderHelpText>The transaction was declined. Funds were not transferred</CardHolderHelpText><CardHolderResponseDescription>The transaction was declined. Funds were not transferred.</CardHolderResponseDescription><MerchantResponseText>DECLINED</MerchantResponseText><MerchantHelpText>The transaction was declined.Funds were not transferred (76)</MerchantHelpText><MerchantResponseDescription>The transaction was declined.Funds were not transferred (76)</MerchantResponseDescription><UrlFail></UrlFail><UrlSuccess></UrlSuccess><EnablePostResponse>0</EnablePostResponse><PxPayName></PxPayName><PxPayLogoSrc></PxPayLogoSrc><PxPayUserId></PxPayUserId><PxPayXsl></PxPayXsl><PxPayBgColor></PxPayBgColor><PxPayOptions></PxPayOptions><Cvc2ResultCode>NotUsed</Cvc2ResultCode><AcquirerPort>809582-80958201</AcquirerPort><AcquirerTxnRef>904392</AcquirerTxnRef><GroupAccount>2</GroupAccount><DpsTxnRef>000000214889f6a5</DpsTxnRef><AllowRetry>0</AllowRetry><DpsBillingId>0000110420791358</DpsBillingId><PhoneNumber></PhoneNumber><HomePhoneNumber></HomePhoneNumber><AccountInfo></AccountInfo><BillingId>001585102728-326</BillingId><TransactionId>4889f6a5</TransactionId><PxHostId>00000021</PxHostId><RmReason></RmReason><RmReasonId>0000000000000000</RmReasonId><RiskScore>-1</RiskScore><RiskScoreText></RiskScoreText></Transaction><RuleName></RuleName><RmReason></RmReason><RmReasonId>0000000000000000</RmReasonId><RiskScore>-1</RiskScore><RiskScoreText></RiskScoreText><ReCo>51</ReCo><ResponseText>DECLINED</ResponseText><HelpText>The transaction was declined.Funds were not transferred</HelpText><Success>0</Success><DpsTxnRef>000000214889f6a5</DpsTxnRef><ICCResult></ICCResult><TxnRef></TxnRef></Txn>
                            [headers] => Requests_Response_Headers Object
                                (
                                    [data:protected] => Array
                                        (
                                            [cache-control] => Array
                                                (
                                                    [0] => private
                                                )

                                            [content-type] => Array
                                                (
                                                    [0] => application/xhtml+xml; charset=utf-8
                                                )

                                            [expires] => Array
                                                (
                                                    [0] => Tue, 21 Apr 2020 03:10:33 GMT
                                                )

                                            [server] => Array
                                                (
                                                    [0] => 
                                                )

                                            [x-aspnet-version] => Array
                                                (
                                                    [0] => 
                                                )

                                            [x-powered-by] => Array
                                                (
                                                    [0] => 
                                                )

                                            [date] => Array
                                                (
                                                    [0] => Tue, 21 Apr 2020 03:11:33 GMT
                                                )

                                            [content-length] => Array
                                                (
                                                    [0] => 2859
                                                )

                                            [strict-transport-security] => Array
                                                (
                                                    [0] => max-age=16070400; includeSubDomains
                                                )

                                        )

                                )

                            [status_code] => 200
                            [protocol_version] => 1.1
                            [success] => 1
                            [redirects] => 0
                            [url] => https://sec.paymentexpress.com/pxpost.aspx
                            [history] => Array
                                (
                                )

                            [cookies] => Requests_Cookie_Jar Object
                                (
                                    [cookies:protected] => Array
                                        (
                                        )

                                )

                        )

                    [filename:protected] => 
                    [data] => 
                    [headers] => 
                    [status] => 
                )

        )

)

04-21-2020 @ 15:11:34 - Array
(
    [pxpost server url] => https://sec.paymentexpress.com/pxpost.aspx
)

04-21-2020 @ 15:11:34 - Array
(
    [txn request] => <Txn><BillingId>001585102728-326</BillingId><PostUsername>HotShotBroadband</PostUsername><PostPassword>3Qo75sgT386</PostPassword><Amount>65.50</Amount><InputCurrency>NZD</InputCurrency><CardHolderName></CardHolderName><TxnType>Purchase</TxnType><MerchantReference>Scheduled auto payment for order 24700</MerchantReference></Txn>
)

04-21-2020 @ 15:11:34 - Array
(
    [Subscription renewal results] => '<Txn><Transaction success="0" reco="51" responseText="DECLINED" pxTxn="true"><Authorized>0</Authorized><ReCo>51</ReCo><RxDate>20200421031133</RxDate><RxDateLocal>20200421031133</RxDateLocal><LocalTimeZone>UTC</LocalTimeZone><MerchantReference>Scheduled auto payment for order 24700</MerchantReference><CardName>MasterCard</CardName><Retry>0</Retry><StatusRequired>0</StatusRequired><AuthCode></AuthCode><AmountBalance>0.00</AmountBalance><Amount>65.50</Amount><CurrencyId>554</CurrencyId><InputCurrencyId>554</InputCurrencyId><InputCurrencyName>NZD</InputCurrencyName><CurrencyRate>1.00</CurrencyRate><CurrencyName>NZD</CurrencyName><CardHolderName>STELLA POKO</CardHolderName><DateSettlement>20200421</DateSettlement><TxnType>Purchase</TxnType><CardNumber>537972........09</CardNumber><TxnMac>ED9724D6</TxnMac><DateExpiry>0221</DateExpiry><ProductId></ProductId><AcquirerDate>20200421</AcquirerDate><AcquirerTime>031133</AcquirerTime><AcquirerId>7</AcquirerId><Acquirer>ASB</Acquirer><AcquirerReCo>51</AcquirerReCo><AcquirerResponseText>DECLINED</AcquirerResponseText><TestMode>0</TestMode><CardId>1</CardId><CardHolderResponseText>DECLINED</CardHolderResponseText><CardHolderHelpText>The transaction was declined. Funds were not transferred</CardHolderHelpText><CardHolderResponseDescription>The transaction was declined. Funds were not transferred.</CardHolderResponseDescription><MerchantResponseText>DECLINED</MerchantResponseText><MerchantHelpText>The transaction was declined.Funds were not transferred (76)</MerchantHelpText><MerchantResponseDescription>The transaction was declined.Funds were not transferred (76)</MerchantResponseDescription><UrlFail></UrlFail><UrlSuccess></UrlSuccess><EnablePostResponse>0</EnablePostResponse><PxPayName></PxPayName><PxPayLogoSrc></PxPayLogoSrc><PxPayUserId></PxPayUserId><PxPayXsl></PxPayXsl><PxPayBgColor></PxPayBgColor><PxPayOptions></PxPayOptions><Cvc2ResultCode>NotUsed</Cvc2ResultCode><AcquirerPort>809582-80958201</AcquirerPort><AcquirerTxnRef>904392</AcquirerTxnRef><GroupAccount>2</GroupAccount><DpsTxnRef>000000214889f6a5</DpsTxnRef><AllowRetry>0</AllowRetry><DpsBillingId>0000110420791358</DpsBillingId><PhoneNumber></PhoneNumber><HomePhoneNumber></HomePhoneNumber><AccountInfo></AccountInfo><BillingId>001585102728-326</BillingId><TransactionId>4889f6a5</TransactionId><PxHostId>00000021</PxHostId><RmReason></RmReason><RmReasonId>0000000000000000</RmReasonId><RiskScore>-1</RiskScore><RiskScoreText></RiskScoreText></Transaction><RuleName></RuleName><RmReason></RmReason><RmReasonId>0000000000000000</RmReasonId><RiskScore>-1</RiskScore><RiskScoreText></RiskScoreText><ReCo>51</ReCo><ResponseText>DECLINED</ResponseText><HelpText>The transaction was declined.Funds were not transferred</HelpText><Success>0</Success><DpsTxnRef>000000214889f6a5</DpsTxnRef><ICCResult></ICCResult><TxnRef></TxnRef></Txn>'
)

04-21-2020 @ 15:12:24 - Array
(
    [userID and BillingId] => Array
        (
            [userid] => 187
            [BillingId] => 001587423716-187
        )

)

04-21-2020 @ 15:12:24 - Array
(
    [XML request] => <Txn><BillingId>001587423716-187</BillingId><PostUsername>HotShotBroadband</PostUsername><PostPassword>3Qo75sgT386</PostPassword><Amount>69.90</Amount><InputCurrency>NZD</InputCurrency><CardHolderName></CardHolderName><TxnType>Purchase</TxnType><MerchantReference>Scheduled auto payment for order 25108</MerchantReference></Txn>
)

04-21-2020 @ 15:12:25 - Array
(
    [requestProcess[851]>>>] => Array
        (
            [headers] => Requests_Utility_CaseInsensitiveDictionary Object
                (
                    [data:protected] => Array
                        (
                            [cache-control] => private
                            [content-type] => application/xhtml+xml; charset=utf-8
                            [expires] => Tue, 21 Apr 2020 03:11:24 GMT
                            [server] => 
                            [x-aspnet-version] => 
                            [x-powered-by] => 
                            [date] => Tue, 21 Apr 2020 03:12:24 GMT
                            [content-length] => 2709
                            [strict-transport-security] => max-age=16070400; includeSubDomains
                        )

                )

            [body] => <Txn><Transaction success="1" reco="00" responseText="APPROVED" pxTxn="true"><Authorized>1</Authorized><ReCo>00</ReCo><RxDate>20200421031224</RxDate><RxDateLocal>20200421031224</RxDateLocal><LocalTimeZone>UTC</LocalTimeZone><MerchantReference>Scheduled auto payment for order 25108</MerchantReference><CardName>MasterCard</CardName><Retry>0</Retry><StatusRequired>0</StatusRequired><AuthCode>T40367</AuthCode><AmountBalance>0.00</AmountBalance><Amount>69.90</Amount><CurrencyId>554</CurrencyId><InputCurrencyId>554</InputCurrencyId><InputCurrencyName>NZD</InputCurrencyName><CurrencyRate>1.00</CurrencyRate><CurrencyName>NZD</CurrencyName><CardHolderName>REIDUN BERG</CardHolderName><DateSettlement>20200421</DateSettlement><TxnType>Purchase</TxnType><CardNumber>524651........49</CardNumber><TxnMac>0097198A</TxnMac><DateExpiry>0424</DateExpiry><ProductId></ProductId><AcquirerDate>20200421</AcquirerDate><AcquirerTime>031224</AcquirerTime><AcquirerId>7</AcquirerId><Acquirer>ASB</Acquirer><AcquirerReCo>00</AcquirerReCo><AcquirerResponseText>APPROVED</AcquirerResponseText><TestMode>0</TestMode><CardId>1</CardId><CardHolderResponseText>APPROVED</CardHolderResponseText><CardHolderHelpText>The Transaction was approved</CardHolderHelpText><CardHolderResponseDescription>The Transaction was approved</CardHolderResponseDescription><MerchantResponseText>APPROVED</MerchantResponseText><MerchantHelpText>The Transaction was approved</MerchantHelpText><MerchantResponseDescription>The Transaction was approved</MerchantResponseDescription><UrlFail></UrlFail><UrlSuccess></UrlSuccess><EnablePostResponse>0</EnablePostResponse><PxPayName></PxPayName><PxPayLogoSrc></PxPayLogoSrc><PxPayUserId></PxPayUserId><PxPayXsl></PxPayXsl><PxPayBgColor></PxPayBgColor><PxPayOptions></PxPayOptions><Cvc2ResultCode>NotUsed</Cvc2ResultCode><AcquirerPort>809582-80958201</AcquirerPort><AcquirerTxnRef>904422</AcquirerTxnRef><GroupAccount>2</GroupAccount><DpsTxnRef>000000214889fd5f</DpsTxnRef><AllowRetry>0</AllowRetry><DpsBillingId>0000330008513622</DpsBillingId><PhoneNumber></PhoneNumber><HomePhoneNumber></HomePhoneNumber><AccountInfo></AccountInfo><BillingId>001587423716-187</BillingId><TransactionId>4889fd5f</TransactionId><PxHostId>00000021</PxHostId><RmReason></RmReason><RmReasonId>0000000000000000</RmReasonId><RiskScore>-1</RiskScore><RiskScoreText></RiskScoreText></Transaction><RuleName></RuleName><RmReason></RmReason><RmReasonId>0000000000000000</RmReasonId><RiskScore>-1</RiskScore><RiskScoreText></RiskScoreText><ReCo>00</ReCo><ResponseText>APPROVED</ResponseText><HelpText>Transaction Approved</HelpText><Success>1</Success><DpsTxnRef>000000214889fd5f</DpsTxnRef><ICCResult></ICCResult><TxnRef></TxnRef></Txn>
            [response] => Array
                (
                    [code] => 200
                    [message] => OK
                )

            [cookies] => Array
                (
                )

            [filename] => 
            [http_response] => WP_HTTP_Requests_Response Object
                (
                    [response:protected] => Requests_Response Object
                        (
                            [body] => <Txn><Transaction success="1" reco="00" responseText="APPROVED" pxTxn="true"><Authorized>1</Authorized><ReCo>00</ReCo><RxDate>20200421031224</RxDate><RxDateLocal>20200421031224</RxDateLocal><LocalTimeZone>UTC</LocalTimeZone><MerchantReference>Scheduled auto payment for order 25108</MerchantReference><CardName>MasterCard</CardName><Retry>0</Retry><StatusRequired>0</StatusRequired><AuthCode>T40367</AuthCode><AmountBalance>0.00</AmountBalance><Amount>69.90</Amount><CurrencyId>554</CurrencyId><InputCurrencyId>554</InputCurrencyId><InputCurrencyName>NZD</InputCurrencyName><CurrencyRate>1.00</CurrencyRate><CurrencyName>NZD</CurrencyName><CardHolderName>REIDUN BERG</CardHolderName><DateSettlement>20200421</DateSettlement><TxnType>Purchase</TxnType><CardNumber>524651........49</CardNumber><TxnMac>0097198A</TxnMac><DateExpiry>0424</DateExpiry><ProductId></ProductId><AcquirerDate>20200421</AcquirerDate><AcquirerTime>031224</AcquirerTime><AcquirerId>7</AcquirerId><Acquirer>ASB</Acquirer><AcquirerReCo>00</AcquirerReCo><AcquirerResponseText>APPROVED</AcquirerResponseText><TestMode>0</TestMode><CardId>1</CardId><CardHolderResponseText>APPROVED</CardHolderResponseText><CardHolderHelpText>The Transaction was approved</CardHolderHelpText><CardHolderResponseDescription>The Transaction was approved</CardHolderResponseDescription><MerchantResponseText>APPROVED</MerchantResponseText><MerchantHelpText>The Transaction was approved</MerchantHelpText><MerchantResponseDescription>The Transaction was approved</MerchantResponseDescription><UrlFail></UrlFail><UrlSuccess></UrlSuccess><EnablePostResponse>0</EnablePostResponse><PxPayName></PxPayName><PxPayLogoSrc></PxPayLogoSrc><PxPayUserId></PxPayUserId><PxPayXsl></PxPayXsl><PxPayBgColor></PxPayBgColor><PxPayOptions></PxPayOptions><Cvc2ResultCode>NotUsed</Cvc2ResultCode><AcquirerPort>809582-80958201</AcquirerPort><AcquirerTxnRef>904422</AcquirerTxnRef><GroupAccount>2</GroupAccount><DpsTxnRef>000000214889fd5f</DpsTxnRef><AllowRetry>0</AllowRetry><DpsBillingId>0000330008513622</DpsBillingId><PhoneNumber></PhoneNumber><HomePhoneNumber></HomePhoneNumber><AccountInfo></AccountInfo><BillingId>001587423716-187</BillingId><TransactionId>4889fd5f</TransactionId><PxHostId>00000021</PxHostId><RmReason></RmReason><RmReasonId>0000000000000000</RmReasonId><RiskScore>-1</RiskScore><RiskScoreText></RiskScoreText></Transaction><RuleName></RuleName><RmReason></RmReason><RmReasonId>0000000000000000</RmReasonId><RiskScore>-1</RiskScore><RiskScoreText></RiskScoreText><ReCo>00</ReCo><ResponseText>APPROVED</ResponseText><HelpText>Transaction Approved</HelpText><Success>1</Success><DpsTxnRef>000000214889fd5f</DpsTxnRef><ICCResult></ICCResult><TxnRef></TxnRef></Txn>
                            [raw] => HTTP/1.1 200 OK
Cache-Control: private
Content-Type: application/xhtml+xml; charset=utf-8
Expires: Tue, 21 Apr 2020 03:11:24 GMT
Server: 
X-ASPNET-VERSION: 
X-POWERED-BY: 
Date: Tue, 21 Apr 2020 03:12:24 GMT
Connection: close
Content-Length: 2709
Strict-Transport-Security: max-age=16070400; includeSubDomains

<Txn><Transaction success="1" reco="00" responseText="APPROVED" pxTxn="true"><Authorized>1</Authorized><ReCo>00</ReCo><RxDate>20200421031224</RxDate><RxDateLocal>20200421031224</RxDateLocal><LocalTimeZone>UTC</LocalTimeZone><MerchantReference>Scheduled auto payment for order 25108</MerchantReference><CardName>MasterCard</CardName><Retry>0</Retry><StatusRequired>0</StatusRequired><AuthCode>T40367</AuthCode><AmountBalance>0.00</AmountBalance><Amount>69.90</Amount><CurrencyId>554</CurrencyId><InputCurrencyId>554</InputCurrencyId><InputCurrencyName>NZD</InputCurrencyName><CurrencyRate>1.00</CurrencyRate><CurrencyName>NZD</CurrencyName><CardHolderName>REIDUN BERG</CardHolderName><DateSettlement>20200421</DateSettlement><TxnType>Purchase</TxnType><CardNumber>524651........49</CardNumber><TxnMac>0097198A</TxnMac><DateExpiry>0424</DateExpiry><ProductId></ProductId><AcquirerDate>20200421</AcquirerDate><AcquirerTime>031224</AcquirerTime><AcquirerId>7</AcquirerId><Acquirer>ASB</Acquirer><AcquirerReCo>00</AcquirerReCo><AcquirerResponseText>APPROVED</AcquirerResponseText><TestMode>0</TestMode><CardId>1</CardId><CardHolderResponseText>APPROVED</CardHolderResponseText><CardHolderHelpText>The Transaction was approved</CardHolderHelpText><CardHolderResponseDescription>The Transaction was approved</CardHolderResponseDescription><MerchantResponseText>APPROVED</MerchantResponseText><MerchantHelpText>The Transaction was approved</MerchantHelpText><MerchantResponseDescription>The Transaction was approved</MerchantResponseDescription><UrlFail></UrlFail><UrlSuccess></UrlSuccess><EnablePostResponse>0</EnablePostResponse><PxPayName></PxPayName><PxPayLogoSrc></PxPayLogoSrc><PxPayUserId></PxPayUserId><PxPayXsl></PxPayXsl><PxPayBgColor></PxPayBgColor><PxPayOptions></PxPayOptions><Cvc2ResultCode>NotUsed</Cvc2ResultCode><AcquirerPort>809582-80958201</AcquirerPort><AcquirerTxnRef>904422</AcquirerTxnRef><GroupAccount>2</GroupAccount><DpsTxnRef>000000214889fd5f</DpsTxnRef><AllowRetry>0</AllowRetry><DpsBillingId>0000330008513622</DpsBillingId><PhoneNumber></PhoneNumber><HomePhoneNumber></HomePhoneNumber><AccountInfo></AccountInfo><BillingId>001587423716-187</BillingId><TransactionId>4889fd5f</TransactionId><PxHostId>00000021</PxHostId><RmReason></RmReason><RmReasonId>0000000000000000</RmReasonId><RiskScore>-1</RiskScore><RiskScoreText></RiskScoreText></Transaction><RuleName></RuleName><RmReason></RmReason><RmReasonId>0000000000000000</RmReasonId><RiskScore>-1</RiskScore><RiskScoreText></RiskScoreText><ReCo>00</ReCo><ResponseText>APPROVED</ResponseText><HelpText>Transaction Approved</HelpText><Success>1</Success><DpsTxnRef>000000214889fd5f</DpsTxnRef><ICCResult></ICCResult><TxnRef></TxnRef></Txn>
                            [headers] => Requests_Response_Headers Object
                                (
                                    [data:protected] => Array
                                        (
                                            [cache-control] => Array
                                                (
                                                    [0] => private
                                                )

                                            [content-type] => Array
                                                (
                                                    [0] => application/xhtml+xml; charset=utf-8
                                                )

                                            [expires] => Array
                                                (
                                                    [0] => Tue, 21 Apr 2020 03:11:24 GMT
                                                )

                                            [server] => Array
                                                (
                                                    [0] => 
                                                )

                                            [x-aspnet-version] => Array
                                                (
                                                    [0] => 
                                                )

                                            [x-powered-by] => Array
                                                (
                                                    [0] => 
                                                )

                                            [date] => Array
                                                (
                                                    [0] => Tue, 21 Apr 2020 03:12:24 GMT
                                                )

                                            [content-length] => Array
                                                (
                                                    [0] => 2709
                                                )

                                            [strict-transport-security] => Array
                                                (
                                                    [0] => max-age=16070400; includeSubDomains
                                                )

                                        )

                                )

                            [status_code] => 200
                            [protocol_version] => 1.1
                            [success] => 1
                            [redirects] => 0
                            [url] => https://sec.paymentexpress.com/pxpost.aspx
                            [history] => Array
                                (
                                )

                            [cookies] => Requests_Cookie_Jar Object
                                (
                                    [cookies:protected] => Array
                                        (
                                        )

                                )

                        )

                    [filename:protected] => 
                    [data] => 
                    [headers] => 
                    [status] => 
                )

        )

)

04-21-2020 @ 15:12:25 - Array
(
    [pxpost server url] => https://sec.paymentexpress.com/pxpost.aspx
)

04-21-2020 @ 15:12:25 - Array
(
    [txn request] => <Txn><BillingId>001587423716-187</BillingId><PostUsername>HotShotBroadband</PostUsername><PostPassword>3Qo75sgT386</PostPassword><Amount>69.90</Amount><InputCurrency>NZD</InputCurrency><CardHolderName></CardHolderName><TxnType>Purchase</TxnType><MerchantReference>Scheduled auto payment for order 25108</MerchantReference></Txn>
)

04-21-2020 @ 15:12:25 - Array
(
    [Subscription renewal results] => '<Txn><Transaction success="1" reco="00" responseText="APPROVED" pxTxn="true"><Authorized>1</Authorized><ReCo>00</ReCo><RxDate>20200421031224</RxDate><RxDateLocal>20200421031224</RxDateLocal><LocalTimeZone>UTC</LocalTimeZone><MerchantReference>Scheduled auto payment for order 25108</MerchantReference><CardName>MasterCard</CardName><Retry>0</Retry><StatusRequired>0</StatusRequired><AuthCode>T40367</AuthCode><AmountBalance>0.00</AmountBalance><Amount>69.90</Amount><CurrencyId>554</CurrencyId><InputCurrencyId>554</InputCurrencyId><InputCurrencyName>NZD</InputCurrencyName><CurrencyRate>1.00</CurrencyRate><CurrencyName>NZD</CurrencyName><CardHolderName>REIDUN BERG</CardHolderName><DateSettlement>20200421</DateSettlement><TxnType>Purchase</TxnType><CardNumber>524651........49</CardNumber><TxnMac>0097198A</TxnMac><DateExpiry>0424</DateExpiry><ProductId></ProductId><AcquirerDate>20200421</AcquirerDate><AcquirerTime>031224</AcquirerTime><AcquirerId>7</AcquirerId><Acquirer>ASB</Acquirer><AcquirerReCo>00</AcquirerReCo><AcquirerResponseText>APPROVED</AcquirerResponseText><TestMode>0</TestMode><CardId>1</CardId><CardHolderResponseText>APPROVED</CardHolderResponseText><CardHolderHelpText>The Transaction was approved</CardHolderHelpText><CardHolderResponseDescription>The Transaction was approved</CardHolderResponseDescription><MerchantResponseText>APPROVED</MerchantResponseText><MerchantHelpText>The Transaction was approved</MerchantHelpText><MerchantResponseDescription>The Transaction was approved</MerchantResponseDescription><UrlFail></UrlFail><UrlSuccess></UrlSuccess><EnablePostResponse>0</EnablePostResponse><PxPayName></PxPayName><PxPayLogoSrc></PxPayLogoSrc><PxPayUserId></PxPayUserId><PxPayXsl></PxPayXsl><PxPayBgColor></PxPayBgColor><PxPayOptions></PxPayOptions><Cvc2ResultCode>NotUsed</Cvc2ResultCode><AcquirerPort>809582-80958201</AcquirerPort><AcquirerTxnRef>904422</AcquirerTxnRef><GroupAccount>2</GroupAccount><DpsTxnRef>000000214889fd5f</DpsTxnRef><AllowRetry>0</AllowRetry><DpsBillingId>0000330008513622</DpsBillingId><PhoneNumber></PhoneNumber><HomePhoneNumber></HomePhoneNumber><AccountInfo></AccountInfo><BillingId>001587423716-187</BillingId><TransactionId>4889fd5f</TransactionId><PxHostId>00000021</PxHostId><RmReason></RmReason><RmReasonId>0000000000000000</RmReasonId><RiskScore>-1</RiskScore><RiskScoreText></RiskScoreText></Transaction><RuleName></RuleName><RmReason></RmReason><RmReasonId>0000000000000000</RmReasonId><RiskScore>-1</RiskScore><RiskScoreText></RiskScoreText><ReCo>00</ReCo><ResponseText>APPROVED</ResponseText><HelpText>Transaction Approved</HelpText><Success>1</Success><DpsTxnRef>000000214889fd5f</DpsTxnRef><ICCResult></ICCResult><TxnRef></TxnRef></Txn>'
)

