12-24-2019 @ 09:39:10 - Array
(
    [userID and BillingId] => Array
        (
            [userid] => 51
            [BillingId] => 001569889481-51
        )

)

12-24-2019 @ 09:39:10 - Array
(
    [XML request] => <Txn><BillingId>001569889481-51</BillingId><PostUsername>HotShotBroadband</PostUsername><PostPassword>3Qo75sgT386</PostPassword><Amount>69.90</Amount><InputCurrency>NZD</InputCurrency><CardHolderName></CardHolderName><TxnType>Purchase</TxnType><MerchantReference>Scheduled auto payment for order 12706</MerchantReference></Txn>
)

12-24-2019 @ 09:39:11 - Array
(
    [requestProcess[851]>>>] => Array
        (
            [headers] => Requests_Utility_CaseInsensitiveDictionary Object
                (
                    [data:protected] => Array
                        (
                            [cache-control] => private
                            [content-type] => application/xhtml+xml; charset=utf-8
                            [expires] => Mon, 23 Dec 2019 20:38:10 GMT
                            [server] => 
                            [x-aspnet-version] => 
                            [x-powered-by] => 
                            [date] => Mon, 23 Dec 2019 20:39:10 GMT
                            [content-length] => 2671
                            [strict-transport-security] => max-age=16070400; includeSubDomains
                        )

                )

            [body] => <Txn><Transaction success="1" reco="00" responseText="APPROVED" pxTxn="true"><Authorized>1</Authorized><ReCo>00</ReCo><RxDate>20191223203910</RxDate><RxDateLocal>20191223203910</RxDateLocal><LocalTimeZone>UTC</LocalTimeZone><MerchantReference>Scheduled auto payment for order 12706</MerchantReference><CardName>Visa</CardName><Retry>0</Retry><StatusRequired>0</StatusRequired><AuthCode>087666</AuthCode><AmountBalance>0.00</AmountBalance><Amount>69.90</Amount><CurrencyId>554</CurrencyId><InputCurrencyId>554</InputCurrencyId><InputCurrencyName>NZD</InputCurrencyName><CurrencyRate>1.00</CurrencyRate><CurrencyName>NZD</CurrencyName><CardHolderName>B C CHRISTENSEN</CardHolderName><DateSettlement>20191224</DateSettlement><TxnType>Purchase</TxnType><CardNumber>483561........80</CardNumber><TxnMac>22EF424F</TxnMac><DateExpiry>0323</DateExpiry><ProductId></ProductId><AcquirerDate>20191223</AcquirerDate><AcquirerTime>203910</AcquirerTime><AcquirerId>7</AcquirerId><Acquirer>ASB</Acquirer><AcquirerReCo>00</AcquirerReCo><AcquirerResponseText>APPROVED</AcquirerResponseText><TestMode>0</TestMode><CardId>2</CardId><CardHolderResponseText>APPROVED</CardHolderResponseText><CardHolderHelpText>The Transaction was approved</CardHolderHelpText><CardHolderResponseDescription>The Transaction was approved</CardHolderResponseDescription><MerchantResponseText>APPROVED</MerchantResponseText><MerchantHelpText>The Transaction was approved</MerchantHelpText><MerchantResponseDescription>The Transaction was approved</MerchantResponseDescription><UrlFail></UrlFail><UrlSuccess></UrlSuccess><EnablePostResponse>0</EnablePostResponse><PxPayName></PxPayName><PxPayLogoSrc></PxPayLogoSrc><PxPayUserId></PxPayUserId><PxPayXsl></PxPayXsl><PxPayBgColor></PxPayBgColor><PxPayOptions></PxPayOptions><Cvc2ResultCode>NotUsed</Cvc2ResultCode><AcquirerPort>809582-80958201</AcquirerPort><AcquirerTxnRef>946491</AcquirerTxnRef><GroupAccount>2</GroupAccount><DpsTxnRef>0000000b5a895de7</DpsTxnRef><AllowRetry>0</AllowRetry><DpsBillingId>0000110326917305</DpsBillingId><PhoneNumber></PhoneNumber><AccountInfo></AccountInfo><BillingId>001569889481-51</BillingId><TransactionId>5a895de7</TransactionId><PxHostId>0000000b</PxHostId><RmReason></RmReason><RmReasonId>0000000000000000</RmReasonId><RiskScore>-1</RiskScore><RiskScoreText></RiskScoreText></Transaction><RuleName></RuleName><RmReason></RmReason><RmReasonId>0000000000000000</RmReasonId><RiskScore>-1</RiskScore><RiskScoreText></RiskScoreText><ReCo>00</ReCo><ResponseText>APPROVED</ResponseText><HelpText>Transaction Approved</HelpText><Success>1</Success><DpsTxnRef>0000000b5a895de7</DpsTxnRef><ICCResult></ICCResult><TxnRef></TxnRef></Txn>
            [response] => Array
                (
                    [code] => 200
                    [message] => OK
                )

            [cookies] => Array
                (
                )

            [filename] => 
            [http_response] => WP_HTTP_Requests_Response Object
                (
                    [response:protected] => Requests_Response Object
                        (
                            [body] => <Txn><Transaction success="1" reco="00" responseText="APPROVED" pxTxn="true"><Authorized>1</Authorized><ReCo>00</ReCo><RxDate>20191223203910</RxDate><RxDateLocal>20191223203910</RxDateLocal><LocalTimeZone>UTC</LocalTimeZone><MerchantReference>Scheduled auto payment for order 12706</MerchantReference><CardName>Visa</CardName><Retry>0</Retry><StatusRequired>0</StatusRequired><AuthCode>087666</AuthCode><AmountBalance>0.00</AmountBalance><Amount>69.90</Amount><CurrencyId>554</CurrencyId><InputCurrencyId>554</InputCurrencyId><InputCurrencyName>NZD</InputCurrencyName><CurrencyRate>1.00</CurrencyRate><CurrencyName>NZD</CurrencyName><CardHolderName>B C CHRISTENSEN</CardHolderName><DateSettlement>20191224</DateSettlement><TxnType>Purchase</TxnType><CardNumber>483561........80</CardNumber><TxnMac>22EF424F</TxnMac><DateExpiry>0323</DateExpiry><ProductId></ProductId><AcquirerDate>20191223</AcquirerDate><AcquirerTime>203910</AcquirerTime><AcquirerId>7</AcquirerId><Acquirer>ASB</Acquirer><AcquirerReCo>00</AcquirerReCo><AcquirerResponseText>APPROVED</AcquirerResponseText><TestMode>0</TestMode><CardId>2</CardId><CardHolderResponseText>APPROVED</CardHolderResponseText><CardHolderHelpText>The Transaction was approved</CardHolderHelpText><CardHolderResponseDescription>The Transaction was approved</CardHolderResponseDescription><MerchantResponseText>APPROVED</MerchantResponseText><MerchantHelpText>The Transaction was approved</MerchantHelpText><MerchantResponseDescription>The Transaction was approved</MerchantResponseDescription><UrlFail></UrlFail><UrlSuccess></UrlSuccess><EnablePostResponse>0</EnablePostResponse><PxPayName></PxPayName><PxPayLogoSrc></PxPayLogoSrc><PxPayUserId></PxPayUserId><PxPayXsl></PxPayXsl><PxPayBgColor></PxPayBgColor><PxPayOptions></PxPayOptions><Cvc2ResultCode>NotUsed</Cvc2ResultCode><AcquirerPort>809582-80958201</AcquirerPort><AcquirerTxnRef>946491</AcquirerTxnRef><GroupAccount>2</GroupAccount><DpsTxnRef>0000000b5a895de7</DpsTxnRef><AllowRetry>0</AllowRetry><DpsBillingId>0000110326917305</DpsBillingId><PhoneNumber></PhoneNumber><AccountInfo></AccountInfo><BillingId>001569889481-51</BillingId><TransactionId>5a895de7</TransactionId><PxHostId>0000000b</PxHostId><RmReason></RmReason><RmReasonId>0000000000000000</RmReasonId><RiskScore>-1</RiskScore><RiskScoreText></RiskScoreText></Transaction><RuleName></RuleName><RmReason></RmReason><RmReasonId>0000000000000000</RmReasonId><RiskScore>-1</RiskScore><RiskScoreText></RiskScoreText><ReCo>00</ReCo><ResponseText>APPROVED</ResponseText><HelpText>Transaction Approved</HelpText><Success>1</Success><DpsTxnRef>0000000b5a895de7</DpsTxnRef><ICCResult></ICCResult><TxnRef></TxnRef></Txn>
                            [raw] => HTTP/1.1 200 OK
Cache-Control: private
Content-Type: application/xhtml+xml; charset=utf-8
Expires: Mon, 23 Dec 2019 20:38:10 GMT
Server: 
X-ASPNET-VERSION: 
X-POWERED-BY: 
Date: Mon, 23 Dec 2019 20:39:10 GMT
Connection: close
Content-Length: 2671
Strict-Transport-Security: max-age=16070400; includeSubDomains

<Txn><Transaction success="1" reco="00" responseText="APPROVED" pxTxn="true"><Authorized>1</Authorized><ReCo>00</ReCo><RxDate>20191223203910</RxDate><RxDateLocal>20191223203910</RxDateLocal><LocalTimeZone>UTC</LocalTimeZone><MerchantReference>Scheduled auto payment for order 12706</MerchantReference><CardName>Visa</CardName><Retry>0</Retry><StatusRequired>0</StatusRequired><AuthCode>087666</AuthCode><AmountBalance>0.00</AmountBalance><Amount>69.90</Amount><CurrencyId>554</CurrencyId><InputCurrencyId>554</InputCurrencyId><InputCurrencyName>NZD</InputCurrencyName><CurrencyRate>1.00</CurrencyRate><CurrencyName>NZD</CurrencyName><CardHolderName>B C CHRISTENSEN</CardHolderName><DateSettlement>20191224</DateSettlement><TxnType>Purchase</TxnType><CardNumber>483561........80</CardNumber><TxnMac>22EF424F</TxnMac><DateExpiry>0323</DateExpiry><ProductId></ProductId><AcquirerDate>20191223</AcquirerDate><AcquirerTime>203910</AcquirerTime><AcquirerId>7</AcquirerId><Acquirer>ASB</Acquirer><AcquirerReCo>00</AcquirerReCo><AcquirerResponseText>APPROVED</AcquirerResponseText><TestMode>0</TestMode><CardId>2</CardId><CardHolderResponseText>APPROVED</CardHolderResponseText><CardHolderHelpText>The Transaction was approved</CardHolderHelpText><CardHolderResponseDescription>The Transaction was approved</CardHolderResponseDescription><MerchantResponseText>APPROVED</MerchantResponseText><MerchantHelpText>The Transaction was approved</MerchantHelpText><MerchantResponseDescription>The Transaction was approved</MerchantResponseDescription><UrlFail></UrlFail><UrlSuccess></UrlSuccess><EnablePostResponse>0</EnablePostResponse><PxPayName></PxPayName><PxPayLogoSrc></PxPayLogoSrc><PxPayUserId></PxPayUserId><PxPayXsl></PxPayXsl><PxPayBgColor></PxPayBgColor><PxPayOptions></PxPayOptions><Cvc2ResultCode>NotUsed</Cvc2ResultCode><AcquirerPort>809582-80958201</AcquirerPort><AcquirerTxnRef>946491</AcquirerTxnRef><GroupAccount>2</GroupAccount><DpsTxnRef>0000000b5a895de7</DpsTxnRef><AllowRetry>0</AllowRetry><DpsBillingId>0000110326917305</DpsBillingId><PhoneNumber></PhoneNumber><AccountInfo></AccountInfo><BillingId>001569889481-51</BillingId><TransactionId>5a895de7</TransactionId><PxHostId>0000000b</PxHostId><RmReason></RmReason><RmReasonId>0000000000000000</RmReasonId><RiskScore>-1</RiskScore><RiskScoreText></RiskScoreText></Transaction><RuleName></RuleName><RmReason></RmReason><RmReasonId>0000000000000000</RmReasonId><RiskScore>-1</RiskScore><RiskScoreText></RiskScoreText><ReCo>00</ReCo><ResponseText>APPROVED</ResponseText><HelpText>Transaction Approved</HelpText><Success>1</Success><DpsTxnRef>0000000b5a895de7</DpsTxnRef><ICCResult></ICCResult><TxnRef></TxnRef></Txn>
                            [headers] => Requests_Response_Headers Object
                                (
                                    [data:protected] => Array
                                        (
                                            [cache-control] => Array
                                                (
                                                    [0] => private
                                                )

                                            [content-type] => Array
                                                (
                                                    [0] => application/xhtml+xml; charset=utf-8
                                                )

                                            [expires] => Array
                                                (
                                                    [0] => Mon, 23 Dec 2019 20:38:10 GMT
                                                )

                                            [server] => Array
                                                (
                                                    [0] => 
                                                )

                                            [x-aspnet-version] => Array
                                                (
                                                    [0] => 
                                                )

                                            [x-powered-by] => Array
                                                (
                                                    [0] => 
                                                )

                                            [date] => Array
                                                (
                                                    [0] => Mon, 23 Dec 2019 20:39:10 GMT
                                                )

                                            [content-length] => Array
                                                (
                                                    [0] => 2671
                                                )

                                            [strict-transport-security] => Array
                                                (
                                                    [0] => max-age=16070400; includeSubDomains
                                                )

                                        )

                                )

                            [status_code] => 200
                            [protocol_version] => 1.1
                            [success] => 1
                            [redirects] => 0
                            [url] => https://sec.paymentexpress.com/pxpost.aspx
                            [history] => Array
                                (
                                )

                            [cookies] => Requests_Cookie_Jar Object
                                (
                                    [cookies:protected] => Array
                                        (
                                        )

                                )

                        )

                    [filename:protected] => 
                    [data] => 
                    [headers] => 
                    [status] => 
                )

        )

)

12-24-2019 @ 09:39:11 - Array
(
    [pxpost server url] => https://sec.paymentexpress.com/pxpost.aspx
)

12-24-2019 @ 09:39:11 - Array
(
    [txn request] => <Txn><BillingId>001569889481-51</BillingId><PostUsername>HotShotBroadband</PostUsername><PostPassword>3Qo75sgT386</PostPassword><Amount>69.90</Amount><InputCurrency>NZD</InputCurrency><CardHolderName></CardHolderName><TxnType>Purchase</TxnType><MerchantReference>Scheduled auto payment for order 12706</MerchantReference></Txn>
)

12-24-2019 @ 09:39:11 - Array
(
    [Subscription renewal results] => '<Txn><Transaction success="1" reco="00" responseText="APPROVED" pxTxn="true"><Authorized>1</Authorized><ReCo>00</ReCo><RxDate>20191223203910</RxDate><RxDateLocal>20191223203910</RxDateLocal><LocalTimeZone>UTC</LocalTimeZone><MerchantReference>Scheduled auto payment for order 12706</MerchantReference><CardName>Visa</CardName><Retry>0</Retry><StatusRequired>0</StatusRequired><AuthCode>087666</AuthCode><AmountBalance>0.00</AmountBalance><Amount>69.90</Amount><CurrencyId>554</CurrencyId><InputCurrencyId>554</InputCurrencyId><InputCurrencyName>NZD</InputCurrencyName><CurrencyRate>1.00</CurrencyRate><CurrencyName>NZD</CurrencyName><CardHolderName>B C CHRISTENSEN</CardHolderName><DateSettlement>20191224</DateSettlement><TxnType>Purchase</TxnType><CardNumber>483561........80</CardNumber><TxnMac>22EF424F</TxnMac><DateExpiry>0323</DateExpiry><ProductId></ProductId><AcquirerDate>20191223</AcquirerDate><AcquirerTime>203910</AcquirerTime><AcquirerId>7</AcquirerId><Acquirer>ASB</Acquirer><AcquirerReCo>00</AcquirerReCo><AcquirerResponseText>APPROVED</AcquirerResponseText><TestMode>0</TestMode><CardId>2</CardId><CardHolderResponseText>APPROVED</CardHolderResponseText><CardHolderHelpText>The Transaction was approved</CardHolderHelpText><CardHolderResponseDescription>The Transaction was approved</CardHolderResponseDescription><MerchantResponseText>APPROVED</MerchantResponseText><MerchantHelpText>The Transaction was approved</MerchantHelpText><MerchantResponseDescription>The Transaction was approved</MerchantResponseDescription><UrlFail></UrlFail><UrlSuccess></UrlSuccess><EnablePostResponse>0</EnablePostResponse><PxPayName></PxPayName><PxPayLogoSrc></PxPayLogoSrc><PxPayUserId></PxPayUserId><PxPayXsl></PxPayXsl><PxPayBgColor></PxPayBgColor><PxPayOptions></PxPayOptions><Cvc2ResultCode>NotUsed</Cvc2ResultCode><AcquirerPort>809582-80958201</AcquirerPort><AcquirerTxnRef>946491</AcquirerTxnRef><GroupAccount>2</GroupAccount><DpsTxnRef>0000000b5a895de7</DpsTxnRef><AllowRetry>0</AllowRetry><DpsBillingId>0000110326917305</DpsBillingId><PhoneNumber></PhoneNumber><AccountInfo></AccountInfo><BillingId>001569889481-51</BillingId><TransactionId>5a895de7</TransactionId><PxHostId>0000000b</PxHostId><RmReason></RmReason><RmReasonId>0000000000000000</RmReasonId><RiskScore>-1</RiskScore><RiskScoreText></RiskScoreText></Transaction><RuleName></RuleName><RmReason></RmReason><RmReasonId>0000000000000000</RmReasonId><RiskScore>-1</RiskScore><RiskScoreText></RiskScoreText><ReCo>00</ReCo><ResponseText>APPROVED</ResponseText><HelpText>Transaction Approved</HelpText><Success>1</Success><DpsTxnRef>0000000b5a895de7</DpsTxnRef><ICCResult></ICCResult><TxnRef></TxnRef></Txn>'
)

12-24-2019 @ 12:17:11 - Array
(
    [userID and BillingId] => Array
        (
            [userid] => 67
            [BillingId] => 001571176787-67
        )

)

12-24-2019 @ 12:17:11 - Array
(
    [XML request] => <Txn><BillingId>001571176787-67</BillingId><PostUsername>HotShotBroadband</PostUsername><PostPassword>3Qo75sgT386</PostPassword><Amount>69.90</Amount><InputCurrency>NZD</InputCurrency><CardHolderName></CardHolderName><TxnType>Purchase</TxnType><MerchantReference>Scheduled auto payment for order 11439</MerchantReference></Txn>
)

12-24-2019 @ 12:17:12 - Array
(
    [requestProcess[851]>>>] => Array
        (
            [headers] => Requests_Utility_CaseInsensitiveDictionary Object
                (
                    [data:protected] => Array
                        (
                            [cache-control] => private
                            [content-type] => application/xhtml+xml; charset=utf-8
                            [expires] => Mon, 23 Dec 2019 23:16:11 GMT
                            [server] => 
                            [x-aspnet-version] => 
                            [x-powered-by] => 
                            [date] => Mon, 23 Dec 2019 23:17:12 GMT
                            [content-length] => 2722
                            [strict-transport-security] => max-age=16070400; includeSubDomains
                        )

                )

            [body] => <Txn><Transaction success="0" reco="05" responseText="DO NOT HONOUR" pxTxn="true"><Authorized>0</Authorized><ReCo>05</ReCo><RxDate>20191223231711</RxDate><RxDateLocal>20191223231711</RxDateLocal><LocalTimeZone>UTC</LocalTimeZone><MerchantReference>Scheduled auto payment for order 11439</MerchantReference><CardName>MasterCard</CardName><Retry>0</Retry><StatusRequired>0</StatusRequired><AuthCode></AuthCode><AmountBalance>0.00</AmountBalance><Amount>69.90</Amount><CurrencyId>554</CurrencyId><InputCurrencyId>554</InputCurrencyId><InputCurrencyName>NZD</InputCurrencyName><CurrencyRate>1.00</CurrencyRate><CurrencyName>NZD</CurrencyName><CardHolderName>MRS H R ROCHE</CardHolderName><DateSettlement>20191224</DateSettlement><TxnType>Purchase</TxnType><CardNumber>524651........27</CardNumber><TxnMac>C61C7165</TxnMac><DateExpiry>1023</DateExpiry><ProductId></ProductId><AcquirerDate>20191223</AcquirerDate><AcquirerTime>231711</AcquirerTime><AcquirerId>7</AcquirerId><Acquirer>ASB</Acquirer><AcquirerReCo>05</AcquirerReCo><AcquirerResponseText>DO NOT HONOUR</AcquirerResponseText><TestMode>0</TestMode><CardId>1</CardId><CardHolderResponseText>DECLINED (05)</CardHolderResponseText><CardHolderHelpText>The transaction was not approved</CardHolderHelpText><CardHolderResponseDescription>The transaction was not approved</CardHolderResponseDescription><MerchantResponseText>DO NOT HONOUR</MerchantResponseText><MerchantHelpText>The transaction was not approved</MerchantHelpText><MerchantResponseDescription>The transaction was not approved</MerchantResponseDescription><UrlFail></UrlFail><UrlSuccess></UrlSuccess><EnablePostResponse>0</EnablePostResponse><PxPayName></PxPayName><PxPayLogoSrc></PxPayLogoSrc><PxPayUserId></PxPayUserId><PxPayXsl></PxPayXsl><PxPayBgColor></PxPayBgColor><PxPayOptions></PxPayOptions><Cvc2ResultCode>NotUsed</Cvc2ResultCode><AcquirerPort>809582-80958201</AcquirerPort><AcquirerTxnRef>951350</AcquirerTxnRef><GroupAccount>2</GroupAccount><DpsTxnRef>0000000b5a958de5</DpsTxnRef><AllowRetry>0</AllowRetry><DpsBillingId>0000110340341112</DpsBillingId><PhoneNumber></PhoneNumber><AccountInfo></AccountInfo><BillingId>001571176787-67</BillingId><TransactionId>5a958de5</TransactionId><PxHostId>0000000b</PxHostId><RmReason></RmReason><RmReasonId>0000000000000000</RmReasonId><RiskScore>-1</RiskScore><RiskScoreText></RiskScoreText></Transaction><RuleName></RuleName><RmReason></RmReason><RmReasonId>0000000000000000</RmReasonId><RiskScore>-1</RiskScore><RiskScoreText></RiskScoreText><ReCo>05</ReCo><ResponseText>DO NOT HONOUR</ResponseText><HelpText>The transaction was not approved</HelpText><Success>0</Success><DpsTxnRef>0000000b5a958de5</DpsTxnRef><ICCResult></ICCResult><TxnRef></TxnRef></Txn>
            [response] => Array
                (
                    [code] => 200
                    [message] => OK
                )

            [cookies] => Array
                (
                )

            [filename] => 
            [http_response] => WP_HTTP_Requests_Response Object
                (
                    [response:protected] => Requests_Response Object
                        (
                            [body] => <Txn><Transaction success="0" reco="05" responseText="DO NOT HONOUR" pxTxn="true"><Authorized>0</Authorized><ReCo>05</ReCo><RxDate>20191223231711</RxDate><RxDateLocal>20191223231711</RxDateLocal><LocalTimeZone>UTC</LocalTimeZone><MerchantReference>Scheduled auto payment for order 11439</MerchantReference><CardName>MasterCard</CardName><Retry>0</Retry><StatusRequired>0</StatusRequired><AuthCode></AuthCode><AmountBalance>0.00</AmountBalance><Amount>69.90</Amount><CurrencyId>554</CurrencyId><InputCurrencyId>554</InputCurrencyId><InputCurrencyName>NZD</InputCurrencyName><CurrencyRate>1.00</CurrencyRate><CurrencyName>NZD</CurrencyName><CardHolderName>MRS H R ROCHE</CardHolderName><DateSettlement>20191224</DateSettlement><TxnType>Purchase</TxnType><CardNumber>524651........27</CardNumber><TxnMac>C61C7165</TxnMac><DateExpiry>1023</DateExpiry><ProductId></ProductId><AcquirerDate>20191223</AcquirerDate><AcquirerTime>231711</AcquirerTime><AcquirerId>7</AcquirerId><Acquirer>ASB</Acquirer><AcquirerReCo>05</AcquirerReCo><AcquirerResponseText>DO NOT HONOUR</AcquirerResponseText><TestMode>0</TestMode><CardId>1</CardId><CardHolderResponseText>DECLINED (05)</CardHolderResponseText><CardHolderHelpText>The transaction was not approved</CardHolderHelpText><CardHolderResponseDescription>The transaction was not approved</CardHolderResponseDescription><MerchantResponseText>DO NOT HONOUR</MerchantResponseText><MerchantHelpText>The transaction was not approved</MerchantHelpText><MerchantResponseDescription>The transaction was not approved</MerchantResponseDescription><UrlFail></UrlFail><UrlSuccess></UrlSuccess><EnablePostResponse>0</EnablePostResponse><PxPayName></PxPayName><PxPayLogoSrc></PxPayLogoSrc><PxPayUserId></PxPayUserId><PxPayXsl></PxPayXsl><PxPayBgColor></PxPayBgColor><PxPayOptions></PxPayOptions><Cvc2ResultCode>NotUsed</Cvc2ResultCode><AcquirerPort>809582-80958201</AcquirerPort><AcquirerTxnRef>951350</AcquirerTxnRef><GroupAccount>2</GroupAccount><DpsTxnRef>0000000b5a958de5</DpsTxnRef><AllowRetry>0</AllowRetry><DpsBillingId>0000110340341112</DpsBillingId><PhoneNumber></PhoneNumber><AccountInfo></AccountInfo><BillingId>001571176787-67</BillingId><TransactionId>5a958de5</TransactionId><PxHostId>0000000b</PxHostId><RmReason></RmReason><RmReasonId>0000000000000000</RmReasonId><RiskScore>-1</RiskScore><RiskScoreText></RiskScoreText></Transaction><RuleName></RuleName><RmReason></RmReason><RmReasonId>0000000000000000</RmReasonId><RiskScore>-1</RiskScore><RiskScoreText></RiskScoreText><ReCo>05</ReCo><ResponseText>DO NOT HONOUR</ResponseText><HelpText>The transaction was not approved</HelpText><Success>0</Success><DpsTxnRef>0000000b5a958de5</DpsTxnRef><ICCResult></ICCResult><TxnRef></TxnRef></Txn>
                            [raw] => HTTP/1.1 200 OK
Cache-Control: private
Content-Type: application/xhtml+xml; charset=utf-8
Expires: Mon, 23 Dec 2019 23:16:11 GMT
Server: 
X-ASPNET-VERSION: 
X-POWERED-BY: 
Date: Mon, 23 Dec 2019 23:17:12 GMT
Connection: close
Content-Length: 2722
Strict-Transport-Security: max-age=16070400; includeSubDomains

<Txn><Transaction success="0" reco="05" responseText="DO NOT HONOUR" pxTxn="true"><Authorized>0</Authorized><ReCo>05</ReCo><RxDate>20191223231711</RxDate><RxDateLocal>20191223231711</RxDateLocal><LocalTimeZone>UTC</LocalTimeZone><MerchantReference>Scheduled auto payment for order 11439</MerchantReference><CardName>MasterCard</CardName><Retry>0</Retry><StatusRequired>0</StatusRequired><AuthCode></AuthCode><AmountBalance>0.00</AmountBalance><Amount>69.90</Amount><CurrencyId>554</CurrencyId><InputCurrencyId>554</InputCurrencyId><InputCurrencyName>NZD</InputCurrencyName><CurrencyRate>1.00</CurrencyRate><CurrencyName>NZD</CurrencyName><CardHolderName>MRS H R ROCHE</CardHolderName><DateSettlement>20191224</DateSettlement><TxnType>Purchase</TxnType><CardNumber>524651........27</CardNumber><TxnMac>C61C7165</TxnMac><DateExpiry>1023</DateExpiry><ProductId></ProductId><AcquirerDate>20191223</AcquirerDate><AcquirerTime>231711</AcquirerTime><AcquirerId>7</AcquirerId><Acquirer>ASB</Acquirer><AcquirerReCo>05</AcquirerReCo><AcquirerResponseText>DO NOT HONOUR</AcquirerResponseText><TestMode>0</TestMode><CardId>1</CardId><CardHolderResponseText>DECLINED (05)</CardHolderResponseText><CardHolderHelpText>The transaction was not approved</CardHolderHelpText><CardHolderResponseDescription>The transaction was not approved</CardHolderResponseDescription><MerchantResponseText>DO NOT HONOUR</MerchantResponseText><MerchantHelpText>The transaction was not approved</MerchantHelpText><MerchantResponseDescription>The transaction was not approved</MerchantResponseDescription><UrlFail></UrlFail><UrlSuccess></UrlSuccess><EnablePostResponse>0</EnablePostResponse><PxPayName></PxPayName><PxPayLogoSrc></PxPayLogoSrc><PxPayUserId></PxPayUserId><PxPayXsl></PxPayXsl><PxPayBgColor></PxPayBgColor><PxPayOptions></PxPayOptions><Cvc2ResultCode>NotUsed</Cvc2ResultCode><AcquirerPort>809582-80958201</AcquirerPort><AcquirerTxnRef>951350</AcquirerTxnRef><GroupAccount>2</GroupAccount><DpsTxnRef>0000000b5a958de5</DpsTxnRef><AllowRetry>0</AllowRetry><DpsBillingId>0000110340341112</DpsBillingId><PhoneNumber></PhoneNumber><AccountInfo></AccountInfo><BillingId>001571176787-67</BillingId><TransactionId>5a958de5</TransactionId><PxHostId>0000000b</PxHostId><RmReason></RmReason><RmReasonId>0000000000000000</RmReasonId><RiskScore>-1</RiskScore><RiskScoreText></RiskScoreText></Transaction><RuleName></RuleName><RmReason></RmReason><RmReasonId>0000000000000000</RmReasonId><RiskScore>-1</RiskScore><RiskScoreText></RiskScoreText><ReCo>05</ReCo><ResponseText>DO NOT HONOUR</ResponseText><HelpText>The transaction was not approved</HelpText><Success>0</Success><DpsTxnRef>0000000b5a958de5</DpsTxnRef><ICCResult></ICCResult><TxnRef></TxnRef></Txn>
                            [headers] => Requests_Response_Headers Object
                                (
                                    [data:protected] => Array
                                        (
                                            [cache-control] => Array
                                                (
                                                    [0] => private
                                                )

                                            [content-type] => Array
                                                (
                                                    [0] => application/xhtml+xml; charset=utf-8
                                                )

                                            [expires] => Array
                                                (
                                                    [0] => Mon, 23 Dec 2019 23:16:11 GMT
                                                )

                                            [server] => Array
                                                (
                                                    [0] => 
                                                )

                                            [x-aspnet-version] => Array
                                                (
                                                    [0] => 
                                                )

                                            [x-powered-by] => Array
                                                (
                                                    [0] => 
                                                )

                                            [date] => Array
                                                (
                                                    [0] => Mon, 23 Dec 2019 23:17:12 GMT
                                                )

                                            [content-length] => Array
                                                (
                                                    [0] => 2722
                                                )

                                            [strict-transport-security] => Array
                                                (
                                                    [0] => max-age=16070400; includeSubDomains
                                                )

                                        )

                                )

                            [status_code] => 200
                            [protocol_version] => 1.1
                            [success] => 1
                            [redirects] => 0
                            [url] => https://sec.paymentexpress.com/pxpost.aspx
                            [history] => Array
                                (
                                )

                            [cookies] => Requests_Cookie_Jar Object
                                (
                                    [cookies:protected] => Array
                                        (
                                        )

                                )

                        )

                    [filename:protected] => 
                    [data] => 
                    [headers] => 
                    [status] => 
                )

        )

)

12-24-2019 @ 12:17:12 - Array
(
    [pxpost server url] => https://sec.paymentexpress.com/pxpost.aspx
)

12-24-2019 @ 12:17:12 - Array
(
    [txn request] => <Txn><BillingId>001571176787-67</BillingId><PostUsername>HotShotBroadband</PostUsername><PostPassword>3Qo75sgT386</PostPassword><Amount>69.90</Amount><InputCurrency>NZD</InputCurrency><CardHolderName></CardHolderName><TxnType>Purchase</TxnType><MerchantReference>Scheduled auto payment for order 11439</MerchantReference></Txn>
)

12-24-2019 @ 12:17:12 - Array
(
    [Subscription renewal results] => '<Txn><Transaction success="0" reco="05" responseText="DO NOT HONOUR" pxTxn="true"><Authorized>0</Authorized><ReCo>05</ReCo><RxDate>20191223231711</RxDate><RxDateLocal>20191223231711</RxDateLocal><LocalTimeZone>UTC</LocalTimeZone><MerchantReference>Scheduled auto payment for order 11439</MerchantReference><CardName>MasterCard</CardName><Retry>0</Retry><StatusRequired>0</StatusRequired><AuthCode></AuthCode><AmountBalance>0.00</AmountBalance><Amount>69.90</Amount><CurrencyId>554</CurrencyId><InputCurrencyId>554</InputCurrencyId><InputCurrencyName>NZD</InputCurrencyName><CurrencyRate>1.00</CurrencyRate><CurrencyName>NZD</CurrencyName><CardHolderName>MRS H R ROCHE</CardHolderName><DateSettlement>20191224</DateSettlement><TxnType>Purchase</TxnType><CardNumber>524651........27</CardNumber><TxnMac>C61C7165</TxnMac><DateExpiry>1023</DateExpiry><ProductId></ProductId><AcquirerDate>20191223</AcquirerDate><AcquirerTime>231711</AcquirerTime><AcquirerId>7</AcquirerId><Acquirer>ASB</Acquirer><AcquirerReCo>05</AcquirerReCo><AcquirerResponseText>DO NOT HONOUR</AcquirerResponseText><TestMode>0</TestMode><CardId>1</CardId><CardHolderResponseText>DECLINED (05)</CardHolderResponseText><CardHolderHelpText>The transaction was not approved</CardHolderHelpText><CardHolderResponseDescription>The transaction was not approved</CardHolderResponseDescription><MerchantResponseText>DO NOT HONOUR</MerchantResponseText><MerchantHelpText>The transaction was not approved</MerchantHelpText><MerchantResponseDescription>The transaction was not approved</MerchantResponseDescription><UrlFail></UrlFail><UrlSuccess></UrlSuccess><EnablePostResponse>0</EnablePostResponse><PxPayName></PxPayName><PxPayLogoSrc></PxPayLogoSrc><PxPayUserId></PxPayUserId><PxPayXsl></PxPayXsl><PxPayBgColor></PxPayBgColor><PxPayOptions></PxPayOptions><Cvc2ResultCode>NotUsed</Cvc2ResultCode><AcquirerPort>809582-80958201</AcquirerPort><AcquirerTxnRef>951350</AcquirerTxnRef><GroupAccount>2</GroupAccount><DpsTxnRef>0000000b5a958de5</DpsTxnRef><AllowRetry>0</AllowRetry><DpsBillingId>0000110340341112</DpsBillingId><PhoneNumber></PhoneNumber><AccountInfo></AccountInfo><BillingId>001571176787-67</BillingId><TransactionId>5a958de5</TransactionId><PxHostId>0000000b</PxHostId><RmReason></RmReason><RmReasonId>0000000000000000</RmReasonId><RiskScore>-1</RiskScore><RiskScoreText></RiskScoreText></Transaction><RuleName></RuleName><RmReason></RmReason><RmReasonId>0000000000000000</RmReasonId><RiskScore>-1</RiskScore><RiskScoreText></RiskScoreText><ReCo>05</ReCo><ResponseText>DO NOT HONOUR</ResponseText><HelpText>The transaction was not approved</HelpText><Success>0</Success><DpsTxnRef>0000000b5a958de5</DpsTxnRef><ICCResult></ICCResult><TxnRef></TxnRef></Txn>'
)

