07-18-2019 @ 10:55:35 - 2.5.7 upgrade complete from Subscriptions v2.5.6 while WooCommerce WC_VERSION 3.6.4 and database version 3.6.4 was active.
07-18-2019 @ 10:55:35 - Environment info:
07-18-2019 @ 10:55:35 -     WordPress Version : 5.2.1
07-18-2019 @ 10:55:35 - Active Plugins:
07-18-2019 @ 10:55:35 -     AJAX Login and Registration modal popup DEV + inline form by Maxim K – 2.03
07-18-2019 @ 10:55:35 -     Contact Form 7 Conditional Fields by Jules Colle – 1.6.4
07-18-2019 @ 10:55:35 -     Contact Form 7 Datepicker by Aurel Canciu – 2.6.0
07-18-2019 @ 10:55:35 -     Contact Form 7 by Takayuki Miyoshi – 5.1.3
07-18-2019 @ 10:55:35 -     Essential Grid by ThemePunch – 2.3.2
07-18-2019 @ 10:55:35 -     WPBakery Page Builder by Michael M - WPBakery.com – 5.7
07-18-2019 @ 10:55:35 -     Post SMTP by Yehuda Hassine – 2.0.2
07-18-2019 @ 10:55:35 -     Really Simple SSL by Rogier Lankhorst, Mark Wolters – 3.2.3
07-18-2019 @ 10:55:35 -     Slider Revolution by ThemePunch – 5.4.8.3
07-18-2019 @ 10:55:35 -     Tidio Chat by Tidio Ltd. – 3.4.0
07-18-2019 @ 10:55:35 -     ThemeREX Addons by ThemeREX – 1.6.38.2
07-18-2019 @ 10:55:35 -     Visual Composer Extensions All In One by Sike – 3.4.9.3
07-18-2019 @ 10:55:35 -     WooCommerce Admin by WooCommerce – 0.12.0
07-18-2019 @ 10:55:35 -     WooCommerce Customer Relationship Manager |  VestaThemes.com by Actuality Extensions – 3.5.18
07-18-2019 @ 10:55:35 -     WooCommerce Payment Express PX Fusion Gateway by OPMC – 2.1.7
07-18-2019 @ 10:55:35 -     WooCommerce PDF Invoices by Andrew Benbow – 4.3.3
07-18-2019 @ 10:55:35 -     WooCommerce Subscriptions by Automattic – 2.5.7
07-18-2019 @ 10:55:35 -     WooCommerce by Automattic – 3.6.4
